[2024-11-15T05:37:38.989+0000] {processor.py:186} INFO - Started process (PID=78) to work on /opt/airflow/dags/nh_keyword_news_crawling.py
[2024-11-15T05:37:39.004+0000] {processor.py:914} INFO - Processing file /opt/airflow/dags/nh_keyword_news_crawling.py for tasks to queue
[2024-11-15T05:37:39.036+0000] {logging_mixin.py:190} INFO - [2024-11-15T05:37:39.031+0000] {dagbag.py:588} INFO - Filling up the DagBag from /opt/airflow/dags/nh_keyword_news_crawling.py
[2024-11-15T05:37:41.180+0000] {processor.py:925} INFO - DAG(s) 'keyword_news' retrieved from /opt/airflow/dags/nh_keyword_news_crawling.py
[2024-11-15T05:37:43.622+0000] {logging_mixin.py:190} INFO - [2024-11-15T05:37:43.608+0000] {override.py:1911} INFO - Created Permission View: can read on DAG:keyword_news
[2024-11-15T05:37:43.658+0000] {logging_mixin.py:190} INFO - [2024-11-15T05:37:43.657+0000] {override.py:1911} INFO - Created Permission View: can delete on DAG:keyword_news
[2024-11-15T05:37:43.694+0000] {logging_mixin.py:190} INFO - [2024-11-15T05:37:43.693+0000] {override.py:1911} INFO - Created Permission View: can edit on DAG:keyword_news
[2024-11-15T05:37:43.733+0000] {logging_mixin.py:190} INFO - [2024-11-15T05:37:43.732+0000] {override.py:1911} INFO - Created Permission View: can read on DAG Run:keyword_news
[2024-11-15T05:37:43.770+0000] {logging_mixin.py:190} INFO - [2024-11-15T05:37:43.756+0000] {override.py:1911} INFO - Created Permission View: can delete on DAG Run:keyword_news
[2024-11-15T05:37:43.817+0000] {logging_mixin.py:190} INFO - [2024-11-15T05:37:43.816+0000] {override.py:1911} INFO - Created Permission View: can create on DAG Run:keyword_news
[2024-11-15T05:37:43.866+0000] {logging_mixin.py:190} INFO - [2024-11-15T05:37:43.855+0000] {override.py:1911} INFO - Created Permission View: menu access on DAG Run:keyword_news
[2024-11-15T05:37:43.870+0000] {logging_mixin.py:190} INFO - [2024-11-15T05:37:43.868+0000] {dag.py:3239} INFO - Sync 1 DAGs
[2024-11-15T05:37:44.041+0000] {logging_mixin.py:190} INFO - [2024-11-15T05:37:44.040+0000] {dag.py:3262} INFO - Creating ORM DAG for keyword_news
[2024-11-15T05:37:44.160+0000] {logging_mixin.py:190} INFO - [2024-11-15T05:37:44.160+0000] {dag.py:4180} INFO - Setting next_dagrun for keyword_news to 2024-11-15 06:00:00+00:00, run_after=2024-11-16 06:00:00+00:00
[2024-11-15T05:37:44.534+0000] {processor.py:208} INFO - Processing /opt/airflow/dags/nh_keyword_news_crawling.py took 5.615 seconds
[2024-11-15T05:39:16.665+0000] {processor.py:186} INFO - Started process (PID=166) to work on /opt/airflow/dags/nh_keyword_news_crawling.py
[2024-11-15T05:39:16.672+0000] {processor.py:914} INFO - Processing file /opt/airflow/dags/nh_keyword_news_crawling.py for tasks to queue
[2024-11-15T05:39:16.688+0000] {logging_mixin.py:190} INFO - [2024-11-15T05:39:16.680+0000] {dagbag.py:588} INFO - Filling up the DagBag from /opt/airflow/dags/nh_keyword_news_crawling.py
[2024-11-15T05:39:17.498+0000] {processor.py:925} INFO - DAG(s) 'keyword_news' retrieved from /opt/airflow/dags/nh_keyword_news_crawling.py
[2024-11-15T05:39:17.572+0000] {logging_mixin.py:190} INFO - [2024-11-15T05:39:17.571+0000] {dag.py:3239} INFO - Sync 1 DAGs
[2024-11-15T05:39:17.692+0000] {logging_mixin.py:190} INFO - [2024-11-15T05:39:17.692+0000] {dag.py:4180} INFO - Setting next_dagrun for keyword_news to 2024-11-15 06:00:00+00:00, run_after=2024-11-16 06:00:00+00:00
[2024-11-15T05:39:17.801+0000] {processor.py:208} INFO - Processing /opt/airflow/dags/nh_keyword_news_crawling.py took 1.159 seconds
[2024-11-15T05:39:48.840+0000] {processor.py:186} INFO - Started process (PID=227) to work on /opt/airflow/dags/nh_keyword_news_crawling.py
[2024-11-15T05:39:48.843+0000] {processor.py:914} INFO - Processing file /opt/airflow/dags/nh_keyword_news_crawling.py for tasks to queue
[2024-11-15T05:39:48.855+0000] {logging_mixin.py:190} INFO - [2024-11-15T05:39:48.854+0000] {dagbag.py:588} INFO - Filling up the DagBag from /opt/airflow/dags/nh_keyword_news_crawling.py
[2024-11-15T05:39:49.379+0000] {processor.py:925} INFO - DAG(s) 'keyword_news' retrieved from /opt/airflow/dags/nh_keyword_news_crawling.py
[2024-11-15T05:39:49.438+0000] {logging_mixin.py:190} INFO - [2024-11-15T05:39:49.437+0000] {dag.py:3239} INFO - Sync 1 DAGs
[2024-11-15T05:39:49.509+0000] {logging_mixin.py:190} INFO - [2024-11-15T05:39:49.508+0000] {dag.py:4180} INFO - Setting next_dagrun for keyword_news to 2024-11-15 06:00:00+00:00, run_after=2024-11-16 06:00:00+00:00
[2024-11-15T05:39:49.554+0000] {processor.py:208} INFO - Processing /opt/airflow/dags/nh_keyword_news_crawling.py took 0.736 seconds
[2024-11-15T05:40:20.100+0000] {processor.py:186} INFO - Started process (PID=292) to work on /opt/airflow/dags/nh_keyword_news_crawling.py
[2024-11-15T05:40:20.105+0000] {processor.py:914} INFO - Processing file /opt/airflow/dags/nh_keyword_news_crawling.py for tasks to queue
[2024-11-15T05:40:20.114+0000] {logging_mixin.py:190} INFO - [2024-11-15T05:40:20.113+0000] {dagbag.py:588} INFO - Filling up the DagBag from /opt/airflow/dags/nh_keyword_news_crawling.py
[2024-11-15T05:40:20.406+0000] {processor.py:925} INFO - DAG(s) 'keyword_news' retrieved from /opt/airflow/dags/nh_keyword_news_crawling.py
[2024-11-15T05:40:20.448+0000] {logging_mixin.py:190} INFO - [2024-11-15T05:40:20.447+0000] {dag.py:3239} INFO - Sync 1 DAGs
[2024-11-15T05:40:20.501+0000] {logging_mixin.py:190} INFO - [2024-11-15T05:40:20.501+0000] {dag.py:4180} INFO - Setting next_dagrun for keyword_news to 2024-11-15 06:00:00+00:00, run_after=2024-11-16 06:00:00+00:00
[2024-11-15T05:40:20.538+0000] {processor.py:208} INFO - Processing /opt/airflow/dags/nh_keyword_news_crawling.py took 0.456 seconds
[2024-11-15T05:40:53.299+0000] {processor.py:186} INFO - Started process (PID=346) to work on /opt/airflow/dags/nh_keyword_news_crawling.py
[2024-11-15T05:40:53.308+0000] {processor.py:914} INFO - Processing file /opt/airflow/dags/nh_keyword_news_crawling.py for tasks to queue
[2024-11-15T05:40:53.330+0000] {logging_mixin.py:190} INFO - [2024-11-15T05:40:53.319+0000] {dagbag.py:588} INFO - Filling up the DagBag from /opt/airflow/dags/nh_keyword_news_crawling.py
[2024-11-15T05:40:53.881+0000] {processor.py:925} INFO - DAG(s) 'keyword_news' retrieved from /opt/airflow/dags/nh_keyword_news_crawling.py
[2024-11-15T05:40:53.955+0000] {logging_mixin.py:190} INFO - [2024-11-15T05:40:53.954+0000] {dag.py:3239} INFO - Sync 1 DAGs
[2024-11-15T05:40:54.110+0000] {logging_mixin.py:190} INFO - [2024-11-15T05:40:54.109+0000] {dag.py:4180} INFO - Setting next_dagrun for keyword_news to 2024-11-15 06:00:00+00:00, run_after=2024-11-16 06:00:00+00:00
[2024-11-15T05:40:54.192+0000] {processor.py:208} INFO - Processing /opt/airflow/dags/nh_keyword_news_crawling.py took 0.929 seconds
[2024-11-15T05:41:24.879+0000] {processor.py:186} INFO - Started process (PID=411) to work on /opt/airflow/dags/nh_keyword_news_crawling.py
[2024-11-15T05:41:24.881+0000] {processor.py:914} INFO - Processing file /opt/airflow/dags/nh_keyword_news_crawling.py for tasks to queue
[2024-11-15T05:41:24.885+0000] {logging_mixin.py:190} INFO - [2024-11-15T05:41:24.884+0000] {dagbag.py:588} INFO - Filling up the DagBag from /opt/airflow/dags/nh_keyword_news_crawling.py
[2024-11-15T05:41:25.098+0000] {processor.py:925} INFO - DAG(s) 'keyword_news' retrieved from /opt/airflow/dags/nh_keyword_news_crawling.py
[2024-11-15T05:41:25.146+0000] {logging_mixin.py:190} INFO - [2024-11-15T05:41:25.145+0000] {dag.py:3239} INFO - Sync 1 DAGs
[2024-11-15T05:41:25.204+0000] {logging_mixin.py:190} INFO - [2024-11-15T05:41:25.204+0000] {dag.py:4180} INFO - Setting next_dagrun for keyword_news to 2024-11-15 06:00:00+00:00, run_after=2024-11-16 06:00:00+00:00
[2024-11-15T05:41:25.238+0000] {processor.py:208} INFO - Processing /opt/airflow/dags/nh_keyword_news_crawling.py took 0.371 seconds
[2024-11-15T05:41:55.876+0000] {processor.py:186} INFO - Started process (PID=476) to work on /opt/airflow/dags/nh_keyword_news_crawling.py
[2024-11-15T05:41:55.880+0000] {processor.py:914} INFO - Processing file /opt/airflow/dags/nh_keyword_news_crawling.py for tasks to queue
[2024-11-15T05:41:55.890+0000] {logging_mixin.py:190} INFO - [2024-11-15T05:41:55.889+0000] {dagbag.py:588} INFO - Filling up the DagBag from /opt/airflow/dags/nh_keyword_news_crawling.py
[2024-11-15T05:41:56.205+0000] {processor.py:925} INFO - DAG(s) 'keyword_news' retrieved from /opt/airflow/dags/nh_keyword_news_crawling.py
[2024-11-15T05:41:56.242+0000] {logging_mixin.py:190} INFO - [2024-11-15T05:41:56.242+0000] {dag.py:3239} INFO - Sync 1 DAGs
[2024-11-15T05:41:56.296+0000] {logging_mixin.py:190} INFO - [2024-11-15T05:41:56.296+0000] {dag.py:4180} INFO - Setting next_dagrun for keyword_news to 2024-11-15 06:00:00+00:00, run_after=2024-11-16 06:00:00+00:00
[2024-11-15T05:41:56.337+0000] {processor.py:208} INFO - Processing /opt/airflow/dags/nh_keyword_news_crawling.py took 0.487 seconds
[2024-11-15T05:42:26.580+0000] {processor.py:186} INFO - Started process (PID=546) to work on /opt/airflow/dags/nh_keyword_news_crawling.py
[2024-11-15T05:42:26.586+0000] {processor.py:914} INFO - Processing file /opt/airflow/dags/nh_keyword_news_crawling.py for tasks to queue
[2024-11-15T05:42:26.593+0000] {logging_mixin.py:190} INFO - [2024-11-15T05:42:26.592+0000] {dagbag.py:588} INFO - Filling up the DagBag from /opt/airflow/dags/nh_keyword_news_crawling.py
[2024-11-15T05:42:26.862+0000] {processor.py:925} INFO - DAG(s) 'keyword_news' retrieved from /opt/airflow/dags/nh_keyword_news_crawling.py
[2024-11-15T05:42:26.896+0000] {logging_mixin.py:190} INFO - [2024-11-15T05:42:26.895+0000] {dag.py:3239} INFO - Sync 1 DAGs
[2024-11-15T05:42:26.938+0000] {logging_mixin.py:190} INFO - [2024-11-15T05:42:26.938+0000] {dag.py:4180} INFO - Setting next_dagrun for keyword_news to 2024-11-15 06:00:00+00:00, run_after=2024-11-16 06:00:00+00:00
[2024-11-15T05:42:26.971+0000] {processor.py:208} INFO - Processing /opt/airflow/dags/nh_keyword_news_crawling.py took 0.410 seconds
[2024-11-15T05:42:57.695+0000] {processor.py:186} INFO - Started process (PID=610) to work on /opt/airflow/dags/nh_keyword_news_crawling.py
[2024-11-15T05:42:57.703+0000] {processor.py:914} INFO - Processing file /opt/airflow/dags/nh_keyword_news_crawling.py for tasks to queue
[2024-11-15T05:42:57.711+0000] {logging_mixin.py:190} INFO - [2024-11-15T05:42:57.709+0000] {dagbag.py:588} INFO - Filling up the DagBag from /opt/airflow/dags/nh_keyword_news_crawling.py
[2024-11-15T05:42:57.950+0000] {processor.py:925} INFO - DAG(s) 'keyword_news' retrieved from /opt/airflow/dags/nh_keyword_news_crawling.py
[2024-11-15T05:42:57.982+0000] {logging_mixin.py:190} INFO - [2024-11-15T05:42:57.981+0000] {dag.py:3239} INFO - Sync 1 DAGs
[2024-11-15T05:42:58.053+0000] {logging_mixin.py:190} INFO - [2024-11-15T05:42:58.053+0000] {dag.py:4180} INFO - Setting next_dagrun for keyword_news to 2024-11-15 06:00:00+00:00, run_after=2024-11-16 06:00:00+00:00
[2024-11-15T05:42:58.108+0000] {processor.py:208} INFO - Processing /opt/airflow/dags/nh_keyword_news_crawling.py took 0.436 seconds
[2024-11-15T05:43:28.911+0000] {processor.py:186} INFO - Started process (PID=675) to work on /opt/airflow/dags/nh_keyword_news_crawling.py
[2024-11-15T05:43:28.914+0000] {processor.py:914} INFO - Processing file /opt/airflow/dags/nh_keyword_news_crawling.py for tasks to queue
[2024-11-15T05:43:28.921+0000] {logging_mixin.py:190} INFO - [2024-11-15T05:43:28.920+0000] {dagbag.py:588} INFO - Filling up the DagBag from /opt/airflow/dags/nh_keyword_news_crawling.py
[2024-11-15T05:43:29.243+0000] {processor.py:925} INFO - DAG(s) 'keyword_news' retrieved from /opt/airflow/dags/nh_keyword_news_crawling.py
[2024-11-15T05:43:29.288+0000] {logging_mixin.py:190} INFO - [2024-11-15T05:43:29.288+0000] {dag.py:3239} INFO - Sync 1 DAGs
[2024-11-15T05:43:29.342+0000] {logging_mixin.py:190} INFO - [2024-11-15T05:43:29.341+0000] {dag.py:4180} INFO - Setting next_dagrun for keyword_news to 2024-11-15 06:00:00+00:00, run_after=2024-11-16 06:00:00+00:00
[2024-11-15T05:43:29.386+0000] {processor.py:208} INFO - Processing /opt/airflow/dags/nh_keyword_news_crawling.py took 0.497 seconds
[2024-11-15T05:44:00.228+0000] {processor.py:186} INFO - Started process (PID=741) to work on /opt/airflow/dags/nh_keyword_news_crawling.py
[2024-11-15T05:44:00.245+0000] {processor.py:914} INFO - Processing file /opt/airflow/dags/nh_keyword_news_crawling.py for tasks to queue
[2024-11-15T05:44:00.254+0000] {logging_mixin.py:190} INFO - [2024-11-15T05:44:00.253+0000] {dagbag.py:588} INFO - Filling up the DagBag from /opt/airflow/dags/nh_keyword_news_crawling.py
[2024-11-15T05:44:00.729+0000] {processor.py:925} INFO - DAG(s) 'keyword_news' retrieved from /opt/airflow/dags/nh_keyword_news_crawling.py
[2024-11-15T05:44:00.815+0000] {logging_mixin.py:190} INFO - [2024-11-15T05:44:00.814+0000] {dag.py:3239} INFO - Sync 1 DAGs
[2024-11-15T05:44:00.978+0000] {logging_mixin.py:190} INFO - [2024-11-15T05:44:00.977+0000] {dag.py:4180} INFO - Setting next_dagrun for keyword_news to 2024-11-15 06:00:00+00:00, run_after=2024-11-16 06:00:00+00:00
[2024-11-15T05:44:01.076+0000] {processor.py:208} INFO - Processing /opt/airflow/dags/nh_keyword_news_crawling.py took 0.873 seconds
[2024-11-15T05:44:31.819+0000] {processor.py:186} INFO - Started process (PID=806) to work on /opt/airflow/dags/nh_keyword_news_crawling.py
[2024-11-15T05:44:31.824+0000] {processor.py:914} INFO - Processing file /opt/airflow/dags/nh_keyword_news_crawling.py for tasks to queue
[2024-11-15T05:44:31.830+0000] {logging_mixin.py:190} INFO - [2024-11-15T05:44:31.830+0000] {dagbag.py:588} INFO - Filling up the DagBag from /opt/airflow/dags/nh_keyword_news_crawling.py
[2024-11-15T05:44:32.059+0000] {processor.py:925} INFO - DAG(s) 'keyword_news' retrieved from /opt/airflow/dags/nh_keyword_news_crawling.py
[2024-11-15T05:44:32.093+0000] {logging_mixin.py:190} INFO - [2024-11-15T05:44:32.092+0000] {dag.py:3239} INFO - Sync 1 DAGs
[2024-11-15T05:44:32.143+0000] {logging_mixin.py:190} INFO - [2024-11-15T05:44:32.142+0000] {dag.py:4180} INFO - Setting next_dagrun for keyword_news to 2024-11-15 06:00:00+00:00, run_after=2024-11-16 06:00:00+00:00
[2024-11-15T05:44:32.183+0000] {processor.py:208} INFO - Processing /opt/airflow/dags/nh_keyword_news_crawling.py took 0.379 seconds
[2024-11-15T05:45:02.922+0000] {processor.py:186} INFO - Started process (PID=871) to work on /opt/airflow/dags/nh_keyword_news_crawling.py
[2024-11-15T05:45:02.926+0000] {processor.py:914} INFO - Processing file /opt/airflow/dags/nh_keyword_news_crawling.py for tasks to queue
[2024-11-15T05:45:02.934+0000] {logging_mixin.py:190} INFO - [2024-11-15T05:45:02.933+0000] {dagbag.py:588} INFO - Filling up the DagBag from /opt/airflow/dags/nh_keyword_news_crawling.py
[2024-11-15T05:45:03.339+0000] {processor.py:925} INFO - DAG(s) 'keyword_news' retrieved from /opt/airflow/dags/nh_keyword_news_crawling.py
[2024-11-15T05:45:03.405+0000] {logging_mixin.py:190} INFO - [2024-11-15T05:45:03.404+0000] {dag.py:3239} INFO - Sync 1 DAGs
[2024-11-15T05:45:03.474+0000] {logging_mixin.py:190} INFO - [2024-11-15T05:45:03.473+0000] {dag.py:4180} INFO - Setting next_dagrun for keyword_news to 2024-11-15 06:00:00+00:00, run_after=2024-11-16 06:00:00+00:00
[2024-11-15T05:45:03.521+0000] {processor.py:208} INFO - Processing /opt/airflow/dags/nh_keyword_news_crawling.py took 0.620 seconds
[2024-11-15T05:45:33.943+0000] {processor.py:186} INFO - Started process (PID=936) to work on /opt/airflow/dags/nh_keyword_news_crawling.py
[2024-11-15T05:45:33.946+0000] {processor.py:914} INFO - Processing file /opt/airflow/dags/nh_keyword_news_crawling.py for tasks to queue
[2024-11-15T05:45:33.951+0000] {logging_mixin.py:190} INFO - [2024-11-15T05:45:33.950+0000] {dagbag.py:588} INFO - Filling up the DagBag from /opt/airflow/dags/nh_keyword_news_crawling.py
[2024-11-15T05:45:34.192+0000] {processor.py:925} INFO - DAG(s) 'keyword_news' retrieved from /opt/airflow/dags/nh_keyword_news_crawling.py
[2024-11-15T05:45:34.265+0000] {logging_mixin.py:190} INFO - [2024-11-15T05:45:34.263+0000] {dag.py:3239} INFO - Sync 1 DAGs
[2024-11-15T05:45:34.616+0000] {logging_mixin.py:190} INFO - [2024-11-15T05:45:34.615+0000] {dag.py:4180} INFO - Setting next_dagrun for keyword_news to 2024-11-15 06:00:00+00:00, run_after=2024-11-16 06:00:00+00:00
[2024-11-15T05:45:34.757+0000] {processor.py:208} INFO - Processing /opt/airflow/dags/nh_keyword_news_crawling.py took 0.828 seconds
[2024-11-15T05:46:05.094+0000] {processor.py:186} INFO - Started process (PID=1001) to work on /opt/airflow/dags/nh_keyword_news_crawling.py
[2024-11-15T05:46:05.099+0000] {processor.py:914} INFO - Processing file /opt/airflow/dags/nh_keyword_news_crawling.py for tasks to queue
[2024-11-15T05:46:05.107+0000] {logging_mixin.py:190} INFO - [2024-11-15T05:46:05.106+0000] {dagbag.py:588} INFO - Filling up the DagBag from /opt/airflow/dags/nh_keyword_news_crawling.py
[2024-11-15T05:46:05.376+0000] {processor.py:925} INFO - DAG(s) 'keyword_news' retrieved from /opt/airflow/dags/nh_keyword_news_crawling.py
[2024-11-15T05:46:05.414+0000] {logging_mixin.py:190} INFO - [2024-11-15T05:46:05.413+0000] {dag.py:3239} INFO - Sync 1 DAGs
[2024-11-15T05:46:05.466+0000] {logging_mixin.py:190} INFO - [2024-11-15T05:46:05.466+0000] {dag.py:4180} INFO - Setting next_dagrun for keyword_news to 2024-11-15 06:00:00+00:00, run_after=2024-11-16 06:00:00+00:00
[2024-11-15T05:46:05.500+0000] {processor.py:208} INFO - Processing /opt/airflow/dags/nh_keyword_news_crawling.py took 0.445 seconds
[2024-11-15T05:46:35.831+0000] {processor.py:186} INFO - Started process (PID=1066) to work on /opt/airflow/dags/nh_keyword_news_crawling.py
[2024-11-15T05:46:35.834+0000] {processor.py:914} INFO - Processing file /opt/airflow/dags/nh_keyword_news_crawling.py for tasks to queue
[2024-11-15T05:46:35.840+0000] {logging_mixin.py:190} INFO - [2024-11-15T05:46:35.839+0000] {dagbag.py:588} INFO - Filling up the DagBag from /opt/airflow/dags/nh_keyword_news_crawling.py
[2024-11-15T05:46:36.141+0000] {processor.py:925} INFO - DAG(s) 'keyword_news' retrieved from /opt/airflow/dags/nh_keyword_news_crawling.py
[2024-11-15T05:46:36.188+0000] {logging_mixin.py:190} INFO - [2024-11-15T05:46:36.188+0000] {dag.py:3239} INFO - Sync 1 DAGs
[2024-11-15T05:46:36.237+0000] {logging_mixin.py:190} INFO - [2024-11-15T05:46:36.237+0000] {dag.py:4180} INFO - Setting next_dagrun for keyword_news to 2024-11-15 06:00:00+00:00, run_after=2024-11-16 06:00:00+00:00
[2024-11-15T05:46:36.276+0000] {processor.py:208} INFO - Processing /opt/airflow/dags/nh_keyword_news_crawling.py took 0.462 seconds
[2024-11-15T05:47:06.660+0000] {processor.py:186} INFO - Started process (PID=1131) to work on /opt/airflow/dags/nh_keyword_news_crawling.py
[2024-11-15T05:47:06.664+0000] {processor.py:914} INFO - Processing file /opt/airflow/dags/nh_keyword_news_crawling.py for tasks to queue
[2024-11-15T05:47:06.670+0000] {logging_mixin.py:190} INFO - [2024-11-15T05:47:06.669+0000] {dagbag.py:588} INFO - Filling up the DagBag from /opt/airflow/dags/nh_keyword_news_crawling.py
[2024-11-15T05:47:07.017+0000] {processor.py:925} INFO - DAG(s) 'keyword_news' retrieved from /opt/airflow/dags/nh_keyword_news_crawling.py
[2024-11-15T05:47:07.053+0000] {logging_mixin.py:190} INFO - [2024-11-15T05:47:07.053+0000] {dag.py:3239} INFO - Sync 1 DAGs
[2024-11-15T05:47:07.106+0000] {logging_mixin.py:190} INFO - [2024-11-15T05:47:07.105+0000] {dag.py:4180} INFO - Setting next_dagrun for keyword_news to 2024-11-15 06:00:00+00:00, run_after=2024-11-16 06:00:00+00:00
[2024-11-15T05:47:07.144+0000] {processor.py:208} INFO - Processing /opt/airflow/dags/nh_keyword_news_crawling.py took 0.500 seconds
[2024-11-15T05:47:37.435+0000] {processor.py:186} INFO - Started process (PID=1195) to work on /opt/airflow/dags/nh_keyword_news_crawling.py
[2024-11-15T05:47:37.439+0000] {processor.py:914} INFO - Processing file /opt/airflow/dags/nh_keyword_news_crawling.py for tasks to queue
[2024-11-15T05:47:37.449+0000] {logging_mixin.py:190} INFO - [2024-11-15T05:47:37.448+0000] {dagbag.py:588} INFO - Filling up the DagBag from /opt/airflow/dags/nh_keyword_news_crawling.py
[2024-11-15T05:47:37.734+0000] {processor.py:925} INFO - DAG(s) 'keyword_news' retrieved from /opt/airflow/dags/nh_keyword_news_crawling.py
[2024-11-15T05:47:37.765+0000] {logging_mixin.py:190} INFO - [2024-11-15T05:47:37.764+0000] {dag.py:3239} INFO - Sync 1 DAGs
[2024-11-15T05:47:37.811+0000] {logging_mixin.py:190} INFO - [2024-11-15T05:47:37.811+0000] {dag.py:4180} INFO - Setting next_dagrun for keyword_news to 2024-11-15 06:00:00+00:00, run_after=2024-11-16 06:00:00+00:00
[2024-11-15T05:47:37.867+0000] {processor.py:208} INFO - Processing /opt/airflow/dags/nh_keyword_news_crawling.py took 0.454 seconds
[2024-11-15T05:48:08.067+0000] {processor.py:186} INFO - Started process (PID=1259) to work on /opt/airflow/dags/nh_keyword_news_crawling.py
[2024-11-15T05:48:08.070+0000] {processor.py:914} INFO - Processing file /opt/airflow/dags/nh_keyword_news_crawling.py for tasks to queue
[2024-11-15T05:48:08.076+0000] {logging_mixin.py:190} INFO - [2024-11-15T05:48:08.075+0000] {dagbag.py:588} INFO - Filling up the DagBag from /opt/airflow/dags/nh_keyword_news_crawling.py
[2024-11-15T05:48:08.448+0000] {processor.py:925} INFO - DAG(s) 'keyword_news' retrieved from /opt/airflow/dags/nh_keyword_news_crawling.py
[2024-11-15T05:48:08.499+0000] {logging_mixin.py:190} INFO - [2024-11-15T05:48:08.499+0000] {dag.py:3239} INFO - Sync 1 DAGs
[2024-11-15T05:48:08.555+0000] {logging_mixin.py:190} INFO - [2024-11-15T05:48:08.555+0000] {dag.py:4180} INFO - Setting next_dagrun for keyword_news to 2024-11-15 06:00:00+00:00, run_after=2024-11-16 06:00:00+00:00
[2024-11-15T05:48:08.599+0000] {processor.py:208} INFO - Processing /opt/airflow/dags/nh_keyword_news_crawling.py took 0.547 seconds
[2024-11-15T05:48:39.409+0000] {processor.py:186} INFO - Started process (PID=1324) to work on /opt/airflow/dags/nh_keyword_news_crawling.py
[2024-11-15T05:48:39.412+0000] {processor.py:914} INFO - Processing file /opt/airflow/dags/nh_keyword_news_crawling.py for tasks to queue
[2024-11-15T05:48:39.418+0000] {logging_mixin.py:190} INFO - [2024-11-15T05:48:39.417+0000] {dagbag.py:588} INFO - Filling up the DagBag from /opt/airflow/dags/nh_keyword_news_crawling.py
[2024-11-15T05:48:39.721+0000] {processor.py:925} INFO - DAG(s) 'keyword_news' retrieved from /opt/airflow/dags/nh_keyword_news_crawling.py
[2024-11-15T05:48:39.784+0000] {logging_mixin.py:190} INFO - [2024-11-15T05:48:39.782+0000] {dag.py:3239} INFO - Sync 1 DAGs
[2024-11-15T05:48:39.861+0000] {logging_mixin.py:190} INFO - [2024-11-15T05:48:39.860+0000] {dag.py:4180} INFO - Setting next_dagrun for keyword_news to 2024-11-15 06:00:00+00:00, run_after=2024-11-16 06:00:00+00:00
[2024-11-15T05:48:39.906+0000] {processor.py:208} INFO - Processing /opt/airflow/dags/nh_keyword_news_crawling.py took 0.509 seconds
[2024-11-15T05:49:10.035+0000] {processor.py:186} INFO - Started process (PID=1389) to work on /opt/airflow/dags/nh_keyword_news_crawling.py
[2024-11-15T05:49:10.039+0000] {processor.py:914} INFO - Processing file /opt/airflow/dags/nh_keyword_news_crawling.py for tasks to queue
[2024-11-15T05:49:10.048+0000] {logging_mixin.py:190} INFO - [2024-11-15T05:49:10.047+0000] {dagbag.py:588} INFO - Filling up the DagBag from /opt/airflow/dags/nh_keyword_news_crawling.py
[2024-11-15T05:49:10.318+0000] {processor.py:925} INFO - DAG(s) 'keyword_news' retrieved from /opt/airflow/dags/nh_keyword_news_crawling.py
[2024-11-15T05:49:10.354+0000] {logging_mixin.py:190} INFO - [2024-11-15T05:49:10.354+0000] {dag.py:3239} INFO - Sync 1 DAGs
[2024-11-15T05:49:10.400+0000] {logging_mixin.py:190} INFO - [2024-11-15T05:49:10.400+0000] {dag.py:4180} INFO - Setting next_dagrun for keyword_news to 2024-11-15 06:00:00+00:00, run_after=2024-11-16 06:00:00+00:00
[2024-11-15T05:49:10.458+0000] {processor.py:208} INFO - Processing /opt/airflow/dags/nh_keyword_news_crawling.py took 0.444 seconds
[2024-11-15T05:50:11.497+0000] {processor.py:186} INFO - Started process (PID=1457) to work on /opt/airflow/dags/nh_keyword_news_crawling.py
[2024-11-15T05:50:11.501+0000] {processor.py:914} INFO - Processing file /opt/airflow/dags/nh_keyword_news_crawling.py for tasks to queue
[2024-11-15T05:50:11.508+0000] {logging_mixin.py:190} INFO - [2024-11-15T05:50:11.507+0000] {dagbag.py:588} INFO - Filling up the DagBag from /opt/airflow/dags/nh_keyword_news_crawling.py
[2024-11-15T05:50:12.100+0000] {processor.py:925} INFO - DAG(s) 'keyword_news' retrieved from /opt/airflow/dags/nh_keyword_news_crawling.py
[2024-11-15T05:50:12.165+0000] {logging_mixin.py:190} INFO - [2024-11-15T05:50:12.164+0000] {dag.py:3239} INFO - Sync 1 DAGs
[2024-11-15T05:50:12.291+0000] {logging_mixin.py:190} INFO - [2024-11-15T05:50:12.288+0000] {dag.py:4180} INFO - Setting next_dagrun for keyword_news to 2024-11-15 06:00:00+00:00, run_after=2024-11-16 06:00:00+00:00
[2024-11-15T05:50:12.433+0000] {processor.py:208} INFO - Processing /opt/airflow/dags/nh_keyword_news_crawling.py took 0.955 seconds
[2024-11-15T05:50:44.187+0000] {processor.py:186} INFO - Started process (PID=1523) to work on /opt/airflow/dags/nh_keyword_news_crawling.py
[2024-11-15T05:50:44.190+0000] {processor.py:914} INFO - Processing file /opt/airflow/dags/nh_keyword_news_crawling.py for tasks to queue
[2024-11-15T05:50:44.195+0000] {logging_mixin.py:190} INFO - [2024-11-15T05:50:44.194+0000] {dagbag.py:588} INFO - Filling up the DagBag from /opt/airflow/dags/nh_keyword_news_crawling.py
[2024-11-15T05:50:44.540+0000] {processor.py:925} INFO - DAG(s) 'keyword_news' retrieved from /opt/airflow/dags/nh_keyword_news_crawling.py
[2024-11-15T05:50:44.588+0000] {logging_mixin.py:190} INFO - [2024-11-15T05:50:44.587+0000] {dag.py:3239} INFO - Sync 1 DAGs
[2024-11-15T05:50:44.652+0000] {logging_mixin.py:190} INFO - [2024-11-15T05:50:44.651+0000] {dag.py:4180} INFO - Setting next_dagrun for keyword_news to 2024-11-15 06:00:00+00:00, run_after=2024-11-16 06:00:00+00:00
[2024-11-15T05:50:44.699+0000] {processor.py:208} INFO - Processing /opt/airflow/dags/nh_keyword_news_crawling.py took 0.527 seconds
[2024-11-15T05:51:17.051+0000] {processor.py:186} INFO - Started process (PID=1589) to work on /opt/airflow/dags/nh_keyword_news_crawling.py
[2024-11-15T05:51:17.054+0000] {processor.py:914} INFO - Processing file /opt/airflow/dags/nh_keyword_news_crawling.py for tasks to queue
[2024-11-15T05:51:17.060+0000] {logging_mixin.py:190} INFO - [2024-11-15T05:51:17.060+0000] {dagbag.py:588} INFO - Filling up the DagBag from /opt/airflow/dags/nh_keyword_news_crawling.py
[2024-11-15T05:51:17.286+0000] {processor.py:925} INFO - DAG(s) 'keyword_news' retrieved from /opt/airflow/dags/nh_keyword_news_crawling.py
[2024-11-15T05:51:17.329+0000] {logging_mixin.py:190} INFO - [2024-11-15T05:51:17.328+0000] {dag.py:3239} INFO - Sync 1 DAGs
[2024-11-15T05:51:17.382+0000] {logging_mixin.py:190} INFO - [2024-11-15T05:51:17.382+0000] {dag.py:4180} INFO - Setting next_dagrun for keyword_news to 2024-11-15 06:00:00+00:00, run_after=2024-11-16 06:00:00+00:00
[2024-11-15T05:51:17.424+0000] {processor.py:208} INFO - Processing /opt/airflow/dags/nh_keyword_news_crawling.py took 0.391 seconds
[2024-11-15T05:51:48.505+0000] {processor.py:186} INFO - Started process (PID=1650) to work on /opt/airflow/dags/nh_keyword_news_crawling.py
[2024-11-15T05:51:48.509+0000] {processor.py:914} INFO - Processing file /opt/airflow/dags/nh_keyword_news_crawling.py for tasks to queue
[2024-11-15T05:51:48.523+0000] {logging_mixin.py:190} INFO - [2024-11-15T05:51:48.521+0000] {dagbag.py:588} INFO - Filling up the DagBag from /opt/airflow/dags/nh_keyword_news_crawling.py
[2024-11-15T05:51:49.004+0000] {processor.py:925} INFO - DAG(s) 'keyword_news' retrieved from /opt/airflow/dags/nh_keyword_news_crawling.py
[2024-11-15T05:51:49.086+0000] {logging_mixin.py:190} INFO - [2024-11-15T05:51:49.085+0000] {dag.py:3239} INFO - Sync 1 DAGs
[2024-11-15T05:51:49.164+0000] {logging_mixin.py:190} INFO - [2024-11-15T05:51:49.164+0000] {dag.py:4180} INFO - Setting next_dagrun for keyword_news to 2024-11-15 06:00:00+00:00, run_after=2024-11-16 06:00:00+00:00
[2024-11-15T05:51:49.207+0000] {processor.py:208} INFO - Processing /opt/airflow/dags/nh_keyword_news_crawling.py took 0.724 seconds
[2024-11-15T05:52:22.233+0000] {processor.py:186} INFO - Started process (PID=1716) to work on /opt/airflow/dags/nh_keyword_news_crawling.py
[2024-11-15T05:52:22.236+0000] {processor.py:914} INFO - Processing file /opt/airflow/dags/nh_keyword_news_crawling.py for tasks to queue
[2024-11-15T05:52:22.241+0000] {logging_mixin.py:190} INFO - [2024-11-15T05:52:22.240+0000] {dagbag.py:588} INFO - Filling up the DagBag from /opt/airflow/dags/nh_keyword_news_crawling.py
[2024-11-15T05:52:22.644+0000] {processor.py:925} INFO - DAG(s) 'keyword_news' retrieved from /opt/airflow/dags/nh_keyword_news_crawling.py
[2024-11-15T05:52:22.699+0000] {logging_mixin.py:190} INFO - [2024-11-15T05:52:22.698+0000] {dag.py:3239} INFO - Sync 1 DAGs
[2024-11-15T05:52:22.774+0000] {logging_mixin.py:190} INFO - [2024-11-15T05:52:22.774+0000] {dag.py:4180} INFO - Setting next_dagrun for keyword_news to 2024-11-15 06:00:00+00:00, run_after=2024-11-16 06:00:00+00:00
[2024-11-15T05:52:22.824+0000] {processor.py:208} INFO - Processing /opt/airflow/dags/nh_keyword_news_crawling.py took 0.607 seconds
[2024-11-15T05:52:55.405+0000] {processor.py:186} INFO - Started process (PID=1782) to work on /opt/airflow/dags/nh_keyword_news_crawling.py
[2024-11-15T05:52:55.408+0000] {processor.py:914} INFO - Processing file /opt/airflow/dags/nh_keyword_news_crawling.py for tasks to queue
[2024-11-15T05:52:55.423+0000] {logging_mixin.py:190} INFO - [2024-11-15T05:52:55.422+0000] {dagbag.py:588} INFO - Filling up the DagBag from /opt/airflow/dags/nh_keyword_news_crawling.py
[2024-11-15T05:52:55.682+0000] {processor.py:925} INFO - DAG(s) 'keyword_news' retrieved from /opt/airflow/dags/nh_keyword_news_crawling.py
[2024-11-15T05:52:55.717+0000] {logging_mixin.py:190} INFO - [2024-11-15T05:52:55.717+0000] {dag.py:3239} INFO - Sync 1 DAGs
[2024-11-15T05:52:55.766+0000] {logging_mixin.py:190} INFO - [2024-11-15T05:52:55.766+0000] {dag.py:4180} INFO - Setting next_dagrun for keyword_news to 2024-11-15 06:00:00+00:00, run_after=2024-11-16 06:00:00+00:00
[2024-11-15T05:52:55.823+0000] {processor.py:208} INFO - Processing /opt/airflow/dags/nh_keyword_news_crawling.py took 0.435 seconds
[2024-11-15T05:53:26.206+0000] {processor.py:186} INFO - Started process (PID=1845) to work on /opt/airflow/dags/nh_keyword_news_crawling.py
[2024-11-15T05:53:26.210+0000] {processor.py:914} INFO - Processing file /opt/airflow/dags/nh_keyword_news_crawling.py for tasks to queue
[2024-11-15T05:53:26.216+0000] {logging_mixin.py:190} INFO - [2024-11-15T05:53:26.215+0000] {dagbag.py:588} INFO - Filling up the DagBag from /opt/airflow/dags/nh_keyword_news_crawling.py
[2024-11-15T05:53:26.622+0000] {processor.py:925} INFO - DAG(s) 'keyword_news' retrieved from /opt/airflow/dags/nh_keyword_news_crawling.py
[2024-11-15T05:53:26.659+0000] {logging_mixin.py:190} INFO - [2024-11-15T05:53:26.658+0000] {dag.py:3239} INFO - Sync 1 DAGs
[2024-11-15T05:53:26.702+0000] {logging_mixin.py:190} INFO - [2024-11-15T05:53:26.702+0000] {dag.py:4180} INFO - Setting next_dagrun for keyword_news to 2024-11-15 06:00:00+00:00, run_after=2024-11-16 06:00:00+00:00
[2024-11-15T05:53:26.735+0000] {processor.py:208} INFO - Processing /opt/airflow/dags/nh_keyword_news_crawling.py took 0.544 seconds
[2024-11-15T05:53:57.529+0000] {processor.py:186} INFO - Started process (PID=1909) to work on /opt/airflow/dags/nh_keyword_news_crawling.py
[2024-11-15T05:53:57.534+0000] {processor.py:914} INFO - Processing file /opt/airflow/dags/nh_keyword_news_crawling.py for tasks to queue
[2024-11-15T05:53:57.541+0000] {logging_mixin.py:190} INFO - [2024-11-15T05:53:57.540+0000] {dagbag.py:588} INFO - Filling up the DagBag from /opt/airflow/dags/nh_keyword_news_crawling.py
[2024-11-15T05:53:57.835+0000] {processor.py:925} INFO - DAG(s) 'keyword_news' retrieved from /opt/airflow/dags/nh_keyword_news_crawling.py
[2024-11-15T05:53:57.882+0000] {logging_mixin.py:190} INFO - [2024-11-15T05:53:57.881+0000] {dag.py:3239} INFO - Sync 1 DAGs
[2024-11-15T05:53:57.930+0000] {logging_mixin.py:190} INFO - [2024-11-15T05:53:57.930+0000] {dag.py:4180} INFO - Setting next_dagrun for keyword_news to 2024-11-15 06:00:00+00:00, run_after=2024-11-16 06:00:00+00:00
[2024-11-15T05:53:57.968+0000] {processor.py:208} INFO - Processing /opt/airflow/dags/nh_keyword_news_crawling.py took 0.463 seconds
[2024-11-15T05:54:28.818+0000] {processor.py:186} INFO - Started process (PID=1974) to work on /opt/airflow/dags/nh_keyword_news_crawling.py
[2024-11-15T05:54:28.823+0000] {processor.py:914} INFO - Processing file /opt/airflow/dags/nh_keyword_news_crawling.py for tasks to queue
[2024-11-15T05:54:28.834+0000] {logging_mixin.py:190} INFO - [2024-11-15T05:54:28.833+0000] {dagbag.py:588} INFO - Filling up the DagBag from /opt/airflow/dags/nh_keyword_news_crawling.py
[2024-11-15T05:54:29.161+0000] {processor.py:925} INFO - DAG(s) 'keyword_news' retrieved from /opt/airflow/dags/nh_keyword_news_crawling.py
[2024-11-15T05:54:29.196+0000] {logging_mixin.py:190} INFO - [2024-11-15T05:54:29.196+0000] {dag.py:3239} INFO - Sync 1 DAGs
[2024-11-15T05:54:29.248+0000] {logging_mixin.py:190} INFO - [2024-11-15T05:54:29.247+0000] {dag.py:4180} INFO - Setting next_dagrun for keyword_news to 2024-11-15 06:00:00+00:00, run_after=2024-11-16 06:00:00+00:00
[2024-11-15T05:54:29.297+0000] {processor.py:208} INFO - Processing /opt/airflow/dags/nh_keyword_news_crawling.py took 0.503 seconds
[2024-11-15T05:54:59.552+0000] {processor.py:186} INFO - Started process (PID=2039) to work on /opt/airflow/dags/nh_keyword_news_crawling.py
[2024-11-15T05:54:59.557+0000] {processor.py:914} INFO - Processing file /opt/airflow/dags/nh_keyword_news_crawling.py for tasks to queue
[2024-11-15T05:54:59.564+0000] {logging_mixin.py:190} INFO - [2024-11-15T05:54:59.563+0000] {dagbag.py:588} INFO - Filling up the DagBag from /opt/airflow/dags/nh_keyword_news_crawling.py
[2024-11-15T05:55:00.152+0000] {processor.py:925} INFO - DAG(s) 'keyword_news' retrieved from /opt/airflow/dags/nh_keyword_news_crawling.py
[2024-11-15T05:55:00.240+0000] {logging_mixin.py:190} INFO - [2024-11-15T05:55:00.239+0000] {dag.py:3239} INFO - Sync 1 DAGs
[2024-11-15T05:55:00.385+0000] {logging_mixin.py:190} INFO - [2024-11-15T05:55:00.384+0000] {dag.py:4180} INFO - Setting next_dagrun for keyword_news to 2024-11-15 06:00:00+00:00, run_after=2024-11-16 06:00:00+00:00
[2024-11-15T05:55:00.443+0000] {processor.py:208} INFO - Processing /opt/airflow/dags/nh_keyword_news_crawling.py took 0.912 seconds
[2024-11-15T05:55:36.928+0000] {processor.py:186} INFO - Started process (PID=2103) to work on /opt/airflow/dags/nh_keyword_news_crawling.py
[2024-11-15T05:55:36.934+0000] {processor.py:914} INFO - Processing file /opt/airflow/dags/nh_keyword_news_crawling.py for tasks to queue
[2024-11-15T05:55:36.940+0000] {logging_mixin.py:190} INFO - [2024-11-15T05:55:36.939+0000] {dagbag.py:588} INFO - Filling up the DagBag from /opt/airflow/dags/nh_keyword_news_crawling.py
[2024-11-15T05:55:37.229+0000] {processor.py:925} INFO - DAG(s) 'keyword_news' retrieved from /opt/airflow/dags/nh_keyword_news_crawling.py
[2024-11-15T05:55:37.272+0000] {logging_mixin.py:190} INFO - [2024-11-15T05:55:37.271+0000] {dag.py:3239} INFO - Sync 1 DAGs
[2024-11-15T05:55:37.326+0000] {logging_mixin.py:190} INFO - [2024-11-15T05:55:37.326+0000] {dag.py:4180} INFO - Setting next_dagrun for keyword_news to 2024-11-15 06:00:00+00:00, run_after=2024-11-16 06:00:00+00:00
[2024-11-15T05:55:37.375+0000] {processor.py:208} INFO - Processing /opt/airflow/dags/nh_keyword_news_crawling.py took 0.462 seconds
[2024-11-15T05:56:08.112+0000] {processor.py:186} INFO - Started process (PID=2168) to work on /opt/airflow/dags/nh_keyword_news_crawling.py
[2024-11-15T05:56:08.115+0000] {processor.py:914} INFO - Processing file /opt/airflow/dags/nh_keyword_news_crawling.py for tasks to queue
[2024-11-15T05:56:08.120+0000] {logging_mixin.py:190} INFO - [2024-11-15T05:56:08.119+0000] {dagbag.py:588} INFO - Filling up the DagBag from /opt/airflow/dags/nh_keyword_news_crawling.py
[2024-11-15T05:56:08.417+0000] {processor.py:925} INFO - DAG(s) 'keyword_news' retrieved from /opt/airflow/dags/nh_keyword_news_crawling.py
[2024-11-15T05:56:08.477+0000] {logging_mixin.py:190} INFO - [2024-11-15T05:56:08.476+0000] {dag.py:3239} INFO - Sync 1 DAGs
[2024-11-15T05:56:08.558+0000] {logging_mixin.py:190} INFO - [2024-11-15T05:56:08.558+0000] {dag.py:4180} INFO - Setting next_dagrun for keyword_news to 2024-11-15 06:00:00+00:00, run_after=2024-11-16 06:00:00+00:00
[2024-11-15T05:56:08.605+0000] {processor.py:208} INFO - Processing /opt/airflow/dags/nh_keyword_news_crawling.py took 0.507 seconds
[2024-11-15T05:56:39.890+0000] {processor.py:186} INFO - Started process (PID=2225) to work on /opt/airflow/dags/nh_keyword_news_crawling.py
[2024-11-15T05:56:39.894+0000] {processor.py:914} INFO - Processing file /opt/airflow/dags/nh_keyword_news_crawling.py for tasks to queue
[2024-11-15T05:56:39.898+0000] {logging_mixin.py:190} INFO - [2024-11-15T05:56:39.898+0000] {dagbag.py:588} INFO - Filling up the DagBag from /opt/airflow/dags/nh_keyword_news_crawling.py
[2024-11-15T05:56:40.169+0000] {processor.py:925} INFO - DAG(s) 'keyword_news' retrieved from /opt/airflow/dags/nh_keyword_news_crawling.py
[2024-11-15T05:56:40.233+0000] {logging_mixin.py:190} INFO - [2024-11-15T05:56:40.231+0000] {dag.py:3239} INFO - Sync 1 DAGs
[2024-11-15T05:56:40.345+0000] {logging_mixin.py:190} INFO - [2024-11-15T05:56:40.345+0000] {dag.py:4180} INFO - Setting next_dagrun for keyword_news to 2024-11-15 06:00:00+00:00, run_after=2024-11-16 06:00:00+00:00
[2024-11-15T05:56:40.384+0000] {processor.py:208} INFO - Processing /opt/airflow/dags/nh_keyword_news_crawling.py took 0.504 seconds
[2024-11-15T05:57:12.181+0000] {processor.py:186} INFO - Started process (PID=2288) to work on /opt/airflow/dags/nh_keyword_news_crawling.py
[2024-11-15T05:57:12.186+0000] {processor.py:914} INFO - Processing file /opt/airflow/dags/nh_keyword_news_crawling.py for tasks to queue
[2024-11-15T05:57:12.195+0000] {logging_mixin.py:190} INFO - [2024-11-15T05:57:12.194+0000] {dagbag.py:588} INFO - Filling up the DagBag from /opt/airflow/dags/nh_keyword_news_crawling.py
[2024-11-15T05:57:12.527+0000] {processor.py:925} INFO - DAG(s) 'keyword_news' retrieved from /opt/airflow/dags/nh_keyword_news_crawling.py
[2024-11-15T05:57:12.583+0000] {logging_mixin.py:190} INFO - [2024-11-15T05:57:12.582+0000] {dag.py:3239} INFO - Sync 1 DAGs
[2024-11-15T05:57:12.664+0000] {logging_mixin.py:190} INFO - [2024-11-15T05:57:12.664+0000] {dag.py:4180} INFO - Setting next_dagrun for keyword_news to 2024-11-15 06:00:00+00:00, run_after=2024-11-16 06:00:00+00:00
[2024-11-15T05:57:12.720+0000] {processor.py:208} INFO - Processing /opt/airflow/dags/nh_keyword_news_crawling.py took 0.558 seconds
[2024-11-15T05:57:43.213+0000] {processor.py:186} INFO - Started process (PID=2351) to work on /opt/airflow/dags/nh_keyword_news_crawling.py
[2024-11-15T05:57:43.216+0000] {processor.py:914} INFO - Processing file /opt/airflow/dags/nh_keyword_news_crawling.py for tasks to queue
[2024-11-15T05:57:43.221+0000] {logging_mixin.py:190} INFO - [2024-11-15T05:57:43.221+0000] {dagbag.py:588} INFO - Filling up the DagBag from /opt/airflow/dags/nh_keyword_news_crawling.py
[2024-11-15T05:57:43.473+0000] {processor.py:925} INFO - DAG(s) 'keyword_news' retrieved from /opt/airflow/dags/nh_keyword_news_crawling.py
[2024-11-15T05:57:43.513+0000] {logging_mixin.py:190} INFO - [2024-11-15T05:57:43.512+0000] {dag.py:3239} INFO - Sync 1 DAGs
[2024-11-15T05:57:43.932+0000] {logging_mixin.py:190} INFO - [2024-11-15T05:57:43.932+0000] {dag.py:4180} INFO - Setting next_dagrun for keyword_news to 2024-11-15 06:00:00+00:00, run_after=2024-11-16 06:00:00+00:00
[2024-11-15T05:57:43.969+0000] {processor.py:208} INFO - Processing /opt/airflow/dags/nh_keyword_news_crawling.py took 0.768 seconds
[2024-11-15T05:58:14.674+0000] {processor.py:186} INFO - Started process (PID=2408) to work on /opt/airflow/dags/nh_keyword_news_crawling.py
[2024-11-15T05:58:14.677+0000] {processor.py:914} INFO - Processing file /opt/airflow/dags/nh_keyword_news_crawling.py for tasks to queue
[2024-11-15T05:58:14.682+0000] {logging_mixin.py:190} INFO - [2024-11-15T05:58:14.681+0000] {dagbag.py:588} INFO - Filling up the DagBag from /opt/airflow/dags/nh_keyword_news_crawling.py
[2024-11-15T05:58:14.963+0000] {processor.py:925} INFO - DAG(s) 'keyword_news' retrieved from /opt/airflow/dags/nh_keyword_news_crawling.py
[2024-11-15T05:58:15.062+0000] {logging_mixin.py:190} INFO - [2024-11-15T05:58:15.060+0000] {dag.py:3239} INFO - Sync 1 DAGs
[2024-11-15T05:58:15.122+0000] {logging_mixin.py:190} INFO - [2024-11-15T05:58:15.122+0000] {dag.py:4180} INFO - Setting next_dagrun for keyword_news to 2024-11-15 06:00:00+00:00, run_after=2024-11-16 06:00:00+00:00
[2024-11-15T05:58:15.206+0000] {processor.py:208} INFO - Processing /opt/airflow/dags/nh_keyword_news_crawling.py took 0.543 seconds
[2024-11-15T05:58:46.784+0000] {processor.py:186} INFO - Started process (PID=2473) to work on /opt/airflow/dags/nh_keyword_news_crawling.py
[2024-11-15T05:58:46.787+0000] {processor.py:914} INFO - Processing file /opt/airflow/dags/nh_keyword_news_crawling.py for tasks to queue
[2024-11-15T05:58:46.792+0000] {logging_mixin.py:190} INFO - [2024-11-15T05:58:46.791+0000] {dagbag.py:588} INFO - Filling up the DagBag from /opt/airflow/dags/nh_keyword_news_crawling.py
[2024-11-15T05:58:47.031+0000] {processor.py:925} INFO - DAG(s) 'keyword_news' retrieved from /opt/airflow/dags/nh_keyword_news_crawling.py
[2024-11-15T05:58:47.098+0000] {logging_mixin.py:190} INFO - [2024-11-15T05:58:47.096+0000] {dag.py:3239} INFO - Sync 1 DAGs
[2024-11-15T05:58:47.182+0000] {logging_mixin.py:190} INFO - [2024-11-15T05:58:47.181+0000] {dag.py:4180} INFO - Setting next_dagrun for keyword_news to 2024-11-15 06:00:00+00:00, run_after=2024-11-16 06:00:00+00:00
[2024-11-15T05:58:47.244+0000] {processor.py:208} INFO - Processing /opt/airflow/dags/nh_keyword_news_crawling.py took 0.471 seconds
[2024-11-15T05:59:19.485+0000] {processor.py:186} INFO - Started process (PID=2544) to work on /opt/airflow/dags/nh_keyword_news_crawling.py
[2024-11-15T05:59:19.489+0000] {processor.py:914} INFO - Processing file /opt/airflow/dags/nh_keyword_news_crawling.py for tasks to queue
[2024-11-15T05:59:19.496+0000] {logging_mixin.py:190} INFO - [2024-11-15T05:59:19.494+0000] {dagbag.py:588} INFO - Filling up the DagBag from /opt/airflow/dags/nh_keyword_news_crawling.py
[2024-11-15T05:59:19.744+0000] {processor.py:925} INFO - DAG(s) 'keyword_news' retrieved from /opt/airflow/dags/nh_keyword_news_crawling.py
[2024-11-15T05:59:19.781+0000] {logging_mixin.py:190} INFO - [2024-11-15T05:59:19.780+0000] {dag.py:3239} INFO - Sync 1 DAGs
[2024-11-15T05:59:19.836+0000] {logging_mixin.py:190} INFO - [2024-11-15T05:59:19.835+0000] {dag.py:4180} INFO - Setting next_dagrun for keyword_news to 2024-11-15 06:00:00+00:00, run_after=2024-11-16 06:00:00+00:00
[2024-11-15T05:59:19.879+0000] {processor.py:208} INFO - Processing /opt/airflow/dags/nh_keyword_news_crawling.py took 0.410 seconds
[2024-11-15T05:59:52.308+0000] {processor.py:186} INFO - Started process (PID=2608) to work on /opt/airflow/dags/nh_keyword_news_crawling.py
[2024-11-15T05:59:52.311+0000] {processor.py:914} INFO - Processing file /opt/airflow/dags/nh_keyword_news_crawling.py for tasks to queue
[2024-11-15T05:59:52.315+0000] {logging_mixin.py:190} INFO - [2024-11-15T05:59:52.315+0000] {dagbag.py:588} INFO - Filling up the DagBag from /opt/airflow/dags/nh_keyword_news_crawling.py
[2024-11-15T05:59:52.576+0000] {processor.py:925} INFO - DAG(s) 'keyword_news' retrieved from /opt/airflow/dags/nh_keyword_news_crawling.py
[2024-11-15T05:59:52.619+0000] {logging_mixin.py:190} INFO - [2024-11-15T05:59:52.618+0000] {dag.py:3239} INFO - Sync 1 DAGs
[2024-11-15T05:59:52.681+0000] {logging_mixin.py:190} INFO - [2024-11-15T05:59:52.680+0000] {dag.py:4180} INFO - Setting next_dagrun for keyword_news to 2024-11-15 06:00:00+00:00, run_after=2024-11-16 06:00:00+00:00
[2024-11-15T05:59:53.113+0000] {processor.py:208} INFO - Processing /opt/airflow/dags/nh_keyword_news_crawling.py took 0.817 seconds
[2024-11-15T06:00:23.853+0000] {processor.py:186} INFO - Started process (PID=2672) to work on /opt/airflow/dags/nh_keyword_news_crawling.py
[2024-11-15T06:00:23.857+0000] {processor.py:914} INFO - Processing file /opt/airflow/dags/nh_keyword_news_crawling.py for tasks to queue
[2024-11-15T06:00:23.864+0000] {logging_mixin.py:190} INFO - [2024-11-15T06:00:23.862+0000] {dagbag.py:588} INFO - Filling up the DagBag from /opt/airflow/dags/nh_keyword_news_crawling.py
[2024-11-15T06:00:24.219+0000] {processor.py:925} INFO - DAG(s) 'keyword_news' retrieved from /opt/airflow/dags/nh_keyword_news_crawling.py
[2024-11-15T06:00:24.267+0000] {logging_mixin.py:190} INFO - [2024-11-15T06:00:24.266+0000] {dag.py:3239} INFO - Sync 1 DAGs
[2024-11-15T06:00:24.343+0000] {logging_mixin.py:190} INFO - [2024-11-15T06:00:24.343+0000] {dag.py:4180} INFO - Setting next_dagrun for keyword_news to 2024-11-15 06:00:00+00:00, run_after=2024-11-16 06:00:00+00:00
[2024-11-15T06:00:24.397+0000] {processor.py:208} INFO - Processing /opt/airflow/dags/nh_keyword_news_crawling.py took 0.562 seconds
[2024-11-15T06:00:55.697+0000] {processor.py:186} INFO - Started process (PID=2739) to work on /opt/airflow/dags/nh_keyword_news_crawling.py
[2024-11-15T06:00:55.701+0000] {processor.py:914} INFO - Processing file /opt/airflow/dags/nh_keyword_news_crawling.py for tasks to queue
[2024-11-15T06:00:55.706+0000] {logging_mixin.py:190} INFO - [2024-11-15T06:00:55.706+0000] {dagbag.py:588} INFO - Filling up the DagBag from /opt/airflow/dags/nh_keyword_news_crawling.py
[2024-11-15T06:00:55.996+0000] {processor.py:925} INFO - DAG(s) 'keyword_news' retrieved from /opt/airflow/dags/nh_keyword_news_crawling.py
[2024-11-15T06:00:56.046+0000] {logging_mixin.py:190} INFO - [2024-11-15T06:00:56.045+0000] {dag.py:3239} INFO - Sync 1 DAGs
[2024-11-15T06:00:56.106+0000] {logging_mixin.py:190} INFO - [2024-11-15T06:00:56.106+0000] {dag.py:4180} INFO - Setting next_dagrun for keyword_news to 2024-11-15 06:00:00+00:00, run_after=2024-11-16 06:00:00+00:00
[2024-11-15T06:00:56.153+0000] {processor.py:208} INFO - Processing /opt/airflow/dags/nh_keyword_news_crawling.py took 0.465 seconds
[2024-11-15T06:01:27.729+0000] {processor.py:186} INFO - Started process (PID=2802) to work on /opt/airflow/dags/nh_keyword_news_crawling.py
[2024-11-15T06:01:27.732+0000] {processor.py:914} INFO - Processing file /opt/airflow/dags/nh_keyword_news_crawling.py for tasks to queue
[2024-11-15T06:01:27.738+0000] {logging_mixin.py:190} INFO - [2024-11-15T06:01:27.737+0000] {dagbag.py:588} INFO - Filling up the DagBag from /opt/airflow/dags/nh_keyword_news_crawling.py
[2024-11-15T06:01:28.122+0000] {processor.py:925} INFO - DAG(s) 'keyword_news' retrieved from /opt/airflow/dags/nh_keyword_news_crawling.py
[2024-11-15T06:01:28.185+0000] {logging_mixin.py:190} INFO - [2024-11-15T06:01:28.183+0000] {dag.py:3239} INFO - Sync 1 DAGs
[2024-11-15T06:01:28.257+0000] {logging_mixin.py:190} INFO - [2024-11-15T06:01:28.256+0000] {dag.py:4180} INFO - Setting next_dagrun for keyword_news to 2024-11-15 06:00:00+00:00, run_after=2024-11-16 06:00:00+00:00
[2024-11-15T06:01:28.315+0000] {processor.py:208} INFO - Processing /opt/airflow/dags/nh_keyword_news_crawling.py took 0.598 seconds
[2024-11-15T06:02:00.119+0000] {processor.py:186} INFO - Started process (PID=2868) to work on /opt/airflow/dags/nh_keyword_news_crawling.py
[2024-11-15T06:02:00.121+0000] {processor.py:914} INFO - Processing file /opt/airflow/dags/nh_keyword_news_crawling.py for tasks to queue
[2024-11-15T06:02:00.126+0000] {logging_mixin.py:190} INFO - [2024-11-15T06:02:00.125+0000] {dagbag.py:588} INFO - Filling up the DagBag from /opt/airflow/dags/nh_keyword_news_crawling.py
[2024-11-15T06:02:00.357+0000] {processor.py:925} INFO - DAG(s) 'keyword_news' retrieved from /opt/airflow/dags/nh_keyword_news_crawling.py
[2024-11-15T06:02:00.398+0000] {logging_mixin.py:190} INFO - [2024-11-15T06:02:00.397+0000] {dag.py:3239} INFO - Sync 1 DAGs
[2024-11-15T06:02:00.828+0000] {logging_mixin.py:190} INFO - [2024-11-15T06:02:00.827+0000] {dag.py:4180} INFO - Setting next_dagrun for keyword_news to 2024-11-15 06:00:00+00:00, run_after=2024-11-16 06:00:00+00:00
[2024-11-15T06:02:00.874+0000] {processor.py:208} INFO - Processing /opt/airflow/dags/nh_keyword_news_crawling.py took 0.769 seconds
[2024-11-15T06:02:34.776+0000] {processor.py:186} INFO - Started process (PID=2933) to work on /opt/airflow/dags/nh_keyword_news_crawling.py
[2024-11-15T06:02:34.801+0000] {processor.py:914} INFO - Processing file /opt/airflow/dags/nh_keyword_news_crawling.py for tasks to queue
[2024-11-15T06:02:34.813+0000] {logging_mixin.py:190} INFO - [2024-11-15T06:02:34.812+0000] {dagbag.py:588} INFO - Filling up the DagBag from /opt/airflow/dags/nh_keyword_news_crawling.py
[2024-11-15T06:02:36.446+0000] {processor.py:925} INFO - DAG(s) 'keyword_news' retrieved from /opt/airflow/dags/nh_keyword_news_crawling.py
[2024-11-15T06:02:36.584+0000] {logging_mixin.py:190} INFO - [2024-11-15T06:02:36.574+0000] {dag.py:3239} INFO - Sync 1 DAGs
[2024-11-15T06:02:36.766+0000] {logging_mixin.py:190} INFO - [2024-11-15T06:02:36.765+0000] {dag.py:4180} INFO - Setting next_dagrun for keyword_news to 2024-11-15 06:00:00+00:00, run_after=2024-11-16 06:00:00+00:00
[2024-11-15T06:02:36.880+0000] {processor.py:208} INFO - Processing /opt/airflow/dags/nh_keyword_news_crawling.py took 2.126 seconds
[2024-11-15T06:03:09.000+0000] {processor.py:186} INFO - Started process (PID=2998) to work on /opt/airflow/dags/nh_keyword_news_crawling.py
[2024-11-15T06:03:09.005+0000] {processor.py:914} INFO - Processing file /opt/airflow/dags/nh_keyword_news_crawling.py for tasks to queue
[2024-11-15T06:03:09.031+0000] {logging_mixin.py:190} INFO - [2024-11-15T06:03:09.019+0000] {dagbag.py:588} INFO - Filling up the DagBag from /opt/airflow/dags/nh_keyword_news_crawling.py
[2024-11-15T06:03:10.502+0000] {processor.py:925} INFO - DAG(s) 'keyword_news' retrieved from /opt/airflow/dags/nh_keyword_news_crawling.py
[2024-11-15T06:03:10.561+0000] {logging_mixin.py:190} INFO - [2024-11-15T06:03:10.560+0000] {dag.py:3239} INFO - Sync 1 DAGs
[2024-11-15T06:03:10.721+0000] {logging_mixin.py:190} INFO - [2024-11-15T06:03:10.721+0000] {dag.py:4180} INFO - Setting next_dagrun for keyword_news to 2024-11-15 06:00:00+00:00, run_after=2024-11-16 06:00:00+00:00
[2024-11-15T06:03:10.836+0000] {processor.py:208} INFO - Processing /opt/airflow/dags/nh_keyword_news_crawling.py took 1.885 seconds
[2024-11-15T06:03:42.727+0000] {processor.py:186} INFO - Started process (PID=3065) to work on /opt/airflow/dags/nh_keyword_news_crawling.py
[2024-11-15T06:03:42.773+0000] {processor.py:914} INFO - Processing file /opt/airflow/dags/nh_keyword_news_crawling.py for tasks to queue
[2024-11-15T06:03:42.779+0000] {logging_mixin.py:190} INFO - [2024-11-15T06:03:42.779+0000] {dagbag.py:588} INFO - Filling up the DagBag from /opt/airflow/dags/nh_keyword_news_crawling.py
[2024-11-15T06:03:44.003+0000] {processor.py:925} INFO - DAG(s) 'keyword_news' retrieved from /opt/airflow/dags/nh_keyword_news_crawling.py
[2024-11-15T06:03:44.226+0000] {logging_mixin.py:190} INFO - [2024-11-15T06:03:44.225+0000] {dag.py:3239} INFO - Sync 1 DAGs
[2024-11-15T06:03:44.454+0000] {logging_mixin.py:190} INFO - [2024-11-15T06:03:44.453+0000] {dag.py:4180} INFO - Setting next_dagrun for keyword_news to 2024-11-15 06:00:00+00:00, run_after=2024-11-16 06:00:00+00:00
[2024-11-15T06:03:44.680+0000] {processor.py:208} INFO - Processing /opt/airflow/dags/nh_keyword_news_crawling.py took 1.977 seconds
[2024-11-15T06:04:15.223+0000] {processor.py:186} INFO - Started process (PID=3129) to work on /opt/airflow/dags/nh_keyword_news_crawling.py
[2024-11-15T06:04:15.229+0000] {processor.py:914} INFO - Processing file /opt/airflow/dags/nh_keyword_news_crawling.py for tasks to queue
[2024-11-15T06:04:15.234+0000] {logging_mixin.py:190} INFO - [2024-11-15T06:04:15.233+0000] {dagbag.py:588} INFO - Filling up the DagBag from /opt/airflow/dags/nh_keyword_news_crawling.py
[2024-11-15T06:04:15.849+0000] {processor.py:925} INFO - DAG(s) 'keyword_news' retrieved from /opt/airflow/dags/nh_keyword_news_crawling.py
[2024-11-15T06:04:15.904+0000] {logging_mixin.py:190} INFO - [2024-11-15T06:04:15.903+0000] {dag.py:3239} INFO - Sync 1 DAGs
[2024-11-15T06:04:15.997+0000] {logging_mixin.py:190} INFO - [2024-11-15T06:04:15.996+0000] {dag.py:4180} INFO - Setting next_dagrun for keyword_news to 2024-11-15 06:00:00+00:00, run_after=2024-11-16 06:00:00+00:00
[2024-11-15T06:04:16.123+0000] {processor.py:208} INFO - Processing /opt/airflow/dags/nh_keyword_news_crawling.py took 0.911 seconds
[2024-11-15T06:04:46.453+0000] {processor.py:186} INFO - Started process (PID=3194) to work on /opt/airflow/dags/nh_keyword_news_crawling.py
[2024-11-15T06:04:46.457+0000] {processor.py:914} INFO - Processing file /opt/airflow/dags/nh_keyword_news_crawling.py for tasks to queue
[2024-11-15T06:04:46.464+0000] {logging_mixin.py:190} INFO - [2024-11-15T06:04:46.463+0000] {dagbag.py:588} INFO - Filling up the DagBag from /opt/airflow/dags/nh_keyword_news_crawling.py
[2024-11-15T06:04:47.332+0000] {processor.py:925} INFO - DAG(s) 'keyword_news' retrieved from /opt/airflow/dags/nh_keyword_news_crawling.py
[2024-11-15T06:04:47.379+0000] {logging_mixin.py:190} INFO - [2024-11-15T06:04:47.376+0000] {dag.py:3239} INFO - Sync 1 DAGs
[2024-11-15T06:04:47.449+0000] {logging_mixin.py:190} INFO - [2024-11-15T06:04:47.448+0000] {dag.py:4180} INFO - Setting next_dagrun for keyword_news to 2024-11-15 06:00:00+00:00, run_after=2024-11-16 06:00:00+00:00
[2024-11-15T06:04:47.503+0000] {processor.py:208} INFO - Processing /opt/airflow/dags/nh_keyword_news_crawling.py took 1.068 seconds
[2024-11-15T06:05:18.257+0000] {processor.py:186} INFO - Started process (PID=3258) to work on /opt/airflow/dags/nh_keyword_news_crawling.py
[2024-11-15T06:05:18.262+0000] {processor.py:914} INFO - Processing file /opt/airflow/dags/nh_keyword_news_crawling.py for tasks to queue
[2024-11-15T06:05:18.271+0000] {logging_mixin.py:190} INFO - [2024-11-15T06:05:18.270+0000] {dagbag.py:588} INFO - Filling up the DagBag from /opt/airflow/dags/nh_keyword_news_crawling.py
[2024-11-15T06:05:19.228+0000] {processor.py:925} INFO - DAG(s) 'keyword_news' retrieved from /opt/airflow/dags/nh_keyword_news_crawling.py
[2024-11-15T06:05:19.302+0000] {logging_mixin.py:190} INFO - [2024-11-15T06:05:19.300+0000] {dag.py:3239} INFO - Sync 1 DAGs
[2024-11-15T06:05:19.393+0000] {logging_mixin.py:190} INFO - [2024-11-15T06:05:19.392+0000] {dag.py:4180} INFO - Setting next_dagrun for keyword_news to 2024-11-15 06:00:00+00:00, run_after=2024-11-16 06:00:00+00:00
[2024-11-15T06:05:19.466+0000] {processor.py:208} INFO - Processing /opt/airflow/dags/nh_keyword_news_crawling.py took 1.233 seconds
[2024-11-15T06:05:50.566+0000] {processor.py:186} INFO - Started process (PID=3323) to work on /opt/airflow/dags/nh_keyword_news_crawling.py
[2024-11-15T06:05:50.572+0000] {processor.py:914} INFO - Processing file /opt/airflow/dags/nh_keyword_news_crawling.py for tasks to queue
[2024-11-15T06:05:50.580+0000] {logging_mixin.py:190} INFO - [2024-11-15T06:05:50.578+0000] {dagbag.py:588} INFO - Filling up the DagBag from /opt/airflow/dags/nh_keyword_news_crawling.py
[2024-11-15T06:05:51.226+0000] {processor.py:925} INFO - DAG(s) 'keyword_news' retrieved from /opt/airflow/dags/nh_keyword_news_crawling.py
[2024-11-15T06:05:51.260+0000] {logging_mixin.py:190} INFO - [2024-11-15T06:05:51.260+0000] {dag.py:3239} INFO - Sync 1 DAGs
[2024-11-15T06:05:51.307+0000] {logging_mixin.py:190} INFO - [2024-11-15T06:05:51.307+0000] {dag.py:4180} INFO - Setting next_dagrun for keyword_news to 2024-11-15 06:00:00+00:00, run_after=2024-11-16 06:00:00+00:00
[2024-11-15T06:05:51.342+0000] {processor.py:208} INFO - Processing /opt/airflow/dags/nh_keyword_news_crawling.py took 0.796 seconds
[2024-11-15T06:06:22.080+0000] {processor.py:186} INFO - Started process (PID=3389) to work on /opt/airflow/dags/nh_keyword_news_crawling.py
[2024-11-15T06:06:22.084+0000] {processor.py:914} INFO - Processing file /opt/airflow/dags/nh_keyword_news_crawling.py for tasks to queue
[2024-11-15T06:06:22.090+0000] {logging_mixin.py:190} INFO - [2024-11-15T06:06:22.089+0000] {dagbag.py:588} INFO - Filling up the DagBag from /opt/airflow/dags/nh_keyword_news_crawling.py
[2024-11-15T06:06:23.304+0000] {processor.py:925} INFO - DAG(s) 'keyword_news' retrieved from /opt/airflow/dags/nh_keyword_news_crawling.py
[2024-11-15T06:06:23.389+0000] {logging_mixin.py:190} INFO - [2024-11-15T06:06:23.387+0000] {dag.py:3239} INFO - Sync 1 DAGs
[2024-11-15T06:06:23.492+0000] {logging_mixin.py:190} INFO - [2024-11-15T06:06:23.491+0000] {dag.py:4180} INFO - Setting next_dagrun for keyword_news to 2024-11-15 06:00:00+00:00, run_after=2024-11-16 06:00:00+00:00
[2024-11-15T06:06:23.590+0000] {processor.py:208} INFO - Processing /opt/airflow/dags/nh_keyword_news_crawling.py took 1.531 seconds
[2024-11-15T06:06:53.999+0000] {processor.py:186} INFO - Started process (PID=3454) to work on /opt/airflow/dags/nh_keyword_news_crawling.py
[2024-11-15T06:06:54.003+0000] {processor.py:914} INFO - Processing file /opt/airflow/dags/nh_keyword_news_crawling.py for tasks to queue
[2024-11-15T06:06:54.009+0000] {logging_mixin.py:190} INFO - [2024-11-15T06:06:54.008+0000] {dagbag.py:588} INFO - Filling up the DagBag from /opt/airflow/dags/nh_keyword_news_crawling.py
[2024-11-15T06:06:55.029+0000] {processor.py:925} INFO - DAG(s) 'keyword_news' retrieved from /opt/airflow/dags/nh_keyword_news_crawling.py
[2024-11-15T06:06:55.096+0000] {logging_mixin.py:190} INFO - [2024-11-15T06:06:55.095+0000] {dag.py:3239} INFO - Sync 1 DAGs
[2024-11-15T06:06:55.158+0000] {logging_mixin.py:190} INFO - [2024-11-15T06:06:55.157+0000] {dag.py:4180} INFO - Setting next_dagrun for keyword_news to 2024-11-15 06:00:00+00:00, run_after=2024-11-16 06:00:00+00:00
[2024-11-15T06:06:55.194+0000] {processor.py:208} INFO - Processing /opt/airflow/dags/nh_keyword_news_crawling.py took 1.262 seconds
[2024-11-15T06:07:25.543+0000] {processor.py:186} INFO - Started process (PID=3525) to work on /opt/airflow/dags/nh_keyword_news_crawling.py
[2024-11-15T06:07:25.546+0000] {processor.py:914} INFO - Processing file /opt/airflow/dags/nh_keyword_news_crawling.py for tasks to queue
[2024-11-15T06:07:25.554+0000] {logging_mixin.py:190} INFO - [2024-11-15T06:07:25.551+0000] {dagbag.py:588} INFO - Filling up the DagBag from /opt/airflow/dags/nh_keyword_news_crawling.py
[2024-11-15T06:07:25.811+0000] {processor.py:925} INFO - DAG(s) 'keyword_news' retrieved from /opt/airflow/dags/nh_keyword_news_crawling.py
[2024-11-15T06:07:25.862+0000] {logging_mixin.py:190} INFO - [2024-11-15T06:07:25.862+0000] {dag.py:3239} INFO - Sync 1 DAGs
[2024-11-15T06:07:25.935+0000] {logging_mixin.py:190} INFO - [2024-11-15T06:07:25.935+0000] {dag.py:4180} INFO - Setting next_dagrun for keyword_news to 2024-11-15 06:00:00+00:00, run_after=2024-11-16 06:00:00+00:00
[2024-11-15T06:07:25.985+0000] {processor.py:208} INFO - Processing /opt/airflow/dags/nh_keyword_news_crawling.py took 0.456 seconds
[2024-11-15T06:07:57.057+0000] {processor.py:186} INFO - Started process (PID=3590) to work on /opt/airflow/dags/nh_keyword_news_crawling.py
[2024-11-15T06:07:57.064+0000] {processor.py:914} INFO - Processing file /opt/airflow/dags/nh_keyword_news_crawling.py for tasks to queue
[2024-11-15T06:07:57.079+0000] {logging_mixin.py:190} INFO - [2024-11-15T06:07:57.077+0000] {dagbag.py:588} INFO - Filling up the DagBag from /opt/airflow/dags/nh_keyword_news_crawling.py
[2024-11-15T06:07:57.392+0000] {processor.py:925} INFO - DAG(s) 'keyword_news' retrieved from /opt/airflow/dags/nh_keyword_news_crawling.py
[2024-11-15T06:07:57.429+0000] {logging_mixin.py:190} INFO - [2024-11-15T06:07:57.429+0000] {dag.py:3239} INFO - Sync 1 DAGs
[2024-11-15T06:07:57.511+0000] {logging_mixin.py:190} INFO - [2024-11-15T06:07:57.511+0000] {dag.py:4180} INFO - Setting next_dagrun for keyword_news to 2024-11-15 06:00:00+00:00, run_after=2024-11-16 06:00:00+00:00
[2024-11-15T06:07:57.560+0000] {processor.py:208} INFO - Processing /opt/airflow/dags/nh_keyword_news_crawling.py took 0.537 seconds
[2024-11-15T06:08:27.805+0000] {processor.py:186} INFO - Started process (PID=3656) to work on /opt/airflow/dags/nh_keyword_news_crawling.py
[2024-11-15T06:08:27.809+0000] {processor.py:914} INFO - Processing file /opt/airflow/dags/nh_keyword_news_crawling.py for tasks to queue
[2024-11-15T06:08:27.815+0000] {logging_mixin.py:190} INFO - [2024-11-15T06:08:27.814+0000] {dagbag.py:588} INFO - Filling up the DagBag from /opt/airflow/dags/nh_keyword_news_crawling.py
[2024-11-15T06:08:28.184+0000] {processor.py:925} INFO - DAG(s) 'keyword_news' retrieved from /opt/airflow/dags/nh_keyword_news_crawling.py
[2024-11-15T06:08:28.220+0000] {logging_mixin.py:190} INFO - [2024-11-15T06:08:28.219+0000] {dag.py:3239} INFO - Sync 1 DAGs
[2024-11-15T06:08:28.266+0000] {logging_mixin.py:190} INFO - [2024-11-15T06:08:28.266+0000] {dag.py:4180} INFO - Setting next_dagrun for keyword_news to 2024-11-15 06:00:00+00:00, run_after=2024-11-16 06:00:00+00:00
[2024-11-15T06:08:28.305+0000] {processor.py:208} INFO - Processing /opt/airflow/dags/nh_keyword_news_crawling.py took 0.526 seconds
[2024-11-15T06:08:58.794+0000] {processor.py:186} INFO - Started process (PID=3722) to work on /opt/airflow/dags/nh_keyword_news_crawling.py
[2024-11-15T06:08:58.797+0000] {processor.py:914} INFO - Processing file /opt/airflow/dags/nh_keyword_news_crawling.py for tasks to queue
[2024-11-15T06:08:58.805+0000] {logging_mixin.py:190} INFO - [2024-11-15T06:08:58.804+0000] {dagbag.py:588} INFO - Filling up the DagBag from /opt/airflow/dags/nh_keyword_news_crawling.py
[2024-11-15T06:08:59.219+0000] {processor.py:925} INFO - DAG(s) 'keyword_news' retrieved from /opt/airflow/dags/nh_keyword_news_crawling.py
[2024-11-15T06:08:59.324+0000] {logging_mixin.py:190} INFO - [2024-11-15T06:08:59.322+0000] {dag.py:3239} INFO - Sync 1 DAGs
[2024-11-15T06:08:59.482+0000] {logging_mixin.py:190} INFO - [2024-11-15T06:08:59.481+0000] {dag.py:4180} INFO - Setting next_dagrun for keyword_news to 2024-11-15 06:00:00+00:00, run_after=2024-11-16 06:00:00+00:00
[2024-11-15T06:08:59.530+0000] {processor.py:208} INFO - Processing /opt/airflow/dags/nh_keyword_news_crawling.py took 0.757 seconds
[2024-11-15T06:09:30.269+0000] {processor.py:186} INFO - Started process (PID=3788) to work on /opt/airflow/dags/nh_keyword_news_crawling.py
[2024-11-15T06:09:30.272+0000] {processor.py:914} INFO - Processing file /opt/airflow/dags/nh_keyword_news_crawling.py for tasks to queue
[2024-11-15T06:09:30.277+0000] {logging_mixin.py:190} INFO - [2024-11-15T06:09:30.277+0000] {dagbag.py:588} INFO - Filling up the DagBag from /opt/airflow/dags/nh_keyword_news_crawling.py
[2024-11-15T06:09:30.614+0000] {processor.py:925} INFO - DAG(s) 'keyword_news' retrieved from /opt/airflow/dags/nh_keyword_news_crawling.py
[2024-11-15T06:09:30.674+0000] {logging_mixin.py:190} INFO - [2024-11-15T06:09:30.673+0000] {dag.py:3239} INFO - Sync 1 DAGs
[2024-11-15T06:09:30.749+0000] {logging_mixin.py:190} INFO - [2024-11-15T06:09:30.748+0000] {dag.py:4180} INFO - Setting next_dagrun for keyword_news to 2024-11-15 06:00:00+00:00, run_after=2024-11-16 06:00:00+00:00
[2024-11-15T06:09:30.801+0000] {processor.py:208} INFO - Processing /opt/airflow/dags/nh_keyword_news_crawling.py took 0.545 seconds
[2024-11-15T06:10:02.107+0000] {processor.py:186} INFO - Started process (PID=3848) to work on /opt/airflow/dags/nh_keyword_news_crawling.py
[2024-11-15T06:10:02.110+0000] {processor.py:914} INFO - Processing file /opt/airflow/dags/nh_keyword_news_crawling.py for tasks to queue
[2024-11-15T06:10:02.116+0000] {logging_mixin.py:190} INFO - [2024-11-15T06:10:02.115+0000] {dagbag.py:588} INFO - Filling up the DagBag from /opt/airflow/dags/nh_keyword_news_crawling.py
[2024-11-15T06:10:02.420+0000] {processor.py:925} INFO - DAG(s) 'keyword_news' retrieved from /opt/airflow/dags/nh_keyword_news_crawling.py
[2024-11-15T06:10:02.470+0000] {logging_mixin.py:190} INFO - [2024-11-15T06:10:02.469+0000] {dag.py:3239} INFO - Sync 1 DAGs
[2024-11-15T06:10:02.544+0000] {logging_mixin.py:190} INFO - [2024-11-15T06:10:02.544+0000] {dag.py:4180} INFO - Setting next_dagrun for keyword_news to 2024-11-15 06:00:00+00:00, run_after=2024-11-16 06:00:00+00:00
[2024-11-15T06:10:02.596+0000] {processor.py:208} INFO - Processing /opt/airflow/dags/nh_keyword_news_crawling.py took 0.504 seconds
[2024-11-15T06:10:32.957+0000] {processor.py:186} INFO - Started process (PID=3910) to work on /opt/airflow/dags/nh_keyword_news_crawling.py
[2024-11-15T06:10:32.963+0000] {processor.py:914} INFO - Processing file /opt/airflow/dags/nh_keyword_news_crawling.py for tasks to queue
[2024-11-15T06:10:32.971+0000] {logging_mixin.py:190} INFO - [2024-11-15T06:10:32.970+0000] {dagbag.py:588} INFO - Filling up the DagBag from /opt/airflow/dags/nh_keyword_news_crawling.py
[2024-11-15T06:10:33.441+0000] {processor.py:925} INFO - DAG(s) 'keyword_news' retrieved from /opt/airflow/dags/nh_keyword_news_crawling.py
[2024-11-15T06:10:33.500+0000] {logging_mixin.py:190} INFO - [2024-11-15T06:10:33.499+0000] {dag.py:3239} INFO - Sync 1 DAGs
[2024-11-15T06:10:33.551+0000] {logging_mixin.py:190} INFO - [2024-11-15T06:10:33.550+0000] {dag.py:4180} INFO - Setting next_dagrun for keyword_news to 2024-11-15 06:00:00+00:00, run_after=2024-11-16 06:00:00+00:00
[2024-11-15T06:10:33.589+0000] {processor.py:208} INFO - Processing /opt/airflow/dags/nh_keyword_news_crawling.py took 0.667 seconds
[2024-11-15T06:11:03.890+0000] {processor.py:186} INFO - Started process (PID=3974) to work on /opt/airflow/dags/nh_keyword_news_crawling.py
[2024-11-15T06:11:03.893+0000] {processor.py:914} INFO - Processing file /opt/airflow/dags/nh_keyword_news_crawling.py for tasks to queue
[2024-11-15T06:11:03.899+0000] {logging_mixin.py:190} INFO - [2024-11-15T06:11:03.899+0000] {dagbag.py:588} INFO - Filling up the DagBag from /opt/airflow/dags/nh_keyword_news_crawling.py
[2024-11-15T06:11:04.230+0000] {processor.py:925} INFO - DAG(s) 'keyword_news' retrieved from /opt/airflow/dags/nh_keyword_news_crawling.py
[2024-11-15T06:11:04.266+0000] {logging_mixin.py:190} INFO - [2024-11-15T06:11:04.265+0000] {dag.py:3239} INFO - Sync 1 DAGs
[2024-11-15T06:11:04.311+0000] {logging_mixin.py:190} INFO - [2024-11-15T06:11:04.310+0000] {dag.py:4180} INFO - Setting next_dagrun for keyword_news to 2024-11-15 06:00:00+00:00, run_after=2024-11-16 06:00:00+00:00
[2024-11-15T06:11:04.342+0000] {processor.py:208} INFO - Processing /opt/airflow/dags/nh_keyword_news_crawling.py took 0.484 seconds
[2024-11-15T06:11:34.749+0000] {processor.py:186} INFO - Started process (PID=4039) to work on /opt/airflow/dags/nh_keyword_news_crawling.py
[2024-11-15T06:11:34.755+0000] {processor.py:914} INFO - Processing file /opt/airflow/dags/nh_keyword_news_crawling.py for tasks to queue
[2024-11-15T06:11:34.770+0000] {logging_mixin.py:190} INFO - [2024-11-15T06:11:34.768+0000] {dagbag.py:588} INFO - Filling up the DagBag from /opt/airflow/dags/nh_keyword_news_crawling.py
[2024-11-15T06:11:35.104+0000] {processor.py:925} INFO - DAG(s) 'keyword_news' retrieved from /opt/airflow/dags/nh_keyword_news_crawling.py
[2024-11-15T06:11:35.136+0000] {logging_mixin.py:190} INFO - [2024-11-15T06:11:35.136+0000] {dag.py:3239} INFO - Sync 1 DAGs
[2024-11-15T06:11:35.183+0000] {logging_mixin.py:190} INFO - [2024-11-15T06:11:35.183+0000] {dag.py:4180} INFO - Setting next_dagrun for keyword_news to 2024-11-15 06:00:00+00:00, run_after=2024-11-16 06:00:00+00:00
[2024-11-15T06:11:35.220+0000] {processor.py:208} INFO - Processing /opt/airflow/dags/nh_keyword_news_crawling.py took 0.503 seconds
[2024-11-15T06:12:05.401+0000] {processor.py:186} INFO - Started process (PID=4104) to work on /opt/airflow/dags/nh_keyword_news_crawling.py
[2024-11-15T06:12:05.404+0000] {processor.py:914} INFO - Processing file /opt/airflow/dags/nh_keyword_news_crawling.py for tasks to queue
[2024-11-15T06:12:05.411+0000] {logging_mixin.py:190} INFO - [2024-11-15T06:12:05.410+0000] {dagbag.py:588} INFO - Filling up the DagBag from /opt/airflow/dags/nh_keyword_news_crawling.py
[2024-11-15T06:12:05.760+0000] {processor.py:925} INFO - DAG(s) 'keyword_news' retrieved from /opt/airflow/dags/nh_keyword_news_crawling.py
[2024-11-15T06:12:05.814+0000] {logging_mixin.py:190} INFO - [2024-11-15T06:12:05.813+0000] {dag.py:3239} INFO - Sync 1 DAGs
[2024-11-15T06:12:05.897+0000] {logging_mixin.py:190} INFO - [2024-11-15T06:12:05.896+0000] {dag.py:4180} INFO - Setting next_dagrun for keyword_news to 2024-11-15 06:00:00+00:00, run_after=2024-11-16 06:00:00+00:00
[2024-11-15T06:12:05.967+0000] {processor.py:208} INFO - Processing /opt/airflow/dags/nh_keyword_news_crawling.py took 0.584 seconds
[2024-11-15T06:12:36.777+0000] {processor.py:186} INFO - Started process (PID=4169) to work on /opt/airflow/dags/nh_keyword_news_crawling.py
[2024-11-15T06:12:36.783+0000] {processor.py:914} INFO - Processing file /opt/airflow/dags/nh_keyword_news_crawling.py for tasks to queue
[2024-11-15T06:12:36.795+0000] {logging_mixin.py:190} INFO - [2024-11-15T06:12:36.794+0000] {dagbag.py:588} INFO - Filling up the DagBag from /opt/airflow/dags/nh_keyword_news_crawling.py
[2024-11-15T06:12:37.169+0000] {processor.py:925} INFO - DAG(s) 'keyword_news' retrieved from /opt/airflow/dags/nh_keyword_news_crawling.py
[2024-11-15T06:12:37.247+0000] {logging_mixin.py:190} INFO - [2024-11-15T06:12:37.243+0000] {dag.py:3239} INFO - Sync 1 DAGs
[2024-11-15T06:12:37.354+0000] {logging_mixin.py:190} INFO - [2024-11-15T06:12:37.353+0000] {dag.py:4180} INFO - Setting next_dagrun for keyword_news to 2024-11-15 06:00:00+00:00, run_after=2024-11-16 06:00:00+00:00
[2024-11-15T06:12:37.429+0000] {processor.py:208} INFO - Processing /opt/airflow/dags/nh_keyword_news_crawling.py took 0.687 seconds
[2024-11-15T06:13:08.265+0000] {processor.py:186} INFO - Started process (PID=4237) to work on /opt/airflow/dags/nh_keyword_news_crawling.py
[2024-11-15T06:13:08.268+0000] {processor.py:914} INFO - Processing file /opt/airflow/dags/nh_keyword_news_crawling.py for tasks to queue
[2024-11-15T06:13:08.274+0000] {logging_mixin.py:190} INFO - [2024-11-15T06:13:08.273+0000] {dagbag.py:588} INFO - Filling up the DagBag from /opt/airflow/dags/nh_keyword_news_crawling.py
[2024-11-15T06:13:08.564+0000] {processor.py:925} INFO - DAG(s) 'keyword_news' retrieved from /opt/airflow/dags/nh_keyword_news_crawling.py
[2024-11-15T06:13:08.629+0000] {logging_mixin.py:190} INFO - [2024-11-15T06:13:08.627+0000] {dag.py:3239} INFO - Sync 1 DAGs
[2024-11-15T06:13:08.743+0000] {logging_mixin.py:190} INFO - [2024-11-15T06:13:08.743+0000] {dag.py:4180} INFO - Setting next_dagrun for keyword_news to 2024-11-15 06:00:00+00:00, run_after=2024-11-16 06:00:00+00:00
[2024-11-15T06:13:08.813+0000] {processor.py:208} INFO - Processing /opt/airflow/dags/nh_keyword_news_crawling.py took 0.564 seconds
[2024-11-15T06:13:39.513+0000] {processor.py:186} INFO - Started process (PID=4303) to work on /opt/airflow/dags/nh_keyword_news_crawling.py
[2024-11-15T06:13:39.517+0000] {processor.py:914} INFO - Processing file /opt/airflow/dags/nh_keyword_news_crawling.py for tasks to queue
[2024-11-15T06:13:39.523+0000] {logging_mixin.py:190} INFO - [2024-11-15T06:13:39.522+0000] {dagbag.py:588} INFO - Filling up the DagBag from /opt/airflow/dags/nh_keyword_news_crawling.py
[2024-11-15T06:13:39.912+0000] {processor.py:925} INFO - DAG(s) 'keyword_news' retrieved from /opt/airflow/dags/nh_keyword_news_crawling.py
[2024-11-15T06:13:39.961+0000] {logging_mixin.py:190} INFO - [2024-11-15T06:13:39.960+0000] {dag.py:3239} INFO - Sync 1 DAGs
[2024-11-15T06:13:40.021+0000] {logging_mixin.py:190} INFO - [2024-11-15T06:13:40.020+0000] {dag.py:4180} INFO - Setting next_dagrun for keyword_news to 2024-11-15 06:00:00+00:00, run_after=2024-11-16 06:00:00+00:00
[2024-11-15T06:13:40.067+0000] {processor.py:208} INFO - Processing /opt/airflow/dags/nh_keyword_news_crawling.py took 0.569 seconds
