[2024-11-15T05:37:39.176+0000] {processor.py:186} INFO - Started process (PID=79) to work on /opt/airflow/dags/nh_news_crawling.py
[2024-11-15T05:37:39.443+0000] {processor.py:914} INFO - Processing file /opt/airflow/dags/nh_news_crawling.py for tasks to queue
[2024-11-15T05:37:39.552+0000] {logging_mixin.py:190} INFO - [2024-11-15T05:37:39.549+0000] {dagbag.py:588} INFO - Filling up the DagBag from /opt/airflow/dags/nh_news_crawling.py
[2024-11-15T05:37:41.198+0000] {processor.py:925} INFO - DAG(s) 'daily_news_crawler' retrieved from /opt/airflow/dags/nh_news_crawling.py
[2024-11-15T05:37:41.624+0000] {logging_mixin.py:190} INFO - [2024-11-15T05:37:41.622+0000] {dag.py:3239} INFO - Sync 1 DAGs
[2024-11-15T05:37:42.278+0000] {logging_mixin.py:190} INFO - [2024-11-15T05:37:42.274+0000] {dag.py:4180} INFO - Setting next_dagrun for daily_news_crawler to 2024-11-15 00:00:00+00:00, run_after=2024-11-16 00:00:00+00:00
[2024-11-15T05:37:42.837+0000] {processor.py:208} INFO - Processing /opt/airflow/dags/nh_news_crawling.py took 3.806 seconds
[2024-11-15T05:39:16.759+0000] {processor.py:186} INFO - Started process (PID=167) to work on /opt/airflow/dags/nh_news_crawling.py
[2024-11-15T05:39:16.777+0000] {processor.py:914} INFO - Processing file /opt/airflow/dags/nh_news_crawling.py for tasks to queue
[2024-11-15T05:39:16.794+0000] {logging_mixin.py:190} INFO - [2024-11-15T05:39:16.793+0000] {dagbag.py:588} INFO - Filling up the DagBag from /opt/airflow/dags/nh_news_crawling.py
[2024-11-15T05:39:17.508+0000] {processor.py:925} INFO - DAG(s) 'daily_news_crawler' retrieved from /opt/airflow/dags/nh_news_crawling.py
[2024-11-15T05:39:17.565+0000] {logging_mixin.py:190} INFO - [2024-11-15T05:39:17.564+0000] {dag.py:3239} INFO - Sync 1 DAGs
[2024-11-15T05:39:17.675+0000] {logging_mixin.py:190} INFO - [2024-11-15T05:39:17.673+0000] {dag.py:4180} INFO - Setting next_dagrun for daily_news_crawler to 2024-11-15 00:00:00+00:00, run_after=2024-11-16 00:00:00+00:00
[2024-11-15T05:39:17.765+0000] {processor.py:208} INFO - Processing /opt/airflow/dags/nh_news_crawling.py took 1.043 seconds
[2024-11-15T05:39:48.864+0000] {processor.py:186} INFO - Started process (PID=228) to work on /opt/airflow/dags/nh_news_crawling.py
[2024-11-15T05:39:48.868+0000] {processor.py:914} INFO - Processing file /opt/airflow/dags/nh_news_crawling.py for tasks to queue
[2024-11-15T05:39:48.881+0000] {logging_mixin.py:190} INFO - [2024-11-15T05:39:48.880+0000] {dagbag.py:588} INFO - Filling up the DagBag from /opt/airflow/dags/nh_news_crawling.py
[2024-11-15T05:39:49.397+0000] {processor.py:925} INFO - DAG(s) 'daily_news_crawler' retrieved from /opt/airflow/dags/nh_news_crawling.py
[2024-11-15T05:39:49.446+0000] {logging_mixin.py:190} INFO - [2024-11-15T05:39:49.445+0000] {dag.py:3239} INFO - Sync 1 DAGs
[2024-11-15T05:39:49.518+0000] {logging_mixin.py:190} INFO - [2024-11-15T05:39:49.518+0000] {dag.py:4180} INFO - Setting next_dagrun for daily_news_crawler to 2024-11-15 00:00:00+00:00, run_after=2024-11-16 00:00:00+00:00
[2024-11-15T05:39:49.566+0000] {processor.py:208} INFO - Processing /opt/airflow/dags/nh_news_crawling.py took 0.724 seconds
[2024-11-15T05:40:20.107+0000] {processor.py:186} INFO - Started process (PID=293) to work on /opt/airflow/dags/nh_news_crawling.py
[2024-11-15T05:40:20.112+0000] {processor.py:914} INFO - Processing file /opt/airflow/dags/nh_news_crawling.py for tasks to queue
[2024-11-15T05:40:20.133+0000] {logging_mixin.py:190} INFO - [2024-11-15T05:40:20.132+0000] {dagbag.py:588} INFO - Filling up the DagBag from /opt/airflow/dags/nh_news_crawling.py
[2024-11-15T05:40:20.406+0000] {processor.py:925} INFO - DAG(s) 'daily_news_crawler' retrieved from /opt/airflow/dags/nh_news_crawling.py
[2024-11-15T05:40:20.448+0000] {logging_mixin.py:190} INFO - [2024-11-15T05:40:20.447+0000] {dag.py:3239} INFO - Sync 1 DAGs
[2024-11-15T05:40:20.504+0000] {logging_mixin.py:190} INFO - [2024-11-15T05:40:20.504+0000] {dag.py:4180} INFO - Setting next_dagrun for daily_news_crawler to 2024-11-15 00:00:00+00:00, run_after=2024-11-16 00:00:00+00:00
[2024-11-15T05:40:20.538+0000] {processor.py:208} INFO - Processing /opt/airflow/dags/nh_news_crawling.py took 0.450 seconds
[2024-11-15T05:40:53.601+0000] {processor.py:186} INFO - Started process (PID=347) to work on /opt/airflow/dags/nh_news_crawling.py
[2024-11-15T05:40:53.612+0000] {processor.py:914} INFO - Processing file /opt/airflow/dags/nh_news_crawling.py for tasks to queue
[2024-11-15T05:40:53.619+0000] {logging_mixin.py:190} INFO - [2024-11-15T05:40:53.618+0000] {dagbag.py:588} INFO - Filling up the DagBag from /opt/airflow/dags/nh_news_crawling.py
[2024-11-15T05:40:54.107+0000] {processor.py:925} INFO - DAG(s) 'daily_news_crawler' retrieved from /opt/airflow/dags/nh_news_crawling.py
[2024-11-15T05:40:54.182+0000] {logging_mixin.py:190} INFO - [2024-11-15T05:40:54.181+0000] {dag.py:3239} INFO - Sync 1 DAGs
[2024-11-15T05:40:54.313+0000] {logging_mixin.py:190} INFO - [2024-11-15T05:40:54.313+0000] {dag.py:4180} INFO - Setting next_dagrun for daily_news_crawler to 2024-11-15 00:00:00+00:00, run_after=2024-11-16 00:00:00+00:00
[2024-11-15T05:40:54.397+0000] {processor.py:208} INFO - Processing /opt/airflow/dags/nh_news_crawling.py took 0.823 seconds
[2024-11-15T05:41:24.895+0000] {processor.py:186} INFO - Started process (PID=412) to work on /opt/airflow/dags/nh_news_crawling.py
[2024-11-15T05:41:24.897+0000] {processor.py:914} INFO - Processing file /opt/airflow/dags/nh_news_crawling.py for tasks to queue
[2024-11-15T05:41:24.901+0000] {logging_mixin.py:190} INFO - [2024-11-15T05:41:24.901+0000] {dagbag.py:588} INFO - Filling up the DagBag from /opt/airflow/dags/nh_news_crawling.py
[2024-11-15T05:41:25.124+0000] {processor.py:925} INFO - DAG(s) 'daily_news_crawler' retrieved from /opt/airflow/dags/nh_news_crawling.py
[2024-11-15T05:41:25.170+0000] {logging_mixin.py:190} INFO - [2024-11-15T05:41:25.169+0000] {dag.py:3239} INFO - Sync 1 DAGs
[2024-11-15T05:41:25.219+0000] {logging_mixin.py:190} INFO - [2024-11-15T05:41:25.219+0000] {dag.py:4180} INFO - Setting next_dagrun for daily_news_crawler to 2024-11-15 00:00:00+00:00, run_after=2024-11-16 00:00:00+00:00
[2024-11-15T05:41:25.255+0000] {processor.py:208} INFO - Processing /opt/airflow/dags/nh_news_crawling.py took 0.372 seconds
[2024-11-15T05:41:56.308+0000] {processor.py:186} INFO - Started process (PID=483) to work on /opt/airflow/dags/nh_news_crawling.py
[2024-11-15T05:41:56.311+0000] {processor.py:914} INFO - Processing file /opt/airflow/dags/nh_news_crawling.py for tasks to queue
[2024-11-15T05:41:56.316+0000] {logging_mixin.py:190} INFO - [2024-11-15T05:41:56.316+0000] {dagbag.py:588} INFO - Filling up the DagBag from /opt/airflow/dags/nh_news_crawling.py
[2024-11-15T05:41:56.602+0000] {processor.py:925} INFO - DAG(s) 'daily_news_crawler' retrieved from /opt/airflow/dags/nh_news_crawling.py
[2024-11-15T05:41:56.639+0000] {logging_mixin.py:190} INFO - [2024-11-15T05:41:56.639+0000] {dag.py:3239} INFO - Sync 1 DAGs
[2024-11-15T05:41:56.688+0000] {logging_mixin.py:190} INFO - [2024-11-15T05:41:56.687+0000] {dag.py:4180} INFO - Setting next_dagrun for daily_news_crawler to 2024-11-15 00:00:00+00:00, run_after=2024-11-16 00:00:00+00:00
[2024-11-15T05:41:56.724+0000] {processor.py:208} INFO - Processing /opt/airflow/dags/nh_news_crawling.py took 0.427 seconds
[2024-11-15T05:42:27.032+0000] {processor.py:186} INFO - Started process (PID=548) to work on /opt/airflow/dags/nh_news_crawling.py
[2024-11-15T05:42:27.035+0000] {processor.py:914} INFO - Processing file /opt/airflow/dags/nh_news_crawling.py for tasks to queue
[2024-11-15T05:42:27.040+0000] {logging_mixin.py:190} INFO - [2024-11-15T05:42:27.039+0000] {dagbag.py:588} INFO - Filling up the DagBag from /opt/airflow/dags/nh_news_crawling.py
[2024-11-15T05:42:27.211+0000] {processor.py:925} INFO - DAG(s) 'daily_news_crawler' retrieved from /opt/airflow/dags/nh_news_crawling.py
[2024-11-15T05:42:27.241+0000] {logging_mixin.py:190} INFO - [2024-11-15T05:42:27.241+0000] {dag.py:3239} INFO - Sync 1 DAGs
[2024-11-15T05:42:27.284+0000] {logging_mixin.py:190} INFO - [2024-11-15T05:42:27.284+0000] {dag.py:4180} INFO - Setting next_dagrun for daily_news_crawler to 2024-11-15 00:00:00+00:00, run_after=2024-11-16 00:00:00+00:00
[2024-11-15T05:42:27.322+0000] {processor.py:208} INFO - Processing /opt/airflow/dags/nh_news_crawling.py took 0.300 seconds
[2024-11-15T05:42:57.701+0000] {processor.py:186} INFO - Started process (PID=611) to work on /opt/airflow/dags/nh_news_crawling.py
[2024-11-15T05:42:57.706+0000] {processor.py:914} INFO - Processing file /opt/airflow/dags/nh_news_crawling.py for tasks to queue
[2024-11-15T05:42:57.712+0000] {logging_mixin.py:190} INFO - [2024-11-15T05:42:57.711+0000] {dagbag.py:588} INFO - Filling up the DagBag from /opt/airflow/dags/nh_news_crawling.py
[2024-11-15T05:42:57.957+0000] {processor.py:925} INFO - DAG(s) 'daily_news_crawler' retrieved from /opt/airflow/dags/nh_news_crawling.py
[2024-11-15T05:42:57.988+0000] {logging_mixin.py:190} INFO - [2024-11-15T05:42:57.987+0000] {dag.py:3239} INFO - Sync 1 DAGs
[2024-11-15T05:42:58.059+0000] {logging_mixin.py:190} INFO - [2024-11-15T05:42:58.058+0000] {dag.py:4180} INFO - Setting next_dagrun for daily_news_crawler to 2024-11-15 00:00:00+00:00, run_after=2024-11-16 00:00:00+00:00
[2024-11-15T05:42:58.108+0000] {processor.py:208} INFO - Processing /opt/airflow/dags/nh_news_crawling.py took 0.429 seconds
[2024-11-15T05:43:28.927+0000] {processor.py:186} INFO - Started process (PID=676) to work on /opt/airflow/dags/nh_news_crawling.py
[2024-11-15T05:43:28.932+0000] {processor.py:914} INFO - Processing file /opt/airflow/dags/nh_news_crawling.py for tasks to queue
[2024-11-15T05:43:28.939+0000] {logging_mixin.py:190} INFO - [2024-11-15T05:43:28.938+0000] {dagbag.py:588} INFO - Filling up the DagBag from /opt/airflow/dags/nh_news_crawling.py
[2024-11-15T05:43:29.256+0000] {processor.py:925} INFO - DAG(s) 'daily_news_crawler' retrieved from /opt/airflow/dags/nh_news_crawling.py
[2024-11-15T05:43:29.296+0000] {logging_mixin.py:190} INFO - [2024-11-15T05:43:29.294+0000] {dag.py:3239} INFO - Sync 1 DAGs
[2024-11-15T05:43:29.355+0000] {logging_mixin.py:190} INFO - [2024-11-15T05:43:29.354+0000] {dag.py:4180} INFO - Setting next_dagrun for daily_news_crawler to 2024-11-15 00:00:00+00:00, run_after=2024-11-16 00:00:00+00:00
[2024-11-15T05:43:29.394+0000] {processor.py:208} INFO - Processing /opt/airflow/dags/nh_news_crawling.py took 0.486 seconds
[2024-11-15T05:44:00.291+0000] {processor.py:186} INFO - Started process (PID=742) to work on /opt/airflow/dags/nh_news_crawling.py
[2024-11-15T05:44:00.294+0000] {processor.py:914} INFO - Processing file /opt/airflow/dags/nh_news_crawling.py for tasks to queue
[2024-11-15T05:44:00.302+0000] {logging_mixin.py:190} INFO - [2024-11-15T05:44:00.301+0000] {dagbag.py:588} INFO - Filling up the DagBag from /opt/airflow/dags/nh_news_crawling.py
[2024-11-15T05:44:00.763+0000] {processor.py:925} INFO - DAG(s) 'daily_news_crawler' retrieved from /opt/airflow/dags/nh_news_crawling.py
[2024-11-15T05:44:00.871+0000] {logging_mixin.py:190} INFO - [2024-11-15T05:44:00.870+0000] {dag.py:3239} INFO - Sync 1 DAGs
[2024-11-15T05:44:01.027+0000] {logging_mixin.py:190} INFO - [2024-11-15T05:44:01.026+0000] {dag.py:4180} INFO - Setting next_dagrun for daily_news_crawler to 2024-11-15 00:00:00+00:00, run_after=2024-11-16 00:00:00+00:00
[2024-11-15T05:44:01.102+0000] {processor.py:208} INFO - Processing /opt/airflow/dags/nh_news_crawling.py took 0.831 seconds
[2024-11-15T05:44:31.836+0000] {processor.py:186} INFO - Started process (PID=807) to work on /opt/airflow/dags/nh_news_crawling.py
[2024-11-15T05:44:31.841+0000] {processor.py:914} INFO - Processing file /opt/airflow/dags/nh_news_crawling.py for tasks to queue
[2024-11-15T05:44:31.847+0000] {logging_mixin.py:190} INFO - [2024-11-15T05:44:31.846+0000] {dagbag.py:588} INFO - Filling up the DagBag from /opt/airflow/dags/nh_news_crawling.py
[2024-11-15T05:44:32.075+0000] {processor.py:925} INFO - DAG(s) 'daily_news_crawler' retrieved from /opt/airflow/dags/nh_news_crawling.py
[2024-11-15T05:44:32.110+0000] {logging_mixin.py:190} INFO - [2024-11-15T05:44:32.109+0000] {dag.py:3239} INFO - Sync 1 DAGs
[2024-11-15T05:44:32.170+0000] {logging_mixin.py:190} INFO - [2024-11-15T05:44:32.170+0000] {dag.py:4180} INFO - Setting next_dagrun for daily_news_crawler to 2024-11-15 00:00:00+00:00, run_after=2024-11-16 00:00:00+00:00
[2024-11-15T05:44:32.210+0000] {processor.py:208} INFO - Processing /opt/airflow/dags/nh_news_crawling.py took 0.388 seconds
[2024-11-15T05:45:02.937+0000] {processor.py:186} INFO - Started process (PID=872) to work on /opt/airflow/dags/nh_news_crawling.py
[2024-11-15T05:45:02.942+0000] {processor.py:914} INFO - Processing file /opt/airflow/dags/nh_news_crawling.py for tasks to queue
[2024-11-15T05:45:02.951+0000] {logging_mixin.py:190} INFO - [2024-11-15T05:45:02.950+0000] {dagbag.py:588} INFO - Filling up the DagBag from /opt/airflow/dags/nh_news_crawling.py
[2024-11-15T05:45:03.340+0000] {processor.py:925} INFO - DAG(s) 'daily_news_crawler' retrieved from /opt/airflow/dags/nh_news_crawling.py
[2024-11-15T05:45:03.405+0000] {logging_mixin.py:190} INFO - [2024-11-15T05:45:03.404+0000] {dag.py:3239} INFO - Sync 1 DAGs
[2024-11-15T05:45:03.476+0000] {logging_mixin.py:190} INFO - [2024-11-15T05:45:03.476+0000] {dag.py:4180} INFO - Setting next_dagrun for daily_news_crawler to 2024-11-15 00:00:00+00:00, run_after=2024-11-16 00:00:00+00:00
[2024-11-15T05:45:03.522+0000] {processor.py:208} INFO - Processing /opt/airflow/dags/nh_news_crawling.py took 0.604 seconds
[2024-11-15T05:45:33.958+0000] {processor.py:186} INFO - Started process (PID=937) to work on /opt/airflow/dags/nh_news_crawling.py
[2024-11-15T05:45:33.961+0000] {processor.py:914} INFO - Processing file /opt/airflow/dags/nh_news_crawling.py for tasks to queue
[2024-11-15T05:45:33.968+0000] {logging_mixin.py:190} INFO - [2024-11-15T05:45:33.967+0000] {dagbag.py:588} INFO - Filling up the DagBag from /opt/airflow/dags/nh_news_crawling.py
[2024-11-15T05:45:34.199+0000] {processor.py:925} INFO - DAG(s) 'daily_news_crawler' retrieved from /opt/airflow/dags/nh_news_crawling.py
[2024-11-15T05:45:34.260+0000] {logging_mixin.py:190} INFO - [2024-11-15T05:45:34.259+0000] {dag.py:3239} INFO - Sync 1 DAGs
[2024-11-15T05:45:34.610+0000] {logging_mixin.py:190} INFO - [2024-11-15T05:45:34.610+0000] {dag.py:4180} INFO - Setting next_dagrun for daily_news_crawler to 2024-11-15 00:00:00+00:00, run_after=2024-11-16 00:00:00+00:00
[2024-11-15T05:45:34.754+0000] {processor.py:208} INFO - Processing /opt/airflow/dags/nh_news_crawling.py took 0.810 seconds
[2024-11-15T05:46:05.114+0000] {processor.py:186} INFO - Started process (PID=1002) to work on /opt/airflow/dags/nh_news_crawling.py
[2024-11-15T05:46:05.117+0000] {processor.py:914} INFO - Processing file /opt/airflow/dags/nh_news_crawling.py for tasks to queue
[2024-11-15T05:46:05.123+0000] {logging_mixin.py:190} INFO - [2024-11-15T05:46:05.122+0000] {dagbag.py:588} INFO - Filling up the DagBag from /opt/airflow/dags/nh_news_crawling.py
[2024-11-15T05:46:05.376+0000] {processor.py:925} INFO - DAG(s) 'daily_news_crawler' retrieved from /opt/airflow/dags/nh_news_crawling.py
[2024-11-15T05:46:05.416+0000] {logging_mixin.py:190} INFO - [2024-11-15T05:46:05.415+0000] {dag.py:3239} INFO - Sync 1 DAGs
[2024-11-15T05:46:05.466+0000] {logging_mixin.py:190} INFO - [2024-11-15T05:46:05.465+0000] {dag.py:4180} INFO - Setting next_dagrun for daily_news_crawler to 2024-11-15 00:00:00+00:00, run_after=2024-11-16 00:00:00+00:00
[2024-11-15T05:46:05.504+0000] {processor.py:208} INFO - Processing /opt/airflow/dags/nh_news_crawling.py took 0.409 seconds
[2024-11-15T05:46:35.849+0000] {processor.py:186} INFO - Started process (PID=1067) to work on /opt/airflow/dags/nh_news_crawling.py
[2024-11-15T05:46:35.853+0000] {processor.py:914} INFO - Processing file /opt/airflow/dags/nh_news_crawling.py for tasks to queue
[2024-11-15T05:46:35.859+0000] {logging_mixin.py:190} INFO - [2024-11-15T05:46:35.858+0000] {dagbag.py:588} INFO - Filling up the DagBag from /opt/airflow/dags/nh_news_crawling.py
[2024-11-15T05:46:36.147+0000] {processor.py:925} INFO - DAG(s) 'daily_news_crawler' retrieved from /opt/airflow/dags/nh_news_crawling.py
[2024-11-15T05:46:36.191+0000] {logging_mixin.py:190} INFO - [2024-11-15T05:46:36.190+0000] {dag.py:3239} INFO - Sync 1 DAGs
[2024-11-15T05:46:36.240+0000] {logging_mixin.py:190} INFO - [2024-11-15T05:46:36.240+0000] {dag.py:4180} INFO - Setting next_dagrun for daily_news_crawler to 2024-11-15 00:00:00+00:00, run_after=2024-11-16 00:00:00+00:00
[2024-11-15T05:46:36.276+0000] {processor.py:208} INFO - Processing /opt/airflow/dags/nh_news_crawling.py took 0.445 seconds
[2024-11-15T05:47:07.221+0000] {processor.py:186} INFO - Started process (PID=1132) to work on /opt/airflow/dags/nh_news_crawling.py
[2024-11-15T05:47:07.224+0000] {processor.py:914} INFO - Processing file /opt/airflow/dags/nh_news_crawling.py for tasks to queue
[2024-11-15T05:47:07.230+0000] {logging_mixin.py:190} INFO - [2024-11-15T05:47:07.229+0000] {dagbag.py:588} INFO - Filling up the DagBag from /opt/airflow/dags/nh_news_crawling.py
[2024-11-15T05:47:07.472+0000] {processor.py:925} INFO - DAG(s) 'daily_news_crawler' retrieved from /opt/airflow/dags/nh_news_crawling.py
[2024-11-15T05:47:07.507+0000] {logging_mixin.py:190} INFO - [2024-11-15T05:47:07.506+0000] {dag.py:3239} INFO - Sync 1 DAGs
[2024-11-15T05:47:07.550+0000] {logging_mixin.py:190} INFO - [2024-11-15T05:47:07.550+0000] {dag.py:4180} INFO - Setting next_dagrun for daily_news_crawler to 2024-11-15 00:00:00+00:00, run_after=2024-11-16 00:00:00+00:00
[2024-11-15T05:47:07.583+0000] {processor.py:208} INFO - Processing /opt/airflow/dags/nh_news_crawling.py took 0.377 seconds
[2024-11-15T05:47:38.505+0000] {processor.py:186} INFO - Started process (PID=1197) to work on /opt/airflow/dags/nh_news_crawling.py
[2024-11-15T05:47:38.508+0000] {processor.py:914} INFO - Processing file /opt/airflow/dags/nh_news_crawling.py for tasks to queue
[2024-11-15T05:47:38.513+0000] {logging_mixin.py:190} INFO - [2024-11-15T05:47:38.513+0000] {dagbag.py:588} INFO - Filling up the DagBag from /opt/airflow/dags/nh_news_crawling.py
[2024-11-15T05:47:38.729+0000] {processor.py:925} INFO - DAG(s) 'daily_news_crawler' retrieved from /opt/airflow/dags/nh_news_crawling.py
[2024-11-15T05:47:38.781+0000] {logging_mixin.py:190} INFO - [2024-11-15T05:47:38.780+0000] {dag.py:3239} INFO - Sync 1 DAGs
[2024-11-15T05:47:38.858+0000] {logging_mixin.py:190} INFO - [2024-11-15T05:47:38.858+0000] {dag.py:4180} INFO - Setting next_dagrun for daily_news_crawler to 2024-11-15 00:00:00+00:00, run_after=2024-11-16 00:00:00+00:00
[2024-11-15T05:47:38.899+0000] {processor.py:208} INFO - Processing /opt/airflow/dags/nh_news_crawling.py took 0.408 seconds
[2024-11-15T05:48:09.126+0000] {processor.py:186} INFO - Started process (PID=1261) to work on /opt/airflow/dags/nh_news_crawling.py
[2024-11-15T05:48:09.129+0000] {processor.py:914} INFO - Processing file /opt/airflow/dags/nh_news_crawling.py for tasks to queue
[2024-11-15T05:48:09.134+0000] {logging_mixin.py:190} INFO - [2024-11-15T05:48:09.133+0000] {dagbag.py:588} INFO - Filling up the DagBag from /opt/airflow/dags/nh_news_crawling.py
[2024-11-15T05:48:09.389+0000] {processor.py:925} INFO - DAG(s) 'daily_news_crawler' retrieved from /opt/airflow/dags/nh_news_crawling.py
[2024-11-15T05:48:09.437+0000] {logging_mixin.py:190} INFO - [2024-11-15T05:48:09.436+0000] {dag.py:3239} INFO - Sync 1 DAGs
[2024-11-15T05:48:09.500+0000] {logging_mixin.py:190} INFO - [2024-11-15T05:48:09.499+0000] {dag.py:4180} INFO - Setting next_dagrun for daily_news_crawler to 2024-11-15 00:00:00+00:00, run_after=2024-11-16 00:00:00+00:00
[2024-11-15T05:48:09.547+0000] {processor.py:208} INFO - Processing /opt/airflow/dags/nh_news_crawling.py took 0.433 seconds
[2024-11-15T05:48:39.989+0000] {processor.py:186} INFO - Started process (PID=1325) to work on /opt/airflow/dags/nh_news_crawling.py
[2024-11-15T05:48:39.992+0000] {processor.py:914} INFO - Processing file /opt/airflow/dags/nh_news_crawling.py for tasks to queue
[2024-11-15T05:48:39.997+0000] {logging_mixin.py:190} INFO - [2024-11-15T05:48:39.997+0000] {dagbag.py:588} INFO - Filling up the DagBag from /opt/airflow/dags/nh_news_crawling.py
[2024-11-15T05:48:40.456+0000] {processor.py:925} INFO - DAG(s) 'daily_news_crawler' retrieved from /opt/airflow/dags/nh_news_crawling.py
[2024-11-15T05:48:40.513+0000] {logging_mixin.py:190} INFO - [2024-11-15T05:48:40.512+0000] {dag.py:3239} INFO - Sync 1 DAGs
[2024-11-15T05:48:40.586+0000] {logging_mixin.py:190} INFO - [2024-11-15T05:48:40.586+0000] {dag.py:4180} INFO - Setting next_dagrun for daily_news_crawler to 2024-11-15 00:00:00+00:00, run_after=2024-11-16 00:00:00+00:00
[2024-11-15T05:48:40.655+0000] {processor.py:208} INFO - Processing /opt/airflow/dags/nh_news_crawling.py took 0.683 seconds
[2024-11-15T05:49:11.660+0000] {processor.py:186} INFO - Started process (PID=1391) to work on /opt/airflow/dags/nh_news_crawling.py
[2024-11-15T05:49:11.663+0000] {processor.py:914} INFO - Processing file /opt/airflow/dags/nh_news_crawling.py for tasks to queue
[2024-11-15T05:49:11.668+0000] {logging_mixin.py:190} INFO - [2024-11-15T05:49:11.667+0000] {dagbag.py:588} INFO - Filling up the DagBag from /opt/airflow/dags/nh_news_crawling.py
[2024-11-15T05:49:11.960+0000] {processor.py:925} INFO - DAG(s) 'daily_news_crawler' retrieved from /opt/airflow/dags/nh_news_crawling.py
[2024-11-15T05:49:12.001+0000] {logging_mixin.py:190} INFO - [2024-11-15T05:49:12.000+0000] {dag.py:3239} INFO - Sync 1 DAGs
[2024-11-15T05:49:12.062+0000] {logging_mixin.py:190} INFO - [2024-11-15T05:49:12.062+0000] {dag.py:4180} INFO - Setting next_dagrun for daily_news_crawler to 2024-11-15 00:00:00+00:00, run_after=2024-11-16 00:00:00+00:00
[2024-11-15T05:49:12.095+0000] {processor.py:208} INFO - Processing /opt/airflow/dags/nh_news_crawling.py took 0.452 seconds
[2024-11-15T05:50:11.758+0000] {processor.py:186} INFO - Started process (PID=1458) to work on /opt/airflow/dags/nh_news_crawling.py
[2024-11-15T05:50:11.762+0000] {processor.py:914} INFO - Processing file /opt/airflow/dags/nh_news_crawling.py for tasks to queue
[2024-11-15T05:50:11.773+0000] {logging_mixin.py:190} INFO - [2024-11-15T05:50:11.768+0000] {dagbag.py:588} INFO - Filling up the DagBag from /opt/airflow/dags/nh_news_crawling.py
[2024-11-15T05:50:12.220+0000] {processor.py:925} INFO - DAG(s) 'daily_news_crawler' retrieved from /opt/airflow/dags/nh_news_crawling.py
[2024-11-15T05:50:12.320+0000] {logging_mixin.py:190} INFO - [2024-11-15T05:50:12.319+0000] {dag.py:3239} INFO - Sync 1 DAGs
[2024-11-15T05:50:12.485+0000] {logging_mixin.py:190} INFO - [2024-11-15T05:50:12.484+0000] {dag.py:4180} INFO - Setting next_dagrun for daily_news_crawler to 2024-11-15 00:00:00+00:00, run_after=2024-11-16 00:00:00+00:00
[2024-11-15T05:50:12.573+0000] {processor.py:208} INFO - Processing /opt/airflow/dags/nh_news_crawling.py took 0.836 seconds
[2024-11-15T05:50:44.396+0000] {processor.py:186} INFO - Started process (PID=1524) to work on /opt/airflow/dags/nh_news_crawling.py
[2024-11-15T05:50:44.400+0000] {processor.py:914} INFO - Processing file /opt/airflow/dags/nh_news_crawling.py for tasks to queue
[2024-11-15T05:50:44.408+0000] {logging_mixin.py:190} INFO - [2024-11-15T05:50:44.407+0000] {dagbag.py:588} INFO - Filling up the DagBag from /opt/airflow/dags/nh_news_crawling.py
[2024-11-15T05:50:44.715+0000] {processor.py:925} INFO - DAG(s) 'daily_news_crawler' retrieved from /opt/airflow/dags/nh_news_crawling.py
[2024-11-15T05:50:44.775+0000] {logging_mixin.py:190} INFO - [2024-11-15T05:50:44.775+0000] {dag.py:3239} INFO - Sync 1 DAGs
[2024-11-15T05:50:44.843+0000] {logging_mixin.py:190} INFO - [2024-11-15T05:50:44.842+0000] {dag.py:4180} INFO - Setting next_dagrun for daily_news_crawler to 2024-11-15 00:00:00+00:00, run_after=2024-11-16 00:00:00+00:00
[2024-11-15T05:50:44.891+0000] {processor.py:208} INFO - Processing /opt/airflow/dags/nh_news_crawling.py took 0.510 seconds
[2024-11-15T05:51:17.242+0000] {processor.py:186} INFO - Started process (PID=1590) to work on /opt/airflow/dags/nh_news_crawling.py
[2024-11-15T05:51:17.244+0000] {processor.py:914} INFO - Processing file /opt/airflow/dags/nh_news_crawling.py for tasks to queue
[2024-11-15T05:51:17.249+0000] {logging_mixin.py:190} INFO - [2024-11-15T05:51:17.249+0000] {dagbag.py:588} INFO - Filling up the DagBag from /opt/airflow/dags/nh_news_crawling.py
[2024-11-15T05:51:17.515+0000] {processor.py:925} INFO - DAG(s) 'daily_news_crawler' retrieved from /opt/airflow/dags/nh_news_crawling.py
[2024-11-15T05:51:17.552+0000] {logging_mixin.py:190} INFO - [2024-11-15T05:51:17.551+0000] {dag.py:3239} INFO - Sync 1 DAGs
[2024-11-15T05:51:17.605+0000] {logging_mixin.py:190} INFO - [2024-11-15T05:51:17.604+0000] {dag.py:4180} INFO - Setting next_dagrun for daily_news_crawler to 2024-11-15 00:00:00+00:00, run_after=2024-11-16 00:00:00+00:00
[2024-11-15T05:51:17.651+0000] {processor.py:208} INFO - Processing /opt/airflow/dags/nh_news_crawling.py took 0.421 seconds
[2024-11-15T05:51:49.547+0000] {processor.py:186} INFO - Started process (PID=1655) to work on /opt/airflow/dags/nh_news_crawling.py
[2024-11-15T05:51:49.549+0000] {processor.py:914} INFO - Processing file /opt/airflow/dags/nh_news_crawling.py for tasks to queue
[2024-11-15T05:51:49.556+0000] {logging_mixin.py:190} INFO - [2024-11-15T05:51:49.555+0000] {dagbag.py:588} INFO - Filling up the DagBag from /opt/airflow/dags/nh_news_crawling.py
[2024-11-15T05:51:50.059+0000] {processor.py:925} INFO - DAG(s) 'daily_news_crawler' retrieved from /opt/airflow/dags/nh_news_crawling.py
[2024-11-15T05:51:50.103+0000] {logging_mixin.py:190} INFO - [2024-11-15T05:51:50.102+0000] {dag.py:3239} INFO - Sync 1 DAGs
[2024-11-15T05:51:50.172+0000] {logging_mixin.py:190} INFO - [2024-11-15T05:51:50.171+0000] {dag.py:4180} INFO - Setting next_dagrun for daily_news_crawler to 2024-11-15 00:00:00+00:00, run_after=2024-11-16 00:00:00+00:00
[2024-11-15T05:51:50.230+0000] {processor.py:208} INFO - Processing /opt/airflow/dags/nh_news_crawling.py took 0.697 seconds
[2024-11-15T05:52:22.275+0000] {processor.py:186} INFO - Started process (PID=1717) to work on /opt/airflow/dags/nh_news_crawling.py
[2024-11-15T05:52:22.278+0000] {processor.py:914} INFO - Processing file /opt/airflow/dags/nh_news_crawling.py for tasks to queue
[2024-11-15T05:52:22.284+0000] {logging_mixin.py:190} INFO - [2024-11-15T05:52:22.283+0000] {dagbag.py:588} INFO - Filling up the DagBag from /opt/airflow/dags/nh_news_crawling.py
[2024-11-15T05:52:22.646+0000] {processor.py:925} INFO - DAG(s) 'daily_news_crawler' retrieved from /opt/airflow/dags/nh_news_crawling.py
[2024-11-15T05:52:22.716+0000] {logging_mixin.py:190} INFO - [2024-11-15T05:52:22.715+0000] {dag.py:3239} INFO - Sync 1 DAGs
[2024-11-15T05:52:22.793+0000] {logging_mixin.py:190} INFO - [2024-11-15T05:52:22.793+0000] {dag.py:4180} INFO - Setting next_dagrun for daily_news_crawler to 2024-11-15 00:00:00+00:00, run_after=2024-11-16 00:00:00+00:00
[2024-11-15T05:52:22.843+0000] {processor.py:208} INFO - Processing /opt/airflow/dags/nh_news_crawling.py took 0.582 seconds
[2024-11-15T05:52:55.430+0000] {processor.py:186} INFO - Started process (PID=1783) to work on /opt/airflow/dags/nh_news_crawling.py
[2024-11-15T05:52:55.434+0000] {processor.py:914} INFO - Processing file /opt/airflow/dags/nh_news_crawling.py for tasks to queue
[2024-11-15T05:52:55.441+0000] {logging_mixin.py:190} INFO - [2024-11-15T05:52:55.440+0000] {dagbag.py:588} INFO - Filling up the DagBag from /opt/airflow/dags/nh_news_crawling.py
[2024-11-15T05:52:55.683+0000] {processor.py:925} INFO - DAG(s) 'daily_news_crawler' retrieved from /opt/airflow/dags/nh_news_crawling.py
[2024-11-15T05:52:55.717+0000] {logging_mixin.py:190} INFO - [2024-11-15T05:52:55.717+0000] {dag.py:3239} INFO - Sync 1 DAGs
[2024-11-15T05:52:55.767+0000] {logging_mixin.py:190} INFO - [2024-11-15T05:52:55.767+0000] {dag.py:4180} INFO - Setting next_dagrun for daily_news_crawler to 2024-11-15 00:00:00+00:00, run_after=2024-11-16 00:00:00+00:00
[2024-11-15T05:52:55.817+0000] {processor.py:208} INFO - Processing /opt/airflow/dags/nh_news_crawling.py took 0.407 seconds
[2024-11-15T05:53:26.807+0000] {processor.py:186} INFO - Started process (PID=1846) to work on /opt/airflow/dags/nh_news_crawling.py
[2024-11-15T05:53:26.810+0000] {processor.py:914} INFO - Processing file /opt/airflow/dags/nh_news_crawling.py for tasks to queue
[2024-11-15T05:53:26.815+0000] {logging_mixin.py:190} INFO - [2024-11-15T05:53:26.814+0000] {dagbag.py:588} INFO - Filling up the DagBag from /opt/airflow/dags/nh_news_crawling.py
[2024-11-15T05:53:27.015+0000] {processor.py:925} INFO - DAG(s) 'daily_news_crawler' retrieved from /opt/airflow/dags/nh_news_crawling.py
[2024-11-15T05:53:27.053+0000] {logging_mixin.py:190} INFO - [2024-11-15T05:53:27.052+0000] {dag.py:3239} INFO - Sync 1 DAGs
[2024-11-15T05:53:27.104+0000] {logging_mixin.py:190} INFO - [2024-11-15T05:53:27.103+0000] {dag.py:4180} INFO - Setting next_dagrun for daily_news_crawler to 2024-11-15 00:00:00+00:00, run_after=2024-11-16 00:00:00+00:00
[2024-11-15T05:53:27.146+0000] {processor.py:208} INFO - Processing /opt/airflow/dags/nh_news_crawling.py took 0.357 seconds
[2024-11-15T05:53:57.543+0000] {processor.py:186} INFO - Started process (PID=1910) to work on /opt/airflow/dags/nh_news_crawling.py
[2024-11-15T05:53:57.545+0000] {processor.py:914} INFO - Processing file /opt/airflow/dags/nh_news_crawling.py for tasks to queue
[2024-11-15T05:53:57.551+0000] {logging_mixin.py:190} INFO - [2024-11-15T05:53:57.550+0000] {dagbag.py:588} INFO - Filling up the DagBag from /opt/airflow/dags/nh_news_crawling.py
[2024-11-15T05:53:57.838+0000] {processor.py:925} INFO - DAG(s) 'daily_news_crawler' retrieved from /opt/airflow/dags/nh_news_crawling.py
[2024-11-15T05:53:57.884+0000] {logging_mixin.py:190} INFO - [2024-11-15T05:53:57.883+0000] {dag.py:3239} INFO - Sync 1 DAGs
[2024-11-15T05:53:57.932+0000] {logging_mixin.py:190} INFO - [2024-11-15T05:53:57.931+0000] {dag.py:4180} INFO - Setting next_dagrun for daily_news_crawler to 2024-11-15 00:00:00+00:00, run_after=2024-11-16 00:00:00+00:00
[2024-11-15T05:53:57.968+0000] {processor.py:208} INFO - Processing /opt/airflow/dags/nh_news_crawling.py took 0.438 seconds
[2024-11-15T05:54:28.861+0000] {processor.py:186} INFO - Started process (PID=1975) to work on /opt/airflow/dags/nh_news_crawling.py
[2024-11-15T05:54:28.866+0000] {processor.py:914} INFO - Processing file /opt/airflow/dags/nh_news_crawling.py for tasks to queue
[2024-11-15T05:54:28.873+0000] {logging_mixin.py:190} INFO - [2024-11-15T05:54:28.872+0000] {dagbag.py:588} INFO - Filling up the DagBag from /opt/airflow/dags/nh_news_crawling.py
[2024-11-15T05:54:29.161+0000] {processor.py:925} INFO - DAG(s) 'daily_news_crawler' retrieved from /opt/airflow/dags/nh_news_crawling.py
[2024-11-15T05:54:29.196+0000] {logging_mixin.py:190} INFO - [2024-11-15T05:54:29.196+0000] {dag.py:3239} INFO - Sync 1 DAGs
[2024-11-15T05:54:29.249+0000] {logging_mixin.py:190} INFO - [2024-11-15T05:54:29.248+0000] {dag.py:4180} INFO - Setting next_dagrun for daily_news_crawler to 2024-11-15 00:00:00+00:00, run_after=2024-11-16 00:00:00+00:00
[2024-11-15T05:54:29.296+0000] {processor.py:208} INFO - Processing /opt/airflow/dags/nh_news_crawling.py took 0.462 seconds
[2024-11-15T05:54:59.582+0000] {processor.py:186} INFO - Started process (PID=2040) to work on /opt/airflow/dags/nh_news_crawling.py
[2024-11-15T05:54:59.589+0000] {processor.py:914} INFO - Processing file /opt/airflow/dags/nh_news_crawling.py for tasks to queue
[2024-11-15T05:54:59.607+0000] {logging_mixin.py:190} INFO - [2024-11-15T05:54:59.606+0000] {dagbag.py:588} INFO - Filling up the DagBag from /opt/airflow/dags/nh_news_crawling.py
[2024-11-15T05:55:00.154+0000] {processor.py:925} INFO - DAG(s) 'daily_news_crawler' retrieved from /opt/airflow/dags/nh_news_crawling.py
[2024-11-15T05:55:00.241+0000] {logging_mixin.py:190} INFO - [2024-11-15T05:55:00.240+0000] {dag.py:3239} INFO - Sync 1 DAGs
[2024-11-15T05:55:00.385+0000] {logging_mixin.py:190} INFO - [2024-11-15T05:55:00.378+0000] {dag.py:4180} INFO - Setting next_dagrun for daily_news_crawler to 2024-11-15 00:00:00+00:00, run_after=2024-11-16 00:00:00+00:00
[2024-11-15T05:55:00.443+0000] {processor.py:208} INFO - Processing /opt/airflow/dags/nh_news_crawling.py took 0.886 seconds
[2024-11-15T05:55:37.462+0000] {processor.py:186} INFO - Started process (PID=2104) to work on /opt/airflow/dags/nh_news_crawling.py
[2024-11-15T05:55:37.465+0000] {processor.py:914} INFO - Processing file /opt/airflow/dags/nh_news_crawling.py for tasks to queue
[2024-11-15T05:55:37.471+0000] {logging_mixin.py:190} INFO - [2024-11-15T05:55:37.470+0000] {dagbag.py:588} INFO - Filling up the DagBag from /opt/airflow/dags/nh_news_crawling.py
[2024-11-15T05:55:37.760+0000] {processor.py:925} INFO - DAG(s) 'daily_news_crawler' retrieved from /opt/airflow/dags/nh_news_crawling.py
[2024-11-15T05:55:37.800+0000] {logging_mixin.py:190} INFO - [2024-11-15T05:55:37.799+0000] {dag.py:3239} INFO - Sync 1 DAGs
[2024-11-15T05:55:37.870+0000] {logging_mixin.py:190} INFO - [2024-11-15T05:55:37.869+0000] {dag.py:4180} INFO - Setting next_dagrun for daily_news_crawler to 2024-11-15 00:00:00+00:00, run_after=2024-11-16 00:00:00+00:00
[2024-11-15T05:55:37.932+0000] {processor.py:208} INFO - Processing /opt/airflow/dags/nh_news_crawling.py took 0.480 seconds
[2024-11-15T05:56:08.686+0000] {processor.py:186} INFO - Started process (PID=2169) to work on /opt/airflow/dags/nh_news_crawling.py
[2024-11-15T05:56:08.689+0000] {processor.py:914} INFO - Processing file /opt/airflow/dags/nh_news_crawling.py for tasks to queue
[2024-11-15T05:56:08.695+0000] {logging_mixin.py:190} INFO - [2024-11-15T05:56:08.694+0000] {dagbag.py:588} INFO - Filling up the DagBag from /opt/airflow/dags/nh_news_crawling.py
[2024-11-15T05:56:09.043+0000] {processor.py:925} INFO - DAG(s) 'daily_news_crawler' retrieved from /opt/airflow/dags/nh_news_crawling.py
[2024-11-15T05:56:09.086+0000] {logging_mixin.py:190} INFO - [2024-11-15T05:56:09.083+0000] {dag.py:3239} INFO - Sync 1 DAGs
[2024-11-15T05:56:09.134+0000] {logging_mixin.py:190} INFO - [2024-11-15T05:56:09.134+0000] {dag.py:4180} INFO - Setting next_dagrun for daily_news_crawler to 2024-11-15 00:00:00+00:00, run_after=2024-11-16 00:00:00+00:00
[2024-11-15T05:56:09.171+0000] {processor.py:208} INFO - Processing /opt/airflow/dags/nh_news_crawling.py took 0.498 seconds
[2024-11-15T05:56:40.478+0000] {processor.py:186} INFO - Started process (PID=2226) to work on /opt/airflow/dags/nh_news_crawling.py
[2024-11-15T05:56:40.484+0000] {processor.py:914} INFO - Processing file /opt/airflow/dags/nh_news_crawling.py for tasks to queue
[2024-11-15T05:56:40.492+0000] {logging_mixin.py:190} INFO - [2024-11-15T05:56:40.491+0000] {dagbag.py:588} INFO - Filling up the DagBag from /opt/airflow/dags/nh_news_crawling.py
[2024-11-15T05:56:40.784+0000] {processor.py:925} INFO - DAG(s) 'daily_news_crawler' retrieved from /opt/airflow/dags/nh_news_crawling.py
[2024-11-15T05:56:40.827+0000] {logging_mixin.py:190} INFO - [2024-11-15T05:56:40.826+0000] {dag.py:3239} INFO - Sync 1 DAGs
[2024-11-15T05:56:40.878+0000] {logging_mixin.py:190} INFO - [2024-11-15T05:56:40.877+0000] {dag.py:4180} INFO - Setting next_dagrun for daily_news_crawler to 2024-11-15 00:00:00+00:00, run_after=2024-11-16 00:00:00+00:00
[2024-11-15T05:56:40.938+0000] {processor.py:208} INFO - Processing /opt/airflow/dags/nh_news_crawling.py took 0.483 seconds
[2024-11-15T05:57:12.811+0000] {processor.py:186} INFO - Started process (PID=2289) to work on /opt/airflow/dags/nh_news_crawling.py
[2024-11-15T05:57:12.814+0000] {processor.py:914} INFO - Processing file /opt/airflow/dags/nh_news_crawling.py for tasks to queue
[2024-11-15T05:57:12.820+0000] {logging_mixin.py:190} INFO - [2024-11-15T05:57:12.819+0000] {dagbag.py:588} INFO - Filling up the DagBag from /opt/airflow/dags/nh_news_crawling.py
[2024-11-15T05:57:13.127+0000] {processor.py:925} INFO - DAG(s) 'daily_news_crawler' retrieved from /opt/airflow/dags/nh_news_crawling.py
[2024-11-15T05:57:13.186+0000] {logging_mixin.py:190} INFO - [2024-11-15T05:57:13.185+0000] {dag.py:3239} INFO - Sync 1 DAGs
[2024-11-15T05:57:13.258+0000] {logging_mixin.py:190} INFO - [2024-11-15T05:57:13.258+0000] {dag.py:4180} INFO - Setting next_dagrun for daily_news_crawler to 2024-11-15 00:00:00+00:00, run_after=2024-11-16 00:00:00+00:00
[2024-11-15T05:57:13.295+0000] {processor.py:208} INFO - Processing /opt/airflow/dags/nh_news_crawling.py took 0.500 seconds
[2024-11-15T05:57:44.078+0000] {processor.py:186} INFO - Started process (PID=2355) to work on /opt/airflow/dags/nh_news_crawling.py
[2024-11-15T05:57:44.081+0000] {processor.py:914} INFO - Processing file /opt/airflow/dags/nh_news_crawling.py for tasks to queue
[2024-11-15T05:57:44.088+0000] {logging_mixin.py:190} INFO - [2024-11-15T05:57:44.087+0000] {dagbag.py:588} INFO - Filling up the DagBag from /opt/airflow/dags/nh_news_crawling.py
[2024-11-15T05:57:44.403+0000] {processor.py:925} INFO - DAG(s) 'daily_news_crawler' retrieved from /opt/airflow/dags/nh_news_crawling.py
[2024-11-15T05:57:44.457+0000] {logging_mixin.py:190} INFO - [2024-11-15T05:57:44.456+0000] {dag.py:3239} INFO - Sync 1 DAGs
[2024-11-15T05:57:44.525+0000] {logging_mixin.py:190} INFO - [2024-11-15T05:57:44.524+0000] {dag.py:4180} INFO - Setting next_dagrun for daily_news_crawler to 2024-11-15 00:00:00+00:00, run_after=2024-11-16 00:00:00+00:00
[2024-11-15T05:57:44.574+0000] {processor.py:208} INFO - Processing /opt/airflow/dags/nh_news_crawling.py took 0.511 seconds
[2024-11-15T05:58:15.352+0000] {processor.py:186} INFO - Started process (PID=2409) to work on /opt/airflow/dags/nh_news_crawling.py
[2024-11-15T05:58:15.355+0000] {processor.py:914} INFO - Processing file /opt/airflow/dags/nh_news_crawling.py for tasks to queue
[2024-11-15T05:58:15.368+0000] {logging_mixin.py:190} INFO - [2024-11-15T05:58:15.367+0000] {dagbag.py:588} INFO - Filling up the DagBag from /opt/airflow/dags/nh_news_crawling.py
[2024-11-15T05:58:15.622+0000] {processor.py:925} INFO - DAG(s) 'daily_news_crawler' retrieved from /opt/airflow/dags/nh_news_crawling.py
[2024-11-15T05:58:15.657+0000] {logging_mixin.py:190} INFO - [2024-11-15T05:58:15.656+0000] {dag.py:3239} INFO - Sync 1 DAGs
[2024-11-15T05:58:15.701+0000] {logging_mixin.py:190} INFO - [2024-11-15T05:58:15.701+0000] {dag.py:4180} INFO - Setting next_dagrun for daily_news_crawler to 2024-11-15 00:00:00+00:00, run_after=2024-11-16 00:00:00+00:00
[2024-11-15T05:58:15.735+0000] {processor.py:208} INFO - Processing /opt/airflow/dags/nh_news_crawling.py took 0.403 seconds
[2024-11-15T05:58:47.360+0000] {processor.py:186} INFO - Started process (PID=2474) to work on /opt/airflow/dags/nh_news_crawling.py
[2024-11-15T05:58:47.362+0000] {processor.py:914} INFO - Processing file /opt/airflow/dags/nh_news_crawling.py for tasks to queue
[2024-11-15T05:58:47.369+0000] {logging_mixin.py:190} INFO - [2024-11-15T05:58:47.368+0000] {dagbag.py:588} INFO - Filling up the DagBag from /opt/airflow/dags/nh_news_crawling.py
[2024-11-15T05:58:47.639+0000] {processor.py:925} INFO - DAG(s) 'daily_news_crawler' retrieved from /opt/airflow/dags/nh_news_crawling.py
[2024-11-15T05:58:47.695+0000] {logging_mixin.py:190} INFO - [2024-11-15T05:58:47.694+0000] {dag.py:3239} INFO - Sync 1 DAGs
[2024-11-15T05:58:47.754+0000] {logging_mixin.py:190} INFO - [2024-11-15T05:58:47.753+0000] {dag.py:4180} INFO - Setting next_dagrun for daily_news_crawler to 2024-11-15 00:00:00+00:00, run_after=2024-11-16 00:00:00+00:00
[2024-11-15T05:58:47.798+0000] {processor.py:208} INFO - Processing /opt/airflow/dags/nh_news_crawling.py took 0.451 seconds
[2024-11-15T05:59:19.507+0000] {processor.py:186} INFO - Started process (PID=2545) to work on /opt/airflow/dags/nh_news_crawling.py
[2024-11-15T05:59:19.509+0000] {processor.py:914} INFO - Processing file /opt/airflow/dags/nh_news_crawling.py for tasks to queue
[2024-11-15T05:59:19.513+0000] {logging_mixin.py:190} INFO - [2024-11-15T05:59:19.513+0000] {dagbag.py:588} INFO - Filling up the DagBag from /opt/airflow/dags/nh_news_crawling.py
[2024-11-15T05:59:19.747+0000] {processor.py:925} INFO - DAG(s) 'daily_news_crawler' retrieved from /opt/airflow/dags/nh_news_crawling.py
[2024-11-15T05:59:19.784+0000] {logging_mixin.py:190} INFO - [2024-11-15T05:59:19.783+0000] {dag.py:3239} INFO - Sync 1 DAGs
[2024-11-15T05:59:19.836+0000] {logging_mixin.py:190} INFO - [2024-11-15T05:59:19.836+0000] {dag.py:4180} INFO - Setting next_dagrun for daily_news_crawler to 2024-11-15 00:00:00+00:00, run_after=2024-11-16 00:00:00+00:00
[2024-11-15T05:59:19.879+0000] {processor.py:208} INFO - Processing /opt/airflow/dags/nh_news_crawling.py took 0.388 seconds
[2024-11-15T05:59:53.078+0000] {processor.py:186} INFO - Started process (PID=2609) to work on /opt/airflow/dags/nh_news_crawling.py
[2024-11-15T05:59:53.081+0000] {processor.py:914} INFO - Processing file /opt/airflow/dags/nh_news_crawling.py for tasks to queue
[2024-11-15T05:59:53.088+0000] {logging_mixin.py:190} INFO - [2024-11-15T05:59:53.087+0000] {dagbag.py:588} INFO - Filling up the DagBag from /opt/airflow/dags/nh_news_crawling.py
[2024-11-15T05:59:53.415+0000] {processor.py:925} INFO - DAG(s) 'daily_news_crawler' retrieved from /opt/airflow/dags/nh_news_crawling.py
[2024-11-15T05:59:53.464+0000] {logging_mixin.py:190} INFO - [2024-11-15T05:59:53.463+0000] {dag.py:3239} INFO - Sync 1 DAGs
[2024-11-15T05:59:53.518+0000] {logging_mixin.py:190} INFO - [2024-11-15T05:59:53.518+0000] {dag.py:4180} INFO - Setting next_dagrun for daily_news_crawler to 2024-11-15 00:00:00+00:00, run_after=2024-11-16 00:00:00+00:00
[2024-11-15T05:59:53.844+0000] {processor.py:208} INFO - Processing /opt/airflow/dags/nh_news_crawling.py took 0.786 seconds
[2024-11-15T06:00:24.809+0000] {processor.py:186} INFO - Started process (PID=2676) to work on /opt/airflow/dags/nh_news_crawling.py
[2024-11-15T06:00:24.812+0000] {processor.py:914} INFO - Processing file /opt/airflow/dags/nh_news_crawling.py for tasks to queue
[2024-11-15T06:00:24.820+0000] {logging_mixin.py:190} INFO - [2024-11-15T06:00:24.819+0000] {dagbag.py:588} INFO - Filling up the DagBag from /opt/airflow/dags/nh_news_crawling.py
[2024-11-15T06:00:25.126+0000] {processor.py:925} INFO - DAG(s) 'daily_news_crawler' retrieved from /opt/airflow/dags/nh_news_crawling.py
[2024-11-15T06:00:25.177+0000] {logging_mixin.py:190} INFO - [2024-11-15T06:00:25.176+0000] {dag.py:3239} INFO - Sync 1 DAGs
[2024-11-15T06:00:25.252+0000] {logging_mixin.py:190} INFO - [2024-11-15T06:00:25.252+0000] {dag.py:4180} INFO - Setting next_dagrun for daily_news_crawler to 2024-11-15 00:00:00+00:00, run_after=2024-11-16 00:00:00+00:00
[2024-11-15T06:00:25.303+0000] {processor.py:208} INFO - Processing /opt/airflow/dags/nh_news_crawling.py took 0.515 seconds
[2024-11-15T06:00:56.252+0000] {processor.py:186} INFO - Started process (PID=2740) to work on /opt/airflow/dags/nh_news_crawling.py
[2024-11-15T06:00:56.255+0000] {processor.py:914} INFO - Processing file /opt/airflow/dags/nh_news_crawling.py for tasks to queue
[2024-11-15T06:00:56.262+0000] {logging_mixin.py:190} INFO - [2024-11-15T06:00:56.261+0000] {dagbag.py:588} INFO - Filling up the DagBag from /opt/airflow/dags/nh_news_crawling.py
[2024-11-15T06:00:56.585+0000] {processor.py:925} INFO - DAG(s) 'daily_news_crawler' retrieved from /opt/airflow/dags/nh_news_crawling.py
[2024-11-15T06:00:56.615+0000] {logging_mixin.py:190} INFO - [2024-11-15T06:00:56.614+0000] {dag.py:3239} INFO - Sync 1 DAGs
[2024-11-15T06:00:56.657+0000] {logging_mixin.py:190} INFO - [2024-11-15T06:00:56.656+0000] {dag.py:4180} INFO - Setting next_dagrun for daily_news_crawler to 2024-11-15 00:00:00+00:00, run_after=2024-11-16 00:00:00+00:00
[2024-11-15T06:00:56.686+0000] {processor.py:208} INFO - Processing /opt/airflow/dags/nh_news_crawling.py took 0.452 seconds
[2024-11-15T06:01:28.579+0000] {processor.py:186} INFO - Started process (PID=2806) to work on /opt/airflow/dags/nh_news_crawling.py
[2024-11-15T06:01:28.582+0000] {processor.py:914} INFO - Processing file /opt/airflow/dags/nh_news_crawling.py for tasks to queue
[2024-11-15T06:01:28.587+0000] {logging_mixin.py:190} INFO - [2024-11-15T06:01:28.587+0000] {dagbag.py:588} INFO - Filling up the DagBag from /opt/airflow/dags/nh_news_crawling.py
[2024-11-15T06:01:29.078+0000] {processor.py:925} INFO - DAG(s) 'daily_news_crawler' retrieved from /opt/airflow/dags/nh_news_crawling.py
[2024-11-15T06:01:29.136+0000] {logging_mixin.py:190} INFO - [2024-11-15T06:01:29.135+0000] {dag.py:3239} INFO - Sync 1 DAGs
[2024-11-15T06:01:29.206+0000] {logging_mixin.py:190} INFO - [2024-11-15T06:01:29.205+0000] {dag.py:4180} INFO - Setting next_dagrun for daily_news_crawler to 2024-11-15 00:00:00+00:00, run_after=2024-11-16 00:00:00+00:00
[2024-11-15T06:01:29.301+0000] {processor.py:208} INFO - Processing /opt/airflow/dags/nh_news_crawling.py took 0.734 seconds
[2024-11-15T06:02:00.336+0000] {processor.py:186} INFO - Started process (PID=2869) to work on /opt/airflow/dags/nh_news_crawling.py
[2024-11-15T06:02:00.338+0000] {processor.py:914} INFO - Processing file /opt/airflow/dags/nh_news_crawling.py for tasks to queue
[2024-11-15T06:02:00.344+0000] {logging_mixin.py:190} INFO - [2024-11-15T06:02:00.343+0000] {dagbag.py:588} INFO - Filling up the DagBag from /opt/airflow/dags/nh_news_crawling.py
[2024-11-15T06:02:00.647+0000] {processor.py:925} INFO - DAG(s) 'daily_news_crawler' retrieved from /opt/airflow/dags/nh_news_crawling.py
[2024-11-15T06:02:00.702+0000] {logging_mixin.py:190} INFO - [2024-11-15T06:02:00.701+0000] {dag.py:3239} INFO - Sync 1 DAGs
[2024-11-15T06:02:01.111+0000] {logging_mixin.py:190} INFO - [2024-11-15T06:02:01.111+0000] {dag.py:4180} INFO - Setting next_dagrun for daily_news_crawler to 2024-11-15 00:00:00+00:00, run_after=2024-11-16 00:00:00+00:00
[2024-11-15T06:02:01.151+0000] {processor.py:208} INFO - Processing /opt/airflow/dags/nh_news_crawling.py took 0.827 seconds
[2024-11-15T06:02:37.221+0000] {processor.py:186} INFO - Started process (PID=2934) to work on /opt/airflow/dags/nh_news_crawling.py
[2024-11-15T06:02:37.225+0000] {processor.py:914} INFO - Processing file /opt/airflow/dags/nh_news_crawling.py for tasks to queue
[2024-11-15T06:02:37.236+0000] {logging_mixin.py:190} INFO - [2024-11-15T06:02:37.235+0000] {dagbag.py:588} INFO - Filling up the DagBag from /opt/airflow/dags/nh_news_crawling.py
[2024-11-15T06:02:38.960+0000] {processor.py:925} INFO - DAG(s) 'daily_news_crawler' retrieved from /opt/airflow/dags/nh_news_crawling.py
[2024-11-15T06:02:39.027+0000] {logging_mixin.py:190} INFO - [2024-11-15T06:02:39.026+0000] {dag.py:3239} INFO - Sync 1 DAGs
[2024-11-15T06:02:39.135+0000] {logging_mixin.py:190} INFO - [2024-11-15T06:02:39.135+0000] {dag.py:4180} INFO - Setting next_dagrun for daily_news_crawler to 2024-11-15 00:00:00+00:00, run_after=2024-11-16 00:00:00+00:00
[2024-11-15T06:02:39.240+0000] {processor.py:208} INFO - Processing /opt/airflow/dags/nh_news_crawling.py took 2.060 seconds
[2024-11-15T06:03:11.236+0000] {processor.py:186} INFO - Started process (PID=3000) to work on /opt/airflow/dags/nh_news_crawling.py
[2024-11-15T06:03:11.242+0000] {processor.py:914} INFO - Processing file /opt/airflow/dags/nh_news_crawling.py for tasks to queue
[2024-11-15T06:03:11.259+0000] {logging_mixin.py:190} INFO - [2024-11-15T06:03:11.258+0000] {dagbag.py:588} INFO - Filling up the DagBag from /opt/airflow/dags/nh_news_crawling.py
[2024-11-15T06:03:13.199+0000] {processor.py:925} INFO - DAG(s) 'daily_news_crawler' retrieved from /opt/airflow/dags/nh_news_crawling.py
[2024-11-15T06:03:13.279+0000] {logging_mixin.py:190} INFO - [2024-11-15T06:03:13.278+0000] {dag.py:3239} INFO - Sync 1 DAGs
[2024-11-15T06:03:13.459+0000] {logging_mixin.py:190} INFO - [2024-11-15T06:03:13.459+0000] {dag.py:4180} INFO - Setting next_dagrun for daily_news_crawler to 2024-11-15 00:00:00+00:00, run_after=2024-11-16 00:00:00+00:00
[2024-11-15T06:03:13.604+0000] {processor.py:208} INFO - Processing /opt/airflow/dags/nh_news_crawling.py took 2.395 seconds
[2024-11-15T06:03:45.367+0000] {processor.py:186} INFO - Started process (PID=3066) to work on /opt/airflow/dags/nh_news_crawling.py
[2024-11-15T06:03:45.374+0000] {processor.py:914} INFO - Processing file /opt/airflow/dags/nh_news_crawling.py for tasks to queue
[2024-11-15T06:03:45.400+0000] {logging_mixin.py:190} INFO - [2024-11-15T06:03:45.399+0000] {dagbag.py:588} INFO - Filling up the DagBag from /opt/airflow/dags/nh_news_crawling.py
[2024-11-15T06:03:46.950+0000] {processor.py:925} INFO - DAG(s) 'daily_news_crawler' retrieved from /opt/airflow/dags/nh_news_crawling.py
[2024-11-15T06:03:47.074+0000] {logging_mixin.py:190} INFO - [2024-11-15T06:03:47.073+0000] {dag.py:3239} INFO - Sync 1 DAGs
[2024-11-15T06:03:47.213+0000] {logging_mixin.py:190} INFO - [2024-11-15T06:03:47.212+0000] {dag.py:4180} INFO - Setting next_dagrun for daily_news_crawler to 2024-11-15 00:00:00+00:00, run_after=2024-11-16 00:00:00+00:00
[2024-11-15T06:03:47.343+0000] {processor.py:208} INFO - Processing /opt/airflow/dags/nh_news_crawling.py took 2.017 seconds
[2024-11-15T06:04:18.162+0000] {processor.py:186} INFO - Started process (PID=3132) to work on /opt/airflow/dags/nh_news_crawling.py
[2024-11-15T06:04:18.166+0000] {processor.py:914} INFO - Processing file /opt/airflow/dags/nh_news_crawling.py for tasks to queue
[2024-11-15T06:04:18.193+0000] {logging_mixin.py:190} INFO - [2024-11-15T06:04:18.193+0000] {dagbag.py:588} INFO - Filling up the DagBag from /opt/airflow/dags/nh_news_crawling.py
[2024-11-15T06:04:18.832+0000] {processor.py:925} INFO - DAG(s) 'daily_news_crawler' retrieved from /opt/airflow/dags/nh_news_crawling.py
[2024-11-15T06:04:18.876+0000] {logging_mixin.py:190} INFO - [2024-11-15T06:04:18.875+0000] {dag.py:3239} INFO - Sync 1 DAGs
[2024-11-15T06:04:18.920+0000] {logging_mixin.py:190} INFO - [2024-11-15T06:04:18.919+0000] {dag.py:4180} INFO - Setting next_dagrun for daily_news_crawler to 2024-11-15 00:00:00+00:00, run_after=2024-11-16 00:00:00+00:00
[2024-11-15T06:04:18.953+0000] {processor.py:208} INFO - Processing /opt/airflow/dags/nh_news_crawling.py took 0.835 seconds
[2024-11-15T06:04:49.510+0000] {processor.py:186} INFO - Started process (PID=3198) to work on /opt/airflow/dags/nh_news_crawling.py
[2024-11-15T06:04:49.515+0000] {processor.py:914} INFO - Processing file /opt/airflow/dags/nh_news_crawling.py for tasks to queue
[2024-11-15T06:04:49.523+0000] {logging_mixin.py:190} INFO - [2024-11-15T06:04:49.522+0000] {dagbag.py:588} INFO - Filling up the DagBag from /opt/airflow/dags/nh_news_crawling.py
[2024-11-15T06:04:50.216+0000] {processor.py:925} INFO - DAG(s) 'daily_news_crawler' retrieved from /opt/airflow/dags/nh_news_crawling.py
[2024-11-15T06:04:50.252+0000] {logging_mixin.py:190} INFO - [2024-11-15T06:04:50.251+0000] {dag.py:3239} INFO - Sync 1 DAGs
[2024-11-15T06:04:50.304+0000] {logging_mixin.py:190} INFO - [2024-11-15T06:04:50.303+0000] {dag.py:4180} INFO - Setting next_dagrun for daily_news_crawler to 2024-11-15 00:00:00+00:00, run_after=2024-11-16 00:00:00+00:00
[2024-11-15T06:04:50.336+0000] {processor.py:208} INFO - Processing /opt/airflow/dags/nh_news_crawling.py took 0.848 seconds
[2024-11-15T06:05:21.128+0000] {processor.py:186} INFO - Started process (PID=3262) to work on /opt/airflow/dags/nh_news_crawling.py
[2024-11-15T06:05:21.133+0000] {processor.py:914} INFO - Processing file /opt/airflow/dags/nh_news_crawling.py for tasks to queue
[2024-11-15T06:05:21.140+0000] {logging_mixin.py:190} INFO - [2024-11-15T06:05:21.139+0000] {dagbag.py:588} INFO - Filling up the DagBag from /opt/airflow/dags/nh_news_crawling.py
[2024-11-15T06:05:21.804+0000] {processor.py:925} INFO - DAG(s) 'daily_news_crawler' retrieved from /opt/airflow/dags/nh_news_crawling.py
[2024-11-15T06:05:21.849+0000] {logging_mixin.py:190} INFO - [2024-11-15T06:05:21.848+0000] {dag.py:3239} INFO - Sync 1 DAGs
[2024-11-15T06:05:21.916+0000] {logging_mixin.py:190} INFO - [2024-11-15T06:05:21.915+0000] {dag.py:4180} INFO - Setting next_dagrun for daily_news_crawler to 2024-11-15 00:00:00+00:00, run_after=2024-11-16 00:00:00+00:00
[2024-11-15T06:05:21.966+0000] {processor.py:208} INFO - Processing /opt/airflow/dags/nh_news_crawling.py took 0.869 seconds
[2024-11-15T06:05:52.461+0000] {processor.py:186} INFO - Started process (PID=3327) to work on /opt/airflow/dags/nh_news_crawling.py
[2024-11-15T06:05:52.465+0000] {processor.py:914} INFO - Processing file /opt/airflow/dags/nh_news_crawling.py for tasks to queue
[2024-11-15T06:05:52.472+0000] {logging_mixin.py:190} INFO - [2024-11-15T06:05:52.471+0000] {dagbag.py:588} INFO - Filling up the DagBag from /opt/airflow/dags/nh_news_crawling.py
[2024-11-15T06:05:53.174+0000] {processor.py:925} INFO - DAG(s) 'daily_news_crawler' retrieved from /opt/airflow/dags/nh_news_crawling.py
[2024-11-15T06:05:53.269+0000] {logging_mixin.py:190} INFO - [2024-11-15T06:05:53.267+0000] {dag.py:3239} INFO - Sync 1 DAGs
[2024-11-15T06:05:53.340+0000] {logging_mixin.py:190} INFO - [2024-11-15T06:05:53.339+0000] {dag.py:4180} INFO - Setting next_dagrun for daily_news_crawler to 2024-11-15 00:00:00+00:00, run_after=2024-11-16 00:00:00+00:00
[2024-11-15T06:05:53.387+0000] {processor.py:208} INFO - Processing /opt/airflow/dags/nh_news_crawling.py took 0.941 seconds
[2024-11-15T06:06:23.784+0000] {processor.py:186} INFO - Started process (PID=3392) to work on /opt/airflow/dags/nh_news_crawling.py
[2024-11-15T06:06:23.789+0000] {processor.py:914} INFO - Processing file /opt/airflow/dags/nh_news_crawling.py for tasks to queue
[2024-11-15T06:06:23.803+0000] {logging_mixin.py:190} INFO - [2024-11-15T06:06:23.801+0000] {dagbag.py:588} INFO - Filling up the DagBag from /opt/airflow/dags/nh_news_crawling.py
[2024-11-15T06:06:24.906+0000] {processor.py:925} INFO - DAG(s) 'daily_news_crawler' retrieved from /opt/airflow/dags/nh_news_crawling.py
[2024-11-15T06:06:24.960+0000] {logging_mixin.py:190} INFO - [2024-11-15T06:06:24.959+0000] {dag.py:3239} INFO - Sync 1 DAGs
[2024-11-15T06:06:25.062+0000] {logging_mixin.py:190} INFO - [2024-11-15T06:06:25.061+0000] {dag.py:4180} INFO - Setting next_dagrun for daily_news_crawler to 2024-11-15 00:00:00+00:00, run_after=2024-11-16 00:00:00+00:00
[2024-11-15T06:06:25.119+0000] {processor.py:208} INFO - Processing /opt/airflow/dags/nh_news_crawling.py took 1.360 seconds
[2024-11-15T06:06:55.291+0000] {processor.py:186} INFO - Started process (PID=3463) to work on /opt/airflow/dags/nh_news_crawling.py
[2024-11-15T06:06:55.295+0000] {processor.py:914} INFO - Processing file /opt/airflow/dags/nh_news_crawling.py for tasks to queue
[2024-11-15T06:06:55.303+0000] {logging_mixin.py:190} INFO - [2024-11-15T06:06:55.302+0000] {dagbag.py:588} INFO - Filling up the DagBag from /opt/airflow/dags/nh_news_crawling.py
[2024-11-15T06:06:56.059+0000] {processor.py:925} INFO - DAG(s) 'daily_news_crawler' retrieved from /opt/airflow/dags/nh_news_crawling.py
[2024-11-15T06:06:56.102+0000] {logging_mixin.py:190} INFO - [2024-11-15T06:06:56.101+0000] {dag.py:3239} INFO - Sync 1 DAGs
[2024-11-15T06:06:56.158+0000] {logging_mixin.py:190} INFO - [2024-11-15T06:06:56.158+0000] {dag.py:4180} INFO - Setting next_dagrun for daily_news_crawler to 2024-11-15 00:00:00+00:00, run_after=2024-11-16 00:00:00+00:00
[2024-11-15T06:06:56.204+0000] {processor.py:208} INFO - Processing /opt/airflow/dags/nh_news_crawling.py took 0.928 seconds
[2024-11-15T06:07:26.427+0000] {processor.py:186} INFO - Started process (PID=3528) to work on /opt/airflow/dags/nh_news_crawling.py
[2024-11-15T06:07:26.431+0000] {processor.py:914} INFO - Processing file /opt/airflow/dags/nh_news_crawling.py for tasks to queue
[2024-11-15T06:07:26.448+0000] {logging_mixin.py:190} INFO - [2024-11-15T06:07:26.437+0000] {dagbag.py:588} INFO - Filling up the DagBag from /opt/airflow/dags/nh_news_crawling.py
[2024-11-15T06:07:26.734+0000] {processor.py:925} INFO - DAG(s) 'daily_news_crawler' retrieved from /opt/airflow/dags/nh_news_crawling.py
[2024-11-15T06:07:26.888+0000] {logging_mixin.py:190} INFO - [2024-11-15T06:07:26.885+0000] {dag.py:3239} INFO - Sync 1 DAGs
[2024-11-15T06:07:26.974+0000] {logging_mixin.py:190} INFO - [2024-11-15T06:07:26.973+0000] {dag.py:4180} INFO - Setting next_dagrun for daily_news_crawler to 2024-11-15 00:00:00+00:00, run_after=2024-11-16 00:00:00+00:00
[2024-11-15T06:07:27.023+0000] {processor.py:208} INFO - Processing /opt/airflow/dags/nh_news_crawling.py took 0.617 seconds
[2024-11-15T06:07:57.637+0000] {processor.py:186} INFO - Started process (PID=3593) to work on /opt/airflow/dags/nh_news_crawling.py
[2024-11-15T06:07:57.640+0000] {processor.py:914} INFO - Processing file /opt/airflow/dags/nh_news_crawling.py for tasks to queue
[2024-11-15T06:07:57.645+0000] {logging_mixin.py:190} INFO - [2024-11-15T06:07:57.644+0000] {dagbag.py:588} INFO - Filling up the DagBag from /opt/airflow/dags/nh_news_crawling.py
[2024-11-15T06:07:57.902+0000] {processor.py:925} INFO - DAG(s) 'daily_news_crawler' retrieved from /opt/airflow/dags/nh_news_crawling.py
[2024-11-15T06:07:57.942+0000] {logging_mixin.py:190} INFO - [2024-11-15T06:07:57.941+0000] {dag.py:3239} INFO - Sync 1 DAGs
[2024-11-15T06:07:57.994+0000] {logging_mixin.py:190} INFO - [2024-11-15T06:07:57.994+0000] {dag.py:4180} INFO - Setting next_dagrun for daily_news_crawler to 2024-11-15 00:00:00+00:00, run_after=2024-11-16 00:00:00+00:00
[2024-11-15T06:07:58.030+0000] {processor.py:208} INFO - Processing /opt/airflow/dags/nh_news_crawling.py took 0.425 seconds
[2024-11-15T06:08:28.658+0000] {processor.py:186} INFO - Started process (PID=3658) to work on /opt/airflow/dags/nh_news_crawling.py
[2024-11-15T06:08:28.661+0000] {processor.py:914} INFO - Processing file /opt/airflow/dags/nh_news_crawling.py for tasks to queue
[2024-11-15T06:08:28.666+0000] {logging_mixin.py:190} INFO - [2024-11-15T06:08:28.665+0000] {dagbag.py:588} INFO - Filling up the DagBag from /opt/airflow/dags/nh_news_crawling.py
[2024-11-15T06:08:28.941+0000] {processor.py:925} INFO - DAG(s) 'daily_news_crawler' retrieved from /opt/airflow/dags/nh_news_crawling.py
[2024-11-15T06:08:29.004+0000] {logging_mixin.py:190} INFO - [2024-11-15T06:08:29.000+0000] {dag.py:3239} INFO - Sync 1 DAGs
[2024-11-15T06:08:29.103+0000] {logging_mixin.py:190} INFO - [2024-11-15T06:08:29.102+0000] {dag.py:4180} INFO - Setting next_dagrun for daily_news_crawler to 2024-11-15 00:00:00+00:00, run_after=2024-11-16 00:00:00+00:00
[2024-11-15T06:08:29.153+0000] {processor.py:208} INFO - Processing /opt/airflow/dags/nh_news_crawling.py took 0.511 seconds
[2024-11-15T06:08:59.611+0000] {processor.py:186} INFO - Started process (PID=3724) to work on /opt/airflow/dags/nh_news_crawling.py
[2024-11-15T06:08:59.613+0000] {processor.py:914} INFO - Processing file /opt/airflow/dags/nh_news_crawling.py for tasks to queue
[2024-11-15T06:08:59.618+0000] {logging_mixin.py:190} INFO - [2024-11-15T06:08:59.617+0000] {dagbag.py:588} INFO - Filling up the DagBag from /opt/airflow/dags/nh_news_crawling.py
[2024-11-15T06:08:59.856+0000] {processor.py:925} INFO - DAG(s) 'daily_news_crawler' retrieved from /opt/airflow/dags/nh_news_crawling.py
[2024-11-15T06:08:59.902+0000] {logging_mixin.py:190} INFO - [2024-11-15T06:08:59.901+0000] {dag.py:3239} INFO - Sync 1 DAGs
[2024-11-15T06:08:59.972+0000] {logging_mixin.py:190} INFO - [2024-11-15T06:08:59.972+0000] {dag.py:4180} INFO - Setting next_dagrun for daily_news_crawler to 2024-11-15 00:00:00+00:00, run_after=2024-11-16 00:00:00+00:00
[2024-11-15T06:09:00.056+0000] {processor.py:208} INFO - Processing /opt/airflow/dags/nh_news_crawling.py took 0.457 seconds
[2024-11-15T06:09:30.911+0000] {processor.py:186} INFO - Started process (PID=3789) to work on /opt/airflow/dags/nh_news_crawling.py
[2024-11-15T06:09:30.914+0000] {processor.py:914} INFO - Processing file /opt/airflow/dags/nh_news_crawling.py for tasks to queue
[2024-11-15T06:09:30.921+0000] {logging_mixin.py:190} INFO - [2024-11-15T06:09:30.920+0000] {dagbag.py:588} INFO - Filling up the DagBag from /opt/airflow/dags/nh_news_crawling.py
[2024-11-15T06:09:31.178+0000] {processor.py:925} INFO - DAG(s) 'daily_news_crawler' retrieved from /opt/airflow/dags/nh_news_crawling.py
[2024-11-15T06:09:31.219+0000] {logging_mixin.py:190} INFO - [2024-11-15T06:09:31.218+0000] {dag.py:3239} INFO - Sync 1 DAGs
[2024-11-15T06:09:31.281+0000] {logging_mixin.py:190} INFO - [2024-11-15T06:09:31.280+0000] {dag.py:4180} INFO - Setting next_dagrun for daily_news_crawler to 2024-11-15 00:00:00+00:00, run_after=2024-11-16 00:00:00+00:00
[2024-11-15T06:09:31.323+0000] {processor.py:208} INFO - Processing /opt/airflow/dags/nh_news_crawling.py took 0.427 seconds
[2024-11-15T06:10:02.157+0000] {processor.py:186} INFO - Started process (PID=3849) to work on /opt/airflow/dags/nh_news_crawling.py
[2024-11-15T06:10:02.160+0000] {processor.py:914} INFO - Processing file /opt/airflow/dags/nh_news_crawling.py for tasks to queue
[2024-11-15T06:10:02.165+0000] {logging_mixin.py:190} INFO - [2024-11-15T06:10:02.164+0000] {dagbag.py:588} INFO - Filling up the DagBag from /opt/airflow/dags/nh_news_crawling.py
[2024-11-15T06:10:02.444+0000] {processor.py:925} INFO - DAG(s) 'daily_news_crawler' retrieved from /opt/airflow/dags/nh_news_crawling.py
[2024-11-15T06:10:02.498+0000] {logging_mixin.py:190} INFO - [2024-11-15T06:10:02.494+0000] {dag.py:3239} INFO - Sync 1 DAGs
[2024-11-15T06:10:02.583+0000] {logging_mixin.py:190} INFO - [2024-11-15T06:10:02.583+0000] {dag.py:4180} INFO - Setting next_dagrun for daily_news_crawler to 2024-11-15 00:00:00+00:00, run_after=2024-11-16 00:00:00+00:00
[2024-11-15T06:10:02.635+0000] {processor.py:208} INFO - Processing /opt/airflow/dags/nh_news_crawling.py took 0.490 seconds
[2024-11-15T06:10:33.667+0000] {processor.py:186} INFO - Started process (PID=3911) to work on /opt/airflow/dags/nh_news_crawling.py
[2024-11-15T06:10:33.670+0000] {processor.py:914} INFO - Processing file /opt/airflow/dags/nh_news_crawling.py for tasks to queue
[2024-11-15T06:10:33.675+0000] {logging_mixin.py:190} INFO - [2024-11-15T06:10:33.674+0000] {dagbag.py:588} INFO - Filling up the DagBag from /opt/airflow/dags/nh_news_crawling.py
[2024-11-15T06:10:34.011+0000] {processor.py:925} INFO - DAG(s) 'daily_news_crawler' retrieved from /opt/airflow/dags/nh_news_crawling.py
[2024-11-15T06:10:34.050+0000] {logging_mixin.py:190} INFO - [2024-11-15T06:10:34.049+0000] {dag.py:3239} INFO - Sync 1 DAGs
[2024-11-15T06:10:34.102+0000] {logging_mixin.py:190} INFO - [2024-11-15T06:10:34.101+0000] {dag.py:4180} INFO - Setting next_dagrun for daily_news_crawler to 2024-11-15 00:00:00+00:00, run_after=2024-11-16 00:00:00+00:00
[2024-11-15T06:10:34.136+0000] {processor.py:208} INFO - Processing /opt/airflow/dags/nh_news_crawling.py took 0.481 seconds
[2024-11-15T06:11:04.446+0000] {processor.py:186} INFO - Started process (PID=3976) to work on /opt/airflow/dags/nh_news_crawling.py
[2024-11-15T06:11:04.448+0000] {processor.py:914} INFO - Processing file /opt/airflow/dags/nh_news_crawling.py for tasks to queue
[2024-11-15T06:11:04.452+0000] {logging_mixin.py:190} INFO - [2024-11-15T06:11:04.452+0000] {dagbag.py:588} INFO - Filling up the DagBag from /opt/airflow/dags/nh_news_crawling.py
[2024-11-15T06:11:04.701+0000] {processor.py:925} INFO - DAG(s) 'daily_news_crawler' retrieved from /opt/airflow/dags/nh_news_crawling.py
[2024-11-15T06:11:04.750+0000] {logging_mixin.py:190} INFO - [2024-11-15T06:11:04.747+0000] {dag.py:3239} INFO - Sync 1 DAGs
[2024-11-15T06:11:04.820+0000] {logging_mixin.py:190} INFO - [2024-11-15T06:11:04.819+0000] {dag.py:4180} INFO - Setting next_dagrun for daily_news_crawler to 2024-11-15 00:00:00+00:00, run_after=2024-11-16 00:00:00+00:00
[2024-11-15T06:11:04.878+0000] {processor.py:208} INFO - Processing /opt/airflow/dags/nh_news_crawling.py took 0.443 seconds
[2024-11-15T06:11:35.082+0000] {processor.py:186} INFO - Started process (PID=4040) to work on /opt/airflow/dags/nh_news_crawling.py
[2024-11-15T06:11:35.085+0000] {processor.py:914} INFO - Processing file /opt/airflow/dags/nh_news_crawling.py for tasks to queue
[2024-11-15T06:11:35.089+0000] {logging_mixin.py:190} INFO - [2024-11-15T06:11:35.088+0000] {dagbag.py:588} INFO - Filling up the DagBag from /opt/airflow/dags/nh_news_crawling.py
[2024-11-15T06:11:35.321+0000] {processor.py:925} INFO - DAG(s) 'daily_news_crawler' retrieved from /opt/airflow/dags/nh_news_crawling.py
[2024-11-15T06:11:35.365+0000] {logging_mixin.py:190} INFO - [2024-11-15T06:11:35.363+0000] {dag.py:3239} INFO - Sync 1 DAGs
[2024-11-15T06:11:35.437+0000] {logging_mixin.py:190} INFO - [2024-11-15T06:11:35.436+0000] {dag.py:4180} INFO - Setting next_dagrun for daily_news_crawler to 2024-11-15 00:00:00+00:00, run_after=2024-11-16 00:00:00+00:00
[2024-11-15T06:11:35.482+0000] {processor.py:208} INFO - Processing /opt/airflow/dags/nh_news_crawling.py took 0.409 seconds
[2024-11-15T06:12:06.130+0000] {processor.py:186} INFO - Started process (PID=4105) to work on /opt/airflow/dags/nh_news_crawling.py
[2024-11-15T06:12:06.135+0000] {processor.py:914} INFO - Processing file /opt/airflow/dags/nh_news_crawling.py for tasks to queue
[2024-11-15T06:12:06.145+0000] {logging_mixin.py:190} INFO - [2024-11-15T06:12:06.144+0000] {dagbag.py:588} INFO - Filling up the DagBag from /opt/airflow/dags/nh_news_crawling.py
[2024-11-15T06:12:06.612+0000] {processor.py:925} INFO - DAG(s) 'daily_news_crawler' retrieved from /opt/airflow/dags/nh_news_crawling.py
[2024-11-15T06:12:06.681+0000] {logging_mixin.py:190} INFO - [2024-11-15T06:12:06.680+0000] {dag.py:3239} INFO - Sync 1 DAGs
[2024-11-15T06:12:06.778+0000] {logging_mixin.py:190} INFO - [2024-11-15T06:12:06.778+0000] {dag.py:4180} INFO - Setting next_dagrun for daily_news_crawler to 2024-11-15 00:00:00+00:00, run_after=2024-11-16 00:00:00+00:00
[2024-11-15T06:12:06.838+0000] {processor.py:208} INFO - Processing /opt/airflow/dags/nh_news_crawling.py took 0.731 seconds
[2024-11-15T06:12:37.085+0000] {processor.py:186} INFO - Started process (PID=4172) to work on /opt/airflow/dags/nh_news_crawling.py
[2024-11-15T06:12:37.088+0000] {processor.py:914} INFO - Processing file /opt/airflow/dags/nh_news_crawling.py for tasks to queue
[2024-11-15T06:12:37.094+0000] {logging_mixin.py:190} INFO - [2024-11-15T06:12:37.093+0000] {dagbag.py:588} INFO - Filling up the DagBag from /opt/airflow/dags/nh_news_crawling.py
[2024-11-15T06:12:37.584+0000] {processor.py:925} INFO - DAG(s) 'daily_news_crawler' retrieved from /opt/airflow/dags/nh_news_crawling.py
[2024-11-15T06:12:37.657+0000] {logging_mixin.py:190} INFO - [2024-11-15T06:12:37.655+0000] {dag.py:3239} INFO - Sync 1 DAGs
[2024-11-15T06:12:37.783+0000] {logging_mixin.py:190} INFO - [2024-11-15T06:12:37.782+0000] {dag.py:4180} INFO - Setting next_dagrun for daily_news_crawler to 2024-11-15 00:00:00+00:00, run_after=2024-11-16 00:00:00+00:00
[2024-11-15T06:12:37.869+0000] {processor.py:208} INFO - Processing /opt/airflow/dags/nh_news_crawling.py took 0.795 seconds
[2024-11-15T06:13:08.280+0000] {processor.py:186} INFO - Started process (PID=4238) to work on /opt/airflow/dags/nh_news_crawling.py
[2024-11-15T06:13:08.283+0000] {processor.py:914} INFO - Processing file /opt/airflow/dags/nh_news_crawling.py for tasks to queue
[2024-11-15T06:13:08.288+0000] {logging_mixin.py:190} INFO - [2024-11-15T06:13:08.287+0000] {dagbag.py:588} INFO - Filling up the DagBag from /opt/airflow/dags/nh_news_crawling.py
[2024-11-15T06:13:08.565+0000] {processor.py:925} INFO - DAG(s) 'daily_news_crawler' retrieved from /opt/airflow/dags/nh_news_crawling.py
[2024-11-15T06:13:08.625+0000] {logging_mixin.py:190} INFO - [2024-11-15T06:13:08.623+0000] {dag.py:3239} INFO - Sync 1 DAGs
[2024-11-15T06:13:08.741+0000] {logging_mixin.py:190} INFO - [2024-11-15T06:13:08.741+0000] {dag.py:4180} INFO - Setting next_dagrun for daily_news_crawler to 2024-11-15 00:00:00+00:00, run_after=2024-11-16 00:00:00+00:00
[2024-11-15T06:13:08.808+0000] {processor.py:208} INFO - Processing /opt/airflow/dags/nh_news_crawling.py took 0.541 seconds
[2024-11-15T06:13:39.543+0000] {processor.py:186} INFO - Started process (PID=4304) to work on /opt/airflow/dags/nh_news_crawling.py
[2024-11-15T06:13:39.547+0000] {processor.py:914} INFO - Processing file /opt/airflow/dags/nh_news_crawling.py for tasks to queue
[2024-11-15T06:13:39.558+0000] {logging_mixin.py:190} INFO - [2024-11-15T06:13:39.557+0000] {dagbag.py:588} INFO - Filling up the DagBag from /opt/airflow/dags/nh_news_crawling.py
[2024-11-15T06:13:39.914+0000] {processor.py:925} INFO - DAG(s) 'daily_news_crawler' retrieved from /opt/airflow/dags/nh_news_crawling.py
[2024-11-15T06:13:39.961+0000] {logging_mixin.py:190} INFO - [2024-11-15T06:13:39.960+0000] {dag.py:3239} INFO - Sync 1 DAGs
[2024-11-15T06:13:40.024+0000] {logging_mixin.py:190} INFO - [2024-11-15T06:13:40.023+0000] {dag.py:4180} INFO - Setting next_dagrun for daily_news_crawler to 2024-11-15 00:00:00+00:00, run_after=2024-11-16 00:00:00+00:00
[2024-11-15T06:13:40.068+0000] {processor.py:208} INFO - Processing /opt/airflow/dags/nh_news_crawling.py took 0.545 seconds
