[2024-11-08T11:50:58.045+0000] {processor.py:186} INFO - Started process (PID=167) to work on /home/airflow/.local/lib/python3.12/site-packages/airflow/example_dags/example_xcom.py
[2024-11-08T11:50:58.048+0000] {processor.py:914} INFO - Processing file /home/airflow/.local/lib/python3.12/site-packages/airflow/example_dags/example_xcom.py for tasks to queue
[2024-11-08T11:50:58.065+0000] {logging_mixin.py:190} INFO - [2024-11-08T11:50:58.064+0000] {dagbag.py:588} INFO - Filling up the DagBag from /home/airflow/.local/lib/python3.12/site-packages/airflow/example_dags/example_xcom.py
[2024-11-08T11:50:58.160+0000] {processor.py:925} INFO - DAG(s) 'example_xcom' retrieved from /home/airflow/.local/lib/python3.12/site-packages/airflow/example_dags/example_xcom.py
[2024-11-08T11:50:58.896+0000] {logging_mixin.py:190} INFO - [2024-11-08T11:50:58.894+0000] {override.py:1911} INFO - Created Permission View: can read on DAG:example_xcom
[2024-11-08T11:50:58.984+0000] {logging_mixin.py:190} INFO - [2024-11-08T11:50:58.983+0000] {override.py:1911} INFO - Created Permission View: can edit on DAG:example_xcom
[2024-11-08T11:50:59.030+0000] {logging_mixin.py:190} INFO - [2024-11-08T11:50:59.029+0000] {override.py:1911} INFO - Created Permission View: can delete on DAG:example_xcom
[2024-11-08T11:50:59.128+0000] {logging_mixin.py:190} INFO - [2024-11-08T11:50:59.127+0000] {override.py:1911} INFO - Created Permission View: can read on DAG Run:example_xcom
[2024-11-08T11:50:59.191+0000] {logging_mixin.py:190} INFO - [2024-11-08T11:50:59.190+0000] {override.py:1911} INFO - Created Permission View: menu access on DAG Run:example_xcom
[2024-11-08T11:50:59.246+0000] {logging_mixin.py:190} INFO - [2024-11-08T11:50:59.245+0000] {override.py:1911} INFO - Created Permission View: can create on DAG Run:example_xcom
[2024-11-08T11:50:59.306+0000] {logging_mixin.py:190} INFO - [2024-11-08T11:50:59.305+0000] {override.py:1911} INFO - Created Permission View: can delete on DAG Run:example_xcom
[2024-11-08T11:50:59.308+0000] {logging_mixin.py:190} INFO - [2024-11-08T11:50:59.307+0000] {dag.py:3239} INFO - Sync 1 DAGs
[2024-11-08T11:50:59.417+0000] {logging_mixin.py:190} INFO - [2024-11-08T11:50:59.416+0000] {dag.py:3262} INFO - Creating ORM DAG for example_xcom
[2024-11-08T11:50:59.512+0000] {logging_mixin.py:190} INFO - [2024-11-08T11:50:59.511+0000] {dag.py:4180} INFO - Setting next_dagrun for example_xcom to 2021-01-01 00:00:00+00:00, run_after=2021-01-01 00:00:00+00:00
[2024-11-08T11:50:59.665+0000] {processor.py:208} INFO - Processing /home/airflow/.local/lib/python3.12/site-packages/airflow/example_dags/example_xcom.py took 1.655 seconds
[2024-11-08T11:51:44.230+0000] {processor.py:186} INFO - Started process (PID=231) to work on /home/airflow/.local/lib/python3.12/site-packages/airflow/example_dags/example_xcom.py
[2024-11-08T11:51:44.240+0000] {processor.py:914} INFO - Processing file /home/airflow/.local/lib/python3.12/site-packages/airflow/example_dags/example_xcom.py for tasks to queue
[2024-11-08T11:51:44.248+0000] {logging_mixin.py:190} INFO - [2024-11-08T11:51:44.247+0000] {dagbag.py:588} INFO - Filling up the DagBag from /home/airflow/.local/lib/python3.12/site-packages/airflow/example_dags/example_xcom.py
[2024-11-08T11:51:44.303+0000] {processor.py:925} INFO - DAG(s) 'example_xcom' retrieved from /home/airflow/.local/lib/python3.12/site-packages/airflow/example_dags/example_xcom.py
[2024-11-08T11:51:44.460+0000] {logging_mixin.py:190} INFO - [2024-11-08T11:51:44.449+0000] {dag.py:3239} INFO - Sync 1 DAGs
[2024-11-08T11:51:44.636+0000] {logging_mixin.py:190} INFO - [2024-11-08T11:51:44.635+0000] {dag.py:4180} INFO - Setting next_dagrun for example_xcom to 2021-01-01 00:00:00+00:00, run_after=2021-01-01 00:00:00+00:00
[2024-11-08T11:51:44.774+0000] {processor.py:208} INFO - Processing /home/airflow/.local/lib/python3.12/site-packages/airflow/example_dags/example_xcom.py took 0.574 seconds
[2024-11-08T11:52:20.846+0000] {processor.py:186} INFO - Started process (PID=302) to work on /home/airflow/.local/lib/python3.12/site-packages/airflow/example_dags/example_xcom.py
[2024-11-08T11:52:20.854+0000] {processor.py:914} INFO - Processing file /home/airflow/.local/lib/python3.12/site-packages/airflow/example_dags/example_xcom.py for tasks to queue
[2024-11-08T11:52:20.873+0000] {logging_mixin.py:190} INFO - [2024-11-08T11:52:20.872+0000] {dagbag.py:588} INFO - Filling up the DagBag from /home/airflow/.local/lib/python3.12/site-packages/airflow/example_dags/example_xcom.py
[2024-11-08T11:52:20.955+0000] {processor.py:925} INFO - DAG(s) 'example_xcom' retrieved from /home/airflow/.local/lib/python3.12/site-packages/airflow/example_dags/example_xcom.py
[2024-11-08T11:52:21.087+0000] {logging_mixin.py:190} INFO - [2024-11-08T11:52:21.078+0000] {dag.py:3239} INFO - Sync 1 DAGs
[2024-11-08T11:52:21.296+0000] {logging_mixin.py:190} INFO - [2024-11-08T11:52:21.295+0000] {dag.py:4180} INFO - Setting next_dagrun for example_xcom to 2021-01-01 00:00:00+00:00, run_after=2021-01-01 00:00:00+00:00
[2024-11-08T11:52:21.406+0000] {processor.py:208} INFO - Processing /home/airflow/.local/lib/python3.12/site-packages/airflow/example_dags/example_xcom.py took 0.599 seconds
[2024-11-08T11:52:58.891+0000] {processor.py:186} INFO - Started process (PID=368) to work on /home/airflow/.local/lib/python3.12/site-packages/airflow/example_dags/example_xcom.py
[2024-11-08T11:52:58.925+0000] {processor.py:914} INFO - Processing file /home/airflow/.local/lib/python3.12/site-packages/airflow/example_dags/example_xcom.py for tasks to queue
[2024-11-08T11:52:58.945+0000] {logging_mixin.py:190} INFO - [2024-11-08T11:52:58.944+0000] {dagbag.py:588} INFO - Filling up the DagBag from /home/airflow/.local/lib/python3.12/site-packages/airflow/example_dags/example_xcom.py
[2024-11-08T11:52:59.012+0000] {processor.py:925} INFO - DAG(s) 'example_xcom' retrieved from /home/airflow/.local/lib/python3.12/site-packages/airflow/example_dags/example_xcom.py
[2024-11-08T11:52:59.135+0000] {logging_mixin.py:190} INFO - [2024-11-08T11:52:59.135+0000] {dag.py:3239} INFO - Sync 1 DAGs
[2024-11-08T11:52:59.328+0000] {logging_mixin.py:190} INFO - [2024-11-08T11:52:59.327+0000] {dag.py:4180} INFO - Setting next_dagrun for example_xcom to 2021-01-01 00:00:00+00:00, run_after=2021-01-01 00:00:00+00:00
[2024-11-08T11:52:59.414+0000] {processor.py:208} INFO - Processing /home/airflow/.local/lib/python3.12/site-packages/airflow/example_dags/example_xcom.py took 0.575 seconds
[2024-11-08T11:53:36.786+0000] {processor.py:186} INFO - Started process (PID=438) to work on /home/airflow/.local/lib/python3.12/site-packages/airflow/example_dags/example_xcom.py
[2024-11-08T11:53:36.798+0000] {processor.py:914} INFO - Processing file /home/airflow/.local/lib/python3.12/site-packages/airflow/example_dags/example_xcom.py for tasks to queue
[2024-11-08T11:53:36.805+0000] {logging_mixin.py:190} INFO - [2024-11-08T11:53:36.804+0000] {dagbag.py:588} INFO - Filling up the DagBag from /home/airflow/.local/lib/python3.12/site-packages/airflow/example_dags/example_xcom.py
[2024-11-08T11:53:36.848+0000] {processor.py:925} INFO - DAG(s) 'example_xcom' retrieved from /home/airflow/.local/lib/python3.12/site-packages/airflow/example_dags/example_xcom.py
[2024-11-08T11:53:36.965+0000] {logging_mixin.py:190} INFO - [2024-11-08T11:53:36.965+0000] {dag.py:3239} INFO - Sync 1 DAGs
[2024-11-08T11:53:37.113+0000] {logging_mixin.py:190} INFO - [2024-11-08T11:53:37.112+0000] {dag.py:4180} INFO - Setting next_dagrun for example_xcom to 2021-01-01 00:00:00+00:00, run_after=2021-01-01 00:00:00+00:00
[2024-11-08T11:53:37.214+0000] {processor.py:208} INFO - Processing /home/airflow/.local/lib/python3.12/site-packages/airflow/example_dags/example_xcom.py took 0.454 seconds
[2024-11-08T11:54:20.653+0000] {processor.py:186} INFO - Started process (PID=519) to work on /home/airflow/.local/lib/python3.12/site-packages/airflow/example_dags/example_xcom.py
[2024-11-08T11:54:20.656+0000] {processor.py:914} INFO - Processing file /home/airflow/.local/lib/python3.12/site-packages/airflow/example_dags/example_xcom.py for tasks to queue
[2024-11-08T11:54:20.681+0000] {logging_mixin.py:190} INFO - [2024-11-08T11:54:20.680+0000] {dagbag.py:588} INFO - Filling up the DagBag from /home/airflow/.local/lib/python3.12/site-packages/airflow/example_dags/example_xcom.py
[2024-11-08T11:54:20.732+0000] {processor.py:925} INFO - DAG(s) 'example_xcom' retrieved from /home/airflow/.local/lib/python3.12/site-packages/airflow/example_dags/example_xcom.py
[2024-11-08T11:54:20.847+0000] {logging_mixin.py:190} INFO - [2024-11-08T11:54:20.846+0000] {dag.py:3239} INFO - Sync 1 DAGs
[2024-11-08T11:54:21.032+0000] {logging_mixin.py:190} INFO - [2024-11-08T11:54:21.031+0000] {dag.py:4180} INFO - Setting next_dagrun for example_xcom to 2021-01-01 00:00:00+00:00, run_after=2021-01-01 00:00:00+00:00
[2024-11-08T11:54:21.190+0000] {processor.py:208} INFO - Processing /home/airflow/.local/lib/python3.12/site-packages/airflow/example_dags/example_xcom.py took 0.562 seconds
[2024-11-08T11:54:52.176+0000] {processor.py:186} INFO - Started process (PID=583) to work on /home/airflow/.local/lib/python3.12/site-packages/airflow/example_dags/example_xcom.py
[2024-11-08T11:54:52.198+0000] {processor.py:914} INFO - Processing file /home/airflow/.local/lib/python3.12/site-packages/airflow/example_dags/example_xcom.py for tasks to queue
[2024-11-08T11:54:52.213+0000] {logging_mixin.py:190} INFO - [2024-11-08T11:54:52.212+0000] {dagbag.py:588} INFO - Filling up the DagBag from /home/airflow/.local/lib/python3.12/site-packages/airflow/example_dags/example_xcom.py
[2024-11-08T11:54:52.287+0000] {processor.py:925} INFO - DAG(s) 'example_xcom' retrieved from /home/airflow/.local/lib/python3.12/site-packages/airflow/example_dags/example_xcom.py
[2024-11-08T11:54:52.404+0000] {logging_mixin.py:190} INFO - [2024-11-08T11:54:52.403+0000] {dag.py:3239} INFO - Sync 1 DAGs
[2024-11-08T11:54:52.594+0000] {logging_mixin.py:190} INFO - [2024-11-08T11:54:52.582+0000] {dag.py:4180} INFO - Setting next_dagrun for example_xcom to 2021-01-01 00:00:00+00:00, run_after=2021-01-01 00:00:00+00:00
[2024-11-08T11:54:52.749+0000] {processor.py:208} INFO - Processing /home/airflow/.local/lib/python3.12/site-packages/airflow/example_dags/example_xcom.py took 0.608 seconds
[2024-11-08T12:01:59.001+0000] {processor.py:186} INFO - Started process (PID=141) to work on /home/airflow/.local/lib/python3.12/site-packages/airflow/example_dags/example_xcom.py
[2024-11-08T12:01:59.032+0000] {processor.py:914} INFO - Processing file /home/airflow/.local/lib/python3.12/site-packages/airflow/example_dags/example_xcom.py for tasks to queue
[2024-11-08T12:01:59.049+0000] {logging_mixin.py:190} INFO - [2024-11-08T12:01:59.047+0000] {dagbag.py:588} INFO - Filling up the DagBag from /home/airflow/.local/lib/python3.12/site-packages/airflow/example_dags/example_xcom.py
[2024-11-08T12:01:59.144+0000] {processor.py:925} INFO - DAG(s) 'example_xcom' retrieved from /home/airflow/.local/lib/python3.12/site-packages/airflow/example_dags/example_xcom.py
[2024-11-08T12:01:59.393+0000] {logging_mixin.py:190} INFO - [2024-11-08T12:01:59.393+0000] {dag.py:3239} INFO - Sync 1 DAGs
[2024-11-08T12:01:59.611+0000] {logging_mixin.py:190} INFO - [2024-11-08T12:01:59.609+0000] {dag.py:4180} INFO - Setting next_dagrun for example_xcom to 2021-01-01 00:00:00+00:00, run_after=2021-01-01 00:00:00+00:00
[2024-11-08T12:01:59.749+0000] {processor.py:208} INFO - Processing /home/airflow/.local/lib/python3.12/site-packages/airflow/example_dags/example_xcom.py took 0.787 seconds
[2024-11-08T12:02:48.864+0000] {processor.py:186} INFO - Started process (PID=222) to work on /home/airflow/.local/lib/python3.12/site-packages/airflow/example_dags/example_xcom.py
[2024-11-08T12:02:48.875+0000] {processor.py:914} INFO - Processing file /home/airflow/.local/lib/python3.12/site-packages/airflow/example_dags/example_xcom.py for tasks to queue
[2024-11-08T12:02:48.892+0000] {logging_mixin.py:190} INFO - [2024-11-08T12:02:48.883+0000] {dagbag.py:588} INFO - Filling up the DagBag from /home/airflow/.local/lib/python3.12/site-packages/airflow/example_dags/example_xcom.py
[2024-11-08T12:02:48.993+0000] {processor.py:925} INFO - DAG(s) 'example_xcom' retrieved from /home/airflow/.local/lib/python3.12/site-packages/airflow/example_dags/example_xcom.py
[2024-11-08T12:02:49.124+0000] {logging_mixin.py:190} INFO - [2024-11-08T12:02:49.123+0000] {dag.py:3239} INFO - Sync 1 DAGs
[2024-11-08T12:02:49.364+0000] {logging_mixin.py:190} INFO - [2024-11-08T12:02:49.363+0000] {dag.py:4180} INFO - Setting next_dagrun for example_xcom to 2021-01-01 00:00:00+00:00, run_after=2021-01-01 00:00:00+00:00
[2024-11-08T12:02:49.483+0000] {processor.py:208} INFO - Processing /home/airflow/.local/lib/python3.12/site-packages/airflow/example_dags/example_xcom.py took 0.688 seconds
[2024-11-08T12:03:48.264+0000] {processor.py:186} INFO - Started process (PID=307) to work on /home/airflow/.local/lib/python3.12/site-packages/airflow/example_dags/example_xcom.py
[2024-11-08T12:03:48.268+0000] {processor.py:914} INFO - Processing file /home/airflow/.local/lib/python3.12/site-packages/airflow/example_dags/example_xcom.py for tasks to queue
[2024-11-08T12:03:48.294+0000] {logging_mixin.py:190} INFO - [2024-11-08T12:03:48.286+0000] {dagbag.py:588} INFO - Filling up the DagBag from /home/airflow/.local/lib/python3.12/site-packages/airflow/example_dags/example_xcom.py
[2024-11-08T12:03:48.376+0000] {processor.py:925} INFO - DAG(s) 'example_xcom' retrieved from /home/airflow/.local/lib/python3.12/site-packages/airflow/example_dags/example_xcom.py
[2024-11-08T12:03:48.547+0000] {logging_mixin.py:190} INFO - [2024-11-08T12:03:48.547+0000] {dag.py:3239} INFO - Sync 1 DAGs
[2024-11-08T12:03:48.743+0000] {logging_mixin.py:190} INFO - [2024-11-08T12:03:48.742+0000] {dag.py:4180} INFO - Setting next_dagrun for example_xcom to 2021-01-01 00:00:00+00:00, run_after=2021-01-01 00:00:00+00:00
[2024-11-08T12:03:48.853+0000] {processor.py:208} INFO - Processing /home/airflow/.local/lib/python3.12/site-packages/airflow/example_dags/example_xcom.py took 0.625 seconds
[2024-11-08T12:04:22.836+0000] {processor.py:186} INFO - Started process (PID=372) to work on /home/airflow/.local/lib/python3.12/site-packages/airflow/example_dags/example_xcom.py
[2024-11-08T12:04:22.862+0000] {processor.py:914} INFO - Processing file /home/airflow/.local/lib/python3.12/site-packages/airflow/example_dags/example_xcom.py for tasks to queue
[2024-11-08T12:04:22.871+0000] {logging_mixin.py:190} INFO - [2024-11-08T12:04:22.870+0000] {dagbag.py:588} INFO - Filling up the DagBag from /home/airflow/.local/lib/python3.12/site-packages/airflow/example_dags/example_xcom.py
[2024-11-08T12:04:22.936+0000] {processor.py:925} INFO - DAG(s) 'example_xcom' retrieved from /home/airflow/.local/lib/python3.12/site-packages/airflow/example_dags/example_xcom.py
[2024-11-08T12:04:23.134+0000] {logging_mixin.py:190} INFO - [2024-11-08T12:04:23.128+0000] {dag.py:3239} INFO - Sync 1 DAGs
[2024-11-08T12:04:23.413+0000] {logging_mixin.py:190} INFO - [2024-11-08T12:04:23.403+0000] {dag.py:4180} INFO - Setting next_dagrun for example_xcom to 2021-01-01 00:00:00+00:00, run_after=2021-01-01 00:00:00+00:00
[2024-11-08T12:04:23.546+0000] {processor.py:208} INFO - Processing /home/airflow/.local/lib/python3.12/site-packages/airflow/example_dags/example_xcom.py took 0.745 seconds
[2024-11-08T12:05:01.099+0000] {processor.py:186} INFO - Started process (PID=436) to work on /home/airflow/.local/lib/python3.12/site-packages/airflow/example_dags/example_xcom.py
[2024-11-08T12:05:01.133+0000] {processor.py:914} INFO - Processing file /home/airflow/.local/lib/python3.12/site-packages/airflow/example_dags/example_xcom.py for tasks to queue
[2024-11-08T12:05:01.144+0000] {logging_mixin.py:190} INFO - [2024-11-08T12:05:01.144+0000] {dagbag.py:588} INFO - Filling up the DagBag from /home/airflow/.local/lib/python3.12/site-packages/airflow/example_dags/example_xcom.py
[2024-11-08T12:05:01.230+0000] {processor.py:925} INFO - DAG(s) 'example_xcom' retrieved from /home/airflow/.local/lib/python3.12/site-packages/airflow/example_dags/example_xcom.py
[2024-11-08T12:05:01.372+0000] {logging_mixin.py:190} INFO - [2024-11-08T12:05:01.372+0000] {dag.py:3239} INFO - Sync 1 DAGs
[2024-11-08T12:05:01.529+0000] {logging_mixin.py:190} INFO - [2024-11-08T12:05:01.528+0000] {dag.py:4180} INFO - Setting next_dagrun for example_xcom to 2021-01-01 00:00:00+00:00, run_after=2021-01-01 00:00:00+00:00
[2024-11-08T12:05:01.658+0000] {processor.py:208} INFO - Processing /home/airflow/.local/lib/python3.12/site-packages/airflow/example_dags/example_xcom.py took 0.623 seconds
[2024-11-08T12:06:32.306+0000] {processor.py:186} INFO - Started process (PID=536) to work on /home/airflow/.local/lib/python3.12/site-packages/airflow/example_dags/example_xcom.py
[2024-11-08T12:06:32.323+0000] {processor.py:914} INFO - Processing file /home/airflow/.local/lib/python3.12/site-packages/airflow/example_dags/example_xcom.py for tasks to queue
[2024-11-08T12:06:32.342+0000] {logging_mixin.py:190} INFO - [2024-11-08T12:06:32.341+0000] {dagbag.py:588} INFO - Filling up the DagBag from /home/airflow/.local/lib/python3.12/site-packages/airflow/example_dags/example_xcom.py
[2024-11-08T12:06:32.434+0000] {processor.py:925} INFO - DAG(s) 'example_xcom' retrieved from /home/airflow/.local/lib/python3.12/site-packages/airflow/example_dags/example_xcom.py
[2024-11-08T12:06:32.590+0000] {logging_mixin.py:190} INFO - [2024-11-08T12:06:32.589+0000] {dag.py:3239} INFO - Sync 1 DAGs
[2024-11-08T12:06:32.786+0000] {logging_mixin.py:190} INFO - [2024-11-08T12:06:32.785+0000] {dag.py:4180} INFO - Setting next_dagrun for example_xcom to 2021-01-01 00:00:00+00:00, run_after=2021-01-01 00:00:00+00:00
[2024-11-08T12:06:32.970+0000] {processor.py:208} INFO - Processing /home/airflow/.local/lib/python3.12/site-packages/airflow/example_dags/example_xcom.py took 0.717 seconds
[2024-11-08T12:07:22.520+0000] {processor.py:186} INFO - Started process (PID=614) to work on /home/airflow/.local/lib/python3.12/site-packages/airflow/example_dags/example_xcom.py
[2024-11-08T12:07:22.534+0000] {processor.py:914} INFO - Processing file /home/airflow/.local/lib/python3.12/site-packages/airflow/example_dags/example_xcom.py for tasks to queue
[2024-11-08T12:07:22.540+0000] {logging_mixin.py:190} INFO - [2024-11-08T12:07:22.539+0000] {dagbag.py:588} INFO - Filling up the DagBag from /home/airflow/.local/lib/python3.12/site-packages/airflow/example_dags/example_xcom.py
[2024-11-08T12:07:22.577+0000] {processor.py:925} INFO - DAG(s) 'example_xcom' retrieved from /home/airflow/.local/lib/python3.12/site-packages/airflow/example_dags/example_xcom.py
[2024-11-08T12:07:22.668+0000] {logging_mixin.py:190} INFO - [2024-11-08T12:07:22.667+0000] {dag.py:3239} INFO - Sync 1 DAGs
[2024-11-08T12:07:22.797+0000] {logging_mixin.py:190} INFO - [2024-11-08T12:07:22.796+0000] {dag.py:4180} INFO - Setting next_dagrun for example_xcom to 2021-01-01 00:00:00+00:00, run_after=2021-01-01 00:00:00+00:00
[2024-11-08T12:07:22.912+0000] {processor.py:208} INFO - Processing /home/airflow/.local/lib/python3.12/site-packages/airflow/example_dags/example_xcom.py took 0.413 seconds
[2024-11-08T12:07:58.833+0000] {processor.py:186} INFO - Started process (PID=679) to work on /home/airflow/.local/lib/python3.12/site-packages/airflow/example_dags/example_xcom.py
[2024-11-08T12:07:58.837+0000] {processor.py:914} INFO - Processing file /home/airflow/.local/lib/python3.12/site-packages/airflow/example_dags/example_xcom.py for tasks to queue
[2024-11-08T12:07:58.847+0000] {logging_mixin.py:190} INFO - [2024-11-08T12:07:58.845+0000] {dagbag.py:588} INFO - Filling up the DagBag from /home/airflow/.local/lib/python3.12/site-packages/airflow/example_dags/example_xcom.py
[2024-11-08T12:07:58.915+0000] {processor.py:925} INFO - DAG(s) 'example_xcom' retrieved from /home/airflow/.local/lib/python3.12/site-packages/airflow/example_dags/example_xcom.py
[2024-11-08T12:07:59.006+0000] {logging_mixin.py:190} INFO - [2024-11-08T12:07:59.006+0000] {dag.py:3239} INFO - Sync 1 DAGs
[2024-11-08T12:07:59.146+0000] {logging_mixin.py:190} INFO - [2024-11-08T12:07:59.145+0000] {dag.py:4180} INFO - Setting next_dagrun for example_xcom to 2021-01-01 00:00:00+00:00, run_after=2021-01-01 00:00:00+00:00
[2024-11-08T12:07:59.289+0000] {processor.py:208} INFO - Processing /home/airflow/.local/lib/python3.12/site-packages/airflow/example_dags/example_xcom.py took 0.476 seconds
