[2024-11-08T11:50:42.826+0000] {processor.py:186} INFO - Started process (PID=147) to work on /home/airflow/.local/lib/python3.12/site-packages/airflow/example_dags/example_xcomargs.py
[2024-11-08T11:50:42.830+0000] {processor.py:914} INFO - Processing file /home/airflow/.local/lib/python3.12/site-packages/airflow/example_dags/example_xcomargs.py for tasks to queue
[2024-11-08T11:50:42.842+0000] {logging_mixin.py:190} INFO - [2024-11-08T11:50:42.841+0000] {dagbag.py:588} INFO - Filling up the DagBag from /home/airflow/.local/lib/python3.12/site-packages/airflow/example_dags/example_xcomargs.py
[2024-11-08T11:50:42.920+0000] {processor.py:925} INFO - DAG(s) 'example_xcom_args_with_operators', 'example_xcom_args' retrieved from /home/airflow/.local/lib/python3.12/site-packages/airflow/example_dags/example_xcomargs.py
[2024-11-08T11:50:43.999+0000] {logging_mixin.py:190} INFO - [2024-11-08T11:50:43.998+0000] {override.py:1911} INFO - Created Permission View: can read on DAG:example_xcom_args_with_operators
[2024-11-08T11:50:44.134+0000] {logging_mixin.py:190} INFO - [2024-11-08T11:50:44.133+0000] {override.py:1911} INFO - Created Permission View: can edit on DAG:example_xcom_args_with_operators
[2024-11-08T11:50:44.187+0000] {logging_mixin.py:190} INFO - [2024-11-08T11:50:44.186+0000] {override.py:1911} INFO - Created Permission View: can delete on DAG:example_xcom_args_with_operators
[2024-11-08T11:50:44.244+0000] {logging_mixin.py:190} INFO - [2024-11-08T11:50:44.243+0000] {override.py:1911} INFO - Created Permission View: can read on DAG Run:example_xcom_args_with_operators
[2024-11-08T11:50:44.277+0000] {logging_mixin.py:190} INFO - [2024-11-08T11:50:44.277+0000] {override.py:1911} INFO - Created Permission View: menu access on DAG Run:example_xcom_args_with_operators
[2024-11-08T11:50:44.365+0000] {logging_mixin.py:190} INFO - [2024-11-08T11:50:44.364+0000] {override.py:1911} INFO - Created Permission View: can create on DAG Run:example_xcom_args_with_operators
[2024-11-08T11:50:44.407+0000] {logging_mixin.py:190} INFO - [2024-11-08T11:50:44.406+0000] {override.py:1911} INFO - Created Permission View: can delete on DAG Run:example_xcom_args_with_operators
[2024-11-08T11:50:44.488+0000] {logging_mixin.py:190} INFO - [2024-11-08T11:50:44.488+0000] {override.py:1911} INFO - Created Permission View: can read on DAG:example_xcom_args
[2024-11-08T11:50:44.522+0000] {logging_mixin.py:190} INFO - [2024-11-08T11:50:44.521+0000] {override.py:1911} INFO - Created Permission View: can edit on DAG:example_xcom_args
[2024-11-08T11:50:44.579+0000] {logging_mixin.py:190} INFO - [2024-11-08T11:50:44.578+0000] {override.py:1911} INFO - Created Permission View: can delete on DAG:example_xcom_args
[2024-11-08T11:50:44.652+0000] {logging_mixin.py:190} INFO - [2024-11-08T11:50:44.651+0000] {override.py:1911} INFO - Created Permission View: can read on DAG Run:example_xcom_args
[2024-11-08T11:50:44.688+0000] {logging_mixin.py:190} INFO - [2024-11-08T11:50:44.688+0000] {override.py:1911} INFO - Created Permission View: menu access on DAG Run:example_xcom_args
[2024-11-08T11:50:44.723+0000] {logging_mixin.py:190} INFO - [2024-11-08T11:50:44.722+0000] {override.py:1911} INFO - Created Permission View: can create on DAG Run:example_xcom_args
[2024-11-08T11:50:44.765+0000] {logging_mixin.py:190} INFO - [2024-11-08T11:50:44.765+0000] {override.py:1911} INFO - Created Permission View: can delete on DAG Run:example_xcom_args
[2024-11-08T11:50:44.783+0000] {logging_mixin.py:190} INFO - [2024-11-08T11:50:44.782+0000] {dag.py:3239} INFO - Sync 2 DAGs
[2024-11-08T11:50:44.864+0000] {logging_mixin.py:190} INFO - [2024-11-08T11:50:44.863+0000] {dag.py:3262} INFO - Creating ORM DAG for example_xcom_args_with_operators
[2024-11-08T11:50:44.870+0000] {logging_mixin.py:190} INFO - [2024-11-08T11:50:44.870+0000] {dag.py:3262} INFO - Creating ORM DAG for example_xcom_args
[2024-11-08T11:50:44.880+0000] {logging_mixin.py:190} INFO - [2024-11-08T11:50:44.880+0000] {dag.py:4180} INFO - Setting next_dagrun for example_xcom_args to None, run_after=None
[2024-11-08T11:50:44.885+0000] {logging_mixin.py:190} INFO - [2024-11-08T11:50:44.884+0000] {dag.py:4180} INFO - Setting next_dagrun for example_xcom_args_with_operators to None, run_after=None
[2024-11-08T11:50:44.978+0000] {processor.py:208} INFO - Processing /home/airflow/.local/lib/python3.12/site-packages/airflow/example_dags/example_xcomargs.py took 2.189 seconds
[2024-11-08T11:51:39.352+0000] {processor.py:186} INFO - Started process (PID=217) to work on /home/airflow/.local/lib/python3.12/site-packages/airflow/example_dags/example_xcomargs.py
[2024-11-08T11:51:39.369+0000] {processor.py:914} INFO - Processing file /home/airflow/.local/lib/python3.12/site-packages/airflow/example_dags/example_xcomargs.py for tasks to queue
[2024-11-08T11:51:39.385+0000] {logging_mixin.py:190} INFO - [2024-11-08T11:51:39.384+0000] {dagbag.py:588} INFO - Filling up the DagBag from /home/airflow/.local/lib/python3.12/site-packages/airflow/example_dags/example_xcomargs.py
[2024-11-08T11:51:39.463+0000] {processor.py:925} INFO - DAG(s) 'example_xcom_args', 'example_xcom_args_with_operators' retrieved from /home/airflow/.local/lib/python3.12/site-packages/airflow/example_dags/example_xcomargs.py
[2024-11-08T11:51:39.597+0000] {logging_mixin.py:190} INFO - [2024-11-08T11:51:39.596+0000] {dag.py:3239} INFO - Sync 2 DAGs
[2024-11-08T11:51:39.693+0000] {logging_mixin.py:190} INFO - [2024-11-08T11:51:39.692+0000] {dag.py:4180} INFO - Setting next_dagrun for example_xcom_args to None, run_after=None
[2024-11-08T11:51:39.727+0000] {logging_mixin.py:190} INFO - [2024-11-08T11:51:39.727+0000] {dag.py:4180} INFO - Setting next_dagrun for example_xcom_args_with_operators to None, run_after=None
[2024-11-08T11:51:39.835+0000] {processor.py:208} INFO - Processing /home/airflow/.local/lib/python3.12/site-packages/airflow/example_dags/example_xcomargs.py took 0.510 seconds
[2024-11-08T11:52:14.469+0000] {processor.py:186} INFO - Started process (PID=281) to work on /home/airflow/.local/lib/python3.12/site-packages/airflow/example_dags/example_xcomargs.py
[2024-11-08T11:52:14.473+0000] {processor.py:914} INFO - Processing file /home/airflow/.local/lib/python3.12/site-packages/airflow/example_dags/example_xcomargs.py for tasks to queue
[2024-11-08T11:52:14.480+0000] {logging_mixin.py:190} INFO - [2024-11-08T11:52:14.479+0000] {dagbag.py:588} INFO - Filling up the DagBag from /home/airflow/.local/lib/python3.12/site-packages/airflow/example_dags/example_xcomargs.py
[2024-11-08T11:52:14.531+0000] {processor.py:925} INFO - DAG(s) 'example_xcom_args', 'example_xcom_args_with_operators' retrieved from /home/airflow/.local/lib/python3.12/site-packages/airflow/example_dags/example_xcomargs.py
[2024-11-08T11:52:14.668+0000] {logging_mixin.py:190} INFO - [2024-11-08T11:52:14.659+0000] {dag.py:3239} INFO - Sync 2 DAGs
[2024-11-08T11:52:14.778+0000] {logging_mixin.py:190} INFO - [2024-11-08T11:52:14.777+0000] {dag.py:4180} INFO - Setting next_dagrun for example_xcom_args to None, run_after=None
[2024-11-08T11:52:14.831+0000] {logging_mixin.py:190} INFO - [2024-11-08T11:52:14.830+0000] {dag.py:4180} INFO - Setting next_dagrun for example_xcom_args_with_operators to None, run_after=None
[2024-11-08T11:52:15.006+0000] {processor.py:208} INFO - Processing /home/airflow/.local/lib/python3.12/site-packages/airflow/example_dags/example_xcomargs.py took 0.556 seconds
[2024-11-08T11:52:52.305+0000] {processor.py:186} INFO - Started process (PID=351) to work on /home/airflow/.local/lib/python3.12/site-packages/airflow/example_dags/example_xcomargs.py
[2024-11-08T11:52:52.319+0000] {processor.py:914} INFO - Processing file /home/airflow/.local/lib/python3.12/site-packages/airflow/example_dags/example_xcomargs.py for tasks to queue
[2024-11-08T11:52:52.327+0000] {logging_mixin.py:190} INFO - [2024-11-08T11:52:52.326+0000] {dagbag.py:588} INFO - Filling up the DagBag from /home/airflow/.local/lib/python3.12/site-packages/airflow/example_dags/example_xcomargs.py
[2024-11-08T11:52:52.402+0000] {processor.py:925} INFO - DAG(s) 'example_xcom_args', 'example_xcom_args_with_operators' retrieved from /home/airflow/.local/lib/python3.12/site-packages/airflow/example_dags/example_xcomargs.py
[2024-11-08T11:52:52.595+0000] {logging_mixin.py:190} INFO - [2024-11-08T11:52:52.594+0000] {dag.py:3239} INFO - Sync 2 DAGs
[2024-11-08T11:52:52.745+0000] {logging_mixin.py:190} INFO - [2024-11-08T11:52:52.744+0000] {dag.py:4180} INFO - Setting next_dagrun for example_xcom_args to None, run_after=None
[2024-11-08T11:52:52.806+0000] {logging_mixin.py:190} INFO - [2024-11-08T11:52:52.805+0000] {dag.py:4180} INFO - Setting next_dagrun for example_xcom_args_with_operators to None, run_after=None
[2024-11-08T11:52:52.938+0000] {processor.py:208} INFO - Processing /home/airflow/.local/lib/python3.12/site-packages/airflow/example_dags/example_xcomargs.py took 0.670 seconds
[2024-11-08T11:53:29.097+0000] {processor.py:186} INFO - Started process (PID=418) to work on /home/airflow/.local/lib/python3.12/site-packages/airflow/example_dags/example_xcomargs.py
[2024-11-08T11:53:29.117+0000] {processor.py:914} INFO - Processing file /home/airflow/.local/lib/python3.12/site-packages/airflow/example_dags/example_xcomargs.py for tasks to queue
[2024-11-08T11:53:29.124+0000] {logging_mixin.py:190} INFO - [2024-11-08T11:53:29.123+0000] {dagbag.py:588} INFO - Filling up the DagBag from /home/airflow/.local/lib/python3.12/site-packages/airflow/example_dags/example_xcomargs.py
[2024-11-08T11:53:29.201+0000] {processor.py:925} INFO - DAG(s) 'example_xcom_args', 'example_xcom_args_with_operators' retrieved from /home/airflow/.local/lib/python3.12/site-packages/airflow/example_dags/example_xcomargs.py
[2024-11-08T11:53:29.392+0000] {logging_mixin.py:190} INFO - [2024-11-08T11:53:29.391+0000] {dag.py:3239} INFO - Sync 2 DAGs
[2024-11-08T11:53:29.489+0000] {logging_mixin.py:190} INFO - [2024-11-08T11:53:29.486+0000] {dag.py:4180} INFO - Setting next_dagrun for example_xcom_args to None, run_after=None
[2024-11-08T11:53:29.538+0000] {logging_mixin.py:190} INFO - [2024-11-08T11:53:29.537+0000] {dag.py:4180} INFO - Setting next_dagrun for example_xcom_args_with_operators to None, run_after=None
[2024-11-08T11:53:29.621+0000] {processor.py:208} INFO - Processing /home/airflow/.local/lib/python3.12/site-packages/airflow/example_dags/example_xcomargs.py took 0.576 seconds
[2024-11-08T11:54:08.467+0000] {processor.py:186} INFO - Started process (PID=488) to work on /home/airflow/.local/lib/python3.12/site-packages/airflow/example_dags/example_xcomargs.py
[2024-11-08T11:54:08.480+0000] {processor.py:914} INFO - Processing file /home/airflow/.local/lib/python3.12/site-packages/airflow/example_dags/example_xcomargs.py for tasks to queue
[2024-11-08T11:54:08.510+0000] {logging_mixin.py:190} INFO - [2024-11-08T11:54:08.509+0000] {dagbag.py:588} INFO - Filling up the DagBag from /home/airflow/.local/lib/python3.12/site-packages/airflow/example_dags/example_xcomargs.py
[2024-11-08T11:54:08.628+0000] {processor.py:925} INFO - DAG(s) 'example_xcom_args_with_operators', 'example_xcom_args' retrieved from /home/airflow/.local/lib/python3.12/site-packages/airflow/example_dags/example_xcomargs.py
[2024-11-08T11:54:08.823+0000] {logging_mixin.py:190} INFO - [2024-11-08T11:54:08.822+0000] {dag.py:3239} INFO - Sync 2 DAGs
[2024-11-08T11:54:09.006+0000] {logging_mixin.py:190} INFO - [2024-11-08T11:54:09.005+0000] {dag.py:4180} INFO - Setting next_dagrun for example_xcom_args to None, run_after=None
[2024-11-08T11:54:09.047+0000] {logging_mixin.py:190} INFO - [2024-11-08T11:54:09.047+0000] {dag.py:4180} INFO - Setting next_dagrun for example_xcom_args_with_operators to None, run_after=None
[2024-11-08T11:54:09.180+0000] {processor.py:208} INFO - Processing /home/airflow/.local/lib/python3.12/site-packages/airflow/example_dags/example_xcomargs.py took 0.762 seconds
[2024-11-08T11:54:42.413+0000] {processor.py:186} INFO - Started process (PID=552) to work on /home/airflow/.local/lib/python3.12/site-packages/airflow/example_dags/example_xcomargs.py
[2024-11-08T11:54:42.467+0000] {processor.py:914} INFO - Processing file /home/airflow/.local/lib/python3.12/site-packages/airflow/example_dags/example_xcomargs.py for tasks to queue
[2024-11-08T11:54:42.495+0000] {logging_mixin.py:190} INFO - [2024-11-08T11:54:42.494+0000] {dagbag.py:588} INFO - Filling up the DagBag from /home/airflow/.local/lib/python3.12/site-packages/airflow/example_dags/example_xcomargs.py
[2024-11-08T11:54:42.628+0000] {processor.py:925} INFO - DAG(s) 'example_xcom_args_with_operators', 'example_xcom_args' retrieved from /home/airflow/.local/lib/python3.12/site-packages/airflow/example_dags/example_xcomargs.py
[2024-11-08T11:54:42.960+0000] {logging_mixin.py:190} INFO - [2024-11-08T11:54:42.959+0000] {dag.py:3239} INFO - Sync 2 DAGs
[2024-11-08T11:54:43.093+0000] {logging_mixin.py:190} INFO - [2024-11-08T11:54:43.092+0000] {dag.py:4180} INFO - Setting next_dagrun for example_xcom_args to None, run_after=None
[2024-11-08T11:54:43.132+0000] {logging_mixin.py:190} INFO - [2024-11-08T11:54:43.132+0000] {dag.py:4180} INFO - Setting next_dagrun for example_xcom_args_with_operators to None, run_after=None
[2024-11-08T11:54:43.247+0000] {processor.py:208} INFO - Processing /home/airflow/.local/lib/python3.12/site-packages/airflow/example_dags/example_xcomargs.py took 0.885 seconds
[2024-11-08T11:55:15.651+0000] {processor.py:186} INFO - Started process (PID=615) to work on /home/airflow/.local/lib/python3.12/site-packages/airflow/example_dags/example_xcomargs.py
[2024-11-08T11:55:15.686+0000] {processor.py:914} INFO - Processing file /home/airflow/.local/lib/python3.12/site-packages/airflow/example_dags/example_xcomargs.py for tasks to queue
[2024-11-08T11:55:15.703+0000] {logging_mixin.py:190} INFO - [2024-11-08T11:55:15.702+0000] {dagbag.py:588} INFO - Filling up the DagBag from /home/airflow/.local/lib/python3.12/site-packages/airflow/example_dags/example_xcomargs.py
[2024-11-08T11:55:15.803+0000] {processor.py:925} INFO - DAG(s) 'example_xcom_args', 'example_xcom_args_with_operators' retrieved from /home/airflow/.local/lib/python3.12/site-packages/airflow/example_dags/example_xcomargs.py
[2024-11-08T11:55:15.968+0000] {logging_mixin.py:190} INFO - [2024-11-08T11:55:15.967+0000] {dag.py:3239} INFO - Sync 2 DAGs
[2024-11-08T11:55:16.129+0000] {logging_mixin.py:190} INFO - [2024-11-08T11:55:16.128+0000] {dag.py:4180} INFO - Setting next_dagrun for example_xcom_args to None, run_after=None
[2024-11-08T11:55:16.163+0000] {logging_mixin.py:190} INFO - [2024-11-08T11:55:16.162+0000] {dag.py:4180} INFO - Setting next_dagrun for example_xcom_args_with_operators to None, run_after=None
[2024-11-08T11:55:16.288+0000] {processor.py:208} INFO - Processing /home/airflow/.local/lib/python3.12/site-packages/airflow/example_dags/example_xcomargs.py took 0.687 seconds
[2024-11-08T12:01:46.702+0000] {processor.py:186} INFO - Started process (PID=127) to work on /home/airflow/.local/lib/python3.12/site-packages/airflow/example_dags/example_xcomargs.py
[2024-11-08T12:01:46.735+0000] {processor.py:914} INFO - Processing file /home/airflow/.local/lib/python3.12/site-packages/airflow/example_dags/example_xcomargs.py for tasks to queue
[2024-11-08T12:01:46.804+0000] {logging_mixin.py:190} INFO - [2024-11-08T12:01:46.781+0000] {dagbag.py:588} INFO - Filling up the DagBag from /home/airflow/.local/lib/python3.12/site-packages/airflow/example_dags/example_xcomargs.py
[2024-11-08T12:01:47.068+0000] {processor.py:925} INFO - DAG(s) 'example_xcom_args_with_operators', 'example_xcom_args' retrieved from /home/airflow/.local/lib/python3.12/site-packages/airflow/example_dags/example_xcomargs.py
[2024-11-08T12:01:47.261+0000] {logging_mixin.py:190} INFO - [2024-11-08T12:01:47.260+0000] {dag.py:3239} INFO - Sync 2 DAGs
[2024-11-08T12:01:47.572+0000] {logging_mixin.py:190} INFO - [2024-11-08T12:01:47.571+0000] {dag.py:4180} INFO - Setting next_dagrun for example_xcom_args to None, run_after=None
[2024-11-08T12:01:47.683+0000] {logging_mixin.py:190} INFO - [2024-11-08T12:01:47.682+0000] {dag.py:4180} INFO - Setting next_dagrun for example_xcom_args_with_operators to None, run_after=None
[2024-11-08T12:01:47.791+0000] {processor.py:208} INFO - Processing /home/airflow/.local/lib/python3.12/site-packages/airflow/example_dags/example_xcomargs.py took 1.122 seconds
[2024-11-08T12:02:37.431+0000] {processor.py:186} INFO - Started process (PID=191) to work on /home/airflow/.local/lib/python3.12/site-packages/airflow/example_dags/example_xcomargs.py
[2024-11-08T12:02:37.466+0000] {processor.py:914} INFO - Processing file /home/airflow/.local/lib/python3.12/site-packages/airflow/example_dags/example_xcomargs.py for tasks to queue
[2024-11-08T12:02:37.501+0000] {logging_mixin.py:190} INFO - [2024-11-08T12:02:37.500+0000] {dagbag.py:588} INFO - Filling up the DagBag from /home/airflow/.local/lib/python3.12/site-packages/airflow/example_dags/example_xcomargs.py
[2024-11-08T12:02:38.437+0000] {processor.py:925} INFO - DAG(s) 'example_xcom_args_with_operators', 'example_xcom_args' retrieved from /home/airflow/.local/lib/python3.12/site-packages/airflow/example_dags/example_xcomargs.py
[2024-11-08T12:02:38.617+0000] {logging_mixin.py:190} INFO - [2024-11-08T12:02:38.616+0000] {dag.py:3239} INFO - Sync 2 DAGs
[2024-11-08T12:02:38.695+0000] {logging_mixin.py:190} INFO - [2024-11-08T12:02:38.695+0000] {dag.py:4180} INFO - Setting next_dagrun for example_xcom_args to None, run_after=None
[2024-11-08T12:02:38.738+0000] {logging_mixin.py:190} INFO - [2024-11-08T12:02:38.727+0000] {dag.py:4180} INFO - Setting next_dagrun for example_xcom_args_with_operators to None, run_after=None
[2024-11-08T12:02:38.825+0000] {processor.py:208} INFO - Processing /home/airflow/.local/lib/python3.12/site-packages/airflow/example_dags/example_xcomargs.py took 1.421 seconds
[2024-11-08T12:03:25.267+0000] {processor.py:186} INFO - Started process (PID=272) to work on /home/airflow/.local/lib/python3.12/site-packages/airflow/example_dags/example_xcomargs.py
[2024-11-08T12:03:25.282+0000] {processor.py:914} INFO - Processing file /home/airflow/.local/lib/python3.12/site-packages/airflow/example_dags/example_xcomargs.py for tasks to queue
[2024-11-08T12:03:25.300+0000] {logging_mixin.py:190} INFO - [2024-11-08T12:03:25.299+0000] {dagbag.py:588} INFO - Filling up the DagBag from /home/airflow/.local/lib/python3.12/site-packages/airflow/example_dags/example_xcomargs.py
[2024-11-08T12:03:25.413+0000] {processor.py:925} INFO - DAG(s) 'example_xcom_args', 'example_xcom_args_with_operators' retrieved from /home/airflow/.local/lib/python3.12/site-packages/airflow/example_dags/example_xcomargs.py
[2024-11-08T12:03:25.603+0000] {logging_mixin.py:190} INFO - [2024-11-08T12:03:25.602+0000] {dag.py:3239} INFO - Sync 2 DAGs
[2024-11-08T12:03:25.731+0000] {logging_mixin.py:190} INFO - [2024-11-08T12:03:25.730+0000] {dag.py:4180} INFO - Setting next_dagrun for example_xcom_args to None, run_after=None
[2024-11-08T12:03:25.767+0000] {logging_mixin.py:190} INFO - [2024-11-08T12:03:25.762+0000] {dag.py:4180} INFO - Setting next_dagrun for example_xcom_args_with_operators to None, run_after=None
[2024-11-08T12:03:25.913+0000] {processor.py:208} INFO - Processing /home/airflow/.local/lib/python3.12/site-packages/airflow/example_dags/example_xcomargs.py took 0.692 seconds
[2024-11-08T12:04:05.508+0000] {processor.py:186} INFO - Started process (PID=335) to work on /home/airflow/.local/lib/python3.12/site-packages/airflow/example_dags/example_xcomargs.py
[2024-11-08T12:04:05.533+0000] {processor.py:914} INFO - Processing file /home/airflow/.local/lib/python3.12/site-packages/airflow/example_dags/example_xcomargs.py for tasks to queue
[2024-11-08T12:04:05.556+0000] {logging_mixin.py:190} INFO - [2024-11-08T12:04:05.555+0000] {dagbag.py:588} INFO - Filling up the DagBag from /home/airflow/.local/lib/python3.12/site-packages/airflow/example_dags/example_xcomargs.py
[2024-11-08T12:04:05.638+0000] {processor.py:925} INFO - DAG(s) 'example_xcom_args_with_operators', 'example_xcom_args' retrieved from /home/airflow/.local/lib/python3.12/site-packages/airflow/example_dags/example_xcomargs.py
[2024-11-08T12:04:05.784+0000] {logging_mixin.py:190} INFO - [2024-11-08T12:04:05.784+0000] {dag.py:3239} INFO - Sync 2 DAGs
[2024-11-08T12:04:05.927+0000] {logging_mixin.py:190} INFO - [2024-11-08T12:04:05.926+0000] {dag.py:4180} INFO - Setting next_dagrun for example_xcom_args to None, run_after=None
[2024-11-08T12:04:05.961+0000] {logging_mixin.py:190} INFO - [2024-11-08T12:04:05.961+0000] {dag.py:4180} INFO - Setting next_dagrun for example_xcom_args_with_operators to None, run_after=None
[2024-11-08T12:04:06.067+0000] {processor.py:208} INFO - Processing /home/airflow/.local/lib/python3.12/site-packages/airflow/example_dags/example_xcomargs.py took 0.595 seconds
[2024-11-08T12:04:39.113+0000] {processor.py:186} INFO - Started process (PID=400) to work on /home/airflow/.local/lib/python3.12/site-packages/airflow/example_dags/example_xcomargs.py
[2024-11-08T12:04:39.124+0000] {processor.py:914} INFO - Processing file /home/airflow/.local/lib/python3.12/site-packages/airflow/example_dags/example_xcomargs.py for tasks to queue
[2024-11-08T12:04:39.144+0000] {logging_mixin.py:190} INFO - [2024-11-08T12:04:39.143+0000] {dagbag.py:588} INFO - Filling up the DagBag from /home/airflow/.local/lib/python3.12/site-packages/airflow/example_dags/example_xcomargs.py
[2024-11-08T12:04:39.227+0000] {processor.py:925} INFO - DAG(s) 'example_xcom_args_with_operators', 'example_xcom_args' retrieved from /home/airflow/.local/lib/python3.12/site-packages/airflow/example_dags/example_xcomargs.py
[2024-11-08T12:04:39.392+0000] {logging_mixin.py:190} INFO - [2024-11-08T12:04:39.380+0000] {dag.py:3239} INFO - Sync 2 DAGs
[2024-11-08T12:04:39.532+0000] {logging_mixin.py:190} INFO - [2024-11-08T12:04:39.532+0000] {dag.py:4180} INFO - Setting next_dagrun for example_xcom_args to None, run_after=None
[2024-11-08T12:04:39.563+0000] {logging_mixin.py:190} INFO - [2024-11-08T12:04:39.554+0000] {dag.py:4180} INFO - Setting next_dagrun for example_xcom_args_with_operators to None, run_after=None
[2024-11-08T12:04:39.675+0000] {processor.py:208} INFO - Processing /home/airflow/.local/lib/python3.12/site-packages/airflow/example_dags/example_xcomargs.py took 0.600 seconds
[2024-11-08T12:05:29.768+0000] {processor.py:186} INFO - Started process (PID=471) to work on /home/airflow/.local/lib/python3.12/site-packages/airflow/example_dags/example_xcomargs.py
[2024-11-08T12:05:29.793+0000] {processor.py:914} INFO - Processing file /home/airflow/.local/lib/python3.12/site-packages/airflow/example_dags/example_xcomargs.py for tasks to queue
[2024-11-08T12:05:29.816+0000] {logging_mixin.py:190} INFO - [2024-11-08T12:05:29.816+0000] {dagbag.py:588} INFO - Filling up the DagBag from /home/airflow/.local/lib/python3.12/site-packages/airflow/example_dags/example_xcomargs.py
[2024-11-08T12:05:29.906+0000] {processor.py:925} INFO - DAG(s) 'example_xcom_args', 'example_xcom_args_with_operators' retrieved from /home/airflow/.local/lib/python3.12/site-packages/airflow/example_dags/example_xcomargs.py
[2024-11-08T12:05:30.117+0000] {logging_mixin.py:190} INFO - [2024-11-08T12:05:30.116+0000] {dag.py:3239} INFO - Sync 2 DAGs
[2024-11-08T12:05:30.252+0000] {logging_mixin.py:190} INFO - [2024-11-08T12:05:30.251+0000] {dag.py:4180} INFO - Setting next_dagrun for example_xcom_args to None, run_after=None
[2024-11-08T12:05:30.285+0000] {logging_mixin.py:190} INFO - [2024-11-08T12:05:30.285+0000] {dag.py:4180} INFO - Setting next_dagrun for example_xcom_args_with_operators to None, run_after=None
[2024-11-08T12:05:30.425+0000] {processor.py:208} INFO - Processing /home/airflow/.local/lib/python3.12/site-packages/airflow/example_dags/example_xcomargs.py took 0.694 seconds
[2024-11-08T12:06:30.715+0000] {processor.py:186} INFO - Started process (PID=533) to work on /home/airflow/.local/lib/python3.12/site-packages/airflow/example_dags/example_xcomargs.py
[2024-11-08T12:06:30.731+0000] {processor.py:914} INFO - Processing file /home/airflow/.local/lib/python3.12/site-packages/airflow/example_dags/example_xcomargs.py for tasks to queue
[2024-11-08T12:06:30.748+0000] {logging_mixin.py:190} INFO - [2024-11-08T12:06:30.746+0000] {dagbag.py:588} INFO - Filling up the DagBag from /home/airflow/.local/lib/python3.12/site-packages/airflow/example_dags/example_xcomargs.py
[2024-11-08T12:06:30.870+0000] {processor.py:925} INFO - DAG(s) 'example_xcom_args', 'example_xcom_args_with_operators' retrieved from /home/airflow/.local/lib/python3.12/site-packages/airflow/example_dags/example_xcomargs.py
[2024-11-08T12:06:31.044+0000] {logging_mixin.py:190} INFO - [2024-11-08T12:06:31.044+0000] {dag.py:3239} INFO - Sync 2 DAGs
[2024-11-08T12:06:31.224+0000] {logging_mixin.py:190} INFO - [2024-11-08T12:06:31.223+0000] {dag.py:4180} INFO - Setting next_dagrun for example_xcom_args to None, run_after=None
[2024-11-08T12:06:31.313+0000] {logging_mixin.py:190} INFO - [2024-11-08T12:06:31.313+0000] {dag.py:4180} INFO - Setting next_dagrun for example_xcom_args_with_operators to None, run_after=None
[2024-11-08T12:06:31.487+0000] {processor.py:208} INFO - Processing /home/airflow/.local/lib/python3.12/site-packages/airflow/example_dags/example_xcomargs.py took 0.810 seconds
[2024-11-08T12:07:18.685+0000] {processor.py:186} INFO - Started process (PID=611) to work on /home/airflow/.local/lib/python3.12/site-packages/airflow/example_dags/example_xcomargs.py
[2024-11-08T12:07:18.690+0000] {processor.py:914} INFO - Processing file /home/airflow/.local/lib/python3.12/site-packages/airflow/example_dags/example_xcomargs.py for tasks to queue
[2024-11-08T12:07:18.722+0000] {logging_mixin.py:190} INFO - [2024-11-08T12:07:18.708+0000] {dagbag.py:588} INFO - Filling up the DagBag from /home/airflow/.local/lib/python3.12/site-packages/airflow/example_dags/example_xcomargs.py
[2024-11-08T12:07:18.827+0000] {processor.py:925} INFO - DAG(s) 'example_xcom_args', 'example_xcom_args_with_operators' retrieved from /home/airflow/.local/lib/python3.12/site-packages/airflow/example_dags/example_xcomargs.py
[2024-11-08T12:07:18.998+0000] {logging_mixin.py:190} INFO - [2024-11-08T12:07:18.997+0000] {dag.py:3239} INFO - Sync 2 DAGs
[2024-11-08T12:07:19.133+0000] {logging_mixin.py:190} INFO - [2024-11-08T12:07:19.131+0000] {dag.py:4180} INFO - Setting next_dagrun for example_xcom_args to None, run_after=None
[2024-11-08T12:07:19.169+0000] {logging_mixin.py:190} INFO - [2024-11-08T12:07:19.169+0000] {dag.py:4180} INFO - Setting next_dagrun for example_xcom_args_with_operators to None, run_after=None
[2024-11-08T12:07:19.278+0000] {processor.py:208} INFO - Processing /home/airflow/.local/lib/python3.12/site-packages/airflow/example_dags/example_xcomargs.py took 0.633 seconds
[2024-11-08T12:07:57.363+0000] {processor.py:186} INFO - Started process (PID=676) to work on /home/airflow/.local/lib/python3.12/site-packages/airflow/example_dags/example_xcomargs.py
[2024-11-08T12:07:57.370+0000] {processor.py:914} INFO - Processing file /home/airflow/.local/lib/python3.12/site-packages/airflow/example_dags/example_xcomargs.py for tasks to queue
[2024-11-08T12:07:57.382+0000] {logging_mixin.py:190} INFO - [2024-11-08T12:07:57.381+0000] {dagbag.py:588} INFO - Filling up the DagBag from /home/airflow/.local/lib/python3.12/site-packages/airflow/example_dags/example_xcomargs.py
[2024-11-08T12:07:57.436+0000] {processor.py:925} INFO - DAG(s) 'example_xcom_args', 'example_xcom_args_with_operators' retrieved from /home/airflow/.local/lib/python3.12/site-packages/airflow/example_dags/example_xcomargs.py
[2024-11-08T12:07:57.514+0000] {logging_mixin.py:190} INFO - [2024-11-08T12:07:57.513+0000] {dag.py:3239} INFO - Sync 2 DAGs
[2024-11-08T12:07:57.561+0000] {logging_mixin.py:190} INFO - [2024-11-08T12:07:57.560+0000] {dag.py:4180} INFO - Setting next_dagrun for example_xcom_args to None, run_after=None
[2024-11-08T12:07:57.580+0000] {logging_mixin.py:190} INFO - [2024-11-08T12:07:57.580+0000] {dag.py:4180} INFO - Setting next_dagrun for example_xcom_args_with_operators to None, run_after=None
[2024-11-08T12:07:57.647+0000] {processor.py:208} INFO - Processing /home/airflow/.local/lib/python3.12/site-packages/airflow/example_dags/example_xcomargs.py took 0.311 seconds
