[2024-11-08T11:50:50.044+0000] {processor.py:186} INFO - Started process (PID=159) to work on /home/airflow/.local/lib/python3.12/site-packages/airflow/example_dags/example_params_trigger_ui.py
[2024-11-08T11:50:50.056+0000] {processor.py:914} INFO - Processing file /home/airflow/.local/lib/python3.12/site-packages/airflow/example_dags/example_params_trigger_ui.py for tasks to queue
[2024-11-08T11:50:50.063+0000] {logging_mixin.py:190} INFO - [2024-11-08T11:50:50.062+0000] {dagbag.py:588} INFO - Filling up the DagBag from /home/airflow/.local/lib/python3.12/site-packages/airflow/example_dags/example_params_trigger_ui.py
[2024-11-08T11:50:50.144+0000] {processor.py:925} INFO - DAG(s) 'example_params_trigger_ui' retrieved from /home/airflow/.local/lib/python3.12/site-packages/airflow/example_dags/example_params_trigger_ui.py
[2024-11-08T11:50:51.720+0000] {logging_mixin.py:190} INFO - [2024-11-08T11:50:51.718+0000] {override.py:1911} INFO - Created Permission View: can read on DAG:example_params_trigger_ui
[2024-11-08T11:50:51.850+0000] {logging_mixin.py:190} INFO - [2024-11-08T11:50:51.849+0000] {override.py:1911} INFO - Created Permission View: can edit on DAG:example_params_trigger_ui
[2024-11-08T11:50:51.933+0000] {logging_mixin.py:190} INFO - [2024-11-08T11:50:51.932+0000] {override.py:1911} INFO - Created Permission View: can delete on DAG:example_params_trigger_ui
[2024-11-08T11:50:51.999+0000] {logging_mixin.py:190} INFO - [2024-11-08T11:50:51.998+0000] {override.py:1911} INFO - Created Permission View: can read on DAG Run:example_params_trigger_ui
[2024-11-08T11:50:52.028+0000] {logging_mixin.py:190} INFO - [2024-11-08T11:50:52.027+0000] {override.py:1911} INFO - Created Permission View: menu access on DAG Run:example_params_trigger_ui
[2024-11-08T11:50:52.093+0000] {logging_mixin.py:190} INFO - [2024-11-08T11:50:52.093+0000] {override.py:1911} INFO - Created Permission View: can create on DAG Run:example_params_trigger_ui
[2024-11-08T11:50:52.163+0000] {logging_mixin.py:190} INFO - [2024-11-08T11:50:52.162+0000] {override.py:1911} INFO - Created Permission View: can delete on DAG Run:example_params_trigger_ui
[2024-11-08T11:50:52.197+0000] {logging_mixin.py:190} INFO - [2024-11-08T11:50:52.196+0000] {dag.py:3239} INFO - Sync 1 DAGs
[2024-11-08T11:50:52.323+0000] {logging_mixin.py:190} INFO - [2024-11-08T11:50:52.312+0000] {dag.py:3262} INFO - Creating ORM DAG for example_params_trigger_ui
[2024-11-08T11:50:52.326+0000] {logging_mixin.py:190} INFO - [2024-11-08T11:50:52.325+0000] {dag.py:4180} INFO - Setting next_dagrun for example_params_trigger_ui to None, run_after=None
[2024-11-08T11:50:52.443+0000] {processor.py:208} INFO - Processing /home/airflow/.local/lib/python3.12/site-packages/airflow/example_dags/example_params_trigger_ui.py took 2.433 seconds
[2024-11-08T11:51:41.365+0000] {processor.py:186} INFO - Started process (PID=223) to work on /home/airflow/.local/lib/python3.12/site-packages/airflow/example_dags/example_params_trigger_ui.py
[2024-11-08T11:51:41.376+0000] {processor.py:914} INFO - Processing file /home/airflow/.local/lib/python3.12/site-packages/airflow/example_dags/example_params_trigger_ui.py for tasks to queue
[2024-11-08T11:51:41.393+0000] {logging_mixin.py:190} INFO - [2024-11-08T11:51:41.385+0000] {dagbag.py:588} INFO - Filling up the DagBag from /home/airflow/.local/lib/python3.12/site-packages/airflow/example_dags/example_params_trigger_ui.py
[2024-11-08T11:51:41.478+0000] {processor.py:925} INFO - DAG(s) 'example_params_trigger_ui' retrieved from /home/airflow/.local/lib/python3.12/site-packages/airflow/example_dags/example_params_trigger_ui.py
[2024-11-08T11:51:41.758+0000] {logging_mixin.py:190} INFO - [2024-11-08T11:51:41.758+0000] {dag.py:3239} INFO - Sync 1 DAGs
[2024-11-08T11:51:41.851+0000] {logging_mixin.py:190} INFO - [2024-11-08T11:51:41.851+0000] {dag.py:4180} INFO - Setting next_dagrun for example_params_trigger_ui to None, run_after=None
[2024-11-08T11:51:41.970+0000] {processor.py:208} INFO - Processing /home/airflow/.local/lib/python3.12/site-packages/airflow/example_dags/example_params_trigger_ui.py took 0.640 seconds
[2024-11-08T11:52:17.443+0000] {processor.py:186} INFO - Started process (PID=294) to work on /home/airflow/.local/lib/python3.12/site-packages/airflow/example_dags/example_params_trigger_ui.py
[2024-11-08T11:52:17.458+0000] {processor.py:914} INFO - Processing file /home/airflow/.local/lib/python3.12/site-packages/airflow/example_dags/example_params_trigger_ui.py for tasks to queue
[2024-11-08T11:52:17.468+0000] {logging_mixin.py:190} INFO - [2024-11-08T11:52:17.467+0000] {dagbag.py:588} INFO - Filling up the DagBag from /home/airflow/.local/lib/python3.12/site-packages/airflow/example_dags/example_params_trigger_ui.py
[2024-11-08T11:52:17.569+0000] {processor.py:925} INFO - DAG(s) 'example_params_trigger_ui' retrieved from /home/airflow/.local/lib/python3.12/site-packages/airflow/example_dags/example_params_trigger_ui.py
[2024-11-08T11:52:17.844+0000] {logging_mixin.py:190} INFO - [2024-11-08T11:52:17.843+0000] {dag.py:3239} INFO - Sync 1 DAGs
[2024-11-08T11:52:17.953+0000] {logging_mixin.py:190} INFO - [2024-11-08T11:52:17.953+0000] {dag.py:4180} INFO - Setting next_dagrun for example_params_trigger_ui to None, run_after=None
[2024-11-08T11:52:18.058+0000] {processor.py:208} INFO - Processing /home/airflow/.local/lib/python3.12/site-packages/airflow/example_dags/example_params_trigger_ui.py took 0.655 seconds
[2024-11-08T11:52:56.024+0000] {processor.py:186} INFO - Started process (PID=360) to work on /home/airflow/.local/lib/python3.12/site-packages/airflow/example_dags/example_params_trigger_ui.py
[2024-11-08T11:52:56.028+0000] {processor.py:914} INFO - Processing file /home/airflow/.local/lib/python3.12/site-packages/airflow/example_dags/example_params_trigger_ui.py for tasks to queue
[2024-11-08T11:52:56.051+0000] {logging_mixin.py:190} INFO - [2024-11-08T11:52:56.050+0000] {dagbag.py:588} INFO - Filling up the DagBag from /home/airflow/.local/lib/python3.12/site-packages/airflow/example_dags/example_params_trigger_ui.py
[2024-11-08T11:52:56.132+0000] {processor.py:925} INFO - DAG(s) 'example_params_trigger_ui' retrieved from /home/airflow/.local/lib/python3.12/site-packages/airflow/example_dags/example_params_trigger_ui.py
[2024-11-08T11:52:56.489+0000] {logging_mixin.py:190} INFO - [2024-11-08T11:52:56.488+0000] {dag.py:3239} INFO - Sync 1 DAGs
[2024-11-08T11:52:56.576+0000] {logging_mixin.py:190} INFO - [2024-11-08T11:52:56.575+0000] {dag.py:4180} INFO - Setting next_dagrun for example_params_trigger_ui to None, run_after=None
[2024-11-08T11:52:56.681+0000] {processor.py:208} INFO - Processing /home/airflow/.local/lib/python3.12/site-packages/airflow/example_dags/example_params_trigger_ui.py took 0.691 seconds
[2024-11-08T11:53:33.865+0000] {processor.py:186} INFO - Started process (PID=430) to work on /home/airflow/.local/lib/python3.12/site-packages/airflow/example_dags/example_params_trigger_ui.py
[2024-11-08T11:53:33.873+0000] {processor.py:914} INFO - Processing file /home/airflow/.local/lib/python3.12/site-packages/airflow/example_dags/example_params_trigger_ui.py for tasks to queue
[2024-11-08T11:53:33.882+0000] {logging_mixin.py:190} INFO - [2024-11-08T11:53:33.881+0000] {dagbag.py:588} INFO - Filling up the DagBag from /home/airflow/.local/lib/python3.12/site-packages/airflow/example_dags/example_params_trigger_ui.py
[2024-11-08T11:53:33.942+0000] {processor.py:925} INFO - DAG(s) 'example_params_trigger_ui' retrieved from /home/airflow/.local/lib/python3.12/site-packages/airflow/example_dags/example_params_trigger_ui.py
[2024-11-08T11:53:34.183+0000] {logging_mixin.py:190} INFO - [2024-11-08T11:53:34.183+0000] {dag.py:3239} INFO - Sync 1 DAGs
[2024-11-08T11:53:34.239+0000] {logging_mixin.py:190} INFO - [2024-11-08T11:53:34.239+0000] {dag.py:4180} INFO - Setting next_dagrun for example_params_trigger_ui to None, run_after=None
[2024-11-08T11:53:34.338+0000] {processor.py:208} INFO - Processing /home/airflow/.local/lib/python3.12/site-packages/airflow/example_dags/example_params_trigger_ui.py took 0.495 seconds
[2024-11-08T11:54:11.179+0000] {processor.py:186} INFO - Started process (PID=494) to work on /home/airflow/.local/lib/python3.12/site-packages/airflow/example_dags/example_params_trigger_ui.py
[2024-11-08T11:54:11.195+0000] {processor.py:914} INFO - Processing file /home/airflow/.local/lib/python3.12/site-packages/airflow/example_dags/example_params_trigger_ui.py for tasks to queue
[2024-11-08T11:54:11.210+0000] {logging_mixin.py:190} INFO - [2024-11-08T11:54:11.209+0000] {dagbag.py:588} INFO - Filling up the DagBag from /home/airflow/.local/lib/python3.12/site-packages/airflow/example_dags/example_params_trigger_ui.py
[2024-11-08T11:54:11.295+0000] {processor.py:925} INFO - DAG(s) 'example_params_trigger_ui' retrieved from /home/airflow/.local/lib/python3.12/site-packages/airflow/example_dags/example_params_trigger_ui.py
[2024-11-08T11:54:11.662+0000] {logging_mixin.py:190} INFO - [2024-11-08T11:54:11.662+0000] {dag.py:3239} INFO - Sync 1 DAGs
[2024-11-08T11:54:11.777+0000] {logging_mixin.py:190} INFO - [2024-11-08T11:54:11.777+0000] {dag.py:4180} INFO - Setting next_dagrun for example_params_trigger_ui to None, run_after=None
[2024-11-08T11:54:11.924+0000] {processor.py:208} INFO - Processing /home/airflow/.local/lib/python3.12/site-packages/airflow/example_dags/example_params_trigger_ui.py took 0.784 seconds
[2024-11-08T11:54:44.795+0000] {processor.py:186} INFO - Started process (PID=558) to work on /home/airflow/.local/lib/python3.12/site-packages/airflow/example_dags/example_params_trigger_ui.py
[2024-11-08T11:54:44.803+0000] {processor.py:914} INFO - Processing file /home/airflow/.local/lib/python3.12/site-packages/airflow/example_dags/example_params_trigger_ui.py for tasks to queue
[2024-11-08T11:54:44.821+0000] {logging_mixin.py:190} INFO - [2024-11-08T11:54:44.816+0000] {dagbag.py:588} INFO - Filling up the DagBag from /home/airflow/.local/lib/python3.12/site-packages/airflow/example_dags/example_params_trigger_ui.py
[2024-11-08T11:54:44.877+0000] {processor.py:925} INFO - DAG(s) 'example_params_trigger_ui' retrieved from /home/airflow/.local/lib/python3.12/site-packages/airflow/example_dags/example_params_trigger_ui.py
[2024-11-08T11:54:45.228+0000] {logging_mixin.py:190} INFO - [2024-11-08T11:54:45.227+0000] {dag.py:3239} INFO - Sync 1 DAGs
[2024-11-08T11:54:45.363+0000] {logging_mixin.py:190} INFO - [2024-11-08T11:54:45.362+0000] {dag.py:4180} INFO - Setting next_dagrun for example_params_trigger_ui to None, run_after=None
[2024-11-08T11:54:45.631+0000] {processor.py:208} INFO - Processing /home/airflow/.local/lib/python3.12/site-packages/airflow/example_dags/example_params_trigger_ui.py took 0.868 seconds
[2024-11-08T11:55:20.247+0000] {processor.py:186} INFO - Started process (PID=632) to work on /home/airflow/.local/lib/python3.12/site-packages/airflow/example_dags/example_params_trigger_ui.py
[2024-11-08T11:55:20.277+0000] {processor.py:914} INFO - Processing file /home/airflow/.local/lib/python3.12/site-packages/airflow/example_dags/example_params_trigger_ui.py for tasks to queue
[2024-11-08T11:55:20.294+0000] {logging_mixin.py:190} INFO - [2024-11-08T11:55:20.293+0000] {dagbag.py:588} INFO - Filling up the DagBag from /home/airflow/.local/lib/python3.12/site-packages/airflow/example_dags/example_params_trigger_ui.py
[2024-11-08T11:55:20.370+0000] {processor.py:925} INFO - DAG(s) 'example_params_trigger_ui' retrieved from /home/airflow/.local/lib/python3.12/site-packages/airflow/example_dags/example_params_trigger_ui.py
[2024-11-08T11:55:20.725+0000] {logging_mixin.py:190} INFO - [2024-11-08T11:55:20.716+0000] {dag.py:3239} INFO - Sync 1 DAGs
[2024-11-08T11:55:20.831+0000] {logging_mixin.py:190} INFO - [2024-11-08T11:55:20.831+0000] {dag.py:4180} INFO - Setting next_dagrun for example_params_trigger_ui to None, run_after=None
[2024-11-08T11:55:20.944+0000] {processor.py:208} INFO - Processing /home/airflow/.local/lib/python3.12/site-packages/airflow/example_dags/example_params_trigger_ui.py took 0.723 seconds
[2024-11-08T12:01:53.778+0000] {processor.py:186} INFO - Started process (PID=133) to work on /home/airflow/.local/lib/python3.12/site-packages/airflow/example_dags/example_params_trigger_ui.py
[2024-11-08T12:01:53.805+0000] {processor.py:914} INFO - Processing file /home/airflow/.local/lib/python3.12/site-packages/airflow/example_dags/example_params_trigger_ui.py for tasks to queue
[2024-11-08T12:01:53.822+0000] {logging_mixin.py:190} INFO - [2024-11-08T12:01:53.821+0000] {dagbag.py:588} INFO - Filling up the DagBag from /home/airflow/.local/lib/python3.12/site-packages/airflow/example_dags/example_params_trigger_ui.py
[2024-11-08T12:01:53.947+0000] {processor.py:925} INFO - DAG(s) 'example_params_trigger_ui' retrieved from /home/airflow/.local/lib/python3.12/site-packages/airflow/example_dags/example_params_trigger_ui.py
[2024-11-08T12:01:54.281+0000] {logging_mixin.py:190} INFO - [2024-11-08T12:01:54.280+0000] {dag.py:3239} INFO - Sync 1 DAGs
[2024-11-08T12:01:54.434+0000] {logging_mixin.py:190} INFO - [2024-11-08T12:01:54.433+0000] {dag.py:4180} INFO - Setting next_dagrun for example_params_trigger_ui to None, run_after=None
[2024-11-08T12:01:54.641+0000] {processor.py:208} INFO - Processing /home/airflow/.local/lib/python3.12/site-packages/airflow/example_dags/example_params_trigger_ui.py took 0.902 seconds
[2024-11-08T12:02:40.998+0000] {processor.py:186} INFO - Started process (PID=204) to work on /home/airflow/.local/lib/python3.12/site-packages/airflow/example_dags/example_params_trigger_ui.py
[2024-11-08T12:02:41.025+0000] {processor.py:914} INFO - Processing file /home/airflow/.local/lib/python3.12/site-packages/airflow/example_dags/example_params_trigger_ui.py for tasks to queue
[2024-11-08T12:02:41.059+0000] {logging_mixin.py:190} INFO - [2024-11-08T12:02:41.032+0000] {dagbag.py:588} INFO - Filling up the DagBag from /home/airflow/.local/lib/python3.12/site-packages/airflow/example_dags/example_params_trigger_ui.py
[2024-11-08T12:02:41.180+0000] {processor.py:925} INFO - DAG(s) 'example_params_trigger_ui' retrieved from /home/airflow/.local/lib/python3.12/site-packages/airflow/example_dags/example_params_trigger_ui.py
[2024-11-08T12:02:41.525+0000] {logging_mixin.py:190} INFO - [2024-11-08T12:02:41.524+0000] {dag.py:3239} INFO - Sync 1 DAGs
[2024-11-08T12:02:41.691+0000] {logging_mixin.py:190} INFO - [2024-11-08T12:02:41.690+0000] {dag.py:4180} INFO - Setting next_dagrun for example_params_trigger_ui to None, run_after=None
[2024-11-08T12:02:41.795+0000] {processor.py:208} INFO - Processing /home/airflow/.local/lib/python3.12/site-packages/airflow/example_dags/example_params_trigger_ui.py took 0.826 seconds
[2024-11-08T12:03:32.675+0000] {processor.py:186} INFO - Started process (PID=278) to work on /home/airflow/.local/lib/python3.12/site-packages/airflow/example_dags/example_params_trigger_ui.py
[2024-11-08T12:03:32.712+0000] {processor.py:914} INFO - Processing file /home/airflow/.local/lib/python3.12/site-packages/airflow/example_dags/example_params_trigger_ui.py for tasks to queue
[2024-11-08T12:03:32.729+0000] {logging_mixin.py:190} INFO - [2024-11-08T12:03:32.726+0000] {dagbag.py:588} INFO - Filling up the DagBag from /home/airflow/.local/lib/python3.12/site-packages/airflow/example_dags/example_params_trigger_ui.py
[2024-11-08T12:03:32.811+0000] {processor.py:925} INFO - DAG(s) 'example_params_trigger_ui' retrieved from /home/airflow/.local/lib/python3.12/site-packages/airflow/example_dags/example_params_trigger_ui.py
[2024-11-08T12:03:33.198+0000] {logging_mixin.py:190} INFO - [2024-11-08T12:03:33.196+0000] {dag.py:3239} INFO - Sync 1 DAGs
[2024-11-08T12:03:33.323+0000] {logging_mixin.py:190} INFO - [2024-11-08T12:03:33.322+0000] {dag.py:4180} INFO - Setting next_dagrun for example_params_trigger_ui to None, run_after=None
[2024-11-08T12:03:33.441+0000] {processor.py:208} INFO - Processing /home/airflow/.local/lib/python3.12/site-packages/airflow/example_dags/example_params_trigger_ui.py took 0.808 seconds
[2024-11-08T12:04:10.325+0000] {processor.py:186} INFO - Started process (PID=346) to work on /home/airflow/.local/lib/python3.12/site-packages/airflow/example_dags/example_params_trigger_ui.py
[2024-11-08T12:04:10.331+0000] {processor.py:914} INFO - Processing file /home/airflow/.local/lib/python3.12/site-packages/airflow/example_dags/example_params_trigger_ui.py for tasks to queue
[2024-11-08T12:04:10.356+0000] {logging_mixin.py:190} INFO - [2024-11-08T12:04:10.356+0000] {dagbag.py:588} INFO - Filling up the DagBag from /home/airflow/.local/lib/python3.12/site-packages/airflow/example_dags/example_params_trigger_ui.py
[2024-11-08T12:04:10.459+0000] {processor.py:925} INFO - DAG(s) 'example_params_trigger_ui' retrieved from /home/airflow/.local/lib/python3.12/site-packages/airflow/example_dags/example_params_trigger_ui.py
[2024-11-08T12:04:10.846+0000] {logging_mixin.py:190} INFO - [2024-11-08T12:04:10.835+0000] {dag.py:3239} INFO - Sync 1 DAGs
[2024-11-08T12:04:10.973+0000] {logging_mixin.py:190} INFO - [2024-11-08T12:04:10.961+0000] {dag.py:4180} INFO - Setting next_dagrun for example_params_trigger_ui to None, run_after=None
[2024-11-08T12:04:11.102+0000] {processor.py:208} INFO - Processing /home/airflow/.local/lib/python3.12/site-packages/airflow/example_dags/example_params_trigger_ui.py took 0.817 seconds
[2024-11-08T12:04:43.678+0000] {processor.py:186} INFO - Started process (PID=416) to work on /home/airflow/.local/lib/python3.12/site-packages/airflow/example_dags/example_params_trigger_ui.py
[2024-11-08T12:04:43.722+0000] {processor.py:914} INFO - Processing file /home/airflow/.local/lib/python3.12/site-packages/airflow/example_dags/example_params_trigger_ui.py for tasks to queue
[2024-11-08T12:04:43.739+0000] {logging_mixin.py:190} INFO - [2024-11-08T12:04:43.738+0000] {dagbag.py:588} INFO - Filling up the DagBag from /home/airflow/.local/lib/python3.12/site-packages/airflow/example_dags/example_params_trigger_ui.py
[2024-11-08T12:04:43.838+0000] {processor.py:925} INFO - DAG(s) 'example_params_trigger_ui' retrieved from /home/airflow/.local/lib/python3.12/site-packages/airflow/example_dags/example_params_trigger_ui.py
[2024-11-08T12:04:44.245+0000] {logging_mixin.py:190} INFO - [2024-11-08T12:04:44.245+0000] {dag.py:3239} INFO - Sync 1 DAGs
[2024-11-08T12:04:44.341+0000] {logging_mixin.py:190} INFO - [2024-11-08T12:04:44.340+0000] {dag.py:4180} INFO - Setting next_dagrun for example_params_trigger_ui to None, run_after=None
[2024-11-08T12:04:44.427+0000] {processor.py:208} INFO - Processing /home/airflow/.local/lib/python3.12/site-packages/airflow/example_dags/example_params_trigger_ui.py took 0.796 seconds
[2024-11-08T12:06:03.615+0000] {processor.py:186} INFO - Started process (PID=497) to work on /home/airflow/.local/lib/python3.12/site-packages/airflow/example_dags/example_params_trigger_ui.py
[2024-11-08T12:06:03.625+0000] {processor.py:914} INFO - Processing file /home/airflow/.local/lib/python3.12/site-packages/airflow/example_dags/example_params_trigger_ui.py for tasks to queue
[2024-11-08T12:06:03.632+0000] {logging_mixin.py:190} INFO - [2024-11-08T12:06:03.631+0000] {dagbag.py:588} INFO - Filling up the DagBag from /home/airflow/.local/lib/python3.12/site-packages/airflow/example_dags/example_params_trigger_ui.py
[2024-11-08T12:06:03.723+0000] {processor.py:925} INFO - DAG(s) 'example_params_trigger_ui' retrieved from /home/airflow/.local/lib/python3.12/site-packages/airflow/example_dags/example_params_trigger_ui.py
[2024-11-08T12:06:04.125+0000] {logging_mixin.py:190} INFO - [2024-11-08T12:06:04.124+0000] {dag.py:3239} INFO - Sync 1 DAGs
[2024-11-08T12:06:04.284+0000] {logging_mixin.py:190} INFO - [2024-11-08T12:06:04.284+0000] {dag.py:4180} INFO - Setting next_dagrun for example_params_trigger_ui to None, run_after=None
[2024-11-08T12:06:04.451+0000] {processor.py:208} INFO - Processing /home/airflow/.local/lib/python3.12/site-packages/airflow/example_dags/example_params_trigger_ui.py took 0.866 seconds
[2024-11-08T12:06:46.203+0000] {processor.py:186} INFO - Started process (PID=567) to work on /home/airflow/.local/lib/python3.12/site-packages/airflow/example_dags/example_params_trigger_ui.py
[2024-11-08T12:06:46.230+0000] {processor.py:914} INFO - Processing file /home/airflow/.local/lib/python3.12/site-packages/airflow/example_dags/example_params_trigger_ui.py for tasks to queue
[2024-11-08T12:06:46.249+0000] {logging_mixin.py:190} INFO - [2024-11-08T12:06:46.248+0000] {dagbag.py:588} INFO - Filling up the DagBag from /home/airflow/.local/lib/python3.12/site-packages/airflow/example_dags/example_params_trigger_ui.py
[2024-11-08T12:06:46.318+0000] {processor.py:925} INFO - DAG(s) 'example_params_trigger_ui' retrieved from /home/airflow/.local/lib/python3.12/site-packages/airflow/example_dags/example_params_trigger_ui.py
[2024-11-08T12:06:46.652+0000] {logging_mixin.py:190} INFO - [2024-11-08T12:06:46.651+0000] {dag.py:3239} INFO - Sync 1 DAGs
[2024-11-08T12:06:46.766+0000] {logging_mixin.py:190} INFO - [2024-11-08T12:06:46.766+0000] {dag.py:4180} INFO - Setting next_dagrun for example_params_trigger_ui to None, run_after=None
[2024-11-08T12:06:46.901+0000] {processor.py:208} INFO - Processing /home/airflow/.local/lib/python3.12/site-packages/airflow/example_dags/example_params_trigger_ui.py took 0.727 seconds
[2024-11-08T12:07:43.354+0000] {processor.py:186} INFO - Started process (PID=651) to work on /home/airflow/.local/lib/python3.12/site-packages/airflow/example_dags/example_params_trigger_ui.py
[2024-11-08T12:07:43.374+0000] {processor.py:914} INFO - Processing file /home/airflow/.local/lib/python3.12/site-packages/airflow/example_dags/example_params_trigger_ui.py for tasks to queue
[2024-11-08T12:07:43.382+0000] {logging_mixin.py:190} INFO - [2024-11-08T12:07:43.381+0000] {dagbag.py:588} INFO - Filling up the DagBag from /home/airflow/.local/lib/python3.12/site-packages/airflow/example_dags/example_params_trigger_ui.py
[2024-11-08T12:07:43.471+0000] {processor.py:925} INFO - DAG(s) 'example_params_trigger_ui' retrieved from /home/airflow/.local/lib/python3.12/site-packages/airflow/example_dags/example_params_trigger_ui.py
[2024-11-08T12:07:43.868+0000] {logging_mixin.py:190} INFO - [2024-11-08T12:07:43.867+0000] {dag.py:3239} INFO - Sync 1 DAGs
[2024-11-08T12:07:43.967+0000] {logging_mixin.py:190} INFO - [2024-11-08T12:07:43.966+0000] {dag.py:4180} INFO - Setting next_dagrun for example_params_trigger_ui to None, run_after=None
[2024-11-08T12:07:44.192+0000] {processor.py:208} INFO - Processing /home/airflow/.local/lib/python3.12/site-packages/airflow/example_dags/example_params_trigger_ui.py took 0.874 seconds
