[2024-11-08T11:50:39.930+0000] {processor.py:186} INFO - Started process (PID=145) to work on /home/airflow/.local/lib/python3.12/site-packages/airflow/example_dags/example_task_group.py
[2024-11-08T11:50:39.948+0000] {processor.py:914} INFO - Processing file /home/airflow/.local/lib/python3.12/site-packages/airflow/example_dags/example_task_group.py for tasks to queue
[2024-11-08T11:50:39.978+0000] {logging_mixin.py:190} INFO - [2024-11-08T11:50:39.977+0000] {dagbag.py:588} INFO - Filling up the DagBag from /home/airflow/.local/lib/python3.12/site-packages/airflow/example_dags/example_task_group.py
[2024-11-08T11:50:40.053+0000] {processor.py:925} INFO - DAG(s) 'example_task_group' retrieved from /home/airflow/.local/lib/python3.12/site-packages/airflow/example_dags/example_task_group.py
[2024-11-08T11:50:41.050+0000] {logging_mixin.py:190} INFO - [2024-11-08T11:50:41.049+0000] {override.py:1911} INFO - Created Permission View: can read on DAG:example_task_group
[2024-11-08T11:50:41.139+0000] {logging_mixin.py:190} INFO - [2024-11-08T11:50:41.139+0000] {override.py:1911} INFO - Created Permission View: can edit on DAG:example_task_group
[2024-11-08T11:50:41.195+0000] {logging_mixin.py:190} INFO - [2024-11-08T11:50:41.194+0000] {override.py:1911} INFO - Created Permission View: can delete on DAG:example_task_group
[2024-11-08T11:50:41.257+0000] {logging_mixin.py:190} INFO - [2024-11-08T11:50:41.256+0000] {override.py:1911} INFO - Created Permission View: can read on DAG Run:example_task_group
[2024-11-08T11:50:41.338+0000] {logging_mixin.py:190} INFO - [2024-11-08T11:50:41.337+0000] {override.py:1911} INFO - Created Permission View: menu access on DAG Run:example_task_group
[2024-11-08T11:50:41.392+0000] {logging_mixin.py:190} INFO - [2024-11-08T11:50:41.392+0000] {override.py:1911} INFO - Created Permission View: can create on DAG Run:example_task_group
[2024-11-08T11:50:41.461+0000] {logging_mixin.py:190} INFO - [2024-11-08T11:50:41.460+0000] {override.py:1911} INFO - Created Permission View: can delete on DAG Run:example_task_group
[2024-11-08T11:50:41.464+0000] {logging_mixin.py:190} INFO - [2024-11-08T11:50:41.463+0000] {dag.py:3239} INFO - Sync 1 DAGs
[2024-11-08T11:50:41.578+0000] {logging_mixin.py:190} INFO - [2024-11-08T11:50:41.578+0000] {dag.py:3262} INFO - Creating ORM DAG for example_task_group
[2024-11-08T11:50:41.582+0000] {logging_mixin.py:190} INFO - [2024-11-08T11:50:41.581+0000] {dag.py:4180} INFO - Setting next_dagrun for example_task_group to None, run_after=None
[2024-11-08T11:50:41.682+0000] {processor.py:208} INFO - Processing /home/airflow/.local/lib/python3.12/site-packages/airflow/example_dags/example_task_group.py took 1.796 seconds
[2024-11-08T11:51:38.168+0000] {processor.py:186} INFO - Started process (PID=215) to work on /home/airflow/.local/lib/python3.12/site-packages/airflow/example_dags/example_task_group.py
[2024-11-08T11:51:38.182+0000] {processor.py:914} INFO - Processing file /home/airflow/.local/lib/python3.12/site-packages/airflow/example_dags/example_task_group.py for tasks to queue
[2024-11-08T11:51:38.191+0000] {logging_mixin.py:190} INFO - [2024-11-08T11:51:38.190+0000] {dagbag.py:588} INFO - Filling up the DagBag from /home/airflow/.local/lib/python3.12/site-packages/airflow/example_dags/example_task_group.py
[2024-11-08T11:51:38.237+0000] {processor.py:925} INFO - DAG(s) 'example_task_group' retrieved from /home/airflow/.local/lib/python3.12/site-packages/airflow/example_dags/example_task_group.py
[2024-11-08T11:51:38.350+0000] {logging_mixin.py:190} INFO - [2024-11-08T11:51:38.349+0000] {dag.py:3239} INFO - Sync 1 DAGs
[2024-11-08T11:51:38.514+0000] {logging_mixin.py:190} INFO - [2024-11-08T11:51:38.513+0000] {dag.py:4180} INFO - Setting next_dagrun for example_task_group to None, run_after=None
[2024-11-08T11:51:38.614+0000] {processor.py:208} INFO - Processing /home/airflow/.local/lib/python3.12/site-packages/airflow/example_dags/example_task_group.py took 0.470 seconds
[2024-11-08T11:52:14.172+0000] {processor.py:186} INFO - Started process (PID=279) to work on /home/airflow/.local/lib/python3.12/site-packages/airflow/example_dags/example_task_group.py
[2024-11-08T11:52:14.176+0000] {processor.py:914} INFO - Processing file /home/airflow/.local/lib/python3.12/site-packages/airflow/example_dags/example_task_group.py for tasks to queue
[2024-11-08T11:52:14.183+0000] {logging_mixin.py:190} INFO - [2024-11-08T11:52:14.182+0000] {dagbag.py:588} INFO - Filling up the DagBag from /home/airflow/.local/lib/python3.12/site-packages/airflow/example_dags/example_task_group.py
[2024-11-08T11:52:14.210+0000] {processor.py:925} INFO - DAG(s) 'example_task_group' retrieved from /home/airflow/.local/lib/python3.12/site-packages/airflow/example_dags/example_task_group.py
[2024-11-08T11:52:14.263+0000] {logging_mixin.py:190} INFO - [2024-11-08T11:52:14.263+0000] {dag.py:3239} INFO - Sync 1 DAGs
[2024-11-08T11:52:14.314+0000] {logging_mixin.py:190} INFO - [2024-11-08T11:52:14.314+0000] {dag.py:4180} INFO - Setting next_dagrun for example_task_group to None, run_after=None
[2024-11-08T11:52:14.372+0000] {processor.py:208} INFO - Processing /home/airflow/.local/lib/python3.12/site-packages/airflow/example_dags/example_task_group.py took 0.218 seconds
[2024-11-08T11:52:51.131+0000] {processor.py:186} INFO - Started process (PID=349) to work on /home/airflow/.local/lib/python3.12/site-packages/airflow/example_dags/example_task_group.py
[2024-11-08T11:52:51.206+0000] {processor.py:914} INFO - Processing file /home/airflow/.local/lib/python3.12/site-packages/airflow/example_dags/example_task_group.py for tasks to queue
[2024-11-08T11:52:51.238+0000] {logging_mixin.py:190} INFO - [2024-11-08T11:52:51.237+0000] {dagbag.py:588} INFO - Filling up the DagBag from /home/airflow/.local/lib/python3.12/site-packages/airflow/example_dags/example_task_group.py
[2024-11-08T11:52:51.340+0000] {processor.py:925} INFO - DAG(s) 'example_task_group' retrieved from /home/airflow/.local/lib/python3.12/site-packages/airflow/example_dags/example_task_group.py
[2024-11-08T11:52:51.534+0000] {logging_mixin.py:190} INFO - [2024-11-08T11:52:51.533+0000] {dag.py:3239} INFO - Sync 1 DAGs
[2024-11-08T11:52:51.631+0000] {logging_mixin.py:190} INFO - [2024-11-08T11:52:51.630+0000] {dag.py:4180} INFO - Setting next_dagrun for example_task_group to None, run_after=None
[2024-11-08T11:52:51.800+0000] {processor.py:208} INFO - Processing /home/airflow/.local/lib/python3.12/site-packages/airflow/example_dags/example_task_group.py took 0.707 seconds
[2024-11-08T11:53:25.778+0000] {processor.py:186} INFO - Started process (PID=413) to work on /home/airflow/.local/lib/python3.12/site-packages/airflow/example_dags/example_task_group.py
[2024-11-08T11:53:25.794+0000] {processor.py:914} INFO - Processing file /home/airflow/.local/lib/python3.12/site-packages/airflow/example_dags/example_task_group.py for tasks to queue
[2024-11-08T11:53:25.824+0000] {logging_mixin.py:190} INFO - [2024-11-08T11:53:25.823+0000] {dagbag.py:588} INFO - Filling up the DagBag from /home/airflow/.local/lib/python3.12/site-packages/airflow/example_dags/example_task_group.py
[2024-11-08T11:53:25.893+0000] {processor.py:925} INFO - DAG(s) 'example_task_group' retrieved from /home/airflow/.local/lib/python3.12/site-packages/airflow/example_dags/example_task_group.py
[2024-11-08T11:53:26.038+0000] {logging_mixin.py:190} INFO - [2024-11-08T11:53:26.027+0000] {dag.py:3239} INFO - Sync 1 DAGs
[2024-11-08T11:53:26.163+0000] {logging_mixin.py:190} INFO - [2024-11-08T11:53:26.162+0000] {dag.py:4180} INFO - Setting next_dagrun for example_task_group to None, run_after=None
[2024-11-08T11:53:26.274+0000] {processor.py:208} INFO - Processing /home/airflow/.local/lib/python3.12/site-packages/airflow/example_dags/example_task_group.py took 0.532 seconds
[2024-11-08T11:53:57.051+0000] {processor.py:186} INFO - Started process (PID=476) to work on /home/airflow/.local/lib/python3.12/site-packages/airflow/example_dags/example_task_group.py
[2024-11-08T11:53:57.055+0000] {processor.py:914} INFO - Processing file /home/airflow/.local/lib/python3.12/site-packages/airflow/example_dags/example_task_group.py for tasks to queue
[2024-11-08T11:53:57.082+0000] {logging_mixin.py:190} INFO - [2024-11-08T11:53:57.071+0000] {dagbag.py:588} INFO - Filling up the DagBag from /home/airflow/.local/lib/python3.12/site-packages/airflow/example_dags/example_task_group.py
[2024-11-08T11:53:57.150+0000] {processor.py:925} INFO - DAG(s) 'example_task_group' retrieved from /home/airflow/.local/lib/python3.12/site-packages/airflow/example_dags/example_task_group.py
[2024-11-08T11:53:57.312+0000] {logging_mixin.py:190} INFO - [2024-11-08T11:53:57.312+0000] {dag.py:3239} INFO - Sync 1 DAGs
[2024-11-08T11:53:57.420+0000] {logging_mixin.py:190} INFO - [2024-11-08T11:53:57.419+0000] {dag.py:4180} INFO - Setting next_dagrun for example_task_group to None, run_after=None
[2024-11-08T11:53:57.579+0000] {processor.py:208} INFO - Processing /home/airflow/.local/lib/python3.12/site-packages/airflow/example_dags/example_task_group.py took 0.565 seconds
[2024-11-08T11:54:31.226+0000] {processor.py:186} INFO - Started process (PID=539) to work on /home/airflow/.local/lib/python3.12/site-packages/airflow/example_dags/example_task_group.py
[2024-11-08T11:54:31.230+0000] {processor.py:914} INFO - Processing file /home/airflow/.local/lib/python3.12/site-packages/airflow/example_dags/example_task_group.py for tasks to queue
[2024-11-08T11:54:31.257+0000] {logging_mixin.py:190} INFO - [2024-11-08T11:54:31.246+0000] {dagbag.py:588} INFO - Filling up the DagBag from /home/airflow/.local/lib/python3.12/site-packages/airflow/example_dags/example_task_group.py
[2024-11-08T11:54:31.300+0000] {processor.py:925} INFO - DAG(s) 'example_task_group' retrieved from /home/airflow/.local/lib/python3.12/site-packages/airflow/example_dags/example_task_group.py
[2024-11-08T11:54:31.410+0000] {logging_mixin.py:190} INFO - [2024-11-08T11:54:31.409+0000] {dag.py:3239} INFO - Sync 1 DAGs
[2024-11-08T11:54:31.568+0000] {logging_mixin.py:190} INFO - [2024-11-08T11:54:31.568+0000] {dag.py:4180} INFO - Setting next_dagrun for example_task_group to None, run_after=None
[2024-11-08T11:54:31.731+0000] {processor.py:208} INFO - Processing /home/airflow/.local/lib/python3.12/site-packages/airflow/example_dags/example_task_group.py took 0.541 seconds
[2024-11-08T11:55:05.319+0000] {processor.py:186} INFO - Started process (PID=602) to work on /home/airflow/.local/lib/python3.12/site-packages/airflow/example_dags/example_task_group.py
[2024-11-08T11:55:05.330+0000] {processor.py:914} INFO - Processing file /home/airflow/.local/lib/python3.12/site-packages/airflow/example_dags/example_task_group.py for tasks to queue
[2024-11-08T11:55:05.344+0000] {logging_mixin.py:190} INFO - [2024-11-08T11:55:05.339+0000] {dagbag.py:588} INFO - Filling up the DagBag from /home/airflow/.local/lib/python3.12/site-packages/airflow/example_dags/example_task_group.py
[2024-11-08T11:55:05.392+0000] {processor.py:925} INFO - DAG(s) 'example_task_group' retrieved from /home/airflow/.local/lib/python3.12/site-packages/airflow/example_dags/example_task_group.py
[2024-11-08T11:55:05.511+0000] {logging_mixin.py:190} INFO - [2024-11-08T11:55:05.511+0000] {dag.py:3239} INFO - Sync 1 DAGs
[2024-11-08T11:55:05.591+0000] {logging_mixin.py:190} INFO - [2024-11-08T11:55:05.591+0000] {dag.py:4180} INFO - Setting next_dagrun for example_task_group to None, run_after=None
[2024-11-08T11:55:05.724+0000] {processor.py:208} INFO - Processing /home/airflow/.local/lib/python3.12/site-packages/airflow/example_dags/example_task_group.py took 0.433 seconds
[2024-11-08T12:01:40.946+0000] {processor.py:186} INFO - Started process (PID=125) to work on /home/airflow/.local/lib/python3.12/site-packages/airflow/example_dags/example_task_group.py
[2024-11-08T12:01:40.987+0000] {processor.py:914} INFO - Processing file /home/airflow/.local/lib/python3.12/site-packages/airflow/example_dags/example_task_group.py for tasks to queue
[2024-11-08T12:01:41.012+0000] {logging_mixin.py:190} INFO - [2024-11-08T12:01:41.011+0000] {dagbag.py:588} INFO - Filling up the DagBag from /home/airflow/.local/lib/python3.12/site-packages/airflow/example_dags/example_task_group.py
[2024-11-08T12:01:41.134+0000] {processor.py:925} INFO - DAG(s) 'example_task_group' retrieved from /home/airflow/.local/lib/python3.12/site-packages/airflow/example_dags/example_task_group.py
[2024-11-08T12:01:41.549+0000] {logging_mixin.py:190} INFO - [2024-11-08T12:01:41.549+0000] {dag.py:3239} INFO - Sync 1 DAGs
[2024-11-08T12:01:41.667+0000] {logging_mixin.py:190} INFO - [2024-11-08T12:01:41.666+0000] {dag.py:4180} INFO - Setting next_dagrun for example_task_group to None, run_after=None
[2024-11-08T12:01:41.816+0000] {processor.py:208} INFO - Processing /home/airflow/.local/lib/python3.12/site-packages/airflow/example_dags/example_task_group.py took 0.911 seconds
[2024-11-08T12:02:35.014+0000] {processor.py:186} INFO - Started process (PID=189) to work on /home/airflow/.local/lib/python3.12/site-packages/airflow/example_dags/example_task_group.py
[2024-11-08T12:02:35.040+0000] {processor.py:914} INFO - Processing file /home/airflow/.local/lib/python3.12/site-packages/airflow/example_dags/example_task_group.py for tasks to queue
[2024-11-08T12:02:35.047+0000] {logging_mixin.py:190} INFO - [2024-11-08T12:02:35.046+0000] {dagbag.py:588} INFO - Filling up the DagBag from /home/airflow/.local/lib/python3.12/site-packages/airflow/example_dags/example_task_group.py
[2024-11-08T12:02:35.100+0000] {processor.py:925} INFO - DAG(s) 'example_task_group' retrieved from /home/airflow/.local/lib/python3.12/site-packages/airflow/example_dags/example_task_group.py
[2024-11-08T12:02:35.257+0000] {logging_mixin.py:190} INFO - [2024-11-08T12:02:35.256+0000] {dag.py:3239} INFO - Sync 1 DAGs
[2024-11-08T12:02:35.369+0000] {logging_mixin.py:190} INFO - [2024-11-08T12:02:35.368+0000] {dag.py:4180} INFO - Setting next_dagrun for example_task_group to None, run_after=None
[2024-11-08T12:02:35.496+0000] {processor.py:208} INFO - Processing /home/airflow/.local/lib/python3.12/site-packages/airflow/example_dags/example_task_group.py took 0.506 seconds
[2024-11-08T12:03:15.621+0000] {processor.py:186} INFO - Started process (PID=259) to work on /home/airflow/.local/lib/python3.12/site-packages/airflow/example_dags/example_task_group.py
[2024-11-08T12:03:15.626+0000] {processor.py:914} INFO - Processing file /home/airflow/.local/lib/python3.12/site-packages/airflow/example_dags/example_task_group.py for tasks to queue
[2024-11-08T12:03:15.640+0000] {logging_mixin.py:190} INFO - [2024-11-08T12:03:15.639+0000] {dagbag.py:588} INFO - Filling up the DagBag from /home/airflow/.local/lib/python3.12/site-packages/airflow/example_dags/example_task_group.py
[2024-11-08T12:03:15.749+0000] {processor.py:925} INFO - DAG(s) 'example_task_group' retrieved from /home/airflow/.local/lib/python3.12/site-packages/airflow/example_dags/example_task_group.py
[2024-11-08T12:03:15.948+0000] {logging_mixin.py:190} INFO - [2024-11-08T12:03:15.946+0000] {dag.py:3239} INFO - Sync 1 DAGs
[2024-11-08T12:03:16.095+0000] {logging_mixin.py:190} INFO - [2024-11-08T12:03:16.094+0000] {dag.py:4180} INFO - Setting next_dagrun for example_task_group to None, run_after=None
[2024-11-08T12:03:16.239+0000] {processor.py:208} INFO - Processing /home/airflow/.local/lib/python3.12/site-packages/airflow/example_dags/example_task_group.py took 0.646 seconds
[2024-11-08T12:04:01.769+0000] {processor.py:186} INFO - Started process (PID=330) to work on /home/airflow/.local/lib/python3.12/site-packages/airflow/example_dags/example_task_group.py
[2024-11-08T12:04:01.780+0000] {processor.py:914} INFO - Processing file /home/airflow/.local/lib/python3.12/site-packages/airflow/example_dags/example_task_group.py for tasks to queue
[2024-11-08T12:04:01.789+0000] {logging_mixin.py:190} INFO - [2024-11-08T12:04:01.789+0000] {dagbag.py:588} INFO - Filling up the DagBag from /home/airflow/.local/lib/python3.12/site-packages/airflow/example_dags/example_task_group.py
[2024-11-08T12:04:01.865+0000] {processor.py:925} INFO - DAG(s) 'example_task_group' retrieved from /home/airflow/.local/lib/python3.12/site-packages/airflow/example_dags/example_task_group.py
[2024-11-08T12:04:01.974+0000] {logging_mixin.py:190} INFO - [2024-11-08T12:04:01.973+0000] {dag.py:3239} INFO - Sync 1 DAGs
[2024-11-08T12:04:02.092+0000] {logging_mixin.py:190} INFO - [2024-11-08T12:04:02.091+0000] {dag.py:4180} INFO - Setting next_dagrun for example_task_group to None, run_after=None
[2024-11-08T12:04:02.202+0000] {processor.py:208} INFO - Processing /home/airflow/.local/lib/python3.12/site-packages/airflow/example_dags/example_task_group.py took 0.463 seconds
[2024-11-08T12:04:36.529+0000] {processor.py:186} INFO - Started process (PID=394) to work on /home/airflow/.local/lib/python3.12/site-packages/airflow/example_dags/example_task_group.py
[2024-11-08T12:04:36.539+0000] {processor.py:914} INFO - Processing file /home/airflow/.local/lib/python3.12/site-packages/airflow/example_dags/example_task_group.py for tasks to queue
[2024-11-08T12:04:36.550+0000] {logging_mixin.py:190} INFO - [2024-11-08T12:04:36.549+0000] {dagbag.py:588} INFO - Filling up the DagBag from /home/airflow/.local/lib/python3.12/site-packages/airflow/example_dags/example_task_group.py
[2024-11-08T12:04:36.604+0000] {processor.py:925} INFO - DAG(s) 'example_task_group' retrieved from /home/airflow/.local/lib/python3.12/site-packages/airflow/example_dags/example_task_group.py
[2024-11-08T12:04:36.729+0000] {logging_mixin.py:190} INFO - [2024-11-08T12:04:36.728+0000] {dag.py:3239} INFO - Sync 1 DAGs
[2024-11-08T12:04:36.856+0000] {logging_mixin.py:190} INFO - [2024-11-08T12:04:36.855+0000] {dag.py:4180} INFO - Setting next_dagrun for example_task_group to None, run_after=None
[2024-11-08T12:04:36.961+0000] {processor.py:208} INFO - Processing /home/airflow/.local/lib/python3.12/site-packages/airflow/example_dags/example_task_group.py took 0.459 seconds
[2024-11-08T12:05:27.733+0000] {processor.py:186} INFO - Started process (PID=469) to work on /home/airflow/.local/lib/python3.12/site-packages/airflow/example_dags/example_task_group.py
[2024-11-08T12:05:27.787+0000] {processor.py:914} INFO - Processing file /home/airflow/.local/lib/python3.12/site-packages/airflow/example_dags/example_task_group.py for tasks to queue
[2024-11-08T12:05:27.836+0000] {logging_mixin.py:190} INFO - [2024-11-08T12:05:27.835+0000] {dagbag.py:588} INFO - Filling up the DagBag from /home/airflow/.local/lib/python3.12/site-packages/airflow/example_dags/example_task_group.py
[2024-11-08T12:05:27.942+0000] {processor.py:925} INFO - DAG(s) 'example_task_group' retrieved from /home/airflow/.local/lib/python3.12/site-packages/airflow/example_dags/example_task_group.py
[2024-11-08T12:05:28.134+0000] {logging_mixin.py:190} INFO - [2024-11-08T12:05:28.123+0000] {dag.py:3239} INFO - Sync 1 DAGs
[2024-11-08T12:05:28.304+0000] {logging_mixin.py:190} INFO - [2024-11-08T12:05:28.304+0000] {dag.py:4180} INFO - Setting next_dagrun for example_task_group to None, run_after=None
[2024-11-08T12:05:28.533+0000] {processor.py:208} INFO - Processing /home/airflow/.local/lib/python3.12/site-packages/airflow/example_dags/example_task_group.py took 0.838 seconds
[2024-11-08T12:06:30.003+0000] {processor.py:186} INFO - Started process (PID=531) to work on /home/airflow/.local/lib/python3.12/site-packages/airflow/example_dags/example_task_group.py
[2024-11-08T12:06:30.020+0000] {processor.py:914} INFO - Processing file /home/airflow/.local/lib/python3.12/site-packages/airflow/example_dags/example_task_group.py for tasks to queue
[2024-11-08T12:06:30.043+0000] {logging_mixin.py:190} INFO - [2024-11-08T12:06:30.042+0000] {dagbag.py:588} INFO - Filling up the DagBag from /home/airflow/.local/lib/python3.12/site-packages/airflow/example_dags/example_task_group.py
[2024-11-08T12:06:30.118+0000] {processor.py:925} INFO - DAG(s) 'example_task_group' retrieved from /home/airflow/.local/lib/python3.12/site-packages/airflow/example_dags/example_task_group.py
[2024-11-08T12:06:30.252+0000] {logging_mixin.py:190} INFO - [2024-11-08T12:06:30.251+0000] {dag.py:3239} INFO - Sync 1 DAGs
[2024-11-08T12:06:30.350+0000] {logging_mixin.py:190} INFO - [2024-11-08T12:06:30.350+0000] {dag.py:4180} INFO - Setting next_dagrun for example_task_group to None, run_after=None
[2024-11-08T12:06:30.512+0000] {processor.py:208} INFO - Processing /home/airflow/.local/lib/python3.12/site-packages/airflow/example_dags/example_task_group.py took 0.545 seconds
[2024-11-08T12:07:17.406+0000] {processor.py:186} INFO - Started process (PID=609) to work on /home/airflow/.local/lib/python3.12/site-packages/airflow/example_dags/example_task_group.py
[2024-11-08T12:07:17.424+0000] {processor.py:914} INFO - Processing file /home/airflow/.local/lib/python3.12/site-packages/airflow/example_dags/example_task_group.py for tasks to queue
[2024-11-08T12:07:17.436+0000] {logging_mixin.py:190} INFO - [2024-11-08T12:07:17.436+0000] {dagbag.py:588} INFO - Filling up the DagBag from /home/airflow/.local/lib/python3.12/site-packages/airflow/example_dags/example_task_group.py
[2024-11-08T12:07:17.516+0000] {processor.py:925} INFO - DAG(s) 'example_task_group' retrieved from /home/airflow/.local/lib/python3.12/site-packages/airflow/example_dags/example_task_group.py
[2024-11-08T12:07:17.635+0000] {logging_mixin.py:190} INFO - [2024-11-08T12:07:17.634+0000] {dag.py:3239} INFO - Sync 1 DAGs
[2024-11-08T12:07:17.758+0000] {logging_mixin.py:190} INFO - [2024-11-08T12:07:17.758+0000] {dag.py:4180} INFO - Setting next_dagrun for example_task_group to None, run_after=None
[2024-11-08T12:07:17.868+0000] {processor.py:208} INFO - Processing /home/airflow/.local/lib/python3.12/site-packages/airflow/example_dags/example_task_group.py took 0.489 seconds
[2024-11-08T12:07:56.655+0000] {processor.py:186} INFO - Started process (PID=674) to work on /home/airflow/.local/lib/python3.12/site-packages/airflow/example_dags/example_task_group.py
[2024-11-08T12:07:56.660+0000] {processor.py:914} INFO - Processing file /home/airflow/.local/lib/python3.12/site-packages/airflow/example_dags/example_task_group.py for tasks to queue
[2024-11-08T12:07:56.670+0000] {logging_mixin.py:190} INFO - [2024-11-08T12:07:56.669+0000] {dagbag.py:588} INFO - Filling up the DagBag from /home/airflow/.local/lib/python3.12/site-packages/airflow/example_dags/example_task_group.py
[2024-11-08T12:07:56.711+0000] {processor.py:925} INFO - DAG(s) 'example_task_group' retrieved from /home/airflow/.local/lib/python3.12/site-packages/airflow/example_dags/example_task_group.py
[2024-11-08T12:07:56.785+0000] {logging_mixin.py:190} INFO - [2024-11-08T12:07:56.785+0000] {dag.py:3239} INFO - Sync 1 DAGs
[2024-11-08T12:07:56.835+0000] {logging_mixin.py:190} INFO - [2024-11-08T12:07:56.834+0000] {dag.py:4180} INFO - Setting next_dagrun for example_task_group to None, run_after=None
[2024-11-08T12:07:56.886+0000] {processor.py:208} INFO - Processing /home/airflow/.local/lib/python3.12/site-packages/airflow/example_dags/example_task_group.py took 0.252 seconds
