[2024-11-08T11:50:53.726+0000] {processor.py:186} INFO - Started process (PID=163) to work on /home/airflow/.local/lib/python3.12/site-packages/airflow/example_dags/example_branch_python_dop_operator_3.py
[2024-11-08T11:50:53.730+0000] {processor.py:914} INFO - Processing file /home/airflow/.local/lib/python3.12/site-packages/airflow/example_dags/example_branch_python_dop_operator_3.py for tasks to queue
[2024-11-08T11:50:53.742+0000] {logging_mixin.py:190} INFO - [2024-11-08T11:50:53.739+0000] {dagbag.py:588} INFO - Filling up the DagBag from /home/airflow/.local/lib/python3.12/site-packages/airflow/example_dags/example_branch_python_dop_operator_3.py
[2024-11-08T11:50:53.803+0000] {processor.py:925} INFO - DAG(s) 'example_branch_dop_operator_v3' retrieved from /home/airflow/.local/lib/python3.12/site-packages/airflow/example_dags/example_branch_python_dop_operator_3.py
[2024-11-08T11:50:54.804+0000] {logging_mixin.py:190} INFO - [2024-11-08T11:50:54.801+0000] {override.py:1911} INFO - Created Permission View: can read on DAG:example_branch_dop_operator_v3
[2024-11-08T11:50:54.884+0000] {logging_mixin.py:190} INFO - [2024-11-08T11:50:54.875+0000] {override.py:1911} INFO - Created Permission View: can edit on DAG:example_branch_dop_operator_v3
[2024-11-08T11:50:54.941+0000] {logging_mixin.py:190} INFO - [2024-11-08T11:50:54.941+0000] {override.py:1911} INFO - Created Permission View: can delete on DAG:example_branch_dop_operator_v3
[2024-11-08T11:50:54.990+0000] {logging_mixin.py:190} INFO - [2024-11-08T11:50:54.989+0000] {override.py:1911} INFO - Created Permission View: can read on DAG Run:example_branch_dop_operator_v3
[2024-11-08T11:50:55.060+0000] {logging_mixin.py:190} INFO - [2024-11-08T11:50:55.060+0000] {override.py:1911} INFO - Created Permission View: menu access on DAG Run:example_branch_dop_operator_v3
[2024-11-08T11:50:55.128+0000] {logging_mixin.py:190} INFO - [2024-11-08T11:50:55.127+0000] {override.py:1911} INFO - Created Permission View: can create on DAG Run:example_branch_dop_operator_v3
[2024-11-08T11:50:55.185+0000] {logging_mixin.py:190} INFO - [2024-11-08T11:50:55.184+0000] {override.py:1911} INFO - Created Permission View: can delete on DAG Run:example_branch_dop_operator_v3
[2024-11-08T11:50:55.188+0000] {logging_mixin.py:190} INFO - [2024-11-08T11:50:55.187+0000] {dag.py:3239} INFO - Sync 1 DAGs
[2024-11-08T11:50:55.365+0000] {logging_mixin.py:190} INFO - [2024-11-08T11:50:55.363+0000] {dag.py:3262} INFO - Creating ORM DAG for example_branch_dop_operator_v3
[2024-11-08T11:50:55.464+0000] {logging_mixin.py:190} INFO - [2024-11-08T11:50:55.463+0000] {dag.py:4180} INFO - Setting next_dagrun for example_branch_dop_operator_v3 to 2024-11-08 11:49:00+00:00, run_after=2024-11-08 11:50:00+00:00
[2024-11-08T11:50:55.613+0000] {processor.py:208} INFO - Processing /home/airflow/.local/lib/python3.12/site-packages/airflow/example_dags/example_branch_python_dop_operator_3.py took 1.907 seconds
[2024-11-08T11:51:42.830+0000] {processor.py:186} INFO - Started process (PID=227) to work on /home/airflow/.local/lib/python3.12/site-packages/airflow/example_dags/example_branch_python_dop_operator_3.py
[2024-11-08T11:51:42.845+0000] {processor.py:914} INFO - Processing file /home/airflow/.local/lib/python3.12/site-packages/airflow/example_dags/example_branch_python_dop_operator_3.py for tasks to queue
[2024-11-08T11:51:42.862+0000] {logging_mixin.py:190} INFO - [2024-11-08T11:51:42.852+0000] {dagbag.py:588} INFO - Filling up the DagBag from /home/airflow/.local/lib/python3.12/site-packages/airflow/example_dags/example_branch_python_dop_operator_3.py
[2024-11-08T11:51:42.922+0000] {processor.py:925} INFO - DAG(s) 'example_branch_dop_operator_v3' retrieved from /home/airflow/.local/lib/python3.12/site-packages/airflow/example_dags/example_branch_python_dop_operator_3.py
[2024-11-08T11:51:43.035+0000] {logging_mixin.py:190} INFO - [2024-11-08T11:51:43.034+0000] {dag.py:3239} INFO - Sync 1 DAGs
[2024-11-08T11:51:43.196+0000] {logging_mixin.py:190} INFO - [2024-11-08T11:51:43.195+0000] {dag.py:4180} INFO - Setting next_dagrun for example_branch_dop_operator_v3 to 2024-11-08 11:50:00+00:00, run_after=2024-11-08 11:51:00+00:00
[2024-11-08T11:51:43.309+0000] {processor.py:208} INFO - Processing /home/airflow/.local/lib/python3.12/site-packages/airflow/example_dags/example_branch_python_dop_operator_3.py took 0.516 seconds
[2024-11-08T11:52:19.083+0000] {processor.py:186} INFO - Started process (PID=298) to work on /home/airflow/.local/lib/python3.12/site-packages/airflow/example_dags/example_branch_python_dop_operator_3.py
[2024-11-08T11:52:19.097+0000] {processor.py:914} INFO - Processing file /home/airflow/.local/lib/python3.12/site-packages/airflow/example_dags/example_branch_python_dop_operator_3.py for tasks to queue
[2024-11-08T11:52:19.144+0000] {logging_mixin.py:190} INFO - [2024-11-08T11:52:19.143+0000] {dagbag.py:588} INFO - Filling up the DagBag from /home/airflow/.local/lib/python3.12/site-packages/airflow/example_dags/example_branch_python_dop_operator_3.py
[2024-11-08T11:52:19.250+0000] {processor.py:925} INFO - DAG(s) 'example_branch_dop_operator_v3' retrieved from /home/airflow/.local/lib/python3.12/site-packages/airflow/example_dags/example_branch_python_dop_operator_3.py
[2024-11-08T11:52:19.391+0000] {logging_mixin.py:190} INFO - [2024-11-08T11:52:19.390+0000] {dag.py:3239} INFO - Sync 1 DAGs
[2024-11-08T11:52:19.641+0000] {logging_mixin.py:190} INFO - [2024-11-08T11:52:19.640+0000] {dag.py:4180} INFO - Setting next_dagrun for example_branch_dop_operator_v3 to 2024-11-08 11:51:00+00:00, run_after=2024-11-08 11:52:00+00:00
[2024-11-08T11:52:19.790+0000] {processor.py:208} INFO - Processing /home/airflow/.local/lib/python3.12/site-packages/airflow/example_dags/example_branch_python_dop_operator_3.py took 0.746 seconds
[2024-11-08T11:52:57.465+0000] {processor.py:186} INFO - Started process (PID=364) to work on /home/airflow/.local/lib/python3.12/site-packages/airflow/example_dags/example_branch_python_dop_operator_3.py
[2024-11-08T11:52:57.498+0000] {processor.py:914} INFO - Processing file /home/airflow/.local/lib/python3.12/site-packages/airflow/example_dags/example_branch_python_dop_operator_3.py for tasks to queue
[2024-11-08T11:52:57.505+0000] {logging_mixin.py:190} INFO - [2024-11-08T11:52:57.504+0000] {dagbag.py:588} INFO - Filling up the DagBag from /home/airflow/.local/lib/python3.12/site-packages/airflow/example_dags/example_branch_python_dop_operator_3.py
[2024-11-08T11:52:57.563+0000] {processor.py:925} INFO - DAG(s) 'example_branch_dop_operator_v3' retrieved from /home/airflow/.local/lib/python3.12/site-packages/airflow/example_dags/example_branch_python_dop_operator_3.py
[2024-11-08T11:52:57.663+0000] {logging_mixin.py:190} INFO - [2024-11-08T11:52:57.662+0000] {dag.py:3239} INFO - Sync 1 DAGs
[2024-11-08T11:52:57.841+0000] {logging_mixin.py:190} INFO - [2024-11-08T11:52:57.840+0000] {dag.py:4180} INFO - Setting next_dagrun for example_branch_dop_operator_v3 to 2024-11-08 11:51:00+00:00, run_after=2024-11-08 11:52:00+00:00
[2024-11-08T11:52:57.963+0000] {processor.py:208} INFO - Processing /home/airflow/.local/lib/python3.12/site-packages/airflow/example_dags/example_branch_python_dop_operator_3.py took 0.534 seconds
[2024-11-08T11:53:35.232+0000] {processor.py:186} INFO - Started process (PID=434) to work on /home/airflow/.local/lib/python3.12/site-packages/airflow/example_dags/example_branch_python_dop_operator_3.py
[2024-11-08T11:53:35.244+0000] {processor.py:914} INFO - Processing file /home/airflow/.local/lib/python3.12/site-packages/airflow/example_dags/example_branch_python_dop_operator_3.py for tasks to queue
[2024-11-08T11:53:35.252+0000] {logging_mixin.py:190} INFO - [2024-11-08T11:53:35.251+0000] {dagbag.py:588} INFO - Filling up the DagBag from /home/airflow/.local/lib/python3.12/site-packages/airflow/example_dags/example_branch_python_dop_operator_3.py
[2024-11-08T11:53:35.310+0000] {processor.py:925} INFO - DAG(s) 'example_branch_dop_operator_v3' retrieved from /home/airflow/.local/lib/python3.12/site-packages/airflow/example_dags/example_branch_python_dop_operator_3.py
[2024-11-08T11:53:35.431+0000] {logging_mixin.py:190} INFO - [2024-11-08T11:53:35.430+0000] {dag.py:3239} INFO - Sync 1 DAGs
[2024-11-08T11:53:35.561+0000] {logging_mixin.py:190} INFO - [2024-11-08T11:53:35.561+0000] {dag.py:4180} INFO - Setting next_dagrun for example_branch_dop_operator_v3 to 2024-11-08 11:52:00+00:00, run_after=2024-11-08 11:53:00+00:00
[2024-11-08T11:53:35.694+0000] {processor.py:208} INFO - Processing /home/airflow/.local/lib/python3.12/site-packages/airflow/example_dags/example_branch_python_dop_operator_3.py took 0.489 seconds
[2024-11-08T11:54:18.686+0000] {processor.py:186} INFO - Started process (PID=515) to work on /home/airflow/.local/lib/python3.12/site-packages/airflow/example_dags/example_branch_python_dop_operator_3.py
[2024-11-08T11:54:18.694+0000] {processor.py:914} INFO - Processing file /home/airflow/.local/lib/python3.12/site-packages/airflow/example_dags/example_branch_python_dop_operator_3.py for tasks to queue
[2024-11-08T11:54:18.726+0000] {logging_mixin.py:190} INFO - [2024-11-08T11:54:18.725+0000] {dagbag.py:588} INFO - Filling up the DagBag from /home/airflow/.local/lib/python3.12/site-packages/airflow/example_dags/example_branch_python_dop_operator_3.py
[2024-11-08T11:54:18.819+0000] {processor.py:925} INFO - DAG(s) 'example_branch_dop_operator_v3' retrieved from /home/airflow/.local/lib/python3.12/site-packages/airflow/example_dags/example_branch_python_dop_operator_3.py
[2024-11-08T11:54:18.952+0000] {logging_mixin.py:190} INFO - [2024-11-08T11:54:18.952+0000] {dag.py:3239} INFO - Sync 1 DAGs
[2024-11-08T11:54:19.174+0000] {logging_mixin.py:190} INFO - [2024-11-08T11:54:19.173+0000] {dag.py:4180} INFO - Setting next_dagrun for example_branch_dop_operator_v3 to 2024-11-08 11:53:00+00:00, run_after=2024-11-08 11:54:00+00:00
[2024-11-08T11:54:19.327+0000] {processor.py:208} INFO - Processing /home/airflow/.local/lib/python3.12/site-packages/airflow/example_dags/example_branch_python_dop_operator_3.py took 0.677 seconds
[2024-11-08T11:54:50.586+0000] {processor.py:186} INFO - Started process (PID=578) to work on /home/airflow/.local/lib/python3.12/site-packages/airflow/example_dags/example_branch_python_dop_operator_3.py
[2024-11-08T11:54:50.590+0000] {processor.py:914} INFO - Processing file /home/airflow/.local/lib/python3.12/site-packages/airflow/example_dags/example_branch_python_dop_operator_3.py for tasks to queue
[2024-11-08T11:54:50.603+0000] {logging_mixin.py:190} INFO - [2024-11-08T11:54:50.602+0000] {dagbag.py:588} INFO - Filling up the DagBag from /home/airflow/.local/lib/python3.12/site-packages/airflow/example_dags/example_branch_python_dop_operator_3.py
[2024-11-08T11:54:50.660+0000] {processor.py:925} INFO - DAG(s) 'example_branch_dop_operator_v3' retrieved from /home/airflow/.local/lib/python3.12/site-packages/airflow/example_dags/example_branch_python_dop_operator_3.py
[2024-11-08T11:54:50.753+0000] {logging_mixin.py:190} INFO - [2024-11-08T11:54:50.752+0000] {dag.py:3239} INFO - Sync 1 DAGs
[2024-11-08T11:54:50.909+0000] {logging_mixin.py:190} INFO - [2024-11-08T11:54:50.906+0000] {dag.py:4180} INFO - Setting next_dagrun for example_branch_dop_operator_v3 to 2024-11-08 11:53:00+00:00, run_after=2024-11-08 11:54:00+00:00
[2024-11-08T11:54:51.006+0000] {processor.py:208} INFO - Processing /home/airflow/.local/lib/python3.12/site-packages/airflow/example_dags/example_branch_python_dop_operator_3.py took 0.451 seconds
[2024-11-08T11:55:25.585+0000] {processor.py:186} INFO - Started process (PID=644) to work on /home/airflow/.local/lib/python3.12/site-packages/airflow/example_dags/example_branch_python_dop_operator_3.py
[2024-11-08T11:55:25.589+0000] {processor.py:914} INFO - Processing file /home/airflow/.local/lib/python3.12/site-packages/airflow/example_dags/example_branch_python_dop_operator_3.py for tasks to queue
[2024-11-08T11:55:25.606+0000] {logging_mixin.py:190} INFO - [2024-11-08T11:55:25.605+0000] {dagbag.py:588} INFO - Filling up the DagBag from /home/airflow/.local/lib/python3.12/site-packages/airflow/example_dags/example_branch_python_dop_operator_3.py
[2024-11-08T11:55:25.660+0000] {processor.py:925} INFO - DAG(s) 'example_branch_dop_operator_v3' retrieved from /home/airflow/.local/lib/python3.12/site-packages/airflow/example_dags/example_branch_python_dop_operator_3.py
[2024-11-08T11:55:26.007+0000] {logging_mixin.py:190} INFO - [2024-11-08T11:55:26.007+0000] {dag.py:3239} INFO - Sync 1 DAGs
[2024-11-08T11:55:26.328+0000] {logging_mixin.py:190} INFO - [2024-11-08T11:55:26.328+0000] {dag.py:4180} INFO - Setting next_dagrun for example_branch_dop_operator_v3 to 2024-11-08 11:54:00+00:00, run_after=2024-11-08 11:55:00+00:00
[2024-11-08T11:55:26.932+0000] {processor.py:208} INFO - Processing /home/airflow/.local/lib/python3.12/site-packages/airflow/example_dags/example_branch_python_dop_operator_3.py took 1.376 seconds
[2024-11-08T12:01:56.554+0000] {processor.py:186} INFO - Started process (PID=137) to work on /home/airflow/.local/lib/python3.12/site-packages/airflow/example_dags/example_branch_python_dop_operator_3.py
[2024-11-08T12:01:56.566+0000] {processor.py:914} INFO - Processing file /home/airflow/.local/lib/python3.12/site-packages/airflow/example_dags/example_branch_python_dop_operator_3.py for tasks to queue
[2024-11-08T12:01:56.625+0000] {logging_mixin.py:190} INFO - [2024-11-08T12:01:56.624+0000] {dagbag.py:588} INFO - Filling up the DagBag from /home/airflow/.local/lib/python3.12/site-packages/airflow/example_dags/example_branch_python_dop_operator_3.py
[2024-11-08T12:01:56.750+0000] {processor.py:925} INFO - DAG(s) 'example_branch_dop_operator_v3' retrieved from /home/airflow/.local/lib/python3.12/site-packages/airflow/example_dags/example_branch_python_dop_operator_3.py
[2024-11-08T12:01:56.949+0000] {logging_mixin.py:190} INFO - [2024-11-08T12:01:56.945+0000] {dag.py:3239} INFO - Sync 1 DAGs
[2024-11-08T12:01:57.316+0000] {logging_mixin.py:190} INFO - [2024-11-08T12:01:57.315+0000] {dag.py:4180} INFO - Setting next_dagrun for example_branch_dop_operator_v3 to 2024-11-08 12:00:00+00:00, run_after=2024-11-08 12:01:00+00:00
[2024-11-08T12:01:57.519+0000] {processor.py:208} INFO - Processing /home/airflow/.local/lib/python3.12/site-packages/airflow/example_dags/example_branch_python_dop_operator_3.py took 1.031 seconds
[2024-11-08T12:02:47.145+0000] {processor.py:186} INFO - Started process (PID=218) to work on /home/airflow/.local/lib/python3.12/site-packages/airflow/example_dags/example_branch_python_dop_operator_3.py
[2024-11-08T12:02:47.181+0000] {processor.py:914} INFO - Processing file /home/airflow/.local/lib/python3.12/site-packages/airflow/example_dags/example_branch_python_dop_operator_3.py for tasks to queue
[2024-11-08T12:02:47.189+0000] {logging_mixin.py:190} INFO - [2024-11-08T12:02:47.188+0000] {dagbag.py:588} INFO - Filling up the DagBag from /home/airflow/.local/lib/python3.12/site-packages/airflow/example_dags/example_branch_python_dop_operator_3.py
[2024-11-08T12:02:47.282+0000] {processor.py:925} INFO - DAG(s) 'example_branch_dop_operator_v3' retrieved from /home/airflow/.local/lib/python3.12/site-packages/airflow/example_dags/example_branch_python_dop_operator_3.py
[2024-11-08T12:02:47.390+0000] {logging_mixin.py:190} INFO - [2024-11-08T12:02:47.389+0000] {dag.py:3239} INFO - Sync 1 DAGs
[2024-11-08T12:02:47.573+0000] {logging_mixin.py:190} INFO - [2024-11-08T12:02:47.572+0000] {dag.py:4180} INFO - Setting next_dagrun for example_branch_dop_operator_v3 to 2024-11-08 12:01:00+00:00, run_after=2024-11-08 12:02:00+00:00
[2024-11-08T12:02:47.705+0000] {processor.py:208} INFO - Processing /home/airflow/.local/lib/python3.12/site-packages/airflow/example_dags/example_branch_python_dop_operator_3.py took 0.595 seconds
[2024-11-08T12:03:46.497+0000] {processor.py:186} INFO - Started process (PID=303) to work on /home/airflow/.local/lib/python3.12/site-packages/airflow/example_dags/example_branch_python_dop_operator_3.py
[2024-11-08T12:03:46.511+0000] {processor.py:914} INFO - Processing file /home/airflow/.local/lib/python3.12/site-packages/airflow/example_dags/example_branch_python_dop_operator_3.py for tasks to queue
[2024-11-08T12:03:46.535+0000] {logging_mixin.py:190} INFO - [2024-11-08T12:03:46.534+0000] {dagbag.py:588} INFO - Filling up the DagBag from /home/airflow/.local/lib/python3.12/site-packages/airflow/example_dags/example_branch_python_dop_operator_3.py
[2024-11-08T12:03:46.656+0000] {processor.py:925} INFO - DAG(s) 'example_branch_dop_operator_v3' retrieved from /home/airflow/.local/lib/python3.12/site-packages/airflow/example_dags/example_branch_python_dop_operator_3.py
[2024-11-08T12:03:46.824+0000] {logging_mixin.py:190} INFO - [2024-11-08T12:03:46.823+0000] {dag.py:3239} INFO - Sync 1 DAGs
[2024-11-08T12:03:47.079+0000] {logging_mixin.py:190} INFO - [2024-11-08T12:03:47.078+0000] {dag.py:4180} INFO - Setting next_dagrun for example_branch_dop_operator_v3 to 2024-11-08 12:02:00+00:00, run_after=2024-11-08 12:03:00+00:00
[2024-11-08T12:03:47.219+0000] {processor.py:208} INFO - Processing /home/airflow/.local/lib/python3.12/site-packages/airflow/example_dags/example_branch_python_dop_operator_3.py took 0.799 seconds
[2024-11-08T12:04:21.520+0000] {processor.py:186} INFO - Started process (PID=368) to work on /home/airflow/.local/lib/python3.12/site-packages/airflow/example_dags/example_branch_python_dop_operator_3.py
[2024-11-08T12:04:21.533+0000] {processor.py:914} INFO - Processing file /home/airflow/.local/lib/python3.12/site-packages/airflow/example_dags/example_branch_python_dop_operator_3.py for tasks to queue
[2024-11-08T12:04:21.551+0000] {logging_mixin.py:190} INFO - [2024-11-08T12:04:21.546+0000] {dagbag.py:588} INFO - Filling up the DagBag from /home/airflow/.local/lib/python3.12/site-packages/airflow/example_dags/example_branch_python_dop_operator_3.py
[2024-11-08T12:04:21.622+0000] {processor.py:925} INFO - DAG(s) 'example_branch_dop_operator_v3' retrieved from /home/airflow/.local/lib/python3.12/site-packages/airflow/example_dags/example_branch_python_dop_operator_3.py
[2024-11-08T12:04:21.735+0000] {logging_mixin.py:190} INFO - [2024-11-08T12:04:21.734+0000] {dag.py:3239} INFO - Sync 1 DAGs
[2024-11-08T12:04:21.908+0000] {logging_mixin.py:190} INFO - [2024-11-08T12:04:21.907+0000] {dag.py:4180} INFO - Setting next_dagrun for example_branch_dop_operator_v3 to 2024-11-08 12:03:00+00:00, run_after=2024-11-08 12:04:00+00:00
[2024-11-08T12:04:22.001+0000] {processor.py:208} INFO - Processing /home/airflow/.local/lib/python3.12/site-packages/airflow/example_dags/example_branch_python_dop_operator_3.py took 0.506 seconds
[2024-11-08T12:04:53.417+0000] {processor.py:186} INFO - Started process (PID=432) to work on /home/airflow/.local/lib/python3.12/site-packages/airflow/example_dags/example_branch_python_dop_operator_3.py
[2024-11-08T12:04:53.431+0000] {processor.py:914} INFO - Processing file /home/airflow/.local/lib/python3.12/site-packages/airflow/example_dags/example_branch_python_dop_operator_3.py for tasks to queue
[2024-11-08T12:04:53.448+0000] {logging_mixin.py:190} INFO - [2024-11-08T12:04:53.448+0000] {dagbag.py:588} INFO - Filling up the DagBag from /home/airflow/.local/lib/python3.12/site-packages/airflow/example_dags/example_branch_python_dop_operator_3.py
[2024-11-08T12:04:53.548+0000] {processor.py:925} INFO - DAG(s) 'example_branch_dop_operator_v3' retrieved from /home/airflow/.local/lib/python3.12/site-packages/airflow/example_dags/example_branch_python_dop_operator_3.py
[2024-11-08T12:04:53.724+0000] {logging_mixin.py:190} INFO - [2024-11-08T12:04:53.723+0000] {dag.py:3239} INFO - Sync 1 DAGs
[2024-11-08T12:04:53.950+0000] {logging_mixin.py:190} INFO - [2024-11-08T12:04:53.950+0000] {dag.py:4180} INFO - Setting next_dagrun for example_branch_dop_operator_v3 to 2024-11-08 12:03:00+00:00, run_after=2024-11-08 12:04:00+00:00
[2024-11-08T12:04:54.102+0000] {processor.py:208} INFO - Processing /home/airflow/.local/lib/python3.12/site-packages/airflow/example_dags/example_branch_python_dop_operator_3.py took 0.732 seconds
[2024-11-08T12:06:05.261+0000] {processor.py:186} INFO - Started process (PID=501) to work on /home/airflow/.local/lib/python3.12/site-packages/airflow/example_dags/example_branch_python_dop_operator_3.py
[2024-11-08T12:06:05.269+0000] {processor.py:914} INFO - Processing file /home/airflow/.local/lib/python3.12/site-packages/airflow/example_dags/example_branch_python_dop_operator_3.py for tasks to queue
[2024-11-08T12:06:05.279+0000] {logging_mixin.py:190} INFO - [2024-11-08T12:06:05.278+0000] {dagbag.py:588} INFO - Filling up the DagBag from /home/airflow/.local/lib/python3.12/site-packages/airflow/example_dags/example_branch_python_dop_operator_3.py
[2024-11-08T12:06:05.358+0000] {processor.py:925} INFO - DAG(s) 'example_branch_dop_operator_v3' retrieved from /home/airflow/.local/lib/python3.12/site-packages/airflow/example_dags/example_branch_python_dop_operator_3.py
[2024-11-08T12:06:05.474+0000] {logging_mixin.py:190} INFO - [2024-11-08T12:06:05.464+0000] {dag.py:3239} INFO - Sync 1 DAGs
[2024-11-08T12:06:05.686+0000] {logging_mixin.py:190} INFO - [2024-11-08T12:06:05.685+0000] {dag.py:4180} INFO - Setting next_dagrun for example_branch_dop_operator_v3 to 2024-11-08 12:05:00+00:00, run_after=2024-11-08 12:06:00+00:00
[2024-11-08T12:06:05.827+0000] {processor.py:208} INFO - Processing /home/airflow/.local/lib/python3.12/site-packages/airflow/example_dags/example_branch_python_dop_operator_3.py took 0.600 seconds
[2024-11-08T12:06:58.155+0000] {processor.py:186} INFO - Started process (PID=586) to work on /home/airflow/.local/lib/python3.12/site-packages/airflow/example_dags/example_branch_python_dop_operator_3.py
[2024-11-08T12:06:58.197+0000] {processor.py:914} INFO - Processing file /home/airflow/.local/lib/python3.12/site-packages/airflow/example_dags/example_branch_python_dop_operator_3.py for tasks to queue
[2024-11-08T12:06:58.205+0000] {logging_mixin.py:190} INFO - [2024-11-08T12:06:58.204+0000] {dagbag.py:588} INFO - Filling up the DagBag from /home/airflow/.local/lib/python3.12/site-packages/airflow/example_dags/example_branch_python_dop_operator_3.py
[2024-11-08T12:06:58.287+0000] {processor.py:925} INFO - DAG(s) 'example_branch_dop_operator_v3' retrieved from /home/airflow/.local/lib/python3.12/site-packages/airflow/example_dags/example_branch_python_dop_operator_3.py
[2024-11-08T12:06:58.399+0000] {logging_mixin.py:190} INFO - [2024-11-08T12:06:58.399+0000] {dag.py:3239} INFO - Sync 1 DAGs
[2024-11-08T12:06:58.756+0000] {logging_mixin.py:190} INFO - [2024-11-08T12:06:58.755+0000] {dag.py:4180} INFO - Setting next_dagrun for example_branch_dop_operator_v3 to 2024-11-08 12:05:00+00:00, run_after=2024-11-08 12:06:00+00:00
[2024-11-08T12:06:59.065+0000] {processor.py:208} INFO - Processing /home/airflow/.local/lib/python3.12/site-packages/airflow/example_dags/example_branch_python_dop_operator_3.py took 0.971 seconds
[2024-11-08T12:07:52.645+0000] {processor.py:186} INFO - Started process (PID=667) to work on /home/airflow/.local/lib/python3.12/site-packages/airflow/example_dags/example_branch_python_dop_operator_3.py
[2024-11-08T12:07:52.649+0000] {processor.py:914} INFO - Processing file /home/airflow/.local/lib/python3.12/site-packages/airflow/example_dags/example_branch_python_dop_operator_3.py for tasks to queue
[2024-11-08T12:07:52.664+0000] {logging_mixin.py:190} INFO - [2024-11-08T12:07:52.663+0000] {dagbag.py:588} INFO - Filling up the DagBag from /home/airflow/.local/lib/python3.12/site-packages/airflow/example_dags/example_branch_python_dop_operator_3.py
[2024-11-08T12:07:52.716+0000] {processor.py:925} INFO - DAG(s) 'example_branch_dop_operator_v3' retrieved from /home/airflow/.local/lib/python3.12/site-packages/airflow/example_dags/example_branch_python_dop_operator_3.py
[2024-11-08T12:07:52.808+0000] {logging_mixin.py:190} INFO - [2024-11-08T12:07:52.807+0000] {dag.py:3239} INFO - Sync 1 DAGs
[2024-11-08T12:07:52.975+0000] {logging_mixin.py:190} INFO - [2024-11-08T12:07:52.974+0000] {dag.py:4180} INFO - Setting next_dagrun for example_branch_dop_operator_v3 to 2024-11-08 12:06:00+00:00, run_after=2024-11-08 12:07:00+00:00
[2024-11-08T12:07:53.101+0000] {processor.py:208} INFO - Processing /home/airflow/.local/lib/python3.12/site-packages/airflow/example_dags/example_branch_python_dop_operator_3.py took 0.474 seconds
