[2024-11-08T11:50:00.300+0000] {processor.py:186} INFO - Started process (PID=128) to work on /home/airflow/.local/lib/python3.12/site-packages/airflow/example_dags/example_trigger_target_dag.py
[2024-11-08T11:50:00.326+0000] {processor.py:914} INFO - Processing file /home/airflow/.local/lib/python3.12/site-packages/airflow/example_dags/example_trigger_target_dag.py for tasks to queue
[2024-11-08T11:50:00.350+0000] {logging_mixin.py:190} INFO - [2024-11-08T11:50:00.345+0000] {dagbag.py:588} INFO - Filling up the DagBag from /home/airflow/.local/lib/python3.12/site-packages/airflow/example_dags/example_trigger_target_dag.py
[2024-11-08T11:50:00.441+0000] {processor.py:925} INFO - DAG(s) 'example_trigger_target_dag' retrieved from /home/airflow/.local/lib/python3.12/site-packages/airflow/example_dags/example_trigger_target_dag.py
[2024-11-08T11:50:03.230+0000] {logging_mixin.py:190} INFO - [2024-11-08T11:50:03.204+0000] {override.py:1911} INFO - Created Permission View: can read on DAG:example_trigger_target_dag
[2024-11-08T11:50:03.343+0000] {logging_mixin.py:190} INFO - [2024-11-08T11:50:03.342+0000] {override.py:1911} INFO - Created Permission View: can edit on DAG:example_trigger_target_dag
[2024-11-08T11:50:03.417+0000] {logging_mixin.py:190} INFO - [2024-11-08T11:50:03.416+0000] {override.py:1911} INFO - Created Permission View: can delete on DAG:example_trigger_target_dag
[2024-11-08T11:50:03.511+0000] {logging_mixin.py:190} INFO - [2024-11-08T11:50:03.511+0000] {override.py:1911} INFO - Created Permission View: can read on DAG Run:example_trigger_target_dag
[2024-11-08T11:50:03.677+0000] {logging_mixin.py:190} INFO - [2024-11-08T11:50:03.676+0000] {override.py:1911} INFO - Created Permission View: menu access on DAG Run:example_trigger_target_dag
[2024-11-08T11:50:03.821+0000] {logging_mixin.py:190} INFO - [2024-11-08T11:50:03.820+0000] {override.py:1911} INFO - Created Permission View: can create on DAG Run:example_trigger_target_dag
[2024-11-08T11:50:03.958+0000] {logging_mixin.py:190} INFO - [2024-11-08T11:50:03.957+0000] {override.py:1911} INFO - Created Permission View: can delete on DAG Run:example_trigger_target_dag
[2024-11-08T11:50:03.974+0000] {logging_mixin.py:190} INFO - [2024-11-08T11:50:03.971+0000] {dag.py:3239} INFO - Sync 1 DAGs
[2024-11-08T11:50:04.358+0000] {logging_mixin.py:190} INFO - [2024-11-08T11:50:04.357+0000] {dag.py:3262} INFO - Creating ORM DAG for example_trigger_target_dag
[2024-11-08T11:50:04.406+0000] {logging_mixin.py:190} INFO - [2024-11-08T11:50:04.404+0000] {dag.py:4180} INFO - Setting next_dagrun for example_trigger_target_dag to None, run_after=None
[2024-11-08T11:50:04.651+0000] {processor.py:208} INFO - Processing /home/airflow/.local/lib/python3.12/site-packages/airflow/example_dags/example_trigger_target_dag.py took 4.460 seconds
[2024-11-08T11:51:20.713+0000] {processor.py:186} INFO - Started process (PID=204) to work on /home/airflow/.local/lib/python3.12/site-packages/airflow/example_dags/example_trigger_target_dag.py
[2024-11-08T11:51:20.729+0000] {processor.py:914} INFO - Processing file /home/airflow/.local/lib/python3.12/site-packages/airflow/example_dags/example_trigger_target_dag.py for tasks to queue
[2024-11-08T11:51:20.758+0000] {logging_mixin.py:190} INFO - [2024-11-08T11:51:20.757+0000] {dagbag.py:588} INFO - Filling up the DagBag from /home/airflow/.local/lib/python3.12/site-packages/airflow/example_dags/example_trigger_target_dag.py
[2024-11-08T11:51:20.837+0000] {processor.py:925} INFO - DAG(s) 'example_trigger_target_dag' retrieved from /home/airflow/.local/lib/python3.12/site-packages/airflow/example_dags/example_trigger_target_dag.py
[2024-11-08T11:51:20.997+0000] {logging_mixin.py:190} INFO - [2024-11-08T11:51:20.996+0000] {dag.py:3239} INFO - Sync 1 DAGs
[2024-11-08T11:51:21.152+0000] {logging_mixin.py:190} INFO - [2024-11-08T11:51:21.151+0000] {dag.py:4180} INFO - Setting next_dagrun for example_trigger_target_dag to None, run_after=None
[2024-11-08T11:51:21.315+0000] {processor.py:208} INFO - Processing /home/airflow/.local/lib/python3.12/site-packages/airflow/example_dags/example_trigger_target_dag.py took 0.647 seconds
[2024-11-08T11:51:54.667+0000] {processor.py:186} INFO - Started process (PID=267) to work on /home/airflow/.local/lib/python3.12/site-packages/airflow/example_dags/example_trigger_target_dag.py
[2024-11-08T11:51:54.683+0000] {processor.py:914} INFO - Processing file /home/airflow/.local/lib/python3.12/site-packages/airflow/example_dags/example_trigger_target_dag.py for tasks to queue
[2024-11-08T11:51:54.729+0000] {logging_mixin.py:190} INFO - [2024-11-08T11:51:54.717+0000] {dagbag.py:588} INFO - Filling up the DagBag from /home/airflow/.local/lib/python3.12/site-packages/airflow/example_dags/example_trigger_target_dag.py
[2024-11-08T11:51:54.848+0000] {processor.py:925} INFO - DAG(s) 'example_trigger_target_dag' retrieved from /home/airflow/.local/lib/python3.12/site-packages/airflow/example_dags/example_trigger_target_dag.py
[2024-11-08T11:51:55.005+0000] {logging_mixin.py:190} INFO - [2024-11-08T11:51:55.004+0000] {dag.py:3239} INFO - Sync 1 DAGs
[2024-11-08T11:51:55.145+0000] {logging_mixin.py:190} INFO - [2024-11-08T11:51:55.144+0000] {dag.py:4180} INFO - Setting next_dagrun for example_trigger_target_dag to None, run_after=None
[2024-11-08T11:51:55.333+0000] {processor.py:208} INFO - Processing /home/airflow/.local/lib/python3.12/site-packages/airflow/example_dags/example_trigger_target_dag.py took 0.739 seconds
[2024-11-08T11:52:31.315+0000] {processor.py:186} INFO - Started process (PID=324) to work on /home/airflow/.local/lib/python3.12/site-packages/airflow/example_dags/example_trigger_target_dag.py
[2024-11-08T11:52:31.318+0000] {processor.py:914} INFO - Processing file /home/airflow/.local/lib/python3.12/site-packages/airflow/example_dags/example_trigger_target_dag.py for tasks to queue
[2024-11-08T11:52:31.326+0000] {logging_mixin.py:190} INFO - [2024-11-08T11:52:31.325+0000] {dagbag.py:588} INFO - Filling up the DagBag from /home/airflow/.local/lib/python3.12/site-packages/airflow/example_dags/example_trigger_target_dag.py
[2024-11-08T11:52:31.359+0000] {processor.py:925} INFO - DAG(s) 'example_trigger_target_dag' retrieved from /home/airflow/.local/lib/python3.12/site-packages/airflow/example_dags/example_trigger_target_dag.py
[2024-11-08T11:52:31.443+0000] {logging_mixin.py:190} INFO - [2024-11-08T11:52:31.443+0000] {dag.py:3239} INFO - Sync 1 DAGs
[2024-11-08T11:52:31.537+0000] {logging_mixin.py:190} INFO - [2024-11-08T11:52:31.537+0000] {dag.py:4180} INFO - Setting next_dagrun for example_trigger_target_dag to None, run_after=None
[2024-11-08T11:52:31.615+0000] {processor.py:208} INFO - Processing /home/airflow/.local/lib/python3.12/site-packages/airflow/example_dags/example_trigger_target_dag.py took 0.326 seconds
[2024-11-08T11:53:05.458+0000] {processor.py:186} INFO - Started process (PID=387) to work on /home/airflow/.local/lib/python3.12/site-packages/airflow/example_dags/example_trigger_target_dag.py
[2024-11-08T11:53:05.463+0000] {processor.py:914} INFO - Processing file /home/airflow/.local/lib/python3.12/site-packages/airflow/example_dags/example_trigger_target_dag.py for tasks to queue
[2024-11-08T11:53:05.477+0000] {logging_mixin.py:190} INFO - [2024-11-08T11:53:05.477+0000] {dagbag.py:588} INFO - Filling up the DagBag from /home/airflow/.local/lib/python3.12/site-packages/airflow/example_dags/example_trigger_target_dag.py
[2024-11-08T11:53:05.528+0000] {processor.py:925} INFO - DAG(s) 'example_trigger_target_dag' retrieved from /home/airflow/.local/lib/python3.12/site-packages/airflow/example_dags/example_trigger_target_dag.py
[2024-11-08T11:53:05.638+0000] {logging_mixin.py:190} INFO - [2024-11-08T11:53:05.637+0000] {dag.py:3239} INFO - Sync 1 DAGs
[2024-11-08T11:53:05.722+0000] {logging_mixin.py:190} INFO - [2024-11-08T11:53:05.721+0000] {dag.py:4180} INFO - Setting next_dagrun for example_trigger_target_dag to None, run_after=None
[2024-11-08T11:53:05.825+0000] {processor.py:208} INFO - Processing /home/airflow/.local/lib/python3.12/site-packages/airflow/example_dags/example_trigger_target_dag.py took 0.391 seconds
[2024-11-08T11:53:41.412+0000] {processor.py:186} INFO - Started process (PID=450) to work on /home/airflow/.local/lib/python3.12/site-packages/airflow/example_dags/example_trigger_target_dag.py
[2024-11-08T11:53:41.419+0000] {processor.py:914} INFO - Processing file /home/airflow/.local/lib/python3.12/site-packages/airflow/example_dags/example_trigger_target_dag.py for tasks to queue
[2024-11-08T11:53:41.428+0000] {logging_mixin.py:190} INFO - [2024-11-08T11:53:41.427+0000] {dagbag.py:588} INFO - Filling up the DagBag from /home/airflow/.local/lib/python3.12/site-packages/airflow/example_dags/example_trigger_target_dag.py
[2024-11-08T11:53:41.494+0000] {processor.py:925} INFO - DAG(s) 'example_trigger_target_dag' retrieved from /home/airflow/.local/lib/python3.12/site-packages/airflow/example_dags/example_trigger_target_dag.py
[2024-11-08T11:53:41.626+0000] {logging_mixin.py:190} INFO - [2024-11-08T11:53:41.625+0000] {dag.py:3239} INFO - Sync 1 DAGs
[2024-11-08T11:53:41.720+0000] {logging_mixin.py:190} INFO - [2024-11-08T11:53:41.720+0000] {dag.py:4180} INFO - Setting next_dagrun for example_trigger_target_dag to None, run_after=None
[2024-11-08T11:53:41.850+0000] {processor.py:208} INFO - Processing /home/airflow/.local/lib/python3.12/site-packages/airflow/example_dags/example_trigger_target_dag.py took 0.463 seconds
[2024-11-08T11:54:16.722+0000] {processor.py:186} INFO - Started process (PID=506) to work on /home/airflow/.local/lib/python3.12/site-packages/airflow/example_dags/example_trigger_target_dag.py
[2024-11-08T11:54:16.728+0000] {processor.py:914} INFO - Processing file /home/airflow/.local/lib/python3.12/site-packages/airflow/example_dags/example_trigger_target_dag.py for tasks to queue
[2024-11-08T11:54:16.742+0000] {logging_mixin.py:190} INFO - [2024-11-08T11:54:16.741+0000] {dagbag.py:588} INFO - Filling up the DagBag from /home/airflow/.local/lib/python3.12/site-packages/airflow/example_dags/example_trigger_target_dag.py
[2024-11-08T11:54:16.810+0000] {processor.py:925} INFO - DAG(s) 'example_trigger_target_dag' retrieved from /home/airflow/.local/lib/python3.12/site-packages/airflow/example_dags/example_trigger_target_dag.py
[2024-11-08T11:54:16.944+0000] {logging_mixin.py:190} INFO - [2024-11-08T11:54:16.943+0000] {dag.py:3239} INFO - Sync 1 DAGs
[2024-11-08T11:54:17.133+0000] {logging_mixin.py:190} INFO - [2024-11-08T11:54:17.132+0000] {dag.py:4180} INFO - Setting next_dagrun for example_trigger_target_dag to None, run_after=None
[2024-11-08T11:54:17.290+0000] {processor.py:208} INFO - Processing /home/airflow/.local/lib/python3.12/site-packages/airflow/example_dags/example_trigger_target_dag.py took 0.616 seconds
[2024-11-08T11:54:49.527+0000] {processor.py:186} INFO - Started process (PID=575) to work on /home/airflow/.local/lib/python3.12/site-packages/airflow/example_dags/example_trigger_target_dag.py
[2024-11-08T11:54:49.572+0000] {processor.py:914} INFO - Processing file /home/airflow/.local/lib/python3.12/site-packages/airflow/example_dags/example_trigger_target_dag.py for tasks to queue
[2024-11-08T11:54:49.589+0000] {logging_mixin.py:190} INFO - [2024-11-08T11:54:49.588+0000] {dagbag.py:588} INFO - Filling up the DagBag from /home/airflow/.local/lib/python3.12/site-packages/airflow/example_dags/example_trigger_target_dag.py
[2024-11-08T11:54:49.651+0000] {processor.py:925} INFO - DAG(s) 'example_trigger_target_dag' retrieved from /home/airflow/.local/lib/python3.12/site-packages/airflow/example_dags/example_trigger_target_dag.py
[2024-11-08T11:54:49.786+0000] {logging_mixin.py:190} INFO - [2024-11-08T11:54:49.785+0000] {dag.py:3239} INFO - Sync 1 DAGs
[2024-11-08T11:54:49.869+0000] {logging_mixin.py:190} INFO - [2024-11-08T11:54:49.868+0000] {dag.py:4180} INFO - Setting next_dagrun for example_trigger_target_dag to None, run_after=None
[2024-11-08T11:54:49.961+0000] {processor.py:208} INFO - Processing /home/airflow/.local/lib/python3.12/site-packages/airflow/example_dags/example_trigger_target_dag.py took 0.495 seconds
[2024-11-08T11:55:23.387+0000] {processor.py:186} INFO - Started process (PID=638) to work on /home/airflow/.local/lib/python3.12/site-packages/airflow/example_dags/example_trigger_target_dag.py
[2024-11-08T11:55:23.435+0000] {processor.py:914} INFO - Processing file /home/airflow/.local/lib/python3.12/site-packages/airflow/example_dags/example_trigger_target_dag.py for tasks to queue
[2024-11-08T11:55:23.456+0000] {logging_mixin.py:190} INFO - [2024-11-08T11:55:23.455+0000] {dagbag.py:588} INFO - Filling up the DagBag from /home/airflow/.local/lib/python3.12/site-packages/airflow/example_dags/example_trigger_target_dag.py
[2024-11-08T11:55:23.512+0000] {processor.py:925} INFO - DAG(s) 'example_trigger_target_dag' retrieved from /home/airflow/.local/lib/python3.12/site-packages/airflow/example_dags/example_trigger_target_dag.py
[2024-11-08T11:55:23.624+0000] {logging_mixin.py:190} INFO - [2024-11-08T11:55:23.623+0000] {dag.py:3239} INFO - Sync 1 DAGs
[2024-11-08T11:55:23.717+0000] {logging_mixin.py:190} INFO - [2024-11-08T11:55:23.716+0000] {dag.py:4180} INFO - Setting next_dagrun for example_trigger_target_dag to None, run_after=None
[2024-11-08T11:55:23.816+0000] {processor.py:208} INFO - Processing /home/airflow/.local/lib/python3.12/site-packages/airflow/example_dags/example_trigger_target_dag.py took 0.468 seconds
[2024-11-08T12:00:44.027+0000] {processor.py:186} INFO - Started process (PID=102) to work on /home/airflow/.local/lib/python3.12/site-packages/airflow/example_dags/example_trigger_target_dag.py
[2024-11-08T12:00:44.041+0000] {processor.py:914} INFO - Processing file /home/airflow/.local/lib/python3.12/site-packages/airflow/example_dags/example_trigger_target_dag.py for tasks to queue
[2024-11-08T12:00:44.084+0000] {logging_mixin.py:190} INFO - [2024-11-08T12:00:44.077+0000] {dagbag.py:588} INFO - Filling up the DagBag from /home/airflow/.local/lib/python3.12/site-packages/airflow/example_dags/example_trigger_target_dag.py
[2024-11-08T12:00:44.246+0000] {processor.py:925} INFO - DAG(s) 'example_trigger_target_dag' retrieved from /home/airflow/.local/lib/python3.12/site-packages/airflow/example_dags/example_trigger_target_dag.py
[2024-11-08T12:00:44.619+0000] {logging_mixin.py:190} INFO - [2024-11-08T12:00:44.618+0000] {dag.py:3239} INFO - Sync 1 DAGs
[2024-11-08T12:00:44.968+0000] {logging_mixin.py:190} INFO - [2024-11-08T12:00:44.967+0000] {dag.py:4180} INFO - Setting next_dagrun for example_trigger_target_dag to None, run_after=None
[2024-11-08T12:00:45.122+0000] {processor.py:208} INFO - Processing /home/airflow/.local/lib/python3.12/site-packages/airflow/example_dags/example_trigger_target_dag.py took 1.131 seconds
[2024-11-08T12:02:21.069+0000] {processor.py:186} INFO - Started process (PID=178) to work on /home/airflow/.local/lib/python3.12/site-packages/airflow/example_dags/example_trigger_target_dag.py
[2024-11-08T12:02:21.090+0000] {processor.py:914} INFO - Processing file /home/airflow/.local/lib/python3.12/site-packages/airflow/example_dags/example_trigger_target_dag.py for tasks to queue
[2024-11-08T12:02:21.100+0000] {logging_mixin.py:190} INFO - [2024-11-08T12:02:21.099+0000] {dagbag.py:588} INFO - Filling up the DagBag from /home/airflow/.local/lib/python3.12/site-packages/airflow/example_dags/example_trigger_target_dag.py
[2024-11-08T12:02:21.173+0000] {processor.py:925} INFO - DAG(s) 'example_trigger_target_dag' retrieved from /home/airflow/.local/lib/python3.12/site-packages/airflow/example_dags/example_trigger_target_dag.py
[2024-11-08T12:02:21.303+0000] {logging_mixin.py:190} INFO - [2024-11-08T12:02:21.302+0000] {dag.py:3239} INFO - Sync 1 DAGs
[2024-11-08T12:02:21.447+0000] {logging_mixin.py:190} INFO - [2024-11-08T12:02:21.447+0000] {dag.py:4180} INFO - Setting next_dagrun for example_trigger_target_dag to None, run_after=None
[2024-11-08T12:02:21.676+0000] {processor.py:208} INFO - Processing /home/airflow/.local/lib/python3.12/site-packages/airflow/example_dags/example_trigger_target_dag.py took 0.640 seconds
[2024-11-08T12:03:00.561+0000] {processor.py:186} INFO - Started process (PID=243) to work on /home/airflow/.local/lib/python3.12/site-packages/airflow/example_dags/example_trigger_target_dag.py
[2024-11-08T12:03:00.574+0000] {processor.py:914} INFO - Processing file /home/airflow/.local/lib/python3.12/site-packages/airflow/example_dags/example_trigger_target_dag.py for tasks to queue
[2024-11-08T12:03:00.591+0000] {logging_mixin.py:190} INFO - [2024-11-08T12:03:00.591+0000] {dagbag.py:588} INFO - Filling up the DagBag from /home/airflow/.local/lib/python3.12/site-packages/airflow/example_dags/example_trigger_target_dag.py
[2024-11-08T12:03:00.659+0000] {processor.py:925} INFO - DAG(s) 'example_trigger_target_dag' retrieved from /home/airflow/.local/lib/python3.12/site-packages/airflow/example_dags/example_trigger_target_dag.py
[2024-11-08T12:03:00.787+0000] {logging_mixin.py:190} INFO - [2024-11-08T12:03:00.786+0000] {dag.py:3239} INFO - Sync 1 DAGs
[2024-11-08T12:03:00.912+0000] {logging_mixin.py:190} INFO - [2024-11-08T12:03:00.912+0000] {dag.py:4180} INFO - Setting next_dagrun for example_trigger_target_dag to None, run_after=None
[2024-11-08T12:03:01.067+0000] {processor.py:208} INFO - Processing /home/airflow/.local/lib/python3.12/site-packages/airflow/example_dags/example_trigger_target_dag.py took 0.544 seconds
[2024-11-08T12:03:43.616+0000] {processor.py:186} INFO - Started process (PID=297) to work on /home/airflow/.local/lib/python3.12/site-packages/airflow/example_dags/example_trigger_target_dag.py
[2024-11-08T12:03:43.642+0000] {processor.py:914} INFO - Processing file /home/airflow/.local/lib/python3.12/site-packages/airflow/example_dags/example_trigger_target_dag.py for tasks to queue
[2024-11-08T12:03:43.698+0000] {logging_mixin.py:190} INFO - [2024-11-08T12:03:43.697+0000] {dagbag.py:588} INFO - Filling up the DagBag from /home/airflow/.local/lib/python3.12/site-packages/airflow/example_dags/example_trigger_target_dag.py
[2024-11-08T12:03:43.776+0000] {processor.py:925} INFO - DAG(s) 'example_trigger_target_dag' retrieved from /home/airflow/.local/lib/python3.12/site-packages/airflow/example_dags/example_trigger_target_dag.py
[2024-11-08T12:03:43.882+0000] {logging_mixin.py:190} INFO - [2024-11-08T12:03:43.881+0000] {dag.py:3239} INFO - Sync 1 DAGs
[2024-11-08T12:03:44.076+0000] {logging_mixin.py:190} INFO - [2024-11-08T12:03:44.076+0000] {dag.py:4180} INFO - Setting next_dagrun for example_trigger_target_dag to None, run_after=None
[2024-11-08T12:03:44.258+0000] {processor.py:208} INFO - Processing /home/airflow/.local/lib/python3.12/site-packages/airflow/example_dags/example_trigger_target_dag.py took 0.680 seconds
[2024-11-08T12:04:16.370+0000] {processor.py:186} INFO - Started process (PID=362) to work on /home/airflow/.local/lib/python3.12/site-packages/airflow/example_dags/example_trigger_target_dag.py
[2024-11-08T12:04:16.386+0000] {processor.py:914} INFO - Processing file /home/airflow/.local/lib/python3.12/site-packages/airflow/example_dags/example_trigger_target_dag.py for tasks to queue
[2024-11-08T12:04:16.399+0000] {logging_mixin.py:190} INFO - [2024-11-08T12:04:16.399+0000] {dagbag.py:588} INFO - Filling up the DagBag from /home/airflow/.local/lib/python3.12/site-packages/airflow/example_dags/example_trigger_target_dag.py
[2024-11-08T12:04:16.462+0000] {processor.py:925} INFO - DAG(s) 'example_trigger_target_dag' retrieved from /home/airflow/.local/lib/python3.12/site-packages/airflow/example_dags/example_trigger_target_dag.py
[2024-11-08T12:04:16.561+0000] {logging_mixin.py:190} INFO - [2024-11-08T12:04:16.560+0000] {dag.py:3239} INFO - Sync 1 DAGs
[2024-11-08T12:04:16.648+0000] {logging_mixin.py:190} INFO - [2024-11-08T12:04:16.647+0000] {dag.py:4180} INFO - Setting next_dagrun for example_trigger_target_dag to None, run_after=None
[2024-11-08T12:04:16.746+0000] {processor.py:208} INFO - Processing /home/airflow/.local/lib/python3.12/site-packages/airflow/example_dags/example_trigger_target_dag.py took 0.412 seconds
[2024-11-08T12:04:48.672+0000] {processor.py:186} INFO - Started process (PID=425) to work on /home/airflow/.local/lib/python3.12/site-packages/airflow/example_dags/example_trigger_target_dag.py
[2024-11-08T12:04:48.691+0000] {processor.py:914} INFO - Processing file /home/airflow/.local/lib/python3.12/site-packages/airflow/example_dags/example_trigger_target_dag.py for tasks to queue
[2024-11-08T12:04:48.708+0000] {logging_mixin.py:190} INFO - [2024-11-08T12:04:48.707+0000] {dagbag.py:588} INFO - Filling up the DagBag from /home/airflow/.local/lib/python3.12/site-packages/airflow/example_dags/example_trigger_target_dag.py
[2024-11-08T12:04:49.091+0000] {processor.py:925} INFO - DAG(s) 'example_trigger_target_dag' retrieved from /home/airflow/.local/lib/python3.12/site-packages/airflow/example_dags/example_trigger_target_dag.py
[2024-11-08T12:04:49.480+0000] {logging_mixin.py:190} INFO - [2024-11-08T12:04:49.469+0000] {dag.py:3239} INFO - Sync 1 DAGs
[2024-11-08T12:04:49.844+0000] {logging_mixin.py:190} INFO - [2024-11-08T12:04:49.843+0000] {dag.py:4180} INFO - Setting next_dagrun for example_trigger_target_dag to None, run_after=None
[2024-11-08T12:04:50.180+0000] {processor.py:208} INFO - Processing /home/airflow/.local/lib/python3.12/site-packages/airflow/example_dags/example_trigger_target_dag.py took 1.627 seconds
[2024-11-08T12:05:38.037+0000] {processor.py:186} INFO - Started process (PID=480) to work on /home/airflow/.local/lib/python3.12/site-packages/airflow/example_dags/example_trigger_target_dag.py
[2024-11-08T12:05:38.057+0000] {processor.py:914} INFO - Processing file /home/airflow/.local/lib/python3.12/site-packages/airflow/example_dags/example_trigger_target_dag.py for tasks to queue
[2024-11-08T12:05:38.075+0000] {logging_mixin.py:190} INFO - [2024-11-08T12:05:38.073+0000] {dagbag.py:588} INFO - Filling up the DagBag from /home/airflow/.local/lib/python3.12/site-packages/airflow/example_dags/example_trigger_target_dag.py
[2024-11-08T12:05:38.118+0000] {processor.py:925} INFO - DAG(s) 'example_trigger_target_dag' retrieved from /home/airflow/.local/lib/python3.12/site-packages/airflow/example_dags/example_trigger_target_dag.py
[2024-11-08T12:05:38.276+0000] {logging_mixin.py:190} INFO - [2024-11-08T12:05:38.275+0000] {dag.py:3239} INFO - Sync 1 DAGs
[2024-11-08T12:05:38.441+0000] {logging_mixin.py:190} INFO - [2024-11-08T12:05:38.440+0000] {dag.py:4180} INFO - Setting next_dagrun for example_trigger_target_dag to None, run_after=None
[2024-11-08T12:05:38.579+0000] {processor.py:208} INFO - Processing /home/airflow/.local/lib/python3.12/site-packages/airflow/example_dags/example_trigger_target_dag.py took 0.581 seconds
[2024-11-08T12:06:36.867+0000] {processor.py:186} INFO - Started process (PID=550) to work on /home/airflow/.local/lib/python3.12/site-packages/airflow/example_dags/example_trigger_target_dag.py
[2024-11-08T12:06:36.870+0000] {processor.py:914} INFO - Processing file /home/airflow/.local/lib/python3.12/site-packages/airflow/example_dags/example_trigger_target_dag.py for tasks to queue
[2024-11-08T12:06:36.877+0000] {logging_mixin.py:190} INFO - [2024-11-08T12:06:36.877+0000] {dagbag.py:588} INFO - Filling up the DagBag from /home/airflow/.local/lib/python3.12/site-packages/airflow/example_dags/example_trigger_target_dag.py
[2024-11-08T12:06:36.917+0000] {processor.py:925} INFO - DAG(s) 'example_trigger_target_dag' retrieved from /home/airflow/.local/lib/python3.12/site-packages/airflow/example_dags/example_trigger_target_dag.py
[2024-11-08T12:06:37.026+0000] {logging_mixin.py:190} INFO - [2024-11-08T12:06:37.025+0000] {dag.py:3239} INFO - Sync 1 DAGs
[2024-11-08T12:06:37.134+0000] {logging_mixin.py:190} INFO - [2024-11-08T12:06:37.133+0000] {dag.py:4180} INFO - Setting next_dagrun for example_trigger_target_dag to None, run_after=None
[2024-11-08T12:06:37.261+0000] {processor.py:208} INFO - Processing /home/airflow/.local/lib/python3.12/site-packages/airflow/example_dags/example_trigger_target_dag.py took 0.418 seconds
[2024-11-08T12:07:13.597+0000] {processor.py:186} INFO - Started process (PID=603) to work on /home/airflow/.local/lib/python3.12/site-packages/airflow/example_dags/example_trigger_target_dag.py
[2024-11-08T12:07:13.654+0000] {processor.py:914} INFO - Processing file /home/airflow/.local/lib/python3.12/site-packages/airflow/example_dags/example_trigger_target_dag.py for tasks to queue
[2024-11-08T12:07:13.693+0000] {logging_mixin.py:190} INFO - [2024-11-08T12:07:13.693+0000] {dagbag.py:588} INFO - Filling up the DagBag from /home/airflow/.local/lib/python3.12/site-packages/airflow/example_dags/example_trigger_target_dag.py
[2024-11-08T12:07:13.790+0000] {processor.py:925} INFO - DAG(s) 'example_trigger_target_dag' retrieved from /home/airflow/.local/lib/python3.12/site-packages/airflow/example_dags/example_trigger_target_dag.py
[2024-11-08T12:07:14.084+0000] {logging_mixin.py:190} INFO - [2024-11-08T12:07:14.053+0000] {dag.py:3239} INFO - Sync 1 DAGs
[2024-11-08T12:07:14.268+0000] {logging_mixin.py:190} INFO - [2024-11-08T12:07:14.268+0000] {dag.py:4180} INFO - Setting next_dagrun for example_trigger_target_dag to None, run_after=None
[2024-11-08T12:07:14.432+0000] {processor.py:208} INFO - Processing /home/airflow/.local/lib/python3.12/site-packages/airflow/example_dags/example_trigger_target_dag.py took 0.919 seconds
[2024-11-08T12:07:50.923+0000] {processor.py:186} INFO - Started process (PID=662) to work on /home/airflow/.local/lib/python3.12/site-packages/airflow/example_dags/example_trigger_target_dag.py
[2024-11-08T12:07:50.939+0000] {processor.py:914} INFO - Processing file /home/airflow/.local/lib/python3.12/site-packages/airflow/example_dags/example_trigger_target_dag.py for tasks to queue
[2024-11-08T12:07:50.959+0000] {logging_mixin.py:190} INFO - [2024-11-08T12:07:50.958+0000] {dagbag.py:588} INFO - Filling up the DagBag from /home/airflow/.local/lib/python3.12/site-packages/airflow/example_dags/example_trigger_target_dag.py
[2024-11-08T12:07:51.040+0000] {processor.py:925} INFO - DAG(s) 'example_trigger_target_dag' retrieved from /home/airflow/.local/lib/python3.12/site-packages/airflow/example_dags/example_trigger_target_dag.py
[2024-11-08T12:07:51.140+0000] {logging_mixin.py:190} INFO - [2024-11-08T12:07:51.140+0000] {dag.py:3239} INFO - Sync 1 DAGs
[2024-11-08T12:07:51.253+0000] {logging_mixin.py:190} INFO - [2024-11-08T12:07:51.252+0000] {dag.py:4180} INFO - Setting next_dagrun for example_trigger_target_dag to None, run_after=None
[2024-11-08T12:07:51.364+0000] {processor.py:208} INFO - Processing /home/airflow/.local/lib/python3.12/site-packages/airflow/example_dags/example_trigger_target_dag.py took 0.500 seconds
