[2024-11-08T11:51:02.747+0000] {processor.py:186} INFO - Started process (PID=172) to work on /home/airflow/.local/lib/python3.12/site-packages/airflow/example_dags/example_nested_branch_dag.py
[2024-11-08T11:51:02.778+0000] {processor.py:914} INFO - Processing file /home/airflow/.local/lib/python3.12/site-packages/airflow/example_dags/example_nested_branch_dag.py for tasks to queue
[2024-11-08T11:51:02.789+0000] {logging_mixin.py:190} INFO - [2024-11-08T11:51:02.788+0000] {dagbag.py:588} INFO - Filling up the DagBag from /home/airflow/.local/lib/python3.12/site-packages/airflow/example_dags/example_nested_branch_dag.py
[2024-11-08T11:51:02.871+0000] {processor.py:925} INFO - DAG(s) 'example_nested_branch_dag' retrieved from /home/airflow/.local/lib/python3.12/site-packages/airflow/example_dags/example_nested_branch_dag.py
[2024-11-08T11:51:03.597+0000] {logging_mixin.py:190} INFO - [2024-11-08T11:51:03.585+0000] {override.py:1911} INFO - Created Permission View: can read on DAG:example_nested_branch_dag
[2024-11-08T11:51:03.645+0000] {logging_mixin.py:190} INFO - [2024-11-08T11:51:03.644+0000] {override.py:1911} INFO - Created Permission View: can edit on DAG:example_nested_branch_dag
[2024-11-08T11:51:03.688+0000] {logging_mixin.py:190} INFO - [2024-11-08T11:51:03.687+0000] {override.py:1911} INFO - Created Permission View: can delete on DAG:example_nested_branch_dag
[2024-11-08T11:51:03.819+0000] {logging_mixin.py:190} INFO - [2024-11-08T11:51:03.819+0000] {override.py:1911} INFO - Created Permission View: can read on DAG Run:example_nested_branch_dag
[2024-11-08T11:51:03.983+0000] {logging_mixin.py:190} INFO - [2024-11-08T11:51:03.982+0000] {override.py:1911} INFO - Created Permission View: menu access on DAG Run:example_nested_branch_dag
[2024-11-08T11:51:04.159+0000] {logging_mixin.py:190} INFO - [2024-11-08T11:51:04.158+0000] {override.py:1911} INFO - Created Permission View: can create on DAG Run:example_nested_branch_dag
[2024-11-08T11:51:04.315+0000] {logging_mixin.py:190} INFO - [2024-11-08T11:51:04.314+0000] {override.py:1911} INFO - Created Permission View: can delete on DAG Run:example_nested_branch_dag
[2024-11-08T11:51:04.328+0000] {logging_mixin.py:190} INFO - [2024-11-08T11:51:04.328+0000] {dag.py:3239} INFO - Sync 1 DAGs
[2024-11-08T11:51:04.451+0000] {logging_mixin.py:190} INFO - [2024-11-08T11:51:04.445+0000] {dag.py:3262} INFO - Creating ORM DAG for example_nested_branch_dag
[2024-11-08T11:51:04.546+0000] {logging_mixin.py:190} INFO - [2024-11-08T11:51:04.546+0000] {dag.py:4180} INFO - Setting next_dagrun for example_nested_branch_dag to 2024-11-07 00:00:00+00:00, run_after=2024-11-08 00:00:00+00:00
[2024-11-08T11:51:04.708+0000] {processor.py:208} INFO - Processing /home/airflow/.local/lib/python3.12/site-packages/airflow/example_dags/example_nested_branch_dag.py took 1.991 seconds
[2024-11-08T11:51:51.614+0000] {processor.py:186} INFO - Started process (PID=256) to work on /home/airflow/.local/lib/python3.12/site-packages/airflow/example_dags/example_nested_branch_dag.py
[2024-11-08T11:51:51.628+0000] {processor.py:914} INFO - Processing file /home/airflow/.local/lib/python3.12/site-packages/airflow/example_dags/example_nested_branch_dag.py for tasks to queue
[2024-11-08T11:51:51.635+0000] {logging_mixin.py:190} INFO - [2024-11-08T11:51:51.634+0000] {dagbag.py:588} INFO - Filling up the DagBag from /home/airflow/.local/lib/python3.12/site-packages/airflow/example_dags/example_nested_branch_dag.py
[2024-11-08T11:51:51.736+0000] {processor.py:925} INFO - DAG(s) 'example_nested_branch_dag' retrieved from /home/airflow/.local/lib/python3.12/site-packages/airflow/example_dags/example_nested_branch_dag.py
[2024-11-08T11:51:51.888+0000] {logging_mixin.py:190} INFO - [2024-11-08T11:51:51.877+0000] {dag.py:3239} INFO - Sync 1 DAGs
[2024-11-08T11:51:52.047+0000] {logging_mixin.py:190} INFO - [2024-11-08T11:51:52.046+0000] {dag.py:4180} INFO - Setting next_dagrun for example_nested_branch_dag to 2024-11-07 00:00:00+00:00, run_after=2024-11-08 00:00:00+00:00
[2024-11-08T11:51:52.169+0000] {processor.py:208} INFO - Processing /home/airflow/.local/lib/python3.12/site-packages/airflow/example_dags/example_nested_branch_dag.py took 0.599 seconds
[2024-11-08T11:52:32.600+0000] {processor.py:186} INFO - Started process (PID=329) to work on /home/airflow/.local/lib/python3.12/site-packages/airflow/example_dags/example_nested_branch_dag.py
[2024-11-08T11:52:32.604+0000] {processor.py:914} INFO - Processing file /home/airflow/.local/lib/python3.12/site-packages/airflow/example_dags/example_nested_branch_dag.py for tasks to queue
[2024-11-08T11:52:32.619+0000] {logging_mixin.py:190} INFO - [2024-11-08T11:52:32.617+0000] {dagbag.py:588} INFO - Filling up the DagBag from /home/airflow/.local/lib/python3.12/site-packages/airflow/example_dags/example_nested_branch_dag.py
[2024-11-08T11:52:32.681+0000] {processor.py:925} INFO - DAG(s) 'example_nested_branch_dag' retrieved from /home/airflow/.local/lib/python3.12/site-packages/airflow/example_dags/example_nested_branch_dag.py
[2024-11-08T11:52:32.798+0000] {logging_mixin.py:190} INFO - [2024-11-08T11:52:32.797+0000] {dag.py:3239} INFO - Sync 1 DAGs
[2024-11-08T11:52:32.935+0000] {logging_mixin.py:190} INFO - [2024-11-08T11:52:32.924+0000] {dag.py:4180} INFO - Setting next_dagrun for example_nested_branch_dag to 2024-11-07 00:00:00+00:00, run_after=2024-11-08 00:00:00+00:00
[2024-11-08T11:52:33.083+0000] {processor.py:208} INFO - Processing /home/airflow/.local/lib/python3.12/site-packages/airflow/example_dags/example_nested_branch_dag.py took 0.514 seconds
[2024-11-08T11:53:07.802+0000] {processor.py:186} INFO - Started process (PID=393) to work on /home/airflow/.local/lib/python3.12/site-packages/airflow/example_dags/example_nested_branch_dag.py
[2024-11-08T11:53:07.809+0000] {processor.py:914} INFO - Processing file /home/airflow/.local/lib/python3.12/site-packages/airflow/example_dags/example_nested_branch_dag.py for tasks to queue
[2024-11-08T11:53:07.822+0000] {logging_mixin.py:190} INFO - [2024-11-08T11:53:07.821+0000] {dagbag.py:588} INFO - Filling up the DagBag from /home/airflow/.local/lib/python3.12/site-packages/airflow/example_dags/example_nested_branch_dag.py
[2024-11-08T11:53:07.914+0000] {processor.py:925} INFO - DAG(s) 'example_nested_branch_dag' retrieved from /home/airflow/.local/lib/python3.12/site-packages/airflow/example_dags/example_nested_branch_dag.py
[2024-11-08T11:53:08.023+0000] {logging_mixin.py:190} INFO - [2024-11-08T11:53:08.021+0000] {dag.py:3239} INFO - Sync 1 DAGs
[2024-11-08T11:53:08.153+0000] {logging_mixin.py:190} INFO - [2024-11-08T11:53:08.153+0000] {dag.py:4180} INFO - Setting next_dagrun for example_nested_branch_dag to 2024-11-07 00:00:00+00:00, run_after=2024-11-08 00:00:00+00:00
[2024-11-08T11:53:08.255+0000] {processor.py:208} INFO - Processing /home/airflow/.local/lib/python3.12/site-packages/airflow/example_dags/example_nested_branch_dag.py took 0.481 seconds
[2024-11-08T11:53:45.137+0000] {processor.py:186} INFO - Started process (PID=459) to work on /home/airflow/.local/lib/python3.12/site-packages/airflow/example_dags/example_nested_branch_dag.py
[2024-11-08T11:53:45.151+0000] {processor.py:914} INFO - Processing file /home/airflow/.local/lib/python3.12/site-packages/airflow/example_dags/example_nested_branch_dag.py for tasks to queue
[2024-11-08T11:53:45.168+0000] {logging_mixin.py:190} INFO - [2024-11-08T11:53:45.167+0000] {dagbag.py:588} INFO - Filling up the DagBag from /home/airflow/.local/lib/python3.12/site-packages/airflow/example_dags/example_nested_branch_dag.py
[2024-11-08T11:53:45.295+0000] {processor.py:925} INFO - DAG(s) 'example_nested_branch_dag' retrieved from /home/airflow/.local/lib/python3.12/site-packages/airflow/example_dags/example_nested_branch_dag.py
[2024-11-08T11:53:45.442+0000] {logging_mixin.py:190} INFO - [2024-11-08T11:53:45.441+0000] {dag.py:3239} INFO - Sync 1 DAGs
[2024-11-08T11:53:45.669+0000] {logging_mixin.py:190} INFO - [2024-11-08T11:53:45.668+0000] {dag.py:4180} INFO - Setting next_dagrun for example_nested_branch_dag to 2024-11-07 00:00:00+00:00, run_after=2024-11-08 00:00:00+00:00
[2024-11-08T11:53:45.775+0000] {processor.py:208} INFO - Processing /home/airflow/.local/lib/python3.12/site-packages/airflow/example_dags/example_nested_branch_dag.py took 0.680 seconds
[2024-11-08T11:54:24.933+0000] {processor.py:186} INFO - Started process (PID=529) to work on /home/airflow/.local/lib/python3.12/site-packages/airflow/example_dags/example_nested_branch_dag.py
[2024-11-08T11:54:24.939+0000] {processor.py:914} INFO - Processing file /home/airflow/.local/lib/python3.12/site-packages/airflow/example_dags/example_nested_branch_dag.py for tasks to queue
[2024-11-08T11:54:24.954+0000] {logging_mixin.py:190} INFO - [2024-11-08T11:54:24.953+0000] {dagbag.py:588} INFO - Filling up the DagBag from /home/airflow/.local/lib/python3.12/site-packages/airflow/example_dags/example_nested_branch_dag.py
[2024-11-08T11:54:25.046+0000] {processor.py:925} INFO - DAG(s) 'example_nested_branch_dag' retrieved from /home/airflow/.local/lib/python3.12/site-packages/airflow/example_dags/example_nested_branch_dag.py
[2024-11-08T11:54:25.158+0000] {logging_mixin.py:190} INFO - [2024-11-08T11:54:25.157+0000] {dag.py:3239} INFO - Sync 1 DAGs
[2024-11-08T11:54:25.315+0000] {logging_mixin.py:190} INFO - [2024-11-08T11:54:25.314+0000] {dag.py:4180} INFO - Setting next_dagrun for example_nested_branch_dag to 2024-11-07 00:00:00+00:00, run_after=2024-11-08 00:00:00+00:00
[2024-11-08T11:54:25.411+0000] {processor.py:208} INFO - Processing /home/airflow/.local/lib/python3.12/site-packages/airflow/example_dags/example_nested_branch_dag.py took 0.514 seconds
[2024-11-08T11:54:56.025+0000] {processor.py:186} INFO - Started process (PID=592) to work on /home/airflow/.local/lib/python3.12/site-packages/airflow/example_dags/example_nested_branch_dag.py
[2024-11-08T11:54:56.031+0000] {processor.py:914} INFO - Processing file /home/airflow/.local/lib/python3.12/site-packages/airflow/example_dags/example_nested_branch_dag.py for tasks to queue
[2024-11-08T11:54:56.049+0000] {logging_mixin.py:190} INFO - [2024-11-08T11:54:56.048+0000] {dagbag.py:588} INFO - Filling up the DagBag from /home/airflow/.local/lib/python3.12/site-packages/airflow/example_dags/example_nested_branch_dag.py
[2024-11-08T11:54:56.138+0000] {processor.py:925} INFO - DAG(s) 'example_nested_branch_dag' retrieved from /home/airflow/.local/lib/python3.12/site-packages/airflow/example_dags/example_nested_branch_dag.py
[2024-11-08T11:54:56.215+0000] {logging_mixin.py:190} INFO - [2024-11-08T11:54:56.214+0000] {dag.py:3239} INFO - Sync 1 DAGs
[2024-11-08T11:54:56.385+0000] {logging_mixin.py:190} INFO - [2024-11-08T11:54:56.384+0000] {dag.py:4180} INFO - Setting next_dagrun for example_nested_branch_dag to 2024-11-07 00:00:00+00:00, run_after=2024-11-08 00:00:00+00:00
[2024-11-08T11:54:56.532+0000] {processor.py:208} INFO - Processing /home/airflow/.local/lib/python3.12/site-packages/airflow/example_dags/example_nested_branch_dag.py took 0.542 seconds
[2024-11-08T12:02:02.048+0000] {processor.py:186} INFO - Started process (PID=146) to work on /home/airflow/.local/lib/python3.12/site-packages/airflow/example_dags/example_nested_branch_dag.py
[2024-11-08T12:02:02.058+0000] {processor.py:914} INFO - Processing file /home/airflow/.local/lib/python3.12/site-packages/airflow/example_dags/example_nested_branch_dag.py for tasks to queue
[2024-11-08T12:02:02.071+0000] {logging_mixin.py:190} INFO - [2024-11-08T12:02:02.071+0000] {dagbag.py:588} INFO - Filling up the DagBag from /home/airflow/.local/lib/python3.12/site-packages/airflow/example_dags/example_nested_branch_dag.py
[2024-11-08T12:02:02.159+0000] {processor.py:925} INFO - DAG(s) 'example_nested_branch_dag' retrieved from /home/airflow/.local/lib/python3.12/site-packages/airflow/example_dags/example_nested_branch_dag.py
[2024-11-08T12:02:02.315+0000] {logging_mixin.py:190} INFO - [2024-11-08T12:02:02.315+0000] {dag.py:3239} INFO - Sync 1 DAGs
[2024-11-08T12:02:02.578+0000] {logging_mixin.py:190} INFO - [2024-11-08T12:02:02.577+0000] {dag.py:4180} INFO - Setting next_dagrun for example_nested_branch_dag to 2024-11-07 00:00:00+00:00, run_after=2024-11-08 00:00:00+00:00
[2024-11-08T12:02:02.684+0000] {processor.py:208} INFO - Processing /home/airflow/.local/lib/python3.12/site-packages/airflow/example_dags/example_nested_branch_dag.py took 0.674 seconds
[2024-11-08T12:02:51.478+0000] {processor.py:186} INFO - Started process (PID=227) to work on /home/airflow/.local/lib/python3.12/site-packages/airflow/example_dags/example_nested_branch_dag.py
[2024-11-08T12:02:51.485+0000] {processor.py:914} INFO - Processing file /home/airflow/.local/lib/python3.12/site-packages/airflow/example_dags/example_nested_branch_dag.py for tasks to queue
[2024-11-08T12:02:51.498+0000] {logging_mixin.py:190} INFO - [2024-11-08T12:02:51.497+0000] {dagbag.py:588} INFO - Filling up the DagBag from /home/airflow/.local/lib/python3.12/site-packages/airflow/example_dags/example_nested_branch_dag.py
[2024-11-08T12:02:51.609+0000] {processor.py:925} INFO - DAG(s) 'example_nested_branch_dag' retrieved from /home/airflow/.local/lib/python3.12/site-packages/airflow/example_dags/example_nested_branch_dag.py
[2024-11-08T12:02:51.701+0000] {logging_mixin.py:190} INFO - [2024-11-08T12:02:51.694+0000] {dag.py:3239} INFO - Sync 1 DAGs
[2024-11-08T12:02:51.887+0000] {logging_mixin.py:190} INFO - [2024-11-08T12:02:51.887+0000] {dag.py:4180} INFO - Setting next_dagrun for example_nested_branch_dag to 2024-11-07 00:00:00+00:00, run_after=2024-11-08 00:00:00+00:00
[2024-11-08T12:02:52.043+0000] {processor.py:208} INFO - Processing /home/airflow/.local/lib/python3.12/site-packages/airflow/example_dags/example_nested_branch_dag.py took 0.593 seconds
[2024-11-08T12:03:50.783+0000] {processor.py:186} INFO - Started process (PID=312) to work on /home/airflow/.local/lib/python3.12/site-packages/airflow/example_dags/example_nested_branch_dag.py
[2024-11-08T12:03:50.797+0000] {processor.py:914} INFO - Processing file /home/airflow/.local/lib/python3.12/site-packages/airflow/example_dags/example_nested_branch_dag.py for tasks to queue
[2024-11-08T12:03:50.816+0000] {logging_mixin.py:190} INFO - [2024-11-08T12:03:50.815+0000] {dagbag.py:588} INFO - Filling up the DagBag from /home/airflow/.local/lib/python3.12/site-packages/airflow/example_dags/example_nested_branch_dag.py
[2024-11-08T12:03:50.929+0000] {processor.py:925} INFO - DAG(s) 'example_nested_branch_dag' retrieved from /home/airflow/.local/lib/python3.12/site-packages/airflow/example_dags/example_nested_branch_dag.py
[2024-11-08T12:03:51.107+0000] {logging_mixin.py:190} INFO - [2024-11-08T12:03:51.106+0000] {dag.py:3239} INFO - Sync 1 DAGs
[2024-11-08T12:03:51.317+0000] {logging_mixin.py:190} INFO - [2024-11-08T12:03:51.316+0000] {dag.py:4180} INFO - Setting next_dagrun for example_nested_branch_dag to 2024-11-07 00:00:00+00:00, run_after=2024-11-08 00:00:00+00:00
[2024-11-08T12:03:51.455+0000] {processor.py:208} INFO - Processing /home/airflow/.local/lib/python3.12/site-packages/airflow/example_dags/example_nested_branch_dag.py took 0.717 seconds
[2024-11-08T12:04:29.118+0000] {processor.py:186} INFO - Started process (PID=383) to work on /home/airflow/.local/lib/python3.12/site-packages/airflow/example_dags/example_nested_branch_dag.py
[2024-11-08T12:04:29.132+0000] {processor.py:914} INFO - Processing file /home/airflow/.local/lib/python3.12/site-packages/airflow/example_dags/example_nested_branch_dag.py for tasks to queue
[2024-11-08T12:04:29.141+0000] {logging_mixin.py:190} INFO - [2024-11-08T12:04:29.140+0000] {dagbag.py:588} INFO - Filling up the DagBag from /home/airflow/.local/lib/python3.12/site-packages/airflow/example_dags/example_nested_branch_dag.py
[2024-11-08T12:04:29.229+0000] {processor.py:925} INFO - DAG(s) 'example_nested_branch_dag' retrieved from /home/airflow/.local/lib/python3.12/site-packages/airflow/example_dags/example_nested_branch_dag.py
[2024-11-08T12:04:29.386+0000] {logging_mixin.py:190} INFO - [2024-11-08T12:04:29.385+0000] {dag.py:3239} INFO - Sync 1 DAGs
[2024-11-08T12:04:29.541+0000] {logging_mixin.py:190} INFO - [2024-11-08T12:04:29.540+0000] {dag.py:4180} INFO - Setting next_dagrun for example_nested_branch_dag to 2024-11-07 00:00:00+00:00, run_after=2024-11-08 00:00:00+00:00
[2024-11-08T12:04:29.636+0000] {processor.py:208} INFO - Processing /home/airflow/.local/lib/python3.12/site-packages/airflow/example_dags/example_nested_branch_dag.py took 0.554 seconds
[2024-11-08T12:05:09.435+0000] {processor.py:186} INFO - Started process (PID=449) to work on /home/airflow/.local/lib/python3.12/site-packages/airflow/example_dags/example_nested_branch_dag.py
[2024-11-08T12:05:09.447+0000] {processor.py:914} INFO - Processing file /home/airflow/.local/lib/python3.12/site-packages/airflow/example_dags/example_nested_branch_dag.py for tasks to queue
[2024-11-08T12:05:09.456+0000] {logging_mixin.py:190} INFO - [2024-11-08T12:05:09.455+0000] {dagbag.py:588} INFO - Filling up the DagBag from /home/airflow/.local/lib/python3.12/site-packages/airflow/example_dags/example_nested_branch_dag.py
[2024-11-08T12:05:09.563+0000] {processor.py:925} INFO - DAG(s) 'example_nested_branch_dag' retrieved from /home/airflow/.local/lib/python3.12/site-packages/airflow/example_dags/example_nested_branch_dag.py
[2024-11-08T12:05:09.707+0000] {logging_mixin.py:190} INFO - [2024-11-08T12:05:09.706+0000] {dag.py:3239} INFO - Sync 1 DAGs
[2024-11-08T12:05:09.871+0000] {logging_mixin.py:190} INFO - [2024-11-08T12:05:09.871+0000] {dag.py:4180} INFO - Setting next_dagrun for example_nested_branch_dag to 2024-11-07 00:00:00+00:00, run_after=2024-11-08 00:00:00+00:00
[2024-11-08T12:05:10.020+0000] {processor.py:208} INFO - Processing /home/airflow/.local/lib/python3.12/site-packages/airflow/example_dags/example_nested_branch_dag.py took 0.624 seconds
[2024-11-08T12:06:34.521+0000] {processor.py:186} INFO - Started process (PID=541) to work on /home/airflow/.local/lib/python3.12/site-packages/airflow/example_dags/example_nested_branch_dag.py
[2024-11-08T12:06:34.530+0000] {processor.py:914} INFO - Processing file /home/airflow/.local/lib/python3.12/site-packages/airflow/example_dags/example_nested_branch_dag.py for tasks to queue
[2024-11-08T12:06:34.551+0000] {logging_mixin.py:190} INFO - [2024-11-08T12:06:34.541+0000] {dagbag.py:588} INFO - Filling up the DagBag from /home/airflow/.local/lib/python3.12/site-packages/airflow/example_dags/example_nested_branch_dag.py
[2024-11-08T12:06:34.650+0000] {processor.py:925} INFO - DAG(s) 'example_nested_branch_dag' retrieved from /home/airflow/.local/lib/python3.12/site-packages/airflow/example_dags/example_nested_branch_dag.py
[2024-11-08T12:06:34.811+0000] {logging_mixin.py:190} INFO - [2024-11-08T12:06:34.802+0000] {dag.py:3239} INFO - Sync 1 DAGs
[2024-11-08T12:06:34.992+0000] {logging_mixin.py:190} INFO - [2024-11-08T12:06:34.991+0000] {dag.py:4180} INFO - Setting next_dagrun for example_nested_branch_dag to 2024-11-07 00:00:00+00:00, run_after=2024-11-08 00:00:00+00:00
[2024-11-08T12:06:35.105+0000] {processor.py:208} INFO - Processing /home/airflow/.local/lib/python3.12/site-packages/airflow/example_dags/example_nested_branch_dag.py took 0.636 seconds
[2024-11-08T12:07:24.890+0000] {processor.py:186} INFO - Started process (PID=619) to work on /home/airflow/.local/lib/python3.12/site-packages/airflow/example_dags/example_nested_branch_dag.py
[2024-11-08T12:07:25.229+0000] {processor.py:914} INFO - Processing file /home/airflow/.local/lib/python3.12/site-packages/airflow/example_dags/example_nested_branch_dag.py for tasks to queue
[2024-11-08T12:07:25.259+0000] {logging_mixin.py:190} INFO - [2024-11-08T12:07:25.257+0000] {dagbag.py:588} INFO - Filling up the DagBag from /home/airflow/.local/lib/python3.12/site-packages/airflow/example_dags/example_nested_branch_dag.py
[2024-11-08T12:07:25.374+0000] {processor.py:925} INFO - DAG(s) 'example_nested_branch_dag' retrieved from /home/airflow/.local/lib/python3.12/site-packages/airflow/example_dags/example_nested_branch_dag.py
[2024-11-08T12:07:25.631+0000] {logging_mixin.py:190} INFO - [2024-11-08T12:07:25.630+0000] {dag.py:3239} INFO - Sync 1 DAGs
[2024-11-08T12:07:25.835+0000] {logging_mixin.py:190} INFO - [2024-11-08T12:07:25.834+0000] {dag.py:4180} INFO - Setting next_dagrun for example_nested_branch_dag to 2024-11-07 00:00:00+00:00, run_after=2024-11-08 00:00:00+00:00
[2024-11-08T12:07:25.967+0000] {processor.py:208} INFO - Processing /home/airflow/.local/lib/python3.12/site-packages/airflow/example_dags/example_nested_branch_dag.py took 1.102 seconds
[2024-11-08T12:08:02.398+0000] {processor.py:186} INFO - Started process (PID=688) to work on /home/airflow/.local/lib/python3.12/site-packages/airflow/example_dags/example_nested_branch_dag.py
[2024-11-08T12:08:02.410+0000] {processor.py:914} INFO - Processing file /home/airflow/.local/lib/python3.12/site-packages/airflow/example_dags/example_nested_branch_dag.py for tasks to queue
[2024-11-08T12:08:02.415+0000] {logging_mixin.py:190} INFO - [2024-11-08T12:08:02.414+0000] {dagbag.py:588} INFO - Filling up the DagBag from /home/airflow/.local/lib/python3.12/site-packages/airflow/example_dags/example_nested_branch_dag.py
[2024-11-08T12:08:02.447+0000] {processor.py:925} INFO - DAG(s) 'example_nested_branch_dag' retrieved from /home/airflow/.local/lib/python3.12/site-packages/airflow/example_dags/example_nested_branch_dag.py
[2024-11-08T12:08:02.511+0000] {logging_mixin.py:190} INFO - [2024-11-08T12:08:02.511+0000] {dag.py:3239} INFO - Sync 1 DAGs
[2024-11-08T12:08:02.594+0000] {logging_mixin.py:190} INFO - [2024-11-08T12:08:02.593+0000] {dag.py:4180} INFO - Setting next_dagrun for example_nested_branch_dag to 2024-11-07 00:00:00+00:00, run_after=2024-11-08 00:00:00+00:00
[2024-11-08T12:08:02.655+0000] {processor.py:208} INFO - Processing /home/airflow/.local/lib/python3.12/site-packages/airflow/example_dags/example_nested_branch_dag.py took 0.279 seconds
