[2024-11-08T11:50:53.984+0000] {processor.py:186} INFO - Started process (PID=164) to work on /home/airflow/.local/lib/python3.12/site-packages/airflow/example_dags/example_external_task_marker_dag.py
[2024-11-08T11:50:54.000+0000] {processor.py:914} INFO - Processing file /home/airflow/.local/lib/python3.12/site-packages/airflow/example_dags/example_external_task_marker_dag.py for tasks to queue
[2024-11-08T11:50:54.009+0000] {logging_mixin.py:190} INFO - [2024-11-08T11:50:54.007+0000] {dagbag.py:588} INFO - Filling up the DagBag from /home/airflow/.local/lib/python3.12/site-packages/airflow/example_dags/example_external_task_marker_dag.py
[2024-11-08T11:50:54.060+0000] {processor.py:925} INFO - DAG(s) 'example_external_task_marker_child', 'example_external_task_marker_parent' retrieved from /home/airflow/.local/lib/python3.12/site-packages/airflow/example_dags/example_external_task_marker_dag.py
[2024-11-08T11:50:55.019+0000] {logging_mixin.py:190} INFO - [2024-11-08T11:50:55.018+0000] {override.py:1911} INFO - Created Permission View: can read on DAG:example_external_task_marker_child
[2024-11-08T11:50:55.109+0000] {logging_mixin.py:190} INFO - [2024-11-08T11:50:55.108+0000] {override.py:1911} INFO - Created Permission View: can edit on DAG:example_external_task_marker_child
[2024-11-08T11:50:55.181+0000] {logging_mixin.py:190} INFO - [2024-11-08T11:50:55.180+0000] {override.py:1911} INFO - Created Permission View: can delete on DAG:example_external_task_marker_child
[2024-11-08T11:50:55.230+0000] {logging_mixin.py:190} INFO - [2024-11-08T11:50:55.229+0000] {override.py:1911} INFO - Created Permission View: can read on DAG Run:example_external_task_marker_child
[2024-11-08T11:50:55.276+0000] {logging_mixin.py:190} INFO - [2024-11-08T11:50:55.275+0000] {override.py:1911} INFO - Created Permission View: menu access on DAG Run:example_external_task_marker_child
[2024-11-08T11:50:55.336+0000] {logging_mixin.py:190} INFO - [2024-11-08T11:50:55.335+0000] {override.py:1911} INFO - Created Permission View: can create on DAG Run:example_external_task_marker_child
[2024-11-08T11:50:55.398+0000] {logging_mixin.py:190} INFO - [2024-11-08T11:50:55.396+0000] {override.py:1911} INFO - Created Permission View: can delete on DAG Run:example_external_task_marker_child
[2024-11-08T11:50:55.503+0000] {logging_mixin.py:190} INFO - [2024-11-08T11:50:55.502+0000] {override.py:1911} INFO - Created Permission View: can read on DAG:example_external_task_marker_parent
[2024-11-08T11:50:55.549+0000] {logging_mixin.py:190} INFO - [2024-11-08T11:50:55.548+0000] {override.py:1911} INFO - Created Permission View: can edit on DAG:example_external_task_marker_parent
[2024-11-08T11:50:55.611+0000] {logging_mixin.py:190} INFO - [2024-11-08T11:50:55.610+0000] {override.py:1911} INFO - Created Permission View: can delete on DAG:example_external_task_marker_parent
[2024-11-08T11:50:55.689+0000] {logging_mixin.py:190} INFO - [2024-11-08T11:50:55.687+0000] {override.py:1911} INFO - Created Permission View: can read on DAG Run:example_external_task_marker_parent
[2024-11-08T11:50:55.769+0000] {logging_mixin.py:190} INFO - [2024-11-08T11:50:55.768+0000] {override.py:1911} INFO - Created Permission View: menu access on DAG Run:example_external_task_marker_parent
[2024-11-08T11:50:55.847+0000] {logging_mixin.py:190} INFO - [2024-11-08T11:50:55.846+0000] {override.py:1911} INFO - Created Permission View: can create on DAG Run:example_external_task_marker_parent
[2024-11-08T11:50:55.897+0000] {logging_mixin.py:190} INFO - [2024-11-08T11:50:55.896+0000] {override.py:1911} INFO - Created Permission View: can delete on DAG Run:example_external_task_marker_parent
[2024-11-08T11:50:55.900+0000] {logging_mixin.py:190} INFO - [2024-11-08T11:50:55.899+0000] {dag.py:3239} INFO - Sync 2 DAGs
[2024-11-08T11:50:56.014+0000] {logging_mixin.py:190} INFO - [2024-11-08T11:50:56.013+0000] {dag.py:3262} INFO - Creating ORM DAG for example_external_task_marker_child
[2024-11-08T11:50:56.017+0000] {logging_mixin.py:190} INFO - [2024-11-08T11:50:56.017+0000] {dag.py:3262} INFO - Creating ORM DAG for example_external_task_marker_parent
[2024-11-08T11:50:56.028+0000] {logging_mixin.py:190} INFO - [2024-11-08T11:50:56.020+0000] {dag.py:4180} INFO - Setting next_dagrun for example_external_task_marker_child to None, run_after=None
[2024-11-08T11:50:56.034+0000] {logging_mixin.py:190} INFO - [2024-11-08T11:50:56.034+0000] {dag.py:4180} INFO - Setting next_dagrun for example_external_task_marker_parent to None, run_after=None
[2024-11-08T11:50:56.161+0000] {processor.py:208} INFO - Processing /home/airflow/.local/lib/python3.12/site-packages/airflow/example_dags/example_external_task_marker_dag.py took 2.227 seconds
[2024-11-08T11:51:43.310+0000] {processor.py:186} INFO - Started process (PID=228) to work on /home/airflow/.local/lib/python3.12/site-packages/airflow/example_dags/example_external_task_marker_dag.py
[2024-11-08T11:51:43.318+0000] {processor.py:914} INFO - Processing file /home/airflow/.local/lib/python3.12/site-packages/airflow/example_dags/example_external_task_marker_dag.py for tasks to queue
[2024-11-08T11:51:43.330+0000] {logging_mixin.py:190} INFO - [2024-11-08T11:51:43.329+0000] {dagbag.py:588} INFO - Filling up the DagBag from /home/airflow/.local/lib/python3.12/site-packages/airflow/example_dags/example_external_task_marker_dag.py
[2024-11-08T11:51:43.391+0000] {processor.py:925} INFO - DAG(s) 'example_external_task_marker_parent', 'example_external_task_marker_child' retrieved from /home/airflow/.local/lib/python3.12/site-packages/airflow/example_dags/example_external_task_marker_dag.py
[2024-11-08T11:51:43.546+0000] {logging_mixin.py:190} INFO - [2024-11-08T11:51:43.546+0000] {dag.py:3239} INFO - Sync 2 DAGs
[2024-11-08T11:51:43.656+0000] {logging_mixin.py:190} INFO - [2024-11-08T11:51:43.656+0000] {dag.py:4180} INFO - Setting next_dagrun for example_external_task_marker_child to None, run_after=None
[2024-11-08T11:51:43.688+0000] {logging_mixin.py:190} INFO - [2024-11-08T11:51:43.688+0000] {dag.py:4180} INFO - Setting next_dagrun for example_external_task_marker_parent to None, run_after=None
[2024-11-08T11:51:43.756+0000] {processor.py:208} INFO - Processing /home/airflow/.local/lib/python3.12/site-packages/airflow/example_dags/example_external_task_marker_dag.py took 0.473 seconds
[2024-11-08T11:52:19.649+0000] {processor.py:186} INFO - Started process (PID=299) to work on /home/airflow/.local/lib/python3.12/site-packages/airflow/example_dags/example_external_task_marker_dag.py
[2024-11-08T11:52:19.676+0000] {processor.py:914} INFO - Processing file /home/airflow/.local/lib/python3.12/site-packages/airflow/example_dags/example_external_task_marker_dag.py for tasks to queue
[2024-11-08T11:52:19.696+0000] {logging_mixin.py:190} INFO - [2024-11-08T11:52:19.695+0000] {dagbag.py:588} INFO - Filling up the DagBag from /home/airflow/.local/lib/python3.12/site-packages/airflow/example_dags/example_external_task_marker_dag.py
[2024-11-08T11:52:19.781+0000] {processor.py:925} INFO - DAG(s) 'example_external_task_marker_parent', 'example_external_task_marker_child' retrieved from /home/airflow/.local/lib/python3.12/site-packages/airflow/example_dags/example_external_task_marker_dag.py
[2024-11-08T11:52:19.948+0000] {logging_mixin.py:190} INFO - [2024-11-08T11:52:19.947+0000] {dag.py:3239} INFO - Sync 2 DAGs
[2024-11-08T11:52:20.052+0000] {logging_mixin.py:190} INFO - [2024-11-08T11:52:20.052+0000] {dag.py:4180} INFO - Setting next_dagrun for example_external_task_marker_child to None, run_after=None
[2024-11-08T11:52:20.085+0000] {logging_mixin.py:190} INFO - [2024-11-08T11:52:20.085+0000] {dag.py:4180} INFO - Setting next_dagrun for example_external_task_marker_parent to None, run_after=None
[2024-11-08T11:52:20.202+0000] {processor.py:208} INFO - Processing /home/airflow/.local/lib/python3.12/site-packages/airflow/example_dags/example_external_task_marker_dag.py took 0.610 seconds
[2024-11-08T11:52:57.532+0000] {processor.py:186} INFO - Started process (PID=365) to work on /home/airflow/.local/lib/python3.12/site-packages/airflow/example_dags/example_external_task_marker_dag.py
[2024-11-08T11:52:57.544+0000] {processor.py:914} INFO - Processing file /home/airflow/.local/lib/python3.12/site-packages/airflow/example_dags/example_external_task_marker_dag.py for tasks to queue
[2024-11-08T11:52:57.561+0000] {logging_mixin.py:190} INFO - [2024-11-08T11:52:57.560+0000] {dagbag.py:588} INFO - Filling up the DagBag from /home/airflow/.local/lib/python3.12/site-packages/airflow/example_dags/example_external_task_marker_dag.py
[2024-11-08T11:52:57.611+0000] {processor.py:925} INFO - DAG(s) 'example_external_task_marker_parent', 'example_external_task_marker_child' retrieved from /home/airflow/.local/lib/python3.12/site-packages/airflow/example_dags/example_external_task_marker_dag.py
[2024-11-08T11:52:57.733+0000] {logging_mixin.py:190} INFO - [2024-11-08T11:52:57.732+0000] {dag.py:3239} INFO - Sync 2 DAGs
[2024-11-08T11:52:57.834+0000] {logging_mixin.py:190} INFO - [2024-11-08T11:52:57.833+0000] {dag.py:4180} INFO - Setting next_dagrun for example_external_task_marker_child to None, run_after=None
[2024-11-08T11:52:57.868+0000] {logging_mixin.py:190} INFO - [2024-11-08T11:52:57.867+0000] {dag.py:4180} INFO - Setting next_dagrun for example_external_task_marker_parent to None, run_after=None
[2024-11-08T11:52:57.973+0000] {processor.py:208} INFO - Processing /home/airflow/.local/lib/python3.12/site-packages/airflow/example_dags/example_external_task_marker_dag.py took 0.465 seconds
[2024-11-08T11:53:35.519+0000] {processor.py:186} INFO - Started process (PID=435) to work on /home/airflow/.local/lib/python3.12/site-packages/airflow/example_dags/example_external_task_marker_dag.py
[2024-11-08T11:53:35.528+0000] {processor.py:914} INFO - Processing file /home/airflow/.local/lib/python3.12/site-packages/airflow/example_dags/example_external_task_marker_dag.py for tasks to queue
[2024-11-08T11:53:35.537+0000] {logging_mixin.py:190} INFO - [2024-11-08T11:53:35.536+0000] {dagbag.py:588} INFO - Filling up the DagBag from /home/airflow/.local/lib/python3.12/site-packages/airflow/example_dags/example_external_task_marker_dag.py
[2024-11-08T11:53:35.576+0000] {processor.py:925} INFO - DAG(s) 'example_external_task_marker_child', 'example_external_task_marker_parent' retrieved from /home/airflow/.local/lib/python3.12/site-packages/airflow/example_dags/example_external_task_marker_dag.py
[2024-11-08T11:53:35.688+0000] {logging_mixin.py:190} INFO - [2024-11-08T11:53:35.687+0000] {dag.py:3239} INFO - Sync 2 DAGs
[2024-11-08T11:53:35.802+0000] {logging_mixin.py:190} INFO - [2024-11-08T11:53:35.801+0000] {dag.py:4180} INFO - Setting next_dagrun for example_external_task_marker_child to None, run_after=None
[2024-11-08T11:53:35.832+0000] {logging_mixin.py:190} INFO - [2024-11-08T11:53:35.831+0000] {dag.py:4180} INFO - Setting next_dagrun for example_external_task_marker_parent to None, run_after=None
[2024-11-08T11:53:35.941+0000] {processor.py:208} INFO - Processing /home/airflow/.local/lib/python3.12/site-packages/airflow/example_dags/example_external_task_marker_dag.py took 0.444 seconds
[2024-11-08T11:54:18.711+0000] {processor.py:186} INFO - Started process (PID=516) to work on /home/airflow/.local/lib/python3.12/site-packages/airflow/example_dags/example_external_task_marker_dag.py
[2024-11-08T11:54:18.724+0000] {processor.py:914} INFO - Processing file /home/airflow/.local/lib/python3.12/site-packages/airflow/example_dags/example_external_task_marker_dag.py for tasks to queue
[2024-11-08T11:54:18.743+0000] {logging_mixin.py:190} INFO - [2024-11-08T11:54:18.742+0000] {dagbag.py:588} INFO - Filling up the DagBag from /home/airflow/.local/lib/python3.12/site-packages/airflow/example_dags/example_external_task_marker_dag.py
[2024-11-08T11:54:18.808+0000] {processor.py:925} INFO - DAG(s) 'example_external_task_marker_child', 'example_external_task_marker_parent' retrieved from /home/airflow/.local/lib/python3.12/site-packages/airflow/example_dags/example_external_task_marker_dag.py
[2024-11-08T11:54:18.986+0000] {logging_mixin.py:190} INFO - [2024-11-08T11:54:18.985+0000] {dag.py:3239} INFO - Sync 2 DAGs
[2024-11-08T11:54:19.114+0000] {logging_mixin.py:190} INFO - [2024-11-08T11:54:19.113+0000] {dag.py:4180} INFO - Setting next_dagrun for example_external_task_marker_child to None, run_after=None
[2024-11-08T11:54:19.169+0000] {logging_mixin.py:190} INFO - [2024-11-08T11:54:19.169+0000] {dag.py:4180} INFO - Setting next_dagrun for example_external_task_marker_parent to None, run_after=None
[2024-11-08T11:54:19.295+0000] {processor.py:208} INFO - Processing /home/airflow/.local/lib/python3.12/site-packages/airflow/example_dags/example_external_task_marker_dag.py took 0.632 seconds
[2024-11-08T11:54:50.772+0000] {processor.py:186} INFO - Started process (PID=579) to work on /home/airflow/.local/lib/python3.12/site-packages/airflow/example_dags/example_external_task_marker_dag.py
[2024-11-08T11:54:50.780+0000] {processor.py:914} INFO - Processing file /home/airflow/.local/lib/python3.12/site-packages/airflow/example_dags/example_external_task_marker_dag.py for tasks to queue
[2024-11-08T11:54:50.801+0000] {logging_mixin.py:190} INFO - [2024-11-08T11:54:50.789+0000] {dagbag.py:588} INFO - Filling up the DagBag from /home/airflow/.local/lib/python3.12/site-packages/airflow/example_dags/example_external_task_marker_dag.py
[2024-11-08T11:54:50.855+0000] {processor.py:925} INFO - DAG(s) 'example_external_task_marker_child', 'example_external_task_marker_parent' retrieved from /home/airflow/.local/lib/python3.12/site-packages/airflow/example_dags/example_external_task_marker_dag.py
[2024-11-08T11:54:50.967+0000] {logging_mixin.py:190} INFO - [2024-11-08T11:54:50.965+0000] {dag.py:3239} INFO - Sync 2 DAGs
[2024-11-08T11:54:51.064+0000] {logging_mixin.py:190} INFO - [2024-11-08T11:54:51.063+0000] {dag.py:4180} INFO - Setting next_dagrun for example_external_task_marker_child to None, run_after=None
[2024-11-08T11:54:51.087+0000] {logging_mixin.py:190} INFO - [2024-11-08T11:54:51.086+0000] {dag.py:4180} INFO - Setting next_dagrun for example_external_task_marker_parent to None, run_after=None
[2024-11-08T11:54:51.208+0000] {processor.py:208} INFO - Processing /home/airflow/.local/lib/python3.12/site-packages/airflow/example_dags/example_external_task_marker_dag.py took 0.487 seconds
[2024-11-08T11:55:26.634+0000] {processor.py:186} INFO - Started process (PID=645) to work on /home/airflow/.local/lib/python3.12/site-packages/airflow/example_dags/example_external_task_marker_dag.py
[2024-11-08T11:55:26.703+0000] {processor.py:914} INFO - Processing file /home/airflow/.local/lib/python3.12/site-packages/airflow/example_dags/example_external_task_marker_dag.py for tasks to queue
[2024-11-08T11:55:26.754+0000] {logging_mixin.py:190} INFO - [2024-11-08T11:55:26.753+0000] {dagbag.py:588} INFO - Filling up the DagBag from /home/airflow/.local/lib/python3.12/site-packages/airflow/example_dags/example_external_task_marker_dag.py
[2024-11-08T11:55:26.966+0000] {processor.py:925} INFO - DAG(s) 'example_external_task_marker_parent', 'example_external_task_marker_child' retrieved from /home/airflow/.local/lib/python3.12/site-packages/airflow/example_dags/example_external_task_marker_dag.py
[2024-11-08T12:01:56.870+0000] {processor.py:186} INFO - Started process (PID=138) to work on /home/airflow/.local/lib/python3.12/site-packages/airflow/example_dags/example_external_task_marker_dag.py
[2024-11-08T12:01:56.897+0000] {processor.py:914} INFO - Processing file /home/airflow/.local/lib/python3.12/site-packages/airflow/example_dags/example_external_task_marker_dag.py for tasks to queue
[2024-11-08T12:01:56.917+0000] {logging_mixin.py:190} INFO - [2024-11-08T12:01:56.916+0000] {dagbag.py:588} INFO - Filling up the DagBag from /home/airflow/.local/lib/python3.12/site-packages/airflow/example_dags/example_external_task_marker_dag.py
[2024-11-08T12:01:57.012+0000] {processor.py:925} INFO - DAG(s) 'example_external_task_marker_parent', 'example_external_task_marker_child' retrieved from /home/airflow/.local/lib/python3.12/site-packages/airflow/example_dags/example_external_task_marker_dag.py
[2024-11-08T12:01:57.261+0000] {logging_mixin.py:190} INFO - [2024-11-08T12:01:57.260+0000] {dag.py:3239} INFO - Sync 2 DAGs
[2024-11-08T12:01:57.448+0000] {logging_mixin.py:190} INFO - [2024-11-08T12:01:57.441+0000] {dag.py:4180} INFO - Setting next_dagrun for example_external_task_marker_child to None, run_after=None
[2024-11-08T12:01:57.471+0000] {logging_mixin.py:190} INFO - [2024-11-08T12:01:57.470+0000] {dag.py:4180} INFO - Setting next_dagrun for example_external_task_marker_parent to None, run_after=None
[2024-11-08T12:01:57.641+0000] {processor.py:208} INFO - Processing /home/airflow/.local/lib/python3.12/site-packages/airflow/example_dags/example_external_task_marker_dag.py took 0.838 seconds
[2024-11-08T12:02:47.372+0000] {processor.py:186} INFO - Started process (PID=219) to work on /home/airflow/.local/lib/python3.12/site-packages/airflow/example_dags/example_external_task_marker_dag.py
[2024-11-08T12:02:47.386+0000] {processor.py:914} INFO - Processing file /home/airflow/.local/lib/python3.12/site-packages/airflow/example_dags/example_external_task_marker_dag.py for tasks to queue
[2024-11-08T12:02:47.403+0000] {logging_mixin.py:190} INFO - [2024-11-08T12:02:47.403+0000] {dagbag.py:588} INFO - Filling up the DagBag from /home/airflow/.local/lib/python3.12/site-packages/airflow/example_dags/example_external_task_marker_dag.py
[2024-11-08T12:02:47.458+0000] {processor.py:925} INFO - DAG(s) 'example_external_task_marker_child', 'example_external_task_marker_parent' retrieved from /home/airflow/.local/lib/python3.12/site-packages/airflow/example_dags/example_external_task_marker_dag.py
[2024-11-08T12:02:47.605+0000] {logging_mixin.py:190} INFO - [2024-11-08T12:02:47.604+0000] {dag.py:3239} INFO - Sync 2 DAGs
[2024-11-08T12:02:47.715+0000] {logging_mixin.py:190} INFO - [2024-11-08T12:02:47.714+0000] {dag.py:4180} INFO - Setting next_dagrun for example_external_task_marker_child to None, run_after=None
[2024-11-08T12:02:47.747+0000] {logging_mixin.py:190} INFO - [2024-11-08T12:02:47.746+0000] {dag.py:4180} INFO - Setting next_dagrun for example_external_task_marker_parent to None, run_after=None
[2024-11-08T12:02:47.859+0000] {processor.py:208} INFO - Processing /home/airflow/.local/lib/python3.12/site-packages/airflow/example_dags/example_external_task_marker_dag.py took 0.521 seconds
[2024-11-08T12:03:47.119+0000] {processor.py:186} INFO - Started process (PID=304) to work on /home/airflow/.local/lib/python3.12/site-packages/airflow/example_dags/example_external_task_marker_dag.py
[2024-11-08T12:03:47.127+0000] {processor.py:914} INFO - Processing file /home/airflow/.local/lib/python3.12/site-packages/airflow/example_dags/example_external_task_marker_dag.py for tasks to queue
[2024-11-08T12:03:47.136+0000] {logging_mixin.py:190} INFO - [2024-11-08T12:03:47.135+0000] {dagbag.py:588} INFO - Filling up the DagBag from /home/airflow/.local/lib/python3.12/site-packages/airflow/example_dags/example_external_task_marker_dag.py
[2024-11-08T12:03:47.209+0000] {processor.py:925} INFO - DAG(s) 'example_external_task_marker_child', 'example_external_task_marker_parent' retrieved from /home/airflow/.local/lib/python3.12/site-packages/airflow/example_dags/example_external_task_marker_dag.py
[2024-11-08T12:03:47.382+0000] {logging_mixin.py:190} INFO - [2024-11-08T12:03:47.381+0000] {dag.py:3239} INFO - Sync 2 DAGs
[2024-11-08T12:03:47.527+0000] {logging_mixin.py:190} INFO - [2024-11-08T12:03:47.526+0000] {dag.py:4180} INFO - Setting next_dagrun for example_external_task_marker_child to None, run_after=None
[2024-11-08T12:03:47.558+0000] {logging_mixin.py:190} INFO - [2024-11-08T12:03:47.558+0000] {dag.py:4180} INFO - Setting next_dagrun for example_external_task_marker_parent to None, run_after=None
[2024-11-08T12:03:47.672+0000] {processor.py:208} INFO - Processing /home/airflow/.local/lib/python3.12/site-packages/airflow/example_dags/example_external_task_marker_dag.py took 0.585 seconds
[2024-11-08T12:04:21.982+0000] {processor.py:186} INFO - Started process (PID=369) to work on /home/airflow/.local/lib/python3.12/site-packages/airflow/example_dags/example_external_task_marker_dag.py
[2024-11-08T12:04:22.012+0000] {processor.py:914} INFO - Processing file /home/airflow/.local/lib/python3.12/site-packages/airflow/example_dags/example_external_task_marker_dag.py for tasks to queue
[2024-11-08T12:04:22.025+0000] {logging_mixin.py:190} INFO - [2024-11-08T12:04:22.023+0000] {dagbag.py:588} INFO - Filling up the DagBag from /home/airflow/.local/lib/python3.12/site-packages/airflow/example_dags/example_external_task_marker_dag.py
[2024-11-08T12:04:22.113+0000] {processor.py:925} INFO - DAG(s) 'example_external_task_marker_parent', 'example_external_task_marker_child' retrieved from /home/airflow/.local/lib/python3.12/site-packages/airflow/example_dags/example_external_task_marker_dag.py
[2024-11-08T12:04:22.241+0000] {logging_mixin.py:190} INFO - [2024-11-08T12:04:22.240+0000] {dag.py:3239} INFO - Sync 2 DAGs
[2024-11-08T12:04:22.329+0000] {logging_mixin.py:190} INFO - [2024-11-08T12:04:22.329+0000] {dag.py:4180} INFO - Setting next_dagrun for example_external_task_marker_child to None, run_after=None
[2024-11-08T12:04:22.349+0000] {logging_mixin.py:190} INFO - [2024-11-08T12:04:22.348+0000] {dag.py:4180} INFO - Setting next_dagrun for example_external_task_marker_parent to None, run_after=None
[2024-11-08T12:04:22.447+0000] {processor.py:208} INFO - Processing /home/airflow/.local/lib/python3.12/site-packages/airflow/example_dags/example_external_task_marker_dag.py took 0.510 seconds
[2024-11-08T12:04:54.484+0000] {processor.py:186} INFO - Started process (PID=433) to work on /home/airflow/.local/lib/python3.12/site-packages/airflow/example_dags/example_external_task_marker_dag.py
[2024-11-08T12:04:54.507+0000] {processor.py:914} INFO - Processing file /home/airflow/.local/lib/python3.12/site-packages/airflow/example_dags/example_external_task_marker_dag.py for tasks to queue
[2024-11-08T12:04:54.525+0000] {logging_mixin.py:190} INFO - [2024-11-08T12:04:54.524+0000] {dagbag.py:588} INFO - Filling up the DagBag from /home/airflow/.local/lib/python3.12/site-packages/airflow/example_dags/example_external_task_marker_dag.py
[2024-11-08T12:04:54.586+0000] {processor.py:925} INFO - DAG(s) 'example_external_task_marker_child', 'example_external_task_marker_parent' retrieved from /home/airflow/.local/lib/python3.12/site-packages/airflow/example_dags/example_external_task_marker_dag.py
[2024-11-08T12:04:54.721+0000] {logging_mixin.py:190} INFO - [2024-11-08T12:04:54.720+0000] {dag.py:3239} INFO - Sync 2 DAGs
[2024-11-08T12:04:54.879+0000] {logging_mixin.py:190} INFO - [2024-11-08T12:04:54.879+0000] {dag.py:4180} INFO - Setting next_dagrun for example_external_task_marker_child to None, run_after=None
[2024-11-08T12:04:54.927+0000] {logging_mixin.py:190} INFO - [2024-11-08T12:04:54.927+0000] {dag.py:4180} INFO - Setting next_dagrun for example_external_task_marker_parent to None, run_after=None
[2024-11-08T12:04:55.156+0000] {processor.py:208} INFO - Processing /home/airflow/.local/lib/python3.12/site-packages/airflow/example_dags/example_external_task_marker_dag.py took 0.709 seconds
[2024-11-08T12:06:05.369+0000] {processor.py:186} INFO - Started process (PID=502) to work on /home/airflow/.local/lib/python3.12/site-packages/airflow/example_dags/example_external_task_marker_dag.py
[2024-11-08T12:06:05.373+0000] {processor.py:914} INFO - Processing file /home/airflow/.local/lib/python3.12/site-packages/airflow/example_dags/example_external_task_marker_dag.py for tasks to queue
[2024-11-08T12:06:05.385+0000] {logging_mixin.py:190} INFO - [2024-11-08T12:06:05.384+0000] {dagbag.py:588} INFO - Filling up the DagBag from /home/airflow/.local/lib/python3.12/site-packages/airflow/example_dags/example_external_task_marker_dag.py
[2024-11-08T12:06:05.421+0000] {processor.py:925} INFO - DAG(s) 'example_external_task_marker_parent', 'example_external_task_marker_child' retrieved from /home/airflow/.local/lib/python3.12/site-packages/airflow/example_dags/example_external_task_marker_dag.py
[2024-11-08T12:06:05.551+0000] {logging_mixin.py:190} INFO - [2024-11-08T12:06:05.550+0000] {dag.py:3239} INFO - Sync 2 DAGs
[2024-11-08T12:06:05.679+0000] {logging_mixin.py:190} INFO - [2024-11-08T12:06:05.679+0000] {dag.py:4180} INFO - Setting next_dagrun for example_external_task_marker_child to None, run_after=None
[2024-11-08T12:06:05.712+0000] {logging_mixin.py:190} INFO - [2024-11-08T12:06:05.711+0000] {dag.py:4180} INFO - Setting next_dagrun for example_external_task_marker_parent to None, run_after=None
[2024-11-08T12:06:05.818+0000] {processor.py:208} INFO - Processing /home/airflow/.local/lib/python3.12/site-packages/airflow/example_dags/example_external_task_marker_dag.py took 0.472 seconds
[2024-11-08T12:06:58.270+0000] {processor.py:186} INFO - Started process (PID=587) to work on /home/airflow/.local/lib/python3.12/site-packages/airflow/example_dags/example_external_task_marker_dag.py
[2024-11-08T12:06:58.274+0000] {processor.py:914} INFO - Processing file /home/airflow/.local/lib/python3.12/site-packages/airflow/example_dags/example_external_task_marker_dag.py for tasks to queue
[2024-11-08T12:06:58.356+0000] {logging_mixin.py:190} INFO - [2024-11-08T12:06:58.356+0000] {dagbag.py:588} INFO - Filling up the DagBag from /home/airflow/.local/lib/python3.12/site-packages/airflow/example_dags/example_external_task_marker_dag.py
[2024-11-08T12:06:58.448+0000] {processor.py:925} INFO - DAG(s) 'example_external_task_marker_child', 'example_external_task_marker_parent' retrieved from /home/airflow/.local/lib/python3.12/site-packages/airflow/example_dags/example_external_task_marker_dag.py
[2024-11-08T12:06:58.598+0000] {logging_mixin.py:190} INFO - [2024-11-08T12:06:58.597+0000] {dag.py:3239} INFO - Sync 2 DAGs
[2024-11-08T12:06:58.763+0000] {logging_mixin.py:190} INFO - [2024-11-08T12:06:58.762+0000] {dag.py:4180} INFO - Setting next_dagrun for example_external_task_marker_child to None, run_after=None
[2024-11-08T12:06:58.830+0000] {logging_mixin.py:190} INFO - [2024-11-08T12:06:58.829+0000] {dag.py:4180} INFO - Setting next_dagrun for example_external_task_marker_parent to None, run_after=None
[2024-11-08T12:06:59.010+0000] {processor.py:208} INFO - Processing /home/airflow/.local/lib/python3.12/site-packages/airflow/example_dags/example_external_task_marker_dag.py took 0.758 seconds
[2024-11-08T12:07:53.438+0000] {processor.py:186} INFO - Started process (PID=668) to work on /home/airflow/.local/lib/python3.12/site-packages/airflow/example_dags/example_external_task_marker_dag.py
[2024-11-08T12:07:53.444+0000] {processor.py:914} INFO - Processing file /home/airflow/.local/lib/python3.12/site-packages/airflow/example_dags/example_external_task_marker_dag.py for tasks to queue
[2024-11-08T12:07:53.464+0000] {logging_mixin.py:190} INFO - [2024-11-08T12:07:53.463+0000] {dagbag.py:588} INFO - Filling up the DagBag from /home/airflow/.local/lib/python3.12/site-packages/airflow/example_dags/example_external_task_marker_dag.py
[2024-11-08T12:07:53.535+0000] {processor.py:925} INFO - DAG(s) 'example_external_task_marker_child', 'example_external_task_marker_parent' retrieved from /home/airflow/.local/lib/python3.12/site-packages/airflow/example_dags/example_external_task_marker_dag.py
[2024-11-08T12:07:53.713+0000] {logging_mixin.py:190} INFO - [2024-11-08T12:07:53.709+0000] {dag.py:3239} INFO - Sync 2 DAGs
[2024-11-08T12:07:53.844+0000] {logging_mixin.py:190} INFO - [2024-11-08T12:07:53.843+0000] {dag.py:4180} INFO - Setting next_dagrun for example_external_task_marker_child to None, run_after=None
[2024-11-08T12:07:53.876+0000] {logging_mixin.py:190} INFO - [2024-11-08T12:07:53.875+0000] {dag.py:4180} INFO - Setting next_dagrun for example_external_task_marker_parent to None, run_after=None
[2024-11-08T12:07:53.956+0000] {processor.py:208} INFO - Processing /home/airflow/.local/lib/python3.12/site-packages/airflow/example_dags/example_external_task_marker_dag.py took 0.566 seconds
