[2024-11-08T11:50:29.182+0000] {processor.py:186} INFO - Started process (PID=143) to work on /home/airflow/.local/lib/python3.12/site-packages/airflow/example_dags/example_dataset_alias_with_no_taskflow.py
[2024-11-08T11:50:29.187+0000] {processor.py:914} INFO - Processing file /home/airflow/.local/lib/python3.12/site-packages/airflow/example_dags/example_dataset_alias_with_no_taskflow.py for tasks to queue
[2024-11-08T11:50:29.201+0000] {logging_mixin.py:190} INFO - [2024-11-08T11:50:29.200+0000] {dagbag.py:588} INFO - Filling up the DagBag from /home/airflow/.local/lib/python3.12/site-packages/airflow/example_dags/example_dataset_alias_with_no_taskflow.py
[2024-11-08T11:50:35.948+0000] {processor.py:925} INFO - DAG(s) 'dataset_s3_bucket_consumer_with_no_taskflow', 'dataset_alias_example_alias_consumer_with_no_taskflow', 'dataset_s3_bucket_producer_with_no_taskflow', 'dataset_alias_example_alias_producer_with_no_taskflow' retrieved from /home/airflow/.local/lib/python3.12/site-packages/airflow/example_dags/example_dataset_alias_with_no_taskflow.py
[2024-11-08T11:50:36.859+0000] {logging_mixin.py:190} INFO - [2024-11-08T11:50:36.857+0000] {override.py:1911} INFO - Created Permission View: can read on DAG:dataset_s3_bucket_consumer_with_no_taskflow
[2024-11-08T11:50:36.918+0000] {logging_mixin.py:190} INFO - [2024-11-08T11:50:36.917+0000] {override.py:1911} INFO - Created Permission View: can edit on DAG:dataset_s3_bucket_consumer_with_no_taskflow
[2024-11-08T11:50:36.960+0000] {logging_mixin.py:190} INFO - [2024-11-08T11:50:36.952+0000] {override.py:1911} INFO - Created Permission View: can delete on DAG:dataset_s3_bucket_consumer_with_no_taskflow
[2024-11-08T11:50:37.003+0000] {logging_mixin.py:190} INFO - [2024-11-08T11:50:37.002+0000] {override.py:1911} INFO - Created Permission View: can read on DAG Run:dataset_s3_bucket_consumer_with_no_taskflow
[2024-11-08T11:50:37.044+0000] {logging_mixin.py:190} INFO - [2024-11-08T11:50:37.043+0000] {override.py:1911} INFO - Created Permission View: menu access on DAG Run:dataset_s3_bucket_consumer_with_no_taskflow
[2024-11-08T11:50:37.081+0000] {logging_mixin.py:190} INFO - [2024-11-08T11:50:37.080+0000] {override.py:1911} INFO - Created Permission View: can create on DAG Run:dataset_s3_bucket_consumer_with_no_taskflow
[2024-11-08T11:50:37.129+0000] {logging_mixin.py:190} INFO - [2024-11-08T11:50:37.128+0000] {override.py:1911} INFO - Created Permission View: can delete on DAG Run:dataset_s3_bucket_consumer_with_no_taskflow
[2024-11-08T11:50:37.224+0000] {logging_mixin.py:190} INFO - [2024-11-08T11:50:37.223+0000] {override.py:1911} INFO - Created Permission View: can read on DAG:dataset_alias_example_alias_consumer_with_no_taskflow
[2024-11-08T11:50:37.263+0000] {logging_mixin.py:190} INFO - [2024-11-08T11:50:37.262+0000] {override.py:1911} INFO - Created Permission View: can edit on DAG:dataset_alias_example_alias_consumer_with_no_taskflow
[2024-11-08T11:50:37.287+0000] {logging_mixin.py:190} INFO - [2024-11-08T11:50:37.286+0000] {override.py:1911} INFO - Created Permission View: can delete on DAG:dataset_alias_example_alias_consumer_with_no_taskflow
[2024-11-08T11:50:37.316+0000] {logging_mixin.py:190} INFO - [2024-11-08T11:50:37.315+0000] {override.py:1911} INFO - Created Permission View: can read on DAG Run:dataset_alias_example_alias_consumer_with_no_taskflow
[2024-11-08T11:50:37.344+0000] {logging_mixin.py:190} INFO - [2024-11-08T11:50:37.342+0000] {override.py:1911} INFO - Created Permission View: menu access on DAG Run:dataset_alias_example_alias_consumer_with_no_taskflow
[2024-11-08T11:50:37.385+0000] {logging_mixin.py:190} INFO - [2024-11-08T11:50:37.383+0000] {override.py:1911} INFO - Created Permission View: can create on DAG Run:dataset_alias_example_alias_consumer_with_no_taskflow
[2024-11-08T11:50:37.428+0000] {logging_mixin.py:190} INFO - [2024-11-08T11:50:37.427+0000] {override.py:1911} INFO - Created Permission View: can delete on DAG Run:dataset_alias_example_alias_consumer_with_no_taskflow
[2024-11-08T11:50:37.506+0000] {logging_mixin.py:190} INFO - [2024-11-08T11:50:37.505+0000] {override.py:1911} INFO - Created Permission View: can read on DAG:dataset_s3_bucket_producer_with_no_taskflow
[2024-11-08T11:50:37.584+0000] {logging_mixin.py:190} INFO - [2024-11-08T11:50:37.570+0000] {override.py:1911} INFO - Created Permission View: can edit on DAG:dataset_s3_bucket_producer_with_no_taskflow
[2024-11-08T11:50:37.636+0000] {logging_mixin.py:190} INFO - [2024-11-08T11:50:37.635+0000] {override.py:1911} INFO - Created Permission View: can delete on DAG:dataset_s3_bucket_producer_with_no_taskflow
[2024-11-08T11:50:37.684+0000] {logging_mixin.py:190} INFO - [2024-11-08T11:50:37.683+0000] {override.py:1911} INFO - Created Permission View: can read on DAG Run:dataset_s3_bucket_producer_with_no_taskflow
[2024-11-08T11:50:37.730+0000] {logging_mixin.py:190} INFO - [2024-11-08T11:50:37.719+0000] {override.py:1911} INFO - Created Permission View: menu access on DAG Run:dataset_s3_bucket_producer_with_no_taskflow
[2024-11-08T11:50:37.762+0000] {logging_mixin.py:190} INFO - [2024-11-08T11:50:37.761+0000] {override.py:1911} INFO - Created Permission View: can create on DAG Run:dataset_s3_bucket_producer_with_no_taskflow
[2024-11-08T11:50:37.804+0000] {logging_mixin.py:190} INFO - [2024-11-08T11:50:37.803+0000] {override.py:1911} INFO - Created Permission View: can delete on DAG Run:dataset_s3_bucket_producer_with_no_taskflow
[2024-11-08T11:50:37.876+0000] {logging_mixin.py:190} INFO - [2024-11-08T11:50:37.875+0000] {override.py:1911} INFO - Created Permission View: can read on DAG:dataset_alias_example_alias_producer_with_no_taskflow
[2024-11-08T11:50:37.919+0000] {logging_mixin.py:190} INFO - [2024-11-08T11:50:37.918+0000] {override.py:1911} INFO - Created Permission View: can edit on DAG:dataset_alias_example_alias_producer_with_no_taskflow
[2024-11-08T11:50:37.966+0000] {logging_mixin.py:190} INFO - [2024-11-08T11:50:37.966+0000] {override.py:1911} INFO - Created Permission View: can delete on DAG:dataset_alias_example_alias_producer_with_no_taskflow
[2024-11-08T11:50:38.002+0000] {logging_mixin.py:190} INFO - [2024-11-08T11:50:38.001+0000] {override.py:1911} INFO - Created Permission View: can read on DAG Run:dataset_alias_example_alias_producer_with_no_taskflow
[2024-11-08T11:50:38.031+0000] {logging_mixin.py:190} INFO - [2024-11-08T11:50:38.026+0000] {override.py:1911} INFO - Created Permission View: menu access on DAG Run:dataset_alias_example_alias_producer_with_no_taskflow
[2024-11-08T11:50:38.067+0000] {logging_mixin.py:190} INFO - [2024-11-08T11:50:38.066+0000] {override.py:1911} INFO - Created Permission View: can create on DAG Run:dataset_alias_example_alias_producer_with_no_taskflow
[2024-11-08T11:50:38.104+0000] {logging_mixin.py:190} INFO - [2024-11-08T11:50:38.103+0000] {override.py:1911} INFO - Created Permission View: can delete on DAG Run:dataset_alias_example_alias_producer_with_no_taskflow
[2024-11-08T11:50:38.113+0000] {logging_mixin.py:190} INFO - [2024-11-08T11:50:38.111+0000] {dag.py:3239} INFO - Sync 4 DAGs
[2024-11-08T11:50:38.252+0000] {logging_mixin.py:190} INFO - [2024-11-08T11:50:38.218+0000] {dag.py:3262} INFO - Creating ORM DAG for dataset_alias_example_alias_consumer_with_no_taskflow
[2024-11-08T11:50:38.275+0000] {logging_mixin.py:190} INFO - [2024-11-08T11:50:38.275+0000] {dag.py:3262} INFO - Creating ORM DAG for dataset_s3_bucket_producer_with_no_taskflow
[2024-11-08T11:50:38.289+0000] {logging_mixin.py:190} INFO - [2024-11-08T11:50:38.288+0000] {dag.py:3262} INFO - Creating ORM DAG for dataset_s3_bucket_consumer_with_no_taskflow
[2024-11-08T11:50:38.304+0000] {logging_mixin.py:190} INFO - [2024-11-08T11:50:38.303+0000] {dag.py:3262} INFO - Creating ORM DAG for dataset_alias_example_alias_producer_with_no_taskflow
[2024-11-08T11:50:38.385+0000] {logging_mixin.py:190} INFO - [2024-11-08T11:50:38.384+0000] {dag.py:4180} INFO - Setting next_dagrun for dataset_alias_example_alias_consumer_with_no_taskflow to None, run_after=None
[2024-11-08T11:50:38.406+0000] {logging_mixin.py:190} INFO - [2024-11-08T11:50:38.405+0000] {dag.py:4180} INFO - Setting next_dagrun for dataset_alias_example_alias_producer_with_no_taskflow to None, run_after=None
[2024-11-08T11:50:38.417+0000] {logging_mixin.py:190} INFO - [2024-11-08T11:50:38.416+0000] {dag.py:4180} INFO - Setting next_dagrun for dataset_s3_bucket_consumer_with_no_taskflow to None, run_after=None
[2024-11-08T11:50:38.429+0000] {logging_mixin.py:190} INFO - [2024-11-08T11:50:38.429+0000] {dag.py:4180} INFO - Setting next_dagrun for dataset_s3_bucket_producer_with_no_taskflow to None, run_after=None
[2024-11-08T11:50:38.852+0000] {processor.py:208} INFO - Processing /home/airflow/.local/lib/python3.12/site-packages/airflow/example_dags/example_dataset_alias_with_no_taskflow.py took 9.716 seconds
[2024-11-08T11:51:32.950+0000] {processor.py:186} INFO - Started process (PID=213) to work on /home/airflow/.local/lib/python3.12/site-packages/airflow/example_dags/example_dataset_alias_with_no_taskflow.py
[2024-11-08T11:51:32.972+0000] {processor.py:914} INFO - Processing file /home/airflow/.local/lib/python3.12/site-packages/airflow/example_dags/example_dataset_alias_with_no_taskflow.py for tasks to queue
[2024-11-08T11:51:32.982+0000] {logging_mixin.py:190} INFO - [2024-11-08T11:51:32.981+0000] {dagbag.py:588} INFO - Filling up the DagBag from /home/airflow/.local/lib/python3.12/site-packages/airflow/example_dags/example_dataset_alias_with_no_taskflow.py
[2024-11-08T11:51:37.412+0000] {processor.py:925} INFO - DAG(s) 'dataset_alias_example_alias_consumer_with_no_taskflow', 'dataset_s3_bucket_producer_with_no_taskflow', 'dataset_alias_example_alias_producer_with_no_taskflow', 'dataset_s3_bucket_consumer_with_no_taskflow' retrieved from /home/airflow/.local/lib/python3.12/site-packages/airflow/example_dags/example_dataset_alias_with_no_taskflow.py
[2024-11-08T11:51:37.542+0000] {logging_mixin.py:190} INFO - [2024-11-08T11:51:37.539+0000] {dag.py:3239} INFO - Sync 4 DAGs
[2024-11-08T11:51:37.768+0000] {logging_mixin.py:190} INFO - [2024-11-08T11:51:37.765+0000] {dag.py:4180} INFO - Setting next_dagrun for dataset_alias_example_alias_consumer_with_no_taskflow to None, run_after=None
[2024-11-08T11:51:37.790+0000] {logging_mixin.py:190} INFO - [2024-11-08T11:51:37.789+0000] {dag.py:4180} INFO - Setting next_dagrun for dataset_alias_example_alias_producer_with_no_taskflow to None, run_after=None
[2024-11-08T11:51:37.805+0000] {logging_mixin.py:190} INFO - [2024-11-08T11:51:37.805+0000] {dag.py:4180} INFO - Setting next_dagrun for dataset_s3_bucket_consumer_with_no_taskflow to None, run_after=None
[2024-11-08T11:51:37.815+0000] {logging_mixin.py:190} INFO - [2024-11-08T11:51:37.814+0000] {dag.py:4180} INFO - Setting next_dagrun for dataset_s3_bucket_producer_with_no_taskflow to None, run_after=None
[2024-11-08T11:51:37.940+0000] {processor.py:208} INFO - Processing /home/airflow/.local/lib/python3.12/site-packages/airflow/example_dags/example_dataset_alias_with_no_taskflow.py took 5.032 seconds
[2024-11-08T11:52:10.421+0000] {processor.py:186} INFO - Started process (PID=277) to work on /home/airflow/.local/lib/python3.12/site-packages/airflow/example_dags/example_dataset_alias_with_no_taskflow.py
[2024-11-08T11:52:10.425+0000] {processor.py:914} INFO - Processing file /home/airflow/.local/lib/python3.12/site-packages/airflow/example_dags/example_dataset_alias_with_no_taskflow.py for tasks to queue
[2024-11-08T11:52:10.438+0000] {logging_mixin.py:190} INFO - [2024-11-08T11:52:10.437+0000] {dagbag.py:588} INFO - Filling up the DagBag from /home/airflow/.local/lib/python3.12/site-packages/airflow/example_dags/example_dataset_alias_with_no_taskflow.py
[2024-11-08T11:52:13.666+0000] {processor.py:925} INFO - DAG(s) 'dataset_alias_example_alias_consumer_with_no_taskflow', 'dataset_alias_example_alias_producer_with_no_taskflow', 'dataset_s3_bucket_producer_with_no_taskflow', 'dataset_s3_bucket_consumer_with_no_taskflow' retrieved from /home/airflow/.local/lib/python3.12/site-packages/airflow/example_dags/example_dataset_alias_with_no_taskflow.py
[2024-11-08T11:52:13.774+0000] {logging_mixin.py:190} INFO - [2024-11-08T11:52:13.771+0000] {dag.py:3239} INFO - Sync 4 DAGs
[2024-11-08T11:52:13.911+0000] {logging_mixin.py:190} INFO - [2024-11-08T11:52:13.911+0000] {dag.py:4180} INFO - Setting next_dagrun for dataset_alias_example_alias_consumer_with_no_taskflow to None, run_after=None
[2024-11-08T11:52:13.925+0000] {logging_mixin.py:190} INFO - [2024-11-08T11:52:13.925+0000] {dag.py:4180} INFO - Setting next_dagrun for dataset_alias_example_alias_producer_with_no_taskflow to None, run_after=None
[2024-11-08T11:52:13.939+0000] {logging_mixin.py:190} INFO - [2024-11-08T11:52:13.938+0000] {dag.py:4180} INFO - Setting next_dagrun for dataset_s3_bucket_consumer_with_no_taskflow to None, run_after=None
[2024-11-08T11:52:13.944+0000] {logging_mixin.py:190} INFO - [2024-11-08T11:52:13.943+0000] {dag.py:4180} INFO - Setting next_dagrun for dataset_s3_bucket_producer_with_no_taskflow to None, run_after=None
[2024-11-08T11:52:14.048+0000] {processor.py:208} INFO - Processing /home/airflow/.local/lib/python3.12/site-packages/airflow/example_dags/example_dataset_alias_with_no_taskflow.py took 3.666 seconds
[2024-11-08T11:52:45.513+0000] {processor.py:186} INFO - Started process (PID=341) to work on /home/airflow/.local/lib/python3.12/site-packages/airflow/example_dags/example_dataset_alias_with_no_taskflow.py
[2024-11-08T11:52:45.521+0000] {processor.py:914} INFO - Processing file /home/airflow/.local/lib/python3.12/site-packages/airflow/example_dags/example_dataset_alias_with_no_taskflow.py for tasks to queue
[2024-11-08T11:52:45.535+0000] {logging_mixin.py:190} INFO - [2024-11-08T11:52:45.534+0000] {dagbag.py:588} INFO - Filling up the DagBag from /home/airflow/.local/lib/python3.12/site-packages/airflow/example_dags/example_dataset_alias_with_no_taskflow.py
[2024-11-08T11:52:51.307+0000] {processor.py:925} INFO - DAG(s) 'dataset_s3_bucket_producer_with_no_taskflow', 'dataset_alias_example_alias_producer_with_no_taskflow', 'dataset_s3_bucket_consumer_with_no_taskflow', 'dataset_alias_example_alias_consumer_with_no_taskflow' retrieved from /home/airflow/.local/lib/python3.12/site-packages/airflow/example_dags/example_dataset_alias_with_no_taskflow.py
[2024-11-08T11:52:51.560+0000] {logging_mixin.py:190} INFO - [2024-11-08T11:52:51.542+0000] {dag.py:3239} INFO - Sync 4 DAGs
[2024-11-08T11:52:51.724+0000] {logging_mixin.py:190} INFO - [2024-11-08T11:52:51.715+0000] {dag.py:4180} INFO - Setting next_dagrun for dataset_alias_example_alias_consumer_with_no_taskflow to None, run_after=None
[2024-11-08T11:52:51.779+0000] {logging_mixin.py:190} INFO - [2024-11-08T11:52:51.778+0000] {dag.py:4180} INFO - Setting next_dagrun for dataset_alias_example_alias_producer_with_no_taskflow to None, run_after=None
[2024-11-08T11:52:51.830+0000] {logging_mixin.py:190} INFO - [2024-11-08T11:52:51.829+0000] {dag.py:4180} INFO - Setting next_dagrun for dataset_s3_bucket_consumer_with_no_taskflow to None, run_after=None
[2024-11-08T11:52:51.847+0000] {logging_mixin.py:190} INFO - [2024-11-08T11:52:51.846+0000] {dag.py:4180} INFO - Setting next_dagrun for dataset_s3_bucket_producer_with_no_taskflow to None, run_after=None
[2024-11-08T11:52:52.014+0000] {processor.py:208} INFO - Processing /home/airflow/.local/lib/python3.12/site-packages/airflow/example_dags/example_dataset_alias_with_no_taskflow.py took 6.536 seconds
[2024-11-08T11:53:22.299+0000] {processor.py:186} INFO - Started process (PID=412) to work on /home/airflow/.local/lib/python3.12/site-packages/airflow/example_dags/example_dataset_alias_with_no_taskflow.py
[2024-11-08T11:53:22.303+0000] {processor.py:914} INFO - Processing file /home/airflow/.local/lib/python3.12/site-packages/airflow/example_dags/example_dataset_alias_with_no_taskflow.py for tasks to queue
[2024-11-08T11:53:22.331+0000] {logging_mixin.py:190} INFO - [2024-11-08T11:53:22.330+0000] {dagbag.py:588} INFO - Filling up the DagBag from /home/airflow/.local/lib/python3.12/site-packages/airflow/example_dags/example_dataset_alias_with_no_taskflow.py
[2024-11-08T11:53:27.086+0000] {processor.py:925} INFO - DAG(s) 'dataset_s3_bucket_consumer_with_no_taskflow', 'dataset_s3_bucket_producer_with_no_taskflow', 'dataset_alias_example_alias_consumer_with_no_taskflow', 'dataset_alias_example_alias_producer_with_no_taskflow' retrieved from /home/airflow/.local/lib/python3.12/site-packages/airflow/example_dags/example_dataset_alias_with_no_taskflow.py
[2024-11-08T11:53:27.325+0000] {logging_mixin.py:190} INFO - [2024-11-08T11:53:27.323+0000] {dag.py:3239} INFO - Sync 4 DAGs
[2024-11-08T11:53:27.535+0000] {logging_mixin.py:190} INFO - [2024-11-08T11:53:27.534+0000] {dag.py:4180} INFO - Setting next_dagrun for dataset_alias_example_alias_consumer_with_no_taskflow to None, run_after=None
[2024-11-08T11:53:27.553+0000] {logging_mixin.py:190} INFO - [2024-11-08T11:53:27.552+0000] {dag.py:4180} INFO - Setting next_dagrun for dataset_alias_example_alias_producer_with_no_taskflow to None, run_after=None
[2024-11-08T11:53:27.578+0000] {logging_mixin.py:190} INFO - [2024-11-08T11:53:27.578+0000] {dag.py:4180} INFO - Setting next_dagrun for dataset_s3_bucket_consumer_with_no_taskflow to None, run_after=None
[2024-11-08T11:53:27.587+0000] {logging_mixin.py:190} INFO - [2024-11-08T11:53:27.586+0000] {dag.py:4180} INFO - Setting next_dagrun for dataset_s3_bucket_producer_with_no_taskflow to None, run_after=None
[2024-11-08T11:53:27.740+0000] {processor.py:208} INFO - Processing /home/airflow/.local/lib/python3.12/site-packages/airflow/example_dags/example_dataset_alias_with_no_taskflow.py took 5.489 seconds
[2024-11-08T11:53:58.111+0000] {processor.py:186} INFO - Started process (PID=477) to work on /home/airflow/.local/lib/python3.12/site-packages/airflow/example_dags/example_dataset_alias_with_no_taskflow.py
[2024-11-08T11:53:58.114+0000] {processor.py:914} INFO - Processing file /home/airflow/.local/lib/python3.12/site-packages/airflow/example_dags/example_dataset_alias_with_no_taskflow.py for tasks to queue
[2024-11-08T11:53:58.132+0000] {logging_mixin.py:190} INFO - [2024-11-08T11:53:58.132+0000] {dagbag.py:588} INFO - Filling up the DagBag from /home/airflow/.local/lib/python3.12/site-packages/airflow/example_dags/example_dataset_alias_with_no_taskflow.py
[2024-11-08T11:54:03.691+0000] {processor.py:925} INFO - DAG(s) 'dataset_alias_example_alias_consumer_with_no_taskflow', 'dataset_s3_bucket_consumer_with_no_taskflow', 'dataset_alias_example_alias_producer_with_no_taskflow', 'dataset_s3_bucket_producer_with_no_taskflow' retrieved from /home/airflow/.local/lib/python3.12/site-packages/airflow/example_dags/example_dataset_alias_with_no_taskflow.py
[2024-11-08T11:54:03.884+0000] {logging_mixin.py:190} INFO - [2024-11-08T11:54:03.883+0000] {dag.py:3239} INFO - Sync 4 DAGs
[2024-11-08T11:54:04.068+0000] {logging_mixin.py:190} INFO - [2024-11-08T11:54:04.067+0000] {dag.py:4180} INFO - Setting next_dagrun for dataset_alias_example_alias_consumer_with_no_taskflow to None, run_after=None
[2024-11-08T11:54:04.082+0000] {logging_mixin.py:190} INFO - [2024-11-08T11:54:04.082+0000] {dag.py:4180} INFO - Setting next_dagrun for dataset_alias_example_alias_producer_with_no_taskflow to None, run_after=None
[2024-11-08T11:54:04.089+0000] {logging_mixin.py:190} INFO - [2024-11-08T11:54:04.089+0000] {dag.py:4180} INFO - Setting next_dagrun for dataset_s3_bucket_consumer_with_no_taskflow to None, run_after=None
[2024-11-08T11:54:04.104+0000] {logging_mixin.py:190} INFO - [2024-11-08T11:54:04.094+0000] {dag.py:4180} INFO - Setting next_dagrun for dataset_s3_bucket_producer_with_no_taskflow to None, run_after=None
[2024-11-08T11:54:04.297+0000] {processor.py:208} INFO - Processing /home/airflow/.local/lib/python3.12/site-packages/airflow/example_dags/example_dataset_alias_with_no_taskflow.py took 6.247 seconds
[2024-11-08T11:54:34.958+0000] {processor.py:186} INFO - Started process (PID=541) to work on /home/airflow/.local/lib/python3.12/site-packages/airflow/example_dags/example_dataset_alias_with_no_taskflow.py
[2024-11-08T11:54:34.963+0000] {processor.py:914} INFO - Processing file /home/airflow/.local/lib/python3.12/site-packages/airflow/example_dags/example_dataset_alias_with_no_taskflow.py for tasks to queue
[2024-11-08T11:54:34.974+0000] {logging_mixin.py:190} INFO - [2024-11-08T11:54:34.970+0000] {dagbag.py:588} INFO - Filling up the DagBag from /home/airflow/.local/lib/python3.12/site-packages/airflow/example_dags/example_dataset_alias_with_no_taskflow.py
[2024-11-08T11:54:38.498+0000] {processor.py:925} INFO - DAG(s) 'dataset_s3_bucket_consumer_with_no_taskflow', 'dataset_alias_example_alias_producer_with_no_taskflow', 'dataset_s3_bucket_producer_with_no_taskflow', 'dataset_alias_example_alias_consumer_with_no_taskflow' retrieved from /home/airflow/.local/lib/python3.12/site-packages/airflow/example_dags/example_dataset_alias_with_no_taskflow.py
[2024-11-08T11:54:38.626+0000] {logging_mixin.py:190} INFO - [2024-11-08T11:54:38.625+0000] {dag.py:3239} INFO - Sync 4 DAGs
[2024-11-08T11:54:38.706+0000] {logging_mixin.py:190} INFO - [2024-11-08T11:54:38.705+0000] {dag.py:4180} INFO - Setting next_dagrun for dataset_alias_example_alias_consumer_with_no_taskflow to None, run_after=None
[2024-11-08T11:54:38.713+0000] {logging_mixin.py:190} INFO - [2024-11-08T11:54:38.713+0000] {dag.py:4180} INFO - Setting next_dagrun for dataset_alias_example_alias_producer_with_no_taskflow to None, run_after=None
[2024-11-08T11:54:38.725+0000] {logging_mixin.py:190} INFO - [2024-11-08T11:54:38.724+0000] {dag.py:4180} INFO - Setting next_dagrun for dataset_s3_bucket_consumer_with_no_taskflow to None, run_after=None
[2024-11-08T11:54:38.729+0000] {logging_mixin.py:190} INFO - [2024-11-08T11:54:38.729+0000] {dag.py:4180} INFO - Setting next_dagrun for dataset_s3_bucket_producer_with_no_taskflow to None, run_after=None
[2024-11-08T11:54:38.855+0000] {processor.py:208} INFO - Processing /home/airflow/.local/lib/python3.12/site-packages/airflow/example_dags/example_dataset_alias_with_no_taskflow.py took 3.920 seconds
[2024-11-08T11:55:10.856+0000] {processor.py:186} INFO - Started process (PID=606) to work on /home/airflow/.local/lib/python3.12/site-packages/airflow/example_dags/example_dataset_alias_with_no_taskflow.py
[2024-11-08T11:55:10.859+0000] {processor.py:914} INFO - Processing file /home/airflow/.local/lib/python3.12/site-packages/airflow/example_dags/example_dataset_alias_with_no_taskflow.py for tasks to queue
[2024-11-08T11:55:10.872+0000] {logging_mixin.py:190} INFO - [2024-11-08T11:55:10.871+0000] {dagbag.py:588} INFO - Filling up the DagBag from /home/airflow/.local/lib/python3.12/site-packages/airflow/example_dags/example_dataset_alias_with_no_taskflow.py
[2024-11-08T11:55:14.119+0000] {processor.py:925} INFO - DAG(s) 'dataset_alias_example_alias_consumer_with_no_taskflow', 'dataset_s3_bucket_producer_with_no_taskflow', 'dataset_s3_bucket_consumer_with_no_taskflow', 'dataset_alias_example_alias_producer_with_no_taskflow' retrieved from /home/airflow/.local/lib/python3.12/site-packages/airflow/example_dags/example_dataset_alias_with_no_taskflow.py
[2024-11-08T11:55:14.298+0000] {logging_mixin.py:190} INFO - [2024-11-08T11:55:14.297+0000] {dag.py:3239} INFO - Sync 4 DAGs
[2024-11-08T11:55:14.432+0000] {logging_mixin.py:190} INFO - [2024-11-08T11:55:14.432+0000] {dag.py:4180} INFO - Setting next_dagrun for dataset_alias_example_alias_consumer_with_no_taskflow to None, run_after=None
[2024-11-08T11:55:14.459+0000] {logging_mixin.py:190} INFO - [2024-11-08T11:55:14.454+0000] {dag.py:4180} INFO - Setting next_dagrun for dataset_alias_example_alias_producer_with_no_taskflow to None, run_after=None
[2024-11-08T11:55:14.472+0000] {logging_mixin.py:190} INFO - [2024-11-08T11:55:14.472+0000] {dag.py:4180} INFO - Setting next_dagrun for dataset_s3_bucket_consumer_with_no_taskflow to None, run_after=None
[2024-11-08T11:55:14.512+0000] {logging_mixin.py:190} INFO - [2024-11-08T11:55:14.512+0000] {dag.py:4180} INFO - Setting next_dagrun for dataset_s3_bucket_producer_with_no_taskflow to None, run_after=None
[2024-11-08T11:55:14.658+0000] {processor.py:208} INFO - Processing /home/airflow/.local/lib/python3.12/site-packages/airflow/example_dags/example_dataset_alias_with_no_taskflow.py took 3.823 seconds
[2024-11-08T12:01:39.105+0000] {processor.py:186} INFO - Started process (PID=123) to work on /home/airflow/.local/lib/python3.12/site-packages/airflow/example_dags/example_dataset_alias_with_no_taskflow.py
[2024-11-08T12:01:39.120+0000] {processor.py:914} INFO - Processing file /home/airflow/.local/lib/python3.12/site-packages/airflow/example_dags/example_dataset_alias_with_no_taskflow.py for tasks to queue
[2024-11-08T12:01:39.138+0000] {logging_mixin.py:190} INFO - [2024-11-08T12:01:39.136+0000] {dagbag.py:588} INFO - Filling up the DagBag from /home/airflow/.local/lib/python3.12/site-packages/airflow/example_dags/example_dataset_alias_with_no_taskflow.py
[2024-11-08T12:01:49.628+0000] {processor.py:925} INFO - DAG(s) 'dataset_alias_example_alias_consumer_with_no_taskflow', 'dataset_s3_bucket_consumer_with_no_taskflow', 'dataset_s3_bucket_producer_with_no_taskflow', 'dataset_alias_example_alias_producer_with_no_taskflow' retrieved from /home/airflow/.local/lib/python3.12/site-packages/airflow/example_dags/example_dataset_alias_with_no_taskflow.py
[2024-11-08T12:01:49.851+0000] {logging_mixin.py:190} INFO - [2024-11-08T12:01:49.850+0000] {dag.py:3239} INFO - Sync 4 DAGs
[2024-11-08T12:01:50.065+0000] {logging_mixin.py:190} INFO - [2024-11-08T12:01:50.065+0000] {dag.py:4180} INFO - Setting next_dagrun for dataset_alias_example_alias_consumer_with_no_taskflow to None, run_after=None
[2024-11-08T12:01:50.096+0000] {logging_mixin.py:190} INFO - [2024-11-08T12:01:50.096+0000] {dag.py:4180} INFO - Setting next_dagrun for dataset_alias_example_alias_producer_with_no_taskflow to None, run_after=None
[2024-11-08T12:01:50.114+0000] {logging_mixin.py:190} INFO - [2024-11-08T12:01:50.114+0000] {dag.py:4180} INFO - Setting next_dagrun for dataset_s3_bucket_consumer_with_no_taskflow to None, run_after=None
[2024-11-08T12:01:50.126+0000] {logging_mixin.py:190} INFO - [2024-11-08T12:01:50.125+0000] {dag.py:4180} INFO - Setting next_dagrun for dataset_s3_bucket_producer_with_no_taskflow to None, run_after=None
[2024-11-08T12:01:50.401+0000] {processor.py:208} INFO - Processing /home/airflow/.local/lib/python3.12/site-packages/airflow/example_dags/example_dataset_alias_with_no_taskflow.py took 11.330 seconds
[2024-11-08T12:02:32.930+0000] {processor.py:186} INFO - Started process (PID=187) to work on /home/airflow/.local/lib/python3.12/site-packages/airflow/example_dags/example_dataset_alias_with_no_taskflow.py
[2024-11-08T12:02:32.970+0000] {processor.py:914} INFO - Processing file /home/airflow/.local/lib/python3.12/site-packages/airflow/example_dags/example_dataset_alias_with_no_taskflow.py for tasks to queue
[2024-11-08T12:02:33.051+0000] {logging_mixin.py:190} INFO - [2024-11-08T12:02:32.998+0000] {dagbag.py:588} INFO - Filling up the DagBag from /home/airflow/.local/lib/python3.12/site-packages/airflow/example_dags/example_dataset_alias_with_no_taskflow.py
[2024-11-08T12:02:38.783+0000] {processor.py:925} INFO - DAG(s) 'dataset_alias_example_alias_producer_with_no_taskflow', 'dataset_s3_bucket_consumer_with_no_taskflow', 'dataset_alias_example_alias_consumer_with_no_taskflow', 'dataset_s3_bucket_producer_with_no_taskflow' retrieved from /home/airflow/.local/lib/python3.12/site-packages/airflow/example_dags/example_dataset_alias_with_no_taskflow.py
[2024-11-08T12:02:38.898+0000] {logging_mixin.py:190} INFO - [2024-11-08T12:02:38.897+0000] {dag.py:3239} INFO - Sync 4 DAGs
[2024-11-08T12:02:39.058+0000] {logging_mixin.py:190} INFO - [2024-11-08T12:02:39.057+0000] {dag.py:4180} INFO - Setting next_dagrun for dataset_alias_example_alias_consumer_with_no_taskflow to None, run_after=None
[2024-11-08T12:02:39.073+0000] {logging_mixin.py:190} INFO - [2024-11-08T12:02:39.073+0000] {dag.py:4180} INFO - Setting next_dagrun for dataset_alias_example_alias_producer_with_no_taskflow to None, run_after=None
[2024-11-08T12:02:39.087+0000] {logging_mixin.py:190} INFO - [2024-11-08T12:02:39.086+0000] {dag.py:4180} INFO - Setting next_dagrun for dataset_s3_bucket_consumer_with_no_taskflow to None, run_after=None
[2024-11-08T12:02:39.097+0000] {logging_mixin.py:190} INFO - [2024-11-08T12:02:39.097+0000] {dag.py:4180} INFO - Setting next_dagrun for dataset_s3_bucket_producer_with_no_taskflow to None, run_after=None
[2024-11-08T12:02:39.227+0000] {processor.py:208} INFO - Processing /home/airflow/.local/lib/python3.12/site-packages/airflow/example_dags/example_dataset_alias_with_no_taskflow.py took 6.336 seconds
[2024-11-08T12:03:24.397+0000] {processor.py:186} INFO - Started process (PID=271) to work on /home/airflow/.local/lib/python3.12/site-packages/airflow/example_dags/example_dataset_alias_with_no_taskflow.py
[2024-11-08T12:03:24.410+0000] {processor.py:914} INFO - Processing file /home/airflow/.local/lib/python3.12/site-packages/airflow/example_dags/example_dataset_alias_with_no_taskflow.py for tasks to queue
[2024-11-08T12:03:24.435+0000] {logging_mixin.py:190} INFO - [2024-11-08T12:03:24.434+0000] {dagbag.py:588} INFO - Filling up the DagBag from /home/airflow/.local/lib/python3.12/site-packages/airflow/example_dags/example_dataset_alias_with_no_taskflow.py
[2024-11-08T12:03:32.115+0000] {processor.py:925} INFO - DAG(s) 'dataset_alias_example_alias_producer_with_no_taskflow', 'dataset_s3_bucket_producer_with_no_taskflow', 'dataset_s3_bucket_consumer_with_no_taskflow', 'dataset_alias_example_alias_consumer_with_no_taskflow' retrieved from /home/airflow/.local/lib/python3.12/site-packages/airflow/example_dags/example_dataset_alias_with_no_taskflow.py
[2024-11-08T12:03:32.347+0000] {logging_mixin.py:190} INFO - [2024-11-08T12:03:32.345+0000] {dag.py:3239} INFO - Sync 4 DAGs
[2024-11-08T12:03:32.629+0000] {logging_mixin.py:190} INFO - [2024-11-08T12:03:32.628+0000] {dag.py:4180} INFO - Setting next_dagrun for dataset_alias_example_alias_consumer_with_no_taskflow to None, run_after=None
[2024-11-08T12:03:32.667+0000] {logging_mixin.py:190} INFO - [2024-11-08T12:03:32.653+0000] {dag.py:4180} INFO - Setting next_dagrun for dataset_alias_example_alias_producer_with_no_taskflow to None, run_after=None
[2024-11-08T12:03:32.679+0000] {logging_mixin.py:190} INFO - [2024-11-08T12:03:32.678+0000] {dag.py:4180} INFO - Setting next_dagrun for dataset_s3_bucket_consumer_with_no_taskflow to None, run_after=None
[2024-11-08T12:03:32.712+0000] {logging_mixin.py:190} INFO - [2024-11-08T12:03:32.712+0000] {dag.py:4180} INFO - Setting next_dagrun for dataset_s3_bucket_producer_with_no_taskflow to None, run_after=None
[2024-11-08T12:03:32.904+0000] {processor.py:208} INFO - Processing /home/airflow/.local/lib/python3.12/site-packages/airflow/example_dags/example_dataset_alias_with_no_taskflow.py took 8.542 seconds
[2024-11-08T12:04:09.778+0000] {processor.py:186} INFO - Started process (PID=345) to work on /home/airflow/.local/lib/python3.12/site-packages/airflow/example_dags/example_dataset_alias_with_no_taskflow.py
[2024-11-08T12:04:09.782+0000] {processor.py:914} INFO - Processing file /home/airflow/.local/lib/python3.12/site-packages/airflow/example_dags/example_dataset_alias_with_no_taskflow.py for tasks to queue
[2024-11-08T12:04:09.801+0000] {logging_mixin.py:190} INFO - [2024-11-08T12:04:09.800+0000] {dagbag.py:588} INFO - Filling up the DagBag from /home/airflow/.local/lib/python3.12/site-packages/airflow/example_dags/example_dataset_alias_with_no_taskflow.py
[2024-11-08T12:04:13.950+0000] {processor.py:925} INFO - DAG(s) 'dataset_alias_example_alias_consumer_with_no_taskflow', 'dataset_s3_bucket_producer_with_no_taskflow', 'dataset_alias_example_alias_producer_with_no_taskflow', 'dataset_s3_bucket_consumer_with_no_taskflow' retrieved from /home/airflow/.local/lib/python3.12/site-packages/airflow/example_dags/example_dataset_alias_with_no_taskflow.py
[2024-11-08T12:04:14.113+0000] {logging_mixin.py:190} INFO - [2024-11-08T12:04:14.110+0000] {dag.py:3239} INFO - Sync 4 DAGs
[2024-11-08T12:04:14.331+0000] {logging_mixin.py:190} INFO - [2024-11-08T12:04:14.322+0000] {dag.py:4180} INFO - Setting next_dagrun for dataset_alias_example_alias_consumer_with_no_taskflow to None, run_after=None
[2024-11-08T12:04:14.353+0000] {logging_mixin.py:190} INFO - [2024-11-08T12:04:14.352+0000] {dag.py:4180} INFO - Setting next_dagrun for dataset_alias_example_alias_producer_with_no_taskflow to None, run_after=None
[2024-11-08T12:04:14.367+0000] {logging_mixin.py:190} INFO - [2024-11-08T12:04:14.366+0000] {dag.py:4180} INFO - Setting next_dagrun for dataset_s3_bucket_consumer_with_no_taskflow to None, run_after=None
[2024-11-08T12:04:14.380+0000] {logging_mixin.py:190} INFO - [2024-11-08T12:04:14.380+0000] {dag.py:4180} INFO - Setting next_dagrun for dataset_s3_bucket_producer_with_no_taskflow to None, run_after=None
[2024-11-08T12:04:14.520+0000] {processor.py:208} INFO - Processing /home/airflow/.local/lib/python3.12/site-packages/airflow/example_dags/example_dataset_alias_with_no_taskflow.py took 4.791 seconds
[2024-11-08T12:04:45.549+0000] {processor.py:186} INFO - Started process (PID=421) to work on /home/airflow/.local/lib/python3.12/site-packages/airflow/example_dags/example_dataset_alias_with_no_taskflow.py
[2024-11-08T12:04:45.554+0000] {processor.py:914} INFO - Processing file /home/airflow/.local/lib/python3.12/site-packages/airflow/example_dags/example_dataset_alias_with_no_taskflow.py for tasks to queue
[2024-11-08T12:04:45.563+0000] {logging_mixin.py:190} INFO - [2024-11-08T12:04:45.562+0000] {dagbag.py:588} INFO - Filling up the DagBag from /home/airflow/.local/lib/python3.12/site-packages/airflow/example_dags/example_dataset_alias_with_no_taskflow.py
[2024-11-08T12:04:50.268+0000] {processor.py:925} INFO - DAG(s) 'dataset_s3_bucket_producer_with_no_taskflow', 'dataset_alias_example_alias_consumer_with_no_taskflow', 'dataset_alias_example_alias_producer_with_no_taskflow', 'dataset_s3_bucket_consumer_with_no_taskflow' retrieved from /home/airflow/.local/lib/python3.12/site-packages/airflow/example_dags/example_dataset_alias_with_no_taskflow.py
[2024-11-08T12:04:50.403+0000] {logging_mixin.py:190} INFO - [2024-11-08T12:04:50.401+0000] {dag.py:3239} INFO - Sync 4 DAGs
[2024-11-08T12:04:50.612+0000] {logging_mixin.py:190} INFO - [2024-11-08T12:04:50.611+0000] {dag.py:4180} INFO - Setting next_dagrun for dataset_alias_example_alias_consumer_with_no_taskflow to None, run_after=None
[2024-11-08T12:04:50.643+0000] {logging_mixin.py:190} INFO - [2024-11-08T12:04:50.632+0000] {dag.py:4180} INFO - Setting next_dagrun for dataset_alias_example_alias_producer_with_no_taskflow to None, run_after=None
[2024-11-08T12:04:50.651+0000] {logging_mixin.py:190} INFO - [2024-11-08T12:04:50.650+0000] {dag.py:4180} INFO - Setting next_dagrun for dataset_s3_bucket_consumer_with_no_taskflow to None, run_after=None
[2024-11-08T12:04:50.667+0000] {logging_mixin.py:190} INFO - [2024-11-08T12:04:50.667+0000] {dag.py:4180} INFO - Setting next_dagrun for dataset_s3_bucket_producer_with_no_taskflow to None, run_after=None
[2024-11-08T12:04:50.822+0000] {processor.py:208} INFO - Processing /home/airflow/.local/lib/python3.12/site-packages/airflow/example_dags/example_dataset_alias_with_no_taskflow.py took 5.290 seconds
[2024-11-08T12:05:41.525+0000] {processor.py:186} INFO - Started process (PID=492) to work on /home/airflow/.local/lib/python3.12/site-packages/airflow/example_dags/example_dataset_alias_with_no_taskflow.py
[2024-11-08T12:05:41.551+0000] {processor.py:914} INFO - Processing file /home/airflow/.local/lib/python3.12/site-packages/airflow/example_dags/example_dataset_alias_with_no_taskflow.py for tasks to queue
[2024-11-08T12:05:41.561+0000] {logging_mixin.py:190} INFO - [2024-11-08T12:05:41.560+0000] {dagbag.py:588} INFO - Filling up the DagBag from /home/airflow/.local/lib/python3.12/site-packages/airflow/example_dags/example_dataset_alias_with_no_taskflow.py
[2024-11-08T12:06:01.366+0000] {processor.py:925} INFO - DAG(s) 'dataset_alias_example_alias_consumer_with_no_taskflow', 'dataset_alias_example_alias_producer_with_no_taskflow', 'dataset_s3_bucket_producer_with_no_taskflow', 'dataset_s3_bucket_consumer_with_no_taskflow' retrieved from /home/airflow/.local/lib/python3.12/site-packages/airflow/example_dags/example_dataset_alias_with_no_taskflow.py
[2024-11-08T12:06:01.533+0000] {logging_mixin.py:190} INFO - [2024-11-08T12:06:01.531+0000] {dag.py:3239} INFO - Sync 4 DAGs
[2024-11-08T12:06:01.719+0000] {logging_mixin.py:190} INFO - [2024-11-08T12:06:01.718+0000] {dag.py:4180} INFO - Setting next_dagrun for dataset_alias_example_alias_consumer_with_no_taskflow to None, run_after=None
[2024-11-08T12:06:01.739+0000] {logging_mixin.py:190} INFO - [2024-11-08T12:06:01.738+0000] {dag.py:4180} INFO - Setting next_dagrun for dataset_alias_example_alias_producer_with_no_taskflow to None, run_after=None
[2024-11-08T12:06:01.750+0000] {logging_mixin.py:190} INFO - [2024-11-08T12:06:01.750+0000] {dag.py:4180} INFO - Setting next_dagrun for dataset_s3_bucket_consumer_with_no_taskflow to None, run_after=None
[2024-11-08T12:06:01.765+0000] {logging_mixin.py:190} INFO - [2024-11-08T12:06:01.764+0000] {dag.py:4180} INFO - Setting next_dagrun for dataset_s3_bucket_producer_with_no_taskflow to None, run_after=None
[2024-11-08T12:06:01.913+0000] {processor.py:208} INFO - Processing /home/airflow/.local/lib/python3.12/site-packages/airflow/example_dags/example_dataset_alias_with_no_taskflow.py took 20.414 seconds
[2024-11-08T12:06:39.941+0000] {processor.py:186} INFO - Started process (PID=556) to work on /home/airflow/.local/lib/python3.12/site-packages/airflow/example_dags/example_dataset_alias_with_no_taskflow.py
[2024-11-08T12:06:39.967+0000] {processor.py:914} INFO - Processing file /home/airflow/.local/lib/python3.12/site-packages/airflow/example_dags/example_dataset_alias_with_no_taskflow.py for tasks to queue
[2024-11-08T12:06:39.996+0000] {logging_mixin.py:190} INFO - [2024-11-08T12:06:39.995+0000] {dagbag.py:588} INFO - Filling up the DagBag from /home/airflow/.local/lib/python3.12/site-packages/airflow/example_dags/example_dataset_alias_with_no_taskflow.py
[2024-11-08T12:06:44.456+0000] {processor.py:925} INFO - DAG(s) 'dataset_alias_example_alias_producer_with_no_taskflow', 'dataset_s3_bucket_consumer_with_no_taskflow', 'dataset_alias_example_alias_consumer_with_no_taskflow', 'dataset_s3_bucket_producer_with_no_taskflow' retrieved from /home/airflow/.local/lib/python3.12/site-packages/airflow/example_dags/example_dataset_alias_with_no_taskflow.py
[2024-11-08T12:06:44.635+0000] {logging_mixin.py:190} INFO - [2024-11-08T12:06:44.633+0000] {dag.py:3239} INFO - Sync 4 DAGs
[2024-11-08T12:06:44.810+0000] {logging_mixin.py:190} INFO - [2024-11-08T12:06:44.810+0000] {dag.py:4180} INFO - Setting next_dagrun for dataset_alias_example_alias_consumer_with_no_taskflow to None, run_after=None
[2024-11-08T12:06:44.828+0000] {logging_mixin.py:190} INFO - [2024-11-08T12:06:44.827+0000] {dag.py:4180} INFO - Setting next_dagrun for dataset_alias_example_alias_producer_with_no_taskflow to None, run_after=None
[2024-11-08T12:06:44.847+0000] {logging_mixin.py:190} INFO - [2024-11-08T12:06:44.847+0000] {dag.py:4180} INFO - Setting next_dagrun for dataset_s3_bucket_consumer_with_no_taskflow to None, run_after=None
[2024-11-08T12:06:44.857+0000] {logging_mixin.py:190} INFO - [2024-11-08T12:06:44.856+0000] {dag.py:4180} INFO - Setting next_dagrun for dataset_s3_bucket_producer_with_no_taskflow to None, run_after=None
[2024-11-08T12:06:44.993+0000] {processor.py:208} INFO - Processing /home/airflow/.local/lib/python3.12/site-packages/airflow/example_dags/example_dataset_alias_with_no_taskflow.py took 5.085 seconds
[2024-11-08T12:07:36.439+0000] {processor.py:186} INFO - Started process (PID=639) to work on /home/airflow/.local/lib/python3.12/site-packages/airflow/example_dags/example_dataset_alias_with_no_taskflow.py
[2024-11-08T12:07:36.459+0000] {processor.py:914} INFO - Processing file /home/airflow/.local/lib/python3.12/site-packages/airflow/example_dags/example_dataset_alias_with_no_taskflow.py for tasks to queue
[2024-11-08T12:07:36.489+0000] {logging_mixin.py:190} INFO - [2024-11-08T12:07:36.488+0000] {dagbag.py:588} INFO - Filling up the DagBag from /home/airflow/.local/lib/python3.12/site-packages/airflow/example_dags/example_dataset_alias_with_no_taskflow.py
[2024-11-08T12:07:41.608+0000] {processor.py:925} INFO - DAG(s) 'dataset_s3_bucket_consumer_with_no_taskflow', 'dataset_alias_example_alias_producer_with_no_taskflow', 'dataset_s3_bucket_producer_with_no_taskflow', 'dataset_alias_example_alias_consumer_with_no_taskflow' retrieved from /home/airflow/.local/lib/python3.12/site-packages/airflow/example_dags/example_dataset_alias_with_no_taskflow.py
[2024-11-08T12:07:41.795+0000] {logging_mixin.py:190} INFO - [2024-11-08T12:07:41.794+0000] {dag.py:3239} INFO - Sync 4 DAGs
[2024-11-08T12:07:41.960+0000] {logging_mixin.py:190} INFO - [2024-11-08T12:07:41.960+0000] {dag.py:4180} INFO - Setting next_dagrun for dataset_alias_example_alias_consumer_with_no_taskflow to None, run_after=None
[2024-11-08T12:07:41.979+0000] {logging_mixin.py:190} INFO - [2024-11-08T12:07:41.978+0000] {dag.py:4180} INFO - Setting next_dagrun for dataset_alias_example_alias_producer_with_no_taskflow to None, run_after=None
[2024-11-08T12:07:41.994+0000] {logging_mixin.py:190} INFO - [2024-11-08T12:07:41.993+0000] {dag.py:4180} INFO - Setting next_dagrun for dataset_s3_bucket_consumer_with_no_taskflow to None, run_after=None
[2024-11-08T12:07:42.009+0000] {logging_mixin.py:190} INFO - [2024-11-08T12:07:42.008+0000] {dag.py:4180} INFO - Setting next_dagrun for dataset_s3_bucket_producer_with_no_taskflow to None, run_after=None
[2024-11-08T12:07:42.187+0000] {processor.py:208} INFO - Processing /home/airflow/.local/lib/python3.12/site-packages/airflow/example_dags/example_dataset_alias_with_no_taskflow.py took 5.810 seconds
