[2024-11-08T11:50:58.485+0000] {processor.py:186} INFO - Started process (PID=168) to work on /home/airflow/.local/lib/python3.12/site-packages/airflow/example_dags/example_subdag_operator.py
[2024-11-08T11:50:58.498+0000] {processor.py:914} INFO - Processing file /home/airflow/.local/lib/python3.12/site-packages/airflow/example_dags/example_subdag_operator.py for tasks to queue
[2024-11-08T11:50:58.512+0000] {logging_mixin.py:190} INFO - [2024-11-08T11:50:58.511+0000] {dagbag.py:588} INFO - Filling up the DagBag from /home/airflow/.local/lib/python3.12/site-packages/airflow/example_dags/example_subdag_operator.py
[2024-11-08T11:50:58.697+0000] {processor.py:925} INFO - DAG(s) 'example_subdag_operator.section-1', 'example_subdag_operator.section-2', 'example_subdag_operator' retrieved from /home/airflow/.local/lib/python3.12/site-packages/airflow/example_dags/example_subdag_operator.py
[2024-11-08T11:50:59.693+0000] {logging_mixin.py:190} INFO - [2024-11-08T11:50:59.691+0000] {override.py:1911} INFO - Created Permission View: can read on DAG:example_subdag_operator
[2024-11-08T11:50:59.780+0000] {logging_mixin.py:190} INFO - [2024-11-08T11:50:59.779+0000] {override.py:1911} INFO - Created Permission View: can edit on DAG:example_subdag_operator
[2024-11-08T11:50:59.820+0000] {logging_mixin.py:190} INFO - [2024-11-08T11:50:59.819+0000] {override.py:1911} INFO - Created Permission View: can delete on DAG:example_subdag_operator
[2024-11-08T11:50:59.867+0000] {logging_mixin.py:190} INFO - [2024-11-08T11:50:59.866+0000] {override.py:1911} INFO - Created Permission View: can read on DAG Run:example_subdag_operator
[2024-11-08T11:50:59.921+0000] {logging_mixin.py:190} INFO - [2024-11-08T11:50:59.920+0000] {override.py:1911} INFO - Created Permission View: menu access on DAG Run:example_subdag_operator
[2024-11-08T11:50:59.969+0000] {logging_mixin.py:190} INFO - [2024-11-08T11:50:59.968+0000] {override.py:1911} INFO - Created Permission View: can create on DAG Run:example_subdag_operator
[2024-11-08T11:51:00.016+0000] {logging_mixin.py:190} INFO - [2024-11-08T11:51:00.015+0000] {override.py:1911} INFO - Created Permission View: can delete on DAG Run:example_subdag_operator
[2024-11-08T11:51:00.032+0000] {logging_mixin.py:190} INFO - [2024-11-08T11:51:00.031+0000] {dag.py:3239} INFO - Sync 3 DAGs
[2024-11-08T11:51:00.145+0000] {logging_mixin.py:190} INFO - [2024-11-08T11:51:00.145+0000] {dag.py:3262} INFO - Creating ORM DAG for example_subdag_operator.section-2
[2024-11-08T11:51:00.155+0000] {logging_mixin.py:190} INFO - [2024-11-08T11:51:00.154+0000] {dag.py:3262} INFO - Creating ORM DAG for example_subdag_operator
[2024-11-08T11:51:00.163+0000] {logging_mixin.py:190} INFO - [2024-11-08T11:51:00.163+0000] {dag.py:3262} INFO - Creating ORM DAG for example_subdag_operator.section-1
[2024-11-08T11:51:00.239+0000] {logging_mixin.py:190} INFO - [2024-11-08T11:51:00.239+0000] {dag.py:4180} INFO - Setting next_dagrun for example_subdag_operator to 2022-01-01 00:00:00+00:00, run_after=2022-01-01 00:00:00+00:00
[2024-11-08T11:51:00.245+0000] {logging_mixin.py:190} INFO - [2024-11-08T11:51:00.244+0000] {dag.py:4180} INFO - Setting next_dagrun for example_subdag_operator.section-1 to None, run_after=None
[2024-11-08T11:51:00.250+0000] {logging_mixin.py:190} INFO - [2024-11-08T11:51:00.249+0000] {dag.py:4180} INFO - Setting next_dagrun for example_subdag_operator.section-2 to None, run_after=None
[2024-11-08T11:51:00.323+0000] {logging_mixin.py:190} INFO - [2024-11-08T11:51:00.323+0000] {dag.py:3239} INFO - Sync 2 DAGs
[2024-11-08T11:51:00.367+0000] {logging_mixin.py:190} INFO - [2024-11-08T11:51:00.366+0000] {dag.py:4180} INFO - Setting next_dagrun for example_subdag_operator.section-1 to None, run_after=None
[2024-11-08T11:51:00.443+0000] {logging_mixin.py:190} INFO - [2024-11-08T11:51:00.443+0000] {dag.py:4180} INFO - Setting next_dagrun for example_subdag_operator.section-2 to None, run_after=None
[2024-11-08T11:51:00.560+0000] {processor.py:208} INFO - Processing /home/airflow/.local/lib/python3.12/site-packages/airflow/example_dags/example_subdag_operator.py took 2.116 seconds
[2024-11-08T11:51:44.868+0000] {processor.py:186} INFO - Started process (PID=232) to work on /home/airflow/.local/lib/python3.12/site-packages/airflow/example_dags/example_subdag_operator.py
[2024-11-08T11:51:44.875+0000] {processor.py:914} INFO - Processing file /home/airflow/.local/lib/python3.12/site-packages/airflow/example_dags/example_subdag_operator.py for tasks to queue
[2024-11-08T11:51:44.892+0000] {logging_mixin.py:190} INFO - [2024-11-08T11:51:44.881+0000] {dagbag.py:588} INFO - Filling up the DagBag from /home/airflow/.local/lib/python3.12/site-packages/airflow/example_dags/example_subdag_operator.py
[2024-11-08T11:51:45.011+0000] {processor.py:925} INFO - DAG(s) 'example_subdag_operator.section-1', 'example_subdag_operator.section-2', 'example_subdag_operator' retrieved from /home/airflow/.local/lib/python3.12/site-packages/airflow/example_dags/example_subdag_operator.py
[2024-11-08T11:51:45.113+0000] {logging_mixin.py:190} INFO - [2024-11-08T11:51:45.112+0000] {dag.py:3239} INFO - Sync 3 DAGs
[2024-11-08T11:51:45.246+0000] {logging_mixin.py:190} INFO - [2024-11-08T11:51:45.245+0000] {dag.py:4180} INFO - Setting next_dagrun for example_subdag_operator to 2022-01-01 00:00:00+00:00, run_after=2022-01-01 00:00:00+00:00
[2024-11-08T11:51:45.256+0000] {logging_mixin.py:190} INFO - [2024-11-08T11:51:45.256+0000] {dag.py:4180} INFO - Setting next_dagrun for example_subdag_operator.section-1 to None, run_after=None
[2024-11-08T11:51:45.284+0000] {logging_mixin.py:190} INFO - [2024-11-08T11:51:45.282+0000] {dag.py:4180} INFO - Setting next_dagrun for example_subdag_operator.section-2 to None, run_after=None
[2024-11-08T11:51:45.312+0000] {logging_mixin.py:190} INFO - [2024-11-08T11:51:45.312+0000] {dag.py:3239} INFO - Sync 2 DAGs
[2024-11-08T11:51:45.333+0000] {logging_mixin.py:190} INFO - [2024-11-08T11:51:45.332+0000] {dag.py:4180} INFO - Setting next_dagrun for example_subdag_operator.section-1 to None, run_after=None
[2024-11-08T11:51:45.334+0000] {logging_mixin.py:190} INFO - [2024-11-08T11:51:45.334+0000] {dag.py:4180} INFO - Setting next_dagrun for example_subdag_operator.section-2 to None, run_after=None
[2024-11-08T11:51:45.375+0000] {processor.py:208} INFO - Processing /home/airflow/.local/lib/python3.12/site-packages/airflow/example_dags/example_subdag_operator.py took 0.543 seconds
[2024-11-08T11:52:21.394+0000] {processor.py:186} INFO - Started process (PID=303) to work on /home/airflow/.local/lib/python3.12/site-packages/airflow/example_dags/example_subdag_operator.py
[2024-11-08T11:52:21.400+0000] {processor.py:914} INFO - Processing file /home/airflow/.local/lib/python3.12/site-packages/airflow/example_dags/example_subdag_operator.py for tasks to queue
[2024-11-08T11:52:21.428+0000] {logging_mixin.py:190} INFO - [2024-11-08T11:52:21.427+0000] {dagbag.py:588} INFO - Filling up the DagBag from /home/airflow/.local/lib/python3.12/site-packages/airflow/example_dags/example_subdag_operator.py
[2024-11-08T11:52:21.571+0000] {processor.py:925} INFO - DAG(s) 'example_subdag_operator.section-1', 'example_subdag_operator.section-2', 'example_subdag_operator' retrieved from /home/airflow/.local/lib/python3.12/site-packages/airflow/example_dags/example_subdag_operator.py
[2024-11-08T11:52:21.688+0000] {logging_mixin.py:190} INFO - [2024-11-08T11:52:21.687+0000] {dag.py:3239} INFO - Sync 3 DAGs
[2024-11-08T11:52:21.846+0000] {logging_mixin.py:190} INFO - [2024-11-08T11:52:21.836+0000] {dag.py:4180} INFO - Setting next_dagrun for example_subdag_operator to 2022-01-01 00:00:00+00:00, run_after=2022-01-01 00:00:00+00:00
[2024-11-08T11:52:21.879+0000] {logging_mixin.py:190} INFO - [2024-11-08T11:52:21.878+0000] {dag.py:4180} INFO - Setting next_dagrun for example_subdag_operator.section-1 to None, run_after=None
[2024-11-08T11:52:21.895+0000] {logging_mixin.py:190} INFO - [2024-11-08T11:52:21.895+0000] {dag.py:4180} INFO - Setting next_dagrun for example_subdag_operator.section-2 to None, run_after=None
[2024-11-08T11:52:21.945+0000] {logging_mixin.py:190} INFO - [2024-11-08T11:52:21.944+0000] {dag.py:3239} INFO - Sync 2 DAGs
[2024-11-08T11:52:21.980+0000] {logging_mixin.py:190} INFO - [2024-11-08T11:52:21.979+0000] {dag.py:4180} INFO - Setting next_dagrun for example_subdag_operator.section-1 to None, run_after=None
[2024-11-08T11:52:21.982+0000] {logging_mixin.py:190} INFO - [2024-11-08T11:52:21.981+0000] {dag.py:4180} INFO - Setting next_dagrun for example_subdag_operator.section-2 to None, run_after=None
[2024-11-08T11:52:22.033+0000] {processor.py:208} INFO - Processing /home/airflow/.local/lib/python3.12/site-packages/airflow/example_dags/example_subdag_operator.py took 0.675 seconds
[2024-11-08T11:52:59.457+0000] {processor.py:186} INFO - Started process (PID=369) to work on /home/airflow/.local/lib/python3.12/site-packages/airflow/example_dags/example_subdag_operator.py
[2024-11-08T11:52:59.467+0000] {processor.py:914} INFO - Processing file /home/airflow/.local/lib/python3.12/site-packages/airflow/example_dags/example_subdag_operator.py for tasks to queue
[2024-11-08T11:52:59.475+0000] {logging_mixin.py:190} INFO - [2024-11-08T11:52:59.475+0000] {dagbag.py:588} INFO - Filling up the DagBag from /home/airflow/.local/lib/python3.12/site-packages/airflow/example_dags/example_subdag_operator.py
[2024-11-08T11:52:59.593+0000] {processor.py:925} INFO - DAG(s) 'example_subdag_operator.section-1', 'example_subdag_operator.section-2', 'example_subdag_operator' retrieved from /home/airflow/.local/lib/python3.12/site-packages/airflow/example_dags/example_subdag_operator.py
[2024-11-08T11:52:59.690+0000] {logging_mixin.py:190} INFO - [2024-11-08T11:52:59.683+0000] {dag.py:3239} INFO - Sync 3 DAGs
[2024-11-08T11:52:59.821+0000] {logging_mixin.py:190} INFO - [2024-11-08T11:52:59.820+0000] {dag.py:4180} INFO - Setting next_dagrun for example_subdag_operator to 2022-01-01 00:00:00+00:00, run_after=2022-01-01 00:00:00+00:00
[2024-11-08T11:52:59.841+0000] {logging_mixin.py:190} INFO - [2024-11-08T11:52:59.840+0000] {dag.py:4180} INFO - Setting next_dagrun for example_subdag_operator.section-1 to None, run_after=None
[2024-11-08T11:52:59.854+0000] {logging_mixin.py:190} INFO - [2024-11-08T11:52:59.853+0000] {dag.py:4180} INFO - Setting next_dagrun for example_subdag_operator.section-2 to None, run_after=None
[2024-11-08T11:52:59.896+0000] {logging_mixin.py:190} INFO - [2024-11-08T11:52:59.895+0000] {dag.py:3239} INFO - Sync 2 DAGs
[2024-11-08T11:52:59.920+0000] {logging_mixin.py:190} INFO - [2024-11-08T11:52:59.919+0000] {dag.py:4180} INFO - Setting next_dagrun for example_subdag_operator.section-1 to None, run_after=None
[2024-11-08T11:52:59.923+0000] {logging_mixin.py:190} INFO - [2024-11-08T11:52:59.923+0000] {dag.py:4180} INFO - Setting next_dagrun for example_subdag_operator.section-2 to None, run_after=None
[2024-11-08T11:52:59.977+0000] {processor.py:208} INFO - Processing /home/airflow/.local/lib/python3.12/site-packages/airflow/example_dags/example_subdag_operator.py took 0.561 seconds
[2024-11-08T11:53:37.156+0000] {processor.py:186} INFO - Started process (PID=439) to work on /home/airflow/.local/lib/python3.12/site-packages/airflow/example_dags/example_subdag_operator.py
[2024-11-08T11:53:37.170+0000] {processor.py:914} INFO - Processing file /home/airflow/.local/lib/python3.12/site-packages/airflow/example_dags/example_subdag_operator.py for tasks to queue
[2024-11-08T11:53:37.189+0000] {logging_mixin.py:190} INFO - [2024-11-08T11:53:37.188+0000] {dagbag.py:588} INFO - Filling up the DagBag from /home/airflow/.local/lib/python3.12/site-packages/airflow/example_dags/example_subdag_operator.py
[2024-11-08T11:53:37.388+0000] {processor.py:925} INFO - DAG(s) 'example_subdag_operator.section-1', 'example_subdag_operator.section-2', 'example_subdag_operator' retrieved from /home/airflow/.local/lib/python3.12/site-packages/airflow/example_dags/example_subdag_operator.py
[2024-11-08T11:53:37.491+0000] {logging_mixin.py:190} INFO - [2024-11-08T11:53:37.490+0000] {dag.py:3239} INFO - Sync 3 DAGs
[2024-11-08T11:53:37.606+0000] {logging_mixin.py:190} INFO - [2024-11-08T11:53:37.606+0000] {dag.py:4180} INFO - Setting next_dagrun for example_subdag_operator to 2022-01-01 00:00:00+00:00, run_after=2022-01-01 00:00:00+00:00
[2024-11-08T11:53:37.623+0000] {logging_mixin.py:190} INFO - [2024-11-08T11:53:37.623+0000] {dag.py:4180} INFO - Setting next_dagrun for example_subdag_operator.section-1 to None, run_after=None
[2024-11-08T11:53:37.629+0000] {logging_mixin.py:190} INFO - [2024-11-08T11:53:37.629+0000] {dag.py:4180} INFO - Setting next_dagrun for example_subdag_operator.section-2 to None, run_after=None
[2024-11-08T11:53:37.665+0000] {logging_mixin.py:190} INFO - [2024-11-08T11:53:37.664+0000] {dag.py:3239} INFO - Sync 2 DAGs
[2024-11-08T11:53:37.686+0000] {logging_mixin.py:190} INFO - [2024-11-08T11:53:37.686+0000] {dag.py:4180} INFO - Setting next_dagrun for example_subdag_operator.section-1 to None, run_after=None
[2024-11-08T11:53:37.688+0000] {logging_mixin.py:190} INFO - [2024-11-08T11:53:37.687+0000] {dag.py:4180} INFO - Setting next_dagrun for example_subdag_operator.section-2 to None, run_after=None
[2024-11-08T11:53:37.724+0000] {processor.py:208} INFO - Processing /home/airflow/.local/lib/python3.12/site-packages/airflow/example_dags/example_subdag_operator.py took 0.602 seconds
[2024-11-08T11:54:20.744+0000] {processor.py:186} INFO - Started process (PID=520) to work on /home/airflow/.local/lib/python3.12/site-packages/airflow/example_dags/example_subdag_operator.py
[2024-11-08T11:54:20.763+0000] {processor.py:914} INFO - Processing file /home/airflow/.local/lib/python3.12/site-packages/airflow/example_dags/example_subdag_operator.py for tasks to queue
[2024-11-08T11:54:20.774+0000] {logging_mixin.py:190} INFO - [2024-11-08T11:54:20.773+0000] {dagbag.py:588} INFO - Filling up the DagBag from /home/airflow/.local/lib/python3.12/site-packages/airflow/example_dags/example_subdag_operator.py
[2024-11-08T11:54:20.908+0000] {processor.py:925} INFO - DAG(s) 'example_subdag_operator.section-1', 'example_subdag_operator.section-2', 'example_subdag_operator' retrieved from /home/airflow/.local/lib/python3.12/site-packages/airflow/example_dags/example_subdag_operator.py
[2024-11-08T11:54:21.046+0000] {logging_mixin.py:190} INFO - [2024-11-08T11:54:21.046+0000] {dag.py:3239} INFO - Sync 3 DAGs
[2024-11-08T11:54:21.234+0000] {logging_mixin.py:190} INFO - [2024-11-08T11:54:21.233+0000] {dag.py:4180} INFO - Setting next_dagrun for example_subdag_operator to 2022-01-01 00:00:00+00:00, run_after=2022-01-01 00:00:00+00:00
[2024-11-08T11:54:21.269+0000] {logging_mixin.py:190} INFO - [2024-11-08T11:54:21.268+0000] {dag.py:4180} INFO - Setting next_dagrun for example_subdag_operator.section-1 to None, run_after=None
[2024-11-08T11:54:21.283+0000] {logging_mixin.py:190} INFO - [2024-11-08T11:54:21.283+0000] {dag.py:4180} INFO - Setting next_dagrun for example_subdag_operator.section-2 to None, run_after=None
[2024-11-08T11:54:21.332+0000] {logging_mixin.py:190} INFO - [2024-11-08T11:54:21.332+0000] {dag.py:3239} INFO - Sync 2 DAGs
[2024-11-08T11:54:21.358+0000] {logging_mixin.py:190} INFO - [2024-11-08T11:54:21.358+0000] {dag.py:4180} INFO - Setting next_dagrun for example_subdag_operator.section-1 to None, run_after=None
[2024-11-08T11:54:21.363+0000] {logging_mixin.py:190} INFO - [2024-11-08T11:54:21.362+0000] {dag.py:4180} INFO - Setting next_dagrun for example_subdag_operator.section-2 to None, run_after=None
[2024-11-08T11:54:21.431+0000] {processor.py:208} INFO - Processing /home/airflow/.local/lib/python3.12/site-packages/airflow/example_dags/example_subdag_operator.py took 0.714 seconds
[2024-11-08T11:54:52.471+0000] {processor.py:186} INFO - Started process (PID=584) to work on /home/airflow/.local/lib/python3.12/site-packages/airflow/example_dags/example_subdag_operator.py
[2024-11-08T11:54:52.492+0000] {processor.py:914} INFO - Processing file /home/airflow/.local/lib/python3.12/site-packages/airflow/example_dags/example_subdag_operator.py for tasks to queue
[2024-11-08T11:54:52.508+0000] {logging_mixin.py:190} INFO - [2024-11-08T11:54:52.507+0000] {dagbag.py:588} INFO - Filling up the DagBag from /home/airflow/.local/lib/python3.12/site-packages/airflow/example_dags/example_subdag_operator.py
[2024-11-08T11:54:52.722+0000] {processor.py:925} INFO - DAG(s) 'example_subdag_operator.section-1', 'example_subdag_operator.section-2', 'example_subdag_operator' retrieved from /home/airflow/.local/lib/python3.12/site-packages/airflow/example_dags/example_subdag_operator.py
[2024-11-08T11:54:52.848+0000] {logging_mixin.py:190} INFO - [2024-11-08T11:54:52.847+0000] {dag.py:3239} INFO - Sync 3 DAGs
[2024-11-08T11:54:53.011+0000] {logging_mixin.py:190} INFO - [2024-11-08T11:54:53.011+0000] {dag.py:4180} INFO - Setting next_dagrun for example_subdag_operator to 2022-01-01 00:00:00+00:00, run_after=2022-01-01 00:00:00+00:00
[2024-11-08T11:54:53.044+0000] {logging_mixin.py:190} INFO - [2024-11-08T11:54:53.043+0000] {dag.py:4180} INFO - Setting next_dagrun for example_subdag_operator.section-1 to None, run_after=None
[2024-11-08T11:54:53.058+0000] {logging_mixin.py:190} INFO - [2024-11-08T11:54:53.057+0000] {dag.py:4180} INFO - Setting next_dagrun for example_subdag_operator.section-2 to None, run_after=None
[2024-11-08T11:54:53.099+0000] {logging_mixin.py:190} INFO - [2024-11-08T11:54:53.098+0000] {dag.py:3239} INFO - Sync 2 DAGs
[2024-11-08T11:54:53.146+0000] {logging_mixin.py:190} INFO - [2024-11-08T11:54:53.146+0000] {dag.py:4180} INFO - Setting next_dagrun for example_subdag_operator.section-1 to None, run_after=None
[2024-11-08T11:54:53.148+0000] {logging_mixin.py:190} INFO - [2024-11-08T11:54:53.147+0000] {dag.py:4180} INFO - Setting next_dagrun for example_subdag_operator.section-2 to None, run_after=None
[2024-11-08T11:54:53.195+0000] {processor.py:208} INFO - Processing /home/airflow/.local/lib/python3.12/site-packages/airflow/example_dags/example_subdag_operator.py took 0.750 seconds
[2024-11-08T12:02:00.045+0000] {processor.py:186} INFO - Started process (PID=142) to work on /home/airflow/.local/lib/python3.12/site-packages/airflow/example_dags/example_subdag_operator.py
[2024-11-08T12:02:00.067+0000] {processor.py:914} INFO - Processing file /home/airflow/.local/lib/python3.12/site-packages/airflow/example_dags/example_subdag_operator.py for tasks to queue
[2024-11-08T12:02:00.085+0000] {logging_mixin.py:190} INFO - [2024-11-08T12:02:00.084+0000] {dagbag.py:588} INFO - Filling up the DagBag from /home/airflow/.local/lib/python3.12/site-packages/airflow/example_dags/example_subdag_operator.py
[2024-11-08T12:02:00.349+0000] {processor.py:925} INFO - DAG(s) 'example_subdag_operator.section-1', 'example_subdag_operator.section-2', 'example_subdag_operator' retrieved from /home/airflow/.local/lib/python3.12/site-packages/airflow/example_dags/example_subdag_operator.py
[2024-11-08T12:02:00.493+0000] {logging_mixin.py:190} INFO - [2024-11-08T12:02:00.492+0000] {dag.py:3239} INFO - Sync 3 DAGs
[2024-11-08T12:02:00.703+0000] {logging_mixin.py:190} INFO - [2024-11-08T12:02:00.702+0000] {dag.py:4180} INFO - Setting next_dagrun for example_subdag_operator to 2022-01-01 00:00:00+00:00, run_after=2022-01-01 00:00:00+00:00
[2024-11-08T12:02:00.733+0000] {logging_mixin.py:190} INFO - [2024-11-08T12:02:00.732+0000] {dag.py:4180} INFO - Setting next_dagrun for example_subdag_operator.section-1 to None, run_after=None
[2024-11-08T12:02:00.745+0000] {logging_mixin.py:190} INFO - [2024-11-08T12:02:00.744+0000] {dag.py:4180} INFO - Setting next_dagrun for example_subdag_operator.section-2 to None, run_after=None
[2024-11-08T12:02:00.798+0000] {logging_mixin.py:190} INFO - [2024-11-08T12:02:00.797+0000] {dag.py:3239} INFO - Sync 2 DAGs
[2024-11-08T12:02:00.846+0000] {logging_mixin.py:190} INFO - [2024-11-08T12:02:00.845+0000] {dag.py:4180} INFO - Setting next_dagrun for example_subdag_operator.section-1 to None, run_after=None
[2024-11-08T12:02:00.863+0000] {logging_mixin.py:190} INFO - [2024-11-08T12:02:00.863+0000] {dag.py:4180} INFO - Setting next_dagrun for example_subdag_operator.section-2 to None, run_after=None
[2024-11-08T12:02:00.938+0000] {processor.py:208} INFO - Processing /home/airflow/.local/lib/python3.12/site-packages/airflow/example_dags/example_subdag_operator.py took 0.932 seconds
[2024-11-08T12:02:49.409+0000] {processor.py:186} INFO - Started process (PID=223) to work on /home/airflow/.local/lib/python3.12/site-packages/airflow/example_dags/example_subdag_operator.py
[2024-11-08T12:02:49.437+0000] {processor.py:914} INFO - Processing file /home/airflow/.local/lib/python3.12/site-packages/airflow/example_dags/example_subdag_operator.py for tasks to queue
[2024-11-08T12:02:49.451+0000] {logging_mixin.py:190} INFO - [2024-11-08T12:02:49.450+0000] {dagbag.py:588} INFO - Filling up the DagBag from /home/airflow/.local/lib/python3.12/site-packages/airflow/example_dags/example_subdag_operator.py
[2024-11-08T12:02:49.594+0000] {processor.py:925} INFO - DAG(s) 'example_subdag_operator.section-1', 'example_subdag_operator.section-2', 'example_subdag_operator' retrieved from /home/airflow/.local/lib/python3.12/site-packages/airflow/example_dags/example_subdag_operator.py
[2024-11-08T12:02:49.713+0000] {logging_mixin.py:190} INFO - [2024-11-08T12:02:49.712+0000] {dag.py:3239} INFO - Sync 3 DAGs
[2024-11-08T12:02:49.900+0000] {logging_mixin.py:190} INFO - [2024-11-08T12:02:49.899+0000] {dag.py:4180} INFO - Setting next_dagrun for example_subdag_operator to 2022-01-01 00:00:00+00:00, run_after=2022-01-01 00:00:00+00:00
[2024-11-08T12:02:49.932+0000] {logging_mixin.py:190} INFO - [2024-11-08T12:02:49.932+0000] {dag.py:4180} INFO - Setting next_dagrun for example_subdag_operator.section-1 to None, run_after=None
[2024-11-08T12:02:49.981+0000] {logging_mixin.py:190} INFO - [2024-11-08T12:02:49.980+0000] {dag.py:4180} INFO - Setting next_dagrun for example_subdag_operator.section-2 to None, run_after=None
[2024-11-08T12:02:50.047+0000] {logging_mixin.py:190} INFO - [2024-11-08T12:02:50.046+0000] {dag.py:3239} INFO - Sync 2 DAGs
[2024-11-08T12:02:50.111+0000] {logging_mixin.py:190} INFO - [2024-11-08T12:02:50.111+0000] {dag.py:4180} INFO - Setting next_dagrun for example_subdag_operator.section-1 to None, run_after=None
[2024-11-08T12:02:50.113+0000] {logging_mixin.py:190} INFO - [2024-11-08T12:02:50.113+0000] {dag.py:4180} INFO - Setting next_dagrun for example_subdag_operator.section-2 to None, run_after=None
[2024-11-08T12:02:50.197+0000] {processor.py:208} INFO - Processing /home/airflow/.local/lib/python3.12/site-packages/airflow/example_dags/example_subdag_operator.py took 0.815 seconds
[2024-11-08T12:03:48.823+0000] {processor.py:186} INFO - Started process (PID=308) to work on /home/airflow/.local/lib/python3.12/site-packages/airflow/example_dags/example_subdag_operator.py
[2024-11-08T12:03:48.829+0000] {processor.py:914} INFO - Processing file /home/airflow/.local/lib/python3.12/site-packages/airflow/example_dags/example_subdag_operator.py for tasks to queue
[2024-11-08T12:03:48.837+0000] {logging_mixin.py:190} INFO - [2024-11-08T12:03:48.836+0000] {dagbag.py:588} INFO - Filling up the DagBag from /home/airflow/.local/lib/python3.12/site-packages/airflow/example_dags/example_subdag_operator.py
[2024-11-08T12:03:48.980+0000] {processor.py:925} INFO - DAG(s) 'example_subdag_operator.section-1', 'example_subdag_operator.section-2', 'example_subdag_operator' retrieved from /home/airflow/.local/lib/python3.12/site-packages/airflow/example_dags/example_subdag_operator.py
[2024-11-08T12:03:49.066+0000] {logging_mixin.py:190} INFO - [2024-11-08T12:03:49.066+0000] {dag.py:3239} INFO - Sync 3 DAGs
[2024-11-08T12:03:49.181+0000] {logging_mixin.py:190} INFO - [2024-11-08T12:03:49.180+0000] {dag.py:4180} INFO - Setting next_dagrun for example_subdag_operator to 2022-01-01 00:00:00+00:00, run_after=2022-01-01 00:00:00+00:00
[2024-11-08T12:03:49.210+0000] {logging_mixin.py:190} INFO - [2024-11-08T12:03:49.210+0000] {dag.py:4180} INFO - Setting next_dagrun for example_subdag_operator.section-1 to None, run_after=None
[2024-11-08T12:03:49.215+0000] {logging_mixin.py:190} INFO - [2024-11-08T12:03:49.214+0000] {dag.py:4180} INFO - Setting next_dagrun for example_subdag_operator.section-2 to None, run_after=None
[2024-11-08T12:03:49.249+0000] {logging_mixin.py:190} INFO - [2024-11-08T12:03:49.242+0000] {dag.py:3239} INFO - Sync 2 DAGs
[2024-11-08T12:03:49.264+0000] {logging_mixin.py:190} INFO - [2024-11-08T12:03:49.264+0000] {dag.py:4180} INFO - Setting next_dagrun for example_subdag_operator.section-1 to None, run_after=None
[2024-11-08T12:03:49.281+0000] {logging_mixin.py:190} INFO - [2024-11-08T12:03:49.281+0000] {dag.py:4180} INFO - Setting next_dagrun for example_subdag_operator.section-2 to None, run_after=None
[2024-11-08T12:03:49.330+0000] {processor.py:208} INFO - Processing /home/airflow/.local/lib/python3.12/site-packages/airflow/example_dags/example_subdag_operator.py took 0.530 seconds
[2024-11-08T12:04:24.091+0000] {processor.py:186} INFO - Started process (PID=373) to work on /home/airflow/.local/lib/python3.12/site-packages/airflow/example_dags/example_subdag_operator.py
[2024-11-08T12:04:24.209+0000] {processor.py:914} INFO - Processing file /home/airflow/.local/lib/python3.12/site-packages/airflow/example_dags/example_subdag_operator.py for tasks to queue
[2024-11-08T12:04:24.265+0000] {logging_mixin.py:190} INFO - [2024-11-08T12:04:24.264+0000] {dagbag.py:588} INFO - Filling up the DagBag from /home/airflow/.local/lib/python3.12/site-packages/airflow/example_dags/example_subdag_operator.py
[2024-11-08T12:04:24.525+0000] {processor.py:925} INFO - DAG(s) 'example_subdag_operator.section-1', 'example_subdag_operator.section-2', 'example_subdag_operator' retrieved from /home/airflow/.local/lib/python3.12/site-packages/airflow/example_dags/example_subdag_operator.py
[2024-11-08T12:04:24.686+0000] {logging_mixin.py:190} INFO - [2024-11-08T12:04:24.686+0000] {dag.py:3239} INFO - Sync 3 DAGs
[2024-11-08T12:04:24.859+0000] {logging_mixin.py:190} INFO - [2024-11-08T12:04:24.858+0000] {dag.py:4180} INFO - Setting next_dagrun for example_subdag_operator to 2022-01-01 00:00:00+00:00, run_after=2022-01-01 00:00:00+00:00
[2024-11-08T12:04:24.888+0000] {logging_mixin.py:190} INFO - [2024-11-08T12:04:24.887+0000] {dag.py:4180} INFO - Setting next_dagrun for example_subdag_operator.section-1 to None, run_after=None
[2024-11-08T12:04:24.895+0000] {logging_mixin.py:190} INFO - [2024-11-08T12:04:24.895+0000] {dag.py:4180} INFO - Setting next_dagrun for example_subdag_operator.section-2 to None, run_after=None
[2024-11-08T12:04:24.956+0000] {logging_mixin.py:190} INFO - [2024-11-08T12:04:24.945+0000] {dag.py:3239} INFO - Sync 2 DAGs
[2024-11-08T12:04:24.990+0000] {logging_mixin.py:190} INFO - [2024-11-08T12:04:24.990+0000] {dag.py:4180} INFO - Setting next_dagrun for example_subdag_operator.section-1 to None, run_after=None
[2024-11-08T12:04:25.004+0000] {logging_mixin.py:190} INFO - [2024-11-08T12:04:25.004+0000] {dag.py:4180} INFO - Setting next_dagrun for example_subdag_operator.section-2 to None, run_after=None
[2024-11-08T12:04:25.122+0000] {processor.py:208} INFO - Processing /home/airflow/.local/lib/python3.12/site-packages/airflow/example_dags/example_subdag_operator.py took 1.066 seconds
[2024-11-08T12:05:01.877+0000] {processor.py:186} INFO - Started process (PID=437) to work on /home/airflow/.local/lib/python3.12/site-packages/airflow/example_dags/example_subdag_operator.py
[2024-11-08T12:05:01.883+0000] {processor.py:914} INFO - Processing file /home/airflow/.local/lib/python3.12/site-packages/airflow/example_dags/example_subdag_operator.py for tasks to queue
[2024-11-08T12:05:01.895+0000] {logging_mixin.py:190} INFO - [2024-11-08T12:05:01.894+0000] {dagbag.py:588} INFO - Filling up the DagBag from /home/airflow/.local/lib/python3.12/site-packages/airflow/example_dags/example_subdag_operator.py
[2024-11-08T12:05:02.019+0000] {processor.py:925} INFO - DAG(s) 'example_subdag_operator.section-1', 'example_subdag_operator.section-2', 'example_subdag_operator' retrieved from /home/airflow/.local/lib/python3.12/site-packages/airflow/example_dags/example_subdag_operator.py
[2024-11-08T12:05:02.130+0000] {logging_mixin.py:190} INFO - [2024-11-08T12:05:02.122+0000] {dag.py:3239} INFO - Sync 3 DAGs
[2024-11-08T12:05:02.323+0000] {logging_mixin.py:190} INFO - [2024-11-08T12:05:02.323+0000] {dag.py:4180} INFO - Setting next_dagrun for example_subdag_operator to 2022-01-01 00:00:00+00:00, run_after=2022-01-01 00:00:00+00:00
[2024-11-08T12:05:02.348+0000] {logging_mixin.py:190} INFO - [2024-11-08T12:05:02.345+0000] {dag.py:4180} INFO - Setting next_dagrun for example_subdag_operator.section-1 to None, run_after=None
[2024-11-08T12:05:02.359+0000] {logging_mixin.py:190} INFO - [2024-11-08T12:05:02.359+0000] {dag.py:4180} INFO - Setting next_dagrun for example_subdag_operator.section-2 to None, run_after=None
[2024-11-08T12:05:02.415+0000] {logging_mixin.py:190} INFO - [2024-11-08T12:05:02.412+0000] {dag.py:3239} INFO - Sync 2 DAGs
[2024-11-08T12:05:02.440+0000] {logging_mixin.py:190} INFO - [2024-11-08T12:05:02.439+0000] {dag.py:4180} INFO - Setting next_dagrun for example_subdag_operator.section-1 to None, run_after=None
[2024-11-08T12:05:02.445+0000] {logging_mixin.py:190} INFO - [2024-11-08T12:05:02.445+0000] {dag.py:4180} INFO - Setting next_dagrun for example_subdag_operator.section-2 to None, run_after=None
[2024-11-08T12:05:02.517+0000] {processor.py:208} INFO - Processing /home/airflow/.local/lib/python3.12/site-packages/airflow/example_dags/example_subdag_operator.py took 0.663 seconds
[2024-11-08T12:06:32.655+0000] {processor.py:186} INFO - Started process (PID=537) to work on /home/airflow/.local/lib/python3.12/site-packages/airflow/example_dags/example_subdag_operator.py
[2024-11-08T12:06:32.671+0000] {processor.py:914} INFO - Processing file /home/airflow/.local/lib/python3.12/site-packages/airflow/example_dags/example_subdag_operator.py for tasks to queue
[2024-11-08T12:06:32.688+0000] {logging_mixin.py:190} INFO - [2024-11-08T12:06:32.687+0000] {dagbag.py:588} INFO - Filling up the DagBag from /home/airflow/.local/lib/python3.12/site-packages/airflow/example_dags/example_subdag_operator.py
[2024-11-08T12:06:32.878+0000] {processor.py:925} INFO - DAG(s) 'example_subdag_operator.section-1', 'example_subdag_operator.section-2', 'example_subdag_operator' retrieved from /home/airflow/.local/lib/python3.12/site-packages/airflow/example_dags/example_subdag_operator.py
[2024-11-08T12:06:32.983+0000] {logging_mixin.py:190} INFO - [2024-11-08T12:06:32.983+0000] {dag.py:3239} INFO - Sync 3 DAGs
[2024-11-08T12:06:33.107+0000] {logging_mixin.py:190} INFO - [2024-11-08T12:06:33.103+0000] {dag.py:4180} INFO - Setting next_dagrun for example_subdag_operator to 2022-01-01 00:00:00+00:00, run_after=2022-01-01 00:00:00+00:00
[2024-11-08T12:06:33.133+0000] {logging_mixin.py:190} INFO - [2024-11-08T12:06:33.133+0000] {dag.py:4180} INFO - Setting next_dagrun for example_subdag_operator.section-1 to None, run_after=None
[2024-11-08T12:06:33.147+0000] {logging_mixin.py:190} INFO - [2024-11-08T12:06:33.146+0000] {dag.py:4180} INFO - Setting next_dagrun for example_subdag_operator.section-2 to None, run_after=None
[2024-11-08T12:06:33.196+0000] {logging_mixin.py:190} INFO - [2024-11-08T12:06:33.195+0000] {dag.py:3239} INFO - Sync 2 DAGs
[2024-11-08T12:06:33.242+0000] {logging_mixin.py:190} INFO - [2024-11-08T12:06:33.242+0000] {dag.py:4180} INFO - Setting next_dagrun for example_subdag_operator.section-1 to None, run_after=None
[2024-11-08T12:06:33.247+0000] {logging_mixin.py:190} INFO - [2024-11-08T12:06:33.246+0000] {dag.py:4180} INFO - Setting next_dagrun for example_subdag_operator.section-2 to None, run_after=None
[2024-11-08T12:06:33.321+0000] {processor.py:208} INFO - Processing /home/airflow/.local/lib/python3.12/site-packages/airflow/example_dags/example_subdag_operator.py took 0.716 seconds
[2024-11-08T12:07:22.984+0000] {processor.py:186} INFO - Started process (PID=615) to work on /home/airflow/.local/lib/python3.12/site-packages/airflow/example_dags/example_subdag_operator.py
[2024-11-08T12:07:22.988+0000] {processor.py:914} INFO - Processing file /home/airflow/.local/lib/python3.12/site-packages/airflow/example_dags/example_subdag_operator.py for tasks to queue
[2024-11-08T12:07:22.999+0000] {logging_mixin.py:190} INFO - [2024-11-08T12:07:22.998+0000] {dagbag.py:588} INFO - Filling up the DagBag from /home/airflow/.local/lib/python3.12/site-packages/airflow/example_dags/example_subdag_operator.py
[2024-11-08T12:07:23.115+0000] {processor.py:925} INFO - DAG(s) 'example_subdag_operator.section-1', 'example_subdag_operator.section-2', 'example_subdag_operator' retrieved from /home/airflow/.local/lib/python3.12/site-packages/airflow/example_dags/example_subdag_operator.py
[2024-11-08T12:07:23.176+0000] {logging_mixin.py:190} INFO - [2024-11-08T12:07:23.176+0000] {dag.py:3239} INFO - Sync 3 DAGs
[2024-11-08T12:07:23.308+0000] {logging_mixin.py:190} INFO - [2024-11-08T12:07:23.307+0000] {dag.py:4180} INFO - Setting next_dagrun for example_subdag_operator to 2022-01-01 00:00:00+00:00, run_after=2022-01-01 00:00:00+00:00
[2024-11-08T12:07:23.355+0000] {logging_mixin.py:190} INFO - [2024-11-08T12:07:23.355+0000] {dag.py:4180} INFO - Setting next_dagrun for example_subdag_operator.section-1 to None, run_after=None
[2024-11-08T12:07:23.369+0000] {logging_mixin.py:190} INFO - [2024-11-08T12:07:23.369+0000] {dag.py:4180} INFO - Setting next_dagrun for example_subdag_operator.section-2 to None, run_after=None
[2024-11-08T12:07:23.411+0000] {logging_mixin.py:190} INFO - [2024-11-08T12:07:23.410+0000] {dag.py:3239} INFO - Sync 2 DAGs
[2024-11-08T12:07:23.445+0000] {logging_mixin.py:190} INFO - [2024-11-08T12:07:23.444+0000] {dag.py:4180} INFO - Setting next_dagrun for example_subdag_operator.section-1 to None, run_after=None
[2024-11-08T12:07:23.460+0000] {logging_mixin.py:190} INFO - [2024-11-08T12:07:23.459+0000] {dag.py:4180} INFO - Setting next_dagrun for example_subdag_operator.section-2 to None, run_after=None
[2024-11-08T12:07:23.529+0000] {processor.py:208} INFO - Processing /home/airflow/.local/lib/python3.12/site-packages/airflow/example_dags/example_subdag_operator.py took 0.561 seconds
[2024-11-08T12:07:58.965+0000] {processor.py:186} INFO - Started process (PID=680) to work on /home/airflow/.local/lib/python3.12/site-packages/airflow/example_dags/example_subdag_operator.py
[2024-11-08T12:07:58.970+0000] {processor.py:914} INFO - Processing file /home/airflow/.local/lib/python3.12/site-packages/airflow/example_dags/example_subdag_operator.py for tasks to queue
[2024-11-08T12:07:58.977+0000] {logging_mixin.py:190} INFO - [2024-11-08T12:07:58.976+0000] {dagbag.py:588} INFO - Filling up the DagBag from /home/airflow/.local/lib/python3.12/site-packages/airflow/example_dags/example_subdag_operator.py
[2024-11-08T12:07:59.120+0000] {processor.py:925} INFO - DAG(s) 'example_subdag_operator.section-1', 'example_subdag_operator.section-2', 'example_subdag_operator' retrieved from /home/airflow/.local/lib/python3.12/site-packages/airflow/example_dags/example_subdag_operator.py
[2024-11-08T12:07:59.231+0000] {logging_mixin.py:190} INFO - [2024-11-08T12:07:59.230+0000] {dag.py:3239} INFO - Sync 3 DAGs
[2024-11-08T12:07:59.410+0000] {logging_mixin.py:190} INFO - [2024-11-08T12:07:59.409+0000] {dag.py:4180} INFO - Setting next_dagrun for example_subdag_operator to 2022-01-01 00:00:00+00:00, run_after=2022-01-01 00:00:00+00:00
[2024-11-08T12:07:59.440+0000] {logging_mixin.py:190} INFO - [2024-11-08T12:07:59.439+0000] {dag.py:4180} INFO - Setting next_dagrun for example_subdag_operator.section-1 to None, run_after=None
[2024-11-08T12:07:59.444+0000] {logging_mixin.py:190} INFO - [2024-11-08T12:07:59.444+0000] {dag.py:4180} INFO - Setting next_dagrun for example_subdag_operator.section-2 to None, run_after=None
[2024-11-08T12:07:59.485+0000] {logging_mixin.py:190} INFO - [2024-11-08T12:07:59.485+0000] {dag.py:3239} INFO - Sync 2 DAGs
[2024-11-08T12:07:59.500+0000] {logging_mixin.py:190} INFO - [2024-11-08T12:07:59.499+0000] {dag.py:4180} INFO - Setting next_dagrun for example_subdag_operator.section-1 to None, run_after=None
[2024-11-08T12:07:59.502+0000] {logging_mixin.py:190} INFO - [2024-11-08T12:07:59.501+0000] {dag.py:4180} INFO - Setting next_dagrun for example_subdag_operator.section-2 to None, run_after=None
[2024-11-08T12:07:59.547+0000] {processor.py:208} INFO - Processing /home/airflow/.local/lib/python3.12/site-packages/airflow/example_dags/example_subdag_operator.py took 0.608 seconds
