[2024-11-08T11:50:08.903+0000] {processor.py:186} INFO - Started process (PID=131) to work on /home/airflow/.local/lib/python3.12/site-packages/airflow/example_dags/example_inlet_event_extra.py
[2024-11-08T11:50:08.938+0000] {processor.py:914} INFO - Processing file /home/airflow/.local/lib/python3.12/site-packages/airflow/example_dags/example_inlet_event_extra.py for tasks to queue
[2024-11-08T11:50:08.958+0000] {logging_mixin.py:190} INFO - [2024-11-08T11:50:08.957+0000] {dagbag.py:588} INFO - Filling up the DagBag from /home/airflow/.local/lib/python3.12/site-packages/airflow/example_dags/example_inlet_event_extra.py
[2024-11-08T11:50:21.691+0000] {processor.py:925} INFO - DAG(s) 'read_dataset_event_from_classic', 'read_dataset_event' retrieved from /home/airflow/.local/lib/python3.12/site-packages/airflow/example_dags/example_inlet_event_extra.py
[2024-11-08T11:50:23.621+0000] {logging_mixin.py:190} INFO - [2024-11-08T11:50:23.517+0000] {override.py:1911} INFO - Created Permission View: can read on DAG:read_dataset_event_from_classic
[2024-11-08T11:50:23.885+0000] {logging_mixin.py:190} INFO - [2024-11-08T11:50:23.880+0000] {override.py:1911} INFO - Created Permission View: can edit on DAG:read_dataset_event_from_classic
[2024-11-08T11:50:23.945+0000] {logging_mixin.py:190} INFO - [2024-11-08T11:50:23.944+0000] {override.py:1911} INFO - Created Permission View: can delete on DAG:read_dataset_event_from_classic
[2024-11-08T11:50:24.058+0000] {logging_mixin.py:190} INFO - [2024-11-08T11:50:24.057+0000] {override.py:1911} INFO - Created Permission View: can read on DAG Run:read_dataset_event_from_classic
[2024-11-08T11:50:24.111+0000] {logging_mixin.py:190} INFO - [2024-11-08T11:50:24.104+0000] {override.py:1911} INFO - Created Permission View: menu access on DAG Run:read_dataset_event_from_classic
[2024-11-08T11:50:24.184+0000] {logging_mixin.py:190} INFO - [2024-11-08T11:50:24.183+0000] {override.py:1911} INFO - Created Permission View: can create on DAG Run:read_dataset_event_from_classic
[2024-11-08T11:50:24.245+0000] {logging_mixin.py:190} INFO - [2024-11-08T11:50:24.244+0000] {override.py:1911} INFO - Created Permission View: can delete on DAG Run:read_dataset_event_from_classic
[2024-11-08T11:50:24.355+0000] {logging_mixin.py:190} INFO - [2024-11-08T11:50:24.354+0000] {override.py:1911} INFO - Created Permission View: can read on DAG:read_dataset_event
[2024-11-08T11:50:24.427+0000] {logging_mixin.py:190} INFO - [2024-11-08T11:50:24.425+0000] {override.py:1911} INFO - Created Permission View: can edit on DAG:read_dataset_event
[2024-11-08T11:50:24.504+0000] {logging_mixin.py:190} INFO - [2024-11-08T11:50:24.503+0000] {override.py:1911} INFO - Created Permission View: can delete on DAG:read_dataset_event
[2024-11-08T11:50:24.559+0000] {logging_mixin.py:190} INFO - [2024-11-08T11:50:24.559+0000] {override.py:1911} INFO - Created Permission View: can read on DAG Run:read_dataset_event
[2024-11-08T11:50:24.622+0000] {logging_mixin.py:190} INFO - [2024-11-08T11:50:24.621+0000] {override.py:1911} INFO - Created Permission View: menu access on DAG Run:read_dataset_event
[2024-11-08T11:50:24.661+0000] {logging_mixin.py:190} INFO - [2024-11-08T11:50:24.660+0000] {override.py:1911} INFO - Created Permission View: can create on DAG Run:read_dataset_event
[2024-11-08T11:50:24.720+0000] {logging_mixin.py:190} INFO - [2024-11-08T11:50:24.719+0000] {override.py:1911} INFO - Created Permission View: can delete on DAG Run:read_dataset_event
[2024-11-08T11:50:24.730+0000] {logging_mixin.py:190} INFO - [2024-11-08T11:50:24.730+0000] {dag.py:3239} INFO - Sync 2 DAGs
[2024-11-08T11:50:24.850+0000] {logging_mixin.py:190} INFO - [2024-11-08T11:50:24.838+0000] {dag.py:3262} INFO - Creating ORM DAG for read_dataset_event_from_classic
[2024-11-08T11:50:24.866+0000] {logging_mixin.py:190} INFO - [2024-11-08T11:50:24.865+0000] {dag.py:3262} INFO - Creating ORM DAG for read_dataset_event
[2024-11-08T11:50:24.977+0000] {logging_mixin.py:190} INFO - [2024-11-08T11:50:24.976+0000] {dag.py:4180} INFO - Setting next_dagrun for read_dataset_event to 2024-11-07 00:00:00+00:00, run_after=2024-11-08 00:00:00+00:00
[2024-11-08T11:50:24.995+0000] {logging_mixin.py:190} INFO - [2024-11-08T11:50:24.994+0000] {dag.py:4180} INFO - Setting next_dagrun for read_dataset_event_from_classic to 2024-11-07 00:00:00+00:00, run_after=2024-11-08 00:00:00+00:00
[2024-11-08T11:50:25.123+0000] {processor.py:208} INFO - Processing /home/airflow/.local/lib/python3.12/site-packages/airflow/example_dags/example_inlet_event_extra.py took 16.277 seconds
[2024-11-08T11:51:24.078+0000] {processor.py:186} INFO - Started process (PID=207) to work on /home/airflow/.local/lib/python3.12/site-packages/airflow/example_dags/example_inlet_event_extra.py
[2024-11-08T11:51:24.097+0000] {processor.py:914} INFO - Processing file /home/airflow/.local/lib/python3.12/site-packages/airflow/example_dags/example_inlet_event_extra.py for tasks to queue
[2024-11-08T11:51:24.122+0000] {logging_mixin.py:190} INFO - [2024-11-08T11:51:24.118+0000] {dagbag.py:588} INFO - Filling up the DagBag from /home/airflow/.local/lib/python3.12/site-packages/airflow/example_dags/example_inlet_event_extra.py
[2024-11-08T11:51:29.193+0000] {processor.py:925} INFO - DAG(s) 'read_dataset_event', 'read_dataset_event_from_classic' retrieved from /home/airflow/.local/lib/python3.12/site-packages/airflow/example_dags/example_inlet_event_extra.py
[2024-11-08T11:51:29.346+0000] {logging_mixin.py:190} INFO - [2024-11-08T11:51:29.345+0000] {dag.py:3239} INFO - Sync 2 DAGs
[2024-11-08T11:51:29.532+0000] {logging_mixin.py:190} INFO - [2024-11-08T11:51:29.531+0000] {dag.py:4180} INFO - Setting next_dagrun for read_dataset_event to 2024-11-07 00:00:00+00:00, run_after=2024-11-08 00:00:00+00:00
[2024-11-08T11:51:29.567+0000] {logging_mixin.py:190} INFO - [2024-11-08T11:51:29.567+0000] {dag.py:4180} INFO - Setting next_dagrun for read_dataset_event_from_classic to 2024-11-07 00:00:00+00:00, run_after=2024-11-08 00:00:00+00:00
[2024-11-08T11:51:29.657+0000] {processor.py:208} INFO - Processing /home/airflow/.local/lib/python3.12/site-packages/airflow/example_dags/example_inlet_event_extra.py took 5.630 seconds
[2024-11-08T11:52:00.031+0000] {processor.py:186} INFO - Started process (PID=272) to work on /home/airflow/.local/lib/python3.12/site-packages/airflow/example_dags/example_inlet_event_extra.py
[2024-11-08T11:52:00.061+0000] {processor.py:914} INFO - Processing file /home/airflow/.local/lib/python3.12/site-packages/airflow/example_dags/example_inlet_event_extra.py for tasks to queue
[2024-11-08T11:52:00.117+0000] {logging_mixin.py:190} INFO - [2024-11-08T11:52:00.114+0000] {dagbag.py:588} INFO - Filling up the DagBag from /home/airflow/.local/lib/python3.12/site-packages/airflow/example_dags/example_inlet_event_extra.py
[2024-11-08T11:52:04.511+0000] {processor.py:925} INFO - DAG(s) 'read_dataset_event_from_classic', 'read_dataset_event' retrieved from /home/airflow/.local/lib/python3.12/site-packages/airflow/example_dags/example_inlet_event_extra.py
[2024-11-08T11:52:04.717+0000] {logging_mixin.py:190} INFO - [2024-11-08T11:52:04.716+0000] {dag.py:3239} INFO - Sync 2 DAGs
[2024-11-08T11:52:04.939+0000] {logging_mixin.py:190} INFO - [2024-11-08T11:52:04.939+0000] {dag.py:4180} INFO - Setting next_dagrun for read_dataset_event to 2024-11-07 00:00:00+00:00, run_after=2024-11-08 00:00:00+00:00
[2024-11-08T11:52:04.973+0000] {logging_mixin.py:190} INFO - [2024-11-08T11:52:04.972+0000] {dag.py:4180} INFO - Setting next_dagrun for read_dataset_event_from_classic to 2024-11-07 00:00:00+00:00, run_after=2024-11-08 00:00:00+00:00
[2024-11-08T11:52:05.117+0000] {processor.py:208} INFO - Processing /home/airflow/.local/lib/python3.12/site-packages/airflow/example_dags/example_inlet_event_extra.py took 5.237 seconds
[2024-11-08T11:52:35.421+0000] {processor.py:186} INFO - Started process (PID=338) to work on /home/airflow/.local/lib/python3.12/site-packages/airflow/example_dags/example_inlet_event_extra.py
[2024-11-08T11:52:35.426+0000] {processor.py:914} INFO - Processing file /home/airflow/.local/lib/python3.12/site-packages/airflow/example_dags/example_inlet_event_extra.py for tasks to queue
[2024-11-08T11:52:35.453+0000] {logging_mixin.py:190} INFO - [2024-11-08T11:52:35.443+0000] {dagbag.py:588} INFO - Filling up the DagBag from /home/airflow/.local/lib/python3.12/site-packages/airflow/example_dags/example_inlet_event_extra.py
[2024-11-08T11:52:39.427+0000] {processor.py:925} INFO - DAG(s) 'read_dataset_event', 'read_dataset_event_from_classic' retrieved from /home/airflow/.local/lib/python3.12/site-packages/airflow/example_dags/example_inlet_event_extra.py
[2024-11-08T11:52:39.554+0000] {logging_mixin.py:190} INFO - [2024-11-08T11:52:39.553+0000] {dag.py:3239} INFO - Sync 2 DAGs
[2024-11-08T11:52:39.755+0000] {logging_mixin.py:190} INFO - [2024-11-08T11:52:39.754+0000] {dag.py:4180} INFO - Setting next_dagrun for read_dataset_event to 2024-11-07 00:00:00+00:00, run_after=2024-11-08 00:00:00+00:00
[2024-11-08T11:52:39.806+0000] {logging_mixin.py:190} INFO - [2024-11-08T11:52:39.805+0000] {dag.py:4180} INFO - Setting next_dagrun for read_dataset_event_from_classic to 2024-11-07 00:00:00+00:00, run_after=2024-11-08 00:00:00+00:00
[2024-11-08T11:52:39.965+0000] {processor.py:208} INFO - Processing /home/airflow/.local/lib/python3.12/site-packages/airflow/example_dags/example_inlet_event_extra.py took 4.594 seconds
[2024-11-08T11:53:10.720+0000] {processor.py:186} INFO - Started process (PID=402) to work on /home/airflow/.local/lib/python3.12/site-packages/airflow/example_dags/example_inlet_event_extra.py
[2024-11-08T11:53:10.724+0000] {processor.py:914} INFO - Processing file /home/airflow/.local/lib/python3.12/site-packages/airflow/example_dags/example_inlet_event_extra.py for tasks to queue
[2024-11-08T11:53:10.739+0000] {logging_mixin.py:190} INFO - [2024-11-08T11:53:10.738+0000] {dagbag.py:588} INFO - Filling up the DagBag from /home/airflow/.local/lib/python3.12/site-packages/airflow/example_dags/example_inlet_event_extra.py
[2024-11-08T11:53:14.372+0000] {processor.py:925} INFO - DAG(s) 'read_dataset_event_from_classic', 'read_dataset_event' retrieved from /home/airflow/.local/lib/python3.12/site-packages/airflow/example_dags/example_inlet_event_extra.py
[2024-11-08T11:53:14.542+0000] {logging_mixin.py:190} INFO - [2024-11-08T11:53:14.541+0000] {dag.py:3239} INFO - Sync 2 DAGs
[2024-11-08T11:53:14.746+0000] {logging_mixin.py:190} INFO - [2024-11-08T11:53:14.745+0000] {dag.py:4180} INFO - Setting next_dagrun for read_dataset_event to 2024-11-07 00:00:00+00:00, run_after=2024-11-08 00:00:00+00:00
[2024-11-08T11:53:14.793+0000] {logging_mixin.py:190} INFO - [2024-11-08T11:53:14.792+0000] {dag.py:4180} INFO - Setting next_dagrun for read_dataset_event_from_classic to 2024-11-07 00:00:00+00:00, run_after=2024-11-08 00:00:00+00:00
[2024-11-08T11:53:14.921+0000] {processor.py:208} INFO - Processing /home/airflow/.local/lib/python3.12/site-packages/airflow/example_dags/example_inlet_event_extra.py took 4.239 seconds
[2024-11-08T11:53:46.631+0000] {processor.py:186} INFO - Started process (PID=466) to work on /home/airflow/.local/lib/python3.12/site-packages/airflow/example_dags/example_inlet_event_extra.py
[2024-11-08T11:53:46.642+0000] {processor.py:914} INFO - Processing file /home/airflow/.local/lib/python3.12/site-packages/airflow/example_dags/example_inlet_event_extra.py for tasks to queue
[2024-11-08T11:53:46.648+0000] {logging_mixin.py:190} INFO - [2024-11-08T11:53:46.647+0000] {dagbag.py:588} INFO - Filling up the DagBag from /home/airflow/.local/lib/python3.12/site-packages/airflow/example_dags/example_inlet_event_extra.py
[2024-11-08T11:53:50.867+0000] {processor.py:925} INFO - DAG(s) 'read_dataset_event_from_classic', 'read_dataset_event' retrieved from /home/airflow/.local/lib/python3.12/site-packages/airflow/example_dags/example_inlet_event_extra.py
[2024-11-08T11:53:51.012+0000] {logging_mixin.py:190} INFO - [2024-11-08T11:53:51.001+0000] {dag.py:3239} INFO - Sync 2 DAGs
[2024-11-08T11:53:51.249+0000] {logging_mixin.py:190} INFO - [2024-11-08T11:53:51.249+0000] {dag.py:4180} INFO - Setting next_dagrun for read_dataset_event to 2024-11-07 00:00:00+00:00, run_after=2024-11-08 00:00:00+00:00
[2024-11-08T11:53:51.358+0000] {logging_mixin.py:190} INFO - [2024-11-08T11:53:51.357+0000] {dag.py:4180} INFO - Setting next_dagrun for read_dataset_event_from_classic to 2024-11-07 00:00:00+00:00, run_after=2024-11-08 00:00:00+00:00
[2024-11-08T11:53:51.522+0000] {processor.py:208} INFO - Processing /home/airflow/.local/lib/python3.12/site-packages/airflow/example_dags/example_inlet_event_extra.py took 4.914 seconds
[2024-11-08T11:54:26.114+0000] {processor.py:186} INFO - Started process (PID=536) to work on /home/airflow/.local/lib/python3.12/site-packages/airflow/example_dags/example_inlet_event_extra.py
[2024-11-08T11:54:26.128+0000] {processor.py:914} INFO - Processing file /home/airflow/.local/lib/python3.12/site-packages/airflow/example_dags/example_inlet_event_extra.py for tasks to queue
[2024-11-08T11:54:26.157+0000] {logging_mixin.py:190} INFO - [2024-11-08T11:54:26.156+0000] {dagbag.py:588} INFO - Filling up the DagBag from /home/airflow/.local/lib/python3.12/site-packages/airflow/example_dags/example_inlet_event_extra.py
[2024-11-08T11:54:30.015+0000] {processor.py:925} INFO - DAG(s) 'read_dataset_event', 'read_dataset_event_from_classic' retrieved from /home/airflow/.local/lib/python3.12/site-packages/airflow/example_dags/example_inlet_event_extra.py
[2024-11-08T11:54:30.122+0000] {logging_mixin.py:190} INFO - [2024-11-08T11:54:30.121+0000] {dag.py:3239} INFO - Sync 2 DAGs
[2024-11-08T11:54:30.299+0000] {logging_mixin.py:190} INFO - [2024-11-08T11:54:30.298+0000] {dag.py:4180} INFO - Setting next_dagrun for read_dataset_event to 2024-11-07 00:00:00+00:00, run_after=2024-11-08 00:00:00+00:00
[2024-11-08T11:54:30.334+0000] {logging_mixin.py:190} INFO - [2024-11-08T11:54:30.325+0000] {dag.py:4180} INFO - Setting next_dagrun for read_dataset_event_from_classic to 2024-11-07 00:00:00+00:00, run_after=2024-11-08 00:00:00+00:00
[2024-11-08T11:54:30.426+0000] {processor.py:208} INFO - Processing /home/airflow/.local/lib/python3.12/site-packages/airflow/example_dags/example_inlet_event_extra.py took 4.344 seconds
[2024-11-08T11:55:01.162+0000] {processor.py:186} INFO - Started process (PID=599) to work on /home/airflow/.local/lib/python3.12/site-packages/airflow/example_dags/example_inlet_event_extra.py
[2024-11-08T11:55:01.167+0000] {processor.py:914} INFO - Processing file /home/airflow/.local/lib/python3.12/site-packages/airflow/example_dags/example_inlet_event_extra.py for tasks to queue
[2024-11-08T11:55:01.176+0000] {logging_mixin.py:190} INFO - [2024-11-08T11:55:01.175+0000] {dagbag.py:588} INFO - Filling up the DagBag from /home/airflow/.local/lib/python3.12/site-packages/airflow/example_dags/example_inlet_event_extra.py
[2024-11-08T11:55:04.272+0000] {processor.py:925} INFO - DAG(s) 'read_dataset_event', 'read_dataset_event_from_classic' retrieved from /home/airflow/.local/lib/python3.12/site-packages/airflow/example_dags/example_inlet_event_extra.py
[2024-11-08T11:55:04.364+0000] {logging_mixin.py:190} INFO - [2024-11-08T11:55:04.364+0000] {dag.py:3239} INFO - Sync 2 DAGs
[2024-11-08T11:55:04.565+0000] {logging_mixin.py:190} INFO - [2024-11-08T11:55:04.564+0000] {dag.py:4180} INFO - Setting next_dagrun for read_dataset_event to 2024-11-07 00:00:00+00:00, run_after=2024-11-08 00:00:00+00:00
[2024-11-08T11:55:04.587+0000] {logging_mixin.py:190} INFO - [2024-11-08T11:55:04.586+0000] {dag.py:4180} INFO - Setting next_dagrun for read_dataset_event_from_classic to 2024-11-07 00:00:00+00:00, run_after=2024-11-08 00:00:00+00:00
[2024-11-08T11:55:04.677+0000] {processor.py:208} INFO - Processing /home/airflow/.local/lib/python3.12/site-packages/airflow/example_dags/example_inlet_event_extra.py took 3.573 seconds
[2024-11-08T12:00:50.676+0000] {processor.py:186} INFO - Started process (PID=105) to work on /home/airflow/.local/lib/python3.12/site-packages/airflow/example_dags/example_inlet_event_extra.py
[2024-11-08T12:00:50.694+0000] {processor.py:914} INFO - Processing file /home/airflow/.local/lib/python3.12/site-packages/airflow/example_dags/example_inlet_event_extra.py for tasks to queue
[2024-11-08T12:00:50.765+0000] {logging_mixin.py:190} INFO - [2024-11-08T12:00:50.752+0000] {dagbag.py:588} INFO - Filling up the DagBag from /home/airflow/.local/lib/python3.12/site-packages/airflow/example_dags/example_inlet_event_extra.py
[2024-11-08T12:01:07.713+0000] {processor.py:925} INFO - DAG(s) 'read_dataset_event', 'read_dataset_event_from_classic' retrieved from /home/airflow/.local/lib/python3.12/site-packages/airflow/example_dags/example_inlet_event_extra.py
[2024-11-08T12:01:08.013+0000] {logging_mixin.py:190} INFO - [2024-11-08T12:01:08.013+0000] {dag.py:3239} INFO - Sync 2 DAGs
[2024-11-08T12:01:08.260+0000] {logging_mixin.py:190} INFO - [2024-11-08T12:01:08.259+0000] {dag.py:4180} INFO - Setting next_dagrun for read_dataset_event to 2024-11-07 00:00:00+00:00, run_after=2024-11-08 00:00:00+00:00
[2024-11-08T12:01:08.382+0000] {logging_mixin.py:190} INFO - [2024-11-08T12:01:08.381+0000] {dag.py:4180} INFO - Setting next_dagrun for read_dataset_event_from_classic to 2024-11-07 00:00:00+00:00, run_after=2024-11-08 00:00:00+00:00
[2024-11-08T12:01:08.643+0000] {processor.py:208} INFO - Processing /home/airflow/.local/lib/python3.12/site-packages/airflow/example_dags/example_inlet_event_extra.py took 18.179 seconds
[2024-11-08T12:02:22.522+0000] {processor.py:186} INFO - Started process (PID=181) to work on /home/airflow/.local/lib/python3.12/site-packages/airflow/example_dags/example_inlet_event_extra.py
[2024-11-08T12:02:22.535+0000] {processor.py:914} INFO - Processing file /home/airflow/.local/lib/python3.12/site-packages/airflow/example_dags/example_inlet_event_extra.py for tasks to queue
[2024-11-08T12:02:22.556+0000] {logging_mixin.py:190} INFO - [2024-11-08T12:02:22.555+0000] {dagbag.py:588} INFO - Filling up the DagBag from /home/airflow/.local/lib/python3.12/site-packages/airflow/example_dags/example_inlet_event_extra.py
[2024-11-08T12:02:27.042+0000] {processor.py:925} INFO - DAG(s) 'read_dataset_event_from_classic', 'read_dataset_event' retrieved from /home/airflow/.local/lib/python3.12/site-packages/airflow/example_dags/example_inlet_event_extra.py
[2024-11-08T12:02:27.176+0000] {logging_mixin.py:190} INFO - [2024-11-08T12:02:27.175+0000] {dag.py:3239} INFO - Sync 2 DAGs
[2024-11-08T12:02:27.375+0000] {logging_mixin.py:190} INFO - [2024-11-08T12:02:27.374+0000] {dag.py:4180} INFO - Setting next_dagrun for read_dataset_event to 2024-11-07 00:00:00+00:00, run_after=2024-11-08 00:00:00+00:00
[2024-11-08T12:02:27.435+0000] {logging_mixin.py:190} INFO - [2024-11-08T12:02:27.434+0000] {dag.py:4180} INFO - Setting next_dagrun for read_dataset_event_from_classic to 2024-11-07 00:00:00+00:00, run_after=2024-11-08 00:00:00+00:00
[2024-11-08T12:02:27.544+0000] {processor.py:208} INFO - Processing /home/airflow/.local/lib/python3.12/site-packages/airflow/example_dags/example_inlet_event_extra.py took 5.071 seconds
[2024-11-08T12:03:02.054+0000] {processor.py:186} INFO - Started process (PID=246) to work on /home/airflow/.local/lib/python3.12/site-packages/airflow/example_dags/example_inlet_event_extra.py
[2024-11-08T12:03:02.066+0000] {processor.py:914} INFO - Processing file /home/airflow/.local/lib/python3.12/site-packages/airflow/example_dags/example_inlet_event_extra.py for tasks to queue
[2024-11-08T12:03:02.079+0000] {logging_mixin.py:190} INFO - [2024-11-08T12:03:02.078+0000] {dagbag.py:588} INFO - Filling up the DagBag from /home/airflow/.local/lib/python3.12/site-packages/airflow/example_dags/example_inlet_event_extra.py
[2024-11-08T12:03:07.163+0000] {processor.py:925} INFO - DAG(s) 'read_dataset_event_from_classic', 'read_dataset_event' retrieved from /home/airflow/.local/lib/python3.12/site-packages/airflow/example_dags/example_inlet_event_extra.py
[2024-11-08T12:03:07.326+0000] {logging_mixin.py:190} INFO - [2024-11-08T12:03:07.326+0000] {dag.py:3239} INFO - Sync 2 DAGs
[2024-11-08T12:03:07.595+0000] {logging_mixin.py:190} INFO - [2024-11-08T12:03:07.594+0000] {dag.py:4180} INFO - Setting next_dagrun for read_dataset_event to 2024-11-07 00:00:00+00:00, run_after=2024-11-08 00:00:00+00:00
[2024-11-08T12:03:07.668+0000] {logging_mixin.py:190} INFO - [2024-11-08T12:03:07.667+0000] {dag.py:4180} INFO - Setting next_dagrun for read_dataset_event_from_classic to 2024-11-07 00:00:00+00:00, run_after=2024-11-08 00:00:00+00:00
[2024-11-08T12:03:08.160+0000] {processor.py:208} INFO - Processing /home/airflow/.local/lib/python3.12/site-packages/airflow/example_dags/example_inlet_event_extra.py took 6.155 seconds
[2024-11-08T12:03:55.853+0000] {processor.py:186} INFO - Started process (PID=325) to work on /home/airflow/.local/lib/python3.12/site-packages/airflow/example_dags/example_inlet_event_extra.py
[2024-11-08T12:03:55.858+0000] {processor.py:914} INFO - Processing file /home/airflow/.local/lib/python3.12/site-packages/airflow/example_dags/example_inlet_event_extra.py for tasks to queue
[2024-11-08T12:03:55.887+0000] {logging_mixin.py:190} INFO - [2024-11-08T12:03:55.886+0000] {dagbag.py:588} INFO - Filling up the DagBag from /home/airflow/.local/lib/python3.12/site-packages/airflow/example_dags/example_inlet_event_extra.py
[2024-11-08T12:03:59.029+0000] {processor.py:925} INFO - DAG(s) 'read_dataset_event', 'read_dataset_event_from_classic' retrieved from /home/airflow/.local/lib/python3.12/site-packages/airflow/example_dags/example_inlet_event_extra.py
[2024-11-08T12:03:59.120+0000] {logging_mixin.py:190} INFO - [2024-11-08T12:03:59.119+0000] {dag.py:3239} INFO - Sync 2 DAGs
[2024-11-08T12:03:59.294+0000] {logging_mixin.py:190} INFO - [2024-11-08T12:03:59.293+0000] {dag.py:4180} INFO - Setting next_dagrun for read_dataset_event to 2024-11-07 00:00:00+00:00, run_after=2024-11-08 00:00:00+00:00
[2024-11-08T12:03:59.335+0000] {logging_mixin.py:190} INFO - [2024-11-08T12:03:59.335+0000] {dag.py:4180} INFO - Setting next_dagrun for read_dataset_event_from_classic to 2024-11-07 00:00:00+00:00, run_after=2024-11-08 00:00:00+00:00
[2024-11-08T12:03:59.402+0000] {processor.py:208} INFO - Processing /home/airflow/.local/lib/python3.12/site-packages/airflow/example_dags/example_inlet_event_extra.py took 3.573 seconds
[2024-11-08T12:04:30.913+0000] {processor.py:186} INFO - Started process (PID=390) to work on /home/airflow/.local/lib/python3.12/site-packages/airflow/example_dags/example_inlet_event_extra.py
[2024-11-08T12:04:30.938+0000] {processor.py:914} INFO - Processing file /home/airflow/.local/lib/python3.12/site-packages/airflow/example_dags/example_inlet_event_extra.py for tasks to queue
[2024-11-08T12:04:30.947+0000] {logging_mixin.py:190} INFO - [2024-11-08T12:04:30.946+0000] {dagbag.py:588} INFO - Filling up the DagBag from /home/airflow/.local/lib/python3.12/site-packages/airflow/example_dags/example_inlet_event_extra.py
[2024-11-08T12:04:35.094+0000] {processor.py:925} INFO - DAG(s) 'read_dataset_event_from_classic', 'read_dataset_event' retrieved from /home/airflow/.local/lib/python3.12/site-packages/airflow/example_dags/example_inlet_event_extra.py
[2024-11-08T12:04:35.245+0000] {logging_mixin.py:190} INFO - [2024-11-08T12:04:35.244+0000] {dag.py:3239} INFO - Sync 2 DAGs
[2024-11-08T12:04:35.425+0000] {logging_mixin.py:190} INFO - [2024-11-08T12:04:35.424+0000] {dag.py:4180} INFO - Setting next_dagrun for read_dataset_event to 2024-11-07 00:00:00+00:00, run_after=2024-11-08 00:00:00+00:00
[2024-11-08T12:04:35.464+0000] {logging_mixin.py:190} INFO - [2024-11-08T12:04:35.463+0000] {dag.py:4180} INFO - Setting next_dagrun for read_dataset_event_from_classic to 2024-11-07 00:00:00+00:00, run_after=2024-11-08 00:00:00+00:00
[2024-11-08T12:04:35.567+0000] {processor.py:208} INFO - Processing /home/airflow/.local/lib/python3.12/site-packages/airflow/example_dags/example_inlet_event_extra.py took 4.691 seconds
[2024-11-08T12:05:13.734+0000] {processor.py:186} INFO - Started process (PID=466) to work on /home/airflow/.local/lib/python3.12/site-packages/airflow/example_dags/example_inlet_event_extra.py
[2024-11-08T12:05:13.745+0000] {processor.py:914} INFO - Processing file /home/airflow/.local/lib/python3.12/site-packages/airflow/example_dags/example_inlet_event_extra.py for tasks to queue
[2024-11-08T12:05:13.754+0000] {logging_mixin.py:190} INFO - [2024-11-08T12:05:13.753+0000] {dagbag.py:588} INFO - Filling up the DagBag from /home/airflow/.local/lib/python3.12/site-packages/airflow/example_dags/example_inlet_event_extra.py
[2024-11-08T12:05:24.311+0000] {processor.py:925} INFO - DAG(s) 'read_dataset_event_from_classic', 'read_dataset_event' retrieved from /home/airflow/.local/lib/python3.12/site-packages/airflow/example_dags/example_inlet_event_extra.py
[2024-11-08T12:05:24.734+0000] {logging_mixin.py:190} INFO - [2024-11-08T12:05:24.733+0000] {dag.py:3239} INFO - Sync 2 DAGs
[2024-11-08T12:05:25.662+0000] {logging_mixin.py:190} INFO - [2024-11-08T12:05:25.661+0000] {dag.py:4180} INFO - Setting next_dagrun for read_dataset_event to 2024-11-07 00:00:00+00:00, run_after=2024-11-08 00:00:00+00:00
[2024-11-08T12:05:25.711+0000] {logging_mixin.py:190} INFO - [2024-11-08T12:05:25.710+0000] {dag.py:4180} INFO - Setting next_dagrun for read_dataset_event_from_classic to 2024-11-07 00:00:00+00:00, run_after=2024-11-08 00:00:00+00:00
[2024-11-08T12:05:25.965+0000] {processor.py:208} INFO - Processing /home/airflow/.local/lib/python3.12/site-packages/airflow/example_dags/example_inlet_event_extra.py took 12.254 seconds
[2024-11-08T12:06:18.360+0000] {processor.py:186} INFO - Started process (PID=527) to work on /home/airflow/.local/lib/python3.12/site-packages/airflow/example_dags/example_inlet_event_extra.py
[2024-11-08T12:06:18.419+0000] {processor.py:914} INFO - Processing file /home/airflow/.local/lib/python3.12/site-packages/airflow/example_dags/example_inlet_event_extra.py for tasks to queue
[2024-11-08T12:06:18.453+0000] {logging_mixin.py:190} INFO - [2024-11-08T12:06:18.450+0000] {dagbag.py:588} INFO - Filling up the DagBag from /home/airflow/.local/lib/python3.12/site-packages/airflow/example_dags/example_inlet_event_extra.py
[2024-11-08T12:06:24.460+0000] {processor.py:925} INFO - DAG(s) 'read_dataset_event', 'read_dataset_event_from_classic' retrieved from /home/airflow/.local/lib/python3.12/site-packages/airflow/example_dags/example_inlet_event_extra.py
[2024-11-08T12:06:24.664+0000] {logging_mixin.py:190} INFO - [2024-11-08T12:06:24.663+0000] {dag.py:3239} INFO - Sync 2 DAGs
[2024-11-08T12:06:24.886+0000] {logging_mixin.py:190} INFO - [2024-11-08T12:06:24.886+0000] {dag.py:4180} INFO - Setting next_dagrun for read_dataset_event to 2024-11-07 00:00:00+00:00, run_after=2024-11-08 00:00:00+00:00
[2024-11-08T12:06:24.934+0000] {logging_mixin.py:190} INFO - [2024-11-08T12:06:24.933+0000] {dag.py:4180} INFO - Setting next_dagrun for read_dataset_event_from_classic to 2024-11-07 00:00:00+00:00, run_after=2024-11-08 00:00:00+00:00
[2024-11-08T12:06:25.032+0000] {processor.py:208} INFO - Processing /home/airflow/.local/lib/python3.12/site-packages/airflow/example_dags/example_inlet_event_extra.py took 6.745 seconds
[2024-11-08T12:07:01.411+0000] {processor.py:186} INFO - Started process (PID=591) to work on /home/airflow/.local/lib/python3.12/site-packages/airflow/example_dags/example_inlet_event_extra.py
[2024-11-08T12:07:01.423+0000] {processor.py:914} INFO - Processing file /home/airflow/.local/lib/python3.12/site-packages/airflow/example_dags/example_inlet_event_extra.py for tasks to queue
[2024-11-08T12:07:01.437+0000] {logging_mixin.py:190} INFO - [2024-11-08T12:07:01.436+0000] {dagbag.py:588} INFO - Filling up the DagBag from /home/airflow/.local/lib/python3.12/site-packages/airflow/example_dags/example_inlet_event_extra.py
[2024-11-08T12:07:07.052+0000] {processor.py:925} INFO - DAG(s) 'read_dataset_event', 'read_dataset_event_from_classic' retrieved from /home/airflow/.local/lib/python3.12/site-packages/airflow/example_dags/example_inlet_event_extra.py
[2024-11-08T12:07:07.753+0000] {logging_mixin.py:190} INFO - [2024-11-08T12:07:07.752+0000] {dag.py:3239} INFO - Sync 2 DAGs
[2024-11-08T12:07:08.914+0000] {logging_mixin.py:190} INFO - [2024-11-08T12:07:08.913+0000] {dag.py:4180} INFO - Setting next_dagrun for read_dataset_event to 2024-11-07 00:00:00+00:00, run_after=2024-11-08 00:00:00+00:00
[2024-11-08T12:07:08.984+0000] {logging_mixin.py:190} INFO - [2024-11-08T12:07:08.976+0000] {dag.py:4180} INFO - Setting next_dagrun for read_dataset_event_from_classic to 2024-11-07 00:00:00+00:00, run_after=2024-11-08 00:00:00+00:00
[2024-11-08T12:07:09.111+0000] {processor.py:208} INFO - Processing /home/airflow/.local/lib/python3.12/site-packages/airflow/example_dags/example_inlet_event_extra.py took 7.742 seconds
[2024-11-08T12:07:51.511+0000] {processor.py:186} INFO - Started process (PID=664) to work on /home/airflow/.local/lib/python3.12/site-packages/airflow/example_dags/example_inlet_event_extra.py
[2024-11-08T12:07:51.518+0000] {processor.py:914} INFO - Processing file /home/airflow/.local/lib/python3.12/site-packages/airflow/example_dags/example_inlet_event_extra.py for tasks to queue
[2024-11-08T12:07:51.532+0000] {logging_mixin.py:190} INFO - [2024-11-08T12:07:51.531+0000] {dagbag.py:588} INFO - Filling up the DagBag from /home/airflow/.local/lib/python3.12/site-packages/airflow/example_dags/example_inlet_event_extra.py
[2024-11-08T12:07:55.320+0000] {processor.py:925} INFO - DAG(s) 'read_dataset_event_from_classic', 'read_dataset_event' retrieved from /home/airflow/.local/lib/python3.12/site-packages/airflow/example_dags/example_inlet_event_extra.py
[2024-11-08T12:07:55.476+0000] {logging_mixin.py:190} INFO - [2024-11-08T12:07:55.476+0000] {dag.py:3239} INFO - Sync 2 DAGs
[2024-11-08T12:07:55.635+0000] {logging_mixin.py:190} INFO - [2024-11-08T12:07:55.635+0000] {dag.py:4180} INFO - Setting next_dagrun for read_dataset_event to 2024-11-07 00:00:00+00:00, run_after=2024-11-08 00:00:00+00:00
[2024-11-08T12:07:55.669+0000] {logging_mixin.py:190} INFO - [2024-11-08T12:07:55.668+0000] {dag.py:4180} INFO - Setting next_dagrun for read_dataset_event_from_classic to 2024-11-07 00:00:00+00:00, run_after=2024-11-08 00:00:00+00:00
[2024-11-08T12:07:55.742+0000] {processor.py:208} INFO - Processing /home/airflow/.local/lib/python3.12/site-packages/airflow/example_dags/example_inlet_event_extra.py took 4.270 seconds
