[2024-11-08T11:50:25.784+0000] {processor.py:186} INFO - Started process (PID=140) to work on /home/airflow/.local/lib/python3.12/site-packages/airflow/example_dags/example_branch_labels.py
[2024-11-08T11:50:25.794+0000] {processor.py:914} INFO - Processing file /home/airflow/.local/lib/python3.12/site-packages/airflow/example_dags/example_branch_labels.py for tasks to queue
[2024-11-08T11:50:25.810+0000] {logging_mixin.py:190} INFO - [2024-11-08T11:50:25.808+0000] {dagbag.py:588} INFO - Filling up the DagBag from /home/airflow/.local/lib/python3.12/site-packages/airflow/example_dags/example_branch_labels.py
[2024-11-08T11:50:26.255+0000] {processor.py:925} INFO - DAG(s) 'example_branch_labels' retrieved from /home/airflow/.local/lib/python3.12/site-packages/airflow/example_dags/example_branch_labels.py
[2024-11-08T11:50:27.786+0000] {logging_mixin.py:190} INFO - [2024-11-08T11:50:27.774+0000] {override.py:1911} INFO - Created Permission View: can read on DAG:example_branch_labels
[2024-11-08T11:50:27.969+0000] {logging_mixin.py:190} INFO - [2024-11-08T11:50:27.885+0000] {override.py:1911} INFO - Created Permission View: can edit on DAG:example_branch_labels
[2024-11-08T11:50:28.088+0000] {logging_mixin.py:190} INFO - [2024-11-08T11:50:28.087+0000] {override.py:1911} INFO - Created Permission View: can delete on DAG:example_branch_labels
[2024-11-08T11:50:28.193+0000] {logging_mixin.py:190} INFO - [2024-11-08T11:50:28.186+0000] {override.py:1911} INFO - Created Permission View: can read on DAG Run:example_branch_labels
[2024-11-08T11:50:28.250+0000] {logging_mixin.py:190} INFO - [2024-11-08T11:50:28.249+0000] {override.py:1911} INFO - Created Permission View: menu access on DAG Run:example_branch_labels
[2024-11-08T11:50:28.311+0000] {logging_mixin.py:190} INFO - [2024-11-08T11:50:28.310+0000] {override.py:1911} INFO - Created Permission View: can create on DAG Run:example_branch_labels
[2024-11-08T11:50:28.391+0000] {logging_mixin.py:190} INFO - [2024-11-08T11:50:28.390+0000] {override.py:1911} INFO - Created Permission View: can delete on DAG Run:example_branch_labels
[2024-11-08T11:50:28.403+0000] {logging_mixin.py:190} INFO - [2024-11-08T11:50:28.402+0000] {dag.py:3239} INFO - Sync 1 DAGs
[2024-11-08T11:50:28.595+0000] {logging_mixin.py:190} INFO - [2024-11-08T11:50:28.594+0000] {dag.py:3262} INFO - Creating ORM DAG for example_branch_labels
[2024-11-08T11:50:28.675+0000] {logging_mixin.py:190} INFO - [2024-11-08T11:50:28.674+0000] {dag.py:4180} INFO - Setting next_dagrun for example_branch_labels to 2024-11-07 00:00:00+00:00, run_after=2024-11-08 00:00:00+00:00
[2024-11-08T11:50:28.777+0000] {processor.py:208} INFO - Processing /home/airflow/.local/lib/python3.12/site-packages/airflow/example_dags/example_branch_labels.py took 3.035 seconds
[2024-11-08T11:51:29.884+0000] {processor.py:186} INFO - Started process (PID=210) to work on /home/airflow/.local/lib/python3.12/site-packages/airflow/example_dags/example_branch_labels.py
[2024-11-08T11:51:29.895+0000] {processor.py:914} INFO - Processing file /home/airflow/.local/lib/python3.12/site-packages/airflow/example_dags/example_branch_labels.py for tasks to queue
[2024-11-08T11:51:29.909+0000] {logging_mixin.py:190} INFO - [2024-11-08T11:51:29.909+0000] {dagbag.py:588} INFO - Filling up the DagBag from /home/airflow/.local/lib/python3.12/site-packages/airflow/example_dags/example_branch_labels.py
[2024-11-08T11:51:29.963+0000] {processor.py:925} INFO - DAG(s) 'example_branch_labels' retrieved from /home/airflow/.local/lib/python3.12/site-packages/airflow/example_dags/example_branch_labels.py
[2024-11-08T11:51:30.120+0000] {logging_mixin.py:190} INFO - [2024-11-08T11:51:30.120+0000] {dag.py:3239} INFO - Sync 1 DAGs
[2024-11-08T11:51:30.283+0000] {logging_mixin.py:190} INFO - [2024-11-08T11:51:30.283+0000] {dag.py:4180} INFO - Setting next_dagrun for example_branch_labels to 2024-11-07 00:00:00+00:00, run_after=2024-11-08 00:00:00+00:00
[2024-11-08T11:51:30.412+0000] {processor.py:208} INFO - Processing /home/airflow/.local/lib/python3.12/site-packages/airflow/example_dags/example_branch_labels.py took 0.554 seconds
[2024-11-08T11:52:00.993+0000] {processor.py:186} INFO - Started process (PID=273) to work on /home/airflow/.local/lib/python3.12/site-packages/airflow/example_dags/example_branch_labels.py
[2024-11-08T11:52:00.999+0000] {processor.py:914} INFO - Processing file /home/airflow/.local/lib/python3.12/site-packages/airflow/example_dags/example_branch_labels.py for tasks to queue
[2024-11-08T11:52:01.006+0000] {logging_mixin.py:190} INFO - [2024-11-08T11:52:01.005+0000] {dagbag.py:588} INFO - Filling up the DagBag from /home/airflow/.local/lib/python3.12/site-packages/airflow/example_dags/example_branch_labels.py
[2024-11-08T11:52:01.056+0000] {processor.py:925} INFO - DAG(s) 'example_branch_labels' retrieved from /home/airflow/.local/lib/python3.12/site-packages/airflow/example_dags/example_branch_labels.py
[2024-11-08T11:52:01.130+0000] {logging_mixin.py:190} INFO - [2024-11-08T11:52:01.130+0000] {dag.py:3239} INFO - Sync 1 DAGs
[2024-11-08T11:52:01.247+0000] {logging_mixin.py:190} INFO - [2024-11-08T11:52:01.246+0000] {dag.py:4180} INFO - Setting next_dagrun for example_branch_labels to 2024-11-07 00:00:00+00:00, run_after=2024-11-08 00:00:00+00:00
[2024-11-08T11:52:01.301+0000] {processor.py:208} INFO - Processing /home/airflow/.local/lib/python3.12/site-packages/airflow/example_dags/example_branch_labels.py took 0.336 seconds
[2024-11-08T11:52:33.891+0000] {processor.py:186} INFO - Started process (PID=336) to work on /home/airflow/.local/lib/python3.12/site-packages/airflow/example_dags/example_branch_labels.py
[2024-11-08T11:52:33.904+0000] {processor.py:914} INFO - Processing file /home/airflow/.local/lib/python3.12/site-packages/airflow/example_dags/example_branch_labels.py for tasks to queue
[2024-11-08T11:52:33.922+0000] {logging_mixin.py:190} INFO - [2024-11-08T11:52:33.921+0000] {dagbag.py:588} INFO - Filling up the DagBag from /home/airflow/.local/lib/python3.12/site-packages/airflow/example_dags/example_branch_labels.py
[2024-11-08T11:52:34.046+0000] {processor.py:925} INFO - DAG(s) 'example_branch_labels' retrieved from /home/airflow/.local/lib/python3.12/site-packages/airflow/example_dags/example_branch_labels.py
[2024-11-08T11:52:34.223+0000] {logging_mixin.py:190} INFO - [2024-11-08T11:52:34.213+0000] {dag.py:3239} INFO - Sync 1 DAGs
[2024-11-08T11:52:34.388+0000] {logging_mixin.py:190} INFO - [2024-11-08T11:52:34.387+0000] {dag.py:4180} INFO - Setting next_dagrun for example_branch_labels to 2024-11-07 00:00:00+00:00, run_after=2024-11-08 00:00:00+00:00
[2024-11-08T11:52:34.502+0000] {processor.py:208} INFO - Processing /home/airflow/.local/lib/python3.12/site-packages/airflow/example_dags/example_branch_labels.py took 0.636 seconds
[2024-11-08T11:53:08.749+0000] {processor.py:186} INFO - Started process (PID=397) to work on /home/airflow/.local/lib/python3.12/site-packages/airflow/example_dags/example_branch_labels.py
[2024-11-08T11:53:08.759+0000] {processor.py:914} INFO - Processing file /home/airflow/.local/lib/python3.12/site-packages/airflow/example_dags/example_branch_labels.py for tasks to queue
[2024-11-08T11:53:08.766+0000] {logging_mixin.py:190} INFO - [2024-11-08T11:53:08.765+0000] {dagbag.py:588} INFO - Filling up the DagBag from /home/airflow/.local/lib/python3.12/site-packages/airflow/example_dags/example_branch_labels.py
[2024-11-08T11:53:08.820+0000] {processor.py:925} INFO - DAG(s) 'example_branch_labels' retrieved from /home/airflow/.local/lib/python3.12/site-packages/airflow/example_dags/example_branch_labels.py
[2024-11-08T11:53:08.924+0000] {logging_mixin.py:190} INFO - [2024-11-08T11:53:08.923+0000] {dag.py:3239} INFO - Sync 1 DAGs
[2024-11-08T11:53:09.091+0000] {logging_mixin.py:190} INFO - [2024-11-08T11:53:09.078+0000] {dag.py:4180} INFO - Setting next_dagrun for example_branch_labels to 2024-11-07 00:00:00+00:00, run_after=2024-11-08 00:00:00+00:00
[2024-11-08T11:53:09.199+0000] {processor.py:208} INFO - Processing /home/airflow/.local/lib/python3.12/site-packages/airflow/example_dags/example_branch_labels.py took 0.492 seconds
[2024-11-08T11:53:43.391+0000] {processor.py:186} INFO - Started process (PID=455) to work on /home/airflow/.local/lib/python3.12/site-packages/airflow/example_dags/example_branch_labels.py
[2024-11-08T11:53:43.420+0000] {processor.py:914} INFO - Processing file /home/airflow/.local/lib/python3.12/site-packages/airflow/example_dags/example_branch_labels.py for tasks to queue
[2024-11-08T11:53:43.431+0000] {logging_mixin.py:190} INFO - [2024-11-08T11:53:43.430+0000] {dagbag.py:588} INFO - Filling up the DagBag from /home/airflow/.local/lib/python3.12/site-packages/airflow/example_dags/example_branch_labels.py
[2024-11-08T11:53:43.542+0000] {processor.py:925} INFO - DAG(s) 'example_branch_labels' retrieved from /home/airflow/.local/lib/python3.12/site-packages/airflow/example_dags/example_branch_labels.py
[2024-11-08T11:53:43.685+0000] {logging_mixin.py:190} INFO - [2024-11-08T11:53:43.684+0000] {dag.py:3239} INFO - Sync 1 DAGs
[2024-11-08T11:53:43.840+0000] {logging_mixin.py:190} INFO - [2024-11-08T11:53:43.840+0000] {dag.py:4180} INFO - Setting next_dagrun for example_branch_labels to 2024-11-07 00:00:00+00:00, run_after=2024-11-08 00:00:00+00:00
[2024-11-08T11:53:43.958+0000] {processor.py:208} INFO - Processing /home/airflow/.local/lib/python3.12/site-packages/airflow/example_dags/example_branch_labels.py took 0.607 seconds
[2024-11-08T11:54:22.711+0000] {processor.py:186} INFO - Started process (PID=524) to work on /home/airflow/.local/lib/python3.12/site-packages/airflow/example_dags/example_branch_labels.py
[2024-11-08T11:54:22.727+0000] {processor.py:914} INFO - Processing file /home/airflow/.local/lib/python3.12/site-packages/airflow/example_dags/example_branch_labels.py for tasks to queue
[2024-11-08T11:54:22.734+0000] {logging_mixin.py:190} INFO - [2024-11-08T11:54:22.733+0000] {dagbag.py:588} INFO - Filling up the DagBag from /home/airflow/.local/lib/python3.12/site-packages/airflow/example_dags/example_branch_labels.py
[2024-11-08T11:54:22.803+0000] {processor.py:925} INFO - DAG(s) 'example_branch_labels' retrieved from /home/airflow/.local/lib/python3.12/site-packages/airflow/example_dags/example_branch_labels.py
[2024-11-08T11:54:22.924+0000] {logging_mixin.py:190} INFO - [2024-11-08T11:54:22.914+0000] {dag.py:3239} INFO - Sync 1 DAGs
[2024-11-08T11:54:23.074+0000] {logging_mixin.py:190} INFO - [2024-11-08T11:54:23.073+0000] {dag.py:4180} INFO - Setting next_dagrun for example_branch_labels to 2024-11-07 00:00:00+00:00, run_after=2024-11-08 00:00:00+00:00
[2024-11-08T11:54:23.191+0000] {processor.py:208} INFO - Processing /home/airflow/.local/lib/python3.12/site-packages/airflow/example_dags/example_branch_labels.py took 0.517 seconds
[2024-11-08T11:54:54.054+0000] {processor.py:186} INFO - Started process (PID=587) to work on /home/airflow/.local/lib/python3.12/site-packages/airflow/example_dags/example_branch_labels.py
[2024-11-08T11:54:54.061+0000] {processor.py:914} INFO - Processing file /home/airflow/.local/lib/python3.12/site-packages/airflow/example_dags/example_branch_labels.py for tasks to queue
[2024-11-08T11:54:54.072+0000] {logging_mixin.py:190} INFO - [2024-11-08T11:54:54.070+0000] {dagbag.py:588} INFO - Filling up the DagBag from /home/airflow/.local/lib/python3.12/site-packages/airflow/example_dags/example_branch_labels.py
[2024-11-08T11:54:54.123+0000] {processor.py:925} INFO - DAG(s) 'example_branch_labels' retrieved from /home/airflow/.local/lib/python3.12/site-packages/airflow/example_dags/example_branch_labels.py
[2024-11-08T11:54:54.245+0000] {logging_mixin.py:190} INFO - [2024-11-08T11:54:54.244+0000] {dag.py:3239} INFO - Sync 1 DAGs
[2024-11-08T11:54:54.416+0000] {logging_mixin.py:190} INFO - [2024-11-08T11:54:54.415+0000] {dag.py:4180} INFO - Setting next_dagrun for example_branch_labels to 2024-11-07 00:00:00+00:00, run_after=2024-11-08 00:00:00+00:00
[2024-11-08T11:54:54.556+0000] {processor.py:208} INFO - Processing /home/airflow/.local/lib/python3.12/site-packages/airflow/example_dags/example_branch_labels.py took 0.539 seconds
[2024-11-08T12:01:09.807+0000] {processor.py:186} INFO - Started process (PID=113) to work on /home/airflow/.local/lib/python3.12/site-packages/airflow/example_dags/example_branch_labels.py
[2024-11-08T12:01:09.826+0000] {processor.py:914} INFO - Processing file /home/airflow/.local/lib/python3.12/site-packages/airflow/example_dags/example_branch_labels.py for tasks to queue
[2024-11-08T12:01:09.844+0000] {logging_mixin.py:190} INFO - [2024-11-08T12:01:09.843+0000] {dagbag.py:588} INFO - Filling up the DagBag from /home/airflow/.local/lib/python3.12/site-packages/airflow/example_dags/example_branch_labels.py
[2024-11-08T12:01:09.917+0000] {processor.py:925} INFO - DAG(s) 'example_branch_labels' retrieved from /home/airflow/.local/lib/python3.12/site-packages/airflow/example_dags/example_branch_labels.py
[2024-11-08T12:01:10.112+0000] {logging_mixin.py:190} INFO - [2024-11-08T12:01:10.112+0000] {dag.py:3239} INFO - Sync 1 DAGs
[2024-11-08T12:01:10.322+0000] {logging_mixin.py:190} INFO - [2024-11-08T12:01:10.310+0000] {dag.py:4180} INFO - Setting next_dagrun for example_branch_labels to 2024-11-07 00:00:00+00:00, run_after=2024-11-08 00:00:00+00:00
[2024-11-08T12:01:10.483+0000] {processor.py:208} INFO - Processing /home/airflow/.local/lib/python3.12/site-packages/airflow/example_dags/example_branch_labels.py took 0.713 seconds
[2024-11-08T12:02:23.779+0000] {processor.py:186} INFO - Started process (PID=183) to work on /home/airflow/.local/lib/python3.12/site-packages/airflow/example_dags/example_branch_labels.py
[2024-11-08T12:02:23.797+0000] {processor.py:914} INFO - Processing file /home/airflow/.local/lib/python3.12/site-packages/airflow/example_dags/example_branch_labels.py for tasks to queue
[2024-11-08T12:02:23.805+0000] {logging_mixin.py:190} INFO - [2024-11-08T12:02:23.804+0000] {dagbag.py:588} INFO - Filling up the DagBag from /home/airflow/.local/lib/python3.12/site-packages/airflow/example_dags/example_branch_labels.py
[2024-11-08T12:02:23.893+0000] {processor.py:925} INFO - DAG(s) 'example_branch_labels' retrieved from /home/airflow/.local/lib/python3.12/site-packages/airflow/example_dags/example_branch_labels.py
[2024-11-08T12:02:24.041+0000] {logging_mixin.py:190} INFO - [2024-11-08T12:02:24.030+0000] {dag.py:3239} INFO - Sync 1 DAGs
[2024-11-08T12:02:24.296+0000] {logging_mixin.py:190} INFO - [2024-11-08T12:02:24.295+0000] {dag.py:4180} INFO - Setting next_dagrun for example_branch_labels to 2024-11-07 00:00:00+00:00, run_after=2024-11-08 00:00:00+00:00
[2024-11-08T12:02:24.442+0000] {processor.py:208} INFO - Processing /home/airflow/.local/lib/python3.12/site-packages/airflow/example_dags/example_branch_labels.py took 0.687 seconds
[2024-11-08T12:03:03.069+0000] {processor.py:186} INFO - Started process (PID=248) to work on /home/airflow/.local/lib/python3.12/site-packages/airflow/example_dags/example_branch_labels.py
[2024-11-08T12:03:03.076+0000] {processor.py:914} INFO - Processing file /home/airflow/.local/lib/python3.12/site-packages/airflow/example_dags/example_branch_labels.py for tasks to queue
[2024-11-08T12:03:03.088+0000] {logging_mixin.py:190} INFO - [2024-11-08T12:03:03.087+0000] {dagbag.py:588} INFO - Filling up the DagBag from /home/airflow/.local/lib/python3.12/site-packages/airflow/example_dags/example_branch_labels.py
[2024-11-08T12:03:03.132+0000] {processor.py:925} INFO - DAG(s) 'example_branch_labels' retrieved from /home/airflow/.local/lib/python3.12/site-packages/airflow/example_dags/example_branch_labels.py
[2024-11-08T12:03:03.258+0000] {logging_mixin.py:190} INFO - [2024-11-08T12:03:03.258+0000] {dag.py:3239} INFO - Sync 1 DAGs
[2024-11-08T12:03:03.451+0000] {logging_mixin.py:190} INFO - [2024-11-08T12:03:03.450+0000] {dag.py:4180} INFO - Setting next_dagrun for example_branch_labels to 2024-11-07 00:00:00+00:00, run_after=2024-11-08 00:00:00+00:00
[2024-11-08T12:03:03.570+0000] {processor.py:208} INFO - Processing /home/airflow/.local/lib/python3.12/site-packages/airflow/example_dags/example_branch_labels.py took 0.528 seconds
[2024-11-08T12:03:45.620+0000] {processor.py:186} INFO - Started process (PID=301) to work on /home/airflow/.local/lib/python3.12/site-packages/airflow/example_dags/example_branch_labels.py
[2024-11-08T12:03:45.625+0000] {processor.py:914} INFO - Processing file /home/airflow/.local/lib/python3.12/site-packages/airflow/example_dags/example_branch_labels.py for tasks to queue
[2024-11-08T12:03:45.631+0000] {logging_mixin.py:190} INFO - [2024-11-08T12:03:45.631+0000] {dagbag.py:588} INFO - Filling up the DagBag from /home/airflow/.local/lib/python3.12/site-packages/airflow/example_dags/example_branch_labels.py
[2024-11-08T12:03:45.713+0000] {processor.py:925} INFO - DAG(s) 'example_branch_labels' retrieved from /home/airflow/.local/lib/python3.12/site-packages/airflow/example_dags/example_branch_labels.py
[2024-11-08T12:03:45.842+0000] {logging_mixin.py:190} INFO - [2024-11-08T12:03:45.842+0000] {dag.py:3239} INFO - Sync 1 DAGs
[2024-11-08T12:03:46.029+0000] {logging_mixin.py:190} INFO - [2024-11-08T12:03:46.029+0000] {dag.py:4180} INFO - Setting next_dagrun for example_branch_labels to 2024-11-07 00:00:00+00:00, run_after=2024-11-08 00:00:00+00:00
[2024-11-08T12:03:46.139+0000] {processor.py:208} INFO - Processing /home/airflow/.local/lib/python3.12/site-packages/airflow/example_dags/example_branch_labels.py took 0.582 seconds
[2024-11-08T12:04:20.551+0000] {processor.py:186} INFO - Started process (PID=366) to work on /home/airflow/.local/lib/python3.12/site-packages/airflow/example_dags/example_branch_labels.py
[2024-11-08T12:04:20.561+0000] {processor.py:914} INFO - Processing file /home/airflow/.local/lib/python3.12/site-packages/airflow/example_dags/example_branch_labels.py for tasks to queue
[2024-11-08T12:04:20.584+0000] {logging_mixin.py:190} INFO - [2024-11-08T12:04:20.579+0000] {dagbag.py:588} INFO - Filling up the DagBag from /home/airflow/.local/lib/python3.12/site-packages/airflow/example_dags/example_branch_labels.py
[2024-11-08T12:04:20.746+0000] {processor.py:925} INFO - DAG(s) 'example_branch_labels' retrieved from /home/airflow/.local/lib/python3.12/site-packages/airflow/example_dags/example_branch_labels.py
[2024-11-08T12:04:21.006+0000] {logging_mixin.py:190} INFO - [2024-11-08T12:04:21.005+0000] {dag.py:3239} INFO - Sync 1 DAGs
[2024-11-08T12:04:21.159+0000] {logging_mixin.py:190} INFO - [2024-11-08T12:04:21.158+0000] {dag.py:4180} INFO - Setting next_dagrun for example_branch_labels to 2024-11-07 00:00:00+00:00, run_after=2024-11-08 00:00:00+00:00
[2024-11-08T12:04:21.360+0000] {processor.py:208} INFO - Processing /home/airflow/.local/lib/python3.12/site-packages/airflow/example_dags/example_branch_labels.py took 0.849 seconds
[2024-11-08T12:04:52.219+0000] {processor.py:186} INFO - Started process (PID=430) to work on /home/airflow/.local/lib/python3.12/site-packages/airflow/example_dags/example_branch_labels.py
[2024-11-08T12:04:52.232+0000] {processor.py:914} INFO - Processing file /home/airflow/.local/lib/python3.12/site-packages/airflow/example_dags/example_branch_labels.py for tasks to queue
[2024-11-08T12:04:52.241+0000] {logging_mixin.py:190} INFO - [2024-11-08T12:04:52.240+0000] {dagbag.py:588} INFO - Filling up the DagBag from /home/airflow/.local/lib/python3.12/site-packages/airflow/example_dags/example_branch_labels.py
[2024-11-08T12:04:52.294+0000] {processor.py:925} INFO - DAG(s) 'example_branch_labels' retrieved from /home/airflow/.local/lib/python3.12/site-packages/airflow/example_dags/example_branch_labels.py
[2024-11-08T12:04:52.386+0000] {logging_mixin.py:190} INFO - [2024-11-08T12:04:52.385+0000] {dag.py:3239} INFO - Sync 1 DAGs
[2024-11-08T12:04:52.510+0000] {logging_mixin.py:190} INFO - [2024-11-08T12:04:52.510+0000] {dag.py:4180} INFO - Setting next_dagrun for example_branch_labels to 2024-11-07 00:00:00+00:00, run_after=2024-11-08 00:00:00+00:00
[2024-11-08T12:04:52.597+0000] {processor.py:208} INFO - Processing /home/airflow/.local/lib/python3.12/site-packages/airflow/example_dags/example_branch_labels.py took 0.406 seconds
[2024-11-08T12:05:40.397+0000] {processor.py:186} INFO - Started process (PID=484) to work on /home/airflow/.local/lib/python3.12/site-packages/airflow/example_dags/example_branch_labels.py
[2024-11-08T12:05:40.412+0000] {processor.py:914} INFO - Processing file /home/airflow/.local/lib/python3.12/site-packages/airflow/example_dags/example_branch_labels.py for tasks to queue
[2024-11-08T12:05:40.430+0000] {logging_mixin.py:190} INFO - [2024-11-08T12:05:40.429+0000] {dagbag.py:588} INFO - Filling up the DagBag from /home/airflow/.local/lib/python3.12/site-packages/airflow/example_dags/example_branch_labels.py
[2024-11-08T12:05:40.509+0000] {processor.py:925} INFO - DAG(s) 'example_branch_labels' retrieved from /home/airflow/.local/lib/python3.12/site-packages/airflow/example_dags/example_branch_labels.py
[2024-11-08T12:05:40.644+0000] {logging_mixin.py:190} INFO - [2024-11-08T12:05:40.643+0000] {dag.py:3239} INFO - Sync 1 DAGs
[2024-11-08T12:05:40.886+0000] {logging_mixin.py:190} INFO - [2024-11-08T12:05:40.885+0000] {dag.py:4180} INFO - Setting next_dagrun for example_branch_labels to 2024-11-07 00:00:00+00:00, run_after=2024-11-08 00:00:00+00:00
[2024-11-08T12:05:41.036+0000] {processor.py:208} INFO - Processing /home/airflow/.local/lib/python3.12/site-packages/airflow/example_dags/example_branch_labels.py took 0.685 seconds
[2024-11-08T12:06:38.830+0000] {processor.py:186} INFO - Started process (PID=554) to work on /home/airflow/.local/lib/python3.12/site-packages/airflow/example_dags/example_branch_labels.py
[2024-11-08T12:06:38.959+0000] {processor.py:914} INFO - Processing file /home/airflow/.local/lib/python3.12/site-packages/airflow/example_dags/example_branch_labels.py for tasks to queue
[2024-11-08T12:06:39.007+0000] {logging_mixin.py:190} INFO - [2024-11-08T12:06:39.005+0000] {dagbag.py:588} INFO - Filling up the DagBag from /home/airflow/.local/lib/python3.12/site-packages/airflow/example_dags/example_branch_labels.py
[2024-11-08T12:06:39.095+0000] {processor.py:925} INFO - DAG(s) 'example_branch_labels' retrieved from /home/airflow/.local/lib/python3.12/site-packages/airflow/example_dags/example_branch_labels.py
[2024-11-08T12:06:39.232+0000] {logging_mixin.py:190} INFO - [2024-11-08T12:06:39.232+0000] {dag.py:3239} INFO - Sync 1 DAGs
[2024-11-08T12:06:39.424+0000] {logging_mixin.py:190} INFO - [2024-11-08T12:06:39.423+0000] {dag.py:4180} INFO - Setting next_dagrun for example_branch_labels to 2024-11-07 00:00:00+00:00, run_after=2024-11-08 00:00:00+00:00
[2024-11-08T12:06:39.571+0000] {processor.py:208} INFO - Processing /home/airflow/.local/lib/python3.12/site-packages/airflow/example_dags/example_branch_labels.py took 0.787 seconds
[2024-11-08T12:07:16.395+0000] {processor.py:186} INFO - Started process (PID=608) to work on /home/airflow/.local/lib/python3.12/site-packages/airflow/example_dags/example_branch_labels.py
[2024-11-08T12:07:16.417+0000] {processor.py:914} INFO - Processing file /home/airflow/.local/lib/python3.12/site-packages/airflow/example_dags/example_branch_labels.py for tasks to queue
[2024-11-08T12:07:16.429+0000] {logging_mixin.py:190} INFO - [2024-11-08T12:07:16.428+0000] {dagbag.py:588} INFO - Filling up the DagBag from /home/airflow/.local/lib/python3.12/site-packages/airflow/example_dags/example_branch_labels.py
[2024-11-08T12:07:16.510+0000] {processor.py:925} INFO - DAG(s) 'example_branch_labels' retrieved from /home/airflow/.local/lib/python3.12/site-packages/airflow/example_dags/example_branch_labels.py
[2024-11-08T12:07:16.702+0000] {logging_mixin.py:190} INFO - [2024-11-08T12:07:16.701+0000] {dag.py:3239} INFO - Sync 1 DAGs
[2024-11-08T12:07:16.933+0000] {logging_mixin.py:190} INFO - [2024-11-08T12:07:16.932+0000] {dag.py:4180} INFO - Setting next_dagrun for example_branch_labels to 2024-11-07 00:00:00+00:00, run_after=2024-11-08 00:00:00+00:00
[2024-11-08T12:07:17.158+0000] {processor.py:208} INFO - Processing /home/airflow/.local/lib/python3.12/site-packages/airflow/example_dags/example_branch_labels.py took 0.811 seconds
[2024-11-08T12:07:56.160+0000] {processor.py:186} INFO - Started process (PID=673) to work on /home/airflow/.local/lib/python3.12/site-packages/airflow/example_dags/example_branch_labels.py
[2024-11-08T12:07:56.164+0000] {processor.py:914} INFO - Processing file /home/airflow/.local/lib/python3.12/site-packages/airflow/example_dags/example_branch_labels.py for tasks to queue
[2024-11-08T12:07:56.171+0000] {logging_mixin.py:190} INFO - [2024-11-08T12:07:56.170+0000] {dagbag.py:588} INFO - Filling up the DagBag from /home/airflow/.local/lib/python3.12/site-packages/airflow/example_dags/example_branch_labels.py
[2024-11-08T12:07:56.231+0000] {processor.py:925} INFO - DAG(s) 'example_branch_labels' retrieved from /home/airflow/.local/lib/python3.12/site-packages/airflow/example_dags/example_branch_labels.py
[2024-11-08T12:07:56.342+0000] {logging_mixin.py:190} INFO - [2024-11-08T12:07:56.341+0000] {dag.py:3239} INFO - Sync 1 DAGs
[2024-11-08T12:07:56.484+0000] {logging_mixin.py:190} INFO - [2024-11-08T12:07:56.478+0000] {dag.py:4180} INFO - Setting next_dagrun for example_branch_labels to 2024-11-07 00:00:00+00:00, run_after=2024-11-08 00:00:00+00:00
[2024-11-08T12:07:56.566+0000] {processor.py:208} INFO - Processing /home/airflow/.local/lib/python3.12/site-packages/airflow/example_dags/example_branch_labels.py took 0.423 seconds
