[2024-11-08T11:50:05.799+0000] {processor.py:186} INFO - Started process (PID=130) to work on /home/airflow/.local/lib/python3.12/site-packages/airflow/example_dags/example_branch_datetime_operator.py
[2024-11-08T11:50:05.812+0000] {processor.py:914} INFO - Processing file /home/airflow/.local/lib/python3.12/site-packages/airflow/example_dags/example_branch_datetime_operator.py for tasks to queue
[2024-11-08T11:50:05.846+0000] {logging_mixin.py:190} INFO - [2024-11-08T11:50:05.845+0000] {dagbag.py:588} INFO - Filling up the DagBag from /home/airflow/.local/lib/python3.12/site-packages/airflow/example_dags/example_branch_datetime_operator.py
[2024-11-08T11:50:05.993+0000] {processor.py:925} INFO - DAG(s) 'example_branch_datetime_operator_2', 'example_branch_datetime_operator', 'example_branch_datetime_operator_3' retrieved from /home/airflow/.local/lib/python3.12/site-packages/airflow/example_dags/example_branch_datetime_operator.py
[2024-11-08T11:50:07.564+0000] {logging_mixin.py:190} INFO - [2024-11-08T11:50:07.553+0000] {override.py:1911} INFO - Created Permission View: can read on DAG:example_branch_datetime_operator_2
[2024-11-08T11:50:07.671+0000] {logging_mixin.py:190} INFO - [2024-11-08T11:50:07.670+0000] {override.py:1911} INFO - Created Permission View: can edit on DAG:example_branch_datetime_operator_2
[2024-11-08T11:50:07.782+0000] {logging_mixin.py:190} INFO - [2024-11-08T11:50:07.781+0000] {override.py:1911} INFO - Created Permission View: can delete on DAG:example_branch_datetime_operator_2
[2024-11-08T11:50:07.905+0000] {logging_mixin.py:190} INFO - [2024-11-08T11:50:07.904+0000] {override.py:1911} INFO - Created Permission View: can read on DAG Run:example_branch_datetime_operator_2
[2024-11-08T11:50:07.990+0000] {logging_mixin.py:190} INFO - [2024-11-08T11:50:07.989+0000] {override.py:1911} INFO - Created Permission View: menu access on DAG Run:example_branch_datetime_operator_2
[2024-11-08T11:50:08.102+0000] {logging_mixin.py:190} INFO - [2024-11-08T11:50:08.100+0000] {override.py:1911} INFO - Created Permission View: can create on DAG Run:example_branch_datetime_operator_2
[2024-11-08T11:50:08.147+0000] {logging_mixin.py:190} INFO - [2024-11-08T11:50:08.146+0000] {override.py:1911} INFO - Created Permission View: can delete on DAG Run:example_branch_datetime_operator_2
[2024-11-08T11:50:08.257+0000] {logging_mixin.py:190} INFO - [2024-11-08T11:50:08.256+0000] {override.py:1911} INFO - Created Permission View: can read on DAG:example_branch_datetime_operator
[2024-11-08T11:50:08.307+0000] {logging_mixin.py:190} INFO - [2024-11-08T11:50:08.307+0000] {override.py:1911} INFO - Created Permission View: can edit on DAG:example_branch_datetime_operator
[2024-11-08T11:50:08.351+0000] {logging_mixin.py:190} INFO - [2024-11-08T11:50:08.350+0000] {override.py:1911} INFO - Created Permission View: can delete on DAG:example_branch_datetime_operator
[2024-11-08T11:50:08.405+0000] {logging_mixin.py:190} INFO - [2024-11-08T11:50:08.404+0000] {override.py:1911} INFO - Created Permission View: can read on DAG Run:example_branch_datetime_operator
[2024-11-08T11:50:08.446+0000] {logging_mixin.py:190} INFO - [2024-11-08T11:50:08.445+0000] {override.py:1911} INFO - Created Permission View: menu access on DAG Run:example_branch_datetime_operator
[2024-11-08T11:50:08.586+0000] {logging_mixin.py:190} INFO - [2024-11-08T11:50:08.585+0000] {override.py:1911} INFO - Created Permission View: can create on DAG Run:example_branch_datetime_operator
[2024-11-08T11:50:08.675+0000] {logging_mixin.py:190} INFO - [2024-11-08T11:50:08.674+0000] {override.py:1911} INFO - Created Permission View: can delete on DAG Run:example_branch_datetime_operator
[2024-11-08T11:50:08.798+0000] {logging_mixin.py:190} INFO - [2024-11-08T11:50:08.797+0000] {override.py:1911} INFO - Created Permission View: can read on DAG:example_branch_datetime_operator_3
[2024-11-08T11:50:08.850+0000] {logging_mixin.py:190} INFO - [2024-11-08T11:50:08.849+0000] {override.py:1911} INFO - Created Permission View: can edit on DAG:example_branch_datetime_operator_3
[2024-11-08T11:50:08.948+0000] {logging_mixin.py:190} INFO - [2024-11-08T11:50:08.947+0000] {override.py:1911} INFO - Created Permission View: can delete on DAG:example_branch_datetime_operator_3
[2024-11-08T11:50:09.062+0000] {logging_mixin.py:190} INFO - [2024-11-08T11:50:09.062+0000] {override.py:1911} INFO - Created Permission View: can read on DAG Run:example_branch_datetime_operator_3
[2024-11-08T11:50:09.191+0000] {logging_mixin.py:190} INFO - [2024-11-08T11:50:09.190+0000] {override.py:1911} INFO - Created Permission View: menu access on DAG Run:example_branch_datetime_operator_3
[2024-11-08T11:50:09.318+0000] {logging_mixin.py:190} INFO - [2024-11-08T11:50:09.317+0000] {override.py:1911} INFO - Created Permission View: can create on DAG Run:example_branch_datetime_operator_3
[2024-11-08T11:50:09.389+0000] {logging_mixin.py:190} INFO - [2024-11-08T11:50:09.382+0000] {override.py:1911} INFO - Created Permission View: can delete on DAG Run:example_branch_datetime_operator_3
[2024-11-08T11:50:09.405+0000] {logging_mixin.py:190} INFO - [2024-11-08T11:50:09.400+0000] {dag.py:3239} INFO - Sync 3 DAGs
[2024-11-08T11:50:09.600+0000] {logging_mixin.py:190} INFO - [2024-11-08T11:50:09.600+0000] {dag.py:3262} INFO - Creating ORM DAG for example_branch_datetime_operator
[2024-11-08T11:50:09.605+0000] {logging_mixin.py:190} INFO - [2024-11-08T11:50:09.604+0000] {dag.py:3262} INFO - Creating ORM DAG for example_branch_datetime_operator_2
[2024-11-08T11:50:09.612+0000] {logging_mixin.py:190} INFO - [2024-11-08T11:50:09.611+0000] {dag.py:3262} INFO - Creating ORM DAG for example_branch_datetime_operator_3
[2024-11-08T11:50:09.719+0000] {logging_mixin.py:190} INFO - [2024-11-08T11:50:09.719+0000] {dag.py:4180} INFO - Setting next_dagrun for example_branch_datetime_operator to 2024-11-07 00:00:00+00:00, run_after=2024-11-08 00:00:00+00:00
[2024-11-08T11:50:09.736+0000] {logging_mixin.py:190} INFO - [2024-11-08T11:50:09.735+0000] {dag.py:4180} INFO - Setting next_dagrun for example_branch_datetime_operator_2 to 2024-11-07 00:00:00+00:00, run_after=2024-11-08 00:00:00+00:00
[2024-11-08T11:50:09.752+0000] {logging_mixin.py:190} INFO - [2024-11-08T11:50:09.752+0000] {dag.py:4180} INFO - Setting next_dagrun for example_branch_datetime_operator_3 to 2024-11-07 00:00:00+00:00, run_after=2024-11-08 00:00:00+00:00
[2024-11-08T11:50:09.870+0000] {processor.py:208} INFO - Processing /home/airflow/.local/lib/python3.12/site-packages/airflow/example_dags/example_branch_datetime_operator.py took 4.156 seconds
[2024-11-08T11:51:22.735+0000] {processor.py:186} INFO - Started process (PID=206) to work on /home/airflow/.local/lib/python3.12/site-packages/airflow/example_dags/example_branch_datetime_operator.py
[2024-11-08T11:51:22.748+0000] {processor.py:914} INFO - Processing file /home/airflow/.local/lib/python3.12/site-packages/airflow/example_dags/example_branch_datetime_operator.py for tasks to queue
[2024-11-08T11:51:22.788+0000] {logging_mixin.py:190} INFO - [2024-11-08T11:51:22.787+0000] {dagbag.py:588} INFO - Filling up the DagBag from /home/airflow/.local/lib/python3.12/site-packages/airflow/example_dags/example_branch_datetime_operator.py
[2024-11-08T11:51:22.891+0000] {processor.py:925} INFO - DAG(s) 'example_branch_datetime_operator', 'example_branch_datetime_operator_3', 'example_branch_datetime_operator_2' retrieved from /home/airflow/.local/lib/python3.12/site-packages/airflow/example_dags/example_branch_datetime_operator.py
[2024-11-08T11:51:23.087+0000] {logging_mixin.py:190} INFO - [2024-11-08T11:51:23.087+0000] {dag.py:3239} INFO - Sync 3 DAGs
[2024-11-08T11:51:23.353+0000] {logging_mixin.py:190} INFO - [2024-11-08T11:51:23.342+0000] {dag.py:4180} INFO - Setting next_dagrun for example_branch_datetime_operator to 2024-11-07 00:00:00+00:00, run_after=2024-11-08 00:00:00+00:00
[2024-11-08T11:51:23.437+0000] {logging_mixin.py:190} INFO - [2024-11-08T11:51:23.436+0000] {dag.py:4180} INFO - Setting next_dagrun for example_branch_datetime_operator_2 to 2024-11-07 00:00:00+00:00, run_after=2024-11-08 00:00:00+00:00
[2024-11-08T11:51:23.482+0000] {logging_mixin.py:190} INFO - [2024-11-08T11:51:23.482+0000] {dag.py:4180} INFO - Setting next_dagrun for example_branch_datetime_operator_3 to 2024-11-07 00:00:00+00:00, run_after=2024-11-08 00:00:00+00:00
[2024-11-08T11:51:23.675+0000] {processor.py:208} INFO - Processing /home/airflow/.local/lib/python3.12/site-packages/airflow/example_dags/example_branch_datetime_operator.py took 0.976 seconds
[2024-11-08T11:51:55.519+0000] {processor.py:186} INFO - Started process (PID=269) to work on /home/airflow/.local/lib/python3.12/site-packages/airflow/example_dags/example_branch_datetime_operator.py
[2024-11-08T11:51:55.539+0000] {processor.py:914} INFO - Processing file /home/airflow/.local/lib/python3.12/site-packages/airflow/example_dags/example_branch_datetime_operator.py for tasks to queue
[2024-11-08T11:51:55.562+0000] {logging_mixin.py:190} INFO - [2024-11-08T11:51:55.561+0000] {dagbag.py:588} INFO - Filling up the DagBag from /home/airflow/.local/lib/python3.12/site-packages/airflow/example_dags/example_branch_datetime_operator.py
[2024-11-08T11:51:55.676+0000] {processor.py:925} INFO - DAG(s) 'example_branch_datetime_operator_3', 'example_branch_datetime_operator', 'example_branch_datetime_operator_2' retrieved from /home/airflow/.local/lib/python3.12/site-packages/airflow/example_dags/example_branch_datetime_operator.py
[2024-11-08T11:51:55.858+0000] {logging_mixin.py:190} INFO - [2024-11-08T11:51:55.857+0000] {dag.py:3239} INFO - Sync 3 DAGs
[2024-11-08T11:51:56.019+0000] {logging_mixin.py:190} INFO - [2024-11-08T11:51:56.018+0000] {dag.py:4180} INFO - Setting next_dagrun for example_branch_datetime_operator to 2024-11-07 00:00:00+00:00, run_after=2024-11-08 00:00:00+00:00
[2024-11-08T11:51:56.050+0000] {logging_mixin.py:190} INFO - [2024-11-08T11:51:56.050+0000] {dag.py:4180} INFO - Setting next_dagrun for example_branch_datetime_operator_2 to 2024-11-07 00:00:00+00:00, run_after=2024-11-08 00:00:00+00:00
[2024-11-08T11:51:56.080+0000] {logging_mixin.py:190} INFO - [2024-11-08T11:51:56.079+0000] {dag.py:4180} INFO - Setting next_dagrun for example_branch_datetime_operator_3 to 2024-11-07 00:00:00+00:00, run_after=2024-11-08 00:00:00+00:00
[2024-11-08T11:51:56.170+0000] {processor.py:208} INFO - Processing /home/airflow/.local/lib/python3.12/site-packages/airflow/example_dags/example_branch_datetime_operator.py took 0.696 seconds
[2024-11-08T11:52:31.769+0000] {processor.py:186} INFO - Started process (PID=326) to work on /home/airflow/.local/lib/python3.12/site-packages/airflow/example_dags/example_branch_datetime_operator.py
[2024-11-08T11:52:31.773+0000] {processor.py:914} INFO - Processing file /home/airflow/.local/lib/python3.12/site-packages/airflow/example_dags/example_branch_datetime_operator.py for tasks to queue
[2024-11-08T11:52:31.792+0000] {logging_mixin.py:190} INFO - [2024-11-08T11:52:31.790+0000] {dagbag.py:588} INFO - Filling up the DagBag from /home/airflow/.local/lib/python3.12/site-packages/airflow/example_dags/example_branch_datetime_operator.py
[2024-11-08T11:52:31.881+0000] {processor.py:925} INFO - DAG(s) 'example_branch_datetime_operator_3', 'example_branch_datetime_operator_2', 'example_branch_datetime_operator' retrieved from /home/airflow/.local/lib/python3.12/site-packages/airflow/example_dags/example_branch_datetime_operator.py
[2024-11-08T11:52:32.031+0000] {logging_mixin.py:190} INFO - [2024-11-08T11:52:32.031+0000] {dag.py:3239} INFO - Sync 3 DAGs
[2024-11-08T11:52:32.194+0000] {logging_mixin.py:190} INFO - [2024-11-08T11:52:32.193+0000] {dag.py:4180} INFO - Setting next_dagrun for example_branch_datetime_operator to 2024-11-07 00:00:00+00:00, run_after=2024-11-08 00:00:00+00:00
[2024-11-08T11:52:32.232+0000] {logging_mixin.py:190} INFO - [2024-11-08T11:52:32.231+0000] {dag.py:4180} INFO - Setting next_dagrun for example_branch_datetime_operator_2 to 2024-11-07 00:00:00+00:00, run_after=2024-11-08 00:00:00+00:00
[2024-11-08T11:52:32.240+0000] {logging_mixin.py:190} INFO - [2024-11-08T11:52:32.239+0000] {dag.py:4180} INFO - Setting next_dagrun for example_branch_datetime_operator_3 to 2024-11-07 00:00:00+00:00, run_after=2024-11-08 00:00:00+00:00
[2024-11-08T11:52:32.326+0000] {processor.py:208} INFO - Processing /home/airflow/.local/lib/python3.12/site-packages/airflow/example_dags/example_branch_datetime_operator.py took 0.586 seconds
[2024-11-08T11:53:05.946+0000] {processor.py:186} INFO - Started process (PID=389) to work on /home/airflow/.local/lib/python3.12/site-packages/airflow/example_dags/example_branch_datetime_operator.py
[2024-11-08T11:53:05.952+0000] {processor.py:914} INFO - Processing file /home/airflow/.local/lib/python3.12/site-packages/airflow/example_dags/example_branch_datetime_operator.py for tasks to queue
[2024-11-08T11:53:05.964+0000] {logging_mixin.py:190} INFO - [2024-11-08T11:53:05.963+0000] {dagbag.py:588} INFO - Filling up the DagBag from /home/airflow/.local/lib/python3.12/site-packages/airflow/example_dags/example_branch_datetime_operator.py
[2024-11-08T11:53:06.030+0000] {processor.py:925} INFO - DAG(s) 'example_branch_datetime_operator_3', 'example_branch_datetime_operator', 'example_branch_datetime_operator_2' retrieved from /home/airflow/.local/lib/python3.12/site-packages/airflow/example_dags/example_branch_datetime_operator.py
[2024-11-08T11:53:06.184+0000] {logging_mixin.py:190} INFO - [2024-11-08T11:53:06.183+0000] {dag.py:3239} INFO - Sync 3 DAGs
[2024-11-08T11:53:06.387+0000] {logging_mixin.py:190} INFO - [2024-11-08T11:53:06.386+0000] {dag.py:4180} INFO - Setting next_dagrun for example_branch_datetime_operator to 2024-11-07 00:00:00+00:00, run_after=2024-11-08 00:00:00+00:00
[2024-11-08T11:53:06.475+0000] {logging_mixin.py:190} INFO - [2024-11-08T11:53:06.475+0000] {dag.py:4180} INFO - Setting next_dagrun for example_branch_datetime_operator_2 to 2024-11-07 00:00:00+00:00, run_after=2024-11-08 00:00:00+00:00
[2024-11-08T11:53:06.505+0000] {logging_mixin.py:190} INFO - [2024-11-08T11:53:06.495+0000] {dag.py:4180} INFO - Setting next_dagrun for example_branch_datetime_operator_3 to 2024-11-07 00:00:00+00:00, run_after=2024-11-08 00:00:00+00:00
[2024-11-08T11:53:06.589+0000] {processor.py:208} INFO - Processing /home/airflow/.local/lib/python3.12/site-packages/airflow/example_dags/example_branch_datetime_operator.py took 0.669 seconds
[2024-11-08T11:53:42.016+0000] {processor.py:186} INFO - Started process (PID=452) to work on /home/airflow/.local/lib/python3.12/site-packages/airflow/example_dags/example_branch_datetime_operator.py
[2024-11-08T11:53:42.044+0000] {processor.py:914} INFO - Processing file /home/airflow/.local/lib/python3.12/site-packages/airflow/example_dags/example_branch_datetime_operator.py for tasks to queue
[2024-11-08T11:53:42.054+0000] {logging_mixin.py:190} INFO - [2024-11-08T11:53:42.053+0000] {dagbag.py:588} INFO - Filling up the DagBag from /home/airflow/.local/lib/python3.12/site-packages/airflow/example_dags/example_branch_datetime_operator.py
[2024-11-08T11:53:42.140+0000] {processor.py:925} INFO - DAG(s) 'example_branch_datetime_operator_2', 'example_branch_datetime_operator_3', 'example_branch_datetime_operator' retrieved from /home/airflow/.local/lib/python3.12/site-packages/airflow/example_dags/example_branch_datetime_operator.py
[2024-11-08T11:53:42.334+0000] {logging_mixin.py:190} INFO - [2024-11-08T11:53:42.333+0000] {dag.py:3239} INFO - Sync 3 DAGs
[2024-11-08T11:53:42.529+0000] {logging_mixin.py:190} INFO - [2024-11-08T11:53:42.529+0000] {dag.py:4180} INFO - Setting next_dagrun for example_branch_datetime_operator to 2024-11-07 00:00:00+00:00, run_after=2024-11-08 00:00:00+00:00
[2024-11-08T11:53:42.572+0000] {logging_mixin.py:190} INFO - [2024-11-08T11:53:42.571+0000] {dag.py:4180} INFO - Setting next_dagrun for example_branch_datetime_operator_2 to 2024-11-07 00:00:00+00:00, run_after=2024-11-08 00:00:00+00:00
[2024-11-08T11:53:42.600+0000] {logging_mixin.py:190} INFO - [2024-11-08T11:53:42.599+0000] {dag.py:4180} INFO - Setting next_dagrun for example_branch_datetime_operator_3 to 2024-11-07 00:00:00+00:00, run_after=2024-11-08 00:00:00+00:00
[2024-11-08T11:53:42.702+0000] {processor.py:208} INFO - Processing /home/airflow/.local/lib/python3.12/site-packages/airflow/example_dags/example_branch_datetime_operator.py took 0.713 seconds
[2024-11-08T11:54:21.699+0000] {processor.py:186} INFO - Started process (PID=522) to work on /home/airflow/.local/lib/python3.12/site-packages/airflow/example_dags/example_branch_datetime_operator.py
[2024-11-08T11:54:21.704+0000] {processor.py:914} INFO - Processing file /home/airflow/.local/lib/python3.12/site-packages/airflow/example_dags/example_branch_datetime_operator.py for tasks to queue
[2024-11-08T11:54:21.722+0000] {logging_mixin.py:190} INFO - [2024-11-08T11:54:21.721+0000] {dagbag.py:588} INFO - Filling up the DagBag from /home/airflow/.local/lib/python3.12/site-packages/airflow/example_dags/example_branch_datetime_operator.py
[2024-11-08T11:54:21.817+0000] {processor.py:925} INFO - DAG(s) 'example_branch_datetime_operator_3', 'example_branch_datetime_operator_2', 'example_branch_datetime_operator' retrieved from /home/airflow/.local/lib/python3.12/site-packages/airflow/example_dags/example_branch_datetime_operator.py
[2024-11-08T11:54:22.000+0000] {logging_mixin.py:190} INFO - [2024-11-08T11:54:21.999+0000] {dag.py:3239} INFO - Sync 3 DAGs
[2024-11-08T11:54:22.188+0000] {logging_mixin.py:190} INFO - [2024-11-08T11:54:22.187+0000] {dag.py:4180} INFO - Setting next_dagrun for example_branch_datetime_operator to 2024-11-07 00:00:00+00:00, run_after=2024-11-08 00:00:00+00:00
[2024-11-08T11:54:22.209+0000] {logging_mixin.py:190} INFO - [2024-11-08T11:54:22.208+0000] {dag.py:4180} INFO - Setting next_dagrun for example_branch_datetime_operator_2 to 2024-11-07 00:00:00+00:00, run_after=2024-11-08 00:00:00+00:00
[2024-11-08T11:54:22.248+0000] {logging_mixin.py:190} INFO - [2024-11-08T11:54:22.235+0000] {dag.py:4180} INFO - Setting next_dagrun for example_branch_datetime_operator_3 to 2024-11-07 00:00:00+00:00, run_after=2024-11-08 00:00:00+00:00
[2024-11-08T11:54:22.394+0000] {processor.py:208} INFO - Processing /home/airflow/.local/lib/python3.12/site-packages/airflow/example_dags/example_branch_datetime_operator.py took 0.743 seconds
[2024-11-08T11:54:52.952+0000] {processor.py:186} INFO - Started process (PID=585) to work on /home/airflow/.local/lib/python3.12/site-packages/airflow/example_dags/example_branch_datetime_operator.py
[2024-11-08T11:54:52.955+0000] {processor.py:914} INFO - Processing file /home/airflow/.local/lib/python3.12/site-packages/airflow/example_dags/example_branch_datetime_operator.py for tasks to queue
[2024-11-08T11:54:52.984+0000] {logging_mixin.py:190} INFO - [2024-11-08T11:54:52.983+0000] {dagbag.py:588} INFO - Filling up the DagBag from /home/airflow/.local/lib/python3.12/site-packages/airflow/example_dags/example_branch_datetime_operator.py
[2024-11-08T11:54:53.097+0000] {processor.py:925} INFO - DAG(s) 'example_branch_datetime_operator', 'example_branch_datetime_operator_2', 'example_branch_datetime_operator_3' retrieved from /home/airflow/.local/lib/python3.12/site-packages/airflow/example_dags/example_branch_datetime_operator.py
[2024-11-08T11:54:53.265+0000] {logging_mixin.py:190} INFO - [2024-11-08T11:54:53.264+0000] {dag.py:3239} INFO - Sync 3 DAGs
[2024-11-08T11:54:53.523+0000] {logging_mixin.py:190} INFO - [2024-11-08T11:54:53.522+0000] {dag.py:4180} INFO - Setting next_dagrun for example_branch_datetime_operator to 2024-11-07 00:00:00+00:00, run_after=2024-11-08 00:00:00+00:00
[2024-11-08T11:54:53.578+0000] {logging_mixin.py:190} INFO - [2024-11-08T11:54:53.578+0000] {dag.py:4180} INFO - Setting next_dagrun for example_branch_datetime_operator_2 to 2024-11-07 00:00:00+00:00, run_after=2024-11-08 00:00:00+00:00
[2024-11-08T11:54:53.597+0000] {logging_mixin.py:190} INFO - [2024-11-08T11:54:53.597+0000] {dag.py:4180} INFO - Setting next_dagrun for example_branch_datetime_operator_3 to 2024-11-07 00:00:00+00:00, run_after=2024-11-08 00:00:00+00:00
[2024-11-08T11:54:53.705+0000] {processor.py:208} INFO - Processing /home/airflow/.local/lib/python3.12/site-packages/airflow/example_dags/example_branch_datetime_operator.py took 0.776 seconds
[2024-11-08T11:55:24.169+0000] {processor.py:186} INFO - Started process (PID=641) to work on /home/airflow/.local/lib/python3.12/site-packages/airflow/example_dags/example_branch_datetime_operator.py
[2024-11-08T11:55:24.183+0000] {processor.py:914} INFO - Processing file /home/airflow/.local/lib/python3.12/site-packages/airflow/example_dags/example_branch_datetime_operator.py for tasks to queue
[2024-11-08T11:55:24.206+0000] {logging_mixin.py:190} INFO - [2024-11-08T11:55:24.205+0000] {dagbag.py:588} INFO - Filling up the DagBag from /home/airflow/.local/lib/python3.12/site-packages/airflow/example_dags/example_branch_datetime_operator.py
[2024-11-08T11:55:24.287+0000] {processor.py:925} INFO - DAG(s) 'example_branch_datetime_operator_3', 'example_branch_datetime_operator_2', 'example_branch_datetime_operator' retrieved from /home/airflow/.local/lib/python3.12/site-packages/airflow/example_dags/example_branch_datetime_operator.py
[2024-11-08T11:55:24.568+0000] {logging_mixin.py:190} INFO - [2024-11-08T11:55:24.568+0000] {dag.py:3239} INFO - Sync 3 DAGs
[2024-11-08T11:55:24.753+0000] {logging_mixin.py:190} INFO - [2024-11-08T11:55:24.752+0000] {dag.py:4180} INFO - Setting next_dagrun for example_branch_datetime_operator to 2024-11-07 00:00:00+00:00, run_after=2024-11-08 00:00:00+00:00
[2024-11-08T11:55:24.787+0000] {logging_mixin.py:190} INFO - [2024-11-08T11:55:24.787+0000] {dag.py:4180} INFO - Setting next_dagrun for example_branch_datetime_operator_2 to 2024-11-07 00:00:00+00:00, run_after=2024-11-08 00:00:00+00:00
[2024-11-08T11:55:24.810+0000] {logging_mixin.py:190} INFO - [2024-11-08T11:55:24.809+0000] {dag.py:4180} INFO - Setting next_dagrun for example_branch_datetime_operator_3 to 2024-11-07 00:00:00+00:00, run_after=2024-11-08 00:00:00+00:00
[2024-11-08T11:55:24.908+0000] {processor.py:208} INFO - Processing /home/airflow/.local/lib/python3.12/site-packages/airflow/example_dags/example_branch_datetime_operator.py took 0.768 seconds
[2024-11-08T12:00:47.304+0000] {processor.py:186} INFO - Started process (PID=104) to work on /home/airflow/.local/lib/python3.12/site-packages/airflow/example_dags/example_branch_datetime_operator.py
[2024-11-08T12:00:47.398+0000] {processor.py:914} INFO - Processing file /home/airflow/.local/lib/python3.12/site-packages/airflow/example_dags/example_branch_datetime_operator.py for tasks to queue
[2024-11-08T12:00:47.495+0000] {logging_mixin.py:190} INFO - [2024-11-08T12:00:47.494+0000] {dagbag.py:588} INFO - Filling up the DagBag from /home/airflow/.local/lib/python3.12/site-packages/airflow/example_dags/example_branch_datetime_operator.py
[2024-11-08T12:00:48.152+0000] {processor.py:925} INFO - DAG(s) 'example_branch_datetime_operator', 'example_branch_datetime_operator_3', 'example_branch_datetime_operator_2' retrieved from /home/airflow/.local/lib/python3.12/site-packages/airflow/example_dags/example_branch_datetime_operator.py
[2024-11-08T12:00:48.999+0000] {logging_mixin.py:190} INFO - [2024-11-08T12:00:48.997+0000] {dag.py:3239} INFO - Sync 3 DAGs
[2024-11-08T12:00:49.759+0000] {logging_mixin.py:190} INFO - [2024-11-08T12:00:49.758+0000] {dag.py:4180} INFO - Setting next_dagrun for example_branch_datetime_operator to 2024-11-07 00:00:00+00:00, run_after=2024-11-08 00:00:00+00:00
[2024-11-08T12:00:49.831+0000] {logging_mixin.py:190} INFO - [2024-11-08T12:00:49.830+0000] {dag.py:4180} INFO - Setting next_dagrun for example_branch_datetime_operator_2 to 2024-11-07 00:00:00+00:00, run_after=2024-11-08 00:00:00+00:00
[2024-11-08T12:00:49.849+0000] {logging_mixin.py:190} INFO - [2024-11-08T12:00:49.848+0000] {dag.py:4180} INFO - Setting next_dagrun for example_branch_datetime_operator_3 to 2024-11-07 00:00:00+00:00, run_after=2024-11-08 00:00:00+00:00
[2024-11-08T12:00:50.163+0000] {processor.py:208} INFO - Processing /home/airflow/.local/lib/python3.12/site-packages/airflow/example_dags/example_branch_datetime_operator.py took 2.962 seconds
[2024-11-08T12:02:21.904+0000] {processor.py:186} INFO - Started process (PID=180) to work on /home/airflow/.local/lib/python3.12/site-packages/airflow/example_dags/example_branch_datetime_operator.py
[2024-11-08T12:02:21.946+0000] {processor.py:914} INFO - Processing file /home/airflow/.local/lib/python3.12/site-packages/airflow/example_dags/example_branch_datetime_operator.py for tasks to queue
[2024-11-08T12:02:21.959+0000] {logging_mixin.py:190} INFO - [2024-11-08T12:02:21.958+0000] {dagbag.py:588} INFO - Filling up the DagBag from /home/airflow/.local/lib/python3.12/site-packages/airflow/example_dags/example_branch_datetime_operator.py
[2024-11-08T12:02:22.067+0000] {processor.py:925} INFO - DAG(s) 'example_branch_datetime_operator_2', 'example_branch_datetime_operator', 'example_branch_datetime_operator_3' retrieved from /home/airflow/.local/lib/python3.12/site-packages/airflow/example_dags/example_branch_datetime_operator.py
[2024-11-08T12:02:22.250+0000] {logging_mixin.py:190} INFO - [2024-11-08T12:02:22.245+0000] {dag.py:3239} INFO - Sync 3 DAGs
[2024-11-08T12:02:22.489+0000] {logging_mixin.py:190} INFO - [2024-11-08T12:02:22.488+0000] {dag.py:4180} INFO - Setting next_dagrun for example_branch_datetime_operator to 2024-11-07 00:00:00+00:00, run_after=2024-11-08 00:00:00+00:00
[2024-11-08T12:02:22.539+0000] {logging_mixin.py:190} INFO - [2024-11-08T12:02:22.527+0000] {dag.py:4180} INFO - Setting next_dagrun for example_branch_datetime_operator_2 to 2024-11-07 00:00:00+00:00, run_after=2024-11-08 00:00:00+00:00
[2024-11-08T12:02:22.560+0000] {logging_mixin.py:190} INFO - [2024-11-08T12:02:22.559+0000] {dag.py:4180} INFO - Setting next_dagrun for example_branch_datetime_operator_3 to 2024-11-07 00:00:00+00:00, run_after=2024-11-08 00:00:00+00:00
[2024-11-08T12:02:22.663+0000] {processor.py:208} INFO - Processing /home/airflow/.local/lib/python3.12/site-packages/airflow/example_dags/example_branch_datetime_operator.py took 0.797 seconds
[2024-11-08T12:03:01.524+0000] {processor.py:186} INFO - Started process (PID=245) to work on /home/airflow/.local/lib/python3.12/site-packages/airflow/example_dags/example_branch_datetime_operator.py
[2024-11-08T12:03:01.540+0000] {processor.py:914} INFO - Processing file /home/airflow/.local/lib/python3.12/site-packages/airflow/example_dags/example_branch_datetime_operator.py for tasks to queue
[2024-11-08T12:03:01.558+0000] {logging_mixin.py:190} INFO - [2024-11-08T12:03:01.557+0000] {dagbag.py:588} INFO - Filling up the DagBag from /home/airflow/.local/lib/python3.12/site-packages/airflow/example_dags/example_branch_datetime_operator.py
[2024-11-08T12:03:01.656+0000] {processor.py:925} INFO - DAG(s) 'example_branch_datetime_operator_2', 'example_branch_datetime_operator_3', 'example_branch_datetime_operator' retrieved from /home/airflow/.local/lib/python3.12/site-packages/airflow/example_dags/example_branch_datetime_operator.py
[2024-11-08T12:03:01.852+0000] {logging_mixin.py:190} INFO - [2024-11-08T12:03:01.851+0000] {dag.py:3239} INFO - Sync 3 DAGs
[2024-11-08T12:03:02.057+0000] {logging_mixin.py:190} INFO - [2024-11-08T12:03:02.056+0000] {dag.py:4180} INFO - Setting next_dagrun for example_branch_datetime_operator to 2024-11-07 00:00:00+00:00, run_after=2024-11-08 00:00:00+00:00
[2024-11-08T12:03:02.096+0000] {logging_mixin.py:190} INFO - [2024-11-08T12:03:02.095+0000] {dag.py:4180} INFO - Setting next_dagrun for example_branch_datetime_operator_2 to 2024-11-07 00:00:00+00:00, run_after=2024-11-08 00:00:00+00:00
[2024-11-08T12:03:02.113+0000] {logging_mixin.py:190} INFO - [2024-11-08T12:03:02.113+0000] {dag.py:4180} INFO - Setting next_dagrun for example_branch_datetime_operator_3 to 2024-11-07 00:00:00+00:00, run_after=2024-11-08 00:00:00+00:00
[2024-11-08T12:03:02.223+0000] {processor.py:208} INFO - Processing /home/airflow/.local/lib/python3.12/site-packages/airflow/example_dags/example_branch_datetime_operator.py took 0.740 seconds
[2024-11-08T12:03:44.777+0000] {processor.py:186} INFO - Started process (PID=299) to work on /home/airflow/.local/lib/python3.12/site-packages/airflow/example_dags/example_branch_datetime_operator.py
[2024-11-08T12:03:44.799+0000] {processor.py:914} INFO - Processing file /home/airflow/.local/lib/python3.12/site-packages/airflow/example_dags/example_branch_datetime_operator.py for tasks to queue
[2024-11-08T12:03:44.812+0000] {logging_mixin.py:190} INFO - [2024-11-08T12:03:44.811+0000] {dagbag.py:588} INFO - Filling up the DagBag from /home/airflow/.local/lib/python3.12/site-packages/airflow/example_dags/example_branch_datetime_operator.py
[2024-11-08T12:03:44.908+0000] {processor.py:925} INFO - DAG(s) 'example_branch_datetime_operator_3', 'example_branch_datetime_operator', 'example_branch_datetime_operator_2' retrieved from /home/airflow/.local/lib/python3.12/site-packages/airflow/example_dags/example_branch_datetime_operator.py
[2024-11-08T12:03:45.057+0000] {logging_mixin.py:190} INFO - [2024-11-08T12:03:45.057+0000] {dag.py:3239} INFO - Sync 3 DAGs
[2024-11-08T12:03:45.257+0000] {logging_mixin.py:190} INFO - [2024-11-08T12:03:45.257+0000] {dag.py:4180} INFO - Setting next_dagrun for example_branch_datetime_operator to 2024-11-07 00:00:00+00:00, run_after=2024-11-08 00:00:00+00:00
[2024-11-08T12:03:45.307+0000] {logging_mixin.py:190} INFO - [2024-11-08T12:03:45.306+0000] {dag.py:4180} INFO - Setting next_dagrun for example_branch_datetime_operator_2 to 2024-11-07 00:00:00+00:00, run_after=2024-11-08 00:00:00+00:00
[2024-11-08T12:03:45.334+0000] {logging_mixin.py:190} INFO - [2024-11-08T12:03:45.323+0000] {dag.py:4180} INFO - Setting next_dagrun for example_branch_datetime_operator_3 to 2024-11-07 00:00:00+00:00, run_after=2024-11-08 00:00:00+00:00
[2024-11-08T12:03:45.426+0000] {processor.py:208} INFO - Processing /home/airflow/.local/lib/python3.12/site-packages/airflow/example_dags/example_branch_datetime_operator.py took 0.675 seconds
[2024-11-08T12:04:18.048+0000] {processor.py:186} INFO - Started process (PID=364) to work on /home/airflow/.local/lib/python3.12/site-packages/airflow/example_dags/example_branch_datetime_operator.py
[2024-11-08T12:04:18.078+0000] {processor.py:914} INFO - Processing file /home/airflow/.local/lib/python3.12/site-packages/airflow/example_dags/example_branch_datetime_operator.py for tasks to queue
[2024-11-08T12:04:18.125+0000] {logging_mixin.py:190} INFO - [2024-11-08T12:04:18.122+0000] {dagbag.py:588} INFO - Filling up the DagBag from /home/airflow/.local/lib/python3.12/site-packages/airflow/example_dags/example_branch_datetime_operator.py
[2024-11-08T12:04:18.329+0000] {processor.py:925} INFO - DAG(s) 'example_branch_datetime_operator_3', 'example_branch_datetime_operator_2', 'example_branch_datetime_operator' retrieved from /home/airflow/.local/lib/python3.12/site-packages/airflow/example_dags/example_branch_datetime_operator.py
[2024-11-08T12:04:18.715+0000] {logging_mixin.py:190} INFO - [2024-11-08T12:04:18.714+0000] {dag.py:3239} INFO - Sync 3 DAGs
[2024-11-08T12:04:18.987+0000] {logging_mixin.py:190} INFO - [2024-11-08T12:04:18.986+0000] {dag.py:4180} INFO - Setting next_dagrun for example_branch_datetime_operator to 2024-11-07 00:00:00+00:00, run_after=2024-11-08 00:00:00+00:00
[2024-11-08T12:04:19.019+0000] {logging_mixin.py:190} INFO - [2024-11-08T12:04:19.019+0000] {dag.py:4180} INFO - Setting next_dagrun for example_branch_datetime_operator_2 to 2024-11-07 00:00:00+00:00, run_after=2024-11-08 00:00:00+00:00
[2024-11-08T12:04:19.027+0000] {logging_mixin.py:190} INFO - [2024-11-08T12:04:19.027+0000] {dag.py:4180} INFO - Setting next_dagrun for example_branch_datetime_operator_3 to 2024-11-07 00:00:00+00:00, run_after=2024-11-08 00:00:00+00:00
[2024-11-08T12:04:19.162+0000] {processor.py:208} INFO - Processing /home/airflow/.local/lib/python3.12/site-packages/airflow/example_dags/example_branch_datetime_operator.py took 1.305 seconds
[2024-11-08T12:04:51.115+0000] {processor.py:186} INFO - Started process (PID=427) to work on /home/airflow/.local/lib/python3.12/site-packages/airflow/example_dags/example_branch_datetime_operator.py
[2024-11-08T12:04:51.121+0000] {processor.py:914} INFO - Processing file /home/airflow/.local/lib/python3.12/site-packages/airflow/example_dags/example_branch_datetime_operator.py for tasks to queue
[2024-11-08T12:04:51.137+0000] {logging_mixin.py:190} INFO - [2024-11-08T12:04:51.136+0000] {dagbag.py:588} INFO - Filling up the DagBag from /home/airflow/.local/lib/python3.12/site-packages/airflow/example_dags/example_branch_datetime_operator.py
[2024-11-08T12:04:51.247+0000] {processor.py:925} INFO - DAG(s) 'example_branch_datetime_operator_2', 'example_branch_datetime_operator', 'example_branch_datetime_operator_3' retrieved from /home/airflow/.local/lib/python3.12/site-packages/airflow/example_dags/example_branch_datetime_operator.py
[2024-11-08T12:04:51.475+0000] {logging_mixin.py:190} INFO - [2024-11-08T12:04:51.474+0000] {dag.py:3239} INFO - Sync 3 DAGs
[2024-11-08T12:04:51.711+0000] {logging_mixin.py:190} INFO - [2024-11-08T12:04:51.711+0000] {dag.py:4180} INFO - Setting next_dagrun for example_branch_datetime_operator to 2024-11-07 00:00:00+00:00, run_after=2024-11-08 00:00:00+00:00
[2024-11-08T12:04:51.759+0000] {logging_mixin.py:190} INFO - [2024-11-08T12:04:51.759+0000] {dag.py:4180} INFO - Setting next_dagrun for example_branch_datetime_operator_2 to 2024-11-07 00:00:00+00:00, run_after=2024-11-08 00:00:00+00:00
[2024-11-08T12:04:51.778+0000] {logging_mixin.py:190} INFO - [2024-11-08T12:04:51.777+0000] {dag.py:4180} INFO - Setting next_dagrun for example_branch_datetime_operator_3 to 2024-11-07 00:00:00+00:00, run_after=2024-11-08 00:00:00+00:00
[2024-11-08T12:04:51.884+0000] {processor.py:208} INFO - Processing /home/airflow/.local/lib/python3.12/site-packages/airflow/example_dags/example_branch_datetime_operator.py took 0.808 seconds
[2024-11-08T12:05:38.991+0000] {processor.py:186} INFO - Started process (PID=482) to work on /home/airflow/.local/lib/python3.12/site-packages/airflow/example_dags/example_branch_datetime_operator.py
[2024-11-08T12:05:39.032+0000] {processor.py:914} INFO - Processing file /home/airflow/.local/lib/python3.12/site-packages/airflow/example_dags/example_branch_datetime_operator.py for tasks to queue
[2024-11-08T12:05:39.056+0000] {logging_mixin.py:190} INFO - [2024-11-08T12:05:39.055+0000] {dagbag.py:588} INFO - Filling up the DagBag from /home/airflow/.local/lib/python3.12/site-packages/airflow/example_dags/example_branch_datetime_operator.py
[2024-11-08T12:05:39.177+0000] {processor.py:925} INFO - DAG(s) 'example_branch_datetime_operator', 'example_branch_datetime_operator_2', 'example_branch_datetime_operator_3' retrieved from /home/airflow/.local/lib/python3.12/site-packages/airflow/example_dags/example_branch_datetime_operator.py
[2024-11-08T12:05:39.431+0000] {logging_mixin.py:190} INFO - [2024-11-08T12:05:39.430+0000] {dag.py:3239} INFO - Sync 3 DAGs
[2024-11-08T12:05:39.662+0000] {logging_mixin.py:190} INFO - [2024-11-08T12:05:39.661+0000] {dag.py:4180} INFO - Setting next_dagrun for example_branch_datetime_operator to 2024-11-07 00:00:00+00:00, run_after=2024-11-08 00:00:00+00:00
[2024-11-08T12:05:39.711+0000] {logging_mixin.py:190} INFO - [2024-11-08T12:05:39.710+0000] {dag.py:4180} INFO - Setting next_dagrun for example_branch_datetime_operator_2 to 2024-11-07 00:00:00+00:00, run_after=2024-11-08 00:00:00+00:00
[2024-11-08T12:05:39.742+0000] {logging_mixin.py:190} INFO - [2024-11-08T12:05:39.741+0000] {dag.py:4180} INFO - Setting next_dagrun for example_branch_datetime_operator_3 to 2024-11-07 00:00:00+00:00, run_after=2024-11-08 00:00:00+00:00
[2024-11-08T12:05:39.892+0000] {processor.py:208} INFO - Processing /home/airflow/.local/lib/python3.12/site-packages/airflow/example_dags/example_branch_datetime_operator.py took 0.937 seconds
[2024-11-08T12:06:37.902+0000] {processor.py:186} INFO - Started process (PID=552) to work on /home/airflow/.local/lib/python3.12/site-packages/airflow/example_dags/example_branch_datetime_operator.py
[2024-11-08T12:06:37.907+0000] {processor.py:914} INFO - Processing file /home/airflow/.local/lib/python3.12/site-packages/airflow/example_dags/example_branch_datetime_operator.py for tasks to queue
[2024-11-08T12:06:37.920+0000] {logging_mixin.py:190} INFO - [2024-11-08T12:06:37.919+0000] {dagbag.py:588} INFO - Filling up the DagBag from /home/airflow/.local/lib/python3.12/site-packages/airflow/example_dags/example_branch_datetime_operator.py
[2024-11-08T12:06:38.027+0000] {processor.py:925} INFO - DAG(s) 'example_branch_datetime_operator_2', 'example_branch_datetime_operator_3', 'example_branch_datetime_operator' retrieved from /home/airflow/.local/lib/python3.12/site-packages/airflow/example_dags/example_branch_datetime_operator.py
[2024-11-08T12:06:38.229+0000] {logging_mixin.py:190} INFO - [2024-11-08T12:06:38.219+0000] {dag.py:3239} INFO - Sync 3 DAGs
[2024-11-08T12:06:38.425+0000] {logging_mixin.py:190} INFO - [2024-11-08T12:06:38.424+0000] {dag.py:4180} INFO - Setting next_dagrun for example_branch_datetime_operator to 2024-11-07 00:00:00+00:00, run_after=2024-11-08 00:00:00+00:00
[2024-11-08T12:06:38.462+0000] {logging_mixin.py:190} INFO - [2024-11-08T12:06:38.461+0000] {dag.py:4180} INFO - Setting next_dagrun for example_branch_datetime_operator_2 to 2024-11-07 00:00:00+00:00, run_after=2024-11-08 00:00:00+00:00
[2024-11-08T12:06:38.479+0000] {logging_mixin.py:190} INFO - [2024-11-08T12:06:38.479+0000] {dag.py:4180} INFO - Setting next_dagrun for example_branch_datetime_operator_3 to 2024-11-07 00:00:00+00:00, run_after=2024-11-08 00:00:00+00:00
[2024-11-08T12:06:38.609+0000] {processor.py:208} INFO - Processing /home/airflow/.local/lib/python3.12/site-packages/airflow/example_dags/example_branch_datetime_operator.py took 0.743 seconds
[2024-11-08T12:07:15.321+0000] {processor.py:186} INFO - Started process (PID=605) to work on /home/airflow/.local/lib/python3.12/site-packages/airflow/example_dags/example_branch_datetime_operator.py
[2024-11-08T12:07:15.348+0000] {processor.py:914} INFO - Processing file /home/airflow/.local/lib/python3.12/site-packages/airflow/example_dags/example_branch_datetime_operator.py for tasks to queue
[2024-11-08T12:07:15.364+0000] {logging_mixin.py:190} INFO - [2024-11-08T12:07:15.355+0000] {dagbag.py:588} INFO - Filling up the DagBag from /home/airflow/.local/lib/python3.12/site-packages/airflow/example_dags/example_branch_datetime_operator.py
[2024-11-08T12:07:15.478+0000] {processor.py:925} INFO - DAG(s) 'example_branch_datetime_operator_3', 'example_branch_datetime_operator_2', 'example_branch_datetime_operator' retrieved from /home/airflow/.local/lib/python3.12/site-packages/airflow/example_dags/example_branch_datetime_operator.py
[2024-11-08T12:07:15.695+0000] {logging_mixin.py:190} INFO - [2024-11-08T12:07:15.694+0000] {dag.py:3239} INFO - Sync 3 DAGs
[2024-11-08T12:07:15.978+0000] {logging_mixin.py:190} INFO - [2024-11-08T12:07:15.977+0000] {dag.py:4180} INFO - Setting next_dagrun for example_branch_datetime_operator to 2024-11-07 00:00:00+00:00, run_after=2024-11-08 00:00:00+00:00
[2024-11-08T12:07:16.028+0000] {logging_mixin.py:190} INFO - [2024-11-08T12:07:16.027+0000] {dag.py:4180} INFO - Setting next_dagrun for example_branch_datetime_operator_2 to 2024-11-07 00:00:00+00:00, run_after=2024-11-08 00:00:00+00:00
[2024-11-08T12:07:16.058+0000] {logging_mixin.py:190} INFO - [2024-11-08T12:07:16.057+0000] {dag.py:4180} INFO - Setting next_dagrun for example_branch_datetime_operator_3 to 2024-11-07 00:00:00+00:00, run_after=2024-11-08 00:00:00+00:00
[2024-11-08T12:07:16.218+0000] {processor.py:208} INFO - Processing /home/airflow/.local/lib/python3.12/site-packages/airflow/example_dags/example_branch_datetime_operator.py took 0.971 seconds
[2024-11-08T12:07:55.052+0000] {processor.py:186} INFO - Started process (PID=670) to work on /home/airflow/.local/lib/python3.12/site-packages/airflow/example_dags/example_branch_datetime_operator.py
[2024-11-08T12:07:55.058+0000] {processor.py:914} INFO - Processing file /home/airflow/.local/lib/python3.12/site-packages/airflow/example_dags/example_branch_datetime_operator.py for tasks to queue
[2024-11-08T12:07:55.085+0000] {logging_mixin.py:190} INFO - [2024-11-08T12:07:55.075+0000] {dagbag.py:588} INFO - Filling up the DagBag from /home/airflow/.local/lib/python3.12/site-packages/airflow/example_dags/example_branch_datetime_operator.py
[2024-11-08T12:07:55.188+0000] {processor.py:925} INFO - DAG(s) 'example_branch_datetime_operator', 'example_branch_datetime_operator_2', 'example_branch_datetime_operator_3' retrieved from /home/airflow/.local/lib/python3.12/site-packages/airflow/example_dags/example_branch_datetime_operator.py
[2024-11-08T12:07:55.382+0000] {logging_mixin.py:190} INFO - [2024-11-08T12:07:55.382+0000] {dag.py:3239} INFO - Sync 3 DAGs
[2024-11-08T12:07:55.553+0000] {logging_mixin.py:190} INFO - [2024-11-08T12:07:55.552+0000] {dag.py:4180} INFO - Setting next_dagrun for example_branch_datetime_operator to 2024-11-07 00:00:00+00:00, run_after=2024-11-08 00:00:00+00:00
[2024-11-08T12:07:55.600+0000] {logging_mixin.py:190} INFO - [2024-11-08T12:07:55.599+0000] {dag.py:4180} INFO - Setting next_dagrun for example_branch_datetime_operator_2 to 2024-11-07 00:00:00+00:00, run_after=2024-11-08 00:00:00+00:00
[2024-11-08T12:07:55.618+0000] {logging_mixin.py:190} INFO - [2024-11-08T12:07:55.617+0000] {dag.py:4180} INFO - Setting next_dagrun for example_branch_datetime_operator_3 to 2024-11-07 00:00:00+00:00, run_after=2024-11-08 00:00:00+00:00
[2024-11-08T12:07:55.736+0000] {processor.py:208} INFO - Processing /home/airflow/.local/lib/python3.12/site-packages/airflow/example_dags/example_branch_datetime_operator.py took 0.728 seconds
