[2024-11-08T11:50:26.732+0000] {processor.py:186} INFO - Started process (PID=141) to work on /home/airflow/.local/lib/python3.12/site-packages/airflow/example_dags/example_dag_decorator.py
[2024-11-08T11:50:26.770+0000] {processor.py:914} INFO - Processing file /home/airflow/.local/lib/python3.12/site-packages/airflow/example_dags/example_dag_decorator.py for tasks to queue
[2024-11-08T11:50:26.798+0000] {logging_mixin.py:190} INFO - [2024-11-08T11:50:26.797+0000] {dagbag.py:588} INFO - Filling up the DagBag from /home/airflow/.local/lib/python3.12/site-packages/airflow/example_dags/example_dag_decorator.py
[2024-11-08T11:50:26.985+0000] {processor.py:925} INFO - DAG(s) 'example_dag_decorator' retrieved from /home/airflow/.local/lib/python3.12/site-packages/airflow/example_dags/example_dag_decorator.py
[2024-11-08T11:50:28.283+0000] {logging_mixin.py:190} INFO - [2024-11-08T11:50:28.281+0000] {override.py:1911} INFO - Created Permission View: can read on DAG:example_dag_decorator
[2024-11-08T11:50:28.366+0000] {logging_mixin.py:190} INFO - [2024-11-08T11:50:28.365+0000] {override.py:1911} INFO - Created Permission View: can edit on DAG:example_dag_decorator
[2024-11-08T11:50:28.416+0000] {logging_mixin.py:190} INFO - [2024-11-08T11:50:28.415+0000] {override.py:1911} INFO - Created Permission View: can delete on DAG:example_dag_decorator
[2024-11-08T11:50:28.447+0000] {logging_mixin.py:190} INFO - [2024-11-08T11:50:28.445+0000] {override.py:1911} INFO - Created Permission View: can read on DAG Run:example_dag_decorator
[2024-11-08T11:50:28.539+0000] {logging_mixin.py:190} INFO - [2024-11-08T11:50:28.539+0000] {override.py:1911} INFO - Created Permission View: menu access on DAG Run:example_dag_decorator
[2024-11-08T11:50:28.589+0000] {logging_mixin.py:190} INFO - [2024-11-08T11:50:28.588+0000] {override.py:1911} INFO - Created Permission View: can create on DAG Run:example_dag_decorator
[2024-11-08T11:50:28.630+0000] {logging_mixin.py:190} INFO - [2024-11-08T11:50:28.624+0000] {override.py:1911} INFO - Created Permission View: can delete on DAG Run:example_dag_decorator
[2024-11-08T11:50:28.644+0000] {logging_mixin.py:190} INFO - [2024-11-08T11:50:28.644+0000] {dag.py:3239} INFO - Sync 1 DAGs
[2024-11-08T11:50:28.830+0000] {logging_mixin.py:190} INFO - [2024-11-08T11:50:28.829+0000] {dag.py:3262} INFO - Creating ORM DAG for example_dag_decorator
[2024-11-08T11:50:28.846+0000] {logging_mixin.py:190} INFO - [2024-11-08T11:50:28.845+0000] {dag.py:4180} INFO - Setting next_dagrun for example_dag_decorator to None, run_after=None
[2024-11-08T11:50:28.961+0000] {processor.py:208} INFO - Processing /home/airflow/.local/lib/python3.12/site-packages/airflow/example_dags/example_dag_decorator.py took 2.283 seconds
[2024-11-08T11:51:30.636+0000] {processor.py:186} INFO - Started process (PID=211) to work on /home/airflow/.local/lib/python3.12/site-packages/airflow/example_dags/example_dag_decorator.py
[2024-11-08T11:51:30.640+0000] {processor.py:914} INFO - Processing file /home/airflow/.local/lib/python3.12/site-packages/airflow/example_dags/example_dag_decorator.py for tasks to queue
[2024-11-08T11:51:30.656+0000] {logging_mixin.py:190} INFO - [2024-11-08T11:51:30.655+0000] {dagbag.py:588} INFO - Filling up the DagBag from /home/airflow/.local/lib/python3.12/site-packages/airflow/example_dags/example_dag_decorator.py
[2024-11-08T11:51:30.764+0000] {processor.py:925} INFO - DAG(s) 'example_dag_decorator' retrieved from /home/airflow/.local/lib/python3.12/site-packages/airflow/example_dags/example_dag_decorator.py
[2024-11-08T11:51:31.646+0000] {logging_mixin.py:190} INFO - [2024-11-08T11:51:31.645+0000] {dag.py:3239} INFO - Sync 1 DAGs
[2024-11-08T11:51:31.842+0000] {logging_mixin.py:190} INFO - [2024-11-08T11:51:31.842+0000] {dag.py:4180} INFO - Setting next_dagrun for example_dag_decorator to None, run_after=None
[2024-11-08T11:51:31.993+0000] {processor.py:208} INFO - Processing /home/airflow/.local/lib/python3.12/site-packages/airflow/example_dags/example_dag_decorator.py took 1.392 seconds
[2024-11-08T11:52:02.319+0000] {processor.py:186} INFO - Started process (PID=274) to work on /home/airflow/.local/lib/python3.12/site-packages/airflow/example_dags/example_dag_decorator.py
[2024-11-08T11:52:02.325+0000] {processor.py:914} INFO - Processing file /home/airflow/.local/lib/python3.12/site-packages/airflow/example_dags/example_dag_decorator.py for tasks to queue
[2024-11-08T11:52:02.351+0000] {logging_mixin.py:190} INFO - [2024-11-08T11:52:02.348+0000] {dagbag.py:588} INFO - Filling up the DagBag from /home/airflow/.local/lib/python3.12/site-packages/airflow/example_dags/example_dag_decorator.py
[2024-11-08T11:52:02.567+0000] {processor.py:925} INFO - DAG(s) 'example_dag_decorator' retrieved from /home/airflow/.local/lib/python3.12/site-packages/airflow/example_dags/example_dag_decorator.py
[2024-11-08T11:52:02.998+0000] {logging_mixin.py:190} INFO - [2024-11-08T11:52:02.997+0000] {dag.py:3239} INFO - Sync 1 DAGs
[2024-11-08T11:52:03.512+0000] {logging_mixin.py:190} INFO - [2024-11-08T11:52:03.510+0000] {dag.py:4180} INFO - Setting next_dagrun for example_dag_decorator to None, run_after=None
[2024-11-08T11:52:03.759+0000] {processor.py:208} INFO - Processing /home/airflow/.local/lib/python3.12/site-packages/airflow/example_dags/example_dag_decorator.py took 1.457 seconds
[2024-11-08T11:52:34.661+0000] {processor.py:186} INFO - Started process (PID=337) to work on /home/airflow/.local/lib/python3.12/site-packages/airflow/example_dags/example_dag_decorator.py
[2024-11-08T11:52:34.690+0000] {processor.py:914} INFO - Processing file /home/airflow/.local/lib/python3.12/site-packages/airflow/example_dags/example_dag_decorator.py for tasks to queue
[2024-11-08T11:52:34.710+0000] {logging_mixin.py:190} INFO - [2024-11-08T11:52:34.709+0000] {dagbag.py:588} INFO - Filling up the DagBag from /home/airflow/.local/lib/python3.12/site-packages/airflow/example_dags/example_dag_decorator.py
[2024-11-08T11:52:34.797+0000] {processor.py:925} INFO - DAG(s) 'example_dag_decorator' retrieved from /home/airflow/.local/lib/python3.12/site-packages/airflow/example_dags/example_dag_decorator.py
[2024-11-08T11:52:34.975+0000] {logging_mixin.py:190} INFO - [2024-11-08T11:52:34.974+0000] {dag.py:3239} INFO - Sync 1 DAGs
[2024-11-08T11:52:35.124+0000] {logging_mixin.py:190} INFO - [2024-11-08T11:52:35.123+0000] {dag.py:4180} INFO - Setting next_dagrun for example_dag_decorator to None, run_after=None
[2024-11-08T11:52:35.251+0000] {processor.py:208} INFO - Processing /home/airflow/.local/lib/python3.12/site-packages/airflow/example_dags/example_dag_decorator.py took 0.626 seconds
[2024-11-08T11:53:08.768+0000] {processor.py:186} INFO - Started process (PID=398) to work on /home/airflow/.local/lib/python3.12/site-packages/airflow/example_dags/example_dag_decorator.py
[2024-11-08T11:53:08.780+0000] {processor.py:914} INFO - Processing file /home/airflow/.local/lib/python3.12/site-packages/airflow/example_dags/example_dag_decorator.py for tasks to queue
[2024-11-08T11:53:08.790+0000] {logging_mixin.py:190} INFO - [2024-11-08T11:53:08.789+0000] {dagbag.py:588} INFO - Filling up the DagBag from /home/airflow/.local/lib/python3.12/site-packages/airflow/example_dags/example_dag_decorator.py
[2024-11-08T11:53:08.867+0000] {processor.py:925} INFO - DAG(s) 'example_dag_decorator' retrieved from /home/airflow/.local/lib/python3.12/site-packages/airflow/example_dags/example_dag_decorator.py
[2024-11-08T11:53:08.990+0000] {logging_mixin.py:190} INFO - [2024-11-08T11:53:08.979+0000] {dag.py:3239} INFO - Sync 1 DAGs
[2024-11-08T11:53:09.113+0000] {logging_mixin.py:190} INFO - [2024-11-08T11:53:09.112+0000] {dag.py:4180} INFO - Setting next_dagrun for example_dag_decorator to None, run_after=None
[2024-11-08T11:53:09.238+0000] {processor.py:208} INFO - Processing /home/airflow/.local/lib/python3.12/site-packages/airflow/example_dags/example_dag_decorator.py took 0.530 seconds
[2024-11-08T11:53:44.009+0000] {processor.py:186} INFO - Started process (PID=456) to work on /home/airflow/.local/lib/python3.12/site-packages/airflow/example_dags/example_dag_decorator.py
[2024-11-08T11:53:44.047+0000] {processor.py:914} INFO - Processing file /home/airflow/.local/lib/python3.12/site-packages/airflow/example_dags/example_dag_decorator.py for tasks to queue
[2024-11-08T11:53:44.063+0000] {logging_mixin.py:190} INFO - [2024-11-08T11:53:44.063+0000] {dagbag.py:588} INFO - Filling up the DagBag from /home/airflow/.local/lib/python3.12/site-packages/airflow/example_dags/example_dag_decorator.py
[2024-11-08T11:53:44.145+0000] {processor.py:925} INFO - DAG(s) 'example_dag_decorator' retrieved from /home/airflow/.local/lib/python3.12/site-packages/airflow/example_dags/example_dag_decorator.py
[2024-11-08T11:53:44.269+0000] {logging_mixin.py:190} INFO - [2024-11-08T11:53:44.268+0000] {dag.py:3239} INFO - Sync 1 DAGs
[2024-11-08T11:53:44.394+0000] {logging_mixin.py:190} INFO - [2024-11-08T11:53:44.393+0000] {dag.py:4180} INFO - Setting next_dagrun for example_dag_decorator to None, run_after=None
[2024-11-08T11:53:44.505+0000] {processor.py:208} INFO - Processing /home/airflow/.local/lib/python3.12/site-packages/airflow/example_dags/example_dag_decorator.py took 0.544 seconds
[2024-11-08T11:54:22.861+0000] {processor.py:186} INFO - Started process (PID=525) to work on /home/airflow/.local/lib/python3.12/site-packages/airflow/example_dags/example_dag_decorator.py
[2024-11-08T11:54:22.866+0000] {processor.py:914} INFO - Processing file /home/airflow/.local/lib/python3.12/site-packages/airflow/example_dags/example_dag_decorator.py for tasks to queue
[2024-11-08T11:54:22.893+0000] {logging_mixin.py:190} INFO - [2024-11-08T11:54:22.883+0000] {dagbag.py:588} INFO - Filling up the DagBag from /home/airflow/.local/lib/python3.12/site-packages/airflow/example_dags/example_dag_decorator.py
[2024-11-08T11:54:22.977+0000] {processor.py:925} INFO - DAG(s) 'example_dag_decorator' retrieved from /home/airflow/.local/lib/python3.12/site-packages/airflow/example_dags/example_dag_decorator.py
[2024-11-08T11:54:23.941+0000] {logging_mixin.py:190} INFO - [2024-11-08T11:54:23.940+0000] {dag.py:3239} INFO - Sync 1 DAGs
[2024-11-08T11:54:24.048+0000] {logging_mixin.py:190} INFO - [2024-11-08T11:54:24.047+0000] {dag.py:4180} INFO - Setting next_dagrun for example_dag_decorator to None, run_after=None
[2024-11-08T11:54:24.157+0000] {processor.py:208} INFO - Processing /home/airflow/.local/lib/python3.12/site-packages/airflow/example_dags/example_dag_decorator.py took 1.334 seconds
[2024-11-08T11:54:54.775+0000] {processor.py:186} INFO - Started process (PID=589) to work on /home/airflow/.local/lib/python3.12/site-packages/airflow/example_dags/example_dag_decorator.py
[2024-11-08T11:54:54.784+0000] {processor.py:914} INFO - Processing file /home/airflow/.local/lib/python3.12/site-packages/airflow/example_dags/example_dag_decorator.py for tasks to queue
[2024-11-08T11:54:54.795+0000] {logging_mixin.py:190} INFO - [2024-11-08T11:54:54.794+0000] {dagbag.py:588} INFO - Filling up the DagBag from /home/airflow/.local/lib/python3.12/site-packages/airflow/example_dags/example_dag_decorator.py
[2024-11-08T11:54:54.844+0000] {processor.py:925} INFO - DAG(s) 'example_dag_decorator' retrieved from /home/airflow/.local/lib/python3.12/site-packages/airflow/example_dags/example_dag_decorator.py
[2024-11-08T11:54:55.417+0000] {logging_mixin.py:190} INFO - [2024-11-08T11:54:55.417+0000] {dag.py:3239} INFO - Sync 1 DAGs
[2024-11-08T11:54:55.481+0000] {logging_mixin.py:190} INFO - [2024-11-08T11:54:55.480+0000] {dag.py:4180} INFO - Setting next_dagrun for example_dag_decorator to None, run_after=None
[2024-11-08T11:54:55.611+0000] {processor.py:208} INFO - Processing /home/airflow/.local/lib/python3.12/site-packages/airflow/example_dags/example_dag_decorator.py took 0.857 seconds
[2024-11-08T12:01:11.317+0000] {processor.py:186} INFO - Started process (PID=114) to work on /home/airflow/.local/lib/python3.12/site-packages/airflow/example_dags/example_dag_decorator.py
[2024-11-08T12:01:11.354+0000] {processor.py:914} INFO - Processing file /home/airflow/.local/lib/python3.12/site-packages/airflow/example_dags/example_dag_decorator.py for tasks to queue
[2024-11-08T12:01:11.374+0000] {logging_mixin.py:190} INFO - [2024-11-08T12:01:11.373+0000] {dagbag.py:588} INFO - Filling up the DagBag from /home/airflow/.local/lib/python3.12/site-packages/airflow/example_dags/example_dag_decorator.py
[2024-11-08T12:01:11.513+0000] {processor.py:925} INFO - DAG(s) 'example_dag_decorator' retrieved from /home/airflow/.local/lib/python3.12/site-packages/airflow/example_dags/example_dag_decorator.py
[2024-11-08T12:01:13.043+0000] {logging_mixin.py:190} INFO - [2024-11-08T12:01:13.043+0000] {dag.py:3239} INFO - Sync 1 DAGs
[2024-11-08T12:01:13.209+0000] {logging_mixin.py:190} INFO - [2024-11-08T12:01:13.208+0000] {dag.py:4180} INFO - Setting next_dagrun for example_dag_decorator to None, run_after=None
[2024-11-08T12:01:13.551+0000] {processor.py:208} INFO - Processing /home/airflow/.local/lib/python3.12/site-packages/airflow/example_dags/example_dag_decorator.py took 2.264 seconds
[2024-11-08T12:02:24.754+0000] {processor.py:186} INFO - Started process (PID=184) to work on /home/airflow/.local/lib/python3.12/site-packages/airflow/example_dags/example_dag_decorator.py
[2024-11-08T12:02:24.763+0000] {processor.py:914} INFO - Processing file /home/airflow/.local/lib/python3.12/site-packages/airflow/example_dags/example_dag_decorator.py for tasks to queue
[2024-11-08T12:02:24.774+0000] {logging_mixin.py:190} INFO - [2024-11-08T12:02:24.773+0000] {dagbag.py:588} INFO - Filling up the DagBag from /home/airflow/.local/lib/python3.12/site-packages/airflow/example_dags/example_dag_decorator.py
[2024-11-08T12:02:24.859+0000] {processor.py:925} INFO - DAG(s) 'example_dag_decorator' retrieved from /home/airflow/.local/lib/python3.12/site-packages/airflow/example_dags/example_dag_decorator.py
[2024-11-08T12:02:25.764+0000] {logging_mixin.py:190} INFO - [2024-11-08T12:02:25.764+0000] {dag.py:3239} INFO - Sync 1 DAGs
[2024-11-08T12:02:25.884+0000] {logging_mixin.py:190} INFO - [2024-11-08T12:02:25.883+0000] {dag.py:4180} INFO - Setting next_dagrun for example_dag_decorator to None, run_after=None
[2024-11-08T12:02:26.044+0000] {processor.py:208} INFO - Processing /home/airflow/.local/lib/python3.12/site-packages/airflow/example_dags/example_dag_decorator.py took 1.318 seconds
[2024-11-08T12:03:03.876+0000] {processor.py:186} INFO - Started process (PID=249) to work on /home/airflow/.local/lib/python3.12/site-packages/airflow/example_dags/example_dag_decorator.py
[2024-11-08T12:03:03.903+0000] {processor.py:914} INFO - Processing file /home/airflow/.local/lib/python3.12/site-packages/airflow/example_dags/example_dag_decorator.py for tasks to queue
[2024-11-08T12:03:03.921+0000] {logging_mixin.py:190} INFO - [2024-11-08T12:03:03.920+0000] {dagbag.py:588} INFO - Filling up the DagBag from /home/airflow/.local/lib/python3.12/site-packages/airflow/example_dags/example_dag_decorator.py
[2024-11-08T12:03:04.063+0000] {processor.py:925} INFO - DAG(s) 'example_dag_decorator' retrieved from /home/airflow/.local/lib/python3.12/site-packages/airflow/example_dags/example_dag_decorator.py
[2024-11-08T12:03:05.187+0000] {logging_mixin.py:190} INFO - [2024-11-08T12:03:05.186+0000] {dag.py:3239} INFO - Sync 1 DAGs
[2024-11-08T12:03:05.341+0000] {logging_mixin.py:190} INFO - [2024-11-08T12:03:05.341+0000] {dag.py:4180} INFO - Setting next_dagrun for example_dag_decorator to None, run_after=None
[2024-11-08T12:03:05.467+0000] {processor.py:208} INFO - Processing /home/airflow/.local/lib/python3.12/site-packages/airflow/example_dags/example_dag_decorator.py took 1.667 seconds
[2024-11-08T12:03:59.568+0000] {processor.py:186} INFO - Started process (PID=327) to work on /home/airflow/.local/lib/python3.12/site-packages/airflow/example_dags/example_dag_decorator.py
[2024-11-08T12:03:59.575+0000] {processor.py:914} INFO - Processing file /home/airflow/.local/lib/python3.12/site-packages/airflow/example_dags/example_dag_decorator.py for tasks to queue
[2024-11-08T12:03:59.591+0000] {logging_mixin.py:190} INFO - [2024-11-08T12:03:59.590+0000] {dagbag.py:588} INFO - Filling up the DagBag from /home/airflow/.local/lib/python3.12/site-packages/airflow/example_dags/example_dag_decorator.py
[2024-11-08T12:03:59.671+0000] {processor.py:925} INFO - DAG(s) 'example_dag_decorator' retrieved from /home/airflow/.local/lib/python3.12/site-packages/airflow/example_dags/example_dag_decorator.py
[2024-11-08T12:04:00.406+0000] {logging_mixin.py:190} INFO - [2024-11-08T12:04:00.401+0000] {dag.py:3239} INFO - Sync 1 DAGs
[2024-11-08T12:04:00.475+0000] {logging_mixin.py:190} INFO - [2024-11-08T12:04:00.474+0000] {dag.py:4180} INFO - Setting next_dagrun for example_dag_decorator to None, run_after=None
[2024-11-08T12:04:00.596+0000] {processor.py:208} INFO - Processing /home/airflow/.local/lib/python3.12/site-packages/airflow/example_dags/example_dag_decorator.py took 1.053 seconds
[2024-11-08T12:04:31.655+0000] {processor.py:186} INFO - Started process (PID=391) to work on /home/airflow/.local/lib/python3.12/site-packages/airflow/example_dags/example_dag_decorator.py
[2024-11-08T12:04:31.676+0000] {processor.py:914} INFO - Processing file /home/airflow/.local/lib/python3.12/site-packages/airflow/example_dags/example_dag_decorator.py for tasks to queue
[2024-11-08T12:04:31.690+0000] {logging_mixin.py:190} INFO - [2024-11-08T12:04:31.690+0000] {dagbag.py:588} INFO - Filling up the DagBag from /home/airflow/.local/lib/python3.12/site-packages/airflow/example_dags/example_dag_decorator.py
[2024-11-08T12:04:31.763+0000] {processor.py:925} INFO - DAG(s) 'example_dag_decorator' retrieved from /home/airflow/.local/lib/python3.12/site-packages/airflow/example_dags/example_dag_decorator.py
[2024-11-08T12:04:32.689+0000] {logging_mixin.py:190} INFO - [2024-11-08T12:04:32.688+0000] {dag.py:3239} INFO - Sync 1 DAGs
[2024-11-08T12:04:32.787+0000] {logging_mixin.py:190} INFO - [2024-11-08T12:04:32.786+0000] {dag.py:4180} INFO - Setting next_dagrun for example_dag_decorator to None, run_after=None
[2024-11-08T12:04:32.923+0000] {processor.py:208} INFO - Processing /home/airflow/.local/lib/python3.12/site-packages/airflow/example_dags/example_dag_decorator.py took 1.306 seconds
[2024-11-08T12:05:09.094+0000] {processor.py:186} INFO - Started process (PID=448) to work on /home/airflow/.local/lib/python3.12/site-packages/airflow/example_dags/example_dag_decorator.py
[2024-11-08T12:05:09.118+0000] {processor.py:914} INFO - Processing file /home/airflow/.local/lib/python3.12/site-packages/airflow/example_dags/example_dag_decorator.py for tasks to queue
[2024-11-08T12:05:09.131+0000] {logging_mixin.py:190} INFO - [2024-11-08T12:05:09.126+0000] {dagbag.py:588} INFO - Filling up the DagBag from /home/airflow/.local/lib/python3.12/site-packages/airflow/example_dags/example_dag_decorator.py
[2024-11-08T12:05:09.216+0000] {processor.py:925} INFO - DAG(s) 'example_dag_decorator' retrieved from /home/airflow/.local/lib/python3.12/site-packages/airflow/example_dags/example_dag_decorator.py
[2024-11-08T12:05:10.253+0000] {logging_mixin.py:190} INFO - [2024-11-08T12:05:10.253+0000] {dag.py:3239} INFO - Sync 1 DAGs
[2024-11-08T12:05:10.356+0000] {logging_mixin.py:190} INFO - [2024-11-08T12:05:10.356+0000] {dag.py:4180} INFO - Setting next_dagrun for example_dag_decorator to None, run_after=None
[2024-11-08T12:05:10.488+0000] {processor.py:208} INFO - Processing /home/airflow/.local/lib/python3.12/site-packages/airflow/example_dags/example_dag_decorator.py took 1.431 seconds
[2024-11-08T12:06:25.235+0000] {processor.py:186} INFO - Started process (PID=529) to work on /home/airflow/.local/lib/python3.12/site-packages/airflow/example_dags/example_dag_decorator.py
[2024-11-08T12:06:25.245+0000] {processor.py:914} INFO - Processing file /home/airflow/.local/lib/python3.12/site-packages/airflow/example_dags/example_dag_decorator.py for tasks to queue
[2024-11-08T12:06:25.263+0000] {logging_mixin.py:190} INFO - [2024-11-08T12:06:25.262+0000] {dagbag.py:588} INFO - Filling up the DagBag from /home/airflow/.local/lib/python3.12/site-packages/airflow/example_dags/example_dag_decorator.py
[2024-11-08T12:06:25.375+0000] {processor.py:925} INFO - DAG(s) 'example_dag_decorator' retrieved from /home/airflow/.local/lib/python3.12/site-packages/airflow/example_dags/example_dag_decorator.py
[2024-11-08T12:06:27.258+0000] {logging_mixin.py:190} INFO - [2024-11-08T12:06:27.257+0000] {dag.py:3239} INFO - Sync 1 DAGs
[2024-11-08T12:06:27.371+0000] {logging_mixin.py:190} INFO - [2024-11-08T12:06:27.367+0000] {dag.py:4180} INFO - Setting next_dagrun for example_dag_decorator to None, run_after=None
[2024-11-08T12:06:27.551+0000] {processor.py:208} INFO - Processing /home/airflow/.local/lib/python3.12/site-packages/airflow/example_dags/example_dag_decorator.py took 2.358 seconds
[2024-11-08T12:07:09.720+0000] {processor.py:186} INFO - Started process (PID=592) to work on /home/airflow/.local/lib/python3.12/site-packages/airflow/example_dags/example_dag_decorator.py
[2024-11-08T12:07:09.826+0000] {processor.py:914} INFO - Processing file /home/airflow/.local/lib/python3.12/site-packages/airflow/example_dags/example_dag_decorator.py for tasks to queue
[2024-11-08T12:07:09.918+0000] {logging_mixin.py:190} INFO - [2024-11-08T12:07:09.917+0000] {dagbag.py:588} INFO - Filling up the DagBag from /home/airflow/.local/lib/python3.12/site-packages/airflow/example_dags/example_dag_decorator.py
[2024-11-08T12:07:10.719+0000] {processor.py:925} INFO - DAG(s) 'example_dag_decorator' retrieved from /home/airflow/.local/lib/python3.12/site-packages/airflow/example_dags/example_dag_decorator.py
[2024-11-08T12:07:11.810+0000] {logging_mixin.py:190} INFO - [2024-11-08T12:07:11.809+0000] {dag.py:3239} INFO - Sync 1 DAGs
[2024-11-08T12:07:11.946+0000] {logging_mixin.py:190} INFO - [2024-11-08T12:07:11.946+0000] {dag.py:4180} INFO - Setting next_dagrun for example_dag_decorator to None, run_after=None
[2024-11-08T12:07:12.104+0000] {processor.py:208} INFO - Processing /home/airflow/.local/lib/python3.12/site-packages/airflow/example_dags/example_dag_decorator.py took 2.438 seconds
[2024-11-08T12:07:51.659+0000] {processor.py:186} INFO - Started process (PID=665) to work on /home/airflow/.local/lib/python3.12/site-packages/airflow/example_dags/example_dag_decorator.py
[2024-11-08T12:07:51.664+0000] {processor.py:914} INFO - Processing file /home/airflow/.local/lib/python3.12/site-packages/airflow/example_dags/example_dag_decorator.py for tasks to queue
[2024-11-08T12:07:51.675+0000] {logging_mixin.py:190} INFO - [2024-11-08T12:07:51.673+0000] {dagbag.py:588} INFO - Filling up the DagBag from /home/airflow/.local/lib/python3.12/site-packages/airflow/example_dags/example_dag_decorator.py
[2024-11-08T12:07:51.750+0000] {processor.py:925} INFO - DAG(s) 'example_dag_decorator' retrieved from /home/airflow/.local/lib/python3.12/site-packages/airflow/example_dags/example_dag_decorator.py
[2024-11-08T12:07:51.878+0000] {logging_mixin.py:190} INFO - [2024-11-08T12:07:51.877+0000] {dag.py:3239} INFO - Sync 1 DAGs
[2024-11-08T12:07:51.957+0000] {logging_mixin.py:190} INFO - [2024-11-08T12:07:51.956+0000] {dag.py:4180} INFO - Setting next_dagrun for example_dag_decorator to None, run_after=None
[2024-11-08T12:07:52.061+0000] {processor.py:208} INFO - Processing /home/airflow/.local/lib/python3.12/site-packages/airflow/example_dags/example_dag_decorator.py took 0.425 seconds
