[2024-11-08T11:49:14.819+0000] {processor.py:186} INFO - Started process (PID=115) to work on /home/airflow/.local/lib/python3.12/site-packages/airflow/example_dags/example_datasets.py
[2024-11-08T11:49:14.831+0000] {processor.py:914} INFO - Processing file /home/airflow/.local/lib/python3.12/site-packages/airflow/example_dags/example_datasets.py for tasks to queue
[2024-11-08T11:49:14.839+0000] {logging_mixin.py:190} INFO - [2024-11-08T11:49:14.838+0000] {dagbag.py:588} INFO - Filling up the DagBag from /home/airflow/.local/lib/python3.12/site-packages/airflow/example_dags/example_datasets.py
[2024-11-08T11:51:13.728+0000] {processor.py:186} INFO - Started process (PID=191) to work on /home/airflow/.local/lib/python3.12/site-packages/airflow/example_dags/example_datasets.py
[2024-11-08T11:51:13.756+0000] {processor.py:914} INFO - Processing file /home/airflow/.local/lib/python3.12/site-packages/airflow/example_dags/example_datasets.py for tasks to queue
[2024-11-08T11:51:13.789+0000] {logging_mixin.py:190} INFO - [2024-11-08T11:51:13.788+0000] {dagbag.py:588} INFO - Filling up the DagBag from /home/airflow/.local/lib/python3.12/site-packages/airflow/example_dags/example_datasets.py
[2024-11-08T11:51:19.929+0000] {processor.py:925} INFO - DAG(s) 'dataset_produces_1', 'consume_1_or_both_2_and_3_with_dataset_expressions', 'dataset_consumes_1', 'consume_1_and_2_with_dataset_expressions', 'dataset_consumes_unknown_never_scheduled', 'dataset_produces_2', 'consume_1_or_2_with_dataset_expressions', 'dataset_consumes_1_never_scheduled', 'conditional_dataset_and_time_based_timetable', 'dataset_consumes_1_and_2' retrieved from /home/airflow/.local/lib/python3.12/site-packages/airflow/example_dags/example_datasets.py
[2024-11-08T11:51:20.837+0000] {logging_mixin.py:190} INFO - [2024-11-08T11:51:20.835+0000] {override.py:1911} INFO - Created Permission View: can read on DAG:dataset_produces_1
[2024-11-08T11:51:20.944+0000] {logging_mixin.py:190} INFO - [2024-11-08T11:51:20.943+0000] {override.py:1911} INFO - Created Permission View: can edit on DAG:dataset_produces_1
[2024-11-08T11:51:21.000+0000] {logging_mixin.py:190} INFO - [2024-11-08T11:51:20.999+0000] {override.py:1911} INFO - Created Permission View: can delete on DAG:dataset_produces_1
[2024-11-08T11:51:21.038+0000] {logging_mixin.py:190} INFO - [2024-11-08T11:51:21.037+0000] {override.py:1911} INFO - Created Permission View: can read on DAG Run:dataset_produces_1
[2024-11-08T11:51:21.118+0000] {logging_mixin.py:190} INFO - [2024-11-08T11:51:21.117+0000] {override.py:1911} INFO - Created Permission View: menu access on DAG Run:dataset_produces_1
[2024-11-08T11:51:21.172+0000] {logging_mixin.py:190} INFO - [2024-11-08T11:51:21.167+0000] {override.py:1911} INFO - Created Permission View: can create on DAG Run:dataset_produces_1
[2024-11-08T11:51:21.222+0000] {logging_mixin.py:190} INFO - [2024-11-08T11:51:21.221+0000] {override.py:1911} INFO - Created Permission View: can delete on DAG Run:dataset_produces_1
[2024-11-08T11:51:21.320+0000] {logging_mixin.py:190} INFO - [2024-11-08T11:51:21.319+0000] {override.py:1911} INFO - Created Permission View: can read on DAG:consume_1_or_both_2_and_3_with_dataset_expressions
[2024-11-08T11:51:21.394+0000] {logging_mixin.py:190} INFO - [2024-11-08T11:51:21.393+0000] {override.py:1911} INFO - Created Permission View: can edit on DAG:consume_1_or_both_2_and_3_with_dataset_expressions
[2024-11-08T11:51:21.474+0000] {logging_mixin.py:190} INFO - [2024-11-08T11:51:21.473+0000] {override.py:1911} INFO - Created Permission View: can delete on DAG:consume_1_or_both_2_and_3_with_dataset_expressions
[2024-11-08T11:51:21.635+0000] {logging_mixin.py:190} INFO - [2024-11-08T11:51:21.634+0000] {override.py:1911} INFO - Created Permission View: can read on DAG Run:consume_1_or_both_2_and_3_with_dataset_expressions
[2024-11-08T11:51:21.680+0000] {logging_mixin.py:190} INFO - [2024-11-08T11:51:21.679+0000] {override.py:1911} INFO - Created Permission View: menu access on DAG Run:consume_1_or_both_2_and_3_with_dataset_expressions
[2024-11-08T11:51:21.725+0000] {logging_mixin.py:190} INFO - [2024-11-08T11:51:21.724+0000] {override.py:1911} INFO - Created Permission View: can create on DAG Run:consume_1_or_both_2_and_3_with_dataset_expressions
[2024-11-08T11:51:21.775+0000] {logging_mixin.py:190} INFO - [2024-11-08T11:51:21.771+0000] {override.py:1911} INFO - Created Permission View: can delete on DAG Run:consume_1_or_both_2_and_3_with_dataset_expressions
[2024-11-08T11:51:21.876+0000] {logging_mixin.py:190} INFO - [2024-11-08T11:51:21.875+0000] {override.py:1911} INFO - Created Permission View: can read on DAG:dataset_consumes_1
[2024-11-08T11:51:21.917+0000] {logging_mixin.py:190} INFO - [2024-11-08T11:51:21.916+0000] {override.py:1911} INFO - Created Permission View: can edit on DAG:dataset_consumes_1
[2024-11-08T11:51:21.987+0000] {logging_mixin.py:190} INFO - [2024-11-08T11:51:21.983+0000] {override.py:1911} INFO - Created Permission View: can delete on DAG:dataset_consumes_1
[2024-11-08T11:51:22.028+0000] {logging_mixin.py:190} INFO - [2024-11-08T11:51:22.028+0000] {override.py:1911} INFO - Created Permission View: can read on DAG Run:dataset_consumes_1
[2024-11-08T11:51:22.075+0000] {logging_mixin.py:190} INFO - [2024-11-08T11:51:22.073+0000] {override.py:1911} INFO - Created Permission View: menu access on DAG Run:dataset_consumes_1
[2024-11-08T11:51:22.116+0000] {logging_mixin.py:190} INFO - [2024-11-08T11:51:22.116+0000] {override.py:1911} INFO - Created Permission View: can create on DAG Run:dataset_consumes_1
[2024-11-08T11:51:22.164+0000] {logging_mixin.py:190} INFO - [2024-11-08T11:51:22.163+0000] {override.py:1911} INFO - Created Permission View: can delete on DAG Run:dataset_consumes_1
[2024-11-08T11:51:22.254+0000] {logging_mixin.py:190} INFO - [2024-11-08T11:51:22.254+0000] {override.py:1911} INFO - Created Permission View: can read on DAG:consume_1_and_2_with_dataset_expressions
[2024-11-08T11:51:22.301+0000] {logging_mixin.py:190} INFO - [2024-11-08T11:51:22.300+0000] {override.py:1911} INFO - Created Permission View: can edit on DAG:consume_1_and_2_with_dataset_expressions
[2024-11-08T11:51:22.343+0000] {logging_mixin.py:190} INFO - [2024-11-08T11:51:22.338+0000] {override.py:1911} INFO - Created Permission View: can delete on DAG:consume_1_and_2_with_dataset_expressions
[2024-11-08T11:51:22.388+0000] {logging_mixin.py:190} INFO - [2024-11-08T11:51:22.387+0000] {override.py:1911} INFO - Created Permission View: can read on DAG Run:consume_1_and_2_with_dataset_expressions
[2024-11-08T11:51:22.433+0000] {logging_mixin.py:190} INFO - [2024-11-08T11:51:22.432+0000] {override.py:1911} INFO - Created Permission View: menu access on DAG Run:consume_1_and_2_with_dataset_expressions
[2024-11-08T11:51:22.499+0000] {logging_mixin.py:190} INFO - [2024-11-08T11:51:22.498+0000] {override.py:1911} INFO - Created Permission View: can create on DAG Run:consume_1_and_2_with_dataset_expressions
[2024-11-08T11:51:22.551+0000] {logging_mixin.py:190} INFO - [2024-11-08T11:51:22.550+0000] {override.py:1911} INFO - Created Permission View: can delete on DAG Run:consume_1_and_2_with_dataset_expressions
[2024-11-08T11:51:22.640+0000] {logging_mixin.py:190} INFO - [2024-11-08T11:51:22.639+0000] {override.py:1911} INFO - Created Permission View: can read on DAG:dataset_consumes_unknown_never_scheduled
[2024-11-08T11:51:22.704+0000] {logging_mixin.py:190} INFO - [2024-11-08T11:51:22.703+0000] {override.py:1911} INFO - Created Permission View: can edit on DAG:dataset_consumes_unknown_never_scheduled
[2024-11-08T11:51:22.792+0000] {logging_mixin.py:190} INFO - [2024-11-08T11:51:22.791+0000] {override.py:1911} INFO - Created Permission View: can delete on DAG:dataset_consumes_unknown_never_scheduled
[2024-11-08T11:51:22.850+0000] {logging_mixin.py:190} INFO - [2024-11-08T11:51:22.849+0000] {override.py:1911} INFO - Created Permission View: can read on DAG Run:dataset_consumes_unknown_never_scheduled
[2024-11-08T11:51:22.910+0000] {logging_mixin.py:190} INFO - [2024-11-08T11:51:22.909+0000] {override.py:1911} INFO - Created Permission View: menu access on DAG Run:dataset_consumes_unknown_never_scheduled
[2024-11-08T11:51:22.973+0000] {logging_mixin.py:190} INFO - [2024-11-08T11:51:22.972+0000] {override.py:1911} INFO - Created Permission View: can create on DAG Run:dataset_consumes_unknown_never_scheduled
[2024-11-08T11:51:23.013+0000] {logging_mixin.py:190} INFO - [2024-11-08T11:51:23.012+0000] {override.py:1911} INFO - Created Permission View: can delete on DAG Run:dataset_consumes_unknown_never_scheduled
[2024-11-08T11:51:23.120+0000] {logging_mixin.py:190} INFO - [2024-11-08T11:51:23.119+0000] {override.py:1911} INFO - Created Permission View: can read on DAG:dataset_produces_2
[2024-11-08T11:51:23.173+0000] {logging_mixin.py:190} INFO - [2024-11-08T11:51:23.172+0000] {override.py:1911} INFO - Created Permission View: can edit on DAG:dataset_produces_2
[2024-11-08T11:51:23.224+0000] {logging_mixin.py:190} INFO - [2024-11-08T11:51:23.223+0000] {override.py:1911} INFO - Created Permission View: can delete on DAG:dataset_produces_2
[2024-11-08T11:51:23.296+0000] {logging_mixin.py:190} INFO - [2024-11-08T11:51:23.288+0000] {override.py:1911} INFO - Created Permission View: can read on DAG Run:dataset_produces_2
[2024-11-08T11:51:23.361+0000] {logging_mixin.py:190} INFO - [2024-11-08T11:51:23.360+0000] {override.py:1911} INFO - Created Permission View: menu access on DAG Run:dataset_produces_2
[2024-11-08T11:51:23.493+0000] {logging_mixin.py:190} INFO - [2024-11-08T11:51:23.492+0000] {override.py:1911} INFO - Created Permission View: can create on DAG Run:dataset_produces_2
[2024-11-08T11:51:23.637+0000] {logging_mixin.py:190} INFO - [2024-11-08T11:51:23.636+0000] {override.py:1911} INFO - Created Permission View: can delete on DAG Run:dataset_produces_2
[2024-11-08T11:51:23.742+0000] {logging_mixin.py:190} INFO - [2024-11-08T11:51:23.741+0000] {override.py:1911} INFO - Created Permission View: can read on DAG:consume_1_or_2_with_dataset_expressions
[2024-11-08T11:51:23.842+0000] {logging_mixin.py:190} INFO - [2024-11-08T11:51:23.841+0000] {override.py:1911} INFO - Created Permission View: can edit on DAG:consume_1_or_2_with_dataset_expressions
[2024-11-08T11:51:23.959+0000] {logging_mixin.py:190} INFO - [2024-11-08T11:51:23.958+0000] {override.py:1911} INFO - Created Permission View: can delete on DAG:consume_1_or_2_with_dataset_expressions
[2024-11-08T11:51:24.029+0000] {logging_mixin.py:190} INFO - [2024-11-08T11:51:24.028+0000] {override.py:1911} INFO - Created Permission View: can read on DAG Run:consume_1_or_2_with_dataset_expressions
[2024-11-08T11:51:24.083+0000] {logging_mixin.py:190} INFO - [2024-11-08T11:51:24.082+0000] {override.py:1911} INFO - Created Permission View: menu access on DAG Run:consume_1_or_2_with_dataset_expressions
[2024-11-08T11:51:24.138+0000] {logging_mixin.py:190} INFO - [2024-11-08T11:51:24.137+0000] {override.py:1911} INFO - Created Permission View: can create on DAG Run:consume_1_or_2_with_dataset_expressions
[2024-11-08T11:51:24.178+0000] {logging_mixin.py:190} INFO - [2024-11-08T11:51:24.177+0000] {override.py:1911} INFO - Created Permission View: can delete on DAG Run:consume_1_or_2_with_dataset_expressions
[2024-11-08T11:51:24.263+0000] {logging_mixin.py:190} INFO - [2024-11-08T11:51:24.262+0000] {override.py:1911} INFO - Created Permission View: can read on DAG:dataset_consumes_1_never_scheduled
[2024-11-08T11:51:24.309+0000] {logging_mixin.py:190} INFO - [2024-11-08T11:51:24.308+0000] {override.py:1911} INFO - Created Permission View: can edit on DAG:dataset_consumes_1_never_scheduled
[2024-11-08T11:51:24.379+0000] {logging_mixin.py:190} INFO - [2024-11-08T11:51:24.378+0000] {override.py:1911} INFO - Created Permission View: can delete on DAG:dataset_consumes_1_never_scheduled
[2024-11-08T11:51:24.427+0000] {logging_mixin.py:190} INFO - [2024-11-08T11:51:24.426+0000] {override.py:1911} INFO - Created Permission View: can read on DAG Run:dataset_consumes_1_never_scheduled
[2024-11-08T11:51:24.529+0000] {logging_mixin.py:190} INFO - [2024-11-08T11:51:24.528+0000] {override.py:1911} INFO - Created Permission View: menu access on DAG Run:dataset_consumes_1_never_scheduled
[2024-11-08T11:51:24.593+0000] {logging_mixin.py:190} INFO - [2024-11-08T11:51:24.592+0000] {override.py:1911} INFO - Created Permission View: can create on DAG Run:dataset_consumes_1_never_scheduled
[2024-11-08T11:51:24.665+0000] {logging_mixin.py:190} INFO - [2024-11-08T11:51:24.665+0000] {override.py:1911} INFO - Created Permission View: can delete on DAG Run:dataset_consumes_1_never_scheduled
[2024-11-08T11:51:24.768+0000] {logging_mixin.py:190} INFO - [2024-11-08T11:51:24.767+0000] {override.py:1911} INFO - Created Permission View: can read on DAG:conditional_dataset_and_time_based_timetable
[2024-11-08T11:51:24.818+0000] {logging_mixin.py:190} INFO - [2024-11-08T11:51:24.817+0000] {override.py:1911} INFO - Created Permission View: can edit on DAG:conditional_dataset_and_time_based_timetable
[2024-11-08T11:51:24.880+0000] {logging_mixin.py:190} INFO - [2024-11-08T11:51:24.879+0000] {override.py:1911} INFO - Created Permission View: can delete on DAG:conditional_dataset_and_time_based_timetable
[2024-11-08T11:51:24.935+0000] {logging_mixin.py:190} INFO - [2024-11-08T11:51:24.934+0000] {override.py:1911} INFO - Created Permission View: can read on DAG Run:conditional_dataset_and_time_based_timetable
[2024-11-08T11:51:25.009+0000] {logging_mixin.py:190} INFO - [2024-11-08T11:51:25.008+0000] {override.py:1911} INFO - Created Permission View: menu access on DAG Run:conditional_dataset_and_time_based_timetable
[2024-11-08T11:51:25.092+0000] {logging_mixin.py:190} INFO - [2024-11-08T11:51:25.091+0000] {override.py:1911} INFO - Created Permission View: can create on DAG Run:conditional_dataset_and_time_based_timetable
[2024-11-08T11:51:25.161+0000] {logging_mixin.py:190} INFO - [2024-11-08T11:51:25.160+0000] {override.py:1911} INFO - Created Permission View: can delete on DAG Run:conditional_dataset_and_time_based_timetable
[2024-11-08T11:51:25.234+0000] {logging_mixin.py:190} INFO - [2024-11-08T11:51:25.233+0000] {override.py:1911} INFO - Created Permission View: can read on DAG:dataset_consumes_1_and_2
[2024-11-08T11:51:25.282+0000] {logging_mixin.py:190} INFO - [2024-11-08T11:51:25.274+0000] {override.py:1911} INFO - Created Permission View: can edit on DAG:dataset_consumes_1_and_2
[2024-11-08T11:51:25.342+0000] {logging_mixin.py:190} INFO - [2024-11-08T11:51:25.328+0000] {override.py:1911} INFO - Created Permission View: can delete on DAG:dataset_consumes_1_and_2
[2024-11-08T11:51:25.392+0000] {logging_mixin.py:190} INFO - [2024-11-08T11:51:25.391+0000] {override.py:1911} INFO - Created Permission View: can read on DAG Run:dataset_consumes_1_and_2
[2024-11-08T11:51:25.445+0000] {logging_mixin.py:190} INFO - [2024-11-08T11:51:25.444+0000] {override.py:1911} INFO - Created Permission View: menu access on DAG Run:dataset_consumes_1_and_2
[2024-11-08T11:51:25.486+0000] {logging_mixin.py:190} INFO - [2024-11-08T11:51:25.485+0000] {override.py:1911} INFO - Created Permission View: can create on DAG Run:dataset_consumes_1_and_2
[2024-11-08T11:51:25.535+0000] {logging_mixin.py:190} INFO - [2024-11-08T11:51:25.534+0000] {override.py:1911} INFO - Created Permission View: can delete on DAG Run:dataset_consumes_1_and_2
[2024-11-08T11:51:25.541+0000] {logging_mixin.py:190} INFO - [2024-11-08T11:51:25.540+0000] {dag.py:3239} INFO - Sync 10 DAGs
[2024-11-08T11:51:25.639+0000] {logging_mixin.py:190} INFO - [2024-11-08T11:51:25.637+0000] {dag.py:3262} INFO - Creating ORM DAG for dataset_consumes_1_never_scheduled
[2024-11-08T11:51:25.650+0000] {logging_mixin.py:190} INFO - [2024-11-08T11:51:25.649+0000] {dag.py:3262} INFO - Creating ORM DAG for dataset_consumes_1_and_2
[2024-11-08T11:51:25.655+0000] {logging_mixin.py:190} INFO - [2024-11-08T11:51:25.654+0000] {dag.py:3262} INFO - Creating ORM DAG for consume_1_and_2_with_dataset_expressions
[2024-11-08T11:51:25.659+0000] {logging_mixin.py:190} INFO - [2024-11-08T11:51:25.658+0000] {dag.py:3262} INFO - Creating ORM DAG for dataset_consumes_unknown_never_scheduled
[2024-11-08T11:51:25.662+0000] {logging_mixin.py:190} INFO - [2024-11-08T11:51:25.662+0000] {dag.py:3262} INFO - Creating ORM DAG for conditional_dataset_and_time_based_timetable
[2024-11-08T11:51:25.673+0000] {logging_mixin.py:190} INFO - [2024-11-08T11:51:25.673+0000] {dag.py:3262} INFO - Creating ORM DAG for consume_1_or_2_with_dataset_expressions
[2024-11-08T11:51:25.677+0000] {logging_mixin.py:190} INFO - [2024-11-08T11:51:25.676+0000] {dag.py:3262} INFO - Creating ORM DAG for dataset_produces_2
[2024-11-08T11:51:25.686+0000] {logging_mixin.py:190} INFO - [2024-11-08T11:51:25.685+0000] {dag.py:3262} INFO - Creating ORM DAG for dataset_consumes_1
[2024-11-08T11:51:25.694+0000] {logging_mixin.py:190} INFO - [2024-11-08T11:51:25.693+0000] {dag.py:3262} INFO - Creating ORM DAG for dataset_produces_1
[2024-11-08T11:51:25.699+0000] {logging_mixin.py:190} INFO - [2024-11-08T11:51:25.698+0000] {dag.py:3262} INFO - Creating ORM DAG for consume_1_or_both_2_and_3_with_dataset_expressions
[2024-11-08T11:51:25.785+0000] {logging_mixin.py:190} INFO - [2024-11-08T11:51:25.774+0000] {dag.py:4180} INFO - Setting next_dagrun for conditional_dataset_and_time_based_timetable to 2024-11-06 01:00:00+00:00, run_after=2024-11-06 01:00:00+00:00
[2024-11-08T11:51:25.790+0000] {logging_mixin.py:190} INFO - [2024-11-08T11:51:25.790+0000] {dag.py:4180} INFO - Setting next_dagrun for consume_1_and_2_with_dataset_expressions to None, run_after=None
[2024-11-08T11:51:25.795+0000] {logging_mixin.py:190} INFO - [2024-11-08T11:51:25.795+0000] {dag.py:4180} INFO - Setting next_dagrun for consume_1_or_2_with_dataset_expressions to None, run_after=None
[2024-11-08T11:51:25.799+0000] {logging_mixin.py:190} INFO - [2024-11-08T11:51:25.798+0000] {dag.py:4180} INFO - Setting next_dagrun for consume_1_or_both_2_and_3_with_dataset_expressions to None, run_after=None
[2024-11-08T11:51:25.801+0000] {logging_mixin.py:190} INFO - [2024-11-08T11:51:25.801+0000] {dag.py:4180} INFO - Setting next_dagrun for dataset_consumes_1 to None, run_after=None
[2024-11-08T11:51:25.804+0000] {logging_mixin.py:190} INFO - [2024-11-08T11:51:25.803+0000] {dag.py:4180} INFO - Setting next_dagrun for dataset_consumes_1_and_2 to None, run_after=None
[2024-11-08T11:51:25.808+0000] {logging_mixin.py:190} INFO - [2024-11-08T11:51:25.807+0000] {dag.py:4180} INFO - Setting next_dagrun for dataset_consumes_1_never_scheduled to None, run_after=None
[2024-11-08T11:51:25.817+0000] {logging_mixin.py:190} INFO - [2024-11-08T11:51:25.817+0000] {dag.py:4180} INFO - Setting next_dagrun for dataset_consumes_unknown_never_scheduled to None, run_after=None
[2024-11-08T11:51:25.824+0000] {logging_mixin.py:190} INFO - [2024-11-08T11:51:25.823+0000] {dag.py:4180} INFO - Setting next_dagrun for dataset_produces_1 to 2024-11-07 00:00:00+00:00, run_after=2024-11-08 00:00:00+00:00
[2024-11-08T11:51:25.827+0000] {logging_mixin.py:190} INFO - [2024-11-08T11:51:25.826+0000] {dag.py:4180} INFO - Setting next_dagrun for dataset_produces_2 to None, run_after=None
[2024-11-08T11:51:26.154+0000] {processor.py:208} INFO - Processing /home/airflow/.local/lib/python3.12/site-packages/airflow/example_dags/example_datasets.py took 12.497 seconds
[2024-11-08T11:51:57.074+0000] {processor.py:186} INFO - Started process (PID=270) to work on /home/airflow/.local/lib/python3.12/site-packages/airflow/example_dags/example_datasets.py
[2024-11-08T11:51:57.083+0000] {processor.py:914} INFO - Processing file /home/airflow/.local/lib/python3.12/site-packages/airflow/example_dags/example_datasets.py for tasks to queue
[2024-11-08T11:51:57.107+0000] {logging_mixin.py:190} INFO - [2024-11-08T11:51:57.104+0000] {dagbag.py:588} INFO - Filling up the DagBag from /home/airflow/.local/lib/python3.12/site-packages/airflow/example_dags/example_datasets.py
[2024-11-08T11:51:59.532+0000] {processor.py:925} INFO - DAG(s) 'consume_1_and_2_with_dataset_expressions', 'consume_1_or_2_with_dataset_expressions', 'dataset_consumes_1', 'dataset_consumes_1_never_scheduled', 'dataset_consumes_1_and_2', 'consume_1_or_both_2_and_3_with_dataset_expressions', 'dataset_produces_2', 'dataset_consumes_unknown_never_scheduled', 'conditional_dataset_and_time_based_timetable', 'dataset_produces_1' retrieved from /home/airflow/.local/lib/python3.12/site-packages/airflow/example_dags/example_datasets.py
[2024-11-08T11:51:59.748+0000] {logging_mixin.py:190} INFO - [2024-11-08T11:51:59.747+0000] {dag.py:3239} INFO - Sync 10 DAGs
[2024-11-08T11:51:59.848+0000] {logging_mixin.py:190} INFO - [2024-11-08T11:51:59.847+0000] {dag.py:4180} INFO - Setting next_dagrun for conditional_dataset_and_time_based_timetable to 2024-11-06 01:00:00+00:00, run_after=2024-11-06 01:00:00+00:00
[2024-11-08T11:51:59.860+0000] {logging_mixin.py:190} INFO - [2024-11-08T11:51:59.860+0000] {dag.py:4180} INFO - Setting next_dagrun for consume_1_and_2_with_dataset_expressions to None, run_after=None
[2024-11-08T11:51:59.866+0000] {logging_mixin.py:190} INFO - [2024-11-08T11:51:59.865+0000] {dag.py:4180} INFO - Setting next_dagrun for consume_1_or_2_with_dataset_expressions to None, run_after=None
[2024-11-08T11:51:59.871+0000] {logging_mixin.py:190} INFO - [2024-11-08T11:51:59.871+0000] {dag.py:4180} INFO - Setting next_dagrun for consume_1_or_both_2_and_3_with_dataset_expressions to None, run_after=None
[2024-11-08T11:51:59.876+0000] {logging_mixin.py:190} INFO - [2024-11-08T11:51:59.876+0000] {dag.py:4180} INFO - Setting next_dagrun for dataset_consumes_1 to None, run_after=None
[2024-11-08T11:51:59.883+0000] {logging_mixin.py:190} INFO - [2024-11-08T11:51:59.882+0000] {dag.py:4180} INFO - Setting next_dagrun for dataset_consumes_1_and_2 to None, run_after=None
[2024-11-08T11:51:59.891+0000] {logging_mixin.py:190} INFO - [2024-11-08T11:51:59.891+0000] {dag.py:4180} INFO - Setting next_dagrun for dataset_consumes_1_never_scheduled to None, run_after=None
[2024-11-08T11:51:59.907+0000] {logging_mixin.py:190} INFO - [2024-11-08T11:51:59.906+0000] {dag.py:4180} INFO - Setting next_dagrun for dataset_consumes_unknown_never_scheduled to None, run_after=None
[2024-11-08T11:51:59.926+0000] {logging_mixin.py:190} INFO - [2024-11-08T11:51:59.926+0000] {dag.py:4180} INFO - Setting next_dagrun for dataset_produces_1 to 2024-11-07 00:00:00+00:00, run_after=2024-11-08 00:00:00+00:00
[2024-11-08T11:51:59.942+0000] {logging_mixin.py:190} INFO - [2024-11-08T11:51:59.941+0000] {dag.py:4180} INFO - Setting next_dagrun for dataset_produces_2 to None, run_after=None
[2024-11-08T11:52:00.126+0000] {processor.py:208} INFO - Processing /home/airflow/.local/lib/python3.12/site-packages/airflow/example_dags/example_datasets.py took 3.085 seconds
[2024-11-08T11:52:33.841+0000] {processor.py:186} INFO - Started process (PID=335) to work on /home/airflow/.local/lib/python3.12/site-packages/airflow/example_dags/example_datasets.py
[2024-11-08T11:52:33.849+0000] {processor.py:914} INFO - Processing file /home/airflow/.local/lib/python3.12/site-packages/airflow/example_dags/example_datasets.py for tasks to queue
[2024-11-08T11:52:33.858+0000] {logging_mixin.py:190} INFO - [2024-11-08T11:52:33.857+0000] {dagbag.py:588} INFO - Filling up the DagBag from /home/airflow/.local/lib/python3.12/site-packages/airflow/example_dags/example_datasets.py
[2024-11-08T11:52:38.141+0000] {processor.py:925} INFO - DAG(s) 'consume_1_or_both_2_and_3_with_dataset_expressions', 'consume_1_and_2_with_dataset_expressions', 'dataset_consumes_1_and_2', 'dataset_produces_2', 'dataset_consumes_1', 'conditional_dataset_and_time_based_timetable', 'dataset_consumes_unknown_never_scheduled', 'dataset_consumes_1_never_scheduled', 'dataset_produces_1', 'consume_1_or_2_with_dataset_expressions' retrieved from /home/airflow/.local/lib/python3.12/site-packages/airflow/example_dags/example_datasets.py
[2024-11-08T11:52:38.416+0000] {logging_mixin.py:190} INFO - [2024-11-08T11:52:38.415+0000] {dag.py:3239} INFO - Sync 10 DAGs
[2024-11-08T11:52:38.688+0000] {logging_mixin.py:190} INFO - [2024-11-08T11:52:38.687+0000] {dag.py:4180} INFO - Setting next_dagrun for conditional_dataset_and_time_based_timetable to 2024-11-06 01:00:00+00:00, run_after=2024-11-06 01:00:00+00:00
[2024-11-08T11:52:38.718+0000] {logging_mixin.py:190} INFO - [2024-11-08T11:52:38.718+0000] {dag.py:4180} INFO - Setting next_dagrun for consume_1_and_2_with_dataset_expressions to None, run_after=None
[2024-11-08T11:52:38.729+0000] {logging_mixin.py:190} INFO - [2024-11-08T11:52:38.723+0000] {dag.py:4180} INFO - Setting next_dagrun for consume_1_or_2_with_dataset_expressions to None, run_after=None
[2024-11-08T11:52:38.741+0000] {logging_mixin.py:190} INFO - [2024-11-08T11:52:38.740+0000] {dag.py:4180} INFO - Setting next_dagrun for consume_1_or_both_2_and_3_with_dataset_expressions to None, run_after=None
[2024-11-08T11:52:38.748+0000] {logging_mixin.py:190} INFO - [2024-11-08T11:52:38.747+0000] {dag.py:4180} INFO - Setting next_dagrun for dataset_consumes_1 to None, run_after=None
[2024-11-08T11:52:38.763+0000] {logging_mixin.py:190} INFO - [2024-11-08T11:52:38.762+0000] {dag.py:4180} INFO - Setting next_dagrun for dataset_consumes_1_and_2 to None, run_after=None
[2024-11-08T11:52:38.778+0000] {logging_mixin.py:190} INFO - [2024-11-08T11:52:38.778+0000] {dag.py:4180} INFO - Setting next_dagrun for dataset_consumes_1_never_scheduled to None, run_after=None
[2024-11-08T11:52:38.784+0000] {logging_mixin.py:190} INFO - [2024-11-08T11:52:38.784+0000] {dag.py:4180} INFO - Setting next_dagrun for dataset_consumes_unknown_never_scheduled to None, run_after=None
[2024-11-08T11:52:38.815+0000] {logging_mixin.py:190} INFO - [2024-11-08T11:52:38.814+0000] {dag.py:4180} INFO - Setting next_dagrun for dataset_produces_1 to 2024-11-07 00:00:00+00:00, run_after=2024-11-08 00:00:00+00:00
[2024-11-08T11:52:38.840+0000] {logging_mixin.py:190} INFO - [2024-11-08T11:52:38.831+0000] {dag.py:4180} INFO - Setting next_dagrun for dataset_produces_2 to None, run_after=None
[2024-11-08T11:52:39.094+0000] {processor.py:208} INFO - Processing /home/airflow/.local/lib/python3.12/site-packages/airflow/example_dags/example_datasets.py took 5.301 seconds
[2024-11-08T11:53:09.913+0000] {processor.py:186} INFO - Started process (PID=401) to work on /home/airflow/.local/lib/python3.12/site-packages/airflow/example_dags/example_datasets.py
[2024-11-08T11:53:09.917+0000] {processor.py:914} INFO - Processing file /home/airflow/.local/lib/python3.12/site-packages/airflow/example_dags/example_datasets.py for tasks to queue
[2024-11-08T11:53:09.923+0000] {logging_mixin.py:190} INFO - [2024-11-08T11:53:09.922+0000] {dagbag.py:588} INFO - Filling up the DagBag from /home/airflow/.local/lib/python3.12/site-packages/airflow/example_dags/example_datasets.py
[2024-11-08T11:53:13.786+0000] {processor.py:925} INFO - DAG(s) 'dataset_consumes_unknown_never_scheduled', 'conditional_dataset_and_time_based_timetable', 'dataset_consumes_1', 'dataset_produces_2', 'dataset_consumes_1_never_scheduled', 'dataset_produces_1', 'consume_1_and_2_with_dataset_expressions', 'consume_1_or_both_2_and_3_with_dataset_expressions', 'dataset_consumes_1_and_2', 'consume_1_or_2_with_dataset_expressions' retrieved from /home/airflow/.local/lib/python3.12/site-packages/airflow/example_dags/example_datasets.py
[2024-11-08T11:53:14.148+0000] {logging_mixin.py:190} INFO - [2024-11-08T11:53:14.147+0000] {dag.py:3239} INFO - Sync 10 DAGs
[2024-11-08T11:53:14.369+0000] {logging_mixin.py:190} INFO - [2024-11-08T11:53:14.368+0000] {dag.py:4180} INFO - Setting next_dagrun for conditional_dataset_and_time_based_timetable to 2024-11-06 01:00:00+00:00, run_after=2024-11-06 01:00:00+00:00
[2024-11-08T11:53:14.391+0000] {logging_mixin.py:190} INFO - [2024-11-08T11:53:14.390+0000] {dag.py:4180} INFO - Setting next_dagrun for consume_1_and_2_with_dataset_expressions to None, run_after=None
[2024-11-08T11:53:14.407+0000] {logging_mixin.py:190} INFO - [2024-11-08T11:53:14.407+0000] {dag.py:4180} INFO - Setting next_dagrun for consume_1_or_2_with_dataset_expressions to None, run_after=None
[2024-11-08T11:53:14.429+0000] {logging_mixin.py:190} INFO - [2024-11-08T11:53:14.428+0000] {dag.py:4180} INFO - Setting next_dagrun for consume_1_or_both_2_and_3_with_dataset_expressions to None, run_after=None
[2024-11-08T11:53:14.451+0000] {logging_mixin.py:190} INFO - [2024-11-08T11:53:14.450+0000] {dag.py:4180} INFO - Setting next_dagrun for dataset_consumes_1 to None, run_after=None
[2024-11-08T11:53:14.476+0000] {logging_mixin.py:190} INFO - [2024-11-08T11:53:14.475+0000] {dag.py:4180} INFO - Setting next_dagrun for dataset_consumes_1_and_2 to None, run_after=None
[2024-11-08T11:53:14.507+0000] {logging_mixin.py:190} INFO - [2024-11-08T11:53:14.506+0000] {dag.py:4180} INFO - Setting next_dagrun for dataset_consumes_1_never_scheduled to None, run_after=None
[2024-11-08T11:53:14.527+0000] {logging_mixin.py:190} INFO - [2024-11-08T11:53:14.526+0000] {dag.py:4180} INFO - Setting next_dagrun for dataset_consumes_unknown_never_scheduled to None, run_after=None
[2024-11-08T11:53:14.562+0000] {logging_mixin.py:190} INFO - [2024-11-08T11:53:14.562+0000] {dag.py:4180} INFO - Setting next_dagrun for dataset_produces_1 to 2024-11-07 00:00:00+00:00, run_after=2024-11-08 00:00:00+00:00
[2024-11-08T11:53:14.577+0000] {logging_mixin.py:190} INFO - [2024-11-08T11:53:14.571+0000] {dag.py:4180} INFO - Setting next_dagrun for dataset_produces_2 to None, run_after=None
[2024-11-08T11:53:14.804+0000] {processor.py:208} INFO - Processing /home/airflow/.local/lib/python3.12/site-packages/airflow/example_dags/example_datasets.py took 4.915 seconds
[2024-11-08T11:53:46.405+0000] {processor.py:186} INFO - Started process (PID=465) to work on /home/airflow/.local/lib/python3.12/site-packages/airflow/example_dags/example_datasets.py
[2024-11-08T11:53:46.439+0000] {processor.py:914} INFO - Processing file /home/airflow/.local/lib/python3.12/site-packages/airflow/example_dags/example_datasets.py for tasks to queue
[2024-11-08T11:53:46.465+0000] {logging_mixin.py:190} INFO - [2024-11-08T11:53:46.463+0000] {dagbag.py:588} INFO - Filling up the DagBag from /home/airflow/.local/lib/python3.12/site-packages/airflow/example_dags/example_datasets.py
[2024-11-08T11:53:50.917+0000] {processor.py:925} INFO - DAG(s) 'dataset_consumes_1', 'consume_1_or_both_2_and_3_with_dataset_expressions', 'dataset_produces_1', 'conditional_dataset_and_time_based_timetable', 'dataset_consumes_unknown_never_scheduled', 'dataset_consumes_1_and_2', 'dataset_consumes_1_never_scheduled', 'dataset_produces_2', 'consume_1_and_2_with_dataset_expressions', 'consume_1_or_2_with_dataset_expressions' retrieved from /home/airflow/.local/lib/python3.12/site-packages/airflow/example_dags/example_datasets.py
[2024-11-08T11:53:51.217+0000] {logging_mixin.py:190} INFO - [2024-11-08T11:53:51.217+0000] {dag.py:3239} INFO - Sync 10 DAGs
[2024-11-08T11:53:51.495+0000] {logging_mixin.py:190} INFO - [2024-11-08T11:53:51.494+0000] {dag.py:4180} INFO - Setting next_dagrun for conditional_dataset_and_time_based_timetable to 2024-11-06 01:00:00+00:00, run_after=2024-11-06 01:00:00+00:00
[2024-11-08T11:53:51.560+0000] {logging_mixin.py:190} INFO - [2024-11-08T11:53:51.559+0000] {dag.py:4180} INFO - Setting next_dagrun for consume_1_and_2_with_dataset_expressions to None, run_after=None
[2024-11-08T11:53:51.570+0000] {logging_mixin.py:190} INFO - [2024-11-08T11:53:51.570+0000] {dag.py:4180} INFO - Setting next_dagrun for consume_1_or_2_with_dataset_expressions to None, run_after=None
[2024-11-08T11:53:51.593+0000] {logging_mixin.py:190} INFO - [2024-11-08T11:53:51.592+0000] {dag.py:4180} INFO - Setting next_dagrun for consume_1_or_both_2_and_3_with_dataset_expressions to None, run_after=None
[2024-11-08T11:53:51.623+0000] {logging_mixin.py:190} INFO - [2024-11-08T11:53:51.622+0000] {dag.py:4180} INFO - Setting next_dagrun for dataset_consumes_1 to None, run_after=None
[2024-11-08T11:53:51.630+0000] {logging_mixin.py:190} INFO - [2024-11-08T11:53:51.629+0000] {dag.py:4180} INFO - Setting next_dagrun for dataset_consumes_1_and_2 to None, run_after=None
[2024-11-08T11:53:51.637+0000] {logging_mixin.py:190} INFO - [2024-11-08T11:53:51.636+0000] {dag.py:4180} INFO - Setting next_dagrun for dataset_consumes_1_never_scheduled to None, run_after=None
[2024-11-08T11:53:51.650+0000] {logging_mixin.py:190} INFO - [2024-11-08T11:53:51.649+0000] {dag.py:4180} INFO - Setting next_dagrun for dataset_consumes_unknown_never_scheduled to None, run_after=None
[2024-11-08T11:53:51.674+0000] {logging_mixin.py:190} INFO - [2024-11-08T11:53:51.674+0000] {dag.py:4180} INFO - Setting next_dagrun for dataset_produces_1 to 2024-11-07 00:00:00+00:00, run_after=2024-11-08 00:00:00+00:00
[2024-11-08T11:53:51.728+0000] {logging_mixin.py:190} INFO - [2024-11-08T11:53:51.727+0000] {dag.py:4180} INFO - Setting next_dagrun for dataset_produces_2 to None, run_after=None
[2024-11-08T11:53:52.046+0000] {processor.py:208} INFO - Processing /home/airflow/.local/lib/python3.12/site-packages/airflow/example_dags/example_datasets.py took 5.675 seconds
[2024-11-08T11:54:25.994+0000] {processor.py:186} INFO - Started process (PID=535) to work on /home/airflow/.local/lib/python3.12/site-packages/airflow/example_dags/example_datasets.py
[2024-11-08T11:54:25.998+0000] {processor.py:914} INFO - Processing file /home/airflow/.local/lib/python3.12/site-packages/airflow/example_dags/example_datasets.py for tasks to queue
[2024-11-08T11:54:26.004+0000] {logging_mixin.py:190} INFO - [2024-11-08T11:54:26.003+0000] {dagbag.py:588} INFO - Filling up the DagBag from /home/airflow/.local/lib/python3.12/site-packages/airflow/example_dags/example_datasets.py
[2024-11-08T11:54:29.969+0000] {processor.py:925} INFO - DAG(s) 'consume_1_or_2_with_dataset_expressions', 'dataset_consumes_1', 'dataset_consumes_unknown_never_scheduled', 'dataset_produces_2', 'consume_1_and_2_with_dataset_expressions', 'consume_1_or_both_2_and_3_with_dataset_expressions', 'dataset_produces_1', 'conditional_dataset_and_time_based_timetable', 'dataset_consumes_1_and_2', 'dataset_consumes_1_never_scheduled' retrieved from /home/airflow/.local/lib/python3.12/site-packages/airflow/example_dags/example_datasets.py
[2024-11-08T11:54:30.233+0000] {logging_mixin.py:190} INFO - [2024-11-08T11:54:30.233+0000] {dag.py:3239} INFO - Sync 10 DAGs
[2024-11-08T11:54:30.410+0000] {logging_mixin.py:190} INFO - [2024-11-08T11:54:30.409+0000] {dag.py:4180} INFO - Setting next_dagrun for conditional_dataset_and_time_based_timetable to 2024-11-06 01:00:00+00:00, run_after=2024-11-06 01:00:00+00:00
[2024-11-08T11:54:30.454+0000] {logging_mixin.py:190} INFO - [2024-11-08T11:54:30.454+0000] {dag.py:4180} INFO - Setting next_dagrun for consume_1_and_2_with_dataset_expressions to None, run_after=None
[2024-11-08T11:54:30.465+0000] {logging_mixin.py:190} INFO - [2024-11-08T11:54:30.464+0000] {dag.py:4180} INFO - Setting next_dagrun for consume_1_or_2_with_dataset_expressions to None, run_after=None
[2024-11-08T11:54:30.507+0000] {logging_mixin.py:190} INFO - [2024-11-08T11:54:30.507+0000] {dag.py:4180} INFO - Setting next_dagrun for consume_1_or_both_2_and_3_with_dataset_expressions to None, run_after=None
[2024-11-08T11:54:30.514+0000] {logging_mixin.py:190} INFO - [2024-11-08T11:54:30.513+0000] {dag.py:4180} INFO - Setting next_dagrun for dataset_consumes_1 to None, run_after=None
[2024-11-08T11:54:30.529+0000] {logging_mixin.py:190} INFO - [2024-11-08T11:54:30.528+0000] {dag.py:4180} INFO - Setting next_dagrun for dataset_consumes_1_and_2 to None, run_after=None
[2024-11-08T11:54:30.545+0000] {logging_mixin.py:190} INFO - [2024-11-08T11:54:30.545+0000] {dag.py:4180} INFO - Setting next_dagrun for dataset_consumes_1_never_scheduled to None, run_after=None
[2024-11-08T11:54:30.558+0000] {logging_mixin.py:190} INFO - [2024-11-08T11:54:30.556+0000] {dag.py:4180} INFO - Setting next_dagrun for dataset_consumes_unknown_never_scheduled to None, run_after=None
[2024-11-08T11:54:30.575+0000] {logging_mixin.py:190} INFO - [2024-11-08T11:54:30.575+0000] {dag.py:4180} INFO - Setting next_dagrun for dataset_produces_1 to 2024-11-07 00:00:00+00:00, run_after=2024-11-08 00:00:00+00:00
[2024-11-08T11:54:30.583+0000] {logging_mixin.py:190} INFO - [2024-11-08T11:54:30.583+0000] {dag.py:4180} INFO - Setting next_dagrun for dataset_produces_2 to None, run_after=None
[2024-11-08T11:54:30.770+0000] {processor.py:208} INFO - Processing /home/airflow/.local/lib/python3.12/site-packages/airflow/example_dags/example_datasets.py took 4.801 seconds
[2024-11-08T11:55:01.140+0000] {processor.py:186} INFO - Started process (PID=598) to work on /home/airflow/.local/lib/python3.12/site-packages/airflow/example_dags/example_datasets.py
[2024-11-08T11:55:01.149+0000] {processor.py:914} INFO - Processing file /home/airflow/.local/lib/python3.12/site-packages/airflow/example_dags/example_datasets.py for tasks to queue
[2024-11-08T11:55:01.165+0000] {logging_mixin.py:190} INFO - [2024-11-08T11:55:01.161+0000] {dagbag.py:588} INFO - Filling up the DagBag from /home/airflow/.local/lib/python3.12/site-packages/airflow/example_dags/example_datasets.py
[2024-11-08T11:55:04.354+0000] {processor.py:925} INFO - DAG(s) 'consume_1_or_2_with_dataset_expressions', 'dataset_produces_1', 'dataset_consumes_1_never_scheduled', 'dataset_consumes_unknown_never_scheduled', 'dataset_consumes_1_and_2', 'consume_1_and_2_with_dataset_expressions', 'consume_1_or_both_2_and_3_with_dataset_expressions', 'conditional_dataset_and_time_based_timetable', 'dataset_produces_2', 'dataset_consumes_1' retrieved from /home/airflow/.local/lib/python3.12/site-packages/airflow/example_dags/example_datasets.py
[2024-11-08T11:55:04.584+0000] {logging_mixin.py:190} INFO - [2024-11-08T11:55:04.583+0000] {dag.py:3239} INFO - Sync 10 DAGs
[2024-11-08T11:55:04.715+0000] {logging_mixin.py:190} INFO - [2024-11-08T11:55:04.706+0000] {dag.py:4180} INFO - Setting next_dagrun for conditional_dataset_and_time_based_timetable to 2024-11-06 01:00:00+00:00, run_after=2024-11-06 01:00:00+00:00
[2024-11-08T11:55:04.751+0000] {logging_mixin.py:190} INFO - [2024-11-08T11:55:04.750+0000] {dag.py:4180} INFO - Setting next_dagrun for consume_1_and_2_with_dataset_expressions to None, run_after=None
[2024-11-08T11:55:04.758+0000] {logging_mixin.py:190} INFO - [2024-11-08T11:55:04.757+0000] {dag.py:4180} INFO - Setting next_dagrun for consume_1_or_2_with_dataset_expressions to None, run_after=None
[2024-11-08T11:55:04.765+0000] {logging_mixin.py:190} INFO - [2024-11-08T11:55:04.764+0000] {dag.py:4180} INFO - Setting next_dagrun for consume_1_or_both_2_and_3_with_dataset_expressions to None, run_after=None
[2024-11-08T11:55:04.776+0000] {logging_mixin.py:190} INFO - [2024-11-08T11:55:04.775+0000] {dag.py:4180} INFO - Setting next_dagrun for dataset_consumes_1 to None, run_after=None
[2024-11-08T11:55:04.787+0000] {logging_mixin.py:190} INFO - [2024-11-08T11:55:04.786+0000] {dag.py:4180} INFO - Setting next_dagrun for dataset_consumes_1_and_2 to None, run_after=None
[2024-11-08T11:55:04.794+0000] {logging_mixin.py:190} INFO - [2024-11-08T11:55:04.794+0000] {dag.py:4180} INFO - Setting next_dagrun for dataset_consumes_1_never_scheduled to None, run_after=None
[2024-11-08T11:55:04.802+0000] {logging_mixin.py:190} INFO - [2024-11-08T11:55:04.801+0000] {dag.py:4180} INFO - Setting next_dagrun for dataset_consumes_unknown_never_scheduled to None, run_after=None
[2024-11-08T11:55:04.815+0000] {logging_mixin.py:190} INFO - [2024-11-08T11:55:04.815+0000] {dag.py:4180} INFO - Setting next_dagrun for dataset_produces_1 to 2024-11-07 00:00:00+00:00, run_after=2024-11-08 00:00:00+00:00
[2024-11-08T11:55:04.822+0000] {logging_mixin.py:190} INFO - [2024-11-08T11:55:04.820+0000] {dag.py:4180} INFO - Setting next_dagrun for dataset_produces_2 to None, run_after=None
[2024-11-08T11:55:04.972+0000] {processor.py:208} INFO - Processing /home/airflow/.local/lib/python3.12/site-packages/airflow/example_dags/example_datasets.py took 3.881 seconds
[2024-11-08T12:00:36.613+0000] {processor.py:186} INFO - Started process (PID=95) to work on /home/airflow/.local/lib/python3.12/site-packages/airflow/example_dags/example_datasets.py
[2024-11-08T12:00:36.618+0000] {processor.py:914} INFO - Processing file /home/airflow/.local/lib/python3.12/site-packages/airflow/example_dags/example_datasets.py for tasks to queue
[2024-11-08T12:00:36.632+0000] {logging_mixin.py:190} INFO - [2024-11-08T12:00:36.631+0000] {dagbag.py:588} INFO - Filling up the DagBag from /home/airflow/.local/lib/python3.12/site-packages/airflow/example_dags/example_datasets.py
[2024-11-08T12:01:02.491+0000] {processor.py:925} INFO - DAG(s) 'dataset_consumes_1_and_2', 'consume_1_or_2_with_dataset_expressions', 'consume_1_and_2_with_dataset_expressions', 'dataset_produces_2', 'dataset_produces_1', 'consume_1_or_both_2_and_3_with_dataset_expressions', 'dataset_consumes_1_never_scheduled', 'dataset_consumes_unknown_never_scheduled', 'dataset_consumes_1', 'conditional_dataset_and_time_based_timetable' retrieved from /home/airflow/.local/lib/python3.12/site-packages/airflow/example_dags/example_datasets.py
[2024-11-08T12:01:03.570+0000] {logging_mixin.py:190} INFO - [2024-11-08T12:01:03.570+0000] {dag.py:3239} INFO - Sync 10 DAGs
[2024-11-08T12:01:04.227+0000] {logging_mixin.py:190} INFO - [2024-11-08T12:01:04.226+0000] {dag.py:4180} INFO - Setting next_dagrun for conditional_dataset_and_time_based_timetable to 2024-11-06 01:00:00+00:00, run_after=2024-11-06 01:00:00+00:00
[2024-11-08T12:01:04.332+0000] {logging_mixin.py:190} INFO - [2024-11-08T12:01:04.331+0000] {dag.py:4180} INFO - Setting next_dagrun for consume_1_and_2_with_dataset_expressions to None, run_after=None
[2024-11-08T12:01:04.384+0000] {logging_mixin.py:190} INFO - [2024-11-08T12:01:04.383+0000] {dag.py:4180} INFO - Setting next_dagrun for consume_1_or_2_with_dataset_expressions to None, run_after=None
[2024-11-08T12:01:04.469+0000] {logging_mixin.py:190} INFO - [2024-11-08T12:01:04.468+0000] {dag.py:4180} INFO - Setting next_dagrun for consume_1_or_both_2_and_3_with_dataset_expressions to None, run_after=None
[2024-11-08T12:01:04.554+0000] {logging_mixin.py:190} INFO - [2024-11-08T12:01:04.544+0000] {dag.py:4180} INFO - Setting next_dagrun for dataset_consumes_1 to None, run_after=None
[2024-11-08T12:01:04.595+0000] {logging_mixin.py:190} INFO - [2024-11-08T12:01:04.594+0000] {dag.py:4180} INFO - Setting next_dagrun for dataset_consumes_1_and_2 to None, run_after=None
[2024-11-08T12:01:04.635+0000] {logging_mixin.py:190} INFO - [2024-11-08T12:01:04.635+0000] {dag.py:4180} INFO - Setting next_dagrun for dataset_consumes_1_never_scheduled to None, run_after=None
[2024-11-08T12:01:04.677+0000] {logging_mixin.py:190} INFO - [2024-11-08T12:01:04.669+0000] {dag.py:4180} INFO - Setting next_dagrun for dataset_consumes_unknown_never_scheduled to None, run_after=None
[2024-11-08T12:01:04.737+0000] {logging_mixin.py:190} INFO - [2024-11-08T12:01:04.737+0000] {dag.py:4180} INFO - Setting next_dagrun for dataset_produces_1 to 2024-11-07 00:00:00+00:00, run_after=2024-11-08 00:00:00+00:00
[2024-11-08T12:01:04.771+0000] {logging_mixin.py:190} INFO - [2024-11-08T12:01:04.770+0000] {dag.py:4180} INFO - Setting next_dagrun for dataset_produces_2 to None, run_after=None
[2024-11-08T12:01:06.060+0000] {processor.py:208} INFO - Processing /home/airflow/.local/lib/python3.12/site-packages/airflow/example_dags/example_datasets.py took 29.504 seconds
[2024-11-08T12:02:13.209+0000] {processor.py:186} INFO - Started process (PID=171) to work on /home/airflow/.local/lib/python3.12/site-packages/airflow/example_dags/example_datasets.py
[2024-11-08T12:02:13.247+0000] {processor.py:914} INFO - Processing file /home/airflow/.local/lib/python3.12/site-packages/airflow/example_dags/example_datasets.py for tasks to queue
[2024-11-08T12:02:13.283+0000] {logging_mixin.py:190} INFO - [2024-11-08T12:02:13.282+0000] {dagbag.py:588} INFO - Filling up the DagBag from /home/airflow/.local/lib/python3.12/site-packages/airflow/example_dags/example_datasets.py
[2024-11-08T12:02:20.129+0000] {processor.py:925} INFO - DAG(s) 'consume_1_and_2_with_dataset_expressions', 'dataset_produces_1', 'dataset_consumes_1_and_2', 'dataset_produces_2', 'consume_1_or_both_2_and_3_with_dataset_expressions', 'conditional_dataset_and_time_based_timetable', 'dataset_consumes_1_never_scheduled', 'consume_1_or_2_with_dataset_expressions', 'dataset_consumes_unknown_never_scheduled', 'dataset_consumes_1' retrieved from /home/airflow/.local/lib/python3.12/site-packages/airflow/example_dags/example_datasets.py
[2024-11-08T12:02:20.568+0000] {logging_mixin.py:190} INFO - [2024-11-08T12:02:20.567+0000] {dag.py:3239} INFO - Sync 10 DAGs
[2024-11-08T12:02:20.938+0000] {logging_mixin.py:190} INFO - [2024-11-08T12:02:20.937+0000] {dag.py:4180} INFO - Setting next_dagrun for conditional_dataset_and_time_based_timetable to 2024-11-06 01:00:00+00:00, run_after=2024-11-06 01:00:00+00:00
[2024-11-08T12:02:20.983+0000] {logging_mixin.py:190} INFO - [2024-11-08T12:02:20.973+0000] {dag.py:4180} INFO - Setting next_dagrun for consume_1_and_2_with_dataset_expressions to None, run_after=None
[2024-11-08T12:02:20.999+0000] {logging_mixin.py:190} INFO - [2024-11-08T12:02:20.999+0000] {dag.py:4180} INFO - Setting next_dagrun for consume_1_or_2_with_dataset_expressions to None, run_after=None
[2024-11-08T12:02:21.016+0000] {logging_mixin.py:190} INFO - [2024-11-08T12:02:21.015+0000] {dag.py:4180} INFO - Setting next_dagrun for consume_1_or_both_2_and_3_with_dataset_expressions to None, run_after=None
[2024-11-08T12:02:21.022+0000] {logging_mixin.py:190} INFO - [2024-11-08T12:02:21.022+0000] {dag.py:4180} INFO - Setting next_dagrun for dataset_consumes_1 to None, run_after=None
[2024-11-08T12:02:21.037+0000] {logging_mixin.py:190} INFO - [2024-11-08T12:02:21.036+0000] {dag.py:4180} INFO - Setting next_dagrun for dataset_consumes_1_and_2 to None, run_after=None
[2024-11-08T12:02:21.049+0000] {logging_mixin.py:190} INFO - [2024-11-08T12:02:21.048+0000] {dag.py:4180} INFO - Setting next_dagrun for dataset_consumes_1_never_scheduled to None, run_after=None
[2024-11-08T12:02:21.058+0000] {logging_mixin.py:190} INFO - [2024-11-08T12:02:21.057+0000] {dag.py:4180} INFO - Setting next_dagrun for dataset_consumes_unknown_never_scheduled to None, run_after=None
[2024-11-08T12:02:21.094+0000] {logging_mixin.py:190} INFO - [2024-11-08T12:02:21.093+0000] {dag.py:4180} INFO - Setting next_dagrun for dataset_produces_1 to 2024-11-07 00:00:00+00:00, run_after=2024-11-08 00:00:00+00:00
[2024-11-08T12:02:21.118+0000] {logging_mixin.py:190} INFO - [2024-11-08T12:02:21.118+0000] {dag.py:4180} INFO - Setting next_dagrun for dataset_produces_2 to None, run_after=None
[2024-11-08T12:02:21.392+0000] {processor.py:208} INFO - Processing /home/airflow/.local/lib/python3.12/site-packages/airflow/example_dags/example_datasets.py took 8.221 seconds
[2024-11-08T12:02:54.945+0000] {processor.py:186} INFO - Started process (PID=236) to work on /home/airflow/.local/lib/python3.12/site-packages/airflow/example_dags/example_datasets.py
[2024-11-08T12:02:54.962+0000] {processor.py:914} INFO - Processing file /home/airflow/.local/lib/python3.12/site-packages/airflow/example_dags/example_datasets.py for tasks to queue
[2024-11-08T12:02:54.969+0000] {logging_mixin.py:190} INFO - [2024-11-08T12:02:54.968+0000] {dagbag.py:588} INFO - Filling up the DagBag from /home/airflow/.local/lib/python3.12/site-packages/airflow/example_dags/example_datasets.py
[2024-11-08T12:03:00.190+0000] {processor.py:925} INFO - DAG(s) 'dataset_consumes_unknown_never_scheduled', 'conditional_dataset_and_time_based_timetable', 'dataset_consumes_1_and_2', 'dataset_produces_2', 'consume_1_or_2_with_dataset_expressions', 'consume_1_or_both_2_and_3_with_dataset_expressions', 'dataset_consumes_1_never_scheduled', 'dataset_produces_1', 'consume_1_and_2_with_dataset_expressions', 'dataset_consumes_1' retrieved from /home/airflow/.local/lib/python3.12/site-packages/airflow/example_dags/example_datasets.py
[2024-11-08T12:03:00.535+0000] {logging_mixin.py:190} INFO - [2024-11-08T12:03:00.534+0000] {dag.py:3239} INFO - Sync 10 DAGs
[2024-11-08T12:03:00.762+0000] {logging_mixin.py:190} INFO - [2024-11-08T12:03:00.761+0000] {dag.py:4180} INFO - Setting next_dagrun for conditional_dataset_and_time_based_timetable to 2024-11-06 01:00:00+00:00, run_after=2024-11-06 01:00:00+00:00
[2024-11-08T12:03:00.796+0000] {logging_mixin.py:190} INFO - [2024-11-08T12:03:00.795+0000] {dag.py:4180} INFO - Setting next_dagrun for consume_1_and_2_with_dataset_expressions to None, run_after=None
[2024-11-08T12:03:00.810+0000] {logging_mixin.py:190} INFO - [2024-11-08T12:03:00.809+0000] {dag.py:4180} INFO - Setting next_dagrun for consume_1_or_2_with_dataset_expressions to None, run_after=None
[2024-11-08T12:03:00.824+0000] {logging_mixin.py:190} INFO - [2024-11-08T12:03:00.823+0000] {dag.py:4180} INFO - Setting next_dagrun for consume_1_or_both_2_and_3_with_dataset_expressions to None, run_after=None
[2024-11-08T12:03:00.840+0000] {logging_mixin.py:190} INFO - [2024-11-08T12:03:00.840+0000] {dag.py:4180} INFO - Setting next_dagrun for dataset_consumes_1 to None, run_after=None
[2024-11-08T12:03:00.860+0000] {logging_mixin.py:190} INFO - [2024-11-08T12:03:00.860+0000] {dag.py:4180} INFO - Setting next_dagrun for dataset_consumes_1_and_2 to None, run_after=None
[2024-11-08T12:03:00.876+0000] {logging_mixin.py:190} INFO - [2024-11-08T12:03:00.876+0000] {dag.py:4180} INFO - Setting next_dagrun for dataset_consumes_1_never_scheduled to None, run_after=None
[2024-11-08T12:03:00.892+0000] {logging_mixin.py:190} INFO - [2024-11-08T12:03:00.891+0000] {dag.py:4180} INFO - Setting next_dagrun for dataset_consumes_unknown_never_scheduled to None, run_after=None
[2024-11-08T12:03:00.923+0000] {logging_mixin.py:190} INFO - [2024-11-08T12:03:00.922+0000] {dag.py:4180} INFO - Setting next_dagrun for dataset_produces_1 to 2024-11-07 00:00:00+00:00, run_after=2024-11-08 00:00:00+00:00
[2024-11-08T12:03:00.938+0000] {logging_mixin.py:190} INFO - [2024-11-08T12:03:00.938+0000] {dag.py:4180} INFO - Setting next_dagrun for dataset_produces_2 to None, run_after=None
[2024-11-08T12:03:01.248+0000] {processor.py:208} INFO - Processing /home/airflow/.local/lib/python3.12/site-packages/airflow/example_dags/example_datasets.py took 6.350 seconds
[2024-11-08T12:03:36.108+0000] {processor.py:186} INFO - Started process (PID=284) to work on /home/airflow/.local/lib/python3.12/site-packages/airflow/example_dags/example_datasets.py
[2024-11-08T12:03:36.122+0000] {processor.py:914} INFO - Processing file /home/airflow/.local/lib/python3.12/site-packages/airflow/example_dags/example_datasets.py for tasks to queue
[2024-11-08T12:03:36.140+0000] {logging_mixin.py:190} INFO - [2024-11-08T12:03:36.133+0000] {dagbag.py:588} INFO - Filling up the DagBag from /home/airflow/.local/lib/python3.12/site-packages/airflow/example_dags/example_datasets.py
[2024-11-08T12:03:41.584+0000] {processor.py:925} INFO - DAG(s) 'dataset_consumes_1_never_scheduled', 'dataset_consumes_1_and_2', 'consume_1_or_2_with_dataset_expressions', 'consume_1_and_2_with_dataset_expressions', 'dataset_produces_2', 'dataset_consumes_unknown_never_scheduled', 'conditional_dataset_and_time_based_timetable', 'dataset_produces_1', 'consume_1_or_both_2_and_3_with_dataset_expressions', 'dataset_consumes_1' retrieved from /home/airflow/.local/lib/python3.12/site-packages/airflow/example_dags/example_datasets.py
[2024-11-08T12:03:41.940+0000] {logging_mixin.py:190} INFO - [2024-11-08T12:03:41.939+0000] {dag.py:3239} INFO - Sync 10 DAGs
[2024-11-08T12:03:42.442+0000] {logging_mixin.py:190} INFO - [2024-11-08T12:03:42.433+0000] {dag.py:4180} INFO - Setting next_dagrun for conditional_dataset_and_time_based_timetable to 2024-11-06 01:00:00+00:00, run_after=2024-11-06 01:00:00+00:00
[2024-11-08T12:03:42.479+0000] {logging_mixin.py:190} INFO - [2024-11-08T12:03:42.479+0000] {dag.py:4180} INFO - Setting next_dagrun for consume_1_and_2_with_dataset_expressions to None, run_after=None
[2024-11-08T12:03:42.497+0000] {logging_mixin.py:190} INFO - [2024-11-08T12:03:42.496+0000] {dag.py:4180} INFO - Setting next_dagrun for consume_1_or_2_with_dataset_expressions to None, run_after=None
[2024-11-08T12:03:42.510+0000] {logging_mixin.py:190} INFO - [2024-11-08T12:03:42.510+0000] {dag.py:4180} INFO - Setting next_dagrun for consume_1_or_both_2_and_3_with_dataset_expressions to None, run_after=None
[2024-11-08T12:03:42.527+0000] {logging_mixin.py:190} INFO - [2024-11-08T12:03:42.526+0000] {dag.py:4180} INFO - Setting next_dagrun for dataset_consumes_1 to None, run_after=None
[2024-11-08T12:03:42.543+0000] {logging_mixin.py:190} INFO - [2024-11-08T12:03:42.542+0000] {dag.py:4180} INFO - Setting next_dagrun for dataset_consumes_1_and_2 to None, run_after=None
[2024-11-08T12:03:42.552+0000] {logging_mixin.py:190} INFO - [2024-11-08T12:03:42.551+0000] {dag.py:4180} INFO - Setting next_dagrun for dataset_consumes_1_never_scheduled to None, run_after=None
[2024-11-08T12:03:42.566+0000] {logging_mixin.py:190} INFO - [2024-11-08T12:03:42.565+0000] {dag.py:4180} INFO - Setting next_dagrun for dataset_consumes_unknown_never_scheduled to None, run_after=None
[2024-11-08T12:03:42.599+0000] {logging_mixin.py:190} INFO - [2024-11-08T12:03:42.598+0000] {dag.py:4180} INFO - Setting next_dagrun for dataset_produces_1 to 2024-11-07 00:00:00+00:00, run_after=2024-11-08 00:00:00+00:00
[2024-11-08T12:03:42.627+0000] {logging_mixin.py:190} INFO - [2024-11-08T12:03:42.626+0000] {dag.py:4180} INFO - Setting next_dagrun for dataset_produces_2 to None, run_after=None
[2024-11-08T12:03:43.127+0000] {processor.py:208} INFO - Processing /home/airflow/.local/lib/python3.12/site-packages/airflow/example_dags/example_datasets.py took 7.056 seconds
[2024-11-08T12:04:15.281+0000] {processor.py:186} INFO - Started process (PID=360) to work on /home/airflow/.local/lib/python3.12/site-packages/airflow/example_dags/example_datasets.py
[2024-11-08T12:04:15.297+0000] {processor.py:914} INFO - Processing file /home/airflow/.local/lib/python3.12/site-packages/airflow/example_dags/example_datasets.py for tasks to queue
[2024-11-08T12:04:15.315+0000] {logging_mixin.py:190} INFO - [2024-11-08T12:04:15.311+0000] {dagbag.py:588} INFO - Filling up the DagBag from /home/airflow/.local/lib/python3.12/site-packages/airflow/example_dags/example_datasets.py
[2024-11-08T12:04:19.481+0000] {processor.py:925} INFO - DAG(s) 'consume_1_or_2_with_dataset_expressions', 'dataset_consumes_1_never_scheduled', 'dataset_consumes_unknown_never_scheduled', 'dataset_produces_1', 'consume_1_or_both_2_and_3_with_dataset_expressions', 'conditional_dataset_and_time_based_timetable', 'dataset_consumes_1', 'dataset_consumes_1_and_2', 'dataset_produces_2', 'consume_1_and_2_with_dataset_expressions' retrieved from /home/airflow/.local/lib/python3.12/site-packages/airflow/example_dags/example_datasets.py
[2024-11-08T12:04:20.056+0000] {logging_mixin.py:190} INFO - [2024-11-08T12:04:20.055+0000] {dag.py:3239} INFO - Sync 10 DAGs
[2024-11-08T12:04:20.378+0000] {logging_mixin.py:190} INFO - [2024-11-08T12:04:20.377+0000] {dag.py:4180} INFO - Setting next_dagrun for conditional_dataset_and_time_based_timetable to 2024-11-06 01:00:00+00:00, run_after=2024-11-06 01:00:00+00:00
[2024-11-08T12:04:20.405+0000] {logging_mixin.py:190} INFO - [2024-11-08T12:04:20.404+0000] {dag.py:4180} INFO - Setting next_dagrun for consume_1_and_2_with_dataset_expressions to None, run_after=None
[2024-11-08T12:04:20.409+0000] {logging_mixin.py:190} INFO - [2024-11-08T12:04:20.409+0000] {dag.py:4180} INFO - Setting next_dagrun for consume_1_or_2_with_dataset_expressions to None, run_after=None
[2024-11-08T12:04:20.423+0000] {logging_mixin.py:190} INFO - [2024-11-08T12:04:20.422+0000] {dag.py:4180} INFO - Setting next_dagrun for consume_1_or_both_2_and_3_with_dataset_expressions to None, run_after=None
[2024-11-08T12:04:20.438+0000] {logging_mixin.py:190} INFO - [2024-11-08T12:04:20.428+0000] {dag.py:4180} INFO - Setting next_dagrun for dataset_consumes_1 to None, run_after=None
[2024-11-08T12:04:20.456+0000] {logging_mixin.py:190} INFO - [2024-11-08T12:04:20.456+0000] {dag.py:4180} INFO - Setting next_dagrun for dataset_consumes_1_and_2 to None, run_after=None
[2024-11-08T12:04:20.479+0000] {logging_mixin.py:190} INFO - [2024-11-08T12:04:20.478+0000] {dag.py:4180} INFO - Setting next_dagrun for dataset_consumes_1_never_scheduled to None, run_after=None
[2024-11-08T12:04:20.499+0000] {logging_mixin.py:190} INFO - [2024-11-08T12:04:20.499+0000] {dag.py:4180} INFO - Setting next_dagrun for dataset_consumes_unknown_never_scheduled to None, run_after=None
[2024-11-08T12:04:20.528+0000] {logging_mixin.py:190} INFO - [2024-11-08T12:04:20.527+0000] {dag.py:4180} INFO - Setting next_dagrun for dataset_produces_1 to 2024-11-07 00:00:00+00:00, run_after=2024-11-08 00:00:00+00:00
[2024-11-08T12:04:20.536+0000] {logging_mixin.py:190} INFO - [2024-11-08T12:04:20.535+0000] {dag.py:4180} INFO - Setting next_dagrun for dataset_produces_2 to None, run_after=None
[2024-11-08T12:04:20.870+0000] {processor.py:208} INFO - Processing /home/airflow/.local/lib/python3.12/site-packages/airflow/example_dags/example_datasets.py took 5.637 seconds
[2024-11-08T12:04:52.023+0000] {processor.py:186} INFO - Started process (PID=429) to work on /home/airflow/.local/lib/python3.12/site-packages/airflow/example_dags/example_datasets.py
[2024-11-08T12:04:52.033+0000] {processor.py:914} INFO - Processing file /home/airflow/.local/lib/python3.12/site-packages/airflow/example_dags/example_datasets.py for tasks to queue
[2024-11-08T12:04:52.048+0000] {logging_mixin.py:190} INFO - [2024-11-08T12:04:52.047+0000] {dagbag.py:588} INFO - Filling up the DagBag from /home/airflow/.local/lib/python3.12/site-packages/airflow/example_dags/example_datasets.py
[2024-11-08T12:05:04.987+0000] {processor.py:925} INFO - DAG(s) 'consume_1_or_2_with_dataset_expressions', 'dataset_consumes_1', 'dataset_produces_2', 'conditional_dataset_and_time_based_timetable', 'dataset_consumes_1_never_scheduled', 'consume_1_and_2_with_dataset_expressions', 'consume_1_or_both_2_and_3_with_dataset_expressions', 'dataset_produces_1', 'dataset_consumes_unknown_never_scheduled', 'dataset_consumes_1_and_2' retrieved from /home/airflow/.local/lib/python3.12/site-packages/airflow/example_dags/example_datasets.py
[2024-11-08T12:05:05.278+0000] {logging_mixin.py:190} INFO - [2024-11-08T12:05:05.275+0000] {dag.py:3239} INFO - Sync 10 DAGs
[2024-11-08T12:05:05.501+0000] {logging_mixin.py:190} INFO - [2024-11-08T12:05:05.500+0000] {dag.py:4180} INFO - Setting next_dagrun for conditional_dataset_and_time_based_timetable to 2024-11-06 01:00:00+00:00, run_after=2024-11-06 01:00:00+00:00
[2024-11-08T12:05:05.529+0000] {logging_mixin.py:190} INFO - [2024-11-08T12:05:05.528+0000] {dag.py:4180} INFO - Setting next_dagrun for consume_1_and_2_with_dataset_expressions to None, run_after=None
[2024-11-08T12:05:05.534+0000] {logging_mixin.py:190} INFO - [2024-11-08T12:05:05.534+0000] {dag.py:4180} INFO - Setting next_dagrun for consume_1_or_2_with_dataset_expressions to None, run_after=None
[2024-11-08T12:05:05.544+0000] {logging_mixin.py:190} INFO - [2024-11-08T12:05:05.543+0000] {dag.py:4180} INFO - Setting next_dagrun for consume_1_or_both_2_and_3_with_dataset_expressions to None, run_after=None
[2024-11-08T12:05:05.548+0000] {logging_mixin.py:190} INFO - [2024-11-08T12:05:05.547+0000] {dag.py:4180} INFO - Setting next_dagrun for dataset_consumes_1 to None, run_after=None
[2024-11-08T12:05:05.553+0000] {logging_mixin.py:190} INFO - [2024-11-08T12:05:05.552+0000] {dag.py:4180} INFO - Setting next_dagrun for dataset_consumes_1_and_2 to None, run_after=None
[2024-11-08T12:05:05.561+0000] {logging_mixin.py:190} INFO - [2024-11-08T12:05:05.560+0000] {dag.py:4180} INFO - Setting next_dagrun for dataset_consumes_1_never_scheduled to None, run_after=None
[2024-11-08T12:05:05.574+0000] {logging_mixin.py:190} INFO - [2024-11-08T12:05:05.574+0000] {dag.py:4180} INFO - Setting next_dagrun for dataset_consumes_unknown_never_scheduled to None, run_after=None
[2024-11-08T12:05:05.591+0000] {logging_mixin.py:190} INFO - [2024-11-08T12:05:05.591+0000] {dag.py:4180} INFO - Setting next_dagrun for dataset_produces_1 to 2024-11-07 00:00:00+00:00, run_after=2024-11-08 00:00:00+00:00
[2024-11-08T12:05:05.607+0000] {logging_mixin.py:190} INFO - [2024-11-08T12:05:05.606+0000] {dag.py:4180} INFO - Setting next_dagrun for dataset_produces_2 to None, run_after=None
[2024-11-08T12:05:05.870+0000] {processor.py:208} INFO - Processing /home/airflow/.local/lib/python3.12/site-packages/airflow/example_dags/example_datasets.py took 13.883 seconds
[2024-11-08T12:06:14.703+0000] {processor.py:186} INFO - Started process (PID=523) to work on /home/airflow/.local/lib/python3.12/site-packages/airflow/example_dags/example_datasets.py
[2024-11-08T12:06:14.761+0000] {processor.py:914} INFO - Processing file /home/airflow/.local/lib/python3.12/site-packages/airflow/example_dags/example_datasets.py for tasks to queue
[2024-11-08T12:06:14.808+0000] {logging_mixin.py:190} INFO - [2024-11-08T12:06:14.807+0000] {dagbag.py:588} INFO - Filling up the DagBag from /home/airflow/.local/lib/python3.12/site-packages/airflow/example_dags/example_datasets.py
[2024-11-08T12:06:21.054+0000] {processor.py:925} INFO - DAG(s) 'conditional_dataset_and_time_based_timetable', 'consume_1_and_2_with_dataset_expressions', 'dataset_consumes_1_and_2', 'dataset_produces_1', 'dataset_consumes_1', 'consume_1_or_both_2_and_3_with_dataset_expressions', 'dataset_consumes_1_never_scheduled', 'dataset_consumes_unknown_never_scheduled', 'consume_1_or_2_with_dataset_expressions', 'dataset_produces_2' retrieved from /home/airflow/.local/lib/python3.12/site-packages/airflow/example_dags/example_datasets.py
[2024-11-08T12:06:21.392+0000] {logging_mixin.py:190} INFO - [2024-11-08T12:06:21.391+0000] {dag.py:3239} INFO - Sync 10 DAGs
[2024-11-08T12:06:21.602+0000] {logging_mixin.py:190} INFO - [2024-11-08T12:06:21.601+0000] {dag.py:4180} INFO - Setting next_dagrun for conditional_dataset_and_time_based_timetable to 2024-11-06 01:00:00+00:00, run_after=2024-11-06 01:00:00+00:00
[2024-11-08T12:06:21.636+0000] {logging_mixin.py:190} INFO - [2024-11-08T12:06:21.634+0000] {dag.py:4180} INFO - Setting next_dagrun for consume_1_and_2_with_dataset_expressions to None, run_after=None
[2024-11-08T12:06:21.645+0000] {logging_mixin.py:190} INFO - [2024-11-08T12:06:21.645+0000] {dag.py:4180} INFO - Setting next_dagrun for consume_1_or_2_with_dataset_expressions to None, run_after=None
[2024-11-08T12:06:21.656+0000] {logging_mixin.py:190} INFO - [2024-11-08T12:06:21.656+0000] {dag.py:4180} INFO - Setting next_dagrun for consume_1_or_both_2_and_3_with_dataset_expressions to None, run_after=None
[2024-11-08T12:06:21.671+0000] {logging_mixin.py:190} INFO - [2024-11-08T12:06:21.670+0000] {dag.py:4180} INFO - Setting next_dagrun for dataset_consumes_1 to None, run_after=None
[2024-11-08T12:06:21.735+0000] {logging_mixin.py:190} INFO - [2024-11-08T12:06:21.734+0000] {dag.py:4180} INFO - Setting next_dagrun for dataset_consumes_1_and_2 to None, run_after=None
[2024-11-08T12:06:21.760+0000] {logging_mixin.py:190} INFO - [2024-11-08T12:06:21.759+0000] {dag.py:4180} INFO - Setting next_dagrun for dataset_consumes_1_never_scheduled to None, run_after=None
[2024-11-08T12:06:21.784+0000] {logging_mixin.py:190} INFO - [2024-11-08T12:06:21.783+0000] {dag.py:4180} INFO - Setting next_dagrun for dataset_consumes_unknown_never_scheduled to None, run_after=None
[2024-11-08T12:06:21.827+0000] {logging_mixin.py:190} INFO - [2024-11-08T12:06:21.827+0000] {dag.py:4180} INFO - Setting next_dagrun for dataset_produces_1 to 2024-11-07 00:00:00+00:00, run_after=2024-11-08 00:00:00+00:00
[2024-11-08T12:06:21.852+0000] {logging_mixin.py:190} INFO - [2024-11-08T12:06:21.852+0000] {dag.py:4180} INFO - Setting next_dagrun for dataset_produces_2 to None, run_after=None
[2024-11-08T12:06:22.446+0000] {processor.py:208} INFO - Processing /home/airflow/.local/lib/python3.12/site-packages/airflow/example_dags/example_datasets.py took 7.808 seconds
[2024-11-08T12:07:00.361+0000] {processor.py:186} INFO - Started process (PID=589) to work on /home/airflow/.local/lib/python3.12/site-packages/airflow/example_dags/example_datasets.py
[2024-11-08T12:07:00.388+0000] {processor.py:914} INFO - Processing file /home/airflow/.local/lib/python3.12/site-packages/airflow/example_dags/example_datasets.py for tasks to queue
[2024-11-08T12:07:00.404+0000] {logging_mixin.py:190} INFO - [2024-11-08T12:07:00.403+0000] {dagbag.py:588} INFO - Filling up the DagBag from /home/airflow/.local/lib/python3.12/site-packages/airflow/example_dags/example_datasets.py
[2024-11-08T12:07:06.911+0000] {processor.py:925} INFO - DAG(s) 'dataset_consumes_unknown_never_scheduled', 'consume_1_or_both_2_and_3_with_dataset_expressions', 'dataset_consumes_1', 'dataset_produces_2', 'conditional_dataset_and_time_based_timetable', 'dataset_consumes_1_never_scheduled', 'dataset_consumes_1_and_2', 'consume_1_and_2_with_dataset_expressions', 'dataset_produces_1', 'consume_1_or_2_with_dataset_expressions' retrieved from /home/airflow/.local/lib/python3.12/site-packages/airflow/example_dags/example_datasets.py
[2024-11-08T12:07:08.059+0000] {logging_mixin.py:190} INFO - [2024-11-08T12:07:08.048+0000] {dag.py:3239} INFO - Sync 10 DAGs
[2024-11-08T12:07:09.649+0000] {logging_mixin.py:190} INFO - [2024-11-08T12:07:09.649+0000] {dag.py:4180} INFO - Setting next_dagrun for conditional_dataset_and_time_based_timetable to 2024-11-06 01:00:00+00:00, run_after=2024-11-06 01:00:00+00:00
[2024-11-08T12:07:09.705+0000] {logging_mixin.py:190} INFO - [2024-11-08T12:07:09.704+0000] {dag.py:4180} INFO - Setting next_dagrun for consume_1_and_2_with_dataset_expressions to None, run_after=None
[2024-11-08T12:07:09.808+0000] {logging_mixin.py:190} INFO - [2024-11-08T12:07:09.808+0000] {dag.py:4180} INFO - Setting next_dagrun for consume_1_or_2_with_dataset_expressions to None, run_after=None
[2024-11-08T12:07:09.830+0000] {logging_mixin.py:190} INFO - [2024-11-08T12:07:09.829+0000] {dag.py:4180} INFO - Setting next_dagrun for consume_1_or_both_2_and_3_with_dataset_expressions to None, run_after=None
[2024-11-08T12:07:09.865+0000] {logging_mixin.py:190} INFO - [2024-11-08T12:07:09.865+0000] {dag.py:4180} INFO - Setting next_dagrun for dataset_consumes_1 to None, run_after=None
[2024-11-08T12:07:09.922+0000] {logging_mixin.py:190} INFO - [2024-11-08T12:07:09.921+0000] {dag.py:4180} INFO - Setting next_dagrun for dataset_consumes_1_and_2 to None, run_after=None
[2024-11-08T12:07:10.026+0000] {logging_mixin.py:190} INFO - [2024-11-08T12:07:10.025+0000] {dag.py:4180} INFO - Setting next_dagrun for dataset_consumes_1_never_scheduled to None, run_after=None
[2024-11-08T12:07:10.128+0000] {logging_mixin.py:190} INFO - [2024-11-08T12:07:10.119+0000] {dag.py:4180} INFO - Setting next_dagrun for dataset_consumes_unknown_never_scheduled to None, run_after=None
[2024-11-08T12:07:10.153+0000] {logging_mixin.py:190} INFO - [2024-11-08T12:07:10.153+0000] {dag.py:4180} INFO - Setting next_dagrun for dataset_produces_1 to 2024-11-07 00:00:00+00:00, run_after=2024-11-08 00:00:00+00:00
[2024-11-08T12:07:10.257+0000] {logging_mixin.py:190} INFO - [2024-11-08T12:07:10.256+0000] {dag.py:4180} INFO - Setting next_dagrun for dataset_produces_2 to None, run_after=None
[2024-11-08T12:07:10.764+0000] {processor.py:208} INFO - Processing /home/airflow/.local/lib/python3.12/site-packages/airflow/example_dags/example_datasets.py took 10.443 seconds
[2024-11-08T12:07:45.367+0000] {processor.py:186} INFO - Started process (PID=655) to work on /home/airflow/.local/lib/python3.12/site-packages/airflow/example_dags/example_datasets.py
[2024-11-08T12:07:45.379+0000] {processor.py:914} INFO - Processing file /home/airflow/.local/lib/python3.12/site-packages/airflow/example_dags/example_datasets.py for tasks to queue
[2024-11-08T12:07:45.386+0000] {logging_mixin.py:190} INFO - [2024-11-08T12:07:45.385+0000] {dagbag.py:588} INFO - Filling up the DagBag from /home/airflow/.local/lib/python3.12/site-packages/airflow/example_dags/example_datasets.py
[2024-11-08T12:07:49.837+0000] {processor.py:925} INFO - DAG(s) 'dataset_produces_1', 'dataset_consumes_unknown_never_scheduled', 'dataset_consumes_1_never_scheduled', 'dataset_produces_2', 'dataset_consumes_1', 'consume_1_or_both_2_and_3_with_dataset_expressions', 'consume_1_and_2_with_dataset_expressions', 'conditional_dataset_and_time_based_timetable', 'consume_1_or_2_with_dataset_expressions', 'dataset_consumes_1_and_2' retrieved from /home/airflow/.local/lib/python3.12/site-packages/airflow/example_dags/example_datasets.py
[2024-11-08T12:07:50.110+0000] {logging_mixin.py:190} INFO - [2024-11-08T12:07:50.110+0000] {dag.py:3239} INFO - Sync 10 DAGs
[2024-11-08T12:07:50.364+0000] {logging_mixin.py:190} INFO - [2024-11-08T12:07:50.363+0000] {dag.py:4180} INFO - Setting next_dagrun for conditional_dataset_and_time_based_timetable to 2024-11-06 01:00:00+00:00, run_after=2024-11-06 01:00:00+00:00
[2024-11-08T12:07:50.400+0000] {logging_mixin.py:190} INFO - [2024-11-08T12:07:50.399+0000] {dag.py:4180} INFO - Setting next_dagrun for consume_1_and_2_with_dataset_expressions to None, run_after=None
[2024-11-08T12:07:50.415+0000] {logging_mixin.py:190} INFO - [2024-11-08T12:07:50.414+0000] {dag.py:4180} INFO - Setting next_dagrun for consume_1_or_2_with_dataset_expressions to None, run_after=None
[2024-11-08T12:07:50.422+0000] {logging_mixin.py:190} INFO - [2024-11-08T12:07:50.421+0000] {dag.py:4180} INFO - Setting next_dagrun for consume_1_or_both_2_and_3_with_dataset_expressions to None, run_after=None
[2024-11-08T12:07:50.439+0000] {logging_mixin.py:190} INFO - [2024-11-08T12:07:50.438+0000] {dag.py:4180} INFO - Setting next_dagrun for dataset_consumes_1 to None, run_after=None
[2024-11-08T12:07:50.449+0000] {logging_mixin.py:190} INFO - [2024-11-08T12:07:50.449+0000] {dag.py:4180} INFO - Setting next_dagrun for dataset_consumes_1_and_2 to None, run_after=None
[2024-11-08T12:07:50.468+0000] {logging_mixin.py:190} INFO - [2024-11-08T12:07:50.468+0000] {dag.py:4180} INFO - Setting next_dagrun for dataset_consumes_1_never_scheduled to None, run_after=None
[2024-11-08T12:07:50.482+0000] {logging_mixin.py:190} INFO - [2024-11-08T12:07:50.481+0000] {dag.py:4180} INFO - Setting next_dagrun for dataset_consumes_unknown_never_scheduled to None, run_after=None
[2024-11-08T12:07:50.509+0000] {logging_mixin.py:190} INFO - [2024-11-08T12:07:50.508+0000] {dag.py:4180} INFO - Setting next_dagrun for dataset_produces_1 to 2024-11-07 00:00:00+00:00, run_after=2024-11-08 00:00:00+00:00
[2024-11-08T12:07:50.524+0000] {logging_mixin.py:190} INFO - [2024-11-08T12:07:50.524+0000] {dag.py:4180} INFO - Setting next_dagrun for dataset_produces_2 to None, run_after=None
[2024-11-08T12:07:50.817+0000] {processor.py:208} INFO - Processing /home/airflow/.local/lib/python3.12/site-packages/airflow/example_dags/example_datasets.py took 5.486 seconds
