[2024-11-08T11:49:34.176+0000] {processor.py:186} INFO - Started process (PID=118) to work on /home/airflow/.local/lib/python3.12/site-packages/airflow/example_dags/example_workday_timetable.py
[2024-11-08T11:49:34.249+0000] {processor.py:914} INFO - Processing file /home/airflow/.local/lib/python3.12/site-packages/airflow/example_dags/example_workday_timetable.py for tasks to queue
[2024-11-08T11:49:34.398+0000] {logging_mixin.py:190} INFO - [2024-11-08T11:49:34.397+0000] {dagbag.py:588} INFO - Filling up the DagBag from /home/airflow/.local/lib/python3.12/site-packages/airflow/example_dags/example_workday_timetable.py
[2024-11-08T11:49:34.894+0000] {processor.py:925} INFO - DAG(s) 'example_workday_timetable' retrieved from /home/airflow/.local/lib/python3.12/site-packages/airflow/example_dags/example_workday_timetable.py
[2024-11-08T11:49:36.591+0000] {logging_mixin.py:190} INFO - [2024-11-08T11:49:36.575+0000] {override.py:1911} INFO - Created Permission View: can read on DAG:example_workday_timetable
[2024-11-08T11:49:36.754+0000] {logging_mixin.py:190} INFO - [2024-11-08T11:49:36.753+0000] {override.py:1911} INFO - Created Permission View: can edit on DAG:example_workday_timetable
[2024-11-08T11:49:36.822+0000] {logging_mixin.py:190} INFO - [2024-11-08T11:49:36.821+0000] {override.py:1911} INFO - Created Permission View: can delete on DAG:example_workday_timetable
[2024-11-08T11:49:36.870+0000] {logging_mixin.py:190} INFO - [2024-11-08T11:49:36.869+0000] {override.py:1911} INFO - Created Permission View: can read on DAG Run:example_workday_timetable
[2024-11-08T11:49:36.942+0000] {logging_mixin.py:190} INFO - [2024-11-08T11:49:36.941+0000] {override.py:1911} INFO - Created Permission View: menu access on DAG Run:example_workday_timetable
[2024-11-08T11:49:36.983+0000] {logging_mixin.py:190} INFO - [2024-11-08T11:49:36.982+0000] {override.py:1911} INFO - Created Permission View: can create on DAG Run:example_workday_timetable
[2024-11-08T11:49:37.082+0000] {logging_mixin.py:190} INFO - [2024-11-08T11:49:37.081+0000] {override.py:1911} INFO - Created Permission View: can delete on DAG Run:example_workday_timetable
[2024-11-08T11:49:37.092+0000] {logging_mixin.py:190} INFO - [2024-11-08T11:49:37.091+0000] {dag.py:3239} INFO - Sync 1 DAGs
[2024-11-08T11:49:37.405+0000] {logging_mixin.py:190} INFO - [2024-11-08T11:49:37.404+0000] {dag.py:3262} INFO - Creating ORM DAG for example_workday_timetable
[2024-11-08T11:49:39.548+0000] {logging_mixin.py:190} INFO - [2024-11-08T11:49:39.542+0000] {dag.py:4180} INFO - Setting next_dagrun for example_workday_timetable to 2021-01-04 00:00:00+00:00, run_after=2021-01-05 00:00:00+00:00
[2024-11-08T11:49:39.958+0000] {processor.py:208} INFO - Processing /home/airflow/.local/lib/python3.12/site-packages/airflow/example_dags/example_workday_timetable.py took 5.841 seconds
[2024-11-08T11:51:16.061+0000] {processor.py:186} INFO - Started process (PID=200) to work on /home/airflow/.local/lib/python3.12/site-packages/airflow/example_dags/example_workday_timetable.py
[2024-11-08T11:51:16.125+0000] {processor.py:914} INFO - Processing file /home/airflow/.local/lib/python3.12/site-packages/airflow/example_dags/example_workday_timetable.py for tasks to queue
[2024-11-08T11:51:16.195+0000] {logging_mixin.py:190} INFO - [2024-11-08T11:51:16.194+0000] {dagbag.py:588} INFO - Filling up the DagBag from /home/airflow/.local/lib/python3.12/site-packages/airflow/example_dags/example_workday_timetable.py
[2024-11-08T11:51:16.246+0000] {processor.py:925} INFO - DAG(s) 'example_workday_timetable' retrieved from /home/airflow/.local/lib/python3.12/site-packages/airflow/example_dags/example_workday_timetable.py
[2024-11-08T11:51:16.435+0000] {logging_mixin.py:190} INFO - [2024-11-08T11:51:16.434+0000] {dag.py:3239} INFO - Sync 1 DAGs
[2024-11-08T11:51:17.348+0000] {logging_mixin.py:190} INFO - [2024-11-08T11:51:17.347+0000] {dag.py:4180} INFO - Setting next_dagrun for example_workday_timetable to 2021-01-04 00:00:00+00:00, run_after=2021-01-05 00:00:00+00:00
[2024-11-08T11:51:17.509+0000] {processor.py:208} INFO - Processing /home/airflow/.local/lib/python3.12/site-packages/airflow/example_dags/example_workday_timetable.py took 1.501 seconds
[2024-11-08T11:51:52.987+0000] {processor.py:186} INFO - Started process (PID=263) to work on /home/airflow/.local/lib/python3.12/site-packages/airflow/example_dags/example_workday_timetable.py
[2024-11-08T11:51:52.996+0000] {processor.py:914} INFO - Processing file /home/airflow/.local/lib/python3.12/site-packages/airflow/example_dags/example_workday_timetable.py for tasks to queue
[2024-11-08T11:51:53.013+0000] {logging_mixin.py:190} INFO - [2024-11-08T11:51:53.012+0000] {dagbag.py:588} INFO - Filling up the DagBag from /home/airflow/.local/lib/python3.12/site-packages/airflow/example_dags/example_workday_timetable.py
[2024-11-08T11:51:53.055+0000] {processor.py:925} INFO - DAG(s) 'example_workday_timetable' retrieved from /home/airflow/.local/lib/python3.12/site-packages/airflow/example_dags/example_workday_timetable.py
[2024-11-08T11:51:53.180+0000] {logging_mixin.py:190} INFO - [2024-11-08T11:51:53.179+0000] {dag.py:3239} INFO - Sync 1 DAGs
[2024-11-08T11:51:53.618+0000] {logging_mixin.py:190} INFO - [2024-11-08T11:51:53.617+0000] {dag.py:4180} INFO - Setting next_dagrun for example_workday_timetable to 2021-01-04 00:00:00+00:00, run_after=2021-01-05 00:00:00+00:00
[2024-11-08T11:51:53.687+0000] {processor.py:208} INFO - Processing /home/airflow/.local/lib/python3.12/site-packages/airflow/example_dags/example_workday_timetable.py took 0.737 seconds
[2024-11-08T11:52:30.296+0000] {processor.py:186} INFO - Started process (PID=320) to work on /home/airflow/.local/lib/python3.12/site-packages/airflow/example_dags/example_workday_timetable.py
[2024-11-08T11:52:30.302+0000] {processor.py:914} INFO - Processing file /home/airflow/.local/lib/python3.12/site-packages/airflow/example_dags/example_workday_timetable.py for tasks to queue
[2024-11-08T11:52:30.321+0000] {logging_mixin.py:190} INFO - [2024-11-08T11:52:30.318+0000] {dagbag.py:588} INFO - Filling up the DagBag from /home/airflow/.local/lib/python3.12/site-packages/airflow/example_dags/example_workday_timetable.py
[2024-11-08T11:52:30.347+0000] {processor.py:925} INFO - DAG(s) 'example_workday_timetable' retrieved from /home/airflow/.local/lib/python3.12/site-packages/airflow/example_dags/example_workday_timetable.py
[2024-11-08T11:52:30.432+0000] {logging_mixin.py:190} INFO - [2024-11-08T11:52:30.431+0000] {dag.py:3239} INFO - Sync 1 DAGs
[2024-11-08T11:52:30.734+0000] {logging_mixin.py:190} INFO - [2024-11-08T11:52:30.733+0000] {dag.py:4180} INFO - Setting next_dagrun for example_workday_timetable to 2021-01-04 00:00:00+00:00, run_after=2021-01-05 00:00:00+00:00
[2024-11-08T11:52:30.816+0000] {processor.py:208} INFO - Processing /home/airflow/.local/lib/python3.12/site-packages/airflow/example_dags/example_workday_timetable.py took 0.546 seconds
[2024-11-08T11:53:03.989+0000] {processor.py:186} INFO - Started process (PID=383) to work on /home/airflow/.local/lib/python3.12/site-packages/airflow/example_dags/example_workday_timetable.py
[2024-11-08T11:53:04.005+0000] {processor.py:914} INFO - Processing file /home/airflow/.local/lib/python3.12/site-packages/airflow/example_dags/example_workday_timetable.py for tasks to queue
[2024-11-08T11:53:04.021+0000] {logging_mixin.py:190} INFO - [2024-11-08T11:53:04.011+0000] {dagbag.py:588} INFO - Filling up the DagBag from /home/airflow/.local/lib/python3.12/site-packages/airflow/example_dags/example_workday_timetable.py
[2024-11-08T11:53:04.047+0000] {processor.py:925} INFO - DAG(s) 'example_workday_timetable' retrieved from /home/airflow/.local/lib/python3.12/site-packages/airflow/example_dags/example_workday_timetable.py
[2024-11-08T11:53:04.173+0000] {logging_mixin.py:190} INFO - [2024-11-08T11:53:04.172+0000] {dag.py:3239} INFO - Sync 1 DAGs
[2024-11-08T11:53:04.704+0000] {logging_mixin.py:190} INFO - [2024-11-08T11:53:04.703+0000] {dag.py:4180} INFO - Setting next_dagrun for example_workday_timetable to 2021-01-04 00:00:00+00:00, run_after=2021-01-05 00:00:00+00:00
[2024-11-08T11:53:04.834+0000] {processor.py:208} INFO - Processing /home/airflow/.local/lib/python3.12/site-packages/airflow/example_dags/example_workday_timetable.py took 0.881 seconds
[2024-11-08T11:53:39.794+0000] {processor.py:186} INFO - Started process (PID=446) to work on /home/airflow/.local/lib/python3.12/site-packages/airflow/example_dags/example_workday_timetable.py
[2024-11-08T11:53:39.797+0000] {processor.py:914} INFO - Processing file /home/airflow/.local/lib/python3.12/site-packages/airflow/example_dags/example_workday_timetable.py for tasks to queue
[2024-11-08T11:53:39.812+0000] {logging_mixin.py:190} INFO - [2024-11-08T11:53:39.811+0000] {dagbag.py:588} INFO - Filling up the DagBag from /home/airflow/.local/lib/python3.12/site-packages/airflow/example_dags/example_workday_timetable.py
[2024-11-08T11:53:39.836+0000] {processor.py:925} INFO - DAG(s) 'example_workday_timetable' retrieved from /home/airflow/.local/lib/python3.12/site-packages/airflow/example_dags/example_workday_timetable.py
[2024-11-08T11:53:39.942+0000] {logging_mixin.py:190} INFO - [2024-11-08T11:53:39.941+0000] {dag.py:3239} INFO - Sync 1 DAGs
[2024-11-08T11:53:40.239+0000] {logging_mixin.py:190} INFO - [2024-11-08T11:53:40.238+0000] {dag.py:4180} INFO - Setting next_dagrun for example_workday_timetable to 2021-01-04 00:00:00+00:00, run_after=2021-01-05 00:00:00+00:00
[2024-11-08T11:53:40.346+0000] {processor.py:208} INFO - Processing /home/airflow/.local/lib/python3.12/site-packages/airflow/example_dags/example_workday_timetable.py took 0.577 seconds
[2024-11-08T11:54:15.036+0000] {processor.py:186} INFO - Started process (PID=502) to work on /home/airflow/.local/lib/python3.12/site-packages/airflow/example_dags/example_workday_timetable.py
[2024-11-08T11:54:15.050+0000] {processor.py:914} INFO - Processing file /home/airflow/.local/lib/python3.12/site-packages/airflow/example_dags/example_workday_timetable.py for tasks to queue
[2024-11-08T11:54:15.067+0000] {logging_mixin.py:190} INFO - [2024-11-08T11:54:15.066+0000] {dagbag.py:588} INFO - Filling up the DagBag from /home/airflow/.local/lib/python3.12/site-packages/airflow/example_dags/example_workday_timetable.py
[2024-11-08T11:54:15.117+0000] {processor.py:925} INFO - DAG(s) 'example_workday_timetable' retrieved from /home/airflow/.local/lib/python3.12/site-packages/airflow/example_dags/example_workday_timetable.py
[2024-11-08T11:54:15.217+0000] {logging_mixin.py:190} INFO - [2024-11-08T11:54:15.216+0000] {dag.py:3239} INFO - Sync 1 DAGs
[2024-11-08T11:54:15.810+0000] {logging_mixin.py:190} INFO - [2024-11-08T11:54:15.798+0000] {dag.py:4180} INFO - Setting next_dagrun for example_workday_timetable to 2021-01-04 00:00:00+00:00, run_after=2021-01-05 00:00:00+00:00
[2024-11-08T11:54:15.957+0000] {processor.py:208} INFO - Processing /home/airflow/.local/lib/python3.12/site-packages/airflow/example_dags/example_workday_timetable.py took 0.945 seconds
[2024-11-08T11:54:47.977+0000] {processor.py:186} INFO - Started process (PID=566) to work on /home/airflow/.local/lib/python3.12/site-packages/airflow/example_dags/example_workday_timetable.py
[2024-11-08T11:54:47.997+0000] {processor.py:914} INFO - Processing file /home/airflow/.local/lib/python3.12/site-packages/airflow/example_dags/example_workday_timetable.py for tasks to queue
[2024-11-08T11:54:48.016+0000] {logging_mixin.py:190} INFO - [2024-11-08T11:54:48.015+0000] {dagbag.py:588} INFO - Filling up the DagBag from /home/airflow/.local/lib/python3.12/site-packages/airflow/example_dags/example_workday_timetable.py
[2024-11-08T11:54:48.065+0000] {processor.py:925} INFO - DAG(s) 'example_workday_timetable' retrieved from /home/airflow/.local/lib/python3.12/site-packages/airflow/example_dags/example_workday_timetable.py
[2024-11-08T11:54:48.175+0000] {logging_mixin.py:190} INFO - [2024-11-08T11:54:48.170+0000] {dag.py:3239} INFO - Sync 1 DAGs
[2024-11-08T11:54:48.836+0000] {logging_mixin.py:190} INFO - [2024-11-08T11:54:48.835+0000] {dag.py:4180} INFO - Setting next_dagrun for example_workday_timetable to 2021-01-04 00:00:00+00:00, run_after=2021-01-05 00:00:00+00:00
[2024-11-08T11:54:48.940+0000] {processor.py:208} INFO - Processing /home/airflow/.local/lib/python3.12/site-packages/airflow/example_dags/example_workday_timetable.py took 1.012 seconds
[2024-11-08T11:55:21.189+0000] {processor.py:186} INFO - Started process (PID=634) to work on /home/airflow/.local/lib/python3.12/site-packages/airflow/example_dags/example_workday_timetable.py
[2024-11-08T11:55:21.205+0000] {processor.py:914} INFO - Processing file /home/airflow/.local/lib/python3.12/site-packages/airflow/example_dags/example_workday_timetable.py for tasks to queue
[2024-11-08T11:55:21.214+0000] {logging_mixin.py:190} INFO - [2024-11-08T11:55:21.213+0000] {dagbag.py:588} INFO - Filling up the DagBag from /home/airflow/.local/lib/python3.12/site-packages/airflow/example_dags/example_workday_timetable.py
[2024-11-08T11:55:21.261+0000] {processor.py:925} INFO - DAG(s) 'example_workday_timetable' retrieved from /home/airflow/.local/lib/python3.12/site-packages/airflow/example_dags/example_workday_timetable.py
[2024-11-08T11:55:21.396+0000] {logging_mixin.py:190} INFO - [2024-11-08T11:55:21.395+0000] {dag.py:3239} INFO - Sync 1 DAGs
[2024-11-08T11:55:21.854+0000] {logging_mixin.py:190} INFO - [2024-11-08T11:55:21.853+0000] {dag.py:4180} INFO - Setting next_dagrun for example_workday_timetable to 2021-01-04 00:00:00+00:00, run_after=2021-01-05 00:00:00+00:00
[2024-11-08T11:55:22.015+0000] {processor.py:208} INFO - Processing /home/airflow/.local/lib/python3.12/site-packages/airflow/example_dags/example_workday_timetable.py took 0.854 seconds
[2024-11-08T12:00:38.877+0000] {processor.py:186} INFO - Started process (PID=98) to work on /home/airflow/.local/lib/python3.12/site-packages/airflow/example_dags/example_workday_timetable.py
[2024-11-08T12:00:38.883+0000] {processor.py:914} INFO - Processing file /home/airflow/.local/lib/python3.12/site-packages/airflow/example_dags/example_workday_timetable.py for tasks to queue
[2024-11-08T12:00:38.906+0000] {logging_mixin.py:190} INFO - [2024-11-08T12:00:38.899+0000] {dagbag.py:588} INFO - Filling up the DagBag from /home/airflow/.local/lib/python3.12/site-packages/airflow/example_dags/example_workday_timetable.py
[2024-11-08T12:00:38.944+0000] {processor.py:925} INFO - DAG(s) 'example_workday_timetable' retrieved from /home/airflow/.local/lib/python3.12/site-packages/airflow/example_dags/example_workday_timetable.py
[2024-11-08T12:00:39.059+0000] {logging_mixin.py:190} INFO - [2024-11-08T12:00:39.058+0000] {dag.py:3239} INFO - Sync 1 DAGs
[2024-11-08T12:00:39.609+0000] {logging_mixin.py:190} INFO - [2024-11-08T12:00:39.609+0000] {dag.py:4180} INFO - Setting next_dagrun for example_workday_timetable to 2021-01-04 00:00:00+00:00, run_after=2021-01-05 00:00:00+00:00
[2024-11-08T12:00:39.775+0000] {processor.py:208} INFO - Processing /home/airflow/.local/lib/python3.12/site-packages/airflow/example_dags/example_workday_timetable.py took 0.927 seconds
[2024-11-08T12:02:15.827+0000] {processor.py:186} INFO - Started process (PID=174) to work on /home/airflow/.local/lib/python3.12/site-packages/airflow/example_dags/example_workday_timetable.py
[2024-11-08T12:02:15.836+0000] {processor.py:914} INFO - Processing file /home/airflow/.local/lib/python3.12/site-packages/airflow/example_dags/example_workday_timetable.py for tasks to queue
[2024-11-08T12:02:15.847+0000] {logging_mixin.py:190} INFO - [2024-11-08T12:02:15.846+0000] {dagbag.py:588} INFO - Filling up the DagBag from /home/airflow/.local/lib/python3.12/site-packages/airflow/example_dags/example_workday_timetable.py
[2024-11-08T12:02:15.890+0000] {processor.py:925} INFO - DAG(s) 'example_workday_timetable' retrieved from /home/airflow/.local/lib/python3.12/site-packages/airflow/example_dags/example_workday_timetable.py
[2024-11-08T12:02:16.030+0000] {logging_mixin.py:190} INFO - [2024-11-08T12:02:16.029+0000] {dag.py:3239} INFO - Sync 1 DAGs
[2024-11-08T12:02:17.057+0000] {logging_mixin.py:190} INFO - [2024-11-08T12:02:17.056+0000] {dag.py:4180} INFO - Setting next_dagrun for example_workday_timetable to 2021-01-04 00:00:00+00:00, run_after=2021-01-05 00:00:00+00:00
[2024-11-08T12:02:17.274+0000] {processor.py:208} INFO - Processing /home/airflow/.local/lib/python3.12/site-packages/airflow/example_dags/example_workday_timetable.py took 1.482 seconds
[2024-11-08T12:02:56.806+0000] {processor.py:186} INFO - Started process (PID=239) to work on /home/airflow/.local/lib/python3.12/site-packages/airflow/example_dags/example_workday_timetable.py
[2024-11-08T12:02:56.821+0000] {processor.py:914} INFO - Processing file /home/airflow/.local/lib/python3.12/site-packages/airflow/example_dags/example_workday_timetable.py for tasks to queue
[2024-11-08T12:02:56.858+0000] {logging_mixin.py:190} INFO - [2024-11-08T12:02:56.857+0000] {dagbag.py:588} INFO - Filling up the DagBag from /home/airflow/.local/lib/python3.12/site-packages/airflow/example_dags/example_workday_timetable.py
[2024-11-08T12:02:56.884+0000] {processor.py:925} INFO - DAG(s) 'example_workday_timetable' retrieved from /home/airflow/.local/lib/python3.12/site-packages/airflow/example_dags/example_workday_timetable.py
[2024-11-08T12:02:57.010+0000] {logging_mixin.py:190} INFO - [2024-11-08T12:02:57.010+0000] {dag.py:3239} INFO - Sync 1 DAGs
[2024-11-08T12:02:57.596+0000] {logging_mixin.py:190} INFO - [2024-11-08T12:02:57.595+0000] {dag.py:4180} INFO - Setting next_dagrun for example_workday_timetable to 2021-01-04 00:00:00+00:00, run_after=2021-01-05 00:00:00+00:00
[2024-11-08T12:02:57.753+0000] {processor.py:208} INFO - Processing /home/airflow/.local/lib/python3.12/site-packages/airflow/example_dags/example_workday_timetable.py took 0.977 seconds
[2024-11-08T12:03:38.228+0000] {processor.py:186} INFO - Started process (PID=287) to work on /home/airflow/.local/lib/python3.12/site-packages/airflow/example_dags/example_workday_timetable.py
[2024-11-08T12:03:38.241+0000] {processor.py:914} INFO - Processing file /home/airflow/.local/lib/python3.12/site-packages/airflow/example_dags/example_workday_timetable.py for tasks to queue
[2024-11-08T12:03:38.258+0000] {logging_mixin.py:190} INFO - [2024-11-08T12:03:38.257+0000] {dagbag.py:588} INFO - Filling up the DagBag from /home/airflow/.local/lib/python3.12/site-packages/airflow/example_dags/example_workday_timetable.py
[2024-11-08T12:03:38.294+0000] {processor.py:925} INFO - DAG(s) 'example_workday_timetable' retrieved from /home/airflow/.local/lib/python3.12/site-packages/airflow/example_dags/example_workday_timetable.py
[2024-11-08T12:03:38.444+0000] {logging_mixin.py:190} INFO - [2024-11-08T12:03:38.441+0000] {dag.py:3239} INFO - Sync 1 DAGs
[2024-11-08T12:03:39.278+0000] {logging_mixin.py:190} INFO - [2024-11-08T12:03:39.278+0000] {dag.py:4180} INFO - Setting next_dagrun for example_workday_timetable to 2021-01-04 00:00:00+00:00, run_after=2021-01-05 00:00:00+00:00
[2024-11-08T12:03:39.570+0000] {processor.py:208} INFO - Processing /home/airflow/.local/lib/python3.12/site-packages/airflow/example_dags/example_workday_timetable.py took 1.377 seconds
[2024-11-08T12:04:13.288+0000] {processor.py:186} INFO - Started process (PID=357) to work on /home/airflow/.local/lib/python3.12/site-packages/airflow/example_dags/example_workday_timetable.py
[2024-11-08T12:04:13.313+0000] {processor.py:914} INFO - Processing file /home/airflow/.local/lib/python3.12/site-packages/airflow/example_dags/example_workday_timetable.py for tasks to queue
[2024-11-08T12:04:13.331+0000] {logging_mixin.py:190} INFO - [2024-11-08T12:04:13.330+0000] {dagbag.py:588} INFO - Filling up the DagBag from /home/airflow/.local/lib/python3.12/site-packages/airflow/example_dags/example_workday_timetable.py
[2024-11-08T12:04:13.383+0000] {processor.py:925} INFO - DAG(s) 'example_workday_timetable' retrieved from /home/airflow/.local/lib/python3.12/site-packages/airflow/example_dags/example_workday_timetable.py
[2024-11-08T12:04:13.528+0000] {logging_mixin.py:190} INFO - [2024-11-08T12:04:13.527+0000] {dag.py:3239} INFO - Sync 1 DAGs
[2024-11-08T12:04:14.141+0000] {logging_mixin.py:190} INFO - [2024-11-08T12:04:14.140+0000] {dag.py:4180} INFO - Setting next_dagrun for example_workday_timetable to 2021-01-04 00:00:00+00:00, run_after=2021-01-05 00:00:00+00:00
[2024-11-08T12:04:14.377+0000] {processor.py:208} INFO - Processing /home/airflow/.local/lib/python3.12/site-packages/airflow/example_dags/example_workday_timetable.py took 1.126 seconds
[2024-11-08T12:04:45.266+0000] {processor.py:186} INFO - Started process (PID=420) to work on /home/airflow/.local/lib/python3.12/site-packages/airflow/example_dags/example_workday_timetable.py
[2024-11-08T12:04:45.276+0000] {processor.py:914} INFO - Processing file /home/airflow/.local/lib/python3.12/site-packages/airflow/example_dags/example_workday_timetable.py for tasks to queue
[2024-11-08T12:04:45.282+0000] {logging_mixin.py:190} INFO - [2024-11-08T12:04:45.281+0000] {dagbag.py:588} INFO - Filling up the DagBag from /home/airflow/.local/lib/python3.12/site-packages/airflow/example_dags/example_workday_timetable.py
[2024-11-08T12:04:45.307+0000] {processor.py:925} INFO - DAG(s) 'example_workday_timetable' retrieved from /home/airflow/.local/lib/python3.12/site-packages/airflow/example_dags/example_workday_timetable.py
[2024-11-08T12:04:45.380+0000] {logging_mixin.py:190} INFO - [2024-11-08T12:04:45.380+0000] {dag.py:3239} INFO - Sync 1 DAGs
[2024-11-08T12:04:45.699+0000] {logging_mixin.py:190} INFO - [2024-11-08T12:04:45.698+0000] {dag.py:4180} INFO - Setting next_dagrun for example_workday_timetable to 2021-01-04 00:00:00+00:00, run_after=2021-01-05 00:00:00+00:00
[2024-11-08T12:04:45.816+0000] {processor.py:208} INFO - Processing /home/airflow/.local/lib/python3.12/site-packages/airflow/example_dags/example_workday_timetable.py took 0.570 seconds
[2024-11-08T12:05:34.840+0000] {processor.py:186} INFO - Started process (PID=476) to work on /home/airflow/.local/lib/python3.12/site-packages/airflow/example_dags/example_workday_timetable.py
[2024-11-08T12:05:35.003+0000] {processor.py:914} INFO - Processing file /home/airflow/.local/lib/python3.12/site-packages/airflow/example_dags/example_workday_timetable.py for tasks to queue
[2024-11-08T12:05:35.021+0000] {logging_mixin.py:190} INFO - [2024-11-08T12:05:35.020+0000] {dagbag.py:588} INFO - Filling up the DagBag from /home/airflow/.local/lib/python3.12/site-packages/airflow/example_dags/example_workday_timetable.py
[2024-11-08T12:05:35.125+0000] {processor.py:925} INFO - DAG(s) 'example_workday_timetable' retrieved from /home/airflow/.local/lib/python3.12/site-packages/airflow/example_dags/example_workday_timetable.py
[2024-11-08T12:05:35.537+0000] {logging_mixin.py:190} INFO - [2024-11-08T12:05:35.536+0000] {dag.py:3239} INFO - Sync 1 DAGs
[2024-11-08T12:05:37.037+0000] {logging_mixin.py:190} INFO - [2024-11-08T12:05:37.036+0000] {dag.py:4180} INFO - Setting next_dagrun for example_workday_timetable to 2021-01-04 00:00:00+00:00, run_after=2021-01-05 00:00:00+00:00
[2024-11-08T12:05:37.231+0000] {processor.py:208} INFO - Processing /home/airflow/.local/lib/python3.12/site-packages/airflow/example_dags/example_workday_timetable.py took 2.415 seconds
[2024-11-08T12:06:35.881+0000] {processor.py:186} INFO - Started process (PID=547) to work on /home/airflow/.local/lib/python3.12/site-packages/airflow/example_dags/example_workday_timetable.py
[2024-11-08T12:06:35.889+0000] {processor.py:914} INFO - Processing file /home/airflow/.local/lib/python3.12/site-packages/airflow/example_dags/example_workday_timetable.py for tasks to queue
[2024-11-08T12:06:35.912+0000] {logging_mixin.py:190} INFO - [2024-11-08T12:06:35.911+0000] {dagbag.py:588} INFO - Filling up the DagBag from /home/airflow/.local/lib/python3.12/site-packages/airflow/example_dags/example_workday_timetable.py
[2024-11-08T12:06:35.940+0000] {processor.py:925} INFO - DAG(s) 'example_workday_timetable' retrieved from /home/airflow/.local/lib/python3.12/site-packages/airflow/example_dags/example_workday_timetable.py
[2024-11-08T12:06:36.033+0000] {logging_mixin.py:190} INFO - [2024-11-08T12:06:36.032+0000] {dag.py:3239} INFO - Sync 1 DAGs
[2024-11-08T12:06:36.483+0000] {logging_mixin.py:190} INFO - [2024-11-08T12:06:36.483+0000] {dag.py:4180} INFO - Setting next_dagrun for example_workday_timetable to 2021-01-04 00:00:00+00:00, run_after=2021-01-05 00:00:00+00:00
[2024-11-08T12:06:36.614+0000] {processor.py:208} INFO - Processing /home/airflow/.local/lib/python3.12/site-packages/airflow/example_dags/example_workday_timetable.py took 0.781 seconds
[2024-11-08T12:07:12.124+0000] {processor.py:186} INFO - Started process (PID=594) to work on /home/airflow/.local/lib/python3.12/site-packages/airflow/example_dags/example_workday_timetable.py
[2024-11-08T12:07:12.149+0000] {processor.py:914} INFO - Processing file /home/airflow/.local/lib/python3.12/site-packages/airflow/example_dags/example_workday_timetable.py for tasks to queue
[2024-11-08T12:07:12.167+0000] {logging_mixin.py:190} INFO - [2024-11-08T12:07:12.165+0000] {dagbag.py:588} INFO - Filling up the DagBag from /home/airflow/.local/lib/python3.12/site-packages/airflow/example_dags/example_workday_timetable.py
[2024-11-08T12:07:12.229+0000] {processor.py:925} INFO - DAG(s) 'example_workday_timetable' retrieved from /home/airflow/.local/lib/python3.12/site-packages/airflow/example_dags/example_workday_timetable.py
[2024-11-08T12:07:12.388+0000] {logging_mixin.py:190} INFO - [2024-11-08T12:07:12.387+0000] {dag.py:3239} INFO - Sync 1 DAGs
[2024-11-08T12:07:13.131+0000] {logging_mixin.py:190} INFO - [2024-11-08T12:07:13.130+0000] {dag.py:4180} INFO - Setting next_dagrun for example_workday_timetable to 2021-01-04 00:00:00+00:00, run_after=2021-01-05 00:00:00+00:00
[2024-11-08T12:07:13.314+0000] {processor.py:208} INFO - Processing /home/airflow/.local/lib/python3.12/site-packages/airflow/example_dags/example_workday_timetable.py took 1.242 seconds
[2024-11-08T12:07:47.361+0000] {processor.py:186} INFO - Started process (PID=658) to work on /home/airflow/.local/lib/python3.12/site-packages/airflow/example_dags/example_workday_timetable.py
[2024-11-08T12:07:47.373+0000] {processor.py:914} INFO - Processing file /home/airflow/.local/lib/python3.12/site-packages/airflow/example_dags/example_workday_timetable.py for tasks to queue
[2024-11-08T12:07:47.391+0000] {logging_mixin.py:190} INFO - [2024-11-08T12:07:47.390+0000] {dagbag.py:588} INFO - Filling up the DagBag from /home/airflow/.local/lib/python3.12/site-packages/airflow/example_dags/example_workday_timetable.py
[2024-11-08T12:07:47.447+0000] {processor.py:925} INFO - DAG(s) 'example_workday_timetable' retrieved from /home/airflow/.local/lib/python3.12/site-packages/airflow/example_dags/example_workday_timetable.py
[2024-11-08T12:07:47.564+0000] {logging_mixin.py:190} INFO - [2024-11-08T12:07:47.564+0000] {dag.py:3239} INFO - Sync 1 DAGs
[2024-11-08T12:07:48.022+0000] {logging_mixin.py:190} INFO - [2024-11-08T12:07:48.021+0000] {dag.py:4180} INFO - Setting next_dagrun for example_workday_timetable to 2021-01-04 00:00:00+00:00, run_after=2021-01-05 00:00:00+00:00
[2024-11-08T12:07:48.139+0000] {processor.py:208} INFO - Processing /home/airflow/.local/lib/python3.12/site-packages/airflow/example_dags/example_workday_timetable.py took 0.816 seconds
