[2024-11-08T11:49:12.447+0000] {processor.py:186} INFO - Started process (PID=113) to work on /home/airflow/.local/lib/python3.12/site-packages/airflow/example_dags/example_bash_operator.py
[2024-11-08T11:49:12.454+0000] {processor.py:914} INFO - Processing file /home/airflow/.local/lib/python3.12/site-packages/airflow/example_dags/example_bash_operator.py for tasks to queue
[2024-11-08T11:49:12.495+0000] {logging_mixin.py:190} INFO - [2024-11-08T11:49:12.495+0000] {dagbag.py:588} INFO - Filling up the DagBag from /home/airflow/.local/lib/python3.12/site-packages/airflow/example_dags/example_bash_operator.py
[2024-11-08T11:49:12.602+0000] {processor.py:925} INFO - DAG(s) 'example_bash_operator' retrieved from /home/airflow/.local/lib/python3.12/site-packages/airflow/example_dags/example_bash_operator.py
[2024-11-08T11:49:13.526+0000] {logging_mixin.py:190} INFO - [2024-11-08T11:49:13.523+0000] {override.py:1911} INFO - Created Permission View: can read on DAG:example_bash_operator
[2024-11-08T11:49:13.619+0000] {logging_mixin.py:190} INFO - [2024-11-08T11:49:13.618+0000] {override.py:1911} INFO - Created Permission View: can edit on DAG:example_bash_operator
[2024-11-08T11:49:13.658+0000] {logging_mixin.py:190} INFO - [2024-11-08T11:49:13.657+0000] {override.py:1911} INFO - Created Permission View: can delete on DAG:example_bash_operator
[2024-11-08T11:49:13.716+0000] {logging_mixin.py:190} INFO - [2024-11-08T11:49:13.715+0000] {override.py:1911} INFO - Created Permission View: can read on DAG Run:example_bash_operator
[2024-11-08T11:49:13.748+0000] {logging_mixin.py:190} INFO - [2024-11-08T11:49:13.747+0000] {override.py:1911} INFO - Created Permission View: menu access on DAG Run:example_bash_operator
[2024-11-08T11:49:13.824+0000] {logging_mixin.py:190} INFO - [2024-11-08T11:49:13.823+0000] {override.py:1911} INFO - Created Permission View: can create on DAG Run:example_bash_operator
[2024-11-08T11:49:13.875+0000] {logging_mixin.py:190} INFO - [2024-11-08T11:49:13.875+0000] {override.py:1911} INFO - Created Permission View: can delete on DAG Run:example_bash_operator
[2024-11-08T11:49:13.887+0000] {logging_mixin.py:190} INFO - [2024-11-08T11:49:13.887+0000] {dag.py:3239} INFO - Sync 1 DAGs
[2024-11-08T11:49:14.213+0000] {logging_mixin.py:190} INFO - [2024-11-08T11:49:14.212+0000] {dag.py:3262} INFO - Creating ORM DAG for example_bash_operator
[2024-11-08T11:49:14.353+0000] {logging_mixin.py:190} INFO - [2024-11-08T11:49:14.352+0000] {dag.py:4180} INFO - Setting next_dagrun for example_bash_operator to 2024-11-07 00:00:00+00:00, run_after=2024-11-08 00:00:00+00:00
[2024-11-08T11:49:14.542+0000] {processor.py:208} INFO - Processing /home/airflow/.local/lib/python3.12/site-packages/airflow/example_dags/example_bash_operator.py took 2.130 seconds
[2024-11-08T11:51:12.448+0000] {processor.py:186} INFO - Started process (PID=189) to work on /home/airflow/.local/lib/python3.12/site-packages/airflow/example_dags/example_bash_operator.py
[2024-11-08T11:51:12.464+0000] {processor.py:914} INFO - Processing file /home/airflow/.local/lib/python3.12/site-packages/airflow/example_dags/example_bash_operator.py for tasks to queue
[2024-11-08T11:51:12.487+0000] {logging_mixin.py:190} INFO - [2024-11-08T11:51:12.486+0000] {dagbag.py:588} INFO - Filling up the DagBag from /home/airflow/.local/lib/python3.12/site-packages/airflow/example_dags/example_bash_operator.py
[2024-11-08T11:51:12.645+0000] {processor.py:925} INFO - DAG(s) 'example_bash_operator' retrieved from /home/airflow/.local/lib/python3.12/site-packages/airflow/example_dags/example_bash_operator.py
[2024-11-08T11:51:12.879+0000] {logging_mixin.py:190} INFO - [2024-11-08T11:51:12.878+0000] {dag.py:3239} INFO - Sync 1 DAGs
[2024-11-08T11:51:13.075+0000] {logging_mixin.py:190} INFO - [2024-11-08T11:51:13.075+0000] {dag.py:4180} INFO - Setting next_dagrun for example_bash_operator to 2024-11-07 00:00:00+00:00, run_after=2024-11-08 00:00:00+00:00
[2024-11-08T11:51:13.281+0000] {processor.py:208} INFO - Processing /home/airflow/.local/lib/python3.12/site-packages/airflow/example_dags/example_bash_operator.py took 0.884 seconds
[2024-11-08T11:51:49.398+0000] {processor.py:186} INFO - Started process (PID=250) to work on /home/airflow/.local/lib/python3.12/site-packages/airflow/example_dags/example_bash_operator.py
[2024-11-08T11:51:49.416+0000] {processor.py:914} INFO - Processing file /home/airflow/.local/lib/python3.12/site-packages/airflow/example_dags/example_bash_operator.py for tasks to queue
[2024-11-08T11:51:49.425+0000] {logging_mixin.py:190} INFO - [2024-11-08T11:51:49.424+0000] {dagbag.py:588} INFO - Filling up the DagBag from /home/airflow/.local/lib/python3.12/site-packages/airflow/example_dags/example_bash_operator.py
[2024-11-08T11:51:49.525+0000] {processor.py:925} INFO - DAG(s) 'example_bash_operator' retrieved from /home/airflow/.local/lib/python3.12/site-packages/airflow/example_dags/example_bash_operator.py
[2024-11-08T11:51:49.685+0000] {logging_mixin.py:190} INFO - [2024-11-08T11:51:49.685+0000] {dag.py:3239} INFO - Sync 1 DAGs
[2024-11-08T11:51:49.818+0000] {logging_mixin.py:190} INFO - [2024-11-08T11:51:49.817+0000] {dag.py:4180} INFO - Setting next_dagrun for example_bash_operator to 2024-11-07 00:00:00+00:00, run_after=2024-11-08 00:00:00+00:00
[2024-11-08T11:51:49.908+0000] {processor.py:208} INFO - Processing /home/airflow/.local/lib/python3.12/site-packages/airflow/example_dags/example_bash_operator.py took 0.545 seconds
[2024-11-08T11:52:27.597+0000] {processor.py:186} INFO - Started process (PID=314) to work on /home/airflow/.local/lib/python3.12/site-packages/airflow/example_dags/example_bash_operator.py
[2024-11-08T11:52:27.628+0000] {processor.py:914} INFO - Processing file /home/airflow/.local/lib/python3.12/site-packages/airflow/example_dags/example_bash_operator.py for tasks to queue
[2024-11-08T11:52:27.649+0000] {logging_mixin.py:190} INFO - [2024-11-08T11:52:27.648+0000] {dagbag.py:588} INFO - Filling up the DagBag from /home/airflow/.local/lib/python3.12/site-packages/airflow/example_dags/example_bash_operator.py
[2024-11-08T11:52:27.813+0000] {processor.py:925} INFO - DAG(s) 'example_bash_operator' retrieved from /home/airflow/.local/lib/python3.12/site-packages/airflow/example_dags/example_bash_operator.py
[2024-11-08T11:52:28.053+0000] {logging_mixin.py:190} INFO - [2024-11-08T11:52:28.052+0000] {dag.py:3239} INFO - Sync 1 DAGs
[2024-11-08T11:52:28.277+0000] {logging_mixin.py:190} INFO - [2024-11-08T11:52:28.276+0000] {dag.py:4180} INFO - Setting next_dagrun for example_bash_operator to 2024-11-07 00:00:00+00:00, run_after=2024-11-08 00:00:00+00:00
[2024-11-08T11:52:28.402+0000] {processor.py:208} INFO - Processing /home/airflow/.local/lib/python3.12/site-packages/airflow/example_dags/example_bash_operator.py took 0.844 seconds
[2024-11-08T11:53:02.056+0000] {processor.py:186} INFO - Started process (PID=378) to work on /home/airflow/.local/lib/python3.12/site-packages/airflow/example_dags/example_bash_operator.py
[2024-11-08T11:53:02.069+0000] {processor.py:914} INFO - Processing file /home/airflow/.local/lib/python3.12/site-packages/airflow/example_dags/example_bash_operator.py for tasks to queue
[2024-11-08T11:53:02.076+0000] {logging_mixin.py:190} INFO - [2024-11-08T11:53:02.076+0000] {dagbag.py:588} INFO - Filling up the DagBag from /home/airflow/.local/lib/python3.12/site-packages/airflow/example_dags/example_bash_operator.py
[2024-11-08T11:53:02.166+0000] {processor.py:925} INFO - DAG(s) 'example_bash_operator' retrieved from /home/airflow/.local/lib/python3.12/site-packages/airflow/example_dags/example_bash_operator.py
[2024-11-08T11:53:02.339+0000] {logging_mixin.py:190} INFO - [2024-11-08T11:53:02.339+0000] {dag.py:3239} INFO - Sync 1 DAGs
[2024-11-08T11:53:02.484+0000] {logging_mixin.py:190} INFO - [2024-11-08T11:53:02.484+0000] {dag.py:4180} INFO - Setting next_dagrun for example_bash_operator to 2024-11-07 00:00:00+00:00, run_after=2024-11-08 00:00:00+00:00
[2024-11-08T11:53:02.608+0000] {processor.py:208} INFO - Processing /home/airflow/.local/lib/python3.12/site-packages/airflow/example_dags/example_bash_operator.py took 0.590 seconds
[2024-11-08T11:53:38.458+0000] {processor.py:186} INFO - Started process (PID=442) to work on /home/airflow/.local/lib/python3.12/site-packages/airflow/example_dags/example_bash_operator.py
[2024-11-08T11:53:38.488+0000] {processor.py:914} INFO - Processing file /home/airflow/.local/lib/python3.12/site-packages/airflow/example_dags/example_bash_operator.py for tasks to queue
[2024-11-08T11:53:38.496+0000] {logging_mixin.py:190} INFO - [2024-11-08T11:53:38.494+0000] {dagbag.py:588} INFO - Filling up the DagBag from /home/airflow/.local/lib/python3.12/site-packages/airflow/example_dags/example_bash_operator.py
[2024-11-08T11:53:38.587+0000] {processor.py:925} INFO - DAG(s) 'example_bash_operator' retrieved from /home/airflow/.local/lib/python3.12/site-packages/airflow/example_dags/example_bash_operator.py
[2024-11-08T11:53:38.759+0000] {logging_mixin.py:190} INFO - [2024-11-08T11:53:38.758+0000] {dag.py:3239} INFO - Sync 1 DAGs
[2024-11-08T11:53:38.971+0000] {logging_mixin.py:190} INFO - [2024-11-08T11:53:38.960+0000] {dag.py:4180} INFO - Setting next_dagrun for example_bash_operator to 2024-11-07 00:00:00+00:00, run_after=2024-11-08 00:00:00+00:00
[2024-11-08T11:53:39.071+0000] {processor.py:208} INFO - Processing /home/airflow/.local/lib/python3.12/site-packages/airflow/example_dags/example_bash_operator.py took 0.637 seconds
[2024-11-08T11:54:13.318+0000] {processor.py:186} INFO - Started process (PID=498) to work on /home/airflow/.local/lib/python3.12/site-packages/airflow/example_dags/example_bash_operator.py
[2024-11-08T11:54:13.331+0000] {processor.py:914} INFO - Processing file /home/airflow/.local/lib/python3.12/site-packages/airflow/example_dags/example_bash_operator.py for tasks to queue
[2024-11-08T11:54:13.348+0000] {logging_mixin.py:190} INFO - [2024-11-08T11:54:13.347+0000] {dagbag.py:588} INFO - Filling up the DagBag from /home/airflow/.local/lib/python3.12/site-packages/airflow/example_dags/example_bash_operator.py
[2024-11-08T11:54:13.457+0000] {processor.py:925} INFO - DAG(s) 'example_bash_operator' retrieved from /home/airflow/.local/lib/python3.12/site-packages/airflow/example_dags/example_bash_operator.py
[2024-11-08T11:54:13.693+0000] {logging_mixin.py:190} INFO - [2024-11-08T11:54:13.692+0000] {dag.py:3239} INFO - Sync 1 DAGs
[2024-11-08T11:54:13.848+0000] {logging_mixin.py:190} INFO - [2024-11-08T11:54:13.848+0000] {dag.py:4180} INFO - Setting next_dagrun for example_bash_operator to 2024-11-07 00:00:00+00:00, run_after=2024-11-08 00:00:00+00:00
[2024-11-08T11:54:13.979+0000] {processor.py:208} INFO - Processing /home/airflow/.local/lib/python3.12/site-packages/airflow/example_dags/example_bash_operator.py took 0.702 seconds
[2024-11-08T11:54:45.982+0000] {processor.py:186} INFO - Started process (PID=561) to work on /home/airflow/.local/lib/python3.12/site-packages/airflow/example_dags/example_bash_operator.py
[2024-11-08T11:54:46.001+0000] {processor.py:914} INFO - Processing file /home/airflow/.local/lib/python3.12/site-packages/airflow/example_dags/example_bash_operator.py for tasks to queue
[2024-11-08T11:54:46.024+0000] {logging_mixin.py:190} INFO - [2024-11-08T11:54:46.023+0000] {dagbag.py:588} INFO - Filling up the DagBag from /home/airflow/.local/lib/python3.12/site-packages/airflow/example_dags/example_bash_operator.py
[2024-11-08T11:54:46.087+0000] {processor.py:925} INFO - DAG(s) 'example_bash_operator' retrieved from /home/airflow/.local/lib/python3.12/site-packages/airflow/example_dags/example_bash_operator.py
[2024-11-08T11:54:46.225+0000] {logging_mixin.py:190} INFO - [2024-11-08T11:54:46.225+0000] {dag.py:3239} INFO - Sync 1 DAGs
[2024-11-08T11:54:46.399+0000] {logging_mixin.py:190} INFO - [2024-11-08T11:54:46.398+0000] {dag.py:4180} INFO - Setting next_dagrun for example_bash_operator to 2024-11-07 00:00:00+00:00, run_after=2024-11-08 00:00:00+00:00
[2024-11-08T11:54:46.535+0000] {processor.py:208} INFO - Processing /home/airflow/.local/lib/python3.12/site-packages/airflow/example_dags/example_bash_operator.py took 0.603 seconds
[2024-11-08T11:55:18.395+0000] {processor.py:186} INFO - Started process (PID=622) to work on /home/airflow/.local/lib/python3.12/site-packages/airflow/example_dags/example_bash_operator.py
[2024-11-08T11:55:18.408+0000] {processor.py:914} INFO - Processing file /home/airflow/.local/lib/python3.12/site-packages/airflow/example_dags/example_bash_operator.py for tasks to queue
[2024-11-08T11:55:18.422+0000] {logging_mixin.py:190} INFO - [2024-11-08T11:55:18.419+0000] {dagbag.py:588} INFO - Filling up the DagBag from /home/airflow/.local/lib/python3.12/site-packages/airflow/example_dags/example_bash_operator.py
[2024-11-08T11:55:18.504+0000] {processor.py:925} INFO - DAG(s) 'example_bash_operator' retrieved from /home/airflow/.local/lib/python3.12/site-packages/airflow/example_dags/example_bash_operator.py
[2024-11-08T11:55:18.661+0000] {logging_mixin.py:190} INFO - [2024-11-08T11:55:18.660+0000] {dag.py:3239} INFO - Sync 1 DAGs
[2024-11-08T11:55:18.851+0000] {logging_mixin.py:190} INFO - [2024-11-08T11:55:18.850+0000] {dag.py:4180} INFO - Setting next_dagrun for example_bash_operator to 2024-11-07 00:00:00+00:00, run_after=2024-11-08 00:00:00+00:00
[2024-11-08T11:55:19.040+0000] {processor.py:208} INFO - Processing /home/airflow/.local/lib/python3.12/site-packages/airflow/example_dags/example_bash_operator.py took 0.669 seconds
[2024-11-08T12:00:34.499+0000] {processor.py:186} INFO - Started process (PID=93) to work on /home/airflow/.local/lib/python3.12/site-packages/airflow/example_dags/example_bash_operator.py
[2024-11-08T12:00:34.549+0000] {processor.py:914} INFO - Processing file /home/airflow/.local/lib/python3.12/site-packages/airflow/example_dags/example_bash_operator.py for tasks to queue
[2024-11-08T12:00:34.642+0000] {logging_mixin.py:190} INFO - [2024-11-08T12:00:34.641+0000] {dagbag.py:588} INFO - Filling up the DagBag from /home/airflow/.local/lib/python3.12/site-packages/airflow/example_dags/example_bash_operator.py
[2024-11-08T12:00:34.806+0000] {processor.py:925} INFO - DAG(s) 'example_bash_operator' retrieved from /home/airflow/.local/lib/python3.12/site-packages/airflow/example_dags/example_bash_operator.py
[2024-11-08T12:00:35.203+0000] {logging_mixin.py:190} INFO - [2024-11-08T12:00:35.202+0000] {dag.py:3239} INFO - Sync 1 DAGs
[2024-11-08T12:00:35.499+0000] {logging_mixin.py:190} INFO - [2024-11-08T12:00:35.499+0000] {dag.py:4180} INFO - Setting next_dagrun for example_bash_operator to 2024-11-07 00:00:00+00:00, run_after=2024-11-08 00:00:00+00:00
[2024-11-08T12:00:36.007+0000] {processor.py:208} INFO - Processing /home/airflow/.local/lib/python3.12/site-packages/airflow/example_dags/example_bash_operator.py took 1.639 seconds
[2024-11-08T12:02:12.180+0000] {processor.py:186} INFO - Started process (PID=169) to work on /home/airflow/.local/lib/python3.12/site-packages/airflow/example_dags/example_bash_operator.py
[2024-11-08T12:02:12.193+0000] {processor.py:914} INFO - Processing file /home/airflow/.local/lib/python3.12/site-packages/airflow/example_dags/example_bash_operator.py for tasks to queue
[2024-11-08T12:02:12.246+0000] {logging_mixin.py:190} INFO - [2024-11-08T12:02:12.245+0000] {dagbag.py:588} INFO - Filling up the DagBag from /home/airflow/.local/lib/python3.12/site-packages/airflow/example_dags/example_bash_operator.py
[2024-11-08T12:02:12.386+0000] {processor.py:925} INFO - DAG(s) 'example_bash_operator' retrieved from /home/airflow/.local/lib/python3.12/site-packages/airflow/example_dags/example_bash_operator.py
[2024-11-08T12:02:12.613+0000] {logging_mixin.py:190} INFO - [2024-11-08T12:02:12.612+0000] {dag.py:3239} INFO - Sync 1 DAGs
[2024-11-08T12:02:12.843+0000] {logging_mixin.py:190} INFO - [2024-11-08T12:02:12.842+0000] {dag.py:4180} INFO - Setting next_dagrun for example_bash_operator to 2024-11-07 00:00:00+00:00, run_after=2024-11-08 00:00:00+00:00
[2024-11-08T12:02:13.005+0000] {processor.py:208} INFO - Processing /home/airflow/.local/lib/python3.12/site-packages/airflow/example_dags/example_bash_operator.py took 0.861 seconds
[2024-11-08T12:02:54.279+0000] {processor.py:186} INFO - Started process (PID=234) to work on /home/airflow/.local/lib/python3.12/site-packages/airflow/example_dags/example_bash_operator.py
[2024-11-08T12:02:54.296+0000] {processor.py:914} INFO - Processing file /home/airflow/.local/lib/python3.12/site-packages/airflow/example_dags/example_bash_operator.py for tasks to queue
[2024-11-08T12:02:54.307+0000] {logging_mixin.py:190} INFO - [2024-11-08T12:02:54.302+0000] {dagbag.py:588} INFO - Filling up the DagBag from /home/airflow/.local/lib/python3.12/site-packages/airflow/example_dags/example_bash_operator.py
[2024-11-08T12:02:54.393+0000] {processor.py:925} INFO - DAG(s) 'example_bash_operator' retrieved from /home/airflow/.local/lib/python3.12/site-packages/airflow/example_dags/example_bash_operator.py
[2024-11-08T12:02:54.551+0000] {logging_mixin.py:190} INFO - [2024-11-08T12:02:54.550+0000] {dag.py:3239} INFO - Sync 1 DAGs
[2024-11-08T12:02:54.738+0000] {logging_mixin.py:190} INFO - [2024-11-08T12:02:54.738+0000] {dag.py:4180} INFO - Setting next_dagrun for example_bash_operator to 2024-11-07 00:00:00+00:00, run_after=2024-11-08 00:00:00+00:00
[2024-11-08T12:02:54.856+0000] {processor.py:208} INFO - Processing /home/airflow/.local/lib/python3.12/site-packages/airflow/example_dags/example_bash_operator.py took 0.612 seconds
[2024-11-08T12:03:35.042+0000] {processor.py:186} INFO - Started process (PID=282) to work on /home/airflow/.local/lib/python3.12/site-packages/airflow/example_dags/example_bash_operator.py
[2024-11-08T12:03:35.055+0000] {processor.py:914} INFO - Processing file /home/airflow/.local/lib/python3.12/site-packages/airflow/example_dags/example_bash_operator.py for tasks to queue
[2024-11-08T12:03:35.062+0000] {logging_mixin.py:190} INFO - [2024-11-08T12:03:35.061+0000] {dagbag.py:588} INFO - Filling up the DagBag from /home/airflow/.local/lib/python3.12/site-packages/airflow/example_dags/example_bash_operator.py
[2024-11-08T12:03:35.211+0000] {processor.py:925} INFO - DAG(s) 'example_bash_operator' retrieved from /home/airflow/.local/lib/python3.12/site-packages/airflow/example_dags/example_bash_operator.py
[2024-11-08T12:03:35.501+0000] {logging_mixin.py:190} INFO - [2024-11-08T12:03:35.500+0000] {dag.py:3239} INFO - Sync 1 DAGs
[2024-11-08T12:03:35.771+0000] {logging_mixin.py:190} INFO - [2024-11-08T12:03:35.771+0000] {dag.py:4180} INFO - Setting next_dagrun for example_bash_operator to 2024-11-07 00:00:00+00:00, run_after=2024-11-08 00:00:00+00:00
[2024-11-08T12:03:35.938+0000] {processor.py:208} INFO - Processing /home/airflow/.local/lib/python3.12/site-packages/airflow/example_dags/example_bash_operator.py took 0.946 seconds
[2024-11-08T12:04:08.549+0000] {processor.py:186} INFO - Started process (PID=342) to work on /home/airflow/.local/lib/python3.12/site-packages/airflow/example_dags/example_bash_operator.py
[2024-11-08T12:04:08.577+0000] {processor.py:914} INFO - Processing file /home/airflow/.local/lib/python3.12/site-packages/airflow/example_dags/example_bash_operator.py for tasks to queue
[2024-11-08T12:04:08.595+0000] {logging_mixin.py:190} INFO - [2024-11-08T12:04:08.594+0000] {dagbag.py:588} INFO - Filling up the DagBag from /home/airflow/.local/lib/python3.12/site-packages/airflow/example_dags/example_bash_operator.py
[2024-11-08T12:04:08.726+0000] {processor.py:925} INFO - DAG(s) 'example_bash_operator' retrieved from /home/airflow/.local/lib/python3.12/site-packages/airflow/example_dags/example_bash_operator.py
[2024-11-08T12:04:08.914+0000] {logging_mixin.py:190} INFO - [2024-11-08T12:04:08.914+0000] {dag.py:3239} INFO - Sync 1 DAGs
[2024-11-08T12:04:09.100+0000] {logging_mixin.py:190} INFO - [2024-11-08T12:04:09.099+0000] {dag.py:4180} INFO - Setting next_dagrun for example_bash_operator to 2024-11-07 00:00:00+00:00, run_after=2024-11-08 00:00:00+00:00
[2024-11-08T12:04:09.221+0000] {processor.py:208} INFO - Processing /home/airflow/.local/lib/python3.12/site-packages/airflow/example_dags/example_bash_operator.py took 0.723 seconds
[2024-11-08T12:04:40.362+0000] {processor.py:186} INFO - Started process (PID=402) to work on /home/airflow/.local/lib/python3.12/site-packages/airflow/example_dags/example_bash_operator.py
[2024-11-08T12:04:40.366+0000] {processor.py:914} INFO - Processing file /home/airflow/.local/lib/python3.12/site-packages/airflow/example_dags/example_bash_operator.py for tasks to queue
[2024-11-08T12:04:40.376+0000] {logging_mixin.py:190} INFO - [2024-11-08T12:04:40.375+0000] {dagbag.py:588} INFO - Filling up the DagBag from /home/airflow/.local/lib/python3.12/site-packages/airflow/example_dags/example_bash_operator.py
[2024-11-08T12:04:40.456+0000] {processor.py:925} INFO - DAG(s) 'example_bash_operator' retrieved from /home/airflow/.local/lib/python3.12/site-packages/airflow/example_dags/example_bash_operator.py
[2024-11-08T12:04:40.606+0000] {logging_mixin.py:190} INFO - [2024-11-08T12:04:40.605+0000] {dag.py:3239} INFO - Sync 1 DAGs
[2024-11-08T12:04:40.794+0000] {logging_mixin.py:190} INFO - [2024-11-08T12:04:40.793+0000] {dag.py:4180} INFO - Setting next_dagrun for example_bash_operator to 2024-11-07 00:00:00+00:00, run_after=2024-11-08 00:00:00+00:00
[2024-11-08T12:04:40.927+0000] {processor.py:208} INFO - Processing /home/airflow/.local/lib/python3.12/site-packages/airflow/example_dags/example_bash_operator.py took 0.589 seconds
[2024-11-08T12:05:13.493+0000] {processor.py:186} INFO - Started process (PID=465) to work on /home/airflow/.local/lib/python3.12/site-packages/airflow/example_dags/example_bash_operator.py
[2024-11-08T12:05:13.522+0000] {processor.py:914} INFO - Processing file /home/airflow/.local/lib/python3.12/site-packages/airflow/example_dags/example_bash_operator.py for tasks to queue
[2024-11-08T12:05:13.532+0000] {logging_mixin.py:190} INFO - [2024-11-08T12:05:13.531+0000] {dagbag.py:588} INFO - Filling up the DagBag from /home/airflow/.local/lib/python3.12/site-packages/airflow/example_dags/example_bash_operator.py
[2024-11-08T12:05:13.630+0000] {processor.py:925} INFO - DAG(s) 'example_bash_operator' retrieved from /home/airflow/.local/lib/python3.12/site-packages/airflow/example_dags/example_bash_operator.py
[2024-11-08T12:05:13.810+0000] {logging_mixin.py:190} INFO - [2024-11-08T12:05:13.809+0000] {dag.py:3239} INFO - Sync 1 DAGs
[2024-11-08T12:05:13.983+0000] {logging_mixin.py:190} INFO - [2024-11-08T12:05:13.982+0000] {dag.py:4180} INFO - Setting next_dagrun for example_bash_operator to 2024-11-07 00:00:00+00:00, run_after=2024-11-08 00:00:00+00:00
[2024-11-08T12:05:14.081+0000] {processor.py:208} INFO - Processing /home/airflow/.local/lib/python3.12/site-packages/airflow/example_dags/example_bash_operator.py took 0.620 seconds
[2024-11-08T12:06:13.385+0000] {processor.py:186} INFO - Started process (PID=521) to work on /home/airflow/.local/lib/python3.12/site-packages/airflow/example_dags/example_bash_operator.py
[2024-11-08T12:06:13.399+0000] {processor.py:914} INFO - Processing file /home/airflow/.local/lib/python3.12/site-packages/airflow/example_dags/example_bash_operator.py for tasks to queue
[2024-11-08T12:06:13.549+0000] {logging_mixin.py:190} INFO - [2024-11-08T12:06:13.523+0000] {dagbag.py:588} INFO - Filling up the DagBag from /home/airflow/.local/lib/python3.12/site-packages/airflow/example_dags/example_bash_operator.py
[2024-11-08T12:06:13.811+0000] {processor.py:925} INFO - DAG(s) 'example_bash_operator' retrieved from /home/airflow/.local/lib/python3.12/site-packages/airflow/example_dags/example_bash_operator.py
[2024-11-08T12:06:14.007+0000] {logging_mixin.py:190} INFO - [2024-11-08T12:06:14.006+0000] {dag.py:3239} INFO - Sync 1 DAGs
[2024-11-08T12:06:14.204+0000] {logging_mixin.py:190} INFO - [2024-11-08T12:06:14.203+0000] {dag.py:4180} INFO - Setting next_dagrun for example_bash_operator to 2024-11-07 00:00:00+00:00, run_after=2024-11-08 00:00:00+00:00
[2024-11-08T12:06:14.371+0000] {processor.py:208} INFO - Processing /home/airflow/.local/lib/python3.12/site-packages/airflow/example_dags/example_bash_operator.py took 1.598 seconds
[2024-11-08T12:06:55.389+0000] {processor.py:186} INFO - Started process (PID=582) to work on /home/airflow/.local/lib/python3.12/site-packages/airflow/example_dags/example_bash_operator.py
[2024-11-08T12:06:55.415+0000] {processor.py:914} INFO - Processing file /home/airflow/.local/lib/python3.12/site-packages/airflow/example_dags/example_bash_operator.py for tasks to queue
[2024-11-08T12:06:55.468+0000] {logging_mixin.py:190} INFO - [2024-11-08T12:06:55.467+0000] {dagbag.py:588} INFO - Filling up the DagBag from /home/airflow/.local/lib/python3.12/site-packages/airflow/example_dags/example_bash_operator.py
[2024-11-08T12:06:55.603+0000] {processor.py:925} INFO - DAG(s) 'example_bash_operator' retrieved from /home/airflow/.local/lib/python3.12/site-packages/airflow/example_dags/example_bash_operator.py
[2024-11-08T12:06:55.822+0000] {logging_mixin.py:190} INFO - [2024-11-08T12:06:55.822+0000] {dag.py:3239} INFO - Sync 1 DAGs
[2024-11-08T12:06:55.997+0000] {logging_mixin.py:190} INFO - [2024-11-08T12:06:55.996+0000] {dag.py:4180} INFO - Setting next_dagrun for example_bash_operator to 2024-11-07 00:00:00+00:00, run_after=2024-11-08 00:00:00+00:00
[2024-11-08T12:06:56.209+0000] {processor.py:208} INFO - Processing /home/airflow/.local/lib/python3.12/site-packages/airflow/example_dags/example_bash_operator.py took 0.846 seconds
[2024-11-08T12:07:34.492+0000] {processor.py:186} INFO - Started process (PID=636) to work on /home/airflow/.local/lib/python3.12/site-packages/airflow/example_dags/example_bash_operator.py
[2024-11-08T12:07:34.500+0000] {processor.py:914} INFO - Processing file /home/airflow/.local/lib/python3.12/site-packages/airflow/example_dags/example_bash_operator.py for tasks to queue
[2024-11-08T12:07:34.507+0000] {logging_mixin.py:190} INFO - [2024-11-08T12:07:34.506+0000] {dagbag.py:588} INFO - Filling up the DagBag from /home/airflow/.local/lib/python3.12/site-packages/airflow/example_dags/example_bash_operator.py
[2024-11-08T12:07:34.614+0000] {processor.py:925} INFO - DAG(s) 'example_bash_operator' retrieved from /home/airflow/.local/lib/python3.12/site-packages/airflow/example_dags/example_bash_operator.py
[2024-11-08T12:07:34.839+0000] {logging_mixin.py:190} INFO - [2024-11-08T12:07:34.838+0000] {dag.py:3239} INFO - Sync 1 DAGs
[2024-11-08T12:07:35.052+0000] {logging_mixin.py:190} INFO - [2024-11-08T12:07:35.051+0000] {dag.py:4180} INFO - Setting next_dagrun for example_bash_operator to 2024-11-07 00:00:00+00:00, run_after=2024-11-08 00:00:00+00:00
[2024-11-08T12:07:35.268+0000] {processor.py:208} INFO - Processing /home/airflow/.local/lib/python3.12/site-packages/airflow/example_dags/example_bash_operator.py took 0.817 seconds
[2024-11-08T12:08:06.250+0000] {processor.py:186} INFO - Started process (PID=701) to work on /home/airflow/.local/lib/python3.12/site-packages/airflow/example_dags/example_bash_operator.py
[2024-11-08T12:08:06.257+0000] {processor.py:914} INFO - Processing file /home/airflow/.local/lib/python3.12/site-packages/airflow/example_dags/example_bash_operator.py for tasks to queue
[2024-11-08T12:08:06.266+0000] {logging_mixin.py:190} INFO - [2024-11-08T12:08:06.265+0000] {dagbag.py:588} INFO - Filling up the DagBag from /home/airflow/.local/lib/python3.12/site-packages/airflow/example_dags/example_bash_operator.py
[2024-11-08T12:08:06.326+0000] {processor.py:925} INFO - DAG(s) 'example_bash_operator' retrieved from /home/airflow/.local/lib/python3.12/site-packages/airflow/example_dags/example_bash_operator.py
[2024-11-08T12:08:06.479+0000] {logging_mixin.py:190} INFO - [2024-11-08T12:08:06.479+0000] {dag.py:3239} INFO - Sync 1 DAGs
[2024-11-08T12:08:06.617+0000] {logging_mixin.py:190} INFO - [2024-11-08T12:08:06.616+0000] {dag.py:4180} INFO - Setting next_dagrun for example_bash_operator to 2024-11-07 00:00:00+00:00, run_after=2024-11-08 00:00:00+00:00
[2024-11-08T12:08:06.721+0000] {processor.py:208} INFO - Processing /home/airflow/.local/lib/python3.12/site-packages/airflow/example_dags/example_bash_operator.py took 0.492 seconds
