[2024-11-08T11:50:39.637+0000] {processor.py:186} INFO - Started process (PID=144) to work on /home/airflow/.local/lib/python3.12/site-packages/airflow/example_dags/example_short_circuit_decorator.py
[2024-11-08T11:50:39.655+0000] {processor.py:914} INFO - Processing file /home/airflow/.local/lib/python3.12/site-packages/airflow/example_dags/example_short_circuit_decorator.py for tasks to queue
[2024-11-08T11:50:39.674+0000] {logging_mixin.py:190} INFO - [2024-11-08T11:50:39.673+0000] {dagbag.py:588} INFO - Filling up the DagBag from /home/airflow/.local/lib/python3.12/site-packages/airflow/example_dags/example_short_circuit_decorator.py
[2024-11-08T11:50:39.847+0000] {processor.py:925} INFO - DAG(s) 'example_short_circuit_decorator' retrieved from /home/airflow/.local/lib/python3.12/site-packages/airflow/example_dags/example_short_circuit_decorator.py
[2024-11-08T11:50:40.913+0000] {logging_mixin.py:190} INFO - [2024-11-08T11:50:40.898+0000] {override.py:1911} INFO - Created Permission View: can read on DAG:example_short_circuit_decorator
[2024-11-08T11:50:41.020+0000] {logging_mixin.py:190} INFO - [2024-11-08T11:50:41.019+0000] {override.py:1911} INFO - Created Permission View: can edit on DAG:example_short_circuit_decorator
[2024-11-08T11:50:41.130+0000] {logging_mixin.py:190} INFO - [2024-11-08T11:50:41.129+0000] {override.py:1911} INFO - Created Permission View: can delete on DAG:example_short_circuit_decorator
[2024-11-08T11:50:41.202+0000] {logging_mixin.py:190} INFO - [2024-11-08T11:50:41.198+0000] {override.py:1911} INFO - Created Permission View: can read on DAG Run:example_short_circuit_decorator
[2024-11-08T11:50:41.250+0000] {logging_mixin.py:190} INFO - [2024-11-08T11:50:41.242+0000] {override.py:1911} INFO - Created Permission View: menu access on DAG Run:example_short_circuit_decorator
[2024-11-08T11:50:41.304+0000] {logging_mixin.py:190} INFO - [2024-11-08T11:50:41.304+0000] {override.py:1911} INFO - Created Permission View: can create on DAG Run:example_short_circuit_decorator
[2024-11-08T11:50:41.339+0000] {logging_mixin.py:190} INFO - [2024-11-08T11:50:41.339+0000] {override.py:1911} INFO - Created Permission View: can delete on DAG Run:example_short_circuit_decorator
[2024-11-08T11:50:41.356+0000] {logging_mixin.py:190} INFO - [2024-11-08T11:50:41.355+0000] {dag.py:3239} INFO - Sync 1 DAGs
[2024-11-08T11:50:41.494+0000] {logging_mixin.py:190} INFO - [2024-11-08T11:50:41.493+0000] {dag.py:3262} INFO - Creating ORM DAG for example_short_circuit_decorator
[2024-11-08T11:50:41.518+0000] {logging_mixin.py:190} INFO - [2024-11-08T11:50:41.517+0000] {dag.py:4180} INFO - Setting next_dagrun for example_short_circuit_decorator to None, run_after=None
[2024-11-08T11:50:41.699+0000] {processor.py:208} INFO - Processing /home/airflow/.local/lib/python3.12/site-packages/airflow/example_dags/example_short_circuit_decorator.py took 2.128 seconds
[2024-11-08T11:51:38.127+0000] {processor.py:186} INFO - Started process (PID=214) to work on /home/airflow/.local/lib/python3.12/site-packages/airflow/example_dags/example_short_circuit_decorator.py
[2024-11-08T11:51:38.133+0000] {processor.py:914} INFO - Processing file /home/airflow/.local/lib/python3.12/site-packages/airflow/example_dags/example_short_circuit_decorator.py for tasks to queue
[2024-11-08T11:51:38.146+0000] {logging_mixin.py:190} INFO - [2024-11-08T11:51:38.145+0000] {dagbag.py:588} INFO - Filling up the DagBag from /home/airflow/.local/lib/python3.12/site-packages/airflow/example_dags/example_short_circuit_decorator.py
[2024-11-08T11:51:38.194+0000] {processor.py:925} INFO - DAG(s) 'example_short_circuit_decorator' retrieved from /home/airflow/.local/lib/python3.12/site-packages/airflow/example_dags/example_short_circuit_decorator.py
[2024-11-08T11:51:38.318+0000] {logging_mixin.py:190} INFO - [2024-11-08T11:51:38.317+0000] {dag.py:3239} INFO - Sync 1 DAGs
[2024-11-08T11:51:38.468+0000] {logging_mixin.py:190} INFO - [2024-11-08T11:51:38.452+0000] {dag.py:4180} INFO - Setting next_dagrun for example_short_circuit_decorator to None, run_after=None
[2024-11-08T11:51:38.593+0000] {processor.py:208} INFO - Processing /home/airflow/.local/lib/python3.12/site-packages/airflow/example_dags/example_short_circuit_decorator.py took 0.497 seconds
[2024-11-08T11:52:14.042+0000] {processor.py:186} INFO - Started process (PID=278) to work on /home/airflow/.local/lib/python3.12/site-packages/airflow/example_dags/example_short_circuit_decorator.py
[2024-11-08T11:52:14.052+0000] {processor.py:914} INFO - Processing file /home/airflow/.local/lib/python3.12/site-packages/airflow/example_dags/example_short_circuit_decorator.py for tasks to queue
[2024-11-08T11:52:14.063+0000] {logging_mixin.py:190} INFO - [2024-11-08T11:52:14.062+0000] {dagbag.py:588} INFO - Filling up the DagBag from /home/airflow/.local/lib/python3.12/site-packages/airflow/example_dags/example_short_circuit_decorator.py
[2024-11-08T11:52:14.112+0000] {processor.py:925} INFO - DAG(s) 'example_short_circuit_decorator' retrieved from /home/airflow/.local/lib/python3.12/site-packages/airflow/example_dags/example_short_circuit_decorator.py
[2024-11-08T11:52:14.186+0000] {logging_mixin.py:190} INFO - [2024-11-08T11:52:14.186+0000] {dag.py:3239} INFO - Sync 1 DAGs
[2024-11-08T11:52:14.234+0000] {logging_mixin.py:190} INFO - [2024-11-08T11:52:14.234+0000] {dag.py:4180} INFO - Setting next_dagrun for example_short_circuit_decorator to None, run_after=None
[2024-11-08T11:52:14.288+0000] {processor.py:208} INFO - Processing /home/airflow/.local/lib/python3.12/site-packages/airflow/example_dags/example_short_circuit_decorator.py took 0.268 seconds
[2024-11-08T11:52:50.173+0000] {processor.py:186} INFO - Started process (PID=348) to work on /home/airflow/.local/lib/python3.12/site-packages/airflow/example_dags/example_short_circuit_decorator.py
[2024-11-08T11:52:50.217+0000] {processor.py:914} INFO - Processing file /home/airflow/.local/lib/python3.12/site-packages/airflow/example_dags/example_short_circuit_decorator.py for tasks to queue
[2024-11-08T11:52:50.285+0000] {logging_mixin.py:190} INFO - [2024-11-08T11:52:50.284+0000] {dagbag.py:588} INFO - Filling up the DagBag from /home/airflow/.local/lib/python3.12/site-packages/airflow/example_dags/example_short_circuit_decorator.py
[2024-11-08T11:52:50.403+0000] {processor.py:925} INFO - DAG(s) 'example_short_circuit_decorator' retrieved from /home/airflow/.local/lib/python3.12/site-packages/airflow/example_dags/example_short_circuit_decorator.py
[2024-11-08T11:52:50.647+0000] {logging_mixin.py:190} INFO - [2024-11-08T11:52:50.646+0000] {dag.py:3239} INFO - Sync 1 DAGs
[2024-11-08T11:52:50.758+0000] {logging_mixin.py:190} INFO - [2024-11-08T11:52:50.758+0000] {dag.py:4180} INFO - Setting next_dagrun for example_short_circuit_decorator to None, run_after=None
[2024-11-08T11:52:50.903+0000] {processor.py:208} INFO - Processing /home/airflow/.local/lib/python3.12/site-packages/airflow/example_dags/example_short_circuit_decorator.py took 0.779 seconds
[2024-11-08T11:53:21.674+0000] {processor.py:186} INFO - Started process (PID=411) to work on /home/airflow/.local/lib/python3.12/site-packages/airflow/example_dags/example_short_circuit_decorator.py
[2024-11-08T11:53:21.692+0000] {processor.py:914} INFO - Processing file /home/airflow/.local/lib/python3.12/site-packages/airflow/example_dags/example_short_circuit_decorator.py for tasks to queue
[2024-11-08T11:53:21.704+0000] {logging_mixin.py:190} INFO - [2024-11-08T11:53:21.703+0000] {dagbag.py:588} INFO - Filling up the DagBag from /home/airflow/.local/lib/python3.12/site-packages/airflow/example_dags/example_short_circuit_decorator.py
[2024-11-08T11:53:21.787+0000] {processor.py:925} INFO - DAG(s) 'example_short_circuit_decorator' retrieved from /home/airflow/.local/lib/python3.12/site-packages/airflow/example_dags/example_short_circuit_decorator.py
[2024-11-08T11:53:21.924+0000] {logging_mixin.py:190} INFO - [2024-11-08T11:53:21.924+0000] {dag.py:3239} INFO - Sync 1 DAGs
[2024-11-08T11:53:22.014+0000] {logging_mixin.py:190} INFO - [2024-11-08T11:53:22.014+0000] {dag.py:4180} INFO - Setting next_dagrun for example_short_circuit_decorator to None, run_after=None
[2024-11-08T11:53:22.150+0000] {processor.py:208} INFO - Processing /home/airflow/.local/lib/python3.12/site-packages/airflow/example_dags/example_short_circuit_decorator.py took 0.519 seconds
[2024-11-08T11:53:52.434+0000] {processor.py:186} INFO - Started process (PID=474) to work on /home/airflow/.local/lib/python3.12/site-packages/airflow/example_dags/example_short_circuit_decorator.py
[2024-11-08T11:53:52.446+0000] {processor.py:914} INFO - Processing file /home/airflow/.local/lib/python3.12/site-packages/airflow/example_dags/example_short_circuit_decorator.py for tasks to queue
[2024-11-08T11:53:52.467+0000] {logging_mixin.py:190} INFO - [2024-11-08T11:53:52.466+0000] {dagbag.py:588} INFO - Filling up the DagBag from /home/airflow/.local/lib/python3.12/site-packages/airflow/example_dags/example_short_circuit_decorator.py
[2024-11-08T11:53:52.573+0000] {processor.py:925} INFO - DAG(s) 'example_short_circuit_decorator' retrieved from /home/airflow/.local/lib/python3.12/site-packages/airflow/example_dags/example_short_circuit_decorator.py
[2024-11-08T11:53:52.721+0000] {logging_mixin.py:190} INFO - [2024-11-08T11:53:52.720+0000] {dag.py:3239} INFO - Sync 1 DAGs
[2024-11-08T11:53:52.849+0000] {logging_mixin.py:190} INFO - [2024-11-08T11:53:52.849+0000] {dag.py:4180} INFO - Setting next_dagrun for example_short_circuit_decorator to None, run_after=None
[2024-11-08T11:53:53.007+0000] {processor.py:208} INFO - Processing /home/airflow/.local/lib/python3.12/site-packages/airflow/example_dags/example_short_circuit_decorator.py took 0.603 seconds
[2024-11-08T11:54:30.640+0000] {processor.py:186} INFO - Started process (PID=537) to work on /home/airflow/.local/lib/python3.12/site-packages/airflow/example_dags/example_short_circuit_decorator.py
[2024-11-08T11:54:30.658+0000] {processor.py:914} INFO - Processing file /home/airflow/.local/lib/python3.12/site-packages/airflow/example_dags/example_short_circuit_decorator.py for tasks to queue
[2024-11-08T11:54:30.673+0000] {logging_mixin.py:190} INFO - [2024-11-08T11:54:30.663+0000] {dagbag.py:588} INFO - Filling up the DagBag from /home/airflow/.local/lib/python3.12/site-packages/airflow/example_dags/example_short_circuit_decorator.py
[2024-11-08T11:54:30.743+0000] {processor.py:925} INFO - DAG(s) 'example_short_circuit_decorator' retrieved from /home/airflow/.local/lib/python3.12/site-packages/airflow/example_dags/example_short_circuit_decorator.py
[2024-11-08T11:54:30.880+0000] {logging_mixin.py:190} INFO - [2024-11-08T11:54:30.880+0000] {dag.py:3239} INFO - Sync 1 DAGs
[2024-11-08T11:54:30.957+0000] {logging_mixin.py:190} INFO - [2024-11-08T11:54:30.957+0000] {dag.py:4180} INFO - Setting next_dagrun for example_short_circuit_decorator to None, run_after=None
[2024-11-08T11:54:31.069+0000] {processor.py:208} INFO - Processing /home/airflow/.local/lib/python3.12/site-packages/airflow/example_dags/example_short_circuit_decorator.py took 0.465 seconds
[2024-11-08T11:55:04.839+0000] {processor.py:186} INFO - Started process (PID=600) to work on /home/airflow/.local/lib/python3.12/site-packages/airflow/example_dags/example_short_circuit_decorator.py
[2024-11-08T11:55:04.845+0000] {processor.py:914} INFO - Processing file /home/airflow/.local/lib/python3.12/site-packages/airflow/example_dags/example_short_circuit_decorator.py for tasks to queue
[2024-11-08T11:55:04.853+0000] {logging_mixin.py:190} INFO - [2024-11-08T11:55:04.852+0000] {dagbag.py:588} INFO - Filling up the DagBag from /home/airflow/.local/lib/python3.12/site-packages/airflow/example_dags/example_short_circuit_decorator.py
[2024-11-08T11:55:04.899+0000] {processor.py:925} INFO - DAG(s) 'example_short_circuit_decorator' retrieved from /home/airflow/.local/lib/python3.12/site-packages/airflow/example_dags/example_short_circuit_decorator.py
[2024-11-08T11:55:04.987+0000] {logging_mixin.py:190} INFO - [2024-11-08T11:55:04.986+0000] {dag.py:3239} INFO - Sync 1 DAGs
[2024-11-08T11:55:05.063+0000] {logging_mixin.py:190} INFO - [2024-11-08T11:55:05.062+0000] {dag.py:4180} INFO - Setting next_dagrun for example_short_circuit_decorator to None, run_after=None
[2024-11-08T11:55:05.151+0000] {processor.py:208} INFO - Processing /home/airflow/.local/lib/python3.12/site-packages/airflow/example_dags/example_short_circuit_decorator.py took 0.334 seconds
[2024-11-08T12:01:39.171+0000] {processor.py:186} INFO - Started process (PID=124) to work on /home/airflow/.local/lib/python3.12/site-packages/airflow/example_dags/example_short_circuit_decorator.py
[2024-11-08T12:01:39.185+0000] {processor.py:914} INFO - Processing file /home/airflow/.local/lib/python3.12/site-packages/airflow/example_dags/example_short_circuit_decorator.py for tasks to queue
[2024-11-08T12:01:39.203+0000] {logging_mixin.py:190} INFO - [2024-11-08T12:01:39.202+0000] {dagbag.py:588} INFO - Filling up the DagBag from /home/airflow/.local/lib/python3.12/site-packages/airflow/example_dags/example_short_circuit_decorator.py
[2024-11-08T12:01:39.325+0000] {processor.py:925} INFO - DAG(s) 'example_short_circuit_decorator' retrieved from /home/airflow/.local/lib/python3.12/site-packages/airflow/example_dags/example_short_circuit_decorator.py
[2024-11-08T12:01:39.524+0000] {logging_mixin.py:190} INFO - [2024-11-08T12:01:39.523+0000] {dag.py:3239} INFO - Sync 1 DAGs
[2024-11-08T12:01:39.674+0000] {logging_mixin.py:190} INFO - [2024-11-08T12:01:39.673+0000] {dag.py:4180} INFO - Setting next_dagrun for example_short_circuit_decorator to None, run_after=None
[2024-11-08T12:01:39.936+0000] {processor.py:208} INFO - Processing /home/airflow/.local/lib/python3.12/site-packages/airflow/example_dags/example_short_circuit_decorator.py took 0.800 seconds
[2024-11-08T12:02:33.973+0000] {processor.py:186} INFO - Started process (PID=188) to work on /home/airflow/.local/lib/python3.12/site-packages/airflow/example_dags/example_short_circuit_decorator.py
[2024-11-08T12:02:33.987+0000] {processor.py:914} INFO - Processing file /home/airflow/.local/lib/python3.12/site-packages/airflow/example_dags/example_short_circuit_decorator.py for tasks to queue
[2024-11-08T12:02:34.005+0000] {logging_mixin.py:190} INFO - [2024-11-08T12:02:34.004+0000] {dagbag.py:588} INFO - Filling up the DagBag from /home/airflow/.local/lib/python3.12/site-packages/airflow/example_dags/example_short_circuit_decorator.py
[2024-11-08T12:02:34.104+0000] {processor.py:925} INFO - DAG(s) 'example_short_circuit_decorator' retrieved from /home/airflow/.local/lib/python3.12/site-packages/airflow/example_dags/example_short_circuit_decorator.py
[2024-11-08T12:02:34.295+0000] {logging_mixin.py:190} INFO - [2024-11-08T12:02:34.294+0000] {dag.py:3239} INFO - Sync 1 DAGs
[2024-11-08T12:02:34.429+0000] {logging_mixin.py:190} INFO - [2024-11-08T12:02:34.428+0000] {dag.py:4180} INFO - Setting next_dagrun for example_short_circuit_decorator to None, run_after=None
[2024-11-08T12:02:34.575+0000] {processor.py:208} INFO - Processing /home/airflow/.local/lib/python3.12/site-packages/airflow/example_dags/example_short_circuit_decorator.py took 0.640 seconds
[2024-11-08T12:03:14.946+0000] {processor.py:186} INFO - Started process (PID=258) to work on /home/airflow/.local/lib/python3.12/site-packages/airflow/example_dags/example_short_circuit_decorator.py
[2024-11-08T12:03:14.965+0000] {processor.py:914} INFO - Processing file /home/airflow/.local/lib/python3.12/site-packages/airflow/example_dags/example_short_circuit_decorator.py for tasks to queue
[2024-11-08T12:03:14.981+0000] {logging_mixin.py:190} INFO - [2024-11-08T12:03:14.979+0000] {dagbag.py:588} INFO - Filling up the DagBag from /home/airflow/.local/lib/python3.12/site-packages/airflow/example_dags/example_short_circuit_decorator.py
[2024-11-08T12:03:15.044+0000] {processor.py:925} INFO - DAG(s) 'example_short_circuit_decorator' retrieved from /home/airflow/.local/lib/python3.12/site-packages/airflow/example_dags/example_short_circuit_decorator.py
[2024-11-08T12:03:15.200+0000] {logging_mixin.py:190} INFO - [2024-11-08T12:03:15.199+0000] {dag.py:3239} INFO - Sync 1 DAGs
[2024-11-08T12:03:15.316+0000] {logging_mixin.py:190} INFO - [2024-11-08T12:03:15.315+0000] {dag.py:4180} INFO - Setting next_dagrun for example_short_circuit_decorator to None, run_after=None
[2024-11-08T12:03:15.452+0000] {processor.py:208} INFO - Processing /home/airflow/.local/lib/python3.12/site-packages/airflow/example_dags/example_short_circuit_decorator.py took 0.542 seconds
[2024-11-08T12:04:01.147+0000] {processor.py:186} INFO - Started process (PID=329) to work on /home/airflow/.local/lib/python3.12/site-packages/airflow/example_dags/example_short_circuit_decorator.py
[2024-11-08T12:04:01.151+0000] {processor.py:914} INFO - Processing file /home/airflow/.local/lib/python3.12/site-packages/airflow/example_dags/example_short_circuit_decorator.py for tasks to queue
[2024-11-08T12:04:01.170+0000] {logging_mixin.py:190} INFO - [2024-11-08T12:04:01.168+0000] {dagbag.py:588} INFO - Filling up the DagBag from /home/airflow/.local/lib/python3.12/site-packages/airflow/example_dags/example_short_circuit_decorator.py
[2024-11-08T12:04:01.240+0000] {processor.py:925} INFO - DAG(s) 'example_short_circuit_decorator' retrieved from /home/airflow/.local/lib/python3.12/site-packages/airflow/example_dags/example_short_circuit_decorator.py
[2024-11-08T12:04:01.387+0000] {logging_mixin.py:190} INFO - [2024-11-08T12:04:01.386+0000] {dag.py:3239} INFO - Sync 1 DAGs
[2024-11-08T12:04:01.496+0000] {logging_mixin.py:190} INFO - [2024-11-08T12:04:01.495+0000] {dag.py:4180} INFO - Setting next_dagrun for example_short_circuit_decorator to None, run_after=None
[2024-11-08T12:04:01.620+0000] {processor.py:208} INFO - Processing /home/airflow/.local/lib/python3.12/site-packages/airflow/example_dags/example_short_circuit_decorator.py took 0.505 seconds
[2024-11-08T12:04:35.809+0000] {processor.py:186} INFO - Started process (PID=393) to work on /home/airflow/.local/lib/python3.12/site-packages/airflow/example_dags/example_short_circuit_decorator.py
[2024-11-08T12:04:35.824+0000] {processor.py:914} INFO - Processing file /home/airflow/.local/lib/python3.12/site-packages/airflow/example_dags/example_short_circuit_decorator.py for tasks to queue
[2024-11-08T12:04:35.845+0000] {logging_mixin.py:190} INFO - [2024-11-08T12:04:35.844+0000] {dagbag.py:588} INFO - Filling up the DagBag from /home/airflow/.local/lib/python3.12/site-packages/airflow/example_dags/example_short_circuit_decorator.py
[2024-11-08T12:04:35.967+0000] {processor.py:925} INFO - DAG(s) 'example_short_circuit_decorator' retrieved from /home/airflow/.local/lib/python3.12/site-packages/airflow/example_dags/example_short_circuit_decorator.py
[2024-11-08T12:04:36.094+0000] {logging_mixin.py:190} INFO - [2024-11-08T12:04:36.094+0000] {dag.py:3239} INFO - Sync 1 DAGs
[2024-11-08T12:04:36.184+0000] {logging_mixin.py:190} INFO - [2024-11-08T12:04:36.184+0000] {dag.py:4180} INFO - Setting next_dagrun for example_short_circuit_decorator to None, run_after=None
[2024-11-08T12:04:36.333+0000] {processor.py:208} INFO - Processing /home/airflow/.local/lib/python3.12/site-packages/airflow/example_dags/example_short_circuit_decorator.py took 0.577 seconds
[2024-11-08T12:05:27.128+0000] {processor.py:186} INFO - Started process (PID=468) to work on /home/airflow/.local/lib/python3.12/site-packages/airflow/example_dags/example_short_circuit_decorator.py
[2024-11-08T12:05:27.217+0000] {processor.py:914} INFO - Processing file /home/airflow/.local/lib/python3.12/site-packages/airflow/example_dags/example_short_circuit_decorator.py for tasks to queue
[2024-11-08T12:05:27.288+0000] {logging_mixin.py:190} INFO - [2024-11-08T12:05:27.286+0000] {dagbag.py:588} INFO - Filling up the DagBag from /home/airflow/.local/lib/python3.12/site-packages/airflow/example_dags/example_short_circuit_decorator.py
[2024-11-08T12:05:27.599+0000] {processor.py:925} INFO - DAG(s) 'example_short_circuit_decorator' retrieved from /home/airflow/.local/lib/python3.12/site-packages/airflow/example_dags/example_short_circuit_decorator.py
[2024-11-08T12:05:27.876+0000] {logging_mixin.py:190} INFO - [2024-11-08T12:05:27.874+0000] {dag.py:3239} INFO - Sync 1 DAGs
[2024-11-08T12:05:28.081+0000] {logging_mixin.py:190} INFO - [2024-11-08T12:05:28.073+0000] {dag.py:4180} INFO - Setting next_dagrun for example_short_circuit_decorator to None, run_after=None
[2024-11-08T12:05:28.249+0000] {processor.py:208} INFO - Processing /home/airflow/.local/lib/python3.12/site-packages/airflow/example_dags/example_short_circuit_decorator.py took 1.237 seconds
[2024-11-08T12:06:28.028+0000] {processor.py:186} INFO - Started process (PID=530) to work on /home/airflow/.local/lib/python3.12/site-packages/airflow/example_dags/example_short_circuit_decorator.py
[2024-11-08T12:06:28.034+0000] {processor.py:914} INFO - Processing file /home/airflow/.local/lib/python3.12/site-packages/airflow/example_dags/example_short_circuit_decorator.py for tasks to queue
[2024-11-08T12:06:28.047+0000] {logging_mixin.py:190} INFO - [2024-11-08T12:06:28.046+0000] {dagbag.py:588} INFO - Filling up the DagBag from /home/airflow/.local/lib/python3.12/site-packages/airflow/example_dags/example_short_circuit_decorator.py
[2024-11-08T12:06:28.150+0000] {processor.py:925} INFO - DAG(s) 'example_short_circuit_decorator' retrieved from /home/airflow/.local/lib/python3.12/site-packages/airflow/example_dags/example_short_circuit_decorator.py
[2024-11-08T12:06:29.197+0000] {logging_mixin.py:190} INFO - [2024-11-08T12:06:29.196+0000] {dag.py:3239} INFO - Sync 1 DAGs
[2024-11-08T12:06:29.413+0000] {logging_mixin.py:190} INFO - [2024-11-08T12:06:29.412+0000] {dag.py:4180} INFO - Setting next_dagrun for example_short_circuit_decorator to None, run_after=None
[2024-11-08T12:06:29.650+0000] {processor.py:208} INFO - Processing /home/airflow/.local/lib/python3.12/site-packages/airflow/example_dags/example_short_circuit_decorator.py took 1.659 seconds
[2024-11-08T12:07:11.066+0000] {processor.py:186} INFO - Started process (PID=593) to work on /home/airflow/.local/lib/python3.12/site-packages/airflow/example_dags/example_short_circuit_decorator.py
[2024-11-08T12:07:11.077+0000] {processor.py:914} INFO - Processing file /home/airflow/.local/lib/python3.12/site-packages/airflow/example_dags/example_short_circuit_decorator.py for tasks to queue
[2024-11-08T12:07:11.094+0000] {logging_mixin.py:190} INFO - [2024-11-08T12:07:11.089+0000] {dagbag.py:588} INFO - Filling up the DagBag from /home/airflow/.local/lib/python3.12/site-packages/airflow/example_dags/example_short_circuit_decorator.py
[2024-11-08T12:07:11.174+0000] {processor.py:925} INFO - DAG(s) 'example_short_circuit_decorator' retrieved from /home/airflow/.local/lib/python3.12/site-packages/airflow/example_dags/example_short_circuit_decorator.py
[2024-11-08T12:07:11.313+0000] {logging_mixin.py:190} INFO - [2024-11-08T12:07:11.312+0000] {dag.py:3239} INFO - Sync 1 DAGs
[2024-11-08T12:07:11.421+0000] {logging_mixin.py:190} INFO - [2024-11-08T12:07:11.420+0000] {dag.py:4180} INFO - Setting next_dagrun for example_short_circuit_decorator to None, run_after=None
[2024-11-08T12:07:11.539+0000] {processor.py:208} INFO - Processing /home/airflow/.local/lib/python3.12/site-packages/airflow/example_dags/example_short_circuit_decorator.py took 0.498 seconds
[2024-11-08T12:07:52.197+0000] {processor.py:186} INFO - Started process (PID=666) to work on /home/airflow/.local/lib/python3.12/site-packages/airflow/example_dags/example_short_circuit_decorator.py
[2024-11-08T12:07:52.204+0000] {processor.py:914} INFO - Processing file /home/airflow/.local/lib/python3.12/site-packages/airflow/example_dags/example_short_circuit_decorator.py for tasks to queue
[2024-11-08T12:07:52.213+0000] {logging_mixin.py:190} INFO - [2024-11-08T12:07:52.212+0000] {dagbag.py:588} INFO - Filling up the DagBag from /home/airflow/.local/lib/python3.12/site-packages/airflow/example_dags/example_short_circuit_decorator.py
[2024-11-08T12:07:52.268+0000] {processor.py:925} INFO - DAG(s) 'example_short_circuit_decorator' retrieved from /home/airflow/.local/lib/python3.12/site-packages/airflow/example_dags/example_short_circuit_decorator.py
[2024-11-08T12:07:52.391+0000] {logging_mixin.py:190} INFO - [2024-11-08T12:07:52.391+0000] {dag.py:3239} INFO - Sync 1 DAGs
[2024-11-08T12:07:52.445+0000] {logging_mixin.py:190} INFO - [2024-11-08T12:07:52.444+0000] {dag.py:4180} INFO - Setting next_dagrun for example_short_circuit_decorator to None, run_after=None
[2024-11-08T12:07:52.523+0000] {processor.py:208} INFO - Processing /home/airflow/.local/lib/python3.12/site-packages/airflow/example_dags/example_short_circuit_decorator.py took 0.363 seconds
