[2024-11-08T11:49:28.567+0000] {processor.py:186} INFO - Started process (PID=117) to work on /home/airflow/.local/lib/python3.12/site-packages/airflow/example_dags/tutorial_dag.py
[2024-11-08T11:49:28.613+0000] {processor.py:914} INFO - Processing file /home/airflow/.local/lib/python3.12/site-packages/airflow/example_dags/tutorial_dag.py for tasks to queue
[2024-11-08T11:49:28.626+0000] {logging_mixin.py:190} INFO - [2024-11-08T11:49:28.625+0000] {dagbag.py:588} INFO - Filling up the DagBag from /home/airflow/.local/lib/python3.12/site-packages/airflow/example_dags/tutorial_dag.py
[2024-11-08T11:49:28.744+0000] {processor.py:925} INFO - DAG(s) 'tutorial_dag' retrieved from /home/airflow/.local/lib/python3.12/site-packages/airflow/example_dags/tutorial_dag.py
[2024-11-08T11:49:32.421+0000] {logging_mixin.py:190} INFO - [2024-11-08T11:49:32.419+0000] {override.py:1911} INFO - Created Permission View: can read on DAG:tutorial_dag
[2024-11-08T11:49:32.516+0000] {logging_mixin.py:190} INFO - [2024-11-08T11:49:32.515+0000] {override.py:1911} INFO - Created Permission View: can edit on DAG:tutorial_dag
[2024-11-08T11:49:32.556+0000] {logging_mixin.py:190} INFO - [2024-11-08T11:49:32.555+0000] {override.py:1911} INFO - Created Permission View: can delete on DAG:tutorial_dag
[2024-11-08T11:49:32.595+0000] {logging_mixin.py:190} INFO - [2024-11-08T11:49:32.594+0000] {override.py:1911} INFO - Created Permission View: can read on DAG Run:tutorial_dag
[2024-11-08T11:49:32.639+0000] {logging_mixin.py:190} INFO - [2024-11-08T11:49:32.639+0000] {override.py:1911} INFO - Created Permission View: menu access on DAG Run:tutorial_dag
[2024-11-08T11:49:32.688+0000] {logging_mixin.py:190} INFO - [2024-11-08T11:49:32.687+0000] {override.py:1911} INFO - Created Permission View: can create on DAG Run:tutorial_dag
[2024-11-08T11:49:32.751+0000] {logging_mixin.py:190} INFO - [2024-11-08T11:49:32.755+0000] {override.py:1911} INFO - Created Permission View: can delete on DAG Run:tutorial_dag
[2024-11-08T11:49:32.777+0000] {logging_mixin.py:190} INFO - [2024-11-08T11:49:32.775+0000] {dag.py:3239} INFO - Sync 1 DAGs
[2024-11-08T11:49:33.316+0000] {logging_mixin.py:190} INFO - [2024-11-08T11:49:33.316+0000] {dag.py:3262} INFO - Creating ORM DAG for tutorial_dag
[2024-11-08T11:49:33.332+0000] {logging_mixin.py:190} INFO - [2024-11-08T11:49:33.332+0000] {dag.py:4180} INFO - Setting next_dagrun for tutorial_dag to None, run_after=None
[2024-11-08T11:49:33.529+0000] {processor.py:208} INFO - Processing /home/airflow/.local/lib/python3.12/site-packages/airflow/example_dags/tutorial_dag.py took 5.015 seconds
[2024-11-08T11:51:15.043+0000] {processor.py:186} INFO - Started process (PID=193) to work on /home/airflow/.local/lib/python3.12/site-packages/airflow/example_dags/tutorial_dag.py
[2024-11-08T11:51:15.085+0000] {processor.py:914} INFO - Processing file /home/airflow/.local/lib/python3.12/site-packages/airflow/example_dags/tutorial_dag.py for tasks to queue
[2024-11-08T11:51:15.100+0000] {logging_mixin.py:190} INFO - [2024-11-08T11:51:15.099+0000] {dagbag.py:588} INFO - Filling up the DagBag from /home/airflow/.local/lib/python3.12/site-packages/airflow/example_dags/tutorial_dag.py
[2024-11-08T11:51:15.187+0000] {processor.py:925} INFO - DAG(s) 'tutorial_dag' retrieved from /home/airflow/.local/lib/python3.12/site-packages/airflow/example_dags/tutorial_dag.py
[2024-11-08T11:51:15.346+0000] {logging_mixin.py:190} INFO - [2024-11-08T11:51:15.345+0000] {dag.py:3239} INFO - Sync 1 DAGs
[2024-11-08T11:51:15.469+0000] {logging_mixin.py:190} INFO - [2024-11-08T11:51:15.469+0000] {dag.py:4180} INFO - Setting next_dagrun for tutorial_dag to None, run_after=None
[2024-11-08T11:51:15.672+0000] {processor.py:208} INFO - Processing /home/airflow/.local/lib/python3.12/site-packages/airflow/example_dags/tutorial_dag.py took 0.665 seconds
[2024-11-08T11:51:52.800+0000] {processor.py:186} INFO - Started process (PID=262) to work on /home/airflow/.local/lib/python3.12/site-packages/airflow/example_dags/tutorial_dag.py
[2024-11-08T11:51:52.813+0000] {processor.py:914} INFO - Processing file /home/airflow/.local/lib/python3.12/site-packages/airflow/example_dags/tutorial_dag.py for tasks to queue
[2024-11-08T11:51:52.829+0000] {logging_mixin.py:190} INFO - [2024-11-08T11:51:52.821+0000] {dagbag.py:588} INFO - Filling up the DagBag from /home/airflow/.local/lib/python3.12/site-packages/airflow/example_dags/tutorial_dag.py
[2024-11-08T11:51:52.902+0000] {processor.py:925} INFO - DAG(s) 'tutorial_dag' retrieved from /home/airflow/.local/lib/python3.12/site-packages/airflow/example_dags/tutorial_dag.py
[2024-11-08T11:51:52.998+0000] {logging_mixin.py:190} INFO - [2024-11-08T11:51:52.997+0000] {dag.py:3239} INFO - Sync 1 DAGs
[2024-11-08T11:51:53.081+0000] {logging_mixin.py:190} INFO - [2024-11-08T11:51:53.081+0000] {dag.py:4180} INFO - Setting next_dagrun for tutorial_dag to None, run_after=None
[2024-11-08T11:51:53.185+0000] {processor.py:208} INFO - Processing /home/airflow/.local/lib/python3.12/site-packages/airflow/example_dags/tutorial_dag.py took 0.436 seconds
[2024-11-08T11:52:29.948+0000] {processor.py:186} INFO - Started process (PID=319) to work on /home/airflow/.local/lib/python3.12/site-packages/airflow/example_dags/tutorial_dag.py
[2024-11-08T11:52:29.953+0000] {processor.py:914} INFO - Processing file /home/airflow/.local/lib/python3.12/site-packages/airflow/example_dags/tutorial_dag.py for tasks to queue
[2024-11-08T11:52:29.977+0000] {logging_mixin.py:190} INFO - [2024-11-08T11:52:29.970+0000] {dagbag.py:588} INFO - Filling up the DagBag from /home/airflow/.local/lib/python3.12/site-packages/airflow/example_dags/tutorial_dag.py
[2024-11-08T11:52:30.046+0000] {processor.py:925} INFO - DAG(s) 'tutorial_dag' retrieved from /home/airflow/.local/lib/python3.12/site-packages/airflow/example_dags/tutorial_dag.py
[2024-11-08T11:52:30.152+0000] {logging_mixin.py:190} INFO - [2024-11-08T11:52:30.151+0000] {dag.py:3239} INFO - Sync 1 DAGs
[2024-11-08T11:52:30.232+0000] {logging_mixin.py:190} INFO - [2024-11-08T11:52:30.232+0000] {dag.py:4180} INFO - Setting next_dagrun for tutorial_dag to None, run_after=None
[2024-11-08T11:52:30.315+0000] {processor.py:208} INFO - Processing /home/airflow/.local/lib/python3.12/site-packages/airflow/example_dags/tutorial_dag.py took 0.393 seconds
[2024-11-08T11:53:03.667+0000] {processor.py:186} INFO - Started process (PID=382) to work on /home/airflow/.local/lib/python3.12/site-packages/airflow/example_dags/tutorial_dag.py
[2024-11-08T11:53:03.679+0000] {processor.py:914} INFO - Processing file /home/airflow/.local/lib/python3.12/site-packages/airflow/example_dags/tutorial_dag.py for tasks to queue
[2024-11-08T11:53:03.695+0000] {logging_mixin.py:190} INFO - [2024-11-08T11:53:03.686+0000] {dagbag.py:588} INFO - Filling up the DagBag from /home/airflow/.local/lib/python3.12/site-packages/airflow/example_dags/tutorial_dag.py
[2024-11-08T11:53:03.739+0000] {processor.py:925} INFO - DAG(s) 'tutorial_dag' retrieved from /home/airflow/.local/lib/python3.12/site-packages/airflow/example_dags/tutorial_dag.py
[2024-11-08T11:53:03.830+0000] {logging_mixin.py:190} INFO - [2024-11-08T11:53:03.829+0000] {dag.py:3239} INFO - Sync 1 DAGs
[2024-11-08T11:53:03.920+0000] {logging_mixin.py:190} INFO - [2024-11-08T11:53:03.909+0000] {dag.py:4180} INFO - Setting next_dagrun for tutorial_dag to None, run_after=None
[2024-11-08T11:53:04.022+0000] {processor.py:208} INFO - Processing /home/airflow/.local/lib/python3.12/site-packages/airflow/example_dags/tutorial_dag.py took 0.392 seconds
[2024-11-08T11:53:39.259+0000] {processor.py:186} INFO - Started process (PID=445) to work on /home/airflow/.local/lib/python3.12/site-packages/airflow/example_dags/tutorial_dag.py
[2024-11-08T11:53:39.271+0000] {processor.py:914} INFO - Processing file /home/airflow/.local/lib/python3.12/site-packages/airflow/example_dags/tutorial_dag.py for tasks to queue
[2024-11-08T11:53:39.281+0000] {logging_mixin.py:190} INFO - [2024-11-08T11:53:39.280+0000] {dagbag.py:588} INFO - Filling up the DagBag from /home/airflow/.local/lib/python3.12/site-packages/airflow/example_dags/tutorial_dag.py
[2024-11-08T11:53:39.329+0000] {processor.py:925} INFO - DAG(s) 'tutorial_dag' retrieved from /home/airflow/.local/lib/python3.12/site-packages/airflow/example_dags/tutorial_dag.py
[2024-11-08T11:53:39.424+0000] {logging_mixin.py:190} INFO - [2024-11-08T11:53:39.424+0000] {dag.py:3239} INFO - Sync 1 DAGs
[2024-11-08T11:53:39.515+0000] {logging_mixin.py:190} INFO - [2024-11-08T11:53:39.514+0000] {dag.py:4180} INFO - Setting next_dagrun for tutorial_dag to None, run_after=None
[2024-11-08T11:53:39.614+0000] {processor.py:208} INFO - Processing /home/airflow/.local/lib/python3.12/site-packages/airflow/example_dags/tutorial_dag.py took 0.379 seconds
[2024-11-08T11:54:14.518+0000] {processor.py:186} INFO - Started process (PID=501) to work on /home/airflow/.local/lib/python3.12/site-packages/airflow/example_dags/tutorial_dag.py
[2024-11-08T11:54:14.523+0000] {processor.py:914} INFO - Processing file /home/airflow/.local/lib/python3.12/site-packages/airflow/example_dags/tutorial_dag.py for tasks to queue
[2024-11-08T11:54:14.540+0000] {logging_mixin.py:190} INFO - [2024-11-08T11:54:14.539+0000] {dagbag.py:588} INFO - Filling up the DagBag from /home/airflow/.local/lib/python3.12/site-packages/airflow/example_dags/tutorial_dag.py
[2024-11-08T11:54:14.578+0000] {processor.py:925} INFO - DAG(s) 'tutorial_dag' retrieved from /home/airflow/.local/lib/python3.12/site-packages/airflow/example_dags/tutorial_dag.py
[2024-11-08T11:54:14.692+0000] {logging_mixin.py:190} INFO - [2024-11-08T11:54:14.691+0000] {dag.py:3239} INFO - Sync 1 DAGs
[2024-11-08T11:54:14.816+0000] {logging_mixin.py:190} INFO - [2024-11-08T11:54:14.816+0000] {dag.py:4180} INFO - Setting next_dagrun for tutorial_dag to None, run_after=None
[2024-11-08T11:54:14.906+0000] {processor.py:208} INFO - Processing /home/airflow/.local/lib/python3.12/site-packages/airflow/example_dags/tutorial_dag.py took 0.422 seconds
[2024-11-08T11:54:47.283+0000] {processor.py:186} INFO - Started process (PID=564) to work on /home/airflow/.local/lib/python3.12/site-packages/airflow/example_dags/tutorial_dag.py
[2024-11-08T11:54:47.293+0000] {processor.py:914} INFO - Processing file /home/airflow/.local/lib/python3.12/site-packages/airflow/example_dags/tutorial_dag.py for tasks to queue
[2024-11-08T11:54:47.316+0000] {logging_mixin.py:190} INFO - [2024-11-08T11:54:47.315+0000] {dagbag.py:588} INFO - Filling up the DagBag from /home/airflow/.local/lib/python3.12/site-packages/airflow/example_dags/tutorial_dag.py
[2024-11-08T11:54:47.358+0000] {processor.py:925} INFO - DAG(s) 'tutorial_dag' retrieved from /home/airflow/.local/lib/python3.12/site-packages/airflow/example_dags/tutorial_dag.py
[2024-11-08T11:54:47.450+0000] {logging_mixin.py:190} INFO - [2024-11-08T11:54:47.450+0000] {dag.py:3239} INFO - Sync 1 DAGs
[2024-11-08T11:54:47.573+0000] {logging_mixin.py:190} INFO - [2024-11-08T11:54:47.572+0000] {dag.py:4180} INFO - Setting next_dagrun for tutorial_dag to None, run_after=None
[2024-11-08T11:54:47.719+0000] {processor.py:208} INFO - Processing /home/airflow/.local/lib/python3.12/site-packages/airflow/example_dags/tutorial_dag.py took 0.455 seconds
[2024-11-08T11:55:20.508+0000] {processor.py:186} INFO - Started process (PID=633) to work on /home/airflow/.local/lib/python3.12/site-packages/airflow/example_dags/tutorial_dag.py
[2024-11-08T11:55:20.520+0000] {processor.py:914} INFO - Processing file /home/airflow/.local/lib/python3.12/site-packages/airflow/example_dags/tutorial_dag.py for tasks to queue
[2024-11-08T11:55:20.538+0000] {logging_mixin.py:190} INFO - [2024-11-08T11:55:20.537+0000] {dagbag.py:588} INFO - Filling up the DagBag from /home/airflow/.local/lib/python3.12/site-packages/airflow/example_dags/tutorial_dag.py
[2024-11-08T11:55:20.602+0000] {processor.py:925} INFO - DAG(s) 'tutorial_dag' retrieved from /home/airflow/.local/lib/python3.12/site-packages/airflow/example_dags/tutorial_dag.py
[2024-11-08T11:55:20.738+0000] {logging_mixin.py:190} INFO - [2024-11-08T11:55:20.738+0000] {dag.py:3239} INFO - Sync 1 DAGs
[2024-11-08T11:55:20.862+0000] {logging_mixin.py:190} INFO - [2024-11-08T11:55:20.862+0000] {dag.py:4180} INFO - Setting next_dagrun for tutorial_dag to None, run_after=None
[2024-11-08T11:55:21.028+0000] {processor.py:208} INFO - Processing /home/airflow/.local/lib/python3.12/site-packages/airflow/example_dags/tutorial_dag.py took 0.549 seconds
[2024-11-08T12:00:38.140+0000] {processor.py:186} INFO - Started process (PID=97) to work on /home/airflow/.local/lib/python3.12/site-packages/airflow/example_dags/tutorial_dag.py
[2024-11-08T12:00:38.154+0000] {processor.py:914} INFO - Processing file /home/airflow/.local/lib/python3.12/site-packages/airflow/example_dags/tutorial_dag.py for tasks to queue
[2024-11-08T12:00:38.172+0000] {logging_mixin.py:190} INFO - [2024-11-08T12:00:38.165+0000] {dagbag.py:588} INFO - Filling up the DagBag from /home/airflow/.local/lib/python3.12/site-packages/airflow/example_dags/tutorial_dag.py
[2024-11-08T12:00:38.250+0000] {processor.py:925} INFO - DAG(s) 'tutorial_dag' retrieved from /home/airflow/.local/lib/python3.12/site-packages/airflow/example_dags/tutorial_dag.py
[2024-11-08T12:00:38.508+0000] {logging_mixin.py:190} INFO - [2024-11-08T12:00:38.507+0000] {dag.py:3239} INFO - Sync 1 DAGs
[2024-11-08T12:00:38.607+0000] {logging_mixin.py:190} INFO - [2024-11-08T12:00:38.606+0000] {dag.py:4180} INFO - Setting next_dagrun for tutorial_dag to None, run_after=None
[2024-11-08T12:00:38.728+0000] {processor.py:208} INFO - Processing /home/airflow/.local/lib/python3.12/site-packages/airflow/example_dags/tutorial_dag.py took 0.616 seconds
[2024-11-08T12:02:14.641+0000] {processor.py:186} INFO - Started process (PID=173) to work on /home/airflow/.local/lib/python3.12/site-packages/airflow/example_dags/tutorial_dag.py
[2024-11-08T12:02:14.669+0000] {processor.py:914} INFO - Processing file /home/airflow/.local/lib/python3.12/site-packages/airflow/example_dags/tutorial_dag.py for tasks to queue
[2024-11-08T12:02:14.679+0000] {logging_mixin.py:190} INFO - [2024-11-08T12:02:14.678+0000] {dagbag.py:588} INFO - Filling up the DagBag from /home/airflow/.local/lib/python3.12/site-packages/airflow/example_dags/tutorial_dag.py
[2024-11-08T12:02:14.741+0000] {processor.py:925} INFO - DAG(s) 'tutorial_dag' retrieved from /home/airflow/.local/lib/python3.12/site-packages/airflow/example_dags/tutorial_dag.py
[2024-11-08T12:02:14.895+0000] {logging_mixin.py:190} INFO - [2024-11-08T12:02:14.894+0000] {dag.py:3239} INFO - Sync 1 DAGs
[2024-11-08T12:02:15.063+0000] {logging_mixin.py:190} INFO - [2024-11-08T12:02:15.063+0000] {dag.py:4180} INFO - Setting next_dagrun for tutorial_dag to None, run_after=None
[2024-11-08T12:02:15.215+0000] {processor.py:208} INFO - Processing /home/airflow/.local/lib/python3.12/site-packages/airflow/example_dags/tutorial_dag.py took 0.606 seconds
[2024-11-08T12:02:55.980+0000] {processor.py:186} INFO - Started process (PID=238) to work on /home/airflow/.local/lib/python3.12/site-packages/airflow/example_dags/tutorial_dag.py
[2024-11-08T12:02:55.982+0000] {processor.py:914} INFO - Processing file /home/airflow/.local/lib/python3.12/site-packages/airflow/example_dags/tutorial_dag.py for tasks to queue
[2024-11-08T12:02:56.010+0000] {logging_mixin.py:190} INFO - [2024-11-08T12:02:56.009+0000] {dagbag.py:588} INFO - Filling up the DagBag from /home/airflow/.local/lib/python3.12/site-packages/airflow/example_dags/tutorial_dag.py
[2024-11-08T12:02:56.075+0000] {processor.py:925} INFO - DAG(s) 'tutorial_dag' retrieved from /home/airflow/.local/lib/python3.12/site-packages/airflow/example_dags/tutorial_dag.py
[2024-11-08T12:02:56.202+0000] {logging_mixin.py:190} INFO - [2024-11-08T12:02:56.201+0000] {dag.py:3239} INFO - Sync 1 DAGs
[2024-11-08T12:02:56.334+0000] {logging_mixin.py:190} INFO - [2024-11-08T12:02:56.333+0000] {dag.py:4180} INFO - Setting next_dagrun for tutorial_dag to None, run_after=None
[2024-11-08T12:02:56.525+0000] {processor.py:208} INFO - Processing /home/airflow/.local/lib/python3.12/site-packages/airflow/example_dags/tutorial_dag.py took 0.590 seconds
[2024-11-08T12:03:37.602+0000] {processor.py:186} INFO - Started process (PID=286) to work on /home/airflow/.local/lib/python3.12/site-packages/airflow/example_dags/tutorial_dag.py
[2024-11-08T12:03:37.611+0000] {processor.py:914} INFO - Processing file /home/airflow/.local/lib/python3.12/site-packages/airflow/example_dags/tutorial_dag.py for tasks to queue
[2024-11-08T12:03:37.619+0000] {logging_mixin.py:190} INFO - [2024-11-08T12:03:37.618+0000] {dagbag.py:588} INFO - Filling up the DagBag from /home/airflow/.local/lib/python3.12/site-packages/airflow/example_dags/tutorial_dag.py
[2024-11-08T12:03:37.669+0000] {processor.py:925} INFO - DAG(s) 'tutorial_dag' retrieved from /home/airflow/.local/lib/python3.12/site-packages/airflow/example_dags/tutorial_dag.py
[2024-11-08T12:03:37.824+0000] {logging_mixin.py:190} INFO - [2024-11-08T12:03:37.823+0000] {dag.py:3239} INFO - Sync 1 DAGs
[2024-11-08T12:03:37.921+0000] {logging_mixin.py:190} INFO - [2024-11-08T12:03:37.921+0000] {dag.py:4180} INFO - Setting next_dagrun for tutorial_dag to None, run_after=None
[2024-11-08T12:03:38.053+0000] {processor.py:208} INFO - Processing /home/airflow/.local/lib/python3.12/site-packages/airflow/example_dags/tutorial_dag.py took 0.510 seconds
[2024-11-08T12:04:12.697+0000] {processor.py:186} INFO - Started process (PID=356) to work on /home/airflow/.local/lib/python3.12/site-packages/airflow/example_dags/tutorial_dag.py
[2024-11-08T12:04:12.704+0000] {processor.py:914} INFO - Processing file /home/airflow/.local/lib/python3.12/site-packages/airflow/example_dags/tutorial_dag.py for tasks to queue
[2024-11-08T12:04:12.722+0000] {logging_mixin.py:190} INFO - [2024-11-08T12:04:12.721+0000] {dagbag.py:588} INFO - Filling up the DagBag from /home/airflow/.local/lib/python3.12/site-packages/airflow/example_dags/tutorial_dag.py
[2024-11-08T12:04:12.788+0000] {processor.py:925} INFO - DAG(s) 'tutorial_dag' retrieved from /home/airflow/.local/lib/python3.12/site-packages/airflow/example_dags/tutorial_dag.py
[2024-11-08T12:04:12.899+0000] {logging_mixin.py:190} INFO - [2024-11-08T12:04:12.898+0000] {dag.py:3239} INFO - Sync 1 DAGs
[2024-11-08T12:04:12.992+0000] {logging_mixin.py:190} INFO - [2024-11-08T12:04:12.981+0000] {dag.py:4180} INFO - Setting next_dagrun for tutorial_dag to None, run_after=None
[2024-11-08T12:04:13.140+0000] {processor.py:208} INFO - Processing /home/airflow/.local/lib/python3.12/site-packages/airflow/example_dags/tutorial_dag.py took 0.480 seconds
[2024-11-08T12:04:44.898+0000] {processor.py:186} INFO - Started process (PID=419) to work on /home/airflow/.local/lib/python3.12/site-packages/airflow/example_dags/tutorial_dag.py
[2024-11-08T12:04:44.961+0000] {processor.py:914} INFO - Processing file /home/airflow/.local/lib/python3.12/site-packages/airflow/example_dags/tutorial_dag.py for tasks to queue
[2024-11-08T12:04:44.967+0000] {logging_mixin.py:190} INFO - [2024-11-08T12:04:44.966+0000] {dagbag.py:588} INFO - Filling up the DagBag from /home/airflow/.local/lib/python3.12/site-packages/airflow/example_dags/tutorial_dag.py
[2024-11-08T12:04:45.047+0000] {processor.py:925} INFO - DAG(s) 'tutorial_dag' retrieved from /home/airflow/.local/lib/python3.12/site-packages/airflow/example_dags/tutorial_dag.py
[2024-11-08T12:04:45.188+0000] {logging_mixin.py:190} INFO - [2024-11-08T12:04:45.188+0000] {dag.py:3239} INFO - Sync 1 DAGs
[2024-11-08T12:04:45.270+0000] {logging_mixin.py:190} INFO - [2024-11-08T12:04:45.270+0000] {dag.py:4180} INFO - Setting next_dagrun for tutorial_dag to None, run_after=None
[2024-11-08T12:04:45.382+0000] {processor.py:208} INFO - Processing /home/airflow/.local/lib/python3.12/site-packages/airflow/example_dags/tutorial_dag.py took 0.508 seconds
[2024-11-08T12:05:32.633+0000] {processor.py:186} INFO - Started process (PID=475) to work on /home/airflow/.local/lib/python3.12/site-packages/airflow/example_dags/tutorial_dag.py
[2024-11-08T12:05:32.718+0000] {processor.py:914} INFO - Processing file /home/airflow/.local/lib/python3.12/site-packages/airflow/example_dags/tutorial_dag.py for tasks to queue
[2024-11-08T12:05:32.787+0000] {logging_mixin.py:190} INFO - [2024-11-08T12:05:32.786+0000] {dagbag.py:588} INFO - Filling up the DagBag from /home/airflow/.local/lib/python3.12/site-packages/airflow/example_dags/tutorial_dag.py
[2024-11-08T12:05:32.900+0000] {processor.py:925} INFO - DAG(s) 'tutorial_dag' retrieved from /home/airflow/.local/lib/python3.12/site-packages/airflow/example_dags/tutorial_dag.py
[2024-11-08T12:05:33.263+0000] {logging_mixin.py:190} INFO - [2024-11-08T12:05:33.262+0000] {dag.py:3239} INFO - Sync 1 DAGs
[2024-11-08T12:05:33.468+0000] {logging_mixin.py:190} INFO - [2024-11-08T12:05:33.467+0000] {dag.py:4180} INFO - Setting next_dagrun for tutorial_dag to None, run_after=None
[2024-11-08T12:05:33.682+0000] {processor.py:208} INFO - Processing /home/airflow/.local/lib/python3.12/site-packages/airflow/example_dags/tutorial_dag.py took 1.102 seconds
[2024-11-08T12:06:16.160+0000] {processor.py:186} INFO - Started process (PID=525) to work on /home/airflow/.local/lib/python3.12/site-packages/airflow/example_dags/tutorial_dag.py
[2024-11-08T12:06:16.219+0000] {processor.py:914} INFO - Processing file /home/airflow/.local/lib/python3.12/site-packages/airflow/example_dags/tutorial_dag.py for tasks to queue
[2024-11-08T12:06:16.239+0000] {logging_mixin.py:190} INFO - [2024-11-08T12:06:16.238+0000] {dagbag.py:588} INFO - Filling up the DagBag from /home/airflow/.local/lib/python3.12/site-packages/airflow/example_dags/tutorial_dag.py
[2024-11-08T12:06:16.306+0000] {processor.py:925} INFO - DAG(s) 'tutorial_dag' retrieved from /home/airflow/.local/lib/python3.12/site-packages/airflow/example_dags/tutorial_dag.py
[2024-11-08T12:06:16.711+0000] {logging_mixin.py:190} INFO - [2024-11-08T12:06:16.710+0000] {dag.py:3239} INFO - Sync 1 DAGs
[2024-11-08T12:06:16.837+0000] {logging_mixin.py:190} INFO - [2024-11-08T12:06:16.836+0000] {dag.py:4180} INFO - Setting next_dagrun for tutorial_dag to None, run_after=None
[2024-11-08T12:06:17.006+0000] {processor.py:208} INFO - Processing /home/airflow/.local/lib/python3.12/site-packages/airflow/example_dags/tutorial_dag.py took 0.892 seconds
[2024-11-08T12:06:57.420+0000] {processor.py:186} INFO - Started process (PID=585) to work on /home/airflow/.local/lib/python3.12/site-packages/airflow/example_dags/tutorial_dag.py
[2024-11-08T12:06:57.424+0000] {processor.py:914} INFO - Processing file /home/airflow/.local/lib/python3.12/site-packages/airflow/example_dags/tutorial_dag.py for tasks to queue
[2024-11-08T12:06:57.476+0000] {logging_mixin.py:190} INFO - [2024-11-08T12:06:57.475+0000] {dagbag.py:588} INFO - Filling up the DagBag from /home/airflow/.local/lib/python3.12/site-packages/airflow/example_dags/tutorial_dag.py
[2024-11-08T12:06:57.704+0000] {processor.py:925} INFO - DAG(s) 'tutorial_dag' retrieved from /home/airflow/.local/lib/python3.12/site-packages/airflow/example_dags/tutorial_dag.py
[2024-11-08T12:06:57.823+0000] {logging_mixin.py:190} INFO - [2024-11-08T12:06:57.822+0000] {dag.py:3239} INFO - Sync 1 DAGs
[2024-11-08T12:06:57.938+0000] {logging_mixin.py:190} INFO - [2024-11-08T12:06:57.937+0000] {dag.py:4180} INFO - Setting next_dagrun for tutorial_dag to None, run_after=None
[2024-11-08T12:06:58.068+0000] {processor.py:208} INFO - Processing /home/airflow/.local/lib/python3.12/site-packages/airflow/example_dags/tutorial_dag.py took 0.682 seconds
[2024-11-08T12:07:46.407+0000] {processor.py:186} INFO - Started process (PID=657) to work on /home/airflow/.local/lib/python3.12/site-packages/airflow/example_dags/tutorial_dag.py
[2024-11-08T12:07:46.440+0000] {processor.py:914} INFO - Processing file /home/airflow/.local/lib/python3.12/site-packages/airflow/example_dags/tutorial_dag.py for tasks to queue
[2024-11-08T12:07:46.451+0000] {logging_mixin.py:190} INFO - [2024-11-08T12:07:46.450+0000] {dagbag.py:588} INFO - Filling up the DagBag from /home/airflow/.local/lib/python3.12/site-packages/airflow/example_dags/tutorial_dag.py
[2024-11-08T12:07:46.506+0000] {processor.py:925} INFO - DAG(s) 'tutorial_dag' retrieved from /home/airflow/.local/lib/python3.12/site-packages/airflow/example_dags/tutorial_dag.py
[2024-11-08T12:07:46.646+0000] {logging_mixin.py:190} INFO - [2024-11-08T12:07:46.645+0000] {dag.py:3239} INFO - Sync 1 DAGs
[2024-11-08T12:07:46.908+0000] {logging_mixin.py:190} INFO - [2024-11-08T12:07:46.907+0000] {dag.py:4180} INFO - Setting next_dagrun for tutorial_dag to None, run_after=None
[2024-11-08T12:07:47.048+0000] {processor.py:208} INFO - Processing /home/airflow/.local/lib/python3.12/site-packages/airflow/example_dags/tutorial_dag.py took 0.697 seconds
