[2024-11-15T05:38:42.746+0000] {local_task_job_runner.py:123} INFO - ::group::Pre task execution logs
[2024-11-15T05:38:42.879+0000] {taskinstance.py:2613} INFO - Dependencies all met for dep_context=non-requeueable deps ti=<TaskInstance: daily_news_crawler.fetch_news_data scheduled__2024-11-10T00:00:00+00:00 [queued]>
[2024-11-15T05:38:42.938+0000] {taskinstance.py:2613} INFO - Dependencies all met for dep_context=requeueable deps ti=<TaskInstance: daily_news_crawler.fetch_news_data scheduled__2024-11-10T00:00:00+00:00 [queued]>
[2024-11-15T05:38:42.983+0000] {taskinstance.py:2866} INFO - Starting attempt 1 of 2
[2024-11-15T05:38:43.160+0000] {taskinstance.py:2889} INFO - Executing <Task(PythonOperator): fetch_news_data> on 2024-11-10 00:00:00+00:00
[2024-11-15T05:38:43.374+0000] {warnings.py:112} WARNING - /home/***/.local/lib/python3.12/site-packages/***/task/task_runner/standard_task_runner.py:70: DeprecationWarning: This process (pid=74) is multi-threaded, use of fork() may lead to deadlocks in the child.
  pid = os.fork()

[2024-11-15T05:38:43.489+0000] {standard_task_runner.py:72} INFO - Started process 91 to run task
[2024-11-15T05:38:43.476+0000] {standard_task_runner.py:104} INFO - Running: ['***', 'tasks', 'run', 'daily_news_crawler', 'fetch_news_data', 'scheduled__2024-11-10T00:00:00+00:00', '--job-id', '22', '--raw', '--subdir', 'DAGS_FOLDER/nh_news_crawling.py', '--cfg-path', '/tmp/tmp9pwjpwzb']
[2024-11-15T05:38:43.563+0000] {standard_task_runner.py:105} INFO - Job 22: Subtask fetch_news_data
[2024-11-15T05:38:44.306+0000] {task_command.py:467} INFO - Running <TaskInstance: daily_news_crawler.fetch_news_data scheduled__2024-11-10T00:00:00+00:00 [running]> on host 0d5fac489432
[2024-11-15T05:38:45.260+0000] {taskinstance.py:3132} INFO - Exporting env vars: AIRFLOW_CTX_DAG_OWNER='***' AIRFLOW_CTX_DAG_ID='daily_news_crawler' AIRFLOW_CTX_TASK_ID='fetch_news_data' AIRFLOW_CTX_EXECUTION_DATE='2024-11-10T00:00:00+00:00' AIRFLOW_CTX_TRY_NUMBER='1' AIRFLOW_CTX_DAG_RUN_ID='scheduled__2024-11-10T00:00:00+00:00'
[2024-11-15T05:38:45.276+0000] {logging_mixin.py:190} INFO - Task instance is in running state
[2024-11-15T05:38:45.297+0000] {logging_mixin.py:190} INFO -  Previous state of the Task instance: queued
[2024-11-15T05:38:45.311+0000] {logging_mixin.py:190} INFO - Current task name:fetch_news_data state:running start_date:2024-11-15 05:38:42.898480+00:00
[2024-11-15T05:38:45.315+0000] {logging_mixin.py:190} INFO - Dag name:daily_news_crawler and current dag run status:running
[2024-11-15T05:38:45.322+0000] {taskinstance.py:731} INFO - ::endgroup::
[2024-11-15T05:39:53.022+0000] {python.py:240} INFO - Done. Returned value was: None
[2024-11-15T05:39:53.209+0000] {taskinstance.py:340} INFO - ::group::Post task execution logs
[2024-11-15T05:39:53.214+0000] {taskinstance.py:352} INFO - Marking task as SUCCESS. dag_id=daily_news_crawler, task_id=fetch_news_data, run_id=scheduled__2024-11-10T00:00:00+00:00, execution_date=20241110T000000, start_date=20241115T053842, end_date=20241115T053953
[2024-11-15T05:39:53.295+0000] {logging_mixin.py:190} INFO - Task instance in success state
[2024-11-15T05:39:53.297+0000] {logging_mixin.py:190} INFO -  Previous state of the Task instance: running
[2024-11-15T05:39:53.298+0000] {logging_mixin.py:190} INFO - Dag name:daily_news_crawler queued_at:2024-11-15 05:37:38.076392+00:00
[2024-11-15T05:39:53.300+0000] {logging_mixin.py:190} INFO - Task hostname:0d5fac489432 operator:PythonOperator
[2024-11-15T05:39:53.379+0000] {local_task_job_runner.py:266} INFO - Task exited with return code 0
[2024-11-15T05:39:53.474+0000] {taskinstance.py:3895} INFO - 0 downstream tasks scheduled from follow-on schedule check
[2024-11-15T05:39:53.478+0000] {local_task_job_runner.py:245} INFO - ::endgroup::
