[2024-11-09T00:42:04.944+0000] {processor.py:186} INFO - Started process (PID=722) to work on /home/airflow/.local/lib/python3.12/site-packages/airflow/example_dags/example_datasets.py
[2024-11-09T00:42:05.006+0000] {processor.py:914} INFO - Processing file /home/airflow/.local/lib/python3.12/site-packages/airflow/example_dags/example_datasets.py for tasks to queue
[2024-11-09T00:42:05.096+0000] {logging_mixin.py:190} INFO - [2024-11-09T00:42:05.095+0000] {dagbag.py:588} INFO - Filling up the DagBag from /home/airflow/.local/lib/python3.12/site-packages/airflow/example_dags/example_datasets.py
[2024-11-09T00:42:26.788+0000] {processor.py:925} INFO - DAG(s) 'dataset_produces_2', 'dataset_consumes_unknown_never_scheduled', 'dataset_consumes_1_never_scheduled', 'consume_1_or_2_with_dataset_expressions', 'dataset_consumes_1', 'consume_1_or_both_2_and_3_with_dataset_expressions', 'consume_1_and_2_with_dataset_expressions', 'dataset_produces_1', 'dataset_consumes_1_and_2', 'conditional_dataset_and_time_based_timetable' retrieved from /home/airflow/.local/lib/python3.12/site-packages/airflow/example_dags/example_datasets.py
[2024-11-09T00:42:27.651+0000] {logging_mixin.py:190} INFO - [2024-11-09T00:42:27.648+0000] {dag.py:3239} INFO - Sync 10 DAGs
[2024-11-09T00:42:28.072+0000] {logging_mixin.py:190} INFO - [2024-11-09T00:42:28.069+0000] {dag.py:4180} INFO - Setting next_dagrun for conditional_dataset_and_time_based_timetable to 2024-11-06 01:00:00+00:00, run_after=2024-11-06 01:00:00+00:00
[2024-11-09T00:42:28.172+0000] {logging_mixin.py:190} INFO - [2024-11-09T00:42:28.171+0000] {dag.py:4180} INFO - Setting next_dagrun for consume_1_and_2_with_dataset_expressions to None, run_after=None
[2024-11-09T00:42:28.204+0000] {logging_mixin.py:190} INFO - [2024-11-09T00:42:28.204+0000] {dag.py:4180} INFO - Setting next_dagrun for consume_1_or_2_with_dataset_expressions to None, run_after=None
[2024-11-09T00:42:28.270+0000] {logging_mixin.py:190} INFO - [2024-11-09T00:42:28.270+0000] {dag.py:4180} INFO - Setting next_dagrun for consume_1_or_both_2_and_3_with_dataset_expressions to None, run_after=None
[2024-11-09T00:42:28.290+0000] {logging_mixin.py:190} INFO - [2024-11-09T00:42:28.289+0000] {dag.py:4180} INFO - Setting next_dagrun for dataset_consumes_1 to None, run_after=None
[2024-11-09T00:42:28.308+0000] {logging_mixin.py:190} INFO - [2024-11-09T00:42:28.308+0000] {dag.py:4180} INFO - Setting next_dagrun for dataset_consumes_1_and_2 to None, run_after=None
[2024-11-09T00:42:28.324+0000] {logging_mixin.py:190} INFO - [2024-11-09T00:42:28.323+0000] {dag.py:4180} INFO - Setting next_dagrun for dataset_consumes_1_never_scheduled to None, run_after=None
[2024-11-09T00:42:28.339+0000] {logging_mixin.py:190} INFO - [2024-11-09T00:42:28.338+0000] {dag.py:4180} INFO - Setting next_dagrun for dataset_consumes_unknown_never_scheduled to None, run_after=None
[2024-11-09T00:42:28.357+0000] {logging_mixin.py:190} INFO - [2024-11-09T00:42:28.356+0000] {dag.py:4180} INFO - Setting next_dagrun for dataset_produces_1 to 2024-11-08 00:00:00+00:00, run_after=2024-11-09 00:00:00+00:00
[2024-11-09T00:42:28.368+0000] {logging_mixin.py:190} INFO - [2024-11-09T00:42:28.367+0000] {dag.py:4180} INFO - Setting next_dagrun for dataset_produces_2 to None, run_after=None
[2024-11-09T00:42:28.759+0000] {processor.py:208} INFO - Processing /home/airflow/.local/lib/python3.12/site-packages/airflow/example_dags/example_datasets.py took 23.846 seconds
[2024-11-09T00:42:59.098+0000] {processor.py:186} INFO - Started process (PID=801) to work on /home/airflow/.local/lib/python3.12/site-packages/airflow/example_dags/example_datasets.py
[2024-11-09T00:42:59.110+0000] {processor.py:914} INFO - Processing file /home/airflow/.local/lib/python3.12/site-packages/airflow/example_dags/example_datasets.py for tasks to queue
[2024-11-09T00:42:59.116+0000] {logging_mixin.py:190} INFO - [2024-11-09T00:42:59.116+0000] {dagbag.py:588} INFO - Filling up the DagBag from /home/airflow/.local/lib/python3.12/site-packages/airflow/example_dags/example_datasets.py
[2024-11-09T00:43:01.613+0000] {processor.py:925} INFO - DAG(s) 'consume_1_and_2_with_dataset_expressions', 'dataset_consumes_1', 'dataset_produces_1', 'consume_1_or_both_2_and_3_with_dataset_expressions', 'dataset_produces_2', 'dataset_consumes_unknown_never_scheduled', 'dataset_consumes_1_and_2', 'conditional_dataset_and_time_based_timetable', 'dataset_consumes_1_never_scheduled', 'consume_1_or_2_with_dataset_expressions' retrieved from /home/airflow/.local/lib/python3.12/site-packages/airflow/example_dags/example_datasets.py
[2024-11-09T00:43:01.810+0000] {logging_mixin.py:190} INFO - [2024-11-09T00:43:01.800+0000] {dag.py:3239} INFO - Sync 10 DAGs
[2024-11-09T00:43:01.951+0000] {logging_mixin.py:190} INFO - [2024-11-09T00:43:01.951+0000] {dag.py:4180} INFO - Setting next_dagrun for conditional_dataset_and_time_based_timetable to 2024-11-06 01:00:00+00:00, run_after=2024-11-06 01:00:00+00:00
[2024-11-09T00:43:01.977+0000] {logging_mixin.py:190} INFO - [2024-11-09T00:43:01.976+0000] {dag.py:4180} INFO - Setting next_dagrun for consume_1_and_2_with_dataset_expressions to None, run_after=None
[2024-11-09T00:43:01.985+0000] {logging_mixin.py:190} INFO - [2024-11-09T00:43:01.984+0000] {dag.py:4180} INFO - Setting next_dagrun for consume_1_or_2_with_dataset_expressions to None, run_after=None
[2024-11-09T00:43:01.989+0000] {logging_mixin.py:190} INFO - [2024-11-09T00:43:01.988+0000] {dag.py:4180} INFO - Setting next_dagrun for consume_1_or_both_2_and_3_with_dataset_expressions to None, run_after=None
[2024-11-09T00:43:02.002+0000] {logging_mixin.py:190} INFO - [2024-11-09T00:43:02.001+0000] {dag.py:4180} INFO - Setting next_dagrun for dataset_consumes_1 to None, run_after=None
[2024-11-09T00:43:02.006+0000] {logging_mixin.py:190} INFO - [2024-11-09T00:43:02.005+0000] {dag.py:4180} INFO - Setting next_dagrun for dataset_consumes_1_and_2 to None, run_after=None
[2024-11-09T00:43:02.012+0000] {logging_mixin.py:190} INFO - [2024-11-09T00:43:02.011+0000] {dag.py:4180} INFO - Setting next_dagrun for dataset_consumes_1_never_scheduled to None, run_after=None
[2024-11-09T00:43:02.025+0000] {logging_mixin.py:190} INFO - [2024-11-09T00:43:02.024+0000] {dag.py:4180} INFO - Setting next_dagrun for dataset_consumes_unknown_never_scheduled to None, run_after=None
[2024-11-09T00:43:02.041+0000] {logging_mixin.py:190} INFO - [2024-11-09T00:43:02.040+0000] {dag.py:4180} INFO - Setting next_dagrun for dataset_produces_1 to 2024-11-08 00:00:00+00:00, run_after=2024-11-09 00:00:00+00:00
[2024-11-09T00:43:02.071+0000] {logging_mixin.py:190} INFO - [2024-11-09T00:43:02.071+0000] {dag.py:4180} INFO - Setting next_dagrun for dataset_produces_2 to None, run_after=None
[2024-11-09T00:43:02.264+0000] {processor.py:208} INFO - Processing /home/airflow/.local/lib/python3.12/site-packages/airflow/example_dags/example_datasets.py took 3.188 seconds
