[2024-11-15T05:39:11.117+0000] {processor.py:186} INFO - Started process (PID=153) to work on /home/airflow/.local/lib/python3.12/site-packages/airflow/example_dags/example_kubernetes_executor.py
[2024-11-15T05:39:11.134+0000] {processor.py:914} INFO - Processing file /home/airflow/.local/lib/python3.12/site-packages/airflow/example_dags/example_kubernetes_executor.py for tasks to queue
[2024-11-15T05:39:11.150+0000] {logging_mixin.py:190} INFO - [2024-11-15T05:39:11.150+0000] {dagbag.py:588} INFO - Filling up the DagBag from /home/airflow/.local/lib/python3.12/site-packages/airflow/example_dags/example_kubernetes_executor.py
[2024-11-15T05:39:11.253+0000] {processor.py:925} INFO - DAG(s) 'example_kubernetes_executor' retrieved from /home/airflow/.local/lib/python3.12/site-packages/airflow/example_dags/example_kubernetes_executor.py
[2024-11-15T05:39:11.471+0000] {logging_mixin.py:190} INFO - [2024-11-15T05:39:11.470+0000] {dag.py:3239} INFO - Sync 1 DAGs
[2024-11-15T05:39:11.579+0000] {logging_mixin.py:190} INFO - [2024-11-15T05:39:11.578+0000] {dag.py:4180} INFO - Setting next_dagrun for example_kubernetes_executor to None, run_after=None
[2024-11-15T05:39:11.713+0000] {processor.py:208} INFO - Processing /home/airflow/.local/lib/python3.12/site-packages/airflow/example_dags/example_kubernetes_executor.py took 0.637 seconds
[2024-11-15T05:39:45.991+0000] {processor.py:186} INFO - Started process (PID=218) to work on /home/airflow/.local/lib/python3.12/site-packages/airflow/example_dags/example_kubernetes_executor.py
[2024-11-15T05:39:45.996+0000] {processor.py:914} INFO - Processing file /home/airflow/.local/lib/python3.12/site-packages/airflow/example_dags/example_kubernetes_executor.py for tasks to queue
[2024-11-15T05:39:46.002+0000] {logging_mixin.py:190} INFO - [2024-11-15T05:39:46.001+0000] {dagbag.py:588} INFO - Filling up the DagBag from /home/airflow/.local/lib/python3.12/site-packages/airflow/example_dags/example_kubernetes_executor.py
[2024-11-15T05:39:46.069+0000] {processor.py:925} INFO - DAG(s) 'example_kubernetes_executor' retrieved from /home/airflow/.local/lib/python3.12/site-packages/airflow/example_dags/example_kubernetes_executor.py
[2024-11-15T05:39:46.258+0000] {logging_mixin.py:190} INFO - [2024-11-15T05:39:46.258+0000] {dag.py:3239} INFO - Sync 1 DAGs
[2024-11-15T05:39:46.373+0000] {logging_mixin.py:190} INFO - [2024-11-15T05:39:46.372+0000] {dag.py:4180} INFO - Setting next_dagrun for example_kubernetes_executor to None, run_after=None
[2024-11-15T05:39:46.533+0000] {processor.py:208} INFO - Processing /home/airflow/.local/lib/python3.12/site-packages/airflow/example_dags/example_kubernetes_executor.py took 0.564 seconds
[2024-11-15T05:40:17.411+0000] {processor.py:186} INFO - Started process (PID=283) to work on /home/airflow/.local/lib/python3.12/site-packages/airflow/example_dags/example_kubernetes_executor.py
[2024-11-15T05:40:17.414+0000] {processor.py:914} INFO - Processing file /home/airflow/.local/lib/python3.12/site-packages/airflow/example_dags/example_kubernetes_executor.py for tasks to queue
[2024-11-15T05:40:17.424+0000] {logging_mixin.py:190} INFO - [2024-11-15T05:40:17.422+0000] {dagbag.py:588} INFO - Filling up the DagBag from /home/airflow/.local/lib/python3.12/site-packages/airflow/example_dags/example_kubernetes_executor.py
[2024-11-15T05:40:17.470+0000] {processor.py:925} INFO - DAG(s) 'example_kubernetes_executor' retrieved from /home/airflow/.local/lib/python3.12/site-packages/airflow/example_dags/example_kubernetes_executor.py
[2024-11-15T05:40:17.581+0000] {logging_mixin.py:190} INFO - [2024-11-15T05:40:17.580+0000] {dag.py:3239} INFO - Sync 1 DAGs
[2024-11-15T05:40:17.625+0000] {logging_mixin.py:190} INFO - [2024-11-15T05:40:17.624+0000] {dag.py:4180} INFO - Setting next_dagrun for example_kubernetes_executor to None, run_after=None
[2024-11-15T05:40:17.679+0000] {processor.py:208} INFO - Processing /home/airflow/.local/lib/python3.12/site-packages/airflow/example_dags/example_kubernetes_executor.py took 0.287 seconds
[2024-11-15T05:40:56.387+0000] {processor.py:186} INFO - Started process (PID=363) to work on /home/airflow/.local/lib/python3.12/site-packages/airflow/example_dags/example_kubernetes_executor.py
[2024-11-15T05:40:56.390+0000] {processor.py:914} INFO - Processing file /home/airflow/.local/lib/python3.12/site-packages/airflow/example_dags/example_kubernetes_executor.py for tasks to queue
[2024-11-15T05:40:56.395+0000] {logging_mixin.py:190} INFO - [2024-11-15T05:40:56.394+0000] {dagbag.py:588} INFO - Filling up the DagBag from /home/airflow/.local/lib/python3.12/site-packages/airflow/example_dags/example_kubernetes_executor.py
[2024-11-15T05:40:56.428+0000] {processor.py:925} INFO - DAG(s) 'example_kubernetes_executor' retrieved from /home/airflow/.local/lib/python3.12/site-packages/airflow/example_dags/example_kubernetes_executor.py
[2024-11-15T05:40:56.523+0000] {logging_mixin.py:190} INFO - [2024-11-15T05:40:56.523+0000] {dag.py:3239} INFO - Sync 1 DAGs
[2024-11-15T05:40:56.556+0000] {logging_mixin.py:190} INFO - [2024-11-15T05:40:56.555+0000] {dag.py:4180} INFO - Setting next_dagrun for example_kubernetes_executor to None, run_after=None
[2024-11-15T05:40:56.600+0000] {processor.py:208} INFO - Processing /home/airflow/.local/lib/python3.12/site-packages/airflow/example_dags/example_kubernetes_executor.py took 0.225 seconds
[2024-11-15T05:41:26.709+0000] {processor.py:186} INFO - Started process (PID=427) to work on /home/airflow/.local/lib/python3.12/site-packages/airflow/example_dags/example_kubernetes_executor.py
[2024-11-15T05:41:26.712+0000] {processor.py:914} INFO - Processing file /home/airflow/.local/lib/python3.12/site-packages/airflow/example_dags/example_kubernetes_executor.py for tasks to queue
[2024-11-15T05:41:26.716+0000] {logging_mixin.py:190} INFO - [2024-11-15T05:41:26.715+0000] {dagbag.py:588} INFO - Filling up the DagBag from /home/airflow/.local/lib/python3.12/site-packages/airflow/example_dags/example_kubernetes_executor.py
[2024-11-15T05:41:26.743+0000] {processor.py:925} INFO - DAG(s) 'example_kubernetes_executor' retrieved from /home/airflow/.local/lib/python3.12/site-packages/airflow/example_dags/example_kubernetes_executor.py
[2024-11-15T05:41:26.801+0000] {logging_mixin.py:190} INFO - [2024-11-15T05:41:26.801+0000] {dag.py:3239} INFO - Sync 1 DAGs
[2024-11-15T05:41:26.828+0000] {logging_mixin.py:190} INFO - [2024-11-15T05:41:26.828+0000] {dag.py:4180} INFO - Setting next_dagrun for example_kubernetes_executor to None, run_after=None
[2024-11-15T05:41:26.898+0000] {processor.py:208} INFO - Processing /home/airflow/.local/lib/python3.12/site-packages/airflow/example_dags/example_kubernetes_executor.py took 0.199 seconds
[2024-11-15T05:41:57.621+0000] {processor.py:186} INFO - Started process (PID=492) to work on /home/airflow/.local/lib/python3.12/site-packages/airflow/example_dags/example_kubernetes_executor.py
[2024-11-15T05:41:57.625+0000] {processor.py:914} INFO - Processing file /home/airflow/.local/lib/python3.12/site-packages/airflow/example_dags/example_kubernetes_executor.py for tasks to queue
[2024-11-15T05:41:57.631+0000] {logging_mixin.py:190} INFO - [2024-11-15T05:41:57.631+0000] {dagbag.py:588} INFO - Filling up the DagBag from /home/airflow/.local/lib/python3.12/site-packages/airflow/example_dags/example_kubernetes_executor.py
[2024-11-15T05:41:57.665+0000] {processor.py:925} INFO - DAG(s) 'example_kubernetes_executor' retrieved from /home/airflow/.local/lib/python3.12/site-packages/airflow/example_dags/example_kubernetes_executor.py
[2024-11-15T05:41:57.734+0000] {logging_mixin.py:190} INFO - [2024-11-15T05:41:57.733+0000] {dag.py:3239} INFO - Sync 1 DAGs
[2024-11-15T05:41:57.764+0000] {logging_mixin.py:190} INFO - [2024-11-15T05:41:57.764+0000] {dag.py:4180} INFO - Setting next_dagrun for example_kubernetes_executor to None, run_after=None
[2024-11-15T05:41:57.801+0000] {processor.py:208} INFO - Processing /home/airflow/.local/lib/python3.12/site-packages/airflow/example_dags/example_kubernetes_executor.py took 0.193 seconds
[2024-11-15T05:42:28.647+0000] {processor.py:186} INFO - Started process (PID=557) to work on /home/airflow/.local/lib/python3.12/site-packages/airflow/example_dags/example_kubernetes_executor.py
[2024-11-15T05:42:28.649+0000] {processor.py:914} INFO - Processing file /home/airflow/.local/lib/python3.12/site-packages/airflow/example_dags/example_kubernetes_executor.py for tasks to queue
[2024-11-15T05:42:28.654+0000] {logging_mixin.py:190} INFO - [2024-11-15T05:42:28.654+0000] {dagbag.py:588} INFO - Filling up the DagBag from /home/airflow/.local/lib/python3.12/site-packages/airflow/example_dags/example_kubernetes_executor.py
[2024-11-15T05:42:28.685+0000] {processor.py:925} INFO - DAG(s) 'example_kubernetes_executor' retrieved from /home/airflow/.local/lib/python3.12/site-packages/airflow/example_dags/example_kubernetes_executor.py
[2024-11-15T05:42:28.755+0000] {logging_mixin.py:190} INFO - [2024-11-15T05:42:28.754+0000] {dag.py:3239} INFO - Sync 1 DAGs
[2024-11-15T05:42:28.779+0000] {logging_mixin.py:190} INFO - [2024-11-15T05:42:28.779+0000] {dag.py:4180} INFO - Setting next_dagrun for example_kubernetes_executor to None, run_after=None
[2024-11-15T05:42:28.825+0000] {processor.py:208} INFO - Processing /home/airflow/.local/lib/python3.12/site-packages/airflow/example_dags/example_kubernetes_executor.py took 0.189 seconds
[2024-11-15T05:43:01.529+0000] {processor.py:186} INFO - Started process (PID=622) to work on /home/airflow/.local/lib/python3.12/site-packages/airflow/example_dags/example_kubernetes_executor.py
[2024-11-15T05:43:01.532+0000] {processor.py:914} INFO - Processing file /home/airflow/.local/lib/python3.12/site-packages/airflow/example_dags/example_kubernetes_executor.py for tasks to queue
[2024-11-15T05:43:01.537+0000] {logging_mixin.py:190} INFO - [2024-11-15T05:43:01.536+0000] {dagbag.py:588} INFO - Filling up the DagBag from /home/airflow/.local/lib/python3.12/site-packages/airflow/example_dags/example_kubernetes_executor.py
[2024-11-15T05:43:01.588+0000] {processor.py:925} INFO - DAG(s) 'example_kubernetes_executor' retrieved from /home/airflow/.local/lib/python3.12/site-packages/airflow/example_dags/example_kubernetes_executor.py
[2024-11-15T05:43:01.659+0000] {logging_mixin.py:190} INFO - [2024-11-15T05:43:01.659+0000] {dag.py:3239} INFO - Sync 1 DAGs
[2024-11-15T05:43:01.691+0000] {logging_mixin.py:190} INFO - [2024-11-15T05:43:01.691+0000] {dag.py:4180} INFO - Setting next_dagrun for example_kubernetes_executor to None, run_after=None
[2024-11-15T05:43:01.723+0000] {processor.py:208} INFO - Processing /home/airflow/.local/lib/python3.12/site-packages/airflow/example_dags/example_kubernetes_executor.py took 0.211 seconds
[2024-11-15T05:43:32.044+0000] {processor.py:186} INFO - Started process (PID=686) to work on /home/airflow/.local/lib/python3.12/site-packages/airflow/example_dags/example_kubernetes_executor.py
[2024-11-15T05:43:32.047+0000] {processor.py:914} INFO - Processing file /home/airflow/.local/lib/python3.12/site-packages/airflow/example_dags/example_kubernetes_executor.py for tasks to queue
[2024-11-15T05:43:32.051+0000] {logging_mixin.py:190} INFO - [2024-11-15T05:43:32.051+0000] {dagbag.py:588} INFO - Filling up the DagBag from /home/airflow/.local/lib/python3.12/site-packages/airflow/example_dags/example_kubernetes_executor.py
[2024-11-15T05:43:32.082+0000] {processor.py:925} INFO - DAG(s) 'example_kubernetes_executor' retrieved from /home/airflow/.local/lib/python3.12/site-packages/airflow/example_dags/example_kubernetes_executor.py
[2024-11-15T05:43:32.148+0000] {logging_mixin.py:190} INFO - [2024-11-15T05:43:32.148+0000] {dag.py:3239} INFO - Sync 1 DAGs
[2024-11-15T05:43:32.178+0000] {logging_mixin.py:190} INFO - [2024-11-15T05:43:32.178+0000] {dag.py:4180} INFO - Setting next_dagrun for example_kubernetes_executor to None, run_after=None
[2024-11-15T05:43:32.214+0000] {processor.py:208} INFO - Processing /home/airflow/.local/lib/python3.12/site-packages/airflow/example_dags/example_kubernetes_executor.py took 0.181 seconds
[2024-11-15T05:44:02.837+0000] {processor.py:186} INFO - Started process (PID=752) to work on /home/airflow/.local/lib/python3.12/site-packages/airflow/example_dags/example_kubernetes_executor.py
[2024-11-15T05:44:02.839+0000] {processor.py:914} INFO - Processing file /home/airflow/.local/lib/python3.12/site-packages/airflow/example_dags/example_kubernetes_executor.py for tasks to queue
[2024-11-15T05:44:02.847+0000] {logging_mixin.py:190} INFO - [2024-11-15T05:44:02.846+0000] {dagbag.py:588} INFO - Filling up the DagBag from /home/airflow/.local/lib/python3.12/site-packages/airflow/example_dags/example_kubernetes_executor.py
[2024-11-15T05:44:02.910+0000] {processor.py:925} INFO - DAG(s) 'example_kubernetes_executor' retrieved from /home/airflow/.local/lib/python3.12/site-packages/airflow/example_dags/example_kubernetes_executor.py
[2024-11-15T05:44:03.026+0000] {logging_mixin.py:190} INFO - [2024-11-15T05:44:03.026+0000] {dag.py:3239} INFO - Sync 1 DAGs
[2024-11-15T05:44:03.066+0000] {logging_mixin.py:190} INFO - [2024-11-15T05:44:03.066+0000] {dag.py:4180} INFO - Setting next_dagrun for example_kubernetes_executor to None, run_after=None
[2024-11-15T05:44:03.118+0000] {processor.py:208} INFO - Processing /home/airflow/.local/lib/python3.12/site-packages/airflow/example_dags/example_kubernetes_executor.py took 0.293 seconds
[2024-11-15T05:44:33.206+0000] {processor.py:186} INFO - Started process (PID=816) to work on /home/airflow/.local/lib/python3.12/site-packages/airflow/example_dags/example_kubernetes_executor.py
[2024-11-15T05:44:33.213+0000] {processor.py:914} INFO - Processing file /home/airflow/.local/lib/python3.12/site-packages/airflow/example_dags/example_kubernetes_executor.py for tasks to queue
[2024-11-15T05:44:33.221+0000] {logging_mixin.py:190} INFO - [2024-11-15T05:44:33.220+0000] {dagbag.py:588} INFO - Filling up the DagBag from /home/airflow/.local/lib/python3.12/site-packages/airflow/example_dags/example_kubernetes_executor.py
[2024-11-15T05:44:33.274+0000] {processor.py:925} INFO - DAG(s) 'example_kubernetes_executor' retrieved from /home/airflow/.local/lib/python3.12/site-packages/airflow/example_dags/example_kubernetes_executor.py
[2024-11-15T05:44:33.369+0000] {logging_mixin.py:190} INFO - [2024-11-15T05:44:33.368+0000] {dag.py:3239} INFO - Sync 1 DAGs
[2024-11-15T05:44:33.401+0000] {logging_mixin.py:190} INFO - [2024-11-15T05:44:33.400+0000] {dag.py:4180} INFO - Setting next_dagrun for example_kubernetes_executor to None, run_after=None
[2024-11-15T05:44:33.432+0000] {processor.py:208} INFO - Processing /home/airflow/.local/lib/python3.12/site-packages/airflow/example_dags/example_kubernetes_executor.py took 0.244 seconds
[2024-11-15T05:45:05.057+0000] {processor.py:186} INFO - Started process (PID=881) to work on /home/airflow/.local/lib/python3.12/site-packages/airflow/example_dags/example_kubernetes_executor.py
[2024-11-15T05:45:05.065+0000] {processor.py:914} INFO - Processing file /home/airflow/.local/lib/python3.12/site-packages/airflow/example_dags/example_kubernetes_executor.py for tasks to queue
[2024-11-15T05:45:05.079+0000] {logging_mixin.py:190} INFO - [2024-11-15T05:45:05.077+0000] {dagbag.py:588} INFO - Filling up the DagBag from /home/airflow/.local/lib/python3.12/site-packages/airflow/example_dags/example_kubernetes_executor.py
[2024-11-15T05:45:05.147+0000] {processor.py:925} INFO - DAG(s) 'example_kubernetes_executor' retrieved from /home/airflow/.local/lib/python3.12/site-packages/airflow/example_dags/example_kubernetes_executor.py
[2024-11-15T05:45:05.305+0000] {logging_mixin.py:190} INFO - [2024-11-15T05:45:05.304+0000] {dag.py:3239} INFO - Sync 1 DAGs
[2024-11-15T05:45:05.371+0000] {logging_mixin.py:190} INFO - [2024-11-15T05:45:05.370+0000] {dag.py:4180} INFO - Setting next_dagrun for example_kubernetes_executor to None, run_after=None
[2024-11-15T05:45:05.459+0000] {processor.py:208} INFO - Processing /home/airflow/.local/lib/python3.12/site-packages/airflow/example_dags/example_kubernetes_executor.py took 0.436 seconds
[2024-11-15T05:45:36.243+0000] {processor.py:186} INFO - Started process (PID=946) to work on /home/airflow/.local/lib/python3.12/site-packages/airflow/example_dags/example_kubernetes_executor.py
[2024-11-15T05:45:36.246+0000] {processor.py:914} INFO - Processing file /home/airflow/.local/lib/python3.12/site-packages/airflow/example_dags/example_kubernetes_executor.py for tasks to queue
[2024-11-15T05:45:36.251+0000] {logging_mixin.py:190} INFO - [2024-11-15T05:45:36.250+0000] {dagbag.py:588} INFO - Filling up the DagBag from /home/airflow/.local/lib/python3.12/site-packages/airflow/example_dags/example_kubernetes_executor.py
[2024-11-15T05:45:36.281+0000] {processor.py:925} INFO - DAG(s) 'example_kubernetes_executor' retrieved from /home/airflow/.local/lib/python3.12/site-packages/airflow/example_dags/example_kubernetes_executor.py
[2024-11-15T05:45:36.515+0000] {logging_mixin.py:190} INFO - [2024-11-15T05:45:36.515+0000] {dag.py:3239} INFO - Sync 1 DAGs
[2024-11-15T05:45:36.577+0000] {logging_mixin.py:190} INFO - [2024-11-15T05:45:36.577+0000] {dag.py:4180} INFO - Setting next_dagrun for example_kubernetes_executor to None, run_after=None
[2024-11-15T05:45:36.613+0000] {processor.py:208} INFO - Processing /home/airflow/.local/lib/python3.12/site-packages/airflow/example_dags/example_kubernetes_executor.py took 0.385 seconds
[2024-11-15T05:46:06.908+0000] {processor.py:186} INFO - Started process (PID=1011) to work on /home/airflow/.local/lib/python3.12/site-packages/airflow/example_dags/example_kubernetes_executor.py
[2024-11-15T05:46:06.911+0000] {processor.py:914} INFO - Processing file /home/airflow/.local/lib/python3.12/site-packages/airflow/example_dags/example_kubernetes_executor.py for tasks to queue
[2024-11-15T05:46:06.917+0000] {logging_mixin.py:190} INFO - [2024-11-15T05:46:06.917+0000] {dagbag.py:588} INFO - Filling up the DagBag from /home/airflow/.local/lib/python3.12/site-packages/airflow/example_dags/example_kubernetes_executor.py
[2024-11-15T05:46:06.956+0000] {processor.py:925} INFO - DAG(s) 'example_kubernetes_executor' retrieved from /home/airflow/.local/lib/python3.12/site-packages/airflow/example_dags/example_kubernetes_executor.py
[2024-11-15T05:46:07.038+0000] {logging_mixin.py:190} INFO - [2024-11-15T05:46:07.038+0000] {dag.py:3239} INFO - Sync 1 DAGs
[2024-11-15T05:46:07.078+0000] {logging_mixin.py:190} INFO - [2024-11-15T05:46:07.078+0000] {dag.py:4180} INFO - Setting next_dagrun for example_kubernetes_executor to None, run_after=None
[2024-11-15T05:46:07.123+0000] {processor.py:208} INFO - Processing /home/airflow/.local/lib/python3.12/site-packages/airflow/example_dags/example_kubernetes_executor.py took 0.232 seconds
[2024-11-15T05:46:37.533+0000] {processor.py:186} INFO - Started process (PID=1076) to work on /home/airflow/.local/lib/python3.12/site-packages/airflow/example_dags/example_kubernetes_executor.py
[2024-11-15T05:46:37.536+0000] {processor.py:914} INFO - Processing file /home/airflow/.local/lib/python3.12/site-packages/airflow/example_dags/example_kubernetes_executor.py for tasks to queue
[2024-11-15T05:46:37.540+0000] {logging_mixin.py:190} INFO - [2024-11-15T05:46:37.540+0000] {dagbag.py:588} INFO - Filling up the DagBag from /home/airflow/.local/lib/python3.12/site-packages/airflow/example_dags/example_kubernetes_executor.py
[2024-11-15T05:46:37.568+0000] {processor.py:925} INFO - DAG(s) 'example_kubernetes_executor' retrieved from /home/airflow/.local/lib/python3.12/site-packages/airflow/example_dags/example_kubernetes_executor.py
[2024-11-15T05:46:37.642+0000] {logging_mixin.py:190} INFO - [2024-11-15T05:46:37.642+0000] {dag.py:3239} INFO - Sync 1 DAGs
[2024-11-15T05:46:37.672+0000] {logging_mixin.py:190} INFO - [2024-11-15T05:46:37.671+0000] {dag.py:4180} INFO - Setting next_dagrun for example_kubernetes_executor to None, run_after=None
[2024-11-15T05:46:37.708+0000] {processor.py:208} INFO - Processing /home/airflow/.local/lib/python3.12/site-packages/airflow/example_dags/example_kubernetes_executor.py took 0.186 seconds
[2024-11-15T05:47:08.269+0000] {processor.py:186} INFO - Started process (PID=1141) to work on /home/airflow/.local/lib/python3.12/site-packages/airflow/example_dags/example_kubernetes_executor.py
[2024-11-15T05:47:08.272+0000] {processor.py:914} INFO - Processing file /home/airflow/.local/lib/python3.12/site-packages/airflow/example_dags/example_kubernetes_executor.py for tasks to queue
[2024-11-15T05:47:08.278+0000] {logging_mixin.py:190} INFO - [2024-11-15T05:47:08.277+0000] {dagbag.py:588} INFO - Filling up the DagBag from /home/airflow/.local/lib/python3.12/site-packages/airflow/example_dags/example_kubernetes_executor.py
[2024-11-15T05:47:08.312+0000] {processor.py:925} INFO - DAG(s) 'example_kubernetes_executor' retrieved from /home/airflow/.local/lib/python3.12/site-packages/airflow/example_dags/example_kubernetes_executor.py
[2024-11-15T05:47:08.408+0000] {logging_mixin.py:190} INFO - [2024-11-15T05:47:08.407+0000] {dag.py:3239} INFO - Sync 1 DAGs
[2024-11-15T05:47:08.456+0000] {logging_mixin.py:190} INFO - [2024-11-15T05:47:08.456+0000] {dag.py:4180} INFO - Setting next_dagrun for example_kubernetes_executor to None, run_after=None
[2024-11-15T05:47:08.493+0000] {processor.py:208} INFO - Processing /home/airflow/.local/lib/python3.12/site-packages/airflow/example_dags/example_kubernetes_executor.py took 0.240 seconds
[2024-11-15T05:47:41.712+0000] {processor.py:186} INFO - Started process (PID=1209) to work on /home/airflow/.local/lib/python3.12/site-packages/airflow/example_dags/example_kubernetes_executor.py
[2024-11-15T05:47:41.717+0000] {processor.py:914} INFO - Processing file /home/airflow/.local/lib/python3.12/site-packages/airflow/example_dags/example_kubernetes_executor.py for tasks to queue
[2024-11-15T05:47:41.723+0000] {logging_mixin.py:190} INFO - [2024-11-15T05:47:41.722+0000] {dagbag.py:588} INFO - Filling up the DagBag from /home/airflow/.local/lib/python3.12/site-packages/airflow/example_dags/example_kubernetes_executor.py
[2024-11-15T05:47:41.763+0000] {processor.py:925} INFO - DAG(s) 'example_kubernetes_executor' retrieved from /home/airflow/.local/lib/python3.12/site-packages/airflow/example_dags/example_kubernetes_executor.py
[2024-11-15T05:47:41.866+0000] {logging_mixin.py:190} INFO - [2024-11-15T05:47:41.865+0000] {dag.py:3239} INFO - Sync 1 DAGs
[2024-11-15T05:47:41.905+0000] {logging_mixin.py:190} INFO - [2024-11-15T05:47:41.904+0000] {dag.py:4180} INFO - Setting next_dagrun for example_kubernetes_executor to None, run_after=None
[2024-11-15T05:47:41.952+0000] {processor.py:208} INFO - Processing /home/airflow/.local/lib/python3.12/site-packages/airflow/example_dags/example_kubernetes_executor.py took 0.254 seconds
[2024-11-15T05:48:12.407+0000] {processor.py:186} INFO - Started process (PID=1274) to work on /home/airflow/.local/lib/python3.12/site-packages/airflow/example_dags/example_kubernetes_executor.py
[2024-11-15T05:48:12.413+0000] {processor.py:914} INFO - Processing file /home/airflow/.local/lib/python3.12/site-packages/airflow/example_dags/example_kubernetes_executor.py for tasks to queue
[2024-11-15T05:48:12.419+0000] {logging_mixin.py:190} INFO - [2024-11-15T05:48:12.418+0000] {dagbag.py:588} INFO - Filling up the DagBag from /home/airflow/.local/lib/python3.12/site-packages/airflow/example_dags/example_kubernetes_executor.py
[2024-11-15T05:48:12.469+0000] {processor.py:925} INFO - DAG(s) 'example_kubernetes_executor' retrieved from /home/airflow/.local/lib/python3.12/site-packages/airflow/example_dags/example_kubernetes_executor.py
[2024-11-15T05:48:12.569+0000] {logging_mixin.py:190} INFO - [2024-11-15T05:48:12.568+0000] {dag.py:3239} INFO - Sync 1 DAGs
[2024-11-15T05:48:12.611+0000] {logging_mixin.py:190} INFO - [2024-11-15T05:48:12.611+0000] {dag.py:4180} INFO - Setting next_dagrun for example_kubernetes_executor to None, run_after=None
[2024-11-15T05:48:12.657+0000] {processor.py:208} INFO - Processing /home/airflow/.local/lib/python3.12/site-packages/airflow/example_dags/example_kubernetes_executor.py took 0.271 seconds
[2024-11-15T05:48:43.686+0000] {processor.py:186} INFO - Started process (PID=1339) to work on /home/airflow/.local/lib/python3.12/site-packages/airflow/example_dags/example_kubernetes_executor.py
[2024-11-15T05:48:43.689+0000] {processor.py:914} INFO - Processing file /home/airflow/.local/lib/python3.12/site-packages/airflow/example_dags/example_kubernetes_executor.py for tasks to queue
[2024-11-15T05:48:43.694+0000] {logging_mixin.py:190} INFO - [2024-11-15T05:48:43.694+0000] {dagbag.py:588} INFO - Filling up the DagBag from /home/airflow/.local/lib/python3.12/site-packages/airflow/example_dags/example_kubernetes_executor.py
[2024-11-15T05:48:43.726+0000] {processor.py:925} INFO - DAG(s) 'example_kubernetes_executor' retrieved from /home/airflow/.local/lib/python3.12/site-packages/airflow/example_dags/example_kubernetes_executor.py
[2024-11-15T05:48:43.803+0000] {logging_mixin.py:190} INFO - [2024-11-15T05:48:43.803+0000] {dag.py:3239} INFO - Sync 1 DAGs
[2024-11-15T05:48:43.841+0000] {logging_mixin.py:190} INFO - [2024-11-15T05:48:43.841+0000] {dag.py:4180} INFO - Setting next_dagrun for example_kubernetes_executor to None, run_after=None
[2024-11-15T05:48:43.883+0000] {processor.py:208} INFO - Processing /home/airflow/.local/lib/python3.12/site-packages/airflow/example_dags/example_kubernetes_executor.py took 0.208 seconds
[2024-11-15T05:49:14.466+0000] {processor.py:186} INFO - Started process (PID=1403) to work on /home/airflow/.local/lib/python3.12/site-packages/airflow/example_dags/example_kubernetes_executor.py
[2024-11-15T05:49:14.472+0000] {processor.py:914} INFO - Processing file /home/airflow/.local/lib/python3.12/site-packages/airflow/example_dags/example_kubernetes_executor.py for tasks to queue
[2024-11-15T05:49:14.477+0000] {logging_mixin.py:190} INFO - [2024-11-15T05:49:14.477+0000] {dagbag.py:588} INFO - Filling up the DagBag from /home/airflow/.local/lib/python3.12/site-packages/airflow/example_dags/example_kubernetes_executor.py
[2024-11-15T05:49:14.516+0000] {processor.py:925} INFO - DAG(s) 'example_kubernetes_executor' retrieved from /home/airflow/.local/lib/python3.12/site-packages/airflow/example_dags/example_kubernetes_executor.py
[2024-11-15T05:49:14.623+0000] {logging_mixin.py:190} INFO - [2024-11-15T05:49:14.623+0000] {dag.py:3239} INFO - Sync 1 DAGs
[2024-11-15T05:49:14.658+0000] {logging_mixin.py:190} INFO - [2024-11-15T05:49:14.658+0000] {dag.py:4180} INFO - Setting next_dagrun for example_kubernetes_executor to None, run_after=None
[2024-11-15T05:49:14.699+0000] {processor.py:208} INFO - Processing /home/airflow/.local/lib/python3.12/site-packages/airflow/example_dags/example_kubernetes_executor.py took 0.247 seconds
[2024-11-15T05:50:28.794+0000] {processor.py:186} INFO - Started process (PID=1497) to work on /home/airflow/.local/lib/python3.12/site-packages/airflow/example_dags/example_kubernetes_executor.py
[2024-11-15T05:50:28.801+0000] {processor.py:914} INFO - Processing file /home/airflow/.local/lib/python3.12/site-packages/airflow/example_dags/example_kubernetes_executor.py for tasks to queue
[2024-11-15T05:50:28.811+0000] {logging_mixin.py:190} INFO - [2024-11-15T05:50:28.810+0000] {dagbag.py:588} INFO - Filling up the DagBag from /home/airflow/.local/lib/python3.12/site-packages/airflow/example_dags/example_kubernetes_executor.py
[2024-11-15T05:50:28.873+0000] {processor.py:925} INFO - DAG(s) 'example_kubernetes_executor' retrieved from /home/airflow/.local/lib/python3.12/site-packages/airflow/example_dags/example_kubernetes_executor.py
[2024-11-15T05:50:29.044+0000] {logging_mixin.py:190} INFO - [2024-11-15T05:50:29.043+0000] {dag.py:3239} INFO - Sync 1 DAGs
[2024-11-15T05:50:29.083+0000] {logging_mixin.py:190} INFO - [2024-11-15T05:50:29.083+0000] {dag.py:4180} INFO - Setting next_dagrun for example_kubernetes_executor to None, run_after=None
[2024-11-15T05:50:29.124+0000] {processor.py:208} INFO - Processing /home/airflow/.local/lib/python3.12/site-packages/airflow/example_dags/example_kubernetes_executor.py took 0.351 seconds
[2024-11-15T05:51:00.725+0000] {processor.py:186} INFO - Started process (PID=1563) to work on /home/airflow/.local/lib/python3.12/site-packages/airflow/example_dags/example_kubernetes_executor.py
[2024-11-15T05:51:00.728+0000] {processor.py:914} INFO - Processing file /home/airflow/.local/lib/python3.12/site-packages/airflow/example_dags/example_kubernetes_executor.py for tasks to queue
[2024-11-15T05:51:00.742+0000] {logging_mixin.py:190} INFO - [2024-11-15T05:51:00.741+0000] {dagbag.py:588} INFO - Filling up the DagBag from /home/airflow/.local/lib/python3.12/site-packages/airflow/example_dags/example_kubernetes_executor.py
[2024-11-15T05:51:00.819+0000] {processor.py:925} INFO - DAG(s) 'example_kubernetes_executor' retrieved from /home/airflow/.local/lib/python3.12/site-packages/airflow/example_dags/example_kubernetes_executor.py
[2024-11-15T05:51:01.011+0000] {logging_mixin.py:190} INFO - [2024-11-15T05:51:01.011+0000] {dag.py:3239} INFO - Sync 1 DAGs
[2024-11-15T05:51:01.076+0000] {logging_mixin.py:190} INFO - [2024-11-15T05:51:01.076+0000] {dag.py:4180} INFO - Setting next_dagrun for example_kubernetes_executor to None, run_after=None
[2024-11-15T05:51:01.177+0000] {processor.py:208} INFO - Processing /home/airflow/.local/lib/python3.12/site-packages/airflow/example_dags/example_kubernetes_executor.py took 0.474 seconds
[2024-11-15T05:51:31.696+0000] {processor.py:186} INFO - Started process (PID=1629) to work on /home/airflow/.local/lib/python3.12/site-packages/airflow/example_dags/example_kubernetes_executor.py
[2024-11-15T05:51:31.700+0000] {processor.py:914} INFO - Processing file /home/airflow/.local/lib/python3.12/site-packages/airflow/example_dags/example_kubernetes_executor.py for tasks to queue
[2024-11-15T05:51:31.707+0000] {logging_mixin.py:190} INFO - [2024-11-15T05:51:31.706+0000] {dagbag.py:588} INFO - Filling up the DagBag from /home/airflow/.local/lib/python3.12/site-packages/airflow/example_dags/example_kubernetes_executor.py
[2024-11-15T05:51:31.761+0000] {processor.py:925} INFO - DAG(s) 'example_kubernetes_executor' retrieved from /home/airflow/.local/lib/python3.12/site-packages/airflow/example_dags/example_kubernetes_executor.py
[2024-11-15T05:51:31.866+0000] {logging_mixin.py:190} INFO - [2024-11-15T05:51:31.865+0000] {dag.py:3239} INFO - Sync 1 DAGs
[2024-11-15T05:51:31.928+0000] {logging_mixin.py:190} INFO - [2024-11-15T05:51:31.928+0000] {dag.py:4180} INFO - Setting next_dagrun for example_kubernetes_executor to None, run_after=None
[2024-11-15T05:51:31.996+0000] {processor.py:208} INFO - Processing /home/airflow/.local/lib/python3.12/site-packages/airflow/example_dags/example_kubernetes_executor.py took 0.318 seconds
[2024-11-15T05:52:03.014+0000] {processor.py:186} INFO - Started process (PID=1694) to work on /home/airflow/.local/lib/python3.12/site-packages/airflow/example_dags/example_kubernetes_executor.py
[2024-11-15T05:52:03.018+0000] {processor.py:914} INFO - Processing file /home/airflow/.local/lib/python3.12/site-packages/airflow/example_dags/example_kubernetes_executor.py for tasks to queue
[2024-11-15T05:52:03.023+0000] {logging_mixin.py:190} INFO - [2024-11-15T05:52:03.022+0000] {dagbag.py:588} INFO - Filling up the DagBag from /home/airflow/.local/lib/python3.12/site-packages/airflow/example_dags/example_kubernetes_executor.py
[2024-11-15T05:52:03.055+0000] {processor.py:925} INFO - DAG(s) 'example_kubernetes_executor' retrieved from /home/airflow/.local/lib/python3.12/site-packages/airflow/example_dags/example_kubernetes_executor.py
[2024-11-15T05:52:03.161+0000] {logging_mixin.py:190} INFO - [2024-11-15T05:52:03.161+0000] {dag.py:3239} INFO - Sync 1 DAGs
[2024-11-15T05:52:03.208+0000] {logging_mixin.py:190} INFO - [2024-11-15T05:52:03.208+0000] {dag.py:4180} INFO - Setting next_dagrun for example_kubernetes_executor to None, run_after=None
[2024-11-15T05:52:03.263+0000] {processor.py:208} INFO - Processing /home/airflow/.local/lib/python3.12/site-packages/airflow/example_dags/example_kubernetes_executor.py took 0.260 seconds
[2024-11-15T05:52:35.336+0000] {processor.py:186} INFO - Started process (PID=1759) to work on /home/airflow/.local/lib/python3.12/site-packages/airflow/example_dags/example_kubernetes_executor.py
[2024-11-15T05:52:35.339+0000] {processor.py:914} INFO - Processing file /home/airflow/.local/lib/python3.12/site-packages/airflow/example_dags/example_kubernetes_executor.py for tasks to queue
[2024-11-15T05:52:35.344+0000] {logging_mixin.py:190} INFO - [2024-11-15T05:52:35.343+0000] {dagbag.py:588} INFO - Filling up the DagBag from /home/airflow/.local/lib/python3.12/site-packages/airflow/example_dags/example_kubernetes_executor.py
[2024-11-15T05:52:35.374+0000] {processor.py:925} INFO - DAG(s) 'example_kubernetes_executor' retrieved from /home/airflow/.local/lib/python3.12/site-packages/airflow/example_dags/example_kubernetes_executor.py
[2024-11-15T05:52:35.452+0000] {logging_mixin.py:190} INFO - [2024-11-15T05:52:35.451+0000] {dag.py:3239} INFO - Sync 1 DAGs
[2024-11-15T05:52:35.481+0000] {logging_mixin.py:190} INFO - [2024-11-15T05:52:35.481+0000] {dag.py:4180} INFO - Setting next_dagrun for example_kubernetes_executor to None, run_after=None
[2024-11-15T05:52:35.519+0000] {processor.py:208} INFO - Processing /home/airflow/.local/lib/python3.12/site-packages/airflow/example_dags/example_kubernetes_executor.py took 0.195 seconds
[2024-11-15T05:53:07.857+0000] {processor.py:186} INFO - Started process (PID=1825) to work on /home/airflow/.local/lib/python3.12/site-packages/airflow/example_dags/example_kubernetes_executor.py
[2024-11-15T05:53:07.860+0000] {processor.py:914} INFO - Processing file /home/airflow/.local/lib/python3.12/site-packages/airflow/example_dags/example_kubernetes_executor.py for tasks to queue
[2024-11-15T05:53:07.867+0000] {logging_mixin.py:190} INFO - [2024-11-15T05:53:07.866+0000] {dagbag.py:588} INFO - Filling up the DagBag from /home/airflow/.local/lib/python3.12/site-packages/airflow/example_dags/example_kubernetes_executor.py
[2024-11-15T05:53:07.899+0000] {processor.py:925} INFO - DAG(s) 'example_kubernetes_executor' retrieved from /home/airflow/.local/lib/python3.12/site-packages/airflow/example_dags/example_kubernetes_executor.py
[2024-11-15T05:53:07.981+0000] {logging_mixin.py:190} INFO - [2024-11-15T05:53:07.981+0000] {dag.py:3239} INFO - Sync 1 DAGs
[2024-11-15T05:53:08.019+0000] {logging_mixin.py:190} INFO - [2024-11-15T05:53:08.019+0000] {dag.py:4180} INFO - Setting next_dagrun for example_kubernetes_executor to None, run_after=None
[2024-11-15T05:53:08.098+0000] {processor.py:208} INFO - Processing /home/airflow/.local/lib/python3.12/site-packages/airflow/example_dags/example_kubernetes_executor.py took 0.252 seconds
[2024-11-15T05:53:40.342+0000] {processor.py:186} INFO - Started process (PID=1890) to work on /home/airflow/.local/lib/python3.12/site-packages/airflow/example_dags/example_kubernetes_executor.py
[2024-11-15T05:53:40.345+0000] {processor.py:914} INFO - Processing file /home/airflow/.local/lib/python3.12/site-packages/airflow/example_dags/example_kubernetes_executor.py for tasks to queue
[2024-11-15T05:53:40.349+0000] {logging_mixin.py:190} INFO - [2024-11-15T05:53:40.349+0000] {dagbag.py:588} INFO - Filling up the DagBag from /home/airflow/.local/lib/python3.12/site-packages/airflow/example_dags/example_kubernetes_executor.py
[2024-11-15T05:53:40.384+0000] {processor.py:925} INFO - DAG(s) 'example_kubernetes_executor' retrieved from /home/airflow/.local/lib/python3.12/site-packages/airflow/example_dags/example_kubernetes_executor.py
[2024-11-15T05:53:40.493+0000] {logging_mixin.py:190} INFO - [2024-11-15T05:53:40.493+0000] {dag.py:3239} INFO - Sync 1 DAGs
[2024-11-15T05:53:40.544+0000] {logging_mixin.py:190} INFO - [2024-11-15T05:53:40.543+0000] {dag.py:4180} INFO - Setting next_dagrun for example_kubernetes_executor to None, run_after=None
[2024-11-15T05:53:40.660+0000] {processor.py:208} INFO - Processing /home/airflow/.local/lib/python3.12/site-packages/airflow/example_dags/example_kubernetes_executor.py took 0.331 seconds
[2024-11-15T05:54:11.907+0000] {processor.py:186} INFO - Started process (PID=1955) to work on /home/airflow/.local/lib/python3.12/site-packages/airflow/example_dags/example_kubernetes_executor.py
[2024-11-15T05:54:11.911+0000] {processor.py:914} INFO - Processing file /home/airflow/.local/lib/python3.12/site-packages/airflow/example_dags/example_kubernetes_executor.py for tasks to queue
[2024-11-15T05:54:11.916+0000] {logging_mixin.py:190} INFO - [2024-11-15T05:54:11.915+0000] {dagbag.py:588} INFO - Filling up the DagBag from /home/airflow/.local/lib/python3.12/site-packages/airflow/example_dags/example_kubernetes_executor.py
[2024-11-15T05:54:11.954+0000] {processor.py:925} INFO - DAG(s) 'example_kubernetes_executor' retrieved from /home/airflow/.local/lib/python3.12/site-packages/airflow/example_dags/example_kubernetes_executor.py
[2024-11-15T05:54:12.042+0000] {logging_mixin.py:190} INFO - [2024-11-15T05:54:12.042+0000] {dag.py:3239} INFO - Sync 1 DAGs
[2024-11-15T05:54:12.077+0000] {logging_mixin.py:190} INFO - [2024-11-15T05:54:12.076+0000] {dag.py:4180} INFO - Setting next_dagrun for example_kubernetes_executor to None, run_after=None
[2024-11-15T05:54:12.137+0000] {processor.py:208} INFO - Processing /home/airflow/.local/lib/python3.12/site-packages/airflow/example_dags/example_kubernetes_executor.py took 0.242 seconds
[2024-11-15T05:54:44.472+0000] {processor.py:186} INFO - Started process (PID=2026) to work on /home/airflow/.local/lib/python3.12/site-packages/airflow/example_dags/example_kubernetes_executor.py
[2024-11-15T05:54:44.475+0000] {processor.py:914} INFO - Processing file /home/airflow/.local/lib/python3.12/site-packages/airflow/example_dags/example_kubernetes_executor.py for tasks to queue
[2024-11-15T05:54:44.481+0000] {logging_mixin.py:190} INFO - [2024-11-15T05:54:44.481+0000] {dagbag.py:588} INFO - Filling up the DagBag from /home/airflow/.local/lib/python3.12/site-packages/airflow/example_dags/example_kubernetes_executor.py
[2024-11-15T05:54:44.517+0000] {processor.py:925} INFO - DAG(s) 'example_kubernetes_executor' retrieved from /home/airflow/.local/lib/python3.12/site-packages/airflow/example_dags/example_kubernetes_executor.py
[2024-11-15T05:54:44.659+0000] {logging_mixin.py:190} INFO - [2024-11-15T05:54:44.659+0000] {dag.py:3239} INFO - Sync 1 DAGs
[2024-11-15T05:54:44.728+0000] {logging_mixin.py:190} INFO - [2024-11-15T05:54:44.727+0000] {dag.py:4180} INFO - Setting next_dagrun for example_kubernetes_executor to None, run_after=None
[2024-11-15T05:54:44.841+0000] {processor.py:208} INFO - Processing /home/airflow/.local/lib/python3.12/site-packages/airflow/example_dags/example_kubernetes_executor.py took 0.380 seconds
[2024-11-15T05:55:34.402+0000] {processor.py:186} INFO - Started process (PID=2090) to work on /home/airflow/.local/lib/python3.12/site-packages/airflow/example_dags/example_kubernetes_executor.py
[2024-11-15T05:55:34.405+0000] {processor.py:914} INFO - Processing file /home/airflow/.local/lib/python3.12/site-packages/airflow/example_dags/example_kubernetes_executor.py for tasks to queue
[2024-11-15T05:55:34.409+0000] {logging_mixin.py:190} INFO - [2024-11-15T05:55:34.409+0000] {dagbag.py:588} INFO - Filling up the DagBag from /home/airflow/.local/lib/python3.12/site-packages/airflow/example_dags/example_kubernetes_executor.py
[2024-11-15T05:55:34.437+0000] {processor.py:925} INFO - DAG(s) 'example_kubernetes_executor' retrieved from /home/airflow/.local/lib/python3.12/site-packages/airflow/example_dags/example_kubernetes_executor.py
[2024-11-15T05:55:34.546+0000] {logging_mixin.py:190} INFO - [2024-11-15T05:55:34.545+0000] {dag.py:3239} INFO - Sync 1 DAGs
[2024-11-15T05:55:34.646+0000] {logging_mixin.py:190} INFO - [2024-11-15T05:55:34.646+0000] {dag.py:4180} INFO - Setting next_dagrun for example_kubernetes_executor to None, run_after=None
[2024-11-15T05:55:34.704+0000] {processor.py:208} INFO - Processing /home/airflow/.local/lib/python3.12/site-packages/airflow/example_dags/example_kubernetes_executor.py took 0.315 seconds
[2024-11-15T05:56:06.167+0000] {processor.py:186} INFO - Started process (PID=2155) to work on /home/airflow/.local/lib/python3.12/site-packages/airflow/example_dags/example_kubernetes_executor.py
[2024-11-15T05:56:06.172+0000] {processor.py:914} INFO - Processing file /home/airflow/.local/lib/python3.12/site-packages/airflow/example_dags/example_kubernetes_executor.py for tasks to queue
[2024-11-15T05:56:06.179+0000] {logging_mixin.py:190} INFO - [2024-11-15T05:56:06.178+0000] {dagbag.py:588} INFO - Filling up the DagBag from /home/airflow/.local/lib/python3.12/site-packages/airflow/example_dags/example_kubernetes_executor.py
[2024-11-15T05:56:06.229+0000] {processor.py:925} INFO - DAG(s) 'example_kubernetes_executor' retrieved from /home/airflow/.local/lib/python3.12/site-packages/airflow/example_dags/example_kubernetes_executor.py
[2024-11-15T05:56:06.352+0000] {logging_mixin.py:190} INFO - [2024-11-15T05:56:06.352+0000] {dag.py:3239} INFO - Sync 1 DAGs
[2024-11-15T05:56:06.406+0000] {logging_mixin.py:190} INFO - [2024-11-15T05:56:06.405+0000] {dag.py:4180} INFO - Setting next_dagrun for example_kubernetes_executor to None, run_after=None
[2024-11-15T05:56:06.475+0000] {processor.py:208} INFO - Processing /home/airflow/.local/lib/python3.12/site-packages/airflow/example_dags/example_kubernetes_executor.py took 0.332 seconds
[2024-11-15T05:56:38.972+0000] {processor.py:186} INFO - Started process (PID=2220) to work on /home/airflow/.local/lib/python3.12/site-packages/airflow/example_dags/example_kubernetes_executor.py
[2024-11-15T05:56:38.975+0000] {processor.py:914} INFO - Processing file /home/airflow/.local/lib/python3.12/site-packages/airflow/example_dags/example_kubernetes_executor.py for tasks to queue
[2024-11-15T05:56:38.983+0000] {logging_mixin.py:190} INFO - [2024-11-15T05:56:38.981+0000] {dagbag.py:588} INFO - Filling up the DagBag from /home/airflow/.local/lib/python3.12/site-packages/airflow/example_dags/example_kubernetes_executor.py
[2024-11-15T05:56:39.037+0000] {processor.py:925} INFO - DAG(s) 'example_kubernetes_executor' retrieved from /home/airflow/.local/lib/python3.12/site-packages/airflow/example_dags/example_kubernetes_executor.py
[2024-11-15T05:56:39.129+0000] {logging_mixin.py:190} INFO - [2024-11-15T05:56:39.129+0000] {dag.py:3239} INFO - Sync 1 DAGs
[2024-11-15T05:56:39.163+0000] {logging_mixin.py:190} INFO - [2024-11-15T05:56:39.162+0000] {dag.py:4180} INFO - Setting next_dagrun for example_kubernetes_executor to None, run_after=None
[2024-11-15T05:56:39.200+0000] {processor.py:208} INFO - Processing /home/airflow/.local/lib/python3.12/site-packages/airflow/example_dags/example_kubernetes_executor.py took 0.242 seconds
[2024-11-15T05:57:11.551+0000] {processor.py:186} INFO - Started process (PID=2285) to work on /home/airflow/.local/lib/python3.12/site-packages/airflow/example_dags/example_kubernetes_executor.py
[2024-11-15T05:57:11.554+0000] {processor.py:914} INFO - Processing file /home/airflow/.local/lib/python3.12/site-packages/airflow/example_dags/example_kubernetes_executor.py for tasks to queue
[2024-11-15T05:57:11.559+0000] {logging_mixin.py:190} INFO - [2024-11-15T05:57:11.558+0000] {dagbag.py:588} INFO - Filling up the DagBag from /home/airflow/.local/lib/python3.12/site-packages/airflow/example_dags/example_kubernetes_executor.py
[2024-11-15T05:57:11.600+0000] {processor.py:925} INFO - DAG(s) 'example_kubernetes_executor' retrieved from /home/airflow/.local/lib/python3.12/site-packages/airflow/example_dags/example_kubernetes_executor.py
[2024-11-15T05:57:11.681+0000] {logging_mixin.py:190} INFO - [2024-11-15T05:57:11.680+0000] {dag.py:3239} INFO - Sync 1 DAGs
[2024-11-15T05:57:11.712+0000] {logging_mixin.py:190} INFO - [2024-11-15T05:57:11.712+0000] {dag.py:4180} INFO - Setting next_dagrun for example_kubernetes_executor to None, run_after=None
[2024-11-15T05:57:11.765+0000] {processor.py:208} INFO - Processing /home/airflow/.local/lib/python3.12/site-packages/airflow/example_dags/example_kubernetes_executor.py took 0.229 seconds
[2024-11-15T05:57:42.974+0000] {processor.py:186} INFO - Started process (PID=2350) to work on /home/airflow/.local/lib/python3.12/site-packages/airflow/example_dags/example_kubernetes_executor.py
[2024-11-15T05:57:42.977+0000] {processor.py:914} INFO - Processing file /home/airflow/.local/lib/python3.12/site-packages/airflow/example_dags/example_kubernetes_executor.py for tasks to queue
[2024-11-15T05:57:42.982+0000] {logging_mixin.py:190} INFO - [2024-11-15T05:57:42.982+0000] {dagbag.py:588} INFO - Filling up the DagBag from /home/airflow/.local/lib/python3.12/site-packages/airflow/example_dags/example_kubernetes_executor.py
[2024-11-15T05:57:43.015+0000] {processor.py:925} INFO - DAG(s) 'example_kubernetes_executor' retrieved from /home/airflow/.local/lib/python3.12/site-packages/airflow/example_dags/example_kubernetes_executor.py
[2024-11-15T05:57:43.094+0000] {logging_mixin.py:190} INFO - [2024-11-15T05:57:43.093+0000] {dag.py:3239} INFO - Sync 1 DAGs
[2024-11-15T05:57:43.127+0000] {logging_mixin.py:190} INFO - [2024-11-15T05:57:43.127+0000] {dag.py:4180} INFO - Setting next_dagrun for example_kubernetes_executor to None, run_after=None
[2024-11-15T05:57:43.171+0000] {processor.py:208} INFO - Processing /home/airflow/.local/lib/python3.12/site-packages/airflow/example_dags/example_kubernetes_executor.py took 0.209 seconds
[2024-11-15T05:58:17.138+0000] {processor.py:186} INFO - Started process (PID=2419) to work on /home/airflow/.local/lib/python3.12/site-packages/airflow/example_dags/example_kubernetes_executor.py
[2024-11-15T05:58:17.142+0000] {processor.py:914} INFO - Processing file /home/airflow/.local/lib/python3.12/site-packages/airflow/example_dags/example_kubernetes_executor.py for tasks to queue
[2024-11-15T05:58:17.147+0000] {logging_mixin.py:190} INFO - [2024-11-15T05:58:17.147+0000] {dagbag.py:588} INFO - Filling up the DagBag from /home/airflow/.local/lib/python3.12/site-packages/airflow/example_dags/example_kubernetes_executor.py
[2024-11-15T05:58:17.182+0000] {processor.py:925} INFO - DAG(s) 'example_kubernetes_executor' retrieved from /home/airflow/.local/lib/python3.12/site-packages/airflow/example_dags/example_kubernetes_executor.py
[2024-11-15T05:58:17.245+0000] {logging_mixin.py:190} INFO - [2024-11-15T05:58:17.245+0000] {dag.py:3239} INFO - Sync 1 DAGs
[2024-11-15T05:58:17.278+0000] {logging_mixin.py:190} INFO - [2024-11-15T05:58:17.278+0000] {dag.py:4180} INFO - Setting next_dagrun for example_kubernetes_executor to None, run_after=None
[2024-11-15T05:58:17.311+0000] {processor.py:208} INFO - Processing /home/airflow/.local/lib/python3.12/site-packages/airflow/example_dags/example_kubernetes_executor.py took 0.186 seconds
[2024-11-15T05:58:49.311+0000] {processor.py:186} INFO - Started process (PID=2494) to work on /home/airflow/.local/lib/python3.12/site-packages/airflow/example_dags/example_kubernetes_executor.py
[2024-11-15T05:58:49.313+0000] {processor.py:914} INFO - Processing file /home/airflow/.local/lib/python3.12/site-packages/airflow/example_dags/example_kubernetes_executor.py for tasks to queue
[2024-11-15T05:58:49.319+0000] {logging_mixin.py:190} INFO - [2024-11-15T05:58:49.319+0000] {dagbag.py:588} INFO - Filling up the DagBag from /home/airflow/.local/lib/python3.12/site-packages/airflow/example_dags/example_kubernetes_executor.py
[2024-11-15T05:58:49.369+0000] {processor.py:925} INFO - DAG(s) 'example_kubernetes_executor' retrieved from /home/airflow/.local/lib/python3.12/site-packages/airflow/example_dags/example_kubernetes_executor.py
[2024-11-15T05:58:49.544+0000] {logging_mixin.py:190} INFO - [2024-11-15T05:58:49.543+0000] {dag.py:3239} INFO - Sync 1 DAGs
[2024-11-15T05:58:49.610+0000] {logging_mixin.py:190} INFO - [2024-11-15T05:58:49.609+0000] {dag.py:4180} INFO - Setting next_dagrun for example_kubernetes_executor to None, run_after=None
[2024-11-15T05:58:49.653+0000] {processor.py:208} INFO - Processing /home/airflow/.local/lib/python3.12/site-packages/airflow/example_dags/example_kubernetes_executor.py took 0.355 seconds
[2024-11-15T05:59:21.600+0000] {processor.py:186} INFO - Started process (PID=2559) to work on /home/airflow/.local/lib/python3.12/site-packages/airflow/example_dags/example_kubernetes_executor.py
[2024-11-15T05:59:21.603+0000] {processor.py:914} INFO - Processing file /home/airflow/.local/lib/python3.12/site-packages/airflow/example_dags/example_kubernetes_executor.py for tasks to queue
[2024-11-15T05:59:21.610+0000] {logging_mixin.py:190} INFO - [2024-11-15T05:59:21.609+0000] {dagbag.py:588} INFO - Filling up the DagBag from /home/airflow/.local/lib/python3.12/site-packages/airflow/example_dags/example_kubernetes_executor.py
[2024-11-15T05:59:21.648+0000] {processor.py:925} INFO - DAG(s) 'example_kubernetes_executor' retrieved from /home/airflow/.local/lib/python3.12/site-packages/airflow/example_dags/example_kubernetes_executor.py
[2024-11-15T05:59:21.742+0000] {logging_mixin.py:190} INFO - [2024-11-15T05:59:21.742+0000] {dag.py:3239} INFO - Sync 1 DAGs
[2024-11-15T05:59:21.797+0000] {logging_mixin.py:190} INFO - [2024-11-15T05:59:21.796+0000] {dag.py:4180} INFO - Setting next_dagrun for example_kubernetes_executor to None, run_after=None
[2024-11-15T05:59:21.861+0000] {processor.py:208} INFO - Processing /home/airflow/.local/lib/python3.12/site-packages/airflow/example_dags/example_kubernetes_executor.py took 0.273 seconds
[2024-11-15T05:59:55.775+0000] {processor.py:186} INFO - Started process (PID=2624) to work on /home/airflow/.local/lib/python3.12/site-packages/airflow/example_dags/example_kubernetes_executor.py
[2024-11-15T05:59:55.778+0000] {processor.py:914} INFO - Processing file /home/airflow/.local/lib/python3.12/site-packages/airflow/example_dags/example_kubernetes_executor.py for tasks to queue
[2024-11-15T05:59:55.783+0000] {logging_mixin.py:190} INFO - [2024-11-15T05:59:55.782+0000] {dagbag.py:588} INFO - Filling up the DagBag from /home/airflow/.local/lib/python3.12/site-packages/airflow/example_dags/example_kubernetes_executor.py
[2024-11-15T05:59:55.824+0000] {processor.py:925} INFO - DAG(s) 'example_kubernetes_executor' retrieved from /home/airflow/.local/lib/python3.12/site-packages/airflow/example_dags/example_kubernetes_executor.py
[2024-11-15T05:59:55.910+0000] {logging_mixin.py:190} INFO - [2024-11-15T05:59:55.910+0000] {dag.py:3239} INFO - Sync 1 DAGs
[2024-11-15T05:59:55.951+0000] {logging_mixin.py:190} INFO - [2024-11-15T05:59:55.950+0000] {dag.py:4180} INFO - Setting next_dagrun for example_kubernetes_executor to None, run_after=None
[2024-11-15T05:59:56.005+0000] {processor.py:208} INFO - Processing /home/airflow/.local/lib/python3.12/site-packages/airflow/example_dags/example_kubernetes_executor.py took 0.244 seconds
[2024-11-15T06:00:27.235+0000] {processor.py:186} INFO - Started process (PID=2691) to work on /home/airflow/.local/lib/python3.12/site-packages/airflow/example_dags/example_kubernetes_executor.py
[2024-11-15T06:00:27.238+0000] {processor.py:914} INFO - Processing file /home/airflow/.local/lib/python3.12/site-packages/airflow/example_dags/example_kubernetes_executor.py for tasks to queue
[2024-11-15T06:00:27.243+0000] {logging_mixin.py:190} INFO - [2024-11-15T06:00:27.242+0000] {dagbag.py:588} INFO - Filling up the DagBag from /home/airflow/.local/lib/python3.12/site-packages/airflow/example_dags/example_kubernetes_executor.py
[2024-11-15T06:00:27.289+0000] {processor.py:925} INFO - DAG(s) 'example_kubernetes_executor' retrieved from /home/airflow/.local/lib/python3.12/site-packages/airflow/example_dags/example_kubernetes_executor.py
[2024-11-15T06:00:27.389+0000] {logging_mixin.py:190} INFO - [2024-11-15T06:00:27.388+0000] {dag.py:3239} INFO - Sync 1 DAGs
[2024-11-15T06:00:27.431+0000] {logging_mixin.py:190} INFO - [2024-11-15T06:00:27.431+0000] {dag.py:4180} INFO - Setting next_dagrun for example_kubernetes_executor to None, run_after=None
[2024-11-15T06:00:27.483+0000] {processor.py:208} INFO - Processing /home/airflow/.local/lib/python3.12/site-packages/airflow/example_dags/example_kubernetes_executor.py took 0.264 seconds
[2024-11-15T06:00:59.125+0000] {processor.py:186} INFO - Started process (PID=2761) to work on /home/airflow/.local/lib/python3.12/site-packages/airflow/example_dags/example_kubernetes_executor.py
[2024-11-15T06:00:59.129+0000] {processor.py:914} INFO - Processing file /home/airflow/.local/lib/python3.12/site-packages/airflow/example_dags/example_kubernetes_executor.py for tasks to queue
[2024-11-15T06:00:59.136+0000] {logging_mixin.py:190} INFO - [2024-11-15T06:00:59.135+0000] {dagbag.py:588} INFO - Filling up the DagBag from /home/airflow/.local/lib/python3.12/site-packages/airflow/example_dags/example_kubernetes_executor.py
[2024-11-15T06:00:59.195+0000] {processor.py:925} INFO - DAG(s) 'example_kubernetes_executor' retrieved from /home/airflow/.local/lib/python3.12/site-packages/airflow/example_dags/example_kubernetes_executor.py
[2024-11-15T06:00:59.274+0000] {logging_mixin.py:190} INFO - [2024-11-15T06:00:59.274+0000] {dag.py:3239} INFO - Sync 1 DAGs
[2024-11-15T06:00:59.306+0000] {logging_mixin.py:190} INFO - [2024-11-15T06:00:59.305+0000] {dag.py:4180} INFO - Setting next_dagrun for example_kubernetes_executor to None, run_after=None
[2024-11-15T06:00:59.340+0000] {processor.py:208} INFO - Processing /home/airflow/.local/lib/python3.12/site-packages/airflow/example_dags/example_kubernetes_executor.py took 0.232 seconds
[2024-11-15T06:01:33.116+0000] {processor.py:186} INFO - Started process (PID=2829) to work on /home/airflow/.local/lib/python3.12/site-packages/airflow/example_dags/example_kubernetes_executor.py
[2024-11-15T06:01:33.127+0000] {processor.py:914} INFO - Processing file /home/airflow/.local/lib/python3.12/site-packages/airflow/example_dags/example_kubernetes_executor.py for tasks to queue
[2024-11-15T06:01:33.135+0000] {logging_mixin.py:190} INFO - [2024-11-15T06:01:33.134+0000] {dagbag.py:588} INFO - Filling up the DagBag from /home/airflow/.local/lib/python3.12/site-packages/airflow/example_dags/example_kubernetes_executor.py
[2024-11-15T06:01:33.200+0000] {processor.py:925} INFO - DAG(s) 'example_kubernetes_executor' retrieved from /home/airflow/.local/lib/python3.12/site-packages/airflow/example_dags/example_kubernetes_executor.py
[2024-11-15T06:01:33.304+0000] {logging_mixin.py:190} INFO - [2024-11-15T06:01:33.303+0000] {dag.py:3239} INFO - Sync 1 DAGs
[2024-11-15T06:01:33.340+0000] {logging_mixin.py:190} INFO - [2024-11-15T06:01:33.339+0000] {dag.py:4180} INFO - Setting next_dagrun for example_kubernetes_executor to None, run_after=None
[2024-11-15T06:01:33.396+0000] {processor.py:208} INFO - Processing /home/airflow/.local/lib/python3.12/site-packages/airflow/example_dags/example_kubernetes_executor.py took 0.303 seconds
[2024-11-15T06:02:05.599+0000] {processor.py:186} INFO - Started process (PID=2894) to work on /home/airflow/.local/lib/python3.12/site-packages/airflow/example_dags/example_kubernetes_executor.py
[2024-11-15T06:02:05.601+0000] {processor.py:914} INFO - Processing file /home/airflow/.local/lib/python3.12/site-packages/airflow/example_dags/example_kubernetes_executor.py for tasks to queue
[2024-11-15T06:02:05.606+0000] {logging_mixin.py:190} INFO - [2024-11-15T06:02:05.605+0000] {dagbag.py:588} INFO - Filling up the DagBag from /home/airflow/.local/lib/python3.12/site-packages/airflow/example_dags/example_kubernetes_executor.py
[2024-11-15T06:02:05.639+0000] {processor.py:925} INFO - DAG(s) 'example_kubernetes_executor' retrieved from /home/airflow/.local/lib/python3.12/site-packages/airflow/example_dags/example_kubernetes_executor.py
[2024-11-15T06:02:05.713+0000] {logging_mixin.py:190} INFO - [2024-11-15T06:02:05.713+0000] {dag.py:3239} INFO - Sync 1 DAGs
[2024-11-15T06:02:05.740+0000] {logging_mixin.py:190} INFO - [2024-11-15T06:02:05.739+0000] {dag.py:4180} INFO - Setting next_dagrun for example_kubernetes_executor to None, run_after=None
[2024-11-15T06:02:05.778+0000] {processor.py:208} INFO - Processing /home/airflow/.local/lib/python3.12/site-packages/airflow/example_dags/example_kubernetes_executor.py took 0.195 seconds
[2024-11-15T06:02:51.136+0000] {processor.py:186} INFO - Started process (PID=2979) to work on /home/airflow/.local/lib/python3.12/site-packages/airflow/example_dags/example_kubernetes_executor.py
[2024-11-15T06:02:51.139+0000] {processor.py:914} INFO - Processing file /home/airflow/.local/lib/python3.12/site-packages/airflow/example_dags/example_kubernetes_executor.py for tasks to queue
[2024-11-15T06:02:51.145+0000] {logging_mixin.py:190} INFO - [2024-11-15T06:02:51.144+0000] {dagbag.py:588} INFO - Filling up the DagBag from /home/airflow/.local/lib/python3.12/site-packages/airflow/example_dags/example_kubernetes_executor.py
[2024-11-15T06:02:51.186+0000] {processor.py:925} INFO - DAG(s) 'example_kubernetes_executor' retrieved from /home/airflow/.local/lib/python3.12/site-packages/airflow/example_dags/example_kubernetes_executor.py
[2024-11-15T06:02:51.336+0000] {logging_mixin.py:190} INFO - [2024-11-15T06:02:51.335+0000] {dag.py:3239} INFO - Sync 1 DAGs
[2024-11-15T06:02:51.422+0000] {logging_mixin.py:190} INFO - [2024-11-15T06:02:51.421+0000] {dag.py:4180} INFO - Setting next_dagrun for example_kubernetes_executor to None, run_after=None
[2024-11-15T06:02:51.539+0000] {processor.py:208} INFO - Processing /home/airflow/.local/lib/python3.12/site-packages/airflow/example_dags/example_kubernetes_executor.py took 0.414 seconds
[2024-11-15T06:03:27.120+0000] {processor.py:186} INFO - Started process (PID=3046) to work on /home/airflow/.local/lib/python3.12/site-packages/airflow/example_dags/example_kubernetes_executor.py
[2024-11-15T06:03:27.129+0000] {processor.py:914} INFO - Processing file /home/airflow/.local/lib/python3.12/site-packages/airflow/example_dags/example_kubernetes_executor.py for tasks to queue
[2024-11-15T06:03:27.136+0000] {logging_mixin.py:190} INFO - [2024-11-15T06:03:27.135+0000] {dagbag.py:588} INFO - Filling up the DagBag from /home/airflow/.local/lib/python3.12/site-packages/airflow/example_dags/example_kubernetes_executor.py
[2024-11-15T06:03:27.214+0000] {processor.py:925} INFO - DAG(s) 'example_kubernetes_executor' retrieved from /home/airflow/.local/lib/python3.12/site-packages/airflow/example_dags/example_kubernetes_executor.py
[2024-11-15T06:03:27.382+0000] {logging_mixin.py:190} INFO - [2024-11-15T06:03:27.382+0000] {dag.py:3239} INFO - Sync 1 DAGs
[2024-11-15T06:03:27.458+0000] {logging_mixin.py:190} INFO - [2024-11-15T06:03:27.458+0000] {dag.py:4180} INFO - Setting next_dagrun for example_kubernetes_executor to None, run_after=None
[2024-11-15T06:03:27.575+0000] {processor.py:208} INFO - Processing /home/airflow/.local/lib/python3.12/site-packages/airflow/example_dags/example_kubernetes_executor.py took 0.479 seconds
[2024-11-15T06:04:00.424+0000] {processor.py:186} INFO - Started process (PID=3111) to work on /home/airflow/.local/lib/python3.12/site-packages/airflow/example_dags/example_kubernetes_executor.py
[2024-11-15T06:04:00.428+0000] {processor.py:914} INFO - Processing file /home/airflow/.local/lib/python3.12/site-packages/airflow/example_dags/example_kubernetes_executor.py for tasks to queue
[2024-11-15T06:04:00.436+0000] {logging_mixin.py:190} INFO - [2024-11-15T06:04:00.435+0000] {dagbag.py:588} INFO - Filling up the DagBag from /home/airflow/.local/lib/python3.12/site-packages/airflow/example_dags/example_kubernetes_executor.py
[2024-11-15T06:04:00.485+0000] {processor.py:925} INFO - DAG(s) 'example_kubernetes_executor' retrieved from /home/airflow/.local/lib/python3.12/site-packages/airflow/example_dags/example_kubernetes_executor.py
[2024-11-15T06:04:00.634+0000] {logging_mixin.py:190} INFO - [2024-11-15T06:04:00.633+0000] {dag.py:3239} INFO - Sync 1 DAGs
[2024-11-15T06:04:00.719+0000] {logging_mixin.py:190} INFO - [2024-11-15T06:04:00.715+0000] {dag.py:4180} INFO - Setting next_dagrun for example_kubernetes_executor to None, run_after=None
[2024-11-15T06:04:00.830+0000] {processor.py:208} INFO - Processing /home/airflow/.local/lib/python3.12/site-packages/airflow/example_dags/example_kubernetes_executor.py took 0.424 seconds
[2024-11-15T06:04:34.731+0000] {processor.py:186} INFO - Started process (PID=3176) to work on /home/airflow/.local/lib/python3.12/site-packages/airflow/example_dags/example_kubernetes_executor.py
[2024-11-15T06:04:34.734+0000] {processor.py:914} INFO - Processing file /home/airflow/.local/lib/python3.12/site-packages/airflow/example_dags/example_kubernetes_executor.py for tasks to queue
[2024-11-15T06:04:34.740+0000] {logging_mixin.py:190} INFO - [2024-11-15T06:04:34.739+0000] {dagbag.py:588} INFO - Filling up the DagBag from /home/airflow/.local/lib/python3.12/site-packages/airflow/example_dags/example_kubernetes_executor.py
[2024-11-15T06:04:34.814+0000] {processor.py:925} INFO - DAG(s) 'example_kubernetes_executor' retrieved from /home/airflow/.local/lib/python3.12/site-packages/airflow/example_dags/example_kubernetes_executor.py
[2024-11-15T06:04:35.056+0000] {logging_mixin.py:190} INFO - [2024-11-15T06:04:35.055+0000] {dag.py:3239} INFO - Sync 1 DAGs
[2024-11-15T06:04:35.122+0000] {logging_mixin.py:190} INFO - [2024-11-15T06:04:35.121+0000] {dag.py:4180} INFO - Setting next_dagrun for example_kubernetes_executor to None, run_after=None
[2024-11-15T06:04:35.201+0000] {processor.py:208} INFO - Processing /home/airflow/.local/lib/python3.12/site-packages/airflow/example_dags/example_kubernetes_executor.py took 0.487 seconds
[2024-11-15T06:05:07.346+0000] {processor.py:186} INFO - Started process (PID=3243) to work on /home/airflow/.local/lib/python3.12/site-packages/airflow/example_dags/example_kubernetes_executor.py
[2024-11-15T06:05:07.348+0000] {processor.py:914} INFO - Processing file /home/airflow/.local/lib/python3.12/site-packages/airflow/example_dags/example_kubernetes_executor.py for tasks to queue
[2024-11-15T06:05:07.352+0000] {logging_mixin.py:190} INFO - [2024-11-15T06:05:07.352+0000] {dagbag.py:588} INFO - Filling up the DagBag from /home/airflow/.local/lib/python3.12/site-packages/airflow/example_dags/example_kubernetes_executor.py
[2024-11-15T06:05:07.387+0000] {processor.py:925} INFO - DAG(s) 'example_kubernetes_executor' retrieved from /home/airflow/.local/lib/python3.12/site-packages/airflow/example_dags/example_kubernetes_executor.py
[2024-11-15T06:05:07.918+0000] {logging_mixin.py:190} INFO - [2024-11-15T06:05:07.918+0000] {dag.py:3239} INFO - Sync 1 DAGs
[2024-11-15T06:05:07.967+0000] {logging_mixin.py:190} INFO - [2024-11-15T06:05:07.966+0000] {dag.py:4180} INFO - Setting next_dagrun for example_kubernetes_executor to None, run_after=None
[2024-11-15T06:05:08.028+0000] {processor.py:208} INFO - Processing /home/airflow/.local/lib/python3.12/site-packages/airflow/example_dags/example_kubernetes_executor.py took 0.692 seconds
[2024-11-15T06:05:38.884+0000] {processor.py:186} INFO - Started process (PID=3308) to work on /home/airflow/.local/lib/python3.12/site-packages/airflow/example_dags/example_kubernetes_executor.py
[2024-11-15T06:05:38.889+0000] {processor.py:914} INFO - Processing file /home/airflow/.local/lib/python3.12/site-packages/airflow/example_dags/example_kubernetes_executor.py for tasks to queue
[2024-11-15T06:05:38.898+0000] {logging_mixin.py:190} INFO - [2024-11-15T06:05:38.897+0000] {dagbag.py:588} INFO - Filling up the DagBag from /home/airflow/.local/lib/python3.12/site-packages/airflow/example_dags/example_kubernetes_executor.py
[2024-11-15T06:05:38.966+0000] {processor.py:925} INFO - DAG(s) 'example_kubernetes_executor' retrieved from /home/airflow/.local/lib/python3.12/site-packages/airflow/example_dags/example_kubernetes_executor.py
[2024-11-15T06:05:39.159+0000] {logging_mixin.py:190} INFO - [2024-11-15T06:05:39.158+0000] {dag.py:3239} INFO - Sync 1 DAGs
[2024-11-15T06:05:39.256+0000] {logging_mixin.py:190} INFO - [2024-11-15T06:05:39.255+0000] {dag.py:4180} INFO - Setting next_dagrun for example_kubernetes_executor to None, run_after=None
[2024-11-15T06:05:39.665+0000] {processor.py:208} INFO - Processing /home/airflow/.local/lib/python3.12/site-packages/airflow/example_dags/example_kubernetes_executor.py took 0.804 seconds
[2024-11-15T06:06:10.129+0000] {processor.py:186} INFO - Started process (PID=3374) to work on /home/airflow/.local/lib/python3.12/site-packages/airflow/example_dags/example_kubernetes_executor.py
[2024-11-15T06:06:10.134+0000] {processor.py:914} INFO - Processing file /home/airflow/.local/lib/python3.12/site-packages/airflow/example_dags/example_kubernetes_executor.py for tasks to queue
[2024-11-15T06:06:10.139+0000] {logging_mixin.py:190} INFO - [2024-11-15T06:06:10.138+0000] {dagbag.py:588} INFO - Filling up the DagBag from /home/airflow/.local/lib/python3.12/site-packages/airflow/example_dags/example_kubernetes_executor.py
[2024-11-15T06:06:10.175+0000] {processor.py:925} INFO - DAG(s) 'example_kubernetes_executor' retrieved from /home/airflow/.local/lib/python3.12/site-packages/airflow/example_dags/example_kubernetes_executor.py
[2024-11-15T06:06:10.240+0000] {logging_mixin.py:190} INFO - [2024-11-15T06:06:10.240+0000] {dag.py:3239} INFO - Sync 1 DAGs
[2024-11-15T06:06:10.266+0000] {logging_mixin.py:190} INFO - [2024-11-15T06:06:10.266+0000] {dag.py:4180} INFO - Setting next_dagrun for example_kubernetes_executor to None, run_after=None
[2024-11-15T06:06:10.300+0000] {processor.py:208} INFO - Processing /home/airflow/.local/lib/python3.12/site-packages/airflow/example_dags/example_kubernetes_executor.py took 0.188 seconds
[2024-11-15T06:06:45.524+0000] {processor.py:186} INFO - Started process (PID=3439) to work on /home/airflow/.local/lib/python3.12/site-packages/airflow/example_dags/example_kubernetes_executor.py
[2024-11-15T06:06:45.527+0000] {processor.py:914} INFO - Processing file /home/airflow/.local/lib/python3.12/site-packages/airflow/example_dags/example_kubernetes_executor.py for tasks to queue
[2024-11-15T06:06:45.532+0000] {logging_mixin.py:190} INFO - [2024-11-15T06:06:45.531+0000] {dagbag.py:588} INFO - Filling up the DagBag from /home/airflow/.local/lib/python3.12/site-packages/airflow/example_dags/example_kubernetes_executor.py
[2024-11-15T06:06:45.563+0000] {processor.py:925} INFO - DAG(s) 'example_kubernetes_executor' retrieved from /home/airflow/.local/lib/python3.12/site-packages/airflow/example_dags/example_kubernetes_executor.py
[2024-11-15T06:06:45.643+0000] {logging_mixin.py:190} INFO - [2024-11-15T06:06:45.642+0000] {dag.py:3239} INFO - Sync 1 DAGs
[2024-11-15T06:06:45.679+0000] {logging_mixin.py:190} INFO - [2024-11-15T06:06:45.679+0000] {dag.py:4180} INFO - Setting next_dagrun for example_kubernetes_executor to None, run_after=None
[2024-11-15T06:06:45.725+0000] {processor.py:208} INFO - Processing /home/airflow/.local/lib/python3.12/site-packages/airflow/example_dags/example_kubernetes_executor.py took 0.214 seconds
[2024-11-15T06:07:19.237+0000] {processor.py:186} INFO - Started process (PID=3504) to work on /home/airflow/.local/lib/python3.12/site-packages/airflow/example_dags/example_kubernetes_executor.py
[2024-11-15T06:07:19.241+0000] {processor.py:914} INFO - Processing file /home/airflow/.local/lib/python3.12/site-packages/airflow/example_dags/example_kubernetes_executor.py for tasks to queue
[2024-11-15T06:07:19.250+0000] {logging_mixin.py:190} INFO - [2024-11-15T06:07:19.249+0000] {dagbag.py:588} INFO - Filling up the DagBag from /home/airflow/.local/lib/python3.12/site-packages/airflow/example_dags/example_kubernetes_executor.py
[2024-11-15T06:07:19.310+0000] {processor.py:925} INFO - DAG(s) 'example_kubernetes_executor' retrieved from /home/airflow/.local/lib/python3.12/site-packages/airflow/example_dags/example_kubernetes_executor.py
[2024-11-15T06:07:19.844+0000] {logging_mixin.py:190} INFO - [2024-11-15T06:07:19.843+0000] {dag.py:3239} INFO - Sync 1 DAGs
[2024-11-15T06:07:19.873+0000] {logging_mixin.py:190} INFO - [2024-11-15T06:07:19.873+0000] {dag.py:4180} INFO - Setting next_dagrun for example_kubernetes_executor to None, run_after=None
[2024-11-15T06:07:19.907+0000] {processor.py:208} INFO - Processing /home/airflow/.local/lib/python3.12/site-packages/airflow/example_dags/example_kubernetes_executor.py took 0.688 seconds
[2024-11-15T06:07:50.412+0000] {processor.py:186} INFO - Started process (PID=3569) to work on /home/airflow/.local/lib/python3.12/site-packages/airflow/example_dags/example_kubernetes_executor.py
[2024-11-15T06:07:50.416+0000] {processor.py:914} INFO - Processing file /home/airflow/.local/lib/python3.12/site-packages/airflow/example_dags/example_kubernetes_executor.py for tasks to queue
[2024-11-15T06:07:50.424+0000] {logging_mixin.py:190} INFO - [2024-11-15T06:07:50.422+0000] {dagbag.py:588} INFO - Filling up the DagBag from /home/airflow/.local/lib/python3.12/site-packages/airflow/example_dags/example_kubernetes_executor.py
[2024-11-15T06:07:50.457+0000] {processor.py:925} INFO - DAG(s) 'example_kubernetes_executor' retrieved from /home/airflow/.local/lib/python3.12/site-packages/airflow/example_dags/example_kubernetes_executor.py
[2024-11-15T06:07:50.551+0000] {logging_mixin.py:190} INFO - [2024-11-15T06:07:50.551+0000] {dag.py:3239} INFO - Sync 1 DAGs
[2024-11-15T06:07:50.584+0000] {logging_mixin.py:190} INFO - [2024-11-15T06:07:50.583+0000] {dag.py:4180} INFO - Setting next_dagrun for example_kubernetes_executor to None, run_after=None
[2024-11-15T06:07:50.632+0000] {processor.py:208} INFO - Processing /home/airflow/.local/lib/python3.12/site-packages/airflow/example_dags/example_kubernetes_executor.py took 0.235 seconds
[2024-11-15T06:08:21.868+0000] {processor.py:186} INFO - Started process (PID=3634) to work on /home/airflow/.local/lib/python3.12/site-packages/airflow/example_dags/example_kubernetes_executor.py
[2024-11-15T06:08:21.871+0000] {processor.py:914} INFO - Processing file /home/airflow/.local/lib/python3.12/site-packages/airflow/example_dags/example_kubernetes_executor.py for tasks to queue
[2024-11-15T06:08:21.877+0000] {logging_mixin.py:190} INFO - [2024-11-15T06:08:21.876+0000] {dagbag.py:588} INFO - Filling up the DagBag from /home/airflow/.local/lib/python3.12/site-packages/airflow/example_dags/example_kubernetes_executor.py
[2024-11-15T06:08:21.906+0000] {processor.py:925} INFO - DAG(s) 'example_kubernetes_executor' retrieved from /home/airflow/.local/lib/python3.12/site-packages/airflow/example_dags/example_kubernetes_executor.py
[2024-11-15T06:08:21.976+0000] {logging_mixin.py:190} INFO - [2024-11-15T06:08:21.975+0000] {dag.py:3239} INFO - Sync 1 DAGs
[2024-11-15T06:08:22.004+0000] {logging_mixin.py:190} INFO - [2024-11-15T06:08:22.003+0000] {dag.py:4180} INFO - Setting next_dagrun for example_kubernetes_executor to None, run_after=None
[2024-11-15T06:08:22.038+0000] {processor.py:208} INFO - Processing /home/airflow/.local/lib/python3.12/site-packages/airflow/example_dags/example_kubernetes_executor.py took 0.181 seconds
[2024-11-15T06:08:52.582+0000] {processor.py:186} INFO - Started process (PID=3698) to work on /home/airflow/.local/lib/python3.12/site-packages/airflow/example_dags/example_kubernetes_executor.py
[2024-11-15T06:08:52.589+0000] {processor.py:914} INFO - Processing file /home/airflow/.local/lib/python3.12/site-packages/airflow/example_dags/example_kubernetes_executor.py for tasks to queue
[2024-11-15T06:08:52.603+0000] {logging_mixin.py:190} INFO - [2024-11-15T06:08:52.602+0000] {dagbag.py:588} INFO - Filling up the DagBag from /home/airflow/.local/lib/python3.12/site-packages/airflow/example_dags/example_kubernetes_executor.py
[2024-11-15T06:08:52.711+0000] {processor.py:925} INFO - DAG(s) 'example_kubernetes_executor' retrieved from /home/airflow/.local/lib/python3.12/site-packages/airflow/example_dags/example_kubernetes_executor.py
[2024-11-15T06:08:52.919+0000] {logging_mixin.py:190} INFO - [2024-11-15T06:08:52.918+0000] {dag.py:3239} INFO - Sync 1 DAGs
[2024-11-15T06:08:53.007+0000] {logging_mixin.py:190} INFO - [2024-11-15T06:08:53.006+0000] {dag.py:4180} INFO - Setting next_dagrun for example_kubernetes_executor to None, run_after=None
[2024-11-15T06:08:53.113+0000] {processor.py:208} INFO - Processing /home/airflow/.local/lib/python3.12/site-packages/airflow/example_dags/example_kubernetes_executor.py took 0.565 seconds
[2024-11-15T06:09:23.481+0000] {processor.py:186} INFO - Started process (PID=3764) to work on /home/airflow/.local/lib/python3.12/site-packages/airflow/example_dags/example_kubernetes_executor.py
[2024-11-15T06:09:23.486+0000] {processor.py:914} INFO - Processing file /home/airflow/.local/lib/python3.12/site-packages/airflow/example_dags/example_kubernetes_executor.py for tasks to queue
[2024-11-15T06:09:23.492+0000] {logging_mixin.py:190} INFO - [2024-11-15T06:09:23.492+0000] {dagbag.py:588} INFO - Filling up the DagBag from /home/airflow/.local/lib/python3.12/site-packages/airflow/example_dags/example_kubernetes_executor.py
[2024-11-15T06:09:23.545+0000] {processor.py:925} INFO - DAG(s) 'example_kubernetes_executor' retrieved from /home/airflow/.local/lib/python3.12/site-packages/airflow/example_dags/example_kubernetes_executor.py
[2024-11-15T06:09:23.680+0000] {logging_mixin.py:190} INFO - [2024-11-15T06:09:23.679+0000] {dag.py:3239} INFO - Sync 1 DAGs
[2024-11-15T06:09:23.718+0000] {logging_mixin.py:190} INFO - [2024-11-15T06:09:23.717+0000] {dag.py:4180} INFO - Setting next_dagrun for example_kubernetes_executor to None, run_after=None
[2024-11-15T06:09:23.764+0000] {processor.py:208} INFO - Processing /home/airflow/.local/lib/python3.12/site-packages/airflow/example_dags/example_kubernetes_executor.py took 0.299 seconds
[2024-11-15T06:09:54.130+0000] {processor.py:186} INFO - Started process (PID=3830) to work on /home/airflow/.local/lib/python3.12/site-packages/airflow/example_dags/example_kubernetes_executor.py
[2024-11-15T06:09:54.134+0000] {processor.py:914} INFO - Processing file /home/airflow/.local/lib/python3.12/site-packages/airflow/example_dags/example_kubernetes_executor.py for tasks to queue
[2024-11-15T06:09:54.140+0000] {logging_mixin.py:190} INFO - [2024-11-15T06:09:54.139+0000] {dagbag.py:588} INFO - Filling up the DagBag from /home/airflow/.local/lib/python3.12/site-packages/airflow/example_dags/example_kubernetes_executor.py
[2024-11-15T06:09:54.173+0000] {processor.py:925} INFO - DAG(s) 'example_kubernetes_executor' retrieved from /home/airflow/.local/lib/python3.12/site-packages/airflow/example_dags/example_kubernetes_executor.py
[2024-11-15T06:09:54.260+0000] {logging_mixin.py:190} INFO - [2024-11-15T06:09:54.259+0000] {dag.py:3239} INFO - Sync 1 DAGs
[2024-11-15T06:09:54.293+0000] {logging_mixin.py:190} INFO - [2024-11-15T06:09:54.292+0000] {dag.py:4180} INFO - Setting next_dagrun for example_kubernetes_executor to None, run_after=None
[2024-11-15T06:09:54.338+0000] {processor.py:208} INFO - Processing /home/airflow/.local/lib/python3.12/site-packages/airflow/example_dags/example_kubernetes_executor.py took 0.223 seconds
[2024-11-15T06:10:24.593+0000] {processor.py:186} INFO - Started process (PID=3895) to work on /home/airflow/.local/lib/python3.12/site-packages/airflow/example_dags/example_kubernetes_executor.py
[2024-11-15T06:10:24.599+0000] {processor.py:914} INFO - Processing file /home/airflow/.local/lib/python3.12/site-packages/airflow/example_dags/example_kubernetes_executor.py for tasks to queue
[2024-11-15T06:10:24.610+0000] {logging_mixin.py:190} INFO - [2024-11-15T06:10:24.608+0000] {dagbag.py:588} INFO - Filling up the DagBag from /home/airflow/.local/lib/python3.12/site-packages/airflow/example_dags/example_kubernetes_executor.py
[2024-11-15T06:10:24.661+0000] {processor.py:925} INFO - DAG(s) 'example_kubernetes_executor' retrieved from /home/airflow/.local/lib/python3.12/site-packages/airflow/example_dags/example_kubernetes_executor.py
[2024-11-15T06:10:24.773+0000] {logging_mixin.py:190} INFO - [2024-11-15T06:10:24.773+0000] {dag.py:3239} INFO - Sync 1 DAGs
[2024-11-15T06:10:24.821+0000] {logging_mixin.py:190} INFO - [2024-11-15T06:10:24.820+0000] {dag.py:4180} INFO - Setting next_dagrun for example_kubernetes_executor to None, run_after=None
[2024-11-15T06:10:24.874+0000] {processor.py:208} INFO - Processing /home/airflow/.local/lib/python3.12/site-packages/airflow/example_dags/example_kubernetes_executor.py took 0.325 seconds
[2024-11-15T06:10:55.388+0000] {processor.py:186} INFO - Started process (PID=3960) to work on /home/airflow/.local/lib/python3.12/site-packages/airflow/example_dags/example_kubernetes_executor.py
[2024-11-15T06:10:55.391+0000] {processor.py:914} INFO - Processing file /home/airflow/.local/lib/python3.12/site-packages/airflow/example_dags/example_kubernetes_executor.py for tasks to queue
[2024-11-15T06:10:55.402+0000] {logging_mixin.py:190} INFO - [2024-11-15T06:10:55.401+0000] {dagbag.py:588} INFO - Filling up the DagBag from /home/airflow/.local/lib/python3.12/site-packages/airflow/example_dags/example_kubernetes_executor.py
[2024-11-15T06:10:55.443+0000] {processor.py:925} INFO - DAG(s) 'example_kubernetes_executor' retrieved from /home/airflow/.local/lib/python3.12/site-packages/airflow/example_dags/example_kubernetes_executor.py
[2024-11-15T06:10:55.522+0000] {logging_mixin.py:190} INFO - [2024-11-15T06:10:55.522+0000] {dag.py:3239} INFO - Sync 1 DAGs
[2024-11-15T06:10:55.560+0000] {logging_mixin.py:190} INFO - [2024-11-15T06:10:55.560+0000] {dag.py:4180} INFO - Setting next_dagrun for example_kubernetes_executor to None, run_after=None
[2024-11-15T06:10:55.613+0000] {processor.py:208} INFO - Processing /home/airflow/.local/lib/python3.12/site-packages/airflow/example_dags/example_kubernetes_executor.py took 0.243 seconds
[2024-11-15T06:11:26.192+0000] {processor.py:186} INFO - Started process (PID=4031) to work on /home/airflow/.local/lib/python3.12/site-packages/airflow/example_dags/example_kubernetes_executor.py
[2024-11-15T06:11:26.199+0000] {processor.py:914} INFO - Processing file /home/airflow/.local/lib/python3.12/site-packages/airflow/example_dags/example_kubernetes_executor.py for tasks to queue
[2024-11-15T06:11:26.211+0000] {logging_mixin.py:190} INFO - [2024-11-15T06:11:26.209+0000] {dagbag.py:588} INFO - Filling up the DagBag from /home/airflow/.local/lib/python3.12/site-packages/airflow/example_dags/example_kubernetes_executor.py
[2024-11-15T06:11:26.289+0000] {processor.py:925} INFO - DAG(s) 'example_kubernetes_executor' retrieved from /home/airflow/.local/lib/python3.12/site-packages/airflow/example_dags/example_kubernetes_executor.py
[2024-11-15T06:11:26.394+0000] {logging_mixin.py:190} INFO - [2024-11-15T06:11:26.394+0000] {dag.py:3239} INFO - Sync 1 DAGs
[2024-11-15T06:11:26.424+0000] {logging_mixin.py:190} INFO - [2024-11-15T06:11:26.423+0000] {dag.py:4180} INFO - Setting next_dagrun for example_kubernetes_executor to None, run_after=None
[2024-11-15T06:11:26.477+0000] {processor.py:208} INFO - Processing /home/airflow/.local/lib/python3.12/site-packages/airflow/example_dags/example_kubernetes_executor.py took 0.319 seconds
[2024-11-15T06:11:59.916+0000] {processor.py:186} INFO - Started process (PID=4096) to work on /home/airflow/.local/lib/python3.12/site-packages/airflow/example_dags/example_kubernetes_executor.py
[2024-11-15T06:11:59.920+0000] {processor.py:914} INFO - Processing file /home/airflow/.local/lib/python3.12/site-packages/airflow/example_dags/example_kubernetes_executor.py for tasks to queue
[2024-11-15T06:11:59.925+0000] {logging_mixin.py:190} INFO - [2024-11-15T06:11:59.924+0000] {dagbag.py:588} INFO - Filling up the DagBag from /home/airflow/.local/lib/python3.12/site-packages/airflow/example_dags/example_kubernetes_executor.py
[2024-11-15T06:11:59.969+0000] {processor.py:925} INFO - DAG(s) 'example_kubernetes_executor' retrieved from /home/airflow/.local/lib/python3.12/site-packages/airflow/example_dags/example_kubernetes_executor.py
[2024-11-15T06:12:00.080+0000] {logging_mixin.py:190} INFO - [2024-11-15T06:12:00.080+0000] {dag.py:3239} INFO - Sync 1 DAGs
[2024-11-15T06:12:00.114+0000] {logging_mixin.py:190} INFO - [2024-11-15T06:12:00.113+0000] {dag.py:4180} INFO - Setting next_dagrun for example_kubernetes_executor to None, run_after=None
[2024-11-15T06:12:00.180+0000] {processor.py:208} INFO - Processing /home/airflow/.local/lib/python3.12/site-packages/airflow/example_dags/example_kubernetes_executor.py took 0.280 seconds
[2024-11-15T06:12:30.499+0000] {processor.py:186} INFO - Started process (PID=4161) to work on /home/airflow/.local/lib/python3.12/site-packages/airflow/example_dags/example_kubernetes_executor.py
[2024-11-15T06:12:30.502+0000] {processor.py:914} INFO - Processing file /home/airflow/.local/lib/python3.12/site-packages/airflow/example_dags/example_kubernetes_executor.py for tasks to queue
[2024-11-15T06:12:30.507+0000] {logging_mixin.py:190} INFO - [2024-11-15T06:12:30.506+0000] {dagbag.py:588} INFO - Filling up the DagBag from /home/airflow/.local/lib/python3.12/site-packages/airflow/example_dags/example_kubernetes_executor.py
[2024-11-15T06:12:30.537+0000] {processor.py:925} INFO - DAG(s) 'example_kubernetes_executor' retrieved from /home/airflow/.local/lib/python3.12/site-packages/airflow/example_dags/example_kubernetes_executor.py
[2024-11-15T06:12:30.611+0000] {logging_mixin.py:190} INFO - [2024-11-15T06:12:30.610+0000] {dag.py:3239} INFO - Sync 1 DAGs
[2024-11-15T06:12:30.641+0000] {logging_mixin.py:190} INFO - [2024-11-15T06:12:30.641+0000] {dag.py:4180} INFO - Setting next_dagrun for example_kubernetes_executor to None, run_after=None
[2024-11-15T06:12:30.675+0000] {processor.py:208} INFO - Processing /home/airflow/.local/lib/python3.12/site-packages/airflow/example_dags/example_kubernetes_executor.py took 0.191 seconds
[2024-11-15T06:13:02.193+0000] {processor.py:186} INFO - Started process (PID=4227) to work on /home/airflow/.local/lib/python3.12/site-packages/airflow/example_dags/example_kubernetes_executor.py
[2024-11-15T06:13:02.196+0000] {processor.py:914} INFO - Processing file /home/airflow/.local/lib/python3.12/site-packages/airflow/example_dags/example_kubernetes_executor.py for tasks to queue
[2024-11-15T06:13:02.201+0000] {logging_mixin.py:190} INFO - [2024-11-15T06:13:02.201+0000] {dagbag.py:588} INFO - Filling up the DagBag from /home/airflow/.local/lib/python3.12/site-packages/airflow/example_dags/example_kubernetes_executor.py
[2024-11-15T06:13:02.235+0000] {processor.py:925} INFO - DAG(s) 'example_kubernetes_executor' retrieved from /home/airflow/.local/lib/python3.12/site-packages/airflow/example_dags/example_kubernetes_executor.py
[2024-11-15T06:13:02.324+0000] {logging_mixin.py:190} INFO - [2024-11-15T06:13:02.323+0000] {dag.py:3239} INFO - Sync 1 DAGs
[2024-11-15T06:13:02.362+0000] {logging_mixin.py:190} INFO - [2024-11-15T06:13:02.362+0000] {dag.py:4180} INFO - Setting next_dagrun for example_kubernetes_executor to None, run_after=None
[2024-11-15T06:13:02.416+0000] {processor.py:208} INFO - Processing /home/airflow/.local/lib/python3.12/site-packages/airflow/example_dags/example_kubernetes_executor.py took 0.235 seconds
[2024-11-15T06:13:36.267+0000] {processor.py:186} INFO - Started process (PID=4293) to work on /home/airflow/.local/lib/python3.12/site-packages/airflow/example_dags/example_kubernetes_executor.py
[2024-11-15T06:13:36.270+0000] {processor.py:914} INFO - Processing file /home/airflow/.local/lib/python3.12/site-packages/airflow/example_dags/example_kubernetes_executor.py for tasks to queue
[2024-11-15T06:13:36.275+0000] {logging_mixin.py:190} INFO - [2024-11-15T06:13:36.274+0000] {dagbag.py:588} INFO - Filling up the DagBag from /home/airflow/.local/lib/python3.12/site-packages/airflow/example_dags/example_kubernetes_executor.py
[2024-11-15T06:13:36.311+0000] {processor.py:925} INFO - DAG(s) 'example_kubernetes_executor' retrieved from /home/airflow/.local/lib/python3.12/site-packages/airflow/example_dags/example_kubernetes_executor.py
[2024-11-15T06:13:36.380+0000] {logging_mixin.py:190} INFO - [2024-11-15T06:13:36.379+0000] {dag.py:3239} INFO - Sync 1 DAGs
[2024-11-15T06:13:36.409+0000] {logging_mixin.py:190} INFO - [2024-11-15T06:13:36.408+0000] {dag.py:4180} INFO - Setting next_dagrun for example_kubernetes_executor to None, run_after=None
[2024-11-15T06:13:36.451+0000] {processor.py:208} INFO - Processing /home/airflow/.local/lib/python3.12/site-packages/airflow/example_dags/example_kubernetes_executor.py took 0.197 seconds
