[2024-11-15T05:37:53.379+0000] {processor.py:186} INFO - Started process (PID=108) to work on /home/airflow/.local/lib/python3.12/site-packages/airflow/example_dags/example_skip_dag.py
[2024-11-15T05:37:53.423+0000] {processor.py:914} INFO - Processing file /home/airflow/.local/lib/python3.12/site-packages/airflow/example_dags/example_skip_dag.py for tasks to queue
[2024-11-15T05:37:53.468+0000] {logging_mixin.py:190} INFO - [2024-11-15T05:37:53.467+0000] {dagbag.py:588} INFO - Filling up the DagBag from /home/airflow/.local/lib/python3.12/site-packages/airflow/example_dags/example_skip_dag.py
[2024-11-15T05:37:53.570+0000] {processor.py:925} INFO - DAG(s) 'example_skip_dag' retrieved from /home/airflow/.local/lib/python3.12/site-packages/airflow/example_dags/example_skip_dag.py
[2024-11-15T05:37:53.886+0000] {logging_mixin.py:190} INFO - [2024-11-15T05:37:53.885+0000] {dag.py:3239} INFO - Sync 1 DAGs
[2024-11-15T05:37:54.053+0000] {logging_mixin.py:190} INFO - [2024-11-15T05:37:54.052+0000] {dag.py:4180} INFO - Setting next_dagrun for example_skip_dag to 2024-11-14 00:00:00+00:00, run_after=2024-11-15 00:00:00+00:00
[2024-11-15T05:37:54.179+0000] {processor.py:208} INFO - Processing /home/airflow/.local/lib/python3.12/site-packages/airflow/example_dags/example_skip_dag.py took 0.846 seconds
[2024-11-15T05:39:22.511+0000] {processor.py:186} INFO - Started process (PID=179) to work on /home/airflow/.local/lib/python3.12/site-packages/airflow/example_dags/example_skip_dag.py
[2024-11-15T05:39:22.516+0000] {processor.py:914} INFO - Processing file /home/airflow/.local/lib/python3.12/site-packages/airflow/example_dags/example_skip_dag.py for tasks to queue
[2024-11-15T05:39:22.529+0000] {logging_mixin.py:190} INFO - [2024-11-15T05:39:22.528+0000] {dagbag.py:588} INFO - Filling up the DagBag from /home/airflow/.local/lib/python3.12/site-packages/airflow/example_dags/example_skip_dag.py
[2024-11-15T05:39:22.576+0000] {processor.py:925} INFO - DAG(s) 'example_skip_dag' retrieved from /home/airflow/.local/lib/python3.12/site-packages/airflow/example_dags/example_skip_dag.py
[2024-11-15T05:39:22.662+0000] {logging_mixin.py:190} INFO - [2024-11-15T05:39:22.662+0000] {dag.py:3239} INFO - Sync 1 DAGs
[2024-11-15T05:39:22.792+0000] {logging_mixin.py:190} INFO - [2024-11-15T05:39:22.792+0000] {dag.py:4180} INFO - Setting next_dagrun for example_skip_dag to 2024-11-14 00:00:00+00:00, run_after=2024-11-15 00:00:00+00:00
[2024-11-15T05:39:22.918+0000] {processor.py:208} INFO - Processing /home/airflow/.local/lib/python3.12/site-packages/airflow/example_dags/example_skip_dag.py took 0.429 seconds
[2024-11-15T05:39:53.661+0000] {processor.py:186} INFO - Started process (PID=244) to work on /home/airflow/.local/lib/python3.12/site-packages/airflow/example_dags/example_skip_dag.py
[2024-11-15T05:39:53.666+0000] {processor.py:914} INFO - Processing file /home/airflow/.local/lib/python3.12/site-packages/airflow/example_dags/example_skip_dag.py for tasks to queue
[2024-11-15T05:39:53.700+0000] {logging_mixin.py:190} INFO - [2024-11-15T05:39:53.697+0000] {dagbag.py:588} INFO - Filling up the DagBag from /home/airflow/.local/lib/python3.12/site-packages/airflow/example_dags/example_skip_dag.py
[2024-11-15T05:39:53.785+0000] {processor.py:925} INFO - DAG(s) 'example_skip_dag' retrieved from /home/airflow/.local/lib/python3.12/site-packages/airflow/example_dags/example_skip_dag.py
[2024-11-15T05:39:53.904+0000] {logging_mixin.py:190} INFO - [2024-11-15T05:39:53.904+0000] {dag.py:3239} INFO - Sync 1 DAGs
[2024-11-15T05:39:54.068+0000] {logging_mixin.py:190} INFO - [2024-11-15T05:39:54.067+0000] {dag.py:4180} INFO - Setting next_dagrun for example_skip_dag to 2024-11-14 00:00:00+00:00, run_after=2024-11-15 00:00:00+00:00
[2024-11-15T05:39:54.167+0000] {processor.py:208} INFO - Processing /home/airflow/.local/lib/python3.12/site-packages/airflow/example_dags/example_skip_dag.py took 0.531 seconds
[2024-11-15T05:40:24.397+0000] {processor.py:186} INFO - Started process (PID=308) to work on /home/airflow/.local/lib/python3.12/site-packages/airflow/example_dags/example_skip_dag.py
[2024-11-15T05:40:24.403+0000] {processor.py:914} INFO - Processing file /home/airflow/.local/lib/python3.12/site-packages/airflow/example_dags/example_skip_dag.py for tasks to queue
[2024-11-15T05:40:24.411+0000] {logging_mixin.py:190} INFO - [2024-11-15T05:40:24.410+0000] {dagbag.py:588} INFO - Filling up the DagBag from /home/airflow/.local/lib/python3.12/site-packages/airflow/example_dags/example_skip_dag.py
[2024-11-15T05:40:24.442+0000] {processor.py:925} INFO - DAG(s) 'example_skip_dag' retrieved from /home/airflow/.local/lib/python3.12/site-packages/airflow/example_dags/example_skip_dag.py
[2024-11-15T05:40:24.539+0000] {logging_mixin.py:190} INFO - [2024-11-15T05:40:24.538+0000] {dag.py:3239} INFO - Sync 1 DAGs
[2024-11-15T05:40:24.614+0000] {logging_mixin.py:190} INFO - [2024-11-15T05:40:24.614+0000] {dag.py:4180} INFO - Setting next_dagrun for example_skip_dag to 2024-11-14 00:00:00+00:00, run_after=2024-11-15 00:00:00+00:00
[2024-11-15T05:40:24.660+0000] {processor.py:208} INFO - Processing /home/airflow/.local/lib/python3.12/site-packages/airflow/example_dags/example_skip_dag.py took 0.286 seconds
[2024-11-15T05:41:02.153+0000] {processor.py:186} INFO - Started process (PID=380) to work on /home/airflow/.local/lib/python3.12/site-packages/airflow/example_dags/example_skip_dag.py
[2024-11-15T05:41:02.155+0000] {processor.py:914} INFO - Processing file /home/airflow/.local/lib/python3.12/site-packages/airflow/example_dags/example_skip_dag.py for tasks to queue
[2024-11-15T05:41:02.160+0000] {logging_mixin.py:190} INFO - [2024-11-15T05:41:02.160+0000] {dagbag.py:588} INFO - Filling up the DagBag from /home/airflow/.local/lib/python3.12/site-packages/airflow/example_dags/example_skip_dag.py
[2024-11-15T05:41:02.180+0000] {processor.py:925} INFO - DAG(s) 'example_skip_dag' retrieved from /home/airflow/.local/lib/python3.12/site-packages/airflow/example_dags/example_skip_dag.py
[2024-11-15T05:41:02.237+0000] {logging_mixin.py:190} INFO - [2024-11-15T05:41:02.236+0000] {dag.py:3239} INFO - Sync 1 DAGs
[2024-11-15T05:41:02.312+0000] {logging_mixin.py:190} INFO - [2024-11-15T05:41:02.311+0000] {dag.py:4180} INFO - Setting next_dagrun for example_skip_dag to 2024-11-14 00:00:00+00:00, run_after=2024-11-15 00:00:00+00:00
[2024-11-15T05:41:02.399+0000] {processor.py:208} INFO - Processing /home/airflow/.local/lib/python3.12/site-packages/airflow/example_dags/example_skip_dag.py took 0.257 seconds
[2024-11-15T05:41:33.535+0000] {processor.py:186} INFO - Started process (PID=445) to work on /home/airflow/.local/lib/python3.12/site-packages/airflow/example_dags/example_skip_dag.py
[2024-11-15T05:41:33.538+0000] {processor.py:914} INFO - Processing file /home/airflow/.local/lib/python3.12/site-packages/airflow/example_dags/example_skip_dag.py for tasks to queue
[2024-11-15T05:41:33.544+0000] {logging_mixin.py:190} INFO - [2024-11-15T05:41:33.543+0000] {dagbag.py:588} INFO - Filling up the DagBag from /home/airflow/.local/lib/python3.12/site-packages/airflow/example_dags/example_skip_dag.py
[2024-11-15T05:41:33.565+0000] {processor.py:925} INFO - DAG(s) 'example_skip_dag' retrieved from /home/airflow/.local/lib/python3.12/site-packages/airflow/example_dags/example_skip_dag.py
[2024-11-15T05:41:33.615+0000] {logging_mixin.py:190} INFO - [2024-11-15T05:41:33.615+0000] {dag.py:3239} INFO - Sync 1 DAGs
[2024-11-15T05:41:33.670+0000] {logging_mixin.py:190} INFO - [2024-11-15T05:41:33.670+0000] {dag.py:4180} INFO - Setting next_dagrun for example_skip_dag to 2024-11-14 00:00:00+00:00, run_after=2024-11-15 00:00:00+00:00
[2024-11-15T05:41:33.714+0000] {processor.py:208} INFO - Processing /home/airflow/.local/lib/python3.12/site-packages/airflow/example_dags/example_skip_dag.py took 0.191 seconds
[2024-11-15T05:42:04.830+0000] {processor.py:186} INFO - Started process (PID=510) to work on /home/airflow/.local/lib/python3.12/site-packages/airflow/example_dags/example_skip_dag.py
[2024-11-15T05:42:04.833+0000] {processor.py:914} INFO - Processing file /home/airflow/.local/lib/python3.12/site-packages/airflow/example_dags/example_skip_dag.py for tasks to queue
[2024-11-15T05:42:04.839+0000] {logging_mixin.py:190} INFO - [2024-11-15T05:42:04.838+0000] {dagbag.py:588} INFO - Filling up the DagBag from /home/airflow/.local/lib/python3.12/site-packages/airflow/example_dags/example_skip_dag.py
[2024-11-15T05:42:04.861+0000] {processor.py:925} INFO - DAG(s) 'example_skip_dag' retrieved from /home/airflow/.local/lib/python3.12/site-packages/airflow/example_dags/example_skip_dag.py
[2024-11-15T05:42:04.910+0000] {logging_mixin.py:190} INFO - [2024-11-15T05:42:04.909+0000] {dag.py:3239} INFO - Sync 1 DAGs
[2024-11-15T05:42:04.971+0000] {logging_mixin.py:190} INFO - [2024-11-15T05:42:04.969+0000] {dag.py:4180} INFO - Setting next_dagrun for example_skip_dag to 2024-11-14 00:00:00+00:00, run_after=2024-11-15 00:00:00+00:00
[2024-11-15T05:42:05.013+0000] {processor.py:208} INFO - Processing /home/airflow/.local/lib/python3.12/site-packages/airflow/example_dags/example_skip_dag.py took 0.198 seconds
[2024-11-15T05:42:35.172+0000] {processor.py:186} INFO - Started process (PID=574) to work on /home/airflow/.local/lib/python3.12/site-packages/airflow/example_dags/example_skip_dag.py
[2024-11-15T05:42:35.175+0000] {processor.py:914} INFO - Processing file /home/airflow/.local/lib/python3.12/site-packages/airflow/example_dags/example_skip_dag.py for tasks to queue
[2024-11-15T05:42:35.180+0000] {logging_mixin.py:190} INFO - [2024-11-15T05:42:35.179+0000] {dagbag.py:588} INFO - Filling up the DagBag from /home/airflow/.local/lib/python3.12/site-packages/airflow/example_dags/example_skip_dag.py
[2024-11-15T05:42:35.197+0000] {processor.py:925} INFO - DAG(s) 'example_skip_dag' retrieved from /home/airflow/.local/lib/python3.12/site-packages/airflow/example_dags/example_skip_dag.py
[2024-11-15T05:42:35.233+0000] {logging_mixin.py:190} INFO - [2024-11-15T05:42:35.233+0000] {dag.py:3239} INFO - Sync 1 DAGs
[2024-11-15T05:42:35.293+0000] {logging_mixin.py:190} INFO - [2024-11-15T05:42:35.293+0000] {dag.py:4180} INFO - Setting next_dagrun for example_skip_dag to 2024-11-14 00:00:00+00:00, run_after=2024-11-15 00:00:00+00:00
[2024-11-15T05:42:35.344+0000] {processor.py:208} INFO - Processing /home/airflow/.local/lib/python3.12/site-packages/airflow/example_dags/example_skip_dag.py took 0.182 seconds
[2024-11-15T05:43:05.830+0000] {processor.py:186} INFO - Started process (PID=639) to work on /home/airflow/.local/lib/python3.12/site-packages/airflow/example_dags/example_skip_dag.py
[2024-11-15T05:43:05.838+0000] {processor.py:914} INFO - Processing file /home/airflow/.local/lib/python3.12/site-packages/airflow/example_dags/example_skip_dag.py for tasks to queue
[2024-11-15T05:43:05.847+0000] {logging_mixin.py:190} INFO - [2024-11-15T05:43:05.846+0000] {dagbag.py:588} INFO - Filling up the DagBag from /home/airflow/.local/lib/python3.12/site-packages/airflow/example_dags/example_skip_dag.py
[2024-11-15T05:43:05.887+0000] {processor.py:925} INFO - DAG(s) 'example_skip_dag' retrieved from /home/airflow/.local/lib/python3.12/site-packages/airflow/example_dags/example_skip_dag.py
[2024-11-15T05:43:06.005+0000] {logging_mixin.py:190} INFO - [2024-11-15T05:43:06.004+0000] {dag.py:3239} INFO - Sync 1 DAGs
[2024-11-15T05:43:06.123+0000] {logging_mixin.py:190} INFO - [2024-11-15T05:43:06.122+0000] {dag.py:4180} INFO - Setting next_dagrun for example_skip_dag to 2024-11-14 00:00:00+00:00, run_after=2024-11-15 00:00:00+00:00
[2024-11-15T05:43:06.212+0000] {processor.py:208} INFO - Processing /home/airflow/.local/lib/python3.12/site-packages/airflow/example_dags/example_skip_dag.py took 0.415 seconds
[2024-11-15T05:43:36.844+0000] {processor.py:186} INFO - Started process (PID=704) to work on /home/airflow/.local/lib/python3.12/site-packages/airflow/example_dags/example_skip_dag.py
[2024-11-15T05:43:36.849+0000] {processor.py:914} INFO - Processing file /home/airflow/.local/lib/python3.12/site-packages/airflow/example_dags/example_skip_dag.py for tasks to queue
[2024-11-15T05:43:36.861+0000] {logging_mixin.py:190} INFO - [2024-11-15T05:43:36.860+0000] {dagbag.py:588} INFO - Filling up the DagBag from /home/airflow/.local/lib/python3.12/site-packages/airflow/example_dags/example_skip_dag.py
[2024-11-15T05:43:36.898+0000] {processor.py:925} INFO - DAG(s) 'example_skip_dag' retrieved from /home/airflow/.local/lib/python3.12/site-packages/airflow/example_dags/example_skip_dag.py
[2024-11-15T05:43:36.952+0000] {logging_mixin.py:190} INFO - [2024-11-15T05:43:36.952+0000] {dag.py:3239} INFO - Sync 1 DAGs
[2024-11-15T05:43:37.021+0000] {logging_mixin.py:190} INFO - [2024-11-15T05:43:37.021+0000] {dag.py:4180} INFO - Setting next_dagrun for example_skip_dag to 2024-11-14 00:00:00+00:00, run_after=2024-11-15 00:00:00+00:00
[2024-11-15T05:43:37.057+0000] {processor.py:208} INFO - Processing /home/airflow/.local/lib/python3.12/site-packages/airflow/example_dags/example_skip_dag.py took 0.243 seconds
[2024-11-15T05:44:09.847+0000] {processor.py:186} INFO - Started process (PID=770) to work on /home/airflow/.local/lib/python3.12/site-packages/airflow/example_dags/example_skip_dag.py
[2024-11-15T05:44:09.850+0000] {processor.py:914} INFO - Processing file /home/airflow/.local/lib/python3.12/site-packages/airflow/example_dags/example_skip_dag.py for tasks to queue
[2024-11-15T05:44:09.858+0000] {logging_mixin.py:190} INFO - [2024-11-15T05:44:09.857+0000] {dagbag.py:588} INFO - Filling up the DagBag from /home/airflow/.local/lib/python3.12/site-packages/airflow/example_dags/example_skip_dag.py
[2024-11-15T05:44:09.896+0000] {processor.py:925} INFO - DAG(s) 'example_skip_dag' retrieved from /home/airflow/.local/lib/python3.12/site-packages/airflow/example_dags/example_skip_dag.py
[2024-11-15T05:44:09.974+0000] {logging_mixin.py:190} INFO - [2024-11-15T05:44:09.973+0000] {dag.py:3239} INFO - Sync 1 DAGs
[2024-11-15T05:44:10.079+0000] {logging_mixin.py:190} INFO - [2024-11-15T05:44:10.078+0000] {dag.py:4180} INFO - Setting next_dagrun for example_skip_dag to 2024-11-14 00:00:00+00:00, run_after=2024-11-15 00:00:00+00:00
[2024-11-15T05:44:10.149+0000] {processor.py:208} INFO - Processing /home/airflow/.local/lib/python3.12/site-packages/airflow/example_dags/example_skip_dag.py took 0.324 seconds
[2024-11-15T05:44:40.622+0000] {processor.py:186} INFO - Started process (PID=835) to work on /home/airflow/.local/lib/python3.12/site-packages/airflow/example_dags/example_skip_dag.py
[2024-11-15T05:44:40.624+0000] {processor.py:914} INFO - Processing file /home/airflow/.local/lib/python3.12/site-packages/airflow/example_dags/example_skip_dag.py for tasks to queue
[2024-11-15T05:44:40.628+0000] {logging_mixin.py:190} INFO - [2024-11-15T05:44:40.628+0000] {dagbag.py:588} INFO - Filling up the DagBag from /home/airflow/.local/lib/python3.12/site-packages/airflow/example_dags/example_skip_dag.py
[2024-11-15T05:44:40.646+0000] {processor.py:925} INFO - DAG(s) 'example_skip_dag' retrieved from /home/airflow/.local/lib/python3.12/site-packages/airflow/example_dags/example_skip_dag.py
[2024-11-15T05:44:40.690+0000] {logging_mixin.py:190} INFO - [2024-11-15T05:44:40.689+0000] {dag.py:3239} INFO - Sync 1 DAGs
[2024-11-15T05:44:40.741+0000] {logging_mixin.py:190} INFO - [2024-11-15T05:44:40.741+0000] {dag.py:4180} INFO - Setting next_dagrun for example_skip_dag to 2024-11-14 00:00:00+00:00, run_after=2024-11-15 00:00:00+00:00
[2024-11-15T05:44:40.779+0000] {processor.py:208} INFO - Processing /home/airflow/.local/lib/python3.12/site-packages/airflow/example_dags/example_skip_dag.py took 0.167 seconds
[2024-11-15T05:45:11.088+0000] {processor.py:186} INFO - Started process (PID=899) to work on /home/airflow/.local/lib/python3.12/site-packages/airflow/example_dags/example_skip_dag.py
[2024-11-15T05:45:11.092+0000] {processor.py:914} INFO - Processing file /home/airflow/.local/lib/python3.12/site-packages/airflow/example_dags/example_skip_dag.py for tasks to queue
[2024-11-15T05:45:11.097+0000] {logging_mixin.py:190} INFO - [2024-11-15T05:45:11.096+0000] {dagbag.py:588} INFO - Filling up the DagBag from /home/airflow/.local/lib/python3.12/site-packages/airflow/example_dags/example_skip_dag.py
[2024-11-15T05:45:11.113+0000] {processor.py:925} INFO - DAG(s) 'example_skip_dag' retrieved from /home/airflow/.local/lib/python3.12/site-packages/airflow/example_dags/example_skip_dag.py
[2024-11-15T05:45:11.176+0000] {logging_mixin.py:190} INFO - [2024-11-15T05:45:11.175+0000] {dag.py:3239} INFO - Sync 1 DAGs
[2024-11-15T05:45:11.235+0000] {logging_mixin.py:190} INFO - [2024-11-15T05:45:11.234+0000] {dag.py:4180} INFO - Setting next_dagrun for example_skip_dag to 2024-11-14 00:00:00+00:00, run_after=2024-11-15 00:00:00+00:00
[2024-11-15T05:45:11.288+0000] {processor.py:208} INFO - Processing /home/airflow/.local/lib/python3.12/site-packages/airflow/example_dags/example_skip_dag.py took 0.217 seconds
[2024-11-15T05:45:41.595+0000] {processor.py:186} INFO - Started process (PID=960) to work on /home/airflow/.local/lib/python3.12/site-packages/airflow/example_dags/example_skip_dag.py
[2024-11-15T05:45:41.599+0000] {processor.py:914} INFO - Processing file /home/airflow/.local/lib/python3.12/site-packages/airflow/example_dags/example_skip_dag.py for tasks to queue
[2024-11-15T05:45:41.606+0000] {logging_mixin.py:190} INFO - [2024-11-15T05:45:41.604+0000] {dagbag.py:588} INFO - Filling up the DagBag from /home/airflow/.local/lib/python3.12/site-packages/airflow/example_dags/example_skip_dag.py
[2024-11-15T05:45:41.631+0000] {processor.py:925} INFO - DAG(s) 'example_skip_dag' retrieved from /home/airflow/.local/lib/python3.12/site-packages/airflow/example_dags/example_skip_dag.py
[2024-11-15T05:45:41.690+0000] {logging_mixin.py:190} INFO - [2024-11-15T05:45:41.689+0000] {dag.py:3239} INFO - Sync 1 DAGs
[2024-11-15T05:45:41.758+0000] {logging_mixin.py:190} INFO - [2024-11-15T05:45:41.758+0000] {dag.py:4180} INFO - Setting next_dagrun for example_skip_dag to 2024-11-14 00:00:00+00:00, run_after=2024-11-15 00:00:00+00:00
[2024-11-15T05:45:41.812+0000] {processor.py:208} INFO - Processing /home/airflow/.local/lib/python3.12/site-packages/airflow/example_dags/example_skip_dag.py took 0.237 seconds
[2024-11-15T05:46:12.082+0000] {processor.py:186} INFO - Started process (PID=1025) to work on /home/airflow/.local/lib/python3.12/site-packages/airflow/example_dags/example_skip_dag.py
[2024-11-15T05:46:12.089+0000] {processor.py:914} INFO - Processing file /home/airflow/.local/lib/python3.12/site-packages/airflow/example_dags/example_skip_dag.py for tasks to queue
[2024-11-15T05:46:12.101+0000] {logging_mixin.py:190} INFO - [2024-11-15T05:46:12.099+0000] {dagbag.py:588} INFO - Filling up the DagBag from /home/airflow/.local/lib/python3.12/site-packages/airflow/example_dags/example_skip_dag.py
[2024-11-15T05:46:12.144+0000] {processor.py:925} INFO - DAG(s) 'example_skip_dag' retrieved from /home/airflow/.local/lib/python3.12/site-packages/airflow/example_dags/example_skip_dag.py
[2024-11-15T05:46:12.264+0000] {logging_mixin.py:190} INFO - [2024-11-15T05:46:12.263+0000] {dag.py:3239} INFO - Sync 1 DAGs
[2024-11-15T05:46:12.359+0000] {logging_mixin.py:190} INFO - [2024-11-15T05:46:12.359+0000] {dag.py:4180} INFO - Setting next_dagrun for example_skip_dag to 2024-11-14 00:00:00+00:00, run_after=2024-11-15 00:00:00+00:00
[2024-11-15T05:46:12.413+0000] {processor.py:208} INFO - Processing /home/airflow/.local/lib/python3.12/site-packages/airflow/example_dags/example_skip_dag.py took 0.363 seconds
[2024-11-15T05:46:42.704+0000] {processor.py:186} INFO - Started process (PID=1090) to work on /home/airflow/.local/lib/python3.12/site-packages/airflow/example_dags/example_skip_dag.py
[2024-11-15T05:46:42.708+0000] {processor.py:914} INFO - Processing file /home/airflow/.local/lib/python3.12/site-packages/airflow/example_dags/example_skip_dag.py for tasks to queue
[2024-11-15T05:46:42.714+0000] {logging_mixin.py:190} INFO - [2024-11-15T05:46:42.714+0000] {dagbag.py:588} INFO - Filling up the DagBag from /home/airflow/.local/lib/python3.12/site-packages/airflow/example_dags/example_skip_dag.py
[2024-11-15T05:46:42.736+0000] {processor.py:925} INFO - DAG(s) 'example_skip_dag' retrieved from /home/airflow/.local/lib/python3.12/site-packages/airflow/example_dags/example_skip_dag.py
[2024-11-15T05:46:42.790+0000] {logging_mixin.py:190} INFO - [2024-11-15T05:46:42.789+0000] {dag.py:3239} INFO - Sync 1 DAGs
[2024-11-15T05:46:42.855+0000] {logging_mixin.py:190} INFO - [2024-11-15T05:46:42.854+0000] {dag.py:4180} INFO - Setting next_dagrun for example_skip_dag to 2024-11-14 00:00:00+00:00, run_after=2024-11-15 00:00:00+00:00
[2024-11-15T05:46:42.901+0000] {processor.py:208} INFO - Processing /home/airflow/.local/lib/python3.12/site-packages/airflow/example_dags/example_skip_dag.py took 0.210 seconds
[2024-11-15T05:47:13.182+0000] {processor.py:186} INFO - Started process (PID=1155) to work on /home/airflow/.local/lib/python3.12/site-packages/airflow/example_dags/example_skip_dag.py
[2024-11-15T05:47:13.185+0000] {processor.py:914} INFO - Processing file /home/airflow/.local/lib/python3.12/site-packages/airflow/example_dags/example_skip_dag.py for tasks to queue
[2024-11-15T05:47:13.190+0000] {logging_mixin.py:190} INFO - [2024-11-15T05:47:13.189+0000] {dagbag.py:588} INFO - Filling up the DagBag from /home/airflow/.local/lib/python3.12/site-packages/airflow/example_dags/example_skip_dag.py
[2024-11-15T05:47:13.213+0000] {processor.py:925} INFO - DAG(s) 'example_skip_dag' retrieved from /home/airflow/.local/lib/python3.12/site-packages/airflow/example_dags/example_skip_dag.py
[2024-11-15T05:47:13.274+0000] {logging_mixin.py:190} INFO - [2024-11-15T05:47:13.273+0000] {dag.py:3239} INFO - Sync 1 DAGs
[2024-11-15T05:47:13.339+0000] {logging_mixin.py:190} INFO - [2024-11-15T05:47:13.339+0000] {dag.py:4180} INFO - Setting next_dagrun for example_skip_dag to 2024-11-14 00:00:00+00:00, run_after=2024-11-15 00:00:00+00:00
[2024-11-15T05:47:13.386+0000] {processor.py:208} INFO - Processing /home/airflow/.local/lib/python3.12/site-packages/airflow/example_dags/example_skip_dag.py took 0.215 seconds
[2024-11-15T05:47:44.250+0000] {processor.py:186} INFO - Started process (PID=1220) to work on /home/airflow/.local/lib/python3.12/site-packages/airflow/example_dags/example_skip_dag.py
[2024-11-15T05:47:44.253+0000] {processor.py:914} INFO - Processing file /home/airflow/.local/lib/python3.12/site-packages/airflow/example_dags/example_skip_dag.py for tasks to queue
[2024-11-15T05:47:44.260+0000] {logging_mixin.py:190} INFO - [2024-11-15T05:47:44.260+0000] {dagbag.py:588} INFO - Filling up the DagBag from /home/airflow/.local/lib/python3.12/site-packages/airflow/example_dags/example_skip_dag.py
[2024-11-15T05:47:44.305+0000] {processor.py:925} INFO - DAG(s) 'example_skip_dag' retrieved from /home/airflow/.local/lib/python3.12/site-packages/airflow/example_dags/example_skip_dag.py
[2024-11-15T05:47:44.386+0000] {logging_mixin.py:190} INFO - [2024-11-15T05:47:44.385+0000] {dag.py:3239} INFO - Sync 1 DAGs
[2024-11-15T05:47:44.447+0000] {logging_mixin.py:190} INFO - [2024-11-15T05:47:44.447+0000] {dag.py:4180} INFO - Setting next_dagrun for example_skip_dag to 2024-11-14 00:00:00+00:00, run_after=2024-11-15 00:00:00+00:00
[2024-11-15T05:47:44.496+0000] {processor.py:208} INFO - Processing /home/airflow/.local/lib/python3.12/site-packages/airflow/example_dags/example_skip_dag.py took 0.263 seconds
[2024-11-15T05:48:14.889+0000] {processor.py:186} INFO - Started process (PID=1285) to work on /home/airflow/.local/lib/python3.12/site-packages/airflow/example_dags/example_skip_dag.py
[2024-11-15T05:48:14.899+0000] {processor.py:914} INFO - Processing file /home/airflow/.local/lib/python3.12/site-packages/airflow/example_dags/example_skip_dag.py for tasks to queue
[2024-11-15T05:48:14.912+0000] {logging_mixin.py:190} INFO - [2024-11-15T05:48:14.910+0000] {dagbag.py:588} INFO - Filling up the DagBag from /home/airflow/.local/lib/python3.12/site-packages/airflow/example_dags/example_skip_dag.py
[2024-11-15T05:48:14.953+0000] {processor.py:925} INFO - DAG(s) 'example_skip_dag' retrieved from /home/airflow/.local/lib/python3.12/site-packages/airflow/example_dags/example_skip_dag.py
[2024-11-15T05:48:15.065+0000] {logging_mixin.py:190} INFO - [2024-11-15T05:48:15.064+0000] {dag.py:3239} INFO - Sync 1 DAGs
[2024-11-15T05:48:15.169+0000] {logging_mixin.py:190} INFO - [2024-11-15T05:48:15.168+0000] {dag.py:4180} INFO - Setting next_dagrun for example_skip_dag to 2024-11-14 00:00:00+00:00, run_after=2024-11-15 00:00:00+00:00
[2024-11-15T05:48:15.240+0000] {processor.py:208} INFO - Processing /home/airflow/.local/lib/python3.12/site-packages/airflow/example_dags/example_skip_dag.py took 0.379 seconds
[2024-11-15T05:48:45.437+0000] {processor.py:186} INFO - Started process (PID=1350) to work on /home/airflow/.local/lib/python3.12/site-packages/airflow/example_dags/example_skip_dag.py
[2024-11-15T05:48:45.440+0000] {processor.py:914} INFO - Processing file /home/airflow/.local/lib/python3.12/site-packages/airflow/example_dags/example_skip_dag.py for tasks to queue
[2024-11-15T05:48:45.446+0000] {logging_mixin.py:190} INFO - [2024-11-15T05:48:45.445+0000] {dagbag.py:588} INFO - Filling up the DagBag from /home/airflow/.local/lib/python3.12/site-packages/airflow/example_dags/example_skip_dag.py
[2024-11-15T05:48:45.474+0000] {processor.py:925} INFO - DAG(s) 'example_skip_dag' retrieved from /home/airflow/.local/lib/python3.12/site-packages/airflow/example_dags/example_skip_dag.py
[2024-11-15T05:48:45.575+0000] {logging_mixin.py:190} INFO - [2024-11-15T05:48:45.575+0000] {dag.py:3239} INFO - Sync 1 DAGs
[2024-11-15T05:48:45.682+0000] {logging_mixin.py:190} INFO - [2024-11-15T05:48:45.682+0000] {dag.py:4180} INFO - Setting next_dagrun for example_skip_dag to 2024-11-14 00:00:00+00:00, run_after=2024-11-15 00:00:00+00:00
[2024-11-15T05:48:45.768+0000] {processor.py:208} INFO - Processing /home/airflow/.local/lib/python3.12/site-packages/airflow/example_dags/example_skip_dag.py took 0.348 seconds
[2024-11-15T05:49:18.659+0000] {processor.py:186} INFO - Started process (PID=1408) to work on /home/airflow/.local/lib/python3.12/site-packages/airflow/example_dags/example_skip_dag.py
[2024-11-15T05:49:18.662+0000] {processor.py:914} INFO - Processing file /home/airflow/.local/lib/python3.12/site-packages/airflow/example_dags/example_skip_dag.py for tasks to queue
[2024-11-15T05:49:18.668+0000] {logging_mixin.py:190} INFO - [2024-11-15T05:49:18.668+0000] {dagbag.py:588} INFO - Filling up the DagBag from /home/airflow/.local/lib/python3.12/site-packages/airflow/example_dags/example_skip_dag.py
[2024-11-15T05:49:18.692+0000] {processor.py:925} INFO - DAG(s) 'example_skip_dag' retrieved from /home/airflow/.local/lib/python3.12/site-packages/airflow/example_dags/example_skip_dag.py
[2024-11-15T05:49:18.747+0000] {logging_mixin.py:190} INFO - [2024-11-15T05:49:18.746+0000] {dag.py:3239} INFO - Sync 1 DAGs
[2024-11-15T05:49:18.828+0000] {logging_mixin.py:190} INFO - [2024-11-15T05:49:18.827+0000] {dag.py:4180} INFO - Setting next_dagrun for example_skip_dag to 2024-11-14 00:00:00+00:00, run_after=2024-11-15 00:00:00+00:00
[2024-11-15T05:49:18.890+0000] {processor.py:208} INFO - Processing /home/airflow/.local/lib/python3.12/site-packages/airflow/example_dags/example_skip_dag.py took 0.243 seconds
[2024-11-15T05:50:14.976+0000] {processor.py:186} INFO - Started process (PID=1470) to work on /home/airflow/.local/lib/python3.12/site-packages/airflow/example_dags/example_skip_dag.py
[2024-11-15T05:50:14.980+0000] {processor.py:914} INFO - Processing file /home/airflow/.local/lib/python3.12/site-packages/airflow/example_dags/example_skip_dag.py for tasks to queue
[2024-11-15T05:50:14.988+0000] {logging_mixin.py:190} INFO - [2024-11-15T05:50:14.987+0000] {dagbag.py:588} INFO - Filling up the DagBag from /home/airflow/.local/lib/python3.12/site-packages/airflow/example_dags/example_skip_dag.py
[2024-11-15T05:50:15.014+0000] {processor.py:925} INFO - DAG(s) 'example_skip_dag' retrieved from /home/airflow/.local/lib/python3.12/site-packages/airflow/example_dags/example_skip_dag.py
[2024-11-15T05:50:15.079+0000] {logging_mixin.py:190} INFO - [2024-11-15T05:50:15.078+0000] {dag.py:3239} INFO - Sync 1 DAGs
[2024-11-15T05:50:15.166+0000] {logging_mixin.py:190} INFO - [2024-11-15T05:50:15.165+0000] {dag.py:4180} INFO - Setting next_dagrun for example_skip_dag to 2024-11-14 00:00:00+00:00, run_after=2024-11-15 00:00:00+00:00
[2024-11-15T05:50:15.231+0000] {processor.py:208} INFO - Processing /home/airflow/.local/lib/python3.12/site-packages/airflow/example_dags/example_skip_dag.py took 0.279 seconds
[2024-11-15T05:50:46.269+0000] {processor.py:186} INFO - Started process (PID=1536) to work on /home/airflow/.local/lib/python3.12/site-packages/airflow/example_dags/example_skip_dag.py
[2024-11-15T05:50:46.272+0000] {processor.py:914} INFO - Processing file /home/airflow/.local/lib/python3.12/site-packages/airflow/example_dags/example_skip_dag.py for tasks to queue
[2024-11-15T05:50:46.277+0000] {logging_mixin.py:190} INFO - [2024-11-15T05:50:46.276+0000] {dagbag.py:588} INFO - Filling up the DagBag from /home/airflow/.local/lib/python3.12/site-packages/airflow/example_dags/example_skip_dag.py
[2024-11-15T05:50:46.294+0000] {processor.py:925} INFO - DAG(s) 'example_skip_dag' retrieved from /home/airflow/.local/lib/python3.12/site-packages/airflow/example_dags/example_skip_dag.py
[2024-11-15T05:50:46.345+0000] {logging_mixin.py:190} INFO - [2024-11-15T05:50:46.344+0000] {dag.py:3239} INFO - Sync 1 DAGs
[2024-11-15T05:50:46.398+0000] {logging_mixin.py:190} INFO - [2024-11-15T05:50:46.398+0000] {dag.py:4180} INFO - Setting next_dagrun for example_skip_dag to 2024-11-14 00:00:00+00:00, run_after=2024-11-15 00:00:00+00:00
[2024-11-15T05:50:46.439+0000] {processor.py:208} INFO - Processing /home/airflow/.local/lib/python3.12/site-packages/airflow/example_dags/example_skip_dag.py took 0.181 seconds
[2024-11-15T05:51:19.804+0000] {processor.py:186} INFO - Started process (PID=1602) to work on /home/airflow/.local/lib/python3.12/site-packages/airflow/example_dags/example_skip_dag.py
[2024-11-15T05:51:19.808+0000] {processor.py:914} INFO - Processing file /home/airflow/.local/lib/python3.12/site-packages/airflow/example_dags/example_skip_dag.py for tasks to queue
[2024-11-15T05:51:19.815+0000] {logging_mixin.py:190} INFO - [2024-11-15T05:51:19.814+0000] {dagbag.py:588} INFO - Filling up the DagBag from /home/airflow/.local/lib/python3.12/site-packages/airflow/example_dags/example_skip_dag.py
[2024-11-15T05:51:19.838+0000] {processor.py:925} INFO - DAG(s) 'example_skip_dag' retrieved from /home/airflow/.local/lib/python3.12/site-packages/airflow/example_dags/example_skip_dag.py
[2024-11-15T05:51:19.892+0000] {logging_mixin.py:190} INFO - [2024-11-15T05:51:19.892+0000] {dag.py:3239} INFO - Sync 1 DAGs
[2024-11-15T05:51:19.953+0000] {logging_mixin.py:190} INFO - [2024-11-15T05:51:19.952+0000] {dag.py:4180} INFO - Setting next_dagrun for example_skip_dag to 2024-11-14 00:00:00+00:00, run_after=2024-11-15 00:00:00+00:00
[2024-11-15T05:51:19.996+0000] {processor.py:208} INFO - Processing /home/airflow/.local/lib/python3.12/site-packages/airflow/example_dags/example_skip_dag.py took 0.217 seconds
[2024-11-15T05:51:51.840+0000] {processor.py:186} INFO - Started process (PID=1667) to work on /home/airflow/.local/lib/python3.12/site-packages/airflow/example_dags/example_skip_dag.py
[2024-11-15T05:51:51.843+0000] {processor.py:914} INFO - Processing file /home/airflow/.local/lib/python3.12/site-packages/airflow/example_dags/example_skip_dag.py for tasks to queue
[2024-11-15T05:51:51.847+0000] {logging_mixin.py:190} INFO - [2024-11-15T05:51:51.846+0000] {dagbag.py:588} INFO - Filling up the DagBag from /home/airflow/.local/lib/python3.12/site-packages/airflow/example_dags/example_skip_dag.py
[2024-11-15T05:51:51.866+0000] {processor.py:925} INFO - DAG(s) 'example_skip_dag' retrieved from /home/airflow/.local/lib/python3.12/site-packages/airflow/example_dags/example_skip_dag.py
[2024-11-15T05:51:51.915+0000] {logging_mixin.py:190} INFO - [2024-11-15T05:51:51.914+0000] {dag.py:3239} INFO - Sync 1 DAGs
[2024-11-15T05:51:51.971+0000] {logging_mixin.py:190} INFO - [2024-11-15T05:51:51.970+0000] {dag.py:4180} INFO - Setting next_dagrun for example_skip_dag to 2024-11-14 00:00:00+00:00, run_after=2024-11-15 00:00:00+00:00
[2024-11-15T05:51:52.006+0000] {processor.py:208} INFO - Processing /home/airflow/.local/lib/python3.12/site-packages/airflow/example_dags/example_skip_dag.py took 0.178 seconds
[2024-11-15T05:52:24.891+0000] {processor.py:186} INFO - Started process (PID=1729) to work on /home/airflow/.local/lib/python3.12/site-packages/airflow/example_dags/example_skip_dag.py
[2024-11-15T05:52:24.894+0000] {processor.py:914} INFO - Processing file /home/airflow/.local/lib/python3.12/site-packages/airflow/example_dags/example_skip_dag.py for tasks to queue
[2024-11-15T05:52:24.900+0000] {logging_mixin.py:190} INFO - [2024-11-15T05:52:24.899+0000] {dagbag.py:588} INFO - Filling up the DagBag from /home/airflow/.local/lib/python3.12/site-packages/airflow/example_dags/example_skip_dag.py
[2024-11-15T05:52:24.926+0000] {processor.py:925} INFO - DAG(s) 'example_skip_dag' retrieved from /home/airflow/.local/lib/python3.12/site-packages/airflow/example_dags/example_skip_dag.py
[2024-11-15T05:52:24.980+0000] {logging_mixin.py:190} INFO - [2024-11-15T05:52:24.979+0000] {dag.py:3239} INFO - Sync 1 DAGs
[2024-11-15T05:52:25.028+0000] {logging_mixin.py:190} INFO - [2024-11-15T05:52:25.028+0000] {dag.py:4180} INFO - Setting next_dagrun for example_skip_dag to 2024-11-14 00:00:00+00:00, run_after=2024-11-15 00:00:00+00:00
[2024-11-15T05:52:25.066+0000] {processor.py:208} INFO - Processing /home/airflow/.local/lib/python3.12/site-packages/airflow/example_dags/example_skip_dag.py took 0.197 seconds
[2024-11-15T05:52:58.078+0000] {processor.py:186} INFO - Started process (PID=1795) to work on /home/airflow/.local/lib/python3.12/site-packages/airflow/example_dags/example_skip_dag.py
[2024-11-15T05:52:58.081+0000] {processor.py:914} INFO - Processing file /home/airflow/.local/lib/python3.12/site-packages/airflow/example_dags/example_skip_dag.py for tasks to queue
[2024-11-15T05:52:58.090+0000] {logging_mixin.py:190} INFO - [2024-11-15T05:52:58.089+0000] {dagbag.py:588} INFO - Filling up the DagBag from /home/airflow/.local/lib/python3.12/site-packages/airflow/example_dags/example_skip_dag.py
[2024-11-15T05:52:58.122+0000] {processor.py:925} INFO - DAG(s) 'example_skip_dag' retrieved from /home/airflow/.local/lib/python3.12/site-packages/airflow/example_dags/example_skip_dag.py
[2024-11-15T05:52:58.210+0000] {logging_mixin.py:190} INFO - [2024-11-15T05:52:58.209+0000] {dag.py:3239} INFO - Sync 1 DAGs
[2024-11-15T05:52:58.314+0000] {logging_mixin.py:190} INFO - [2024-11-15T05:52:58.313+0000] {dag.py:4180} INFO - Setting next_dagrun for example_skip_dag to 2024-11-14 00:00:00+00:00, run_after=2024-11-15 00:00:00+00:00
[2024-11-15T05:52:58.364+0000] {processor.py:208} INFO - Processing /home/airflow/.local/lib/python3.12/site-packages/airflow/example_dags/example_skip_dag.py took 0.314 seconds
[2024-11-15T05:53:29.638+0000] {processor.py:186} INFO - Started process (PID=1860) to work on /home/airflow/.local/lib/python3.12/site-packages/airflow/example_dags/example_skip_dag.py
[2024-11-15T05:53:29.645+0000] {processor.py:914} INFO - Processing file /home/airflow/.local/lib/python3.12/site-packages/airflow/example_dags/example_skip_dag.py for tasks to queue
[2024-11-15T05:53:29.656+0000] {logging_mixin.py:190} INFO - [2024-11-15T05:53:29.654+0000] {dagbag.py:588} INFO - Filling up the DagBag from /home/airflow/.local/lib/python3.12/site-packages/airflow/example_dags/example_skip_dag.py
[2024-11-15T05:53:29.699+0000] {processor.py:925} INFO - DAG(s) 'example_skip_dag' retrieved from /home/airflow/.local/lib/python3.12/site-packages/airflow/example_dags/example_skip_dag.py
[2024-11-15T05:53:29.799+0000] {logging_mixin.py:190} INFO - [2024-11-15T05:53:29.798+0000] {dag.py:3239} INFO - Sync 1 DAGs
[2024-11-15T05:53:29.920+0000] {logging_mixin.py:190} INFO - [2024-11-15T05:53:29.919+0000] {dag.py:4180} INFO - Setting next_dagrun for example_skip_dag to 2024-11-14 00:00:00+00:00, run_after=2024-11-15 00:00:00+00:00
[2024-11-15T05:53:30.007+0000] {processor.py:208} INFO - Processing /home/airflow/.local/lib/python3.12/site-packages/airflow/example_dags/example_skip_dag.py took 0.395 seconds
[2024-11-15T05:54:01.099+0000] {processor.py:186} INFO - Started process (PID=1924) to work on /home/airflow/.local/lib/python3.12/site-packages/airflow/example_dags/example_skip_dag.py
[2024-11-15T05:54:01.102+0000] {processor.py:914} INFO - Processing file /home/airflow/.local/lib/python3.12/site-packages/airflow/example_dags/example_skip_dag.py for tasks to queue
[2024-11-15T05:54:01.107+0000] {logging_mixin.py:190} INFO - [2024-11-15T05:54:01.106+0000] {dagbag.py:588} INFO - Filling up the DagBag from /home/airflow/.local/lib/python3.12/site-packages/airflow/example_dags/example_skip_dag.py
[2024-11-15T05:54:01.130+0000] {processor.py:925} INFO - DAG(s) 'example_skip_dag' retrieved from /home/airflow/.local/lib/python3.12/site-packages/airflow/example_dags/example_skip_dag.py
[2024-11-15T05:54:01.176+0000] {logging_mixin.py:190} INFO - [2024-11-15T05:54:01.175+0000] {dag.py:3239} INFO - Sync 1 DAGs
[2024-11-15T05:54:01.231+0000] {logging_mixin.py:190} INFO - [2024-11-15T05:54:01.230+0000] {dag.py:4180} INFO - Setting next_dagrun for example_skip_dag to 2024-11-14 00:00:00+00:00, run_after=2024-11-15 00:00:00+00:00
[2024-11-15T05:54:01.274+0000] {processor.py:208} INFO - Processing /home/airflow/.local/lib/python3.12/site-packages/airflow/example_dags/example_skip_dag.py took 0.189 seconds
[2024-11-15T05:54:32.861+0000] {processor.py:186} INFO - Started process (PID=1989) to work on /home/airflow/.local/lib/python3.12/site-packages/airflow/example_dags/example_skip_dag.py
[2024-11-15T05:54:32.865+0000] {processor.py:914} INFO - Processing file /home/airflow/.local/lib/python3.12/site-packages/airflow/example_dags/example_skip_dag.py for tasks to queue
[2024-11-15T05:54:32.871+0000] {logging_mixin.py:190} INFO - [2024-11-15T05:54:32.870+0000] {dagbag.py:588} INFO - Filling up the DagBag from /home/airflow/.local/lib/python3.12/site-packages/airflow/example_dags/example_skip_dag.py
[2024-11-15T05:54:32.892+0000] {processor.py:925} INFO - DAG(s) 'example_skip_dag' retrieved from /home/airflow/.local/lib/python3.12/site-packages/airflow/example_dags/example_skip_dag.py
[2024-11-15T05:54:32.944+0000] {logging_mixin.py:190} INFO - [2024-11-15T05:54:32.943+0000] {dag.py:3239} INFO - Sync 1 DAGs
[2024-11-15T05:54:33.010+0000] {logging_mixin.py:190} INFO - [2024-11-15T05:54:33.009+0000] {dag.py:4180} INFO - Setting next_dagrun for example_skip_dag to 2024-11-14 00:00:00+00:00, run_after=2024-11-15 00:00:00+00:00
[2024-11-15T05:54:33.054+0000] {processor.py:208} INFO - Processing /home/airflow/.local/lib/python3.12/site-packages/airflow/example_dags/example_skip_dag.py took 0.207 seconds
[2024-11-15T05:55:19.538+0000] {processor.py:186} INFO - Started process (PID=2058) to work on /home/airflow/.local/lib/python3.12/site-packages/airflow/example_dags/example_skip_dag.py
[2024-11-15T05:55:19.570+0000] {processor.py:914} INFO - Processing file /home/airflow/.local/lib/python3.12/site-packages/airflow/example_dags/example_skip_dag.py for tasks to queue
[2024-11-15T05:55:19.670+0000] {logging_mixin.py:190} INFO - [2024-11-15T05:55:19.659+0000] {dagbag.py:588} INFO - Filling up the DagBag from /home/airflow/.local/lib/python3.12/site-packages/airflow/example_dags/example_skip_dag.py
[2024-11-15T05:55:19.888+0000] {processor.py:925} INFO - DAG(s) 'example_skip_dag' retrieved from /home/airflow/.local/lib/python3.12/site-packages/airflow/example_dags/example_skip_dag.py
[2024-11-15T05:55:19.979+0000] {logging_mixin.py:190} INFO - [2024-11-15T05:55:19.978+0000] {dag.py:3239} INFO - Sync 1 DAGs
[2024-11-15T05:55:20.248+0000] {logging_mixin.py:190} INFO - [2024-11-15T05:55:20.248+0000] {dag.py:4180} INFO - Setting next_dagrun for example_skip_dag to 2024-11-14 00:00:00+00:00, run_after=2024-11-15 00:00:00+00:00
[2024-11-15T05:55:20.412+0000] {processor.py:208} INFO - Processing /home/airflow/.local/lib/python3.12/site-packages/airflow/example_dags/example_skip_dag.py took 1.127 seconds
[2024-11-15T05:55:50.649+0000] {processor.py:186} INFO - Started process (PID=2123) to work on /home/airflow/.local/lib/python3.12/site-packages/airflow/example_dags/example_skip_dag.py
[2024-11-15T05:55:50.663+0000] {processor.py:914} INFO - Processing file /home/airflow/.local/lib/python3.12/site-packages/airflow/example_dags/example_skip_dag.py for tasks to queue
[2024-11-15T05:55:50.671+0000] {logging_mixin.py:190} INFO - [2024-11-15T05:55:50.670+0000] {dagbag.py:588} INFO - Filling up the DagBag from /home/airflow/.local/lib/python3.12/site-packages/airflow/example_dags/example_skip_dag.py
[2024-11-15T05:55:50.700+0000] {processor.py:925} INFO - DAG(s) 'example_skip_dag' retrieved from /home/airflow/.local/lib/python3.12/site-packages/airflow/example_dags/example_skip_dag.py
[2024-11-15T05:55:50.769+0000] {logging_mixin.py:190} INFO - [2024-11-15T05:55:50.768+0000] {dag.py:3239} INFO - Sync 1 DAGs
[2024-11-15T05:55:50.826+0000] {logging_mixin.py:190} INFO - [2024-11-15T05:55:50.826+0000] {dag.py:4180} INFO - Setting next_dagrun for example_skip_dag to 2024-11-14 00:00:00+00:00, run_after=2024-11-15 00:00:00+00:00
[2024-11-15T05:55:50.864+0000] {processor.py:208} INFO - Processing /home/airflow/.local/lib/python3.12/site-packages/airflow/example_dags/example_skip_dag.py took 0.240 seconds
[2024-11-15T05:56:21.430+0000] {processor.py:186} INFO - Started process (PID=2188) to work on /home/airflow/.local/lib/python3.12/site-packages/airflow/example_dags/example_skip_dag.py
[2024-11-15T05:56:21.442+0000] {processor.py:914} INFO - Processing file /home/airflow/.local/lib/python3.12/site-packages/airflow/example_dags/example_skip_dag.py for tasks to queue
[2024-11-15T05:56:21.463+0000] {logging_mixin.py:190} INFO - [2024-11-15T05:56:21.460+0000] {dagbag.py:588} INFO - Filling up the DagBag from /home/airflow/.local/lib/python3.12/site-packages/airflow/example_dags/example_skip_dag.py
[2024-11-15T05:56:21.520+0000] {processor.py:925} INFO - DAG(s) 'example_skip_dag' retrieved from /home/airflow/.local/lib/python3.12/site-packages/airflow/example_dags/example_skip_dag.py
[2024-11-15T05:56:21.569+0000] {logging_mixin.py:190} INFO - [2024-11-15T05:56:21.568+0000] {dag.py:3239} INFO - Sync 1 DAGs
[2024-11-15T05:56:21.641+0000] {logging_mixin.py:190} INFO - [2024-11-15T05:56:21.640+0000] {dag.py:4180} INFO - Setting next_dagrun for example_skip_dag to 2024-11-14 00:00:00+00:00, run_after=2024-11-15 00:00:00+00:00
[2024-11-15T05:56:21.680+0000] {processor.py:208} INFO - Processing /home/airflow/.local/lib/python3.12/site-packages/airflow/example_dags/example_skip_dag.py took 0.290 seconds
[2024-11-15T05:56:52.150+0000] {processor.py:186} INFO - Started process (PID=2253) to work on /home/airflow/.local/lib/python3.12/site-packages/airflow/example_dags/example_skip_dag.py
[2024-11-15T05:56:52.154+0000] {processor.py:914} INFO - Processing file /home/airflow/.local/lib/python3.12/site-packages/airflow/example_dags/example_skip_dag.py for tasks to queue
[2024-11-15T05:56:52.160+0000] {logging_mixin.py:190} INFO - [2024-11-15T05:56:52.159+0000] {dagbag.py:588} INFO - Filling up the DagBag from /home/airflow/.local/lib/python3.12/site-packages/airflow/example_dags/example_skip_dag.py
[2024-11-15T05:56:52.179+0000] {processor.py:925} INFO - DAG(s) 'example_skip_dag' retrieved from /home/airflow/.local/lib/python3.12/site-packages/airflow/example_dags/example_skip_dag.py
[2024-11-15T05:56:52.229+0000] {logging_mixin.py:190} INFO - [2024-11-15T05:56:52.228+0000] {dag.py:3239} INFO - Sync 1 DAGs
[2024-11-15T05:56:52.283+0000] {logging_mixin.py:190} INFO - [2024-11-15T05:56:52.283+0000] {dag.py:4180} INFO - Setting next_dagrun for example_skip_dag to 2024-11-14 00:00:00+00:00, run_after=2024-11-15 00:00:00+00:00
[2024-11-15T05:56:52.316+0000] {processor.py:208} INFO - Processing /home/airflow/.local/lib/python3.12/site-packages/airflow/example_dags/example_skip_dag.py took 0.178 seconds
[2024-11-15T05:57:22.402+0000] {processor.py:186} INFO - Started process (PID=2317) to work on /home/airflow/.local/lib/python3.12/site-packages/airflow/example_dags/example_skip_dag.py
[2024-11-15T05:57:22.405+0000] {processor.py:914} INFO - Processing file /home/airflow/.local/lib/python3.12/site-packages/airflow/example_dags/example_skip_dag.py for tasks to queue
[2024-11-15T05:57:22.411+0000] {logging_mixin.py:190} INFO - [2024-11-15T05:57:22.410+0000] {dagbag.py:588} INFO - Filling up the DagBag from /home/airflow/.local/lib/python3.12/site-packages/airflow/example_dags/example_skip_dag.py
[2024-11-15T05:57:22.436+0000] {processor.py:925} INFO - DAG(s) 'example_skip_dag' retrieved from /home/airflow/.local/lib/python3.12/site-packages/airflow/example_dags/example_skip_dag.py
[2024-11-15T05:57:22.495+0000] {logging_mixin.py:190} INFO - [2024-11-15T05:57:22.495+0000] {dag.py:3239} INFO - Sync 1 DAGs
[2024-11-15T05:57:22.548+0000] {logging_mixin.py:190} INFO - [2024-11-15T05:57:22.548+0000] {dag.py:4180} INFO - Setting next_dagrun for example_skip_dag to 2024-11-14 00:00:00+00:00, run_after=2024-11-15 00:00:00+00:00
[2024-11-15T05:57:22.588+0000] {processor.py:208} INFO - Processing /home/airflow/.local/lib/python3.12/site-packages/airflow/example_dags/example_skip_dag.py took 0.200 seconds
[2024-11-15T05:57:52.831+0000] {processor.py:186} INFO - Started process (PID=2383) to work on /home/airflow/.local/lib/python3.12/site-packages/airflow/example_dags/example_skip_dag.py
[2024-11-15T05:57:52.834+0000] {processor.py:914} INFO - Processing file /home/airflow/.local/lib/python3.12/site-packages/airflow/example_dags/example_skip_dag.py for tasks to queue
[2024-11-15T05:57:52.845+0000] {logging_mixin.py:190} INFO - [2024-11-15T05:57:52.844+0000] {dagbag.py:588} INFO - Filling up the DagBag from /home/airflow/.local/lib/python3.12/site-packages/airflow/example_dags/example_skip_dag.py
[2024-11-15T05:57:52.894+0000] {processor.py:925} INFO - DAG(s) 'example_skip_dag' retrieved from /home/airflow/.local/lib/python3.12/site-packages/airflow/example_dags/example_skip_dag.py
[2024-11-15T05:57:53.093+0000] {logging_mixin.py:190} INFO - [2024-11-15T05:57:53.092+0000] {dag.py:3239} INFO - Sync 1 DAGs
[2024-11-15T05:57:53.224+0000] {logging_mixin.py:190} INFO - [2024-11-15T05:57:53.223+0000] {dag.py:4180} INFO - Setting next_dagrun for example_skip_dag to 2024-11-14 00:00:00+00:00, run_after=2024-11-15 00:00:00+00:00
[2024-11-15T05:57:53.339+0000] {processor.py:208} INFO - Processing /home/airflow/.local/lib/python3.12/site-packages/airflow/example_dags/example_skip_dag.py took 0.528 seconds
[2024-11-15T05:58:23.571+0000] {processor.py:186} INFO - Started process (PID=2448) to work on /home/airflow/.local/lib/python3.12/site-packages/airflow/example_dags/example_skip_dag.py
[2024-11-15T05:58:23.581+0000] {processor.py:914} INFO - Processing file /home/airflow/.local/lib/python3.12/site-packages/airflow/example_dags/example_skip_dag.py for tasks to queue
[2024-11-15T05:58:23.598+0000] {logging_mixin.py:190} INFO - [2024-11-15T05:58:23.595+0000] {dagbag.py:588} INFO - Filling up the DagBag from /home/airflow/.local/lib/python3.12/site-packages/airflow/example_dags/example_skip_dag.py
[2024-11-15T05:58:23.644+0000] {processor.py:925} INFO - DAG(s) 'example_skip_dag' retrieved from /home/airflow/.local/lib/python3.12/site-packages/airflow/example_dags/example_skip_dag.py
[2024-11-15T05:58:23.765+0000] {logging_mixin.py:190} INFO - [2024-11-15T05:58:23.763+0000] {dag.py:3239} INFO - Sync 1 DAGs
[2024-11-15T05:58:23.917+0000] {logging_mixin.py:190} INFO - [2024-11-15T05:58:23.916+0000] {dag.py:4180} INFO - Setting next_dagrun for example_skip_dag to 2024-11-14 00:00:00+00:00, run_after=2024-11-15 00:00:00+00:00
[2024-11-15T05:58:24.022+0000] {processor.py:208} INFO - Processing /home/airflow/.local/lib/python3.12/site-packages/airflow/example_dags/example_skip_dag.py took 0.489 seconds
[2024-11-15T05:58:54.645+0000] {processor.py:186} INFO - Started process (PID=2514) to work on /home/airflow/.local/lib/python3.12/site-packages/airflow/example_dags/example_skip_dag.py
[2024-11-15T05:58:54.652+0000] {processor.py:914} INFO - Processing file /home/airflow/.local/lib/python3.12/site-packages/airflow/example_dags/example_skip_dag.py for tasks to queue
[2024-11-15T05:58:54.663+0000] {logging_mixin.py:190} INFO - [2024-11-15T05:58:54.662+0000] {dagbag.py:588} INFO - Filling up the DagBag from /home/airflow/.local/lib/python3.12/site-packages/airflow/example_dags/example_skip_dag.py
[2024-11-15T05:58:54.685+0000] {processor.py:925} INFO - DAG(s) 'example_skip_dag' retrieved from /home/airflow/.local/lib/python3.12/site-packages/airflow/example_dags/example_skip_dag.py
[2024-11-15T05:58:54.740+0000] {logging_mixin.py:190} INFO - [2024-11-15T05:58:54.739+0000] {dag.py:3239} INFO - Sync 1 DAGs
[2024-11-15T05:58:54.798+0000] {logging_mixin.py:190} INFO - [2024-11-15T05:58:54.798+0000] {dag.py:4180} INFO - Setting next_dagrun for example_skip_dag to 2024-11-14 00:00:00+00:00, run_after=2024-11-15 00:00:00+00:00
[2024-11-15T05:58:54.837+0000] {processor.py:208} INFO - Processing /home/airflow/.local/lib/python3.12/site-packages/airflow/example_dags/example_skip_dag.py took 0.225 seconds
[2024-11-15T05:59:25.771+0000] {processor.py:186} INFO - Started process (PID=2579) to work on /home/airflow/.local/lib/python3.12/site-packages/airflow/example_dags/example_skip_dag.py
[2024-11-15T05:59:25.776+0000] {processor.py:914} INFO - Processing file /home/airflow/.local/lib/python3.12/site-packages/airflow/example_dags/example_skip_dag.py for tasks to queue
[2024-11-15T05:59:25.784+0000] {logging_mixin.py:190} INFO - [2024-11-15T05:59:25.783+0000] {dagbag.py:588} INFO - Filling up the DagBag from /home/airflow/.local/lib/python3.12/site-packages/airflow/example_dags/example_skip_dag.py
[2024-11-15T05:59:25.812+0000] {processor.py:925} INFO - DAG(s) 'example_skip_dag' retrieved from /home/airflow/.local/lib/python3.12/site-packages/airflow/example_dags/example_skip_dag.py
[2024-11-15T05:59:25.894+0000] {logging_mixin.py:190} INFO - [2024-11-15T05:59:25.890+0000] {dag.py:3239} INFO - Sync 1 DAGs
[2024-11-15T05:59:25.986+0000] {logging_mixin.py:190} INFO - [2024-11-15T05:59:25.986+0000] {dag.py:4180} INFO - Setting next_dagrun for example_skip_dag to 2024-11-14 00:00:00+00:00, run_after=2024-11-15 00:00:00+00:00
[2024-11-15T05:59:26.028+0000] {processor.py:208} INFO - Processing /home/airflow/.local/lib/python3.12/site-packages/airflow/example_dags/example_skip_dag.py took 0.275 seconds
[2024-11-15T05:59:57.714+0000] {processor.py:186} INFO - Started process (PID=2632) to work on /home/airflow/.local/lib/python3.12/site-packages/airflow/example_dags/example_skip_dag.py
[2024-11-15T05:59:57.717+0000] {processor.py:914} INFO - Processing file /home/airflow/.local/lib/python3.12/site-packages/airflow/example_dags/example_skip_dag.py for tasks to queue
[2024-11-15T05:59:57.723+0000] {logging_mixin.py:190} INFO - [2024-11-15T05:59:57.722+0000] {dagbag.py:588} INFO - Filling up the DagBag from /home/airflow/.local/lib/python3.12/site-packages/airflow/example_dags/example_skip_dag.py
[2024-11-15T05:59:57.740+0000] {processor.py:925} INFO - DAG(s) 'example_skip_dag' retrieved from /home/airflow/.local/lib/python3.12/site-packages/airflow/example_dags/example_skip_dag.py
[2024-11-15T05:59:57.782+0000] {logging_mixin.py:190} INFO - [2024-11-15T05:59:57.781+0000] {dag.py:3239} INFO - Sync 1 DAGs
[2024-11-15T05:59:57.827+0000] {logging_mixin.py:190} INFO - [2024-11-15T05:59:57.827+0000] {dag.py:4180} INFO - Setting next_dagrun for example_skip_dag to 2024-11-14 00:00:00+00:00, run_after=2024-11-15 00:00:00+00:00
[2024-11-15T05:59:57.862+0000] {processor.py:208} INFO - Processing /home/airflow/.local/lib/python3.12/site-packages/airflow/example_dags/example_skip_dag.py took 0.166 seconds
[2024-11-15T06:00:28.208+0000] {processor.py:186} INFO - Started process (PID=2697) to work on /home/airflow/.local/lib/python3.12/site-packages/airflow/example_dags/example_skip_dag.py
[2024-11-15T06:00:28.212+0000] {processor.py:914} INFO - Processing file /home/airflow/.local/lib/python3.12/site-packages/airflow/example_dags/example_skip_dag.py for tasks to queue
[2024-11-15T06:00:28.217+0000] {logging_mixin.py:190} INFO - [2024-11-15T06:00:28.217+0000] {dagbag.py:588} INFO - Filling up the DagBag from /home/airflow/.local/lib/python3.12/site-packages/airflow/example_dags/example_skip_dag.py
[2024-11-15T06:00:28.236+0000] {processor.py:925} INFO - DAG(s) 'example_skip_dag' retrieved from /home/airflow/.local/lib/python3.12/site-packages/airflow/example_dags/example_skip_dag.py
[2024-11-15T06:00:28.286+0000] {logging_mixin.py:190} INFO - [2024-11-15T06:00:28.285+0000] {dag.py:3239} INFO - Sync 1 DAGs
[2024-11-15T06:00:28.345+0000] {logging_mixin.py:190} INFO - [2024-11-15T06:00:28.344+0000] {dag.py:4180} INFO - Setting next_dagrun for example_skip_dag to 2024-11-14 00:00:00+00:00, run_after=2024-11-15 00:00:00+00:00
[2024-11-15T06:00:28.589+0000] {processor.py:208} INFO - Processing /home/airflow/.local/lib/python3.12/site-packages/airflow/example_dags/example_skip_dag.py took 0.381 seconds
[2024-11-15T06:00:59.403+0000] {processor.py:186} INFO - Started process (PID=2763) to work on /home/airflow/.local/lib/python3.12/site-packages/airflow/example_dags/example_skip_dag.py
[2024-11-15T06:00:59.406+0000] {processor.py:914} INFO - Processing file /home/airflow/.local/lib/python3.12/site-packages/airflow/example_dags/example_skip_dag.py for tasks to queue
[2024-11-15T06:00:59.410+0000] {logging_mixin.py:190} INFO - [2024-11-15T06:00:59.410+0000] {dagbag.py:588} INFO - Filling up the DagBag from /home/airflow/.local/lib/python3.12/site-packages/airflow/example_dags/example_skip_dag.py
[2024-11-15T06:00:59.426+0000] {processor.py:925} INFO - DAG(s) 'example_skip_dag' retrieved from /home/airflow/.local/lib/python3.12/site-packages/airflow/example_dags/example_skip_dag.py
[2024-11-15T06:00:59.465+0000] {logging_mixin.py:190} INFO - [2024-11-15T06:00:59.465+0000] {dag.py:3239} INFO - Sync 1 DAGs
[2024-11-15T06:00:59.510+0000] {logging_mixin.py:190} INFO - [2024-11-15T06:00:59.509+0000] {dag.py:4180} INFO - Setting next_dagrun for example_skip_dag to 2024-11-14 00:00:00+00:00, run_after=2024-11-15 00:00:00+00:00
[2024-11-15T06:00:59.554+0000] {processor.py:208} INFO - Processing /home/airflow/.local/lib/python3.12/site-packages/airflow/example_dags/example_skip_dag.py took 0.163 seconds
[2024-11-15T06:01:32.481+0000] {processor.py:186} INFO - Started process (PID=2826) to work on /home/airflow/.local/lib/python3.12/site-packages/airflow/example_dags/example_skip_dag.py
[2024-11-15T06:01:32.484+0000] {processor.py:914} INFO - Processing file /home/airflow/.local/lib/python3.12/site-packages/airflow/example_dags/example_skip_dag.py for tasks to queue
[2024-11-15T06:01:32.492+0000] {logging_mixin.py:190} INFO - [2024-11-15T06:01:32.490+0000] {dagbag.py:588} INFO - Filling up the DagBag from /home/airflow/.local/lib/python3.12/site-packages/airflow/example_dags/example_skip_dag.py
[2024-11-15T06:01:32.513+0000] {processor.py:925} INFO - DAG(s) 'example_skip_dag' retrieved from /home/airflow/.local/lib/python3.12/site-packages/airflow/example_dags/example_skip_dag.py
[2024-11-15T06:01:32.564+0000] {logging_mixin.py:190} INFO - [2024-11-15T06:01:32.563+0000] {dag.py:3239} INFO - Sync 1 DAGs
[2024-11-15T06:01:32.633+0000] {logging_mixin.py:190} INFO - [2024-11-15T06:01:32.633+0000] {dag.py:4180} INFO - Setting next_dagrun for example_skip_dag to 2024-11-14 00:00:00+00:00, run_after=2024-11-15 00:00:00+00:00
[2024-11-15T06:01:32.692+0000] {processor.py:208} INFO - Processing /home/airflow/.local/lib/python3.12/site-packages/airflow/example_dags/example_skip_dag.py took 0.231 seconds
[2024-11-15T06:02:05.063+0000] {processor.py:186} INFO - Started process (PID=2891) to work on /home/airflow/.local/lib/python3.12/site-packages/airflow/example_dags/example_skip_dag.py
[2024-11-15T06:02:05.066+0000] {processor.py:914} INFO - Processing file /home/airflow/.local/lib/python3.12/site-packages/airflow/example_dags/example_skip_dag.py for tasks to queue
[2024-11-15T06:02:05.070+0000] {logging_mixin.py:190} INFO - [2024-11-15T06:02:05.069+0000] {dagbag.py:588} INFO - Filling up the DagBag from /home/airflow/.local/lib/python3.12/site-packages/airflow/example_dags/example_skip_dag.py
[2024-11-15T06:02:05.086+0000] {processor.py:925} INFO - DAG(s) 'example_skip_dag' retrieved from /home/airflow/.local/lib/python3.12/site-packages/airflow/example_dags/example_skip_dag.py
[2024-11-15T06:02:05.124+0000] {logging_mixin.py:190} INFO - [2024-11-15T06:02:05.124+0000] {dag.py:3239} INFO - Sync 1 DAGs
[2024-11-15T06:02:05.178+0000] {logging_mixin.py:190} INFO - [2024-11-15T06:02:05.178+0000] {dag.py:4180} INFO - Setting next_dagrun for example_skip_dag to 2024-11-14 00:00:00+00:00, run_after=2024-11-15 00:00:00+00:00
[2024-11-15T06:02:05.215+0000] {processor.py:208} INFO - Processing /home/airflow/.local/lib/python3.12/site-packages/airflow/example_dags/example_skip_dag.py took 0.166 seconds
[2024-11-15T06:02:47.491+0000] {processor.py:186} INFO - Started process (PID=2954) to work on /home/airflow/.local/lib/python3.12/site-packages/airflow/example_dags/example_skip_dag.py
[2024-11-15T06:02:47.495+0000] {processor.py:914} INFO - Processing file /home/airflow/.local/lib/python3.12/site-packages/airflow/example_dags/example_skip_dag.py for tasks to queue
[2024-11-15T06:02:47.500+0000] {logging_mixin.py:190} INFO - [2024-11-15T06:02:47.499+0000] {dagbag.py:588} INFO - Filling up the DagBag from /home/airflow/.local/lib/python3.12/site-packages/airflow/example_dags/example_skip_dag.py
[2024-11-15T06:02:47.523+0000] {processor.py:925} INFO - DAG(s) 'example_skip_dag' retrieved from /home/airflow/.local/lib/python3.12/site-packages/airflow/example_dags/example_skip_dag.py
[2024-11-15T06:02:47.599+0000] {logging_mixin.py:190} INFO - [2024-11-15T06:02:47.598+0000] {dag.py:3239} INFO - Sync 1 DAGs
[2024-11-15T06:02:47.670+0000] {logging_mixin.py:190} INFO - [2024-11-15T06:02:47.670+0000] {dag.py:4180} INFO - Setting next_dagrun for example_skip_dag to 2024-11-14 00:00:00+00:00, run_after=2024-11-15 00:00:00+00:00
[2024-11-15T06:02:47.751+0000] {processor.py:208} INFO - Processing /home/airflow/.local/lib/python3.12/site-packages/airflow/example_dags/example_skip_dag.py took 0.272 seconds
[2024-11-15T06:03:19.690+0000] {processor.py:186} INFO - Started process (PID=3016) to work on /home/airflow/.local/lib/python3.12/site-packages/airflow/example_dags/example_skip_dag.py
[2024-11-15T06:03:19.697+0000] {processor.py:914} INFO - Processing file /home/airflow/.local/lib/python3.12/site-packages/airflow/example_dags/example_skip_dag.py for tasks to queue
[2024-11-15T06:03:19.709+0000] {logging_mixin.py:190} INFO - [2024-11-15T06:03:19.703+0000] {dagbag.py:588} INFO - Filling up the DagBag from /home/airflow/.local/lib/python3.12/site-packages/airflow/example_dags/example_skip_dag.py
[2024-11-15T06:03:19.753+0000] {processor.py:925} INFO - DAG(s) 'example_skip_dag' retrieved from /home/airflow/.local/lib/python3.12/site-packages/airflow/example_dags/example_skip_dag.py
[2024-11-15T06:03:19.852+0000] {logging_mixin.py:190} INFO - [2024-11-15T06:03:19.852+0000] {dag.py:3239} INFO - Sync 1 DAGs
[2024-11-15T06:03:19.979+0000] {logging_mixin.py:190} INFO - [2024-11-15T06:03:19.978+0000] {dag.py:4180} INFO - Setting next_dagrun for example_skip_dag to 2024-11-14 00:00:00+00:00, run_after=2024-11-15 00:00:00+00:00
[2024-11-15T06:03:20.048+0000] {processor.py:208} INFO - Processing /home/airflow/.local/lib/python3.12/site-packages/airflow/example_dags/example_skip_dag.py took 0.378 seconds
[2024-11-15T06:03:54.703+0000] {processor.py:186} INFO - Started process (PID=3087) to work on /home/airflow/.local/lib/python3.12/site-packages/airflow/example_dags/example_skip_dag.py
[2024-11-15T06:03:54.712+0000] {processor.py:914} INFO - Processing file /home/airflow/.local/lib/python3.12/site-packages/airflow/example_dags/example_skip_dag.py for tasks to queue
[2024-11-15T06:03:54.725+0000] {logging_mixin.py:190} INFO - [2024-11-15T06:03:54.724+0000] {dagbag.py:588} INFO - Filling up the DagBag from /home/airflow/.local/lib/python3.12/site-packages/airflow/example_dags/example_skip_dag.py
[2024-11-15T06:03:54.788+0000] {processor.py:925} INFO - DAG(s) 'example_skip_dag' retrieved from /home/airflow/.local/lib/python3.12/site-packages/airflow/example_dags/example_skip_dag.py
[2024-11-15T06:03:54.912+0000] {logging_mixin.py:190} INFO - [2024-11-15T06:03:54.911+0000] {dag.py:3239} INFO - Sync 1 DAGs
[2024-11-15T06:03:55.086+0000] {logging_mixin.py:190} INFO - [2024-11-15T06:03:55.085+0000] {dag.py:4180} INFO - Setting next_dagrun for example_skip_dag to 2024-11-14 00:00:00+00:00, run_after=2024-11-15 00:00:00+00:00
[2024-11-15T06:03:55.180+0000] {processor.py:208} INFO - Processing /home/airflow/.local/lib/python3.12/site-packages/airflow/example_dags/example_skip_dag.py took 0.499 seconds
[2024-11-15T06:04:28.826+0000] {processor.py:186} INFO - Started process (PID=3152) to work on /home/airflow/.local/lib/python3.12/site-packages/airflow/example_dags/example_skip_dag.py
[2024-11-15T06:04:28.830+0000] {processor.py:914} INFO - Processing file /home/airflow/.local/lib/python3.12/site-packages/airflow/example_dags/example_skip_dag.py for tasks to queue
[2024-11-15T06:04:28.839+0000] {logging_mixin.py:190} INFO - [2024-11-15T06:04:28.836+0000] {dagbag.py:588} INFO - Filling up the DagBag from /home/airflow/.local/lib/python3.12/site-packages/airflow/example_dags/example_skip_dag.py
[2024-11-15T06:04:28.883+0000] {processor.py:925} INFO - DAG(s) 'example_skip_dag' retrieved from /home/airflow/.local/lib/python3.12/site-packages/airflow/example_dags/example_skip_dag.py
[2024-11-15T06:04:29.018+0000] {logging_mixin.py:190} INFO - [2024-11-15T06:04:29.018+0000] {dag.py:3239} INFO - Sync 1 DAGs
[2024-11-15T06:04:29.075+0000] {logging_mixin.py:190} INFO - [2024-11-15T06:04:29.074+0000] {dag.py:4180} INFO - Setting next_dagrun for example_skip_dag to 2024-11-14 00:00:00+00:00, run_after=2024-11-15 00:00:00+00:00
[2024-11-15T06:04:29.476+0000] {processor.py:208} INFO - Processing /home/airflow/.local/lib/python3.12/site-packages/airflow/example_dags/example_skip_dag.py took 0.668 seconds
[2024-11-15T06:04:59.756+0000] {processor.py:186} INFO - Started process (PID=3218) to work on /home/airflow/.local/lib/python3.12/site-packages/airflow/example_dags/example_skip_dag.py
[2024-11-15T06:04:59.759+0000] {processor.py:914} INFO - Processing file /home/airflow/.local/lib/python3.12/site-packages/airflow/example_dags/example_skip_dag.py for tasks to queue
[2024-11-15T06:04:59.764+0000] {logging_mixin.py:190} INFO - [2024-11-15T06:04:59.763+0000] {dagbag.py:588} INFO - Filling up the DagBag from /home/airflow/.local/lib/python3.12/site-packages/airflow/example_dags/example_skip_dag.py
[2024-11-15T06:04:59.779+0000] {processor.py:925} INFO - DAG(s) 'example_skip_dag' retrieved from /home/airflow/.local/lib/python3.12/site-packages/airflow/example_dags/example_skip_dag.py
[2024-11-15T06:04:59.820+0000] {logging_mixin.py:190} INFO - [2024-11-15T06:04:59.819+0000] {dag.py:3239} INFO - Sync 1 DAGs
[2024-11-15T06:04:59.861+0000] {logging_mixin.py:190} INFO - [2024-11-15T06:04:59.861+0000] {dag.py:4180} INFO - Setting next_dagrun for example_skip_dag to 2024-11-14 00:00:00+00:00, run_after=2024-11-15 00:00:00+00:00
[2024-11-15T06:04:59.897+0000] {processor.py:208} INFO - Processing /home/airflow/.local/lib/python3.12/site-packages/airflow/example_dags/example_skip_dag.py took 0.151 seconds
[2024-11-15T06:05:30.464+0000] {processor.py:186} INFO - Started process (PID=3282) to work on /home/airflow/.local/lib/python3.12/site-packages/airflow/example_dags/example_skip_dag.py
[2024-11-15T06:05:30.467+0000] {processor.py:914} INFO - Processing file /home/airflow/.local/lib/python3.12/site-packages/airflow/example_dags/example_skip_dag.py for tasks to queue
[2024-11-15T06:05:30.473+0000] {logging_mixin.py:190} INFO - [2024-11-15T06:05:30.472+0000] {dagbag.py:588} INFO - Filling up the DagBag from /home/airflow/.local/lib/python3.12/site-packages/airflow/example_dags/example_skip_dag.py
[2024-11-15T06:05:30.495+0000] {processor.py:925} INFO - DAG(s) 'example_skip_dag' retrieved from /home/airflow/.local/lib/python3.12/site-packages/airflow/example_dags/example_skip_dag.py
[2024-11-15T06:05:30.557+0000] {logging_mixin.py:190} INFO - [2024-11-15T06:05:30.556+0000] {dag.py:3239} INFO - Sync 1 DAGs
[2024-11-15T06:05:30.628+0000] {logging_mixin.py:190} INFO - [2024-11-15T06:05:30.627+0000] {dag.py:4180} INFO - Setting next_dagrun for example_skip_dag to 2024-11-14 00:00:00+00:00, run_after=2024-11-15 00:00:00+00:00
[2024-11-15T06:05:30.669+0000] {processor.py:208} INFO - Processing /home/airflow/.local/lib/python3.12/site-packages/airflow/example_dags/example_skip_dag.py took 0.218 seconds
[2024-11-15T06:06:01.302+0000] {processor.py:186} INFO - Started process (PID=3347) to work on /home/airflow/.local/lib/python3.12/site-packages/airflow/example_dags/example_skip_dag.py
[2024-11-15T06:06:01.310+0000] {processor.py:914} INFO - Processing file /home/airflow/.local/lib/python3.12/site-packages/airflow/example_dags/example_skip_dag.py for tasks to queue
[2024-11-15T06:06:01.321+0000] {logging_mixin.py:190} INFO - [2024-11-15T06:06:01.320+0000] {dagbag.py:588} INFO - Filling up the DagBag from /home/airflow/.local/lib/python3.12/site-packages/airflow/example_dags/example_skip_dag.py
[2024-11-15T06:06:01.363+0000] {processor.py:925} INFO - DAG(s) 'example_skip_dag' retrieved from /home/airflow/.local/lib/python3.12/site-packages/airflow/example_dags/example_skip_dag.py
[2024-11-15T06:06:01.465+0000] {logging_mixin.py:190} INFO - [2024-11-15T06:06:01.464+0000] {dag.py:3239} INFO - Sync 1 DAGs
[2024-11-15T06:06:01.594+0000] {logging_mixin.py:190} INFO - [2024-11-15T06:06:01.594+0000] {dag.py:4180} INFO - Setting next_dagrun for example_skip_dag to 2024-11-14 00:00:00+00:00, run_after=2024-11-15 00:00:00+00:00
[2024-11-15T06:06:01.645+0000] {processor.py:208} INFO - Processing /home/airflow/.local/lib/python3.12/site-packages/airflow/example_dags/example_skip_dag.py took 0.373 seconds
[2024-11-15T06:06:35.983+0000] {processor.py:186} INFO - Started process (PID=3411) to work on /home/airflow/.local/lib/python3.12/site-packages/airflow/example_dags/example_skip_dag.py
[2024-11-15T06:06:35.989+0000] {processor.py:914} INFO - Processing file /home/airflow/.local/lib/python3.12/site-packages/airflow/example_dags/example_skip_dag.py for tasks to queue
[2024-11-15T06:06:35.997+0000] {logging_mixin.py:190} INFO - [2024-11-15T06:06:35.995+0000] {dagbag.py:588} INFO - Filling up the DagBag from /home/airflow/.local/lib/python3.12/site-packages/airflow/example_dags/example_skip_dag.py
[2024-11-15T06:06:36.031+0000] {processor.py:925} INFO - DAG(s) 'example_skip_dag' retrieved from /home/airflow/.local/lib/python3.12/site-packages/airflow/example_dags/example_skip_dag.py
[2024-11-15T06:06:36.093+0000] {logging_mixin.py:190} INFO - [2024-11-15T06:06:36.092+0000] {dag.py:3239} INFO - Sync 1 DAGs
[2024-11-15T06:06:36.734+0000] {logging_mixin.py:190} INFO - [2024-11-15T06:06:36.733+0000] {dag.py:4180} INFO - Setting next_dagrun for example_skip_dag to 2024-11-14 00:00:00+00:00, run_after=2024-11-15 00:00:00+00:00
[2024-11-15T06:06:36.852+0000] {processor.py:208} INFO - Processing /home/airflow/.local/lib/python3.12/site-packages/airflow/example_dags/example_skip_dag.py took 0.888 seconds
[2024-11-15T06:07:07.843+0000] {processor.py:186} INFO - Started process (PID=3476) to work on /home/airflow/.local/lib/python3.12/site-packages/airflow/example_dags/example_skip_dag.py
[2024-11-15T06:07:07.858+0000] {processor.py:914} INFO - Processing file /home/airflow/.local/lib/python3.12/site-packages/airflow/example_dags/example_skip_dag.py for tasks to queue
[2024-11-15T06:07:07.863+0000] {logging_mixin.py:190} INFO - [2024-11-15T06:07:07.862+0000] {dagbag.py:588} INFO - Filling up the DagBag from /home/airflow/.local/lib/python3.12/site-packages/airflow/example_dags/example_skip_dag.py
[2024-11-15T06:07:07.884+0000] {processor.py:925} INFO - DAG(s) 'example_skip_dag' retrieved from /home/airflow/.local/lib/python3.12/site-packages/airflow/example_dags/example_skip_dag.py
[2024-11-15T06:07:07.938+0000] {logging_mixin.py:190} INFO - [2024-11-15T06:07:07.937+0000] {dag.py:3239} INFO - Sync 1 DAGs
[2024-11-15T06:07:08.450+0000] {logging_mixin.py:190} INFO - [2024-11-15T06:07:08.448+0000] {dag.py:4180} INFO - Setting next_dagrun for example_skip_dag to 2024-11-14 00:00:00+00:00, run_after=2024-11-15 00:00:00+00:00
[2024-11-15T06:07:08.506+0000] {processor.py:208} INFO - Processing /home/airflow/.local/lib/python3.12/site-packages/airflow/example_dags/example_skip_dag.py took 0.686 seconds
[2024-11-15T06:07:39.248+0000] {processor.py:186} INFO - Started process (PID=3541) to work on /home/airflow/.local/lib/python3.12/site-packages/airflow/example_dags/example_skip_dag.py
[2024-11-15T06:07:39.252+0000] {processor.py:914} INFO - Processing file /home/airflow/.local/lib/python3.12/site-packages/airflow/example_dags/example_skip_dag.py for tasks to queue
[2024-11-15T06:07:39.259+0000] {logging_mixin.py:190} INFO - [2024-11-15T06:07:39.258+0000] {dagbag.py:588} INFO - Filling up the DagBag from /home/airflow/.local/lib/python3.12/site-packages/airflow/example_dags/example_skip_dag.py
[2024-11-15T06:07:39.278+0000] {processor.py:925} INFO - DAG(s) 'example_skip_dag' retrieved from /home/airflow/.local/lib/python3.12/site-packages/airflow/example_dags/example_skip_dag.py
[2024-11-15T06:07:39.334+0000] {logging_mixin.py:190} INFO - [2024-11-15T06:07:39.333+0000] {dag.py:3239} INFO - Sync 1 DAGs
[2024-11-15T06:07:39.393+0000] {logging_mixin.py:190} INFO - [2024-11-15T06:07:39.392+0000] {dag.py:4180} INFO - Setting next_dagrun for example_skip_dag to 2024-11-14 00:00:00+00:00, run_after=2024-11-15 00:00:00+00:00
[2024-11-15T06:07:39.444+0000] {processor.py:208} INFO - Processing /home/airflow/.local/lib/python3.12/site-packages/airflow/example_dags/example_skip_dag.py took 0.212 seconds
[2024-11-15T06:08:10.184+0000] {processor.py:186} INFO - Started process (PID=3606) to work on /home/airflow/.local/lib/python3.12/site-packages/airflow/example_dags/example_skip_dag.py
[2024-11-15T06:08:10.189+0000] {processor.py:914} INFO - Processing file /home/airflow/.local/lib/python3.12/site-packages/airflow/example_dags/example_skip_dag.py for tasks to queue
[2024-11-15T06:08:10.195+0000] {logging_mixin.py:190} INFO - [2024-11-15T06:08:10.194+0000] {dagbag.py:588} INFO - Filling up the DagBag from /home/airflow/.local/lib/python3.12/site-packages/airflow/example_dags/example_skip_dag.py
[2024-11-15T06:08:10.216+0000] {processor.py:925} INFO - DAG(s) 'example_skip_dag' retrieved from /home/airflow/.local/lib/python3.12/site-packages/airflow/example_dags/example_skip_dag.py
[2024-11-15T06:08:10.269+0000] {logging_mixin.py:190} INFO - [2024-11-15T06:08:10.268+0000] {dag.py:3239} INFO - Sync 1 DAGs
[2024-11-15T06:08:10.328+0000] {logging_mixin.py:190} INFO - [2024-11-15T06:08:10.327+0000] {dag.py:4180} INFO - Setting next_dagrun for example_skip_dag to 2024-11-14 00:00:00+00:00, run_after=2024-11-15 00:00:00+00:00
[2024-11-15T06:08:10.375+0000] {processor.py:208} INFO - Processing /home/airflow/.local/lib/python3.12/site-packages/airflow/example_dags/example_skip_dag.py took 0.206 seconds
[2024-11-15T06:08:40.833+0000] {processor.py:186} INFO - Started process (PID=3671) to work on /home/airflow/.local/lib/python3.12/site-packages/airflow/example_dags/example_skip_dag.py
[2024-11-15T06:08:40.836+0000] {processor.py:914} INFO - Processing file /home/airflow/.local/lib/python3.12/site-packages/airflow/example_dags/example_skip_dag.py for tasks to queue
[2024-11-15T06:08:40.840+0000] {logging_mixin.py:190} INFO - [2024-11-15T06:08:40.840+0000] {dagbag.py:588} INFO - Filling up the DagBag from /home/airflow/.local/lib/python3.12/site-packages/airflow/example_dags/example_skip_dag.py
[2024-11-15T06:08:40.866+0000] {processor.py:925} INFO - DAG(s) 'example_skip_dag' retrieved from /home/airflow/.local/lib/python3.12/site-packages/airflow/example_dags/example_skip_dag.py
[2024-11-15T06:08:40.921+0000] {logging_mixin.py:190} INFO - [2024-11-15T06:08:40.920+0000] {dag.py:3239} INFO - Sync 1 DAGs
[2024-11-15T06:08:40.980+0000] {logging_mixin.py:190} INFO - [2024-11-15T06:08:40.980+0000] {dag.py:4180} INFO - Setting next_dagrun for example_skip_dag to 2024-11-14 00:00:00+00:00, run_after=2024-11-15 00:00:00+00:00
[2024-11-15T06:08:41.035+0000] {processor.py:208} INFO - Processing /home/airflow/.local/lib/python3.12/site-packages/airflow/example_dags/example_skip_dag.py took 0.222 seconds
[2024-11-15T06:09:12.745+0000] {processor.py:186} INFO - Started process (PID=3736) to work on /home/airflow/.local/lib/python3.12/site-packages/airflow/example_dags/example_skip_dag.py
[2024-11-15T06:09:12.749+0000] {processor.py:914} INFO - Processing file /home/airflow/.local/lib/python3.12/site-packages/airflow/example_dags/example_skip_dag.py for tasks to queue
[2024-11-15T06:09:12.757+0000] {logging_mixin.py:190} INFO - [2024-11-15T06:09:12.756+0000] {dagbag.py:588} INFO - Filling up the DagBag from /home/airflow/.local/lib/python3.12/site-packages/airflow/example_dags/example_skip_dag.py
[2024-11-15T06:09:12.784+0000] {processor.py:925} INFO - DAG(s) 'example_skip_dag' retrieved from /home/airflow/.local/lib/python3.12/site-packages/airflow/example_dags/example_skip_dag.py
[2024-11-15T06:09:12.851+0000] {logging_mixin.py:190} INFO - [2024-11-15T06:09:12.850+0000] {dag.py:3239} INFO - Sync 1 DAGs
[2024-11-15T06:09:12.933+0000] {logging_mixin.py:190} INFO - [2024-11-15T06:09:12.932+0000] {dag.py:4180} INFO - Setting next_dagrun for example_skip_dag to 2024-11-14 00:00:00+00:00, run_after=2024-11-15 00:00:00+00:00
[2024-11-15T06:09:12.982+0000] {processor.py:208} INFO - Processing /home/airflow/.local/lib/python3.12/site-packages/airflow/example_dags/example_skip_dag.py took 0.251 seconds
[2024-11-15T06:09:44.446+0000] {processor.py:186} INFO - Started process (PID=3801) to work on /home/airflow/.local/lib/python3.12/site-packages/airflow/example_dags/example_skip_dag.py
[2024-11-15T06:09:44.450+0000] {processor.py:914} INFO - Processing file /home/airflow/.local/lib/python3.12/site-packages/airflow/example_dags/example_skip_dag.py for tasks to queue
[2024-11-15T06:09:44.458+0000] {logging_mixin.py:190} INFO - [2024-11-15T06:09:44.457+0000] {dagbag.py:588} INFO - Filling up the DagBag from /home/airflow/.local/lib/python3.12/site-packages/airflow/example_dags/example_skip_dag.py
[2024-11-15T06:09:44.475+0000] {processor.py:925} INFO - DAG(s) 'example_skip_dag' retrieved from /home/airflow/.local/lib/python3.12/site-packages/airflow/example_dags/example_skip_dag.py
[2024-11-15T06:09:44.515+0000] {logging_mixin.py:190} INFO - [2024-11-15T06:09:44.515+0000] {dag.py:3239} INFO - Sync 1 DAGs
[2024-11-15T06:09:44.559+0000] {logging_mixin.py:190} INFO - [2024-11-15T06:09:44.559+0000] {dag.py:4180} INFO - Setting next_dagrun for example_skip_dag to 2024-11-14 00:00:00+00:00, run_after=2024-11-15 00:00:00+00:00
[2024-11-15T06:09:44.596+0000] {processor.py:208} INFO - Processing /home/airflow/.local/lib/python3.12/site-packages/airflow/example_dags/example_skip_dag.py took 0.165 seconds
[2024-11-15T06:10:16.504+0000] {processor.py:186} INFO - Started process (PID=3866) to work on /home/airflow/.local/lib/python3.12/site-packages/airflow/example_dags/example_skip_dag.py
[2024-11-15T06:10:16.507+0000] {processor.py:914} INFO - Processing file /home/airflow/.local/lib/python3.12/site-packages/airflow/example_dags/example_skip_dag.py for tasks to queue
[2024-11-15T06:10:16.515+0000] {logging_mixin.py:190} INFO - [2024-11-15T06:10:16.513+0000] {dagbag.py:588} INFO - Filling up the DagBag from /home/airflow/.local/lib/python3.12/site-packages/airflow/example_dags/example_skip_dag.py
[2024-11-15T06:10:16.537+0000] {processor.py:925} INFO - DAG(s) 'example_skip_dag' retrieved from /home/airflow/.local/lib/python3.12/site-packages/airflow/example_dags/example_skip_dag.py
[2024-11-15T06:10:16.608+0000] {logging_mixin.py:190} INFO - [2024-11-15T06:10:16.608+0000] {dag.py:3239} INFO - Sync 1 DAGs
[2024-11-15T06:10:16.690+0000] {logging_mixin.py:190} INFO - [2024-11-15T06:10:16.688+0000] {dag.py:4180} INFO - Setting next_dagrun for example_skip_dag to 2024-11-14 00:00:00+00:00, run_after=2024-11-15 00:00:00+00:00
[2024-11-15T06:10:16.773+0000] {processor.py:208} INFO - Processing /home/airflow/.local/lib/python3.12/site-packages/airflow/example_dags/example_skip_dag.py took 0.284 seconds
[2024-11-15T06:10:46.925+0000] {processor.py:186} INFO - Started process (PID=3929) to work on /home/airflow/.local/lib/python3.12/site-packages/airflow/example_dags/example_skip_dag.py
[2024-11-15T06:10:46.928+0000] {processor.py:914} INFO - Processing file /home/airflow/.local/lib/python3.12/site-packages/airflow/example_dags/example_skip_dag.py for tasks to queue
[2024-11-15T06:10:46.934+0000] {logging_mixin.py:190} INFO - [2024-11-15T06:10:46.934+0000] {dagbag.py:588} INFO - Filling up the DagBag from /home/airflow/.local/lib/python3.12/site-packages/airflow/example_dags/example_skip_dag.py
[2024-11-15T06:10:46.958+0000] {processor.py:925} INFO - DAG(s) 'example_skip_dag' retrieved from /home/airflow/.local/lib/python3.12/site-packages/airflow/example_dags/example_skip_dag.py
[2024-11-15T06:10:47.006+0000] {logging_mixin.py:190} INFO - [2024-11-15T06:10:47.006+0000] {dag.py:3239} INFO - Sync 1 DAGs
[2024-11-15T06:10:47.056+0000] {logging_mixin.py:190} INFO - [2024-11-15T06:10:47.055+0000] {dag.py:4180} INFO - Setting next_dagrun for example_skip_dag to 2024-11-14 00:00:00+00:00, run_after=2024-11-15 00:00:00+00:00
[2024-11-15T06:10:47.108+0000] {processor.py:208} INFO - Processing /home/airflow/.local/lib/python3.12/site-packages/airflow/example_dags/example_skip_dag.py took 0.199 seconds
[2024-11-15T06:11:17.523+0000] {processor.py:186} INFO - Started process (PID=3994) to work on /home/airflow/.local/lib/python3.12/site-packages/airflow/example_dags/example_skip_dag.py
[2024-11-15T06:11:17.526+0000] {processor.py:914} INFO - Processing file /home/airflow/.local/lib/python3.12/site-packages/airflow/example_dags/example_skip_dag.py for tasks to queue
[2024-11-15T06:11:17.531+0000] {logging_mixin.py:190} INFO - [2024-11-15T06:11:17.531+0000] {dagbag.py:588} INFO - Filling up the DagBag from /home/airflow/.local/lib/python3.12/site-packages/airflow/example_dags/example_skip_dag.py
[2024-11-15T06:11:17.546+0000] {processor.py:925} INFO - DAG(s) 'example_skip_dag' retrieved from /home/airflow/.local/lib/python3.12/site-packages/airflow/example_dags/example_skip_dag.py
[2024-11-15T06:11:17.585+0000] {logging_mixin.py:190} INFO - [2024-11-15T06:11:17.584+0000] {dag.py:3239} INFO - Sync 1 DAGs
[2024-11-15T06:11:17.636+0000] {logging_mixin.py:190} INFO - [2024-11-15T06:11:17.636+0000] {dag.py:4180} INFO - Setting next_dagrun for example_skip_dag to 2024-11-14 00:00:00+00:00, run_after=2024-11-15 00:00:00+00:00
[2024-11-15T06:11:17.669+0000] {processor.py:208} INFO - Processing /home/airflow/.local/lib/python3.12/site-packages/airflow/example_dags/example_skip_dag.py took 0.159 seconds
[2024-11-15T06:11:47.982+0000] {processor.py:186} INFO - Started process (PID=4059) to work on /home/airflow/.local/lib/python3.12/site-packages/airflow/example_dags/example_skip_dag.py
[2024-11-15T06:11:47.986+0000] {processor.py:914} INFO - Processing file /home/airflow/.local/lib/python3.12/site-packages/airflow/example_dags/example_skip_dag.py for tasks to queue
[2024-11-15T06:11:47.996+0000] {logging_mixin.py:190} INFO - [2024-11-15T06:11:47.995+0000] {dagbag.py:588} INFO - Filling up the DagBag from /home/airflow/.local/lib/python3.12/site-packages/airflow/example_dags/example_skip_dag.py
[2024-11-15T06:11:48.020+0000] {processor.py:925} INFO - DAG(s) 'example_skip_dag' retrieved from /home/airflow/.local/lib/python3.12/site-packages/airflow/example_dags/example_skip_dag.py
[2024-11-15T06:11:48.083+0000] {logging_mixin.py:190} INFO - [2024-11-15T06:11:48.083+0000] {dag.py:3239} INFO - Sync 1 DAGs
[2024-11-15T06:11:48.149+0000] {logging_mixin.py:190} INFO - [2024-11-15T06:11:48.149+0000] {dag.py:4180} INFO - Setting next_dagrun for example_skip_dag to 2024-11-14 00:00:00+00:00, run_after=2024-11-15 00:00:00+00:00
[2024-11-15T06:11:48.199+0000] {processor.py:208} INFO - Processing /home/airflow/.local/lib/python3.12/site-packages/airflow/example_dags/example_skip_dag.py took 0.231 seconds
[2024-11-15T06:12:18.623+0000] {processor.py:186} INFO - Started process (PID=4124) to work on /home/airflow/.local/lib/python3.12/site-packages/airflow/example_dags/example_skip_dag.py
[2024-11-15T06:12:18.628+0000] {processor.py:914} INFO - Processing file /home/airflow/.local/lib/python3.12/site-packages/airflow/example_dags/example_skip_dag.py for tasks to queue
[2024-11-15T06:12:18.635+0000] {logging_mixin.py:190} INFO - [2024-11-15T06:12:18.634+0000] {dagbag.py:588} INFO - Filling up the DagBag from /home/airflow/.local/lib/python3.12/site-packages/airflow/example_dags/example_skip_dag.py
[2024-11-15T06:12:18.664+0000] {processor.py:925} INFO - DAG(s) 'example_skip_dag' retrieved from /home/airflow/.local/lib/python3.12/site-packages/airflow/example_dags/example_skip_dag.py
[2024-11-15T06:12:18.731+0000] {logging_mixin.py:190} INFO - [2024-11-15T06:12:18.730+0000] {dag.py:3239} INFO - Sync 1 DAGs
[2024-11-15T06:12:18.815+0000] {logging_mixin.py:190} INFO - [2024-11-15T06:12:18.814+0000] {dag.py:4180} INFO - Setting next_dagrun for example_skip_dag to 2024-11-14 00:00:00+00:00, run_after=2024-11-15 00:00:00+00:00
[2024-11-15T06:12:18.882+0000] {processor.py:208} INFO - Processing /home/airflow/.local/lib/python3.12/site-packages/airflow/example_dags/example_skip_dag.py took 0.335 seconds
[2024-11-15T06:12:49.090+0000] {processor.py:186} INFO - Started process (PID=4189) to work on /home/airflow/.local/lib/python3.12/site-packages/airflow/example_dags/example_skip_dag.py
[2024-11-15T06:12:49.097+0000] {processor.py:914} INFO - Processing file /home/airflow/.local/lib/python3.12/site-packages/airflow/example_dags/example_skip_dag.py for tasks to queue
[2024-11-15T06:12:49.109+0000] {logging_mixin.py:190} INFO - [2024-11-15T06:12:49.107+0000] {dagbag.py:588} INFO - Filling up the DagBag from /home/airflow/.local/lib/python3.12/site-packages/airflow/example_dags/example_skip_dag.py
[2024-11-15T06:12:49.145+0000] {processor.py:925} INFO - DAG(s) 'example_skip_dag' retrieved from /home/airflow/.local/lib/python3.12/site-packages/airflow/example_dags/example_skip_dag.py
[2024-11-15T06:12:49.235+0000] {logging_mixin.py:190} INFO - [2024-11-15T06:12:49.234+0000] {dag.py:3239} INFO - Sync 1 DAGs
[2024-11-15T06:12:49.358+0000] {logging_mixin.py:190} INFO - [2024-11-15T06:12:49.357+0000] {dag.py:4180} INFO - Setting next_dagrun for example_skip_dag to 2024-11-14 00:00:00+00:00, run_after=2024-11-15 00:00:00+00:00
[2024-11-15T06:12:49.431+0000] {processor.py:208} INFO - Processing /home/airflow/.local/lib/python3.12/site-packages/airflow/example_dags/example_skip_dag.py took 0.366 seconds
[2024-11-15T06:13:29.899+0000] {processor.py:186} INFO - Started process (PID=4263) to work on /home/airflow/.local/lib/python3.12/site-packages/airflow/example_dags/example_skip_dag.py
[2024-11-15T06:13:29.906+0000] {processor.py:914} INFO - Processing file /home/airflow/.local/lib/python3.12/site-packages/airflow/example_dags/example_skip_dag.py for tasks to queue
[2024-11-15T06:13:29.912+0000] {logging_mixin.py:190} INFO - [2024-11-15T06:13:29.911+0000] {dagbag.py:588} INFO - Filling up the DagBag from /home/airflow/.local/lib/python3.12/site-packages/airflow/example_dags/example_skip_dag.py
[2024-11-15T06:13:29.930+0000] {processor.py:925} INFO - DAG(s) 'example_skip_dag' retrieved from /home/airflow/.local/lib/python3.12/site-packages/airflow/example_dags/example_skip_dag.py
[2024-11-15T06:13:29.969+0000] {logging_mixin.py:190} INFO - [2024-11-15T06:13:29.968+0000] {dag.py:3239} INFO - Sync 1 DAGs
[2024-11-15T06:13:30.015+0000] {logging_mixin.py:190} INFO - [2024-11-15T06:13:30.015+0000] {dag.py:4180} INFO - Setting next_dagrun for example_skip_dag to 2024-11-14 00:00:00+00:00, run_after=2024-11-15 00:00:00+00:00
[2024-11-15T06:13:30.053+0000] {processor.py:208} INFO - Processing /home/airflow/.local/lib/python3.12/site-packages/airflow/example_dags/example_skip_dag.py took 0.170 seconds
