[2024-11-15T05:39:07.462+0000] {processor.py:186} INFO - Started process (PID=145) to work on /home/airflow/.local/lib/python3.12/site-packages/airflow/example_dags/example_complex.py
[2024-11-15T05:39:07.466+0000] {processor.py:914} INFO - Processing file /home/airflow/.local/lib/python3.12/site-packages/airflow/example_dags/example_complex.py for tasks to queue
[2024-11-15T05:39:07.480+0000] {logging_mixin.py:190} INFO - [2024-11-15T05:39:07.479+0000] {dagbag.py:588} INFO - Filling up the DagBag from /home/airflow/.local/lib/python3.12/site-packages/airflow/example_dags/example_complex.py
[2024-11-15T05:39:07.598+0000] {processor.py:925} INFO - DAG(s) 'example_complex' retrieved from /home/airflow/.local/lib/python3.12/site-packages/airflow/example_dags/example_complex.py
[2024-11-15T05:39:07.878+0000] {logging_mixin.py:190} INFO - [2024-11-15T05:39:07.878+0000] {dag.py:3239} INFO - Sync 1 DAGs
[2024-11-15T05:39:07.996+0000] {logging_mixin.py:190} INFO - [2024-11-15T05:39:07.995+0000] {dag.py:4180} INFO - Setting next_dagrun for example_complex to None, run_after=None
[2024-11-15T05:39:08.144+0000] {processor.py:208} INFO - Processing /home/airflow/.local/lib/python3.12/site-packages/airflow/example_dags/example_complex.py took 0.711 seconds
[2024-11-15T05:39:42.217+0000] {processor.py:186} INFO - Started process (PID=210) to work on /home/airflow/.local/lib/python3.12/site-packages/airflow/example_dags/example_complex.py
[2024-11-15T05:39:42.220+0000] {processor.py:914} INFO - Processing file /home/airflow/.local/lib/python3.12/site-packages/airflow/example_dags/example_complex.py for tasks to queue
[2024-11-15T05:39:42.234+0000] {logging_mixin.py:190} INFO - [2024-11-15T05:39:42.228+0000] {dagbag.py:588} INFO - Filling up the DagBag from /home/airflow/.local/lib/python3.12/site-packages/airflow/example_dags/example_complex.py
[2024-11-15T05:39:42.298+0000] {processor.py:925} INFO - DAG(s) 'example_complex' retrieved from /home/airflow/.local/lib/python3.12/site-packages/airflow/example_dags/example_complex.py
[2024-11-15T05:39:42.471+0000] {logging_mixin.py:190} INFO - [2024-11-15T05:39:42.470+0000] {dag.py:3239} INFO - Sync 1 DAGs
[2024-11-15T05:39:42.561+0000] {logging_mixin.py:190} INFO - [2024-11-15T05:39:42.560+0000] {dag.py:4180} INFO - Setting next_dagrun for example_complex to None, run_after=None
[2024-11-15T05:39:42.675+0000] {processor.py:208} INFO - Processing /home/airflow/.local/lib/python3.12/site-packages/airflow/example_dags/example_complex.py took 0.485 seconds
[2024-11-15T05:40:14.554+0000] {processor.py:186} INFO - Started process (PID=274) to work on /home/airflow/.local/lib/python3.12/site-packages/airflow/example_dags/example_complex.py
[2024-11-15T05:40:14.559+0000] {processor.py:914} INFO - Processing file /home/airflow/.local/lib/python3.12/site-packages/airflow/example_dags/example_complex.py for tasks to queue
[2024-11-15T05:40:14.571+0000] {logging_mixin.py:190} INFO - [2024-11-15T05:40:14.570+0000] {dagbag.py:588} INFO - Filling up the DagBag from /home/airflow/.local/lib/python3.12/site-packages/airflow/example_dags/example_complex.py
[2024-11-15T05:40:14.627+0000] {processor.py:925} INFO - DAG(s) 'example_complex' retrieved from /home/airflow/.local/lib/python3.12/site-packages/airflow/example_dags/example_complex.py
[2024-11-15T05:40:14.749+0000] {logging_mixin.py:190} INFO - [2024-11-15T05:40:14.749+0000] {dag.py:3239} INFO - Sync 1 DAGs
[2024-11-15T05:40:14.812+0000] {logging_mixin.py:190} INFO - [2024-11-15T05:40:14.811+0000] {dag.py:4180} INFO - Setting next_dagrun for example_complex to None, run_after=None
[2024-11-15T05:40:14.877+0000] {processor.py:208} INFO - Processing /home/airflow/.local/lib/python3.12/site-packages/airflow/example_dags/example_complex.py took 0.344 seconds
[2024-11-15T05:40:46.692+0000] {processor.py:186} INFO - Started process (PID=338) to work on /home/airflow/.local/lib/python3.12/site-packages/airflow/example_dags/example_complex.py
[2024-11-15T05:40:46.695+0000] {processor.py:914} INFO - Processing file /home/airflow/.local/lib/python3.12/site-packages/airflow/example_dags/example_complex.py for tasks to queue
[2024-11-15T05:40:46.709+0000] {logging_mixin.py:190} INFO - [2024-11-15T05:40:46.708+0000] {dagbag.py:588} INFO - Filling up the DagBag from /home/airflow/.local/lib/python3.12/site-packages/airflow/example_dags/example_complex.py
[2024-11-15T05:40:46.768+0000] {processor.py:925} INFO - DAG(s) 'example_complex' retrieved from /home/airflow/.local/lib/python3.12/site-packages/airflow/example_dags/example_complex.py
[2024-11-15T05:40:46.933+0000] {logging_mixin.py:190} INFO - [2024-11-15T05:40:46.933+0000] {dag.py:3239} INFO - Sync 1 DAGs
[2024-11-15T05:40:47.017+0000] {logging_mixin.py:190} INFO - [2024-11-15T05:40:47.016+0000] {dag.py:4180} INFO - Setting next_dagrun for example_complex to None, run_after=None
[2024-11-15T05:40:47.094+0000] {processor.py:208} INFO - Processing /home/airflow/.local/lib/python3.12/site-packages/airflow/example_dags/example_complex.py took 0.434 seconds
[2024-11-15T05:41:17.410+0000] {processor.py:186} INFO - Started process (PID=402) to work on /home/airflow/.local/lib/python3.12/site-packages/airflow/example_dags/example_complex.py
[2024-11-15T05:41:17.418+0000] {processor.py:914} INFO - Processing file /home/airflow/.local/lib/python3.12/site-packages/airflow/example_dags/example_complex.py for tasks to queue
[2024-11-15T05:41:17.428+0000] {logging_mixin.py:190} INFO - [2024-11-15T05:41:17.427+0000] {dagbag.py:588} INFO - Filling up the DagBag from /home/airflow/.local/lib/python3.12/site-packages/airflow/example_dags/example_complex.py
[2024-11-15T05:41:17.496+0000] {processor.py:925} INFO - DAG(s) 'example_complex' retrieved from /home/airflow/.local/lib/python3.12/site-packages/airflow/example_dags/example_complex.py
[2024-11-15T05:41:17.631+0000] {logging_mixin.py:190} INFO - [2024-11-15T05:41:17.631+0000] {dag.py:3239} INFO - Sync 1 DAGs
[2024-11-15T05:41:17.661+0000] {logging_mixin.py:190} INFO - [2024-11-15T05:41:17.661+0000] {dag.py:4180} INFO - Setting next_dagrun for example_complex to None, run_after=None
[2024-11-15T05:41:17.697+0000] {processor.py:208} INFO - Processing /home/airflow/.local/lib/python3.12/site-packages/airflow/example_dags/example_complex.py took 0.319 seconds
[2024-11-15T05:41:47.946+0000] {processor.py:186} INFO - Started process (PID=467) to work on /home/airflow/.local/lib/python3.12/site-packages/airflow/example_dags/example_complex.py
[2024-11-15T05:41:47.954+0000] {processor.py:914} INFO - Processing file /home/airflow/.local/lib/python3.12/site-packages/airflow/example_dags/example_complex.py for tasks to queue
[2024-11-15T05:41:47.972+0000] {logging_mixin.py:190} INFO - [2024-11-15T05:41:47.969+0000] {dagbag.py:588} INFO - Filling up the DagBag from /home/airflow/.local/lib/python3.12/site-packages/airflow/example_dags/example_complex.py
[2024-11-15T05:41:48.042+0000] {processor.py:925} INFO - DAG(s) 'example_complex' retrieved from /home/airflow/.local/lib/python3.12/site-packages/airflow/example_dags/example_complex.py
[2024-11-15T05:41:48.117+0000] {logging_mixin.py:190} INFO - [2024-11-15T05:41:48.116+0000] {dag.py:3239} INFO - Sync 1 DAGs
[2024-11-15T05:41:48.162+0000] {logging_mixin.py:190} INFO - [2024-11-15T05:41:48.161+0000] {dag.py:4180} INFO - Setting next_dagrun for example_complex to None, run_after=None
[2024-11-15T05:41:48.203+0000] {processor.py:208} INFO - Processing /home/airflow/.local/lib/python3.12/site-packages/airflow/example_dags/example_complex.py took 0.296 seconds
[2024-11-15T05:42:18.744+0000] {processor.py:186} INFO - Started process (PID=532) to work on /home/airflow/.local/lib/python3.12/site-packages/airflow/example_dags/example_complex.py
[2024-11-15T05:42:18.757+0000] {processor.py:914} INFO - Processing file /home/airflow/.local/lib/python3.12/site-packages/airflow/example_dags/example_complex.py for tasks to queue
[2024-11-15T05:42:18.766+0000] {logging_mixin.py:190} INFO - [2024-11-15T05:42:18.765+0000] {dagbag.py:588} INFO - Filling up the DagBag from /home/airflow/.local/lib/python3.12/site-packages/airflow/example_dags/example_complex.py
[2024-11-15T05:42:18.847+0000] {processor.py:925} INFO - DAG(s) 'example_complex' retrieved from /home/airflow/.local/lib/python3.12/site-packages/airflow/example_dags/example_complex.py
[2024-11-15T05:42:19.051+0000] {logging_mixin.py:190} INFO - [2024-11-15T05:42:19.050+0000] {dag.py:3239} INFO - Sync 1 DAGs
[2024-11-15T05:42:19.145+0000] {logging_mixin.py:190} INFO - [2024-11-15T05:42:19.145+0000] {dag.py:4180} INFO - Setting next_dagrun for example_complex to None, run_after=None
[2024-11-15T05:42:19.250+0000] {processor.py:208} INFO - Processing /home/airflow/.local/lib/python3.12/site-packages/airflow/example_dags/example_complex.py took 0.536 seconds
[2024-11-15T05:42:50.051+0000] {processor.py:186} INFO - Started process (PID=597) to work on /home/airflow/.local/lib/python3.12/site-packages/airflow/example_dags/example_complex.py
[2024-11-15T05:42:50.054+0000] {processor.py:914} INFO - Processing file /home/airflow/.local/lib/python3.12/site-packages/airflow/example_dags/example_complex.py for tasks to queue
[2024-11-15T05:42:50.059+0000] {logging_mixin.py:190} INFO - [2024-11-15T05:42:50.058+0000] {dagbag.py:588} INFO - Filling up the DagBag from /home/airflow/.local/lib/python3.12/site-packages/airflow/example_dags/example_complex.py
[2024-11-15T05:42:50.083+0000] {processor.py:925} INFO - DAG(s) 'example_complex' retrieved from /home/airflow/.local/lib/python3.12/site-packages/airflow/example_dags/example_complex.py
[2024-11-15T05:42:50.140+0000] {logging_mixin.py:190} INFO - [2024-11-15T05:42:50.140+0000] {dag.py:3239} INFO - Sync 1 DAGs
[2024-11-15T05:42:50.166+0000] {logging_mixin.py:190} INFO - [2024-11-15T05:42:50.166+0000] {dag.py:4180} INFO - Setting next_dagrun for example_complex to None, run_after=None
[2024-11-15T05:42:50.202+0000] {processor.py:208} INFO - Processing /home/airflow/.local/lib/python3.12/site-packages/airflow/example_dags/example_complex.py took 0.170 seconds
[2024-11-15T05:43:20.457+0000] {processor.py:186} INFO - Started process (PID=662) to work on /home/airflow/.local/lib/python3.12/site-packages/airflow/example_dags/example_complex.py
[2024-11-15T05:43:20.460+0000] {processor.py:914} INFO - Processing file /home/airflow/.local/lib/python3.12/site-packages/airflow/example_dags/example_complex.py for tasks to queue
[2024-11-15T05:43:20.467+0000] {logging_mixin.py:190} INFO - [2024-11-15T05:43:20.466+0000] {dagbag.py:588} INFO - Filling up the DagBag from /home/airflow/.local/lib/python3.12/site-packages/airflow/example_dags/example_complex.py
[2024-11-15T05:43:20.503+0000] {processor.py:925} INFO - DAG(s) 'example_complex' retrieved from /home/airflow/.local/lib/python3.12/site-packages/airflow/example_dags/example_complex.py
[2024-11-15T05:43:20.578+0000] {logging_mixin.py:190} INFO - [2024-11-15T05:43:20.578+0000] {dag.py:3239} INFO - Sync 1 DAGs
[2024-11-15T05:43:20.612+0000] {logging_mixin.py:190} INFO - [2024-11-15T05:43:20.612+0000] {dag.py:4180} INFO - Setting next_dagrun for example_complex to None, run_after=None
[2024-11-15T05:43:20.646+0000] {processor.py:208} INFO - Processing /home/airflow/.local/lib/python3.12/site-packages/airflow/example_dags/example_complex.py took 0.208 seconds
[2024-11-15T05:43:51.489+0000] {processor.py:186} INFO - Started process (PID=727) to work on /home/airflow/.local/lib/python3.12/site-packages/airflow/example_dags/example_complex.py
[2024-11-15T05:43:51.492+0000] {processor.py:914} INFO - Processing file /home/airflow/.local/lib/python3.12/site-packages/airflow/example_dags/example_complex.py for tasks to queue
[2024-11-15T05:43:51.500+0000] {logging_mixin.py:190} INFO - [2024-11-15T05:43:51.498+0000] {dagbag.py:588} INFO - Filling up the DagBag from /home/airflow/.local/lib/python3.12/site-packages/airflow/example_dags/example_complex.py
[2024-11-15T05:43:51.547+0000] {processor.py:925} INFO - DAG(s) 'example_complex' retrieved from /home/airflow/.local/lib/python3.12/site-packages/airflow/example_dags/example_complex.py
[2024-11-15T05:43:51.657+0000] {logging_mixin.py:190} INFO - [2024-11-15T05:43:51.655+0000] {dag.py:3239} INFO - Sync 1 DAGs
[2024-11-15T05:43:51.696+0000] {logging_mixin.py:190} INFO - [2024-11-15T05:43:51.696+0000] {dag.py:4180} INFO - Setting next_dagrun for example_complex to None, run_after=None
[2024-11-15T05:43:51.740+0000] {processor.py:208} INFO - Processing /home/airflow/.local/lib/python3.12/site-packages/airflow/example_dags/example_complex.py took 0.274 seconds
[2024-11-15T05:44:22.563+0000] {processor.py:186} INFO - Started process (PID=792) to work on /home/airflow/.local/lib/python3.12/site-packages/airflow/example_dags/example_complex.py
[2024-11-15T05:44:22.569+0000] {processor.py:914} INFO - Processing file /home/airflow/.local/lib/python3.12/site-packages/airflow/example_dags/example_complex.py for tasks to queue
[2024-11-15T05:44:22.579+0000] {logging_mixin.py:190} INFO - [2024-11-15T05:44:22.578+0000] {dagbag.py:588} INFO - Filling up the DagBag from /home/airflow/.local/lib/python3.12/site-packages/airflow/example_dags/example_complex.py
[2024-11-15T05:44:22.658+0000] {processor.py:925} INFO - DAG(s) 'example_complex' retrieved from /home/airflow/.local/lib/python3.12/site-packages/airflow/example_dags/example_complex.py
[2024-11-15T05:44:22.816+0000] {logging_mixin.py:190} INFO - [2024-11-15T05:44:22.816+0000] {dag.py:3239} INFO - Sync 1 DAGs
[2024-11-15T05:44:22.844+0000] {logging_mixin.py:190} INFO - [2024-11-15T05:44:22.843+0000] {dag.py:4180} INFO - Setting next_dagrun for example_complex to None, run_after=None
[2024-11-15T05:44:22.876+0000] {processor.py:208} INFO - Processing /home/airflow/.local/lib/python3.12/site-packages/airflow/example_dags/example_complex.py took 0.337 seconds
[2024-11-15T05:44:53.028+0000] {processor.py:186} INFO - Started process (PID=857) to work on /home/airflow/.local/lib/python3.12/site-packages/airflow/example_dags/example_complex.py
[2024-11-15T05:44:53.031+0000] {processor.py:914} INFO - Processing file /home/airflow/.local/lib/python3.12/site-packages/airflow/example_dags/example_complex.py for tasks to queue
[2024-11-15T05:44:53.037+0000] {logging_mixin.py:190} INFO - [2024-11-15T05:44:53.036+0000] {dagbag.py:588} INFO - Filling up the DagBag from /home/airflow/.local/lib/python3.12/site-packages/airflow/example_dags/example_complex.py
[2024-11-15T05:44:53.061+0000] {processor.py:925} INFO - DAG(s) 'example_complex' retrieved from /home/airflow/.local/lib/python3.12/site-packages/airflow/example_dags/example_complex.py
[2024-11-15T05:44:53.123+0000] {logging_mixin.py:190} INFO - [2024-11-15T05:44:53.122+0000] {dag.py:3239} INFO - Sync 1 DAGs
[2024-11-15T05:44:53.149+0000] {logging_mixin.py:190} INFO - [2024-11-15T05:44:53.148+0000] {dag.py:4180} INFO - Setting next_dagrun for example_complex to None, run_after=None
[2024-11-15T05:44:53.182+0000] {processor.py:208} INFO - Processing /home/airflow/.local/lib/python3.12/site-packages/airflow/example_dags/example_complex.py took 0.167 seconds
[2024-11-15T05:45:23.535+0000] {processor.py:186} INFO - Started process (PID=921) to work on /home/airflow/.local/lib/python3.12/site-packages/airflow/example_dags/example_complex.py
[2024-11-15T05:45:23.538+0000] {processor.py:914} INFO - Processing file /home/airflow/.local/lib/python3.12/site-packages/airflow/example_dags/example_complex.py for tasks to queue
[2024-11-15T05:45:23.544+0000] {logging_mixin.py:190} INFO - [2024-11-15T05:45:23.543+0000] {dagbag.py:588} INFO - Filling up the DagBag from /home/airflow/.local/lib/python3.12/site-packages/airflow/example_dags/example_complex.py
[2024-11-15T05:45:23.572+0000] {processor.py:925} INFO - DAG(s) 'example_complex' retrieved from /home/airflow/.local/lib/python3.12/site-packages/airflow/example_dags/example_complex.py
[2024-11-15T05:45:23.652+0000] {logging_mixin.py:190} INFO - [2024-11-15T05:45:23.652+0000] {dag.py:3239} INFO - Sync 1 DAGs
[2024-11-15T05:45:23.677+0000] {logging_mixin.py:190} INFO - [2024-11-15T05:45:23.677+0000] {dag.py:4180} INFO - Setting next_dagrun for example_complex to None, run_after=None
[2024-11-15T05:45:23.708+0000] {processor.py:208} INFO - Processing /home/airflow/.local/lib/python3.12/site-packages/airflow/example_dags/example_complex.py took 0.190 seconds
[2024-11-15T05:45:53.863+0000] {processor.py:186} INFO - Started process (PID=986) to work on /home/airflow/.local/lib/python3.12/site-packages/airflow/example_dags/example_complex.py
[2024-11-15T05:45:53.867+0000] {processor.py:914} INFO - Processing file /home/airflow/.local/lib/python3.12/site-packages/airflow/example_dags/example_complex.py for tasks to queue
[2024-11-15T05:45:53.878+0000] {logging_mixin.py:190} INFO - [2024-11-15T05:45:53.876+0000] {dagbag.py:588} INFO - Filling up the DagBag from /home/airflow/.local/lib/python3.12/site-packages/airflow/example_dags/example_complex.py
[2024-11-15T05:45:53.904+0000] {processor.py:925} INFO - DAG(s) 'example_complex' retrieved from /home/airflow/.local/lib/python3.12/site-packages/airflow/example_dags/example_complex.py
[2024-11-15T05:45:53.981+0000] {logging_mixin.py:190} INFO - [2024-11-15T05:45:53.981+0000] {dag.py:3239} INFO - Sync 1 DAGs
[2024-11-15T05:45:54.024+0000] {logging_mixin.py:190} INFO - [2024-11-15T05:45:54.023+0000] {dag.py:4180} INFO - Setting next_dagrun for example_complex to None, run_after=None
[2024-11-15T05:45:54.071+0000] {processor.py:208} INFO - Processing /home/airflow/.local/lib/python3.12/site-packages/airflow/example_dags/example_complex.py took 0.221 seconds
[2024-11-15T05:46:24.243+0000] {processor.py:186} INFO - Started process (PID=1051) to work on /home/airflow/.local/lib/python3.12/site-packages/airflow/example_dags/example_complex.py
[2024-11-15T05:46:24.250+0000] {processor.py:914} INFO - Processing file /home/airflow/.local/lib/python3.12/site-packages/airflow/example_dags/example_complex.py for tasks to queue
[2024-11-15T05:46:24.262+0000] {logging_mixin.py:190} INFO - [2024-11-15T05:46:24.259+0000] {dagbag.py:588} INFO - Filling up the DagBag from /home/airflow/.local/lib/python3.12/site-packages/airflow/example_dags/example_complex.py
[2024-11-15T05:46:24.339+0000] {processor.py:925} INFO - DAG(s) 'example_complex' retrieved from /home/airflow/.local/lib/python3.12/site-packages/airflow/example_dags/example_complex.py
[2024-11-15T05:46:24.472+0000] {logging_mixin.py:190} INFO - [2024-11-15T05:46:24.471+0000] {dag.py:3239} INFO - Sync 1 DAGs
[2024-11-15T05:46:24.512+0000] {logging_mixin.py:190} INFO - [2024-11-15T05:46:24.511+0000] {dag.py:4180} INFO - Setting next_dagrun for example_complex to None, run_after=None
[2024-11-15T05:46:24.544+0000] {processor.py:208} INFO - Processing /home/airflow/.local/lib/python3.12/site-packages/airflow/example_dags/example_complex.py took 0.329 seconds
[2024-11-15T05:46:55.214+0000] {processor.py:186} INFO - Started process (PID=1116) to work on /home/airflow/.local/lib/python3.12/site-packages/airflow/example_dags/example_complex.py
[2024-11-15T05:46:55.218+0000] {processor.py:914} INFO - Processing file /home/airflow/.local/lib/python3.12/site-packages/airflow/example_dags/example_complex.py for tasks to queue
[2024-11-15T05:46:55.226+0000] {logging_mixin.py:190} INFO - [2024-11-15T05:46:55.225+0000] {dagbag.py:588} INFO - Filling up the DagBag from /home/airflow/.local/lib/python3.12/site-packages/airflow/example_dags/example_complex.py
[2024-11-15T05:46:55.259+0000] {processor.py:925} INFO - DAG(s) 'example_complex' retrieved from /home/airflow/.local/lib/python3.12/site-packages/airflow/example_dags/example_complex.py
[2024-11-15T05:46:55.320+0000] {logging_mixin.py:190} INFO - [2024-11-15T05:46:55.320+0000] {dag.py:3239} INFO - Sync 1 DAGs
[2024-11-15T05:46:55.349+0000] {logging_mixin.py:190} INFO - [2024-11-15T05:46:55.349+0000] {dag.py:4180} INFO - Setting next_dagrun for example_complex to None, run_after=None
[2024-11-15T05:46:55.390+0000] {processor.py:208} INFO - Processing /home/airflow/.local/lib/python3.12/site-packages/airflow/example_dags/example_complex.py took 0.201 seconds
[2024-11-15T05:47:25.950+0000] {processor.py:186} INFO - Started process (PID=1180) to work on /home/airflow/.local/lib/python3.12/site-packages/airflow/example_dags/example_complex.py
[2024-11-15T05:47:25.955+0000] {processor.py:914} INFO - Processing file /home/airflow/.local/lib/python3.12/site-packages/airflow/example_dags/example_complex.py for tasks to queue
[2024-11-15T05:47:25.961+0000] {logging_mixin.py:190} INFO - [2024-11-15T05:47:25.960+0000] {dagbag.py:588} INFO - Filling up the DagBag from /home/airflow/.local/lib/python3.12/site-packages/airflow/example_dags/example_complex.py
[2024-11-15T05:47:25.996+0000] {processor.py:925} INFO - DAG(s) 'example_complex' retrieved from /home/airflow/.local/lib/python3.12/site-packages/airflow/example_dags/example_complex.py
[2024-11-15T05:47:26.064+0000] {logging_mixin.py:190} INFO - [2024-11-15T05:47:26.063+0000] {dag.py:3239} INFO - Sync 1 DAGs
[2024-11-15T05:47:26.098+0000] {logging_mixin.py:190} INFO - [2024-11-15T05:47:26.097+0000] {dag.py:4180} INFO - Setting next_dagrun for example_complex to None, run_after=None
[2024-11-15T05:47:26.135+0000] {processor.py:208} INFO - Processing /home/airflow/.local/lib/python3.12/site-packages/airflow/example_dags/example_complex.py took 0.211 seconds
[2024-11-15T05:47:56.993+0000] {processor.py:186} INFO - Started process (PID=1245) to work on /home/airflow/.local/lib/python3.12/site-packages/airflow/example_dags/example_complex.py
[2024-11-15T05:47:57.000+0000] {processor.py:914} INFO - Processing file /home/airflow/.local/lib/python3.12/site-packages/airflow/example_dags/example_complex.py for tasks to queue
[2024-11-15T05:47:57.008+0000] {logging_mixin.py:190} INFO - [2024-11-15T05:47:57.007+0000] {dagbag.py:588} INFO - Filling up the DagBag from /home/airflow/.local/lib/python3.12/site-packages/airflow/example_dags/example_complex.py
[2024-11-15T05:47:57.048+0000] {processor.py:925} INFO - DAG(s) 'example_complex' retrieved from /home/airflow/.local/lib/python3.12/site-packages/airflow/example_dags/example_complex.py
[2024-11-15T05:47:57.118+0000] {logging_mixin.py:190} INFO - [2024-11-15T05:47:57.117+0000] {dag.py:3239} INFO - Sync 1 DAGs
[2024-11-15T05:47:57.151+0000] {logging_mixin.py:190} INFO - [2024-11-15T05:47:57.151+0000] {dag.py:4180} INFO - Setting next_dagrun for example_complex to None, run_after=None
[2024-11-15T05:47:57.193+0000] {processor.py:208} INFO - Processing /home/airflow/.local/lib/python3.12/site-packages/airflow/example_dags/example_complex.py took 0.219 seconds
[2024-11-15T05:48:27.753+0000] {processor.py:186} INFO - Started process (PID=1315) to work on /home/airflow/.local/lib/python3.12/site-packages/airflow/example_dags/example_complex.py
[2024-11-15T05:48:27.756+0000] {processor.py:914} INFO - Processing file /home/airflow/.local/lib/python3.12/site-packages/airflow/example_dags/example_complex.py for tasks to queue
[2024-11-15T05:48:27.765+0000] {logging_mixin.py:190} INFO - [2024-11-15T05:48:27.763+0000] {dagbag.py:588} INFO - Filling up the DagBag from /home/airflow/.local/lib/python3.12/site-packages/airflow/example_dags/example_complex.py
[2024-11-15T05:48:27.810+0000] {processor.py:925} INFO - DAG(s) 'example_complex' retrieved from /home/airflow/.local/lib/python3.12/site-packages/airflow/example_dags/example_complex.py
[2024-11-15T05:48:27.908+0000] {logging_mixin.py:190} INFO - [2024-11-15T05:48:27.907+0000] {dag.py:3239} INFO - Sync 1 DAGs
[2024-11-15T05:48:27.975+0000] {logging_mixin.py:190} INFO - [2024-11-15T05:48:27.974+0000] {dag.py:4180} INFO - Setting next_dagrun for example_complex to None, run_after=None
[2024-11-15T05:48:28.029+0000] {processor.py:208} INFO - Processing /home/airflow/.local/lib/python3.12/site-packages/airflow/example_dags/example_complex.py took 0.297 seconds
[2024-11-15T05:48:58.341+0000] {processor.py:186} INFO - Started process (PID=1379) to work on /home/airflow/.local/lib/python3.12/site-packages/airflow/example_dags/example_complex.py
[2024-11-15T05:48:58.348+0000] {processor.py:914} INFO - Processing file /home/airflow/.local/lib/python3.12/site-packages/airflow/example_dags/example_complex.py for tasks to queue
[2024-11-15T05:48:58.368+0000] {logging_mixin.py:190} INFO - [2024-11-15T05:48:58.366+0000] {dagbag.py:588} INFO - Filling up the DagBag from /home/airflow/.local/lib/python3.12/site-packages/airflow/example_dags/example_complex.py
[2024-11-15T05:48:58.433+0000] {processor.py:925} INFO - DAG(s) 'example_complex' retrieved from /home/airflow/.local/lib/python3.12/site-packages/airflow/example_dags/example_complex.py
[2024-11-15T05:48:58.610+0000] {logging_mixin.py:190} INFO - [2024-11-15T05:48:58.609+0000] {dag.py:3239} INFO - Sync 1 DAGs
[2024-11-15T05:48:58.658+0000] {logging_mixin.py:190} INFO - [2024-11-15T05:48:58.657+0000] {dag.py:4180} INFO - Setting next_dagrun for example_complex to None, run_after=None
[2024-11-15T05:48:58.713+0000] {processor.py:208} INFO - Processing /home/airflow/.local/lib/python3.12/site-packages/airflow/example_dags/example_complex.py took 0.416 seconds
[2024-11-15T05:49:29.023+0000] {processor.py:186} INFO - Started process (PID=1444) to work on /home/airflow/.local/lib/python3.12/site-packages/airflow/example_dags/example_complex.py
[2024-11-15T05:49:29.026+0000] {processor.py:914} INFO - Processing file /home/airflow/.local/lib/python3.12/site-packages/airflow/example_dags/example_complex.py for tasks to queue
[2024-11-15T05:49:29.031+0000] {logging_mixin.py:190} INFO - [2024-11-15T05:49:29.030+0000] {dagbag.py:588} INFO - Filling up the DagBag from /home/airflow/.local/lib/python3.12/site-packages/airflow/example_dags/example_complex.py
[2024-11-15T05:49:29.060+0000] {processor.py:925} INFO - DAG(s) 'example_complex' retrieved from /home/airflow/.local/lib/python3.12/site-packages/airflow/example_dags/example_complex.py
[2024-11-15T05:49:29.132+0000] {logging_mixin.py:190} INFO - [2024-11-15T05:49:29.131+0000] {dag.py:3239} INFO - Sync 1 DAGs
[2024-11-15T05:49:29.179+0000] {logging_mixin.py:190} INFO - [2024-11-15T05:49:29.178+0000] {dag.py:4180} INFO - Setting next_dagrun for example_complex to None, run_after=None
[2024-11-15T05:49:29.230+0000] {processor.py:208} INFO - Processing /home/airflow/.local/lib/python3.12/site-packages/airflow/example_dags/example_complex.py took 0.219 seconds
[2024-11-15T05:50:28.063+0000] {processor.py:186} INFO - Started process (PID=1493) to work on /home/airflow/.local/lib/python3.12/site-packages/airflow/example_dags/example_complex.py
[2024-11-15T05:50:28.073+0000] {processor.py:914} INFO - Processing file /home/airflow/.local/lib/python3.12/site-packages/airflow/example_dags/example_complex.py for tasks to queue
[2024-11-15T05:50:28.082+0000] {logging_mixin.py:190} INFO - [2024-11-15T05:50:28.079+0000] {dagbag.py:588} INFO - Filling up the DagBag from /home/airflow/.local/lib/python3.12/site-packages/airflow/example_dags/example_complex.py
[2024-11-15T05:50:28.128+0000] {processor.py:925} INFO - DAG(s) 'example_complex' retrieved from /home/airflow/.local/lib/python3.12/site-packages/airflow/example_dags/example_complex.py
[2024-11-15T05:50:28.225+0000] {logging_mixin.py:190} INFO - [2024-11-15T05:50:28.225+0000] {dag.py:3239} INFO - Sync 1 DAGs
[2024-11-15T05:50:28.290+0000] {logging_mixin.py:190} INFO - [2024-11-15T05:50:28.284+0000] {dag.py:4180} INFO - Setting next_dagrun for example_complex to None, run_after=None
[2024-11-15T05:50:28.352+0000] {processor.py:208} INFO - Processing /home/airflow/.local/lib/python3.12/site-packages/airflow/example_dags/example_complex.py took 0.309 seconds
[2024-11-15T05:50:59.711+0000] {processor.py:186} INFO - Started process (PID=1559) to work on /home/airflow/.local/lib/python3.12/site-packages/airflow/example_dags/example_complex.py
[2024-11-15T05:50:59.719+0000] {processor.py:914} INFO - Processing file /home/airflow/.local/lib/python3.12/site-packages/airflow/example_dags/example_complex.py for tasks to queue
[2024-11-15T05:50:59.726+0000] {logging_mixin.py:190} INFO - [2024-11-15T05:50:59.725+0000] {dagbag.py:588} INFO - Filling up the DagBag from /home/airflow/.local/lib/python3.12/site-packages/airflow/example_dags/example_complex.py
[2024-11-15T05:50:59.790+0000] {processor.py:925} INFO - DAG(s) 'example_complex' retrieved from /home/airflow/.local/lib/python3.12/site-packages/airflow/example_dags/example_complex.py
[2024-11-15T05:50:59.966+0000] {logging_mixin.py:190} INFO - [2024-11-15T05:50:59.965+0000] {dag.py:3239} INFO - Sync 1 DAGs
[2024-11-15T05:51:00.040+0000] {logging_mixin.py:190} INFO - [2024-11-15T05:51:00.039+0000] {dag.py:4180} INFO - Setting next_dagrun for example_complex to None, run_after=None
[2024-11-15T05:51:00.104+0000] {processor.py:208} INFO - Processing /home/airflow/.local/lib/python3.12/site-packages/airflow/example_dags/example_complex.py took 0.422 seconds
[2024-11-15T05:51:30.867+0000] {processor.py:186} INFO - Started process (PID=1625) to work on /home/airflow/.local/lib/python3.12/site-packages/airflow/example_dags/example_complex.py
[2024-11-15T05:51:30.870+0000] {processor.py:914} INFO - Processing file /home/airflow/.local/lib/python3.12/site-packages/airflow/example_dags/example_complex.py for tasks to queue
[2024-11-15T05:51:30.875+0000] {logging_mixin.py:190} INFO - [2024-11-15T05:51:30.874+0000] {dagbag.py:588} INFO - Filling up the DagBag from /home/airflow/.local/lib/python3.12/site-packages/airflow/example_dags/example_complex.py
[2024-11-15T05:51:30.906+0000] {processor.py:925} INFO - DAG(s) 'example_complex' retrieved from /home/airflow/.local/lib/python3.12/site-packages/airflow/example_dags/example_complex.py
[2024-11-15T05:51:31.054+0000] {logging_mixin.py:190} INFO - [2024-11-15T05:51:31.054+0000] {dag.py:3239} INFO - Sync 1 DAGs
[2024-11-15T05:51:31.133+0000] {logging_mixin.py:190} INFO - [2024-11-15T05:51:31.132+0000] {dag.py:4180} INFO - Setting next_dagrun for example_complex to None, run_after=None
[2024-11-15T05:51:31.223+0000] {processor.py:208} INFO - Processing /home/airflow/.local/lib/python3.12/site-packages/airflow/example_dags/example_complex.py took 0.366 seconds
[2024-11-15T05:52:02.515+0000] {processor.py:186} INFO - Started process (PID=1690) to work on /home/airflow/.local/lib/python3.12/site-packages/airflow/example_dags/example_complex.py
[2024-11-15T05:52:02.518+0000] {processor.py:914} INFO - Processing file /home/airflow/.local/lib/python3.12/site-packages/airflow/example_dags/example_complex.py for tasks to queue
[2024-11-15T05:52:02.522+0000] {logging_mixin.py:190} INFO - [2024-11-15T05:52:02.522+0000] {dagbag.py:588} INFO - Filling up the DagBag from /home/airflow/.local/lib/python3.12/site-packages/airflow/example_dags/example_complex.py
[2024-11-15T05:52:02.546+0000] {processor.py:925} INFO - DAG(s) 'example_complex' retrieved from /home/airflow/.local/lib/python3.12/site-packages/airflow/example_dags/example_complex.py
[2024-11-15T05:52:02.600+0000] {logging_mixin.py:190} INFO - [2024-11-15T05:52:02.599+0000] {dag.py:3239} INFO - Sync 1 DAGs
[2024-11-15T05:52:02.626+0000] {logging_mixin.py:190} INFO - [2024-11-15T05:52:02.626+0000] {dag.py:4180} INFO - Setting next_dagrun for example_complex to None, run_after=None
[2024-11-15T05:52:02.661+0000] {processor.py:208} INFO - Processing /home/airflow/.local/lib/python3.12/site-packages/airflow/example_dags/example_complex.py took 0.157 seconds
[2024-11-15T05:52:34.826+0000] {processor.py:186} INFO - Started process (PID=1755) to work on /home/airflow/.local/lib/python3.12/site-packages/airflow/example_dags/example_complex.py
[2024-11-15T05:52:34.829+0000] {processor.py:914} INFO - Processing file /home/airflow/.local/lib/python3.12/site-packages/airflow/example_dags/example_complex.py for tasks to queue
[2024-11-15T05:52:34.833+0000] {logging_mixin.py:190} INFO - [2024-11-15T05:52:34.833+0000] {dagbag.py:588} INFO - Filling up the DagBag from /home/airflow/.local/lib/python3.12/site-packages/airflow/example_dags/example_complex.py
[2024-11-15T05:52:34.864+0000] {processor.py:925} INFO - DAG(s) 'example_complex' retrieved from /home/airflow/.local/lib/python3.12/site-packages/airflow/example_dags/example_complex.py
[2024-11-15T05:52:34.935+0000] {logging_mixin.py:190} INFO - [2024-11-15T05:52:34.934+0000] {dag.py:3239} INFO - Sync 1 DAGs
[2024-11-15T05:52:34.981+0000] {logging_mixin.py:190} INFO - [2024-11-15T05:52:34.981+0000] {dag.py:4180} INFO - Setting next_dagrun for example_complex to None, run_after=None
[2024-11-15T05:52:35.024+0000] {processor.py:208} INFO - Processing /home/airflow/.local/lib/python3.12/site-packages/airflow/example_dags/example_complex.py took 0.210 seconds
[2024-11-15T05:53:07.122+0000] {processor.py:186} INFO - Started process (PID=1821) to work on /home/airflow/.local/lib/python3.12/site-packages/airflow/example_dags/example_complex.py
[2024-11-15T05:53:07.126+0000] {processor.py:914} INFO - Processing file /home/airflow/.local/lib/python3.12/site-packages/airflow/example_dags/example_complex.py for tasks to queue
[2024-11-15T05:53:07.139+0000] {logging_mixin.py:190} INFO - [2024-11-15T05:53:07.138+0000] {dagbag.py:588} INFO - Filling up the DagBag from /home/airflow/.local/lib/python3.12/site-packages/airflow/example_dags/example_complex.py
[2024-11-15T05:53:07.230+0000] {processor.py:925} INFO - DAG(s) 'example_complex' retrieved from /home/airflow/.local/lib/python3.12/site-packages/airflow/example_dags/example_complex.py
[2024-11-15T05:53:07.446+0000] {logging_mixin.py:190} INFO - [2024-11-15T05:53:07.446+0000] {dag.py:3239} INFO - Sync 1 DAGs
[2024-11-15T05:53:07.511+0000] {logging_mixin.py:190} INFO - [2024-11-15T05:53:07.510+0000] {dag.py:4180} INFO - Setting next_dagrun for example_complex to None, run_after=None
[2024-11-15T05:53:07.559+0000] {processor.py:208} INFO - Processing /home/airflow/.local/lib/python3.12/site-packages/airflow/example_dags/example_complex.py took 0.463 seconds
[2024-11-15T05:53:39.738+0000] {processor.py:186} INFO - Started process (PID=1886) to work on /home/airflow/.local/lib/python3.12/site-packages/airflow/example_dags/example_complex.py
[2024-11-15T05:53:39.741+0000] {processor.py:914} INFO - Processing file /home/airflow/.local/lib/python3.12/site-packages/airflow/example_dags/example_complex.py for tasks to queue
[2024-11-15T05:53:39.748+0000] {logging_mixin.py:190} INFO - [2024-11-15T05:53:39.747+0000] {dagbag.py:588} INFO - Filling up the DagBag from /home/airflow/.local/lib/python3.12/site-packages/airflow/example_dags/example_complex.py
[2024-11-15T05:53:39.793+0000] {processor.py:925} INFO - DAG(s) 'example_complex' retrieved from /home/airflow/.local/lib/python3.12/site-packages/airflow/example_dags/example_complex.py
[2024-11-15T05:53:39.869+0000] {logging_mixin.py:190} INFO - [2024-11-15T05:53:39.868+0000] {dag.py:3239} INFO - Sync 1 DAGs
[2024-11-15T05:53:39.902+0000] {logging_mixin.py:190} INFO - [2024-11-15T05:53:39.901+0000] {dag.py:4180} INFO - Setting next_dagrun for example_complex to None, run_after=None
[2024-11-15T05:53:39.954+0000] {processor.py:208} INFO - Processing /home/airflow/.local/lib/python3.12/site-packages/airflow/example_dags/example_complex.py took 0.230 seconds
[2024-11-15T05:54:11.481+0000] {processor.py:186} INFO - Started process (PID=1951) to work on /home/airflow/.local/lib/python3.12/site-packages/airflow/example_dags/example_complex.py
[2024-11-15T05:54:11.484+0000] {processor.py:914} INFO - Processing file /home/airflow/.local/lib/python3.12/site-packages/airflow/example_dags/example_complex.py for tasks to queue
[2024-11-15T05:54:11.489+0000] {logging_mixin.py:190} INFO - [2024-11-15T05:54:11.489+0000] {dagbag.py:588} INFO - Filling up the DagBag from /home/airflow/.local/lib/python3.12/site-packages/airflow/example_dags/example_complex.py
[2024-11-15T05:54:11.515+0000] {processor.py:925} INFO - DAG(s) 'example_complex' retrieved from /home/airflow/.local/lib/python3.12/site-packages/airflow/example_dags/example_complex.py
[2024-11-15T05:54:11.581+0000] {logging_mixin.py:190} INFO - [2024-11-15T05:54:11.581+0000] {dag.py:3239} INFO - Sync 1 DAGs
[2024-11-15T05:54:11.610+0000] {logging_mixin.py:190} INFO - [2024-11-15T05:54:11.610+0000] {dag.py:4180} INFO - Setting next_dagrun for example_complex to None, run_after=None
[2024-11-15T05:54:11.642+0000] {processor.py:208} INFO - Processing /home/airflow/.local/lib/python3.12/site-packages/airflow/example_dags/example_complex.py took 0.172 seconds
[2024-11-15T05:54:43.876+0000] {processor.py:186} INFO - Started process (PID=2022) to work on /home/airflow/.local/lib/python3.12/site-packages/airflow/example_dags/example_complex.py
[2024-11-15T05:54:43.878+0000] {processor.py:914} INFO - Processing file /home/airflow/.local/lib/python3.12/site-packages/airflow/example_dags/example_complex.py for tasks to queue
[2024-11-15T05:54:43.882+0000] {logging_mixin.py:190} INFO - [2024-11-15T05:54:43.881+0000] {dagbag.py:588} INFO - Filling up the DagBag from /home/airflow/.local/lib/python3.12/site-packages/airflow/example_dags/example_complex.py
[2024-11-15T05:54:43.907+0000] {processor.py:925} INFO - DAG(s) 'example_complex' retrieved from /home/airflow/.local/lib/python3.12/site-packages/airflow/example_dags/example_complex.py
[2024-11-15T05:54:43.967+0000] {logging_mixin.py:190} INFO - [2024-11-15T05:54:43.967+0000] {dag.py:3239} INFO - Sync 1 DAGs
[2024-11-15T05:54:44.000+0000] {logging_mixin.py:190} INFO - [2024-11-15T05:54:43.999+0000] {dag.py:4180} INFO - Setting next_dagrun for example_complex to None, run_after=None
[2024-11-15T05:54:44.041+0000] {processor.py:208} INFO - Processing /home/airflow/.local/lib/python3.12/site-packages/airflow/example_dags/example_complex.py took 0.176 seconds
[2024-11-15T05:55:33.457+0000] {processor.py:186} INFO - Started process (PID=2083) to work on /home/airflow/.local/lib/python3.12/site-packages/airflow/example_dags/example_complex.py
[2024-11-15T05:55:33.460+0000] {processor.py:914} INFO - Processing file /home/airflow/.local/lib/python3.12/site-packages/airflow/example_dags/example_complex.py for tasks to queue
[2024-11-15T05:55:33.466+0000] {logging_mixin.py:190} INFO - [2024-11-15T05:55:33.465+0000] {dagbag.py:588} INFO - Filling up the DagBag from /home/airflow/.local/lib/python3.12/site-packages/airflow/example_dags/example_complex.py
[2024-11-15T05:55:33.501+0000] {processor.py:925} INFO - DAG(s) 'example_complex' retrieved from /home/airflow/.local/lib/python3.12/site-packages/airflow/example_dags/example_complex.py
[2024-11-15T05:55:33.604+0000] {logging_mixin.py:190} INFO - [2024-11-15T05:55:33.603+0000] {dag.py:3239} INFO - Sync 1 DAGs
[2024-11-15T05:55:33.634+0000] {logging_mixin.py:190} INFO - [2024-11-15T05:55:33.634+0000] {dag.py:4180} INFO - Setting next_dagrun for example_complex to None, run_after=None
[2024-11-15T05:55:33.672+0000] {processor.py:208} INFO - Processing /home/airflow/.local/lib/python3.12/site-packages/airflow/example_dags/example_complex.py took 0.234 seconds
[2024-11-15T05:56:05.132+0000] {processor.py:186} INFO - Started process (PID=2148) to work on /home/airflow/.local/lib/python3.12/site-packages/airflow/example_dags/example_complex.py
[2024-11-15T05:56:05.137+0000] {processor.py:914} INFO - Processing file /home/airflow/.local/lib/python3.12/site-packages/airflow/example_dags/example_complex.py for tasks to queue
[2024-11-15T05:56:05.144+0000] {logging_mixin.py:190} INFO - [2024-11-15T05:56:05.144+0000] {dagbag.py:588} INFO - Filling up the DagBag from /home/airflow/.local/lib/python3.12/site-packages/airflow/example_dags/example_complex.py
[2024-11-15T05:56:05.175+0000] {processor.py:925} INFO - DAG(s) 'example_complex' retrieved from /home/airflow/.local/lib/python3.12/site-packages/airflow/example_dags/example_complex.py
[2024-11-15T05:56:05.264+0000] {logging_mixin.py:190} INFO - [2024-11-15T05:56:05.264+0000] {dag.py:3239} INFO - Sync 1 DAGs
[2024-11-15T05:56:05.299+0000] {logging_mixin.py:190} INFO - [2024-11-15T05:56:05.298+0000] {dag.py:4180} INFO - Setting next_dagrun for example_complex to None, run_after=None
[2024-11-15T05:56:05.348+0000] {processor.py:208} INFO - Processing /home/airflow/.local/lib/python3.12/site-packages/airflow/example_dags/example_complex.py took 0.231 seconds
[2024-11-15T05:56:38.051+0000] {processor.py:186} INFO - Started process (PID=2213) to work on /home/airflow/.local/lib/python3.12/site-packages/airflow/example_dags/example_complex.py
[2024-11-15T05:56:38.056+0000] {processor.py:914} INFO - Processing file /home/airflow/.local/lib/python3.12/site-packages/airflow/example_dags/example_complex.py for tasks to queue
[2024-11-15T05:56:38.065+0000] {logging_mixin.py:190} INFO - [2024-11-15T05:56:38.064+0000] {dagbag.py:588} INFO - Filling up the DagBag from /home/airflow/.local/lib/python3.12/site-packages/airflow/example_dags/example_complex.py
[2024-11-15T05:56:38.100+0000] {processor.py:925} INFO - DAG(s) 'example_complex' retrieved from /home/airflow/.local/lib/python3.12/site-packages/airflow/example_dags/example_complex.py
[2024-11-15T05:56:38.198+0000] {logging_mixin.py:190} INFO - [2024-11-15T05:56:38.197+0000] {dag.py:3239} INFO - Sync 1 DAGs
[2024-11-15T05:56:38.249+0000] {logging_mixin.py:190} INFO - [2024-11-15T05:56:38.249+0000] {dag.py:4180} INFO - Setting next_dagrun for example_complex to None, run_after=None
[2024-11-15T05:56:38.299+0000] {processor.py:208} INFO - Processing /home/airflow/.local/lib/python3.12/site-packages/airflow/example_dags/example_complex.py took 0.274 seconds
[2024-11-15T05:57:10.277+0000] {processor.py:186} INFO - Started process (PID=2278) to work on /home/airflow/.local/lib/python3.12/site-packages/airflow/example_dags/example_complex.py
[2024-11-15T05:57:10.282+0000] {processor.py:914} INFO - Processing file /home/airflow/.local/lib/python3.12/site-packages/airflow/example_dags/example_complex.py for tasks to queue
[2024-11-15T05:57:10.289+0000] {logging_mixin.py:190} INFO - [2024-11-15T05:57:10.288+0000] {dagbag.py:588} INFO - Filling up the DagBag from /home/airflow/.local/lib/python3.12/site-packages/airflow/example_dags/example_complex.py
[2024-11-15T05:57:10.327+0000] {processor.py:925} INFO - DAG(s) 'example_complex' retrieved from /home/airflow/.local/lib/python3.12/site-packages/airflow/example_dags/example_complex.py
[2024-11-15T05:57:10.473+0000] {logging_mixin.py:190} INFO - [2024-11-15T05:57:10.472+0000] {dag.py:3239} INFO - Sync 1 DAGs
[2024-11-15T05:57:10.548+0000] {logging_mixin.py:190} INFO - [2024-11-15T05:57:10.545+0000] {dag.py:4180} INFO - Setting next_dagrun for example_complex to None, run_after=None
[2024-11-15T05:57:10.605+0000] {processor.py:208} INFO - Processing /home/airflow/.local/lib/python3.12/site-packages/airflow/example_dags/example_complex.py took 0.345 seconds
[2024-11-15T05:57:41.914+0000] {processor.py:186} INFO - Started process (PID=2343) to work on /home/airflow/.local/lib/python3.12/site-packages/airflow/example_dags/example_complex.py
[2024-11-15T05:57:41.917+0000] {processor.py:914} INFO - Processing file /home/airflow/.local/lib/python3.12/site-packages/airflow/example_dags/example_complex.py for tasks to queue
[2024-11-15T05:57:41.923+0000] {logging_mixin.py:190} INFO - [2024-11-15T05:57:41.922+0000] {dagbag.py:588} INFO - Filling up the DagBag from /home/airflow/.local/lib/python3.12/site-packages/airflow/example_dags/example_complex.py
[2024-11-15T05:57:41.956+0000] {processor.py:925} INFO - DAG(s) 'example_complex' retrieved from /home/airflow/.local/lib/python3.12/site-packages/airflow/example_dags/example_complex.py
[2024-11-15T05:57:42.034+0000] {logging_mixin.py:190} INFO - [2024-11-15T05:57:42.034+0000] {dag.py:3239} INFO - Sync 1 DAGs
[2024-11-15T05:57:42.080+0000] {logging_mixin.py:190} INFO - [2024-11-15T05:57:42.079+0000] {dag.py:4180} INFO - Setting next_dagrun for example_complex to None, run_after=None
[2024-11-15T05:57:42.142+0000] {processor.py:208} INFO - Processing /home/airflow/.local/lib/python3.12/site-packages/airflow/example_dags/example_complex.py took 0.246 seconds
[2024-11-15T05:58:15.803+0000] {processor.py:186} INFO - Started process (PID=2412) to work on /home/airflow/.local/lib/python3.12/site-packages/airflow/example_dags/example_complex.py
[2024-11-15T05:58:15.806+0000] {processor.py:914} INFO - Processing file /home/airflow/.local/lib/python3.12/site-packages/airflow/example_dags/example_complex.py for tasks to queue
[2024-11-15T05:58:15.811+0000] {logging_mixin.py:190} INFO - [2024-11-15T05:58:15.810+0000] {dagbag.py:588} INFO - Filling up the DagBag from /home/airflow/.local/lib/python3.12/site-packages/airflow/example_dags/example_complex.py
[2024-11-15T05:58:15.838+0000] {processor.py:925} INFO - DAG(s) 'example_complex' retrieved from /home/airflow/.local/lib/python3.12/site-packages/airflow/example_dags/example_complex.py
[2024-11-15T05:58:15.970+0000] {logging_mixin.py:190} INFO - [2024-11-15T05:58:15.969+0000] {dag.py:3239} INFO - Sync 1 DAGs
[2024-11-15T05:58:16.031+0000] {logging_mixin.py:190} INFO - [2024-11-15T05:58:16.030+0000] {dag.py:4180} INFO - Setting next_dagrun for example_complex to None, run_after=None
[2024-11-15T05:58:16.109+0000] {processor.py:208} INFO - Processing /home/airflow/.local/lib/python3.12/site-packages/airflow/example_dags/example_complex.py took 0.317 seconds
[2024-11-15T05:58:47.837+0000] {processor.py:186} INFO - Started process (PID=2477) to work on /home/airflow/.local/lib/python3.12/site-packages/airflow/example_dags/example_complex.py
[2024-11-15T05:58:47.839+0000] {processor.py:914} INFO - Processing file /home/airflow/.local/lib/python3.12/site-packages/airflow/example_dags/example_complex.py for tasks to queue
[2024-11-15T05:58:47.843+0000] {logging_mixin.py:190} INFO - [2024-11-15T05:58:47.843+0000] {dagbag.py:588} INFO - Filling up the DagBag from /home/airflow/.local/lib/python3.12/site-packages/airflow/example_dags/example_complex.py
[2024-11-15T05:58:47.875+0000] {processor.py:925} INFO - DAG(s) 'example_complex' retrieved from /home/airflow/.local/lib/python3.12/site-packages/airflow/example_dags/example_complex.py
[2024-11-15T05:58:47.963+0000] {logging_mixin.py:190} INFO - [2024-11-15T05:58:47.962+0000] {dag.py:3239} INFO - Sync 1 DAGs
[2024-11-15T05:58:48.001+0000] {logging_mixin.py:190} INFO - [2024-11-15T05:58:48.000+0000] {dag.py:4180} INFO - Setting next_dagrun for example_complex to None, run_after=None
[2024-11-15T05:58:48.042+0000] {processor.py:208} INFO - Processing /home/airflow/.local/lib/python3.12/site-packages/airflow/example_dags/example_complex.py took 0.219 seconds
[2024-11-15T05:59:20.719+0000] {processor.py:186} INFO - Started process (PID=2552) to work on /home/airflow/.local/lib/python3.12/site-packages/airflow/example_dags/example_complex.py
[2024-11-15T05:59:20.722+0000] {processor.py:914} INFO - Processing file /home/airflow/.local/lib/python3.12/site-packages/airflow/example_dags/example_complex.py for tasks to queue
[2024-11-15T05:59:20.728+0000] {logging_mixin.py:190} INFO - [2024-11-15T05:59:20.727+0000] {dagbag.py:588} INFO - Filling up the DagBag from /home/airflow/.local/lib/python3.12/site-packages/airflow/example_dags/example_complex.py
[2024-11-15T05:59:20.752+0000] {processor.py:925} INFO - DAG(s) 'example_complex' retrieved from /home/airflow/.local/lib/python3.12/site-packages/airflow/example_dags/example_complex.py
[2024-11-15T05:59:20.840+0000] {logging_mixin.py:190} INFO - [2024-11-15T05:59:20.840+0000] {dag.py:3239} INFO - Sync 1 DAGs
[2024-11-15T05:59:20.878+0000] {logging_mixin.py:190} INFO - [2024-11-15T05:59:20.877+0000] {dag.py:4180} INFO - Setting next_dagrun for example_complex to None, run_after=None
[2024-11-15T05:59:20.917+0000] {processor.py:208} INFO - Processing /home/airflow/.local/lib/python3.12/site-packages/airflow/example_dags/example_complex.py took 0.212 seconds
[2024-11-15T05:59:54.583+0000] {processor.py:186} INFO - Started process (PID=2617) to work on /home/airflow/.local/lib/python3.12/site-packages/airflow/example_dags/example_complex.py
[2024-11-15T05:59:54.585+0000] {processor.py:914} INFO - Processing file /home/airflow/.local/lib/python3.12/site-packages/airflow/example_dags/example_complex.py for tasks to queue
[2024-11-15T05:59:54.590+0000] {logging_mixin.py:190} INFO - [2024-11-15T05:59:54.590+0000] {dagbag.py:588} INFO - Filling up the DagBag from /home/airflow/.local/lib/python3.12/site-packages/airflow/example_dags/example_complex.py
[2024-11-15T05:59:54.613+0000] {processor.py:925} INFO - DAG(s) 'example_complex' retrieved from /home/airflow/.local/lib/python3.12/site-packages/airflow/example_dags/example_complex.py
[2024-11-15T05:59:54.670+0000] {logging_mixin.py:190} INFO - [2024-11-15T05:59:54.669+0000] {dag.py:3239} INFO - Sync 1 DAGs
[2024-11-15T05:59:54.701+0000] {logging_mixin.py:190} INFO - [2024-11-15T05:59:54.701+0000] {dag.py:4180} INFO - Setting next_dagrun for example_complex to None, run_after=None
[2024-11-15T05:59:54.737+0000] {processor.py:208} INFO - Processing /home/airflow/.local/lib/python3.12/site-packages/airflow/example_dags/example_complex.py took 0.165 seconds
[2024-11-15T06:00:25.980+0000] {processor.py:186} INFO - Started process (PID=2682) to work on /home/airflow/.local/lib/python3.12/site-packages/airflow/example_dags/example_complex.py
[2024-11-15T06:00:25.984+0000] {processor.py:914} INFO - Processing file /home/airflow/.local/lib/python3.12/site-packages/airflow/example_dags/example_complex.py for tasks to queue
[2024-11-15T06:00:25.991+0000] {logging_mixin.py:190} INFO - [2024-11-15T06:00:25.990+0000] {dagbag.py:588} INFO - Filling up the DagBag from /home/airflow/.local/lib/python3.12/site-packages/airflow/example_dags/example_complex.py
[2024-11-15T06:00:26.027+0000] {processor.py:925} INFO - DAG(s) 'example_complex' retrieved from /home/airflow/.local/lib/python3.12/site-packages/airflow/example_dags/example_complex.py
[2024-11-15T06:00:26.111+0000] {logging_mixin.py:190} INFO - [2024-11-15T06:00:26.110+0000] {dag.py:3239} INFO - Sync 1 DAGs
[2024-11-15T06:00:26.150+0000] {logging_mixin.py:190} INFO - [2024-11-15T06:00:26.150+0000] {dag.py:4180} INFO - Setting next_dagrun for example_complex to None, run_after=None
[2024-11-15T06:00:26.203+0000] {processor.py:208} INFO - Processing /home/airflow/.local/lib/python3.12/site-packages/airflow/example_dags/example_complex.py took 0.238 seconds
[2024-11-15T06:00:57.659+0000] {processor.py:186} INFO - Started process (PID=2749) to work on /home/airflow/.local/lib/python3.12/site-packages/airflow/example_dags/example_complex.py
[2024-11-15T06:00:57.662+0000] {processor.py:914} INFO - Processing file /home/airflow/.local/lib/python3.12/site-packages/airflow/example_dags/example_complex.py for tasks to queue
[2024-11-15T06:00:57.667+0000] {logging_mixin.py:190} INFO - [2024-11-15T06:00:57.666+0000] {dagbag.py:588} INFO - Filling up the DagBag from /home/airflow/.local/lib/python3.12/site-packages/airflow/example_dags/example_complex.py
[2024-11-15T06:00:57.695+0000] {processor.py:925} INFO - DAG(s) 'example_complex' retrieved from /home/airflow/.local/lib/python3.12/site-packages/airflow/example_dags/example_complex.py
[2024-11-15T06:00:57.761+0000] {logging_mixin.py:190} INFO - [2024-11-15T06:00:57.760+0000] {dag.py:3239} INFO - Sync 1 DAGs
[2024-11-15T06:00:57.789+0000] {logging_mixin.py:190} INFO - [2024-11-15T06:00:57.788+0000] {dag.py:4180} INFO - Setting next_dagrun for example_complex to None, run_after=None
[2024-11-15T06:00:57.827+0000] {processor.py:208} INFO - Processing /home/airflow/.local/lib/python3.12/site-packages/airflow/example_dags/example_complex.py took 0.181 seconds
[2024-11-15T06:01:30.252+0000] {processor.py:186} INFO - Started process (PID=2814) to work on /home/airflow/.local/lib/python3.12/site-packages/airflow/example_dags/example_complex.py
[2024-11-15T06:01:30.256+0000] {processor.py:914} INFO - Processing file /home/airflow/.local/lib/python3.12/site-packages/airflow/example_dags/example_complex.py for tasks to queue
[2024-11-15T06:01:30.263+0000] {logging_mixin.py:190} INFO - [2024-11-15T06:01:30.262+0000] {dagbag.py:588} INFO - Filling up the DagBag from /home/airflow/.local/lib/python3.12/site-packages/airflow/example_dags/example_complex.py
[2024-11-15T06:01:30.296+0000] {processor.py:925} INFO - DAG(s) 'example_complex' retrieved from /home/airflow/.local/lib/python3.12/site-packages/airflow/example_dags/example_complex.py
[2024-11-15T06:01:30.360+0000] {logging_mixin.py:190} INFO - [2024-11-15T06:01:30.360+0000] {dag.py:3239} INFO - Sync 1 DAGs
[2024-11-15T06:01:30.395+0000] {logging_mixin.py:190} INFO - [2024-11-15T06:01:30.395+0000] {dag.py:4180} INFO - Setting next_dagrun for example_complex to None, run_after=None
[2024-11-15T06:01:30.450+0000] {processor.py:208} INFO - Processing /home/airflow/.local/lib/python3.12/site-packages/airflow/example_dags/example_complex.py took 0.214 seconds
[2024-11-15T06:02:02.781+0000] {processor.py:186} INFO - Started process (PID=2879) to work on /home/airflow/.local/lib/python3.12/site-packages/airflow/example_dags/example_complex.py
[2024-11-15T06:02:02.785+0000] {processor.py:914} INFO - Processing file /home/airflow/.local/lib/python3.12/site-packages/airflow/example_dags/example_complex.py for tasks to queue
[2024-11-15T06:02:02.794+0000] {logging_mixin.py:190} INFO - [2024-11-15T06:02:02.793+0000] {dagbag.py:588} INFO - Filling up the DagBag from /home/airflow/.local/lib/python3.12/site-packages/airflow/example_dags/example_complex.py
[2024-11-15T06:02:02.842+0000] {processor.py:925} INFO - DAG(s) 'example_complex' retrieved from /home/airflow/.local/lib/python3.12/site-packages/airflow/example_dags/example_complex.py
[2024-11-15T06:02:02.954+0000] {logging_mixin.py:190} INFO - [2024-11-15T06:02:02.953+0000] {dag.py:3239} INFO - Sync 1 DAGs
[2024-11-15T06:02:03.006+0000] {logging_mixin.py:190} INFO - [2024-11-15T06:02:03.005+0000] {dag.py:4180} INFO - Setting next_dagrun for example_complex to None, run_after=None
[2024-11-15T06:02:03.081+0000] {processor.py:208} INFO - Processing /home/airflow/.local/lib/python3.12/site-packages/airflow/example_dags/example_complex.py took 0.320 seconds
[2024-11-15T06:02:43.986+0000] {processor.py:186} INFO - Started process (PID=2944) to work on /home/airflow/.local/lib/python3.12/site-packages/airflow/example_dags/example_complex.py
[2024-11-15T06:02:43.999+0000] {processor.py:914} INFO - Processing file /home/airflow/.local/lib/python3.12/site-packages/airflow/example_dags/example_complex.py for tasks to queue
[2024-11-15T06:02:44.015+0000] {logging_mixin.py:190} INFO - [2024-11-15T06:02:44.013+0000] {dagbag.py:588} INFO - Filling up the DagBag from /home/airflow/.local/lib/python3.12/site-packages/airflow/example_dags/example_complex.py
[2024-11-15T06:02:44.095+0000] {processor.py:925} INFO - DAG(s) 'example_complex' retrieved from /home/airflow/.local/lib/python3.12/site-packages/airflow/example_dags/example_complex.py
[2024-11-15T06:02:44.332+0000] {logging_mixin.py:190} INFO - [2024-11-15T06:02:44.331+0000] {dag.py:3239} INFO - Sync 1 DAGs
[2024-11-15T06:02:44.398+0000] {logging_mixin.py:190} INFO - [2024-11-15T06:02:44.397+0000] {dag.py:4180} INFO - Setting next_dagrun for example_complex to None, run_after=None
[2024-11-15T06:02:44.567+0000] {processor.py:208} INFO - Processing /home/airflow/.local/lib/python3.12/site-packages/airflow/example_dags/example_complex.py took 0.607 seconds
[2024-11-15T06:03:17.993+0000] {processor.py:186} INFO - Started process (PID=3010) to work on /home/airflow/.local/lib/python3.12/site-packages/airflow/example_dags/example_complex.py
[2024-11-15T06:03:17.998+0000] {processor.py:914} INFO - Processing file /home/airflow/.local/lib/python3.12/site-packages/airflow/example_dags/example_complex.py for tasks to queue
[2024-11-15T06:03:18.007+0000] {logging_mixin.py:190} INFO - [2024-11-15T06:03:18.006+0000] {dagbag.py:588} INFO - Filling up the DagBag from /home/airflow/.local/lib/python3.12/site-packages/airflow/example_dags/example_complex.py
[2024-11-15T06:03:18.073+0000] {processor.py:925} INFO - DAG(s) 'example_complex' retrieved from /home/airflow/.local/lib/python3.12/site-packages/airflow/example_dags/example_complex.py
[2024-11-15T06:03:18.222+0000] {logging_mixin.py:190} INFO - [2024-11-15T06:03:18.222+0000] {dag.py:3239} INFO - Sync 1 DAGs
[2024-11-15T06:03:18.305+0000] {logging_mixin.py:190} INFO - [2024-11-15T06:03:18.304+0000] {dag.py:4180} INFO - Setting next_dagrun for example_complex to None, run_after=None
[2024-11-15T06:03:18.510+0000] {processor.py:208} INFO - Processing /home/airflow/.local/lib/python3.12/site-packages/airflow/example_dags/example_complex.py took 0.549 seconds
[2024-11-15T06:03:55.961+0000] {processor.py:186} INFO - Started process (PID=3091) to work on /home/airflow/.local/lib/python3.12/site-packages/airflow/example_dags/example_complex.py
[2024-11-15T06:03:55.966+0000] {processor.py:914} INFO - Processing file /home/airflow/.local/lib/python3.12/site-packages/airflow/example_dags/example_complex.py for tasks to queue
[2024-11-15T06:03:55.971+0000] {logging_mixin.py:190} INFO - [2024-11-15T06:03:55.971+0000] {dagbag.py:588} INFO - Filling up the DagBag from /home/airflow/.local/lib/python3.12/site-packages/airflow/example_dags/example_complex.py
[2024-11-15T06:03:56.025+0000] {processor.py:925} INFO - DAG(s) 'example_complex' retrieved from /home/airflow/.local/lib/python3.12/site-packages/airflow/example_dags/example_complex.py
[2024-11-15T06:03:56.175+0000] {logging_mixin.py:190} INFO - [2024-11-15T06:03:56.174+0000] {dag.py:3239} INFO - Sync 1 DAGs
[2024-11-15T06:03:56.245+0000] {logging_mixin.py:190} INFO - [2024-11-15T06:03:56.244+0000] {dag.py:4180} INFO - Setting next_dagrun for example_complex to None, run_after=None
[2024-11-15T06:03:56.312+0000] {processor.py:208} INFO - Processing /home/airflow/.local/lib/python3.12/site-packages/airflow/example_dags/example_complex.py took 0.374 seconds
[2024-11-15T06:04:29.579+0000] {processor.py:186} INFO - Started process (PID=3156) to work on /home/airflow/.local/lib/python3.12/site-packages/airflow/example_dags/example_complex.py
[2024-11-15T06:04:29.625+0000] {processor.py:914} INFO - Processing file /home/airflow/.local/lib/python3.12/site-packages/airflow/example_dags/example_complex.py for tasks to queue
[2024-11-15T06:04:29.632+0000] {logging_mixin.py:190} INFO - [2024-11-15T06:04:29.631+0000] {dagbag.py:588} INFO - Filling up the DagBag from /home/airflow/.local/lib/python3.12/site-packages/airflow/example_dags/example_complex.py
[2024-11-15T06:04:29.697+0000] {processor.py:925} INFO - DAG(s) 'example_complex' retrieved from /home/airflow/.local/lib/python3.12/site-packages/airflow/example_dags/example_complex.py
[2024-11-15T06:04:29.870+0000] {logging_mixin.py:190} INFO - [2024-11-15T06:04:29.869+0000] {dag.py:3239} INFO - Sync 1 DAGs
[2024-11-15T06:04:29.955+0000] {logging_mixin.py:190} INFO - [2024-11-15T06:04:29.955+0000] {dag.py:4180} INFO - Setting next_dagrun for example_complex to None, run_after=None
[2024-11-15T06:04:30.034+0000] {processor.py:208} INFO - Processing /home/airflow/.local/lib/python3.12/site-packages/airflow/example_dags/example_complex.py took 0.479 seconds
[2024-11-15T06:05:01.066+0000] {processor.py:186} INFO - Started process (PID=3221) to work on /home/airflow/.local/lib/python3.12/site-packages/airflow/example_dags/example_complex.py
[2024-11-15T06:05:01.072+0000] {processor.py:914} INFO - Processing file /home/airflow/.local/lib/python3.12/site-packages/airflow/example_dags/example_complex.py for tasks to queue
[2024-11-15T06:05:01.084+0000] {logging_mixin.py:190} INFO - [2024-11-15T06:05:01.082+0000] {dagbag.py:588} INFO - Filling up the DagBag from /home/airflow/.local/lib/python3.12/site-packages/airflow/example_dags/example_complex.py
[2024-11-15T06:05:01.135+0000] {processor.py:925} INFO - DAG(s) 'example_complex' retrieved from /home/airflow/.local/lib/python3.12/site-packages/airflow/example_dags/example_complex.py
[2024-11-15T06:05:01.206+0000] {logging_mixin.py:190} INFO - [2024-11-15T06:05:01.206+0000] {dag.py:3239} INFO - Sync 1 DAGs
[2024-11-15T06:05:01.237+0000] {logging_mixin.py:190} INFO - [2024-11-15T06:05:01.237+0000] {dag.py:4180} INFO - Setting next_dagrun for example_complex to None, run_after=None
[2024-11-15T06:05:01.277+0000] {processor.py:208} INFO - Processing /home/airflow/.local/lib/python3.12/site-packages/airflow/example_dags/example_complex.py took 0.239 seconds
[2024-11-15T06:05:31.560+0000] {processor.py:186} INFO - Started process (PID=3286) to work on /home/airflow/.local/lib/python3.12/site-packages/airflow/example_dags/example_complex.py
[2024-11-15T06:05:31.563+0000] {processor.py:914} INFO - Processing file /home/airflow/.local/lib/python3.12/site-packages/airflow/example_dags/example_complex.py for tasks to queue
[2024-11-15T06:05:31.569+0000] {logging_mixin.py:190} INFO - [2024-11-15T06:05:31.568+0000] {dagbag.py:588} INFO - Filling up the DagBag from /home/airflow/.local/lib/python3.12/site-packages/airflow/example_dags/example_complex.py
[2024-11-15T06:05:31.600+0000] {processor.py:925} INFO - DAG(s) 'example_complex' retrieved from /home/airflow/.local/lib/python3.12/site-packages/airflow/example_dags/example_complex.py
[2024-11-15T06:05:31.722+0000] {logging_mixin.py:190} INFO - [2024-11-15T06:05:31.722+0000] {dag.py:3239} INFO - Sync 1 DAGs
[2024-11-15T06:05:31.781+0000] {logging_mixin.py:190} INFO - [2024-11-15T06:05:31.780+0000] {dag.py:4180} INFO - Setting next_dagrun for example_complex to None, run_after=None
[2024-11-15T06:05:31.862+0000] {processor.py:208} INFO - Processing /home/airflow/.local/lib/python3.12/site-packages/airflow/example_dags/example_complex.py took 0.316 seconds
[2024-11-15T06:06:02.057+0000] {processor.py:186} INFO - Started process (PID=3352) to work on /home/airflow/.local/lib/python3.12/site-packages/airflow/example_dags/example_complex.py
[2024-11-15T06:06:02.060+0000] {processor.py:914} INFO - Processing file /home/airflow/.local/lib/python3.12/site-packages/airflow/example_dags/example_complex.py for tasks to queue
[2024-11-15T06:06:02.065+0000] {logging_mixin.py:190} INFO - [2024-11-15T06:06:02.064+0000] {dagbag.py:588} INFO - Filling up the DagBag from /home/airflow/.local/lib/python3.12/site-packages/airflow/example_dags/example_complex.py
[2024-11-15T06:06:02.094+0000] {processor.py:925} INFO - DAG(s) 'example_complex' retrieved from /home/airflow/.local/lib/python3.12/site-packages/airflow/example_dags/example_complex.py
[2024-11-15T06:06:02.152+0000] {logging_mixin.py:190} INFO - [2024-11-15T06:06:02.152+0000] {dag.py:3239} INFO - Sync 1 DAGs
[2024-11-15T06:06:02.180+0000] {logging_mixin.py:190} INFO - [2024-11-15T06:06:02.180+0000] {dag.py:4180} INFO - Setting next_dagrun for example_complex to None, run_after=None
[2024-11-15T06:06:02.216+0000] {processor.py:208} INFO - Processing /home/airflow/.local/lib/python3.12/site-packages/airflow/example_dags/example_complex.py took 0.170 seconds
[2024-11-15T06:06:39.062+0000] {processor.py:186} INFO - Started process (PID=3416) to work on /home/airflow/.local/lib/python3.12/site-packages/airflow/example_dags/example_complex.py
[2024-11-15T06:06:39.066+0000] {processor.py:914} INFO - Processing file /home/airflow/.local/lib/python3.12/site-packages/airflow/example_dags/example_complex.py for tasks to queue
[2024-11-15T06:06:39.074+0000] {logging_mixin.py:190} INFO - [2024-11-15T06:06:39.073+0000] {dagbag.py:588} INFO - Filling up the DagBag from /home/airflow/.local/lib/python3.12/site-packages/airflow/example_dags/example_complex.py
[2024-11-15T06:06:39.127+0000] {processor.py:925} INFO - DAG(s) 'example_complex' retrieved from /home/airflow/.local/lib/python3.12/site-packages/airflow/example_dags/example_complex.py
[2024-11-15T06:06:39.760+0000] {logging_mixin.py:190} INFO - [2024-11-15T06:06:39.759+0000] {dag.py:3239} INFO - Sync 1 DAGs
[2024-11-15T06:06:39.802+0000] {logging_mixin.py:190} INFO - [2024-11-15T06:06:39.801+0000] {dag.py:4180} INFO - Setting next_dagrun for example_complex to None, run_after=None
[2024-11-15T06:06:39.846+0000] {processor.py:208} INFO - Processing /home/airflow/.local/lib/python3.12/site-packages/airflow/example_dags/example_complex.py took 0.802 seconds
[2024-11-15T06:07:10.340+0000] {processor.py:186} INFO - Started process (PID=3481) to work on /home/airflow/.local/lib/python3.12/site-packages/airflow/example_dags/example_complex.py
[2024-11-15T06:07:10.343+0000] {processor.py:914} INFO - Processing file /home/airflow/.local/lib/python3.12/site-packages/airflow/example_dags/example_complex.py for tasks to queue
[2024-11-15T06:07:10.348+0000] {logging_mixin.py:190} INFO - [2024-11-15T06:07:10.348+0000] {dagbag.py:588} INFO - Filling up the DagBag from /home/airflow/.local/lib/python3.12/site-packages/airflow/example_dags/example_complex.py
[2024-11-15T06:07:10.387+0000] {processor.py:925} INFO - DAG(s) 'example_complex' retrieved from /home/airflow/.local/lib/python3.12/site-packages/airflow/example_dags/example_complex.py
[2024-11-15T06:07:10.520+0000] {logging_mixin.py:190} INFO - [2024-11-15T06:07:10.520+0000] {dag.py:3239} INFO - Sync 1 DAGs
[2024-11-15T06:07:10.895+0000] {logging_mixin.py:190} INFO - [2024-11-15T06:07:10.895+0000] {dag.py:4180} INFO - Setting next_dagrun for example_complex to None, run_after=None
[2024-11-15T06:07:10.950+0000] {processor.py:208} INFO - Processing /home/airflow/.local/lib/python3.12/site-packages/airflow/example_dags/example_complex.py took 0.623 seconds
[2024-11-15T06:07:41.381+0000] {processor.py:186} INFO - Started process (PID=3546) to work on /home/airflow/.local/lib/python3.12/site-packages/airflow/example_dags/example_complex.py
[2024-11-15T06:07:41.384+0000] {processor.py:914} INFO - Processing file /home/airflow/.local/lib/python3.12/site-packages/airflow/example_dags/example_complex.py for tasks to queue
[2024-11-15T06:07:41.389+0000] {logging_mixin.py:190} INFO - [2024-11-15T06:07:41.388+0000] {dagbag.py:588} INFO - Filling up the DagBag from /home/airflow/.local/lib/python3.12/site-packages/airflow/example_dags/example_complex.py
[2024-11-15T06:07:41.417+0000] {processor.py:925} INFO - DAG(s) 'example_complex' retrieved from /home/airflow/.local/lib/python3.12/site-packages/airflow/example_dags/example_complex.py
[2024-11-15T06:07:41.475+0000] {logging_mixin.py:190} INFO - [2024-11-15T06:07:41.474+0000] {dag.py:3239} INFO - Sync 1 DAGs
[2024-11-15T06:07:41.507+0000] {logging_mixin.py:190} INFO - [2024-11-15T06:07:41.507+0000] {dag.py:4180} INFO - Setting next_dagrun for example_complex to None, run_after=None
[2024-11-15T06:07:41.542+0000] {processor.py:208} INFO - Processing /home/airflow/.local/lib/python3.12/site-packages/airflow/example_dags/example_complex.py took 0.171 seconds
[2024-11-15T06:08:12.208+0000] {processor.py:186} INFO - Started process (PID=3611) to work on /home/airflow/.local/lib/python3.12/site-packages/airflow/example_dags/example_complex.py
[2024-11-15T06:08:12.212+0000] {processor.py:914} INFO - Processing file /home/airflow/.local/lib/python3.12/site-packages/airflow/example_dags/example_complex.py for tasks to queue
[2024-11-15T06:08:12.218+0000] {logging_mixin.py:190} INFO - [2024-11-15T06:08:12.217+0000] {dagbag.py:588} INFO - Filling up the DagBag from /home/airflow/.local/lib/python3.12/site-packages/airflow/example_dags/example_complex.py
[2024-11-15T06:08:12.468+0000] {processor.py:925} INFO - DAG(s) 'example_complex' retrieved from /home/airflow/.local/lib/python3.12/site-packages/airflow/example_dags/example_complex.py
[2024-11-15T06:08:12.544+0000] {logging_mixin.py:190} INFO - [2024-11-15T06:08:12.543+0000] {dag.py:3239} INFO - Sync 1 DAGs
[2024-11-15T06:08:12.571+0000] {logging_mixin.py:190} INFO - [2024-11-15T06:08:12.571+0000] {dag.py:4180} INFO - Setting next_dagrun for example_complex to None, run_after=None
[2024-11-15T06:08:12.610+0000] {processor.py:208} INFO - Processing /home/airflow/.local/lib/python3.12/site-packages/airflow/example_dags/example_complex.py took 0.415 seconds
[2024-11-15T06:08:42.779+0000] {processor.py:186} INFO - Started process (PID=3676) to work on /home/airflow/.local/lib/python3.12/site-packages/airflow/example_dags/example_complex.py
[2024-11-15T06:08:42.790+0000] {processor.py:914} INFO - Processing file /home/airflow/.local/lib/python3.12/site-packages/airflow/example_dags/example_complex.py for tasks to queue
[2024-11-15T06:08:42.800+0000] {logging_mixin.py:190} INFO - [2024-11-15T06:08:42.798+0000] {dagbag.py:588} INFO - Filling up the DagBag from /home/airflow/.local/lib/python3.12/site-packages/airflow/example_dags/example_complex.py
[2024-11-15T06:08:42.870+0000] {processor.py:925} INFO - DAG(s) 'example_complex' retrieved from /home/airflow/.local/lib/python3.12/site-packages/airflow/example_dags/example_complex.py
[2024-11-15T06:08:43.004+0000] {logging_mixin.py:190} INFO - [2024-11-15T06:08:43.004+0000] {dag.py:3239} INFO - Sync 1 DAGs
[2024-11-15T06:08:43.050+0000] {logging_mixin.py:190} INFO - [2024-11-15T06:08:43.049+0000] {dag.py:4180} INFO - Setting next_dagrun for example_complex to None, run_after=None
[2024-11-15T06:08:43.104+0000] {processor.py:208} INFO - Processing /home/airflow/.local/lib/python3.12/site-packages/airflow/example_dags/example_complex.py took 0.353 seconds
[2024-11-15T06:09:13.837+0000] {processor.py:186} INFO - Started process (PID=3742) to work on /home/airflow/.local/lib/python3.12/site-packages/airflow/example_dags/example_complex.py
[2024-11-15T06:09:13.840+0000] {processor.py:914} INFO - Processing file /home/airflow/.local/lib/python3.12/site-packages/airflow/example_dags/example_complex.py for tasks to queue
[2024-11-15T06:09:13.844+0000] {logging_mixin.py:190} INFO - [2024-11-15T06:09:13.844+0000] {dagbag.py:588} INFO - Filling up the DagBag from /home/airflow/.local/lib/python3.12/site-packages/airflow/example_dags/example_complex.py
[2024-11-15T06:09:13.881+0000] {processor.py:925} INFO - DAG(s) 'example_complex' retrieved from /home/airflow/.local/lib/python3.12/site-packages/airflow/example_dags/example_complex.py
[2024-11-15T06:09:13.947+0000] {logging_mixin.py:190} INFO - [2024-11-15T06:09:13.947+0000] {dag.py:3239} INFO - Sync 1 DAGs
[2024-11-15T06:09:13.979+0000] {logging_mixin.py:190} INFO - [2024-11-15T06:09:13.979+0000] {dag.py:4180} INFO - Setting next_dagrun for example_complex to None, run_after=None
[2024-11-15T06:09:14.018+0000] {processor.py:208} INFO - Processing /home/airflow/.local/lib/python3.12/site-packages/airflow/example_dags/example_complex.py took 0.197 seconds
[2024-11-15T06:09:45.667+0000] {processor.py:186} INFO - Started process (PID=3808) to work on /home/airflow/.local/lib/python3.12/site-packages/airflow/example_dags/example_complex.py
[2024-11-15T06:09:45.669+0000] {processor.py:914} INFO - Processing file /home/airflow/.local/lib/python3.12/site-packages/airflow/example_dags/example_complex.py for tasks to queue
[2024-11-15T06:09:45.675+0000] {logging_mixin.py:190} INFO - [2024-11-15T06:09:45.674+0000] {dagbag.py:588} INFO - Filling up the DagBag from /home/airflow/.local/lib/python3.12/site-packages/airflow/example_dags/example_complex.py
[2024-11-15T06:09:45.700+0000] {processor.py:925} INFO - DAG(s) 'example_complex' retrieved from /home/airflow/.local/lib/python3.12/site-packages/airflow/example_dags/example_complex.py
[2024-11-15T06:09:45.768+0000] {logging_mixin.py:190} INFO - [2024-11-15T06:09:45.768+0000] {dag.py:3239} INFO - Sync 1 DAGs
[2024-11-15T06:09:45.828+0000] {logging_mixin.py:190} INFO - [2024-11-15T06:09:45.827+0000] {dag.py:4180} INFO - Setting next_dagrun for example_complex to None, run_after=None
[2024-11-15T06:09:45.873+0000] {processor.py:208} INFO - Processing /home/airflow/.local/lib/python3.12/site-packages/airflow/example_dags/example_complex.py took 0.218 seconds
[2024-11-15T06:10:19.251+0000] {processor.py:186} INFO - Started process (PID=3881) to work on /home/airflow/.local/lib/python3.12/site-packages/airflow/example_dags/example_complex.py
[2024-11-15T06:10:19.254+0000] {processor.py:914} INFO - Processing file /home/airflow/.local/lib/python3.12/site-packages/airflow/example_dags/example_complex.py for tasks to queue
[2024-11-15T06:10:19.259+0000] {logging_mixin.py:190} INFO - [2024-11-15T06:10:19.258+0000] {dagbag.py:588} INFO - Filling up the DagBag from /home/airflow/.local/lib/python3.12/site-packages/airflow/example_dags/example_complex.py
[2024-11-15T06:10:19.290+0000] {processor.py:925} INFO - DAG(s) 'example_complex' retrieved from /home/airflow/.local/lib/python3.12/site-packages/airflow/example_dags/example_complex.py
[2024-11-15T06:10:19.354+0000] {logging_mixin.py:190} INFO - [2024-11-15T06:10:19.353+0000] {dag.py:3239} INFO - Sync 1 DAGs
[2024-11-15T06:10:19.389+0000] {logging_mixin.py:190} INFO - [2024-11-15T06:10:19.389+0000] {dag.py:4180} INFO - Setting next_dagrun for example_complex to None, run_after=None
[2024-11-15T06:10:19.433+0000] {processor.py:208} INFO - Processing /home/airflow/.local/lib/python3.12/site-packages/airflow/example_dags/example_complex.py took 0.198 seconds
[2024-11-15T06:10:50.807+0000] {processor.py:186} INFO - Started process (PID=3946) to work on /home/airflow/.local/lib/python3.12/site-packages/airflow/example_dags/example_complex.py
[2024-11-15T06:10:50.810+0000] {processor.py:914} INFO - Processing file /home/airflow/.local/lib/python3.12/site-packages/airflow/example_dags/example_complex.py for tasks to queue
[2024-11-15T06:10:50.818+0000] {logging_mixin.py:190} INFO - [2024-11-15T06:10:50.817+0000] {dagbag.py:588} INFO - Filling up the DagBag from /home/airflow/.local/lib/python3.12/site-packages/airflow/example_dags/example_complex.py
[2024-11-15T06:10:50.857+0000] {processor.py:925} INFO - DAG(s) 'example_complex' retrieved from /home/airflow/.local/lib/python3.12/site-packages/airflow/example_dags/example_complex.py
[2024-11-15T06:10:50.971+0000] {logging_mixin.py:190} INFO - [2024-11-15T06:10:50.971+0000] {dag.py:3239} INFO - Sync 1 DAGs
[2024-11-15T06:10:51.018+0000] {logging_mixin.py:190} INFO - [2024-11-15T06:10:51.018+0000] {dag.py:4180} INFO - Setting next_dagrun for example_complex to None, run_after=None
[2024-11-15T06:10:51.080+0000] {processor.py:208} INFO - Processing /home/airflow/.local/lib/python3.12/site-packages/airflow/example_dags/example_complex.py took 0.292 seconds
[2024-11-15T06:11:23.423+0000] {processor.py:186} INFO - Started process (PID=4013) to work on /home/airflow/.local/lib/python3.12/site-packages/airflow/example_dags/example_complex.py
[2024-11-15T06:11:23.426+0000] {processor.py:914} INFO - Processing file /home/airflow/.local/lib/python3.12/site-packages/airflow/example_dags/example_complex.py for tasks to queue
[2024-11-15T06:11:23.433+0000] {logging_mixin.py:190} INFO - [2024-11-15T06:11:23.432+0000] {dagbag.py:588} INFO - Filling up the DagBag from /home/airflow/.local/lib/python3.12/site-packages/airflow/example_dags/example_complex.py
[2024-11-15T06:11:23.470+0000] {processor.py:925} INFO - DAG(s) 'example_complex' retrieved from /home/airflow/.local/lib/python3.12/site-packages/airflow/example_dags/example_complex.py
[2024-11-15T06:11:23.546+0000] {logging_mixin.py:190} INFO - [2024-11-15T06:11:23.546+0000] {dag.py:3239} INFO - Sync 1 DAGs
[2024-11-15T06:11:23.587+0000] {logging_mixin.py:190} INFO - [2024-11-15T06:11:23.587+0000] {dag.py:4180} INFO - Setting next_dagrun for example_complex to None, run_after=None
[2024-11-15T06:11:23.626+0000] {processor.py:208} INFO - Processing /home/airflow/.local/lib/python3.12/site-packages/airflow/example_dags/example_complex.py took 0.217 seconds
[2024-11-15T06:11:58.060+0000] {processor.py:186} INFO - Started process (PID=4088) to work on /home/airflow/.local/lib/python3.12/site-packages/airflow/example_dags/example_complex.py
[2024-11-15T06:11:58.064+0000] {processor.py:914} INFO - Processing file /home/airflow/.local/lib/python3.12/site-packages/airflow/example_dags/example_complex.py for tasks to queue
[2024-11-15T06:11:58.070+0000] {logging_mixin.py:190} INFO - [2024-11-15T06:11:58.069+0000] {dagbag.py:588} INFO - Filling up the DagBag from /home/airflow/.local/lib/python3.12/site-packages/airflow/example_dags/example_complex.py
[2024-11-15T06:11:58.096+0000] {processor.py:925} INFO - DAG(s) 'example_complex' retrieved from /home/airflow/.local/lib/python3.12/site-packages/airflow/example_dags/example_complex.py
[2024-11-15T06:11:58.148+0000] {logging_mixin.py:190} INFO - [2024-11-15T06:11:58.148+0000] {dag.py:3239} INFO - Sync 1 DAGs
[2024-11-15T06:11:58.176+0000] {logging_mixin.py:190} INFO - [2024-11-15T06:11:58.176+0000] {dag.py:4180} INFO - Setting next_dagrun for example_complex to None, run_after=None
[2024-11-15T06:11:58.209+0000] {processor.py:208} INFO - Processing /home/airflow/.local/lib/python3.12/site-packages/airflow/example_dags/example_complex.py took 0.162 seconds
[2024-11-15T06:12:28.946+0000] {processor.py:186} INFO - Started process (PID=4153) to work on /home/airflow/.local/lib/python3.12/site-packages/airflow/example_dags/example_complex.py
[2024-11-15T06:12:28.949+0000] {processor.py:914} INFO - Processing file /home/airflow/.local/lib/python3.12/site-packages/airflow/example_dags/example_complex.py for tasks to queue
[2024-11-15T06:12:28.953+0000] {logging_mixin.py:190} INFO - [2024-11-15T06:12:28.952+0000] {dagbag.py:588} INFO - Filling up the DagBag from /home/airflow/.local/lib/python3.12/site-packages/airflow/example_dags/example_complex.py
[2024-11-15T06:12:28.981+0000] {processor.py:925} INFO - DAG(s) 'example_complex' retrieved from /home/airflow/.local/lib/python3.12/site-packages/airflow/example_dags/example_complex.py
[2024-11-15T06:12:29.044+0000] {logging_mixin.py:190} INFO - [2024-11-15T06:12:29.044+0000] {dag.py:3239} INFO - Sync 1 DAGs
[2024-11-15T06:12:29.070+0000] {logging_mixin.py:190} INFO - [2024-11-15T06:12:29.069+0000] {dag.py:4180} INFO - Setting next_dagrun for example_complex to None, run_after=None
[2024-11-15T06:12:29.111+0000] {processor.py:208} INFO - Processing /home/airflow/.local/lib/python3.12/site-packages/airflow/example_dags/example_complex.py took 0.176 seconds
[2024-11-15T06:13:00.839+0000] {processor.py:186} INFO - Started process (PID=4219) to work on /home/airflow/.local/lib/python3.12/site-packages/airflow/example_dags/example_complex.py
[2024-11-15T06:13:00.844+0000] {processor.py:914} INFO - Processing file /home/airflow/.local/lib/python3.12/site-packages/airflow/example_dags/example_complex.py for tasks to queue
[2024-11-15T06:13:00.853+0000] {logging_mixin.py:190} INFO - [2024-11-15T06:13:00.851+0000] {dagbag.py:588} INFO - Filling up the DagBag from /home/airflow/.local/lib/python3.12/site-packages/airflow/example_dags/example_complex.py
[2024-11-15T06:13:00.893+0000] {processor.py:925} INFO - DAG(s) 'example_complex' retrieved from /home/airflow/.local/lib/python3.12/site-packages/airflow/example_dags/example_complex.py
[2024-11-15T06:13:00.967+0000] {logging_mixin.py:190} INFO - [2024-11-15T06:13:00.966+0000] {dag.py:3239} INFO - Sync 1 DAGs
[2024-11-15T06:13:01.033+0000] {logging_mixin.py:190} INFO - [2024-11-15T06:13:01.032+0000] {dag.py:4180} INFO - Setting next_dagrun for example_complex to None, run_after=None
[2024-11-15T06:13:01.075+0000] {processor.py:208} INFO - Processing /home/airflow/.local/lib/python3.12/site-packages/airflow/example_dags/example_complex.py took 0.259 seconds
[2024-11-15T06:13:35.091+0000] {processor.py:186} INFO - Started process (PID=4285) to work on /home/airflow/.local/lib/python3.12/site-packages/airflow/example_dags/example_complex.py
[2024-11-15T06:13:35.093+0000] {processor.py:914} INFO - Processing file /home/airflow/.local/lib/python3.12/site-packages/airflow/example_dags/example_complex.py for tasks to queue
[2024-11-15T06:13:35.098+0000] {logging_mixin.py:190} INFO - [2024-11-15T06:13:35.098+0000] {dagbag.py:588} INFO - Filling up the DagBag from /home/airflow/.local/lib/python3.12/site-packages/airflow/example_dags/example_complex.py
[2024-11-15T06:13:35.121+0000] {processor.py:925} INFO - DAG(s) 'example_complex' retrieved from /home/airflow/.local/lib/python3.12/site-packages/airflow/example_dags/example_complex.py
[2024-11-15T06:13:35.183+0000] {logging_mixin.py:190} INFO - [2024-11-15T06:13:35.183+0000] {dag.py:3239} INFO - Sync 1 DAGs
[2024-11-15T06:13:35.209+0000] {logging_mixin.py:190} INFO - [2024-11-15T06:13:35.208+0000] {dag.py:4180} INFO - Setting next_dagrun for example_complex to None, run_after=None
[2024-11-15T06:13:35.239+0000] {processor.py:208} INFO - Processing /home/airflow/.local/lib/python3.12/site-packages/airflow/example_dags/example_complex.py took 0.158 seconds
