[2024-11-15T05:38:42.756+0000] {processor.py:186} INFO - Started process (PID=128) to work on /home/airflow/.local/lib/python3.12/site-packages/airflow/example_dags/example_branch_labels.py
[2024-11-15T05:38:42.783+0000] {processor.py:914} INFO - Processing file /home/airflow/.local/lib/python3.12/site-packages/airflow/example_dags/example_branch_labels.py for tasks to queue
[2024-11-15T05:38:42.806+0000] {logging_mixin.py:190} INFO - [2024-11-15T05:38:42.805+0000] {dagbag.py:588} INFO - Filling up the DagBag from /home/airflow/.local/lib/python3.12/site-packages/airflow/example_dags/example_branch_labels.py
[2024-11-15T05:38:42.952+0000] {processor.py:925} INFO - DAG(s) 'example_branch_labels' retrieved from /home/airflow/.local/lib/python3.12/site-packages/airflow/example_dags/example_branch_labels.py
[2024-11-15T05:38:43.212+0000] {logging_mixin.py:190} INFO - [2024-11-15T05:38:43.211+0000] {dag.py:3239} INFO - Sync 1 DAGs
[2024-11-15T05:38:43.540+0000] {logging_mixin.py:190} INFO - [2024-11-15T05:38:43.539+0000] {dag.py:4180} INFO - Setting next_dagrun for example_branch_labels to 2024-11-14 00:00:00+00:00, run_after=2024-11-15 00:00:00+00:00
[2024-11-15T05:38:43.699+0000] {processor.py:208} INFO - Processing /home/airflow/.local/lib/python3.12/site-packages/airflow/example_dags/example_branch_labels.py took 1.016 seconds
[2024-11-15T05:39:30.171+0000] {processor.py:186} INFO - Started process (PID=198) to work on /home/airflow/.local/lib/python3.12/site-packages/airflow/example_dags/example_branch_labels.py
[2024-11-15T05:39:30.174+0000] {processor.py:914} INFO - Processing file /home/airflow/.local/lib/python3.12/site-packages/airflow/example_dags/example_branch_labels.py for tasks to queue
[2024-11-15T05:39:30.190+0000] {logging_mixin.py:190} INFO - [2024-11-15T05:39:30.190+0000] {dagbag.py:588} INFO - Filling up the DagBag from /home/airflow/.local/lib/python3.12/site-packages/airflow/example_dags/example_branch_labels.py
[2024-11-15T05:39:30.256+0000] {processor.py:925} INFO - DAG(s) 'example_branch_labels' retrieved from /home/airflow/.local/lib/python3.12/site-packages/airflow/example_dags/example_branch_labels.py
[2024-11-15T05:39:30.397+0000] {logging_mixin.py:190} INFO - [2024-11-15T05:39:30.397+0000] {dag.py:3239} INFO - Sync 1 DAGs
[2024-11-15T05:39:30.626+0000] {logging_mixin.py:190} INFO - [2024-11-15T05:39:30.625+0000] {dag.py:4180} INFO - Setting next_dagrun for example_branch_labels to 2024-11-14 00:00:00+00:00, run_after=2024-11-15 00:00:00+00:00
[2024-11-15T05:39:30.716+0000] {processor.py:208} INFO - Processing /home/airflow/.local/lib/python3.12/site-packages/airflow/example_dags/example_branch_labels.py took 0.584 seconds
[2024-11-15T05:40:01.507+0000] {processor.py:186} INFO - Started process (PID=262) to work on /home/airflow/.local/lib/python3.12/site-packages/airflow/example_dags/example_branch_labels.py
[2024-11-15T05:40:01.519+0000] {processor.py:914} INFO - Processing file /home/airflow/.local/lib/python3.12/site-packages/airflow/example_dags/example_branch_labels.py for tasks to queue
[2024-11-15T05:40:01.530+0000] {logging_mixin.py:190} INFO - [2024-11-15T05:40:01.529+0000] {dagbag.py:588} INFO - Filling up the DagBag from /home/airflow/.local/lib/python3.12/site-packages/airflow/example_dags/example_branch_labels.py
[2024-11-15T05:40:01.587+0000] {processor.py:925} INFO - DAG(s) 'example_branch_labels' retrieved from /home/airflow/.local/lib/python3.12/site-packages/airflow/example_dags/example_branch_labels.py
[2024-11-15T05:40:01.779+0000] {logging_mixin.py:190} INFO - [2024-11-15T05:40:01.778+0000] {dag.py:3239} INFO - Sync 1 DAGs
[2024-11-15T05:40:01.919+0000] {logging_mixin.py:190} INFO - [2024-11-15T05:40:01.918+0000] {dag.py:4180} INFO - Setting next_dagrun for example_branch_labels to 2024-11-14 00:00:00+00:00, run_after=2024-11-15 00:00:00+00:00
[2024-11-15T05:40:01.986+0000] {processor.py:208} INFO - Processing /home/airflow/.local/lib/python3.12/site-packages/airflow/example_dags/example_branch_labels.py took 0.501 seconds
[2024-11-15T05:40:32.120+0000] {processor.py:186} INFO - Started process (PID=326) to work on /home/airflow/.local/lib/python3.12/site-packages/airflow/example_dags/example_branch_labels.py
[2024-11-15T05:40:32.125+0000] {processor.py:914} INFO - Processing file /home/airflow/.local/lib/python3.12/site-packages/airflow/example_dags/example_branch_labels.py for tasks to queue
[2024-11-15T05:40:32.131+0000] {logging_mixin.py:190} INFO - [2024-11-15T05:40:32.130+0000] {dagbag.py:588} INFO - Filling up the DagBag from /home/airflow/.local/lib/python3.12/site-packages/airflow/example_dags/example_branch_labels.py
[2024-11-15T05:40:32.158+0000] {processor.py:925} INFO - DAG(s) 'example_branch_labels' retrieved from /home/airflow/.local/lib/python3.12/site-packages/airflow/example_dags/example_branch_labels.py
[2024-11-15T05:40:32.209+0000] {logging_mixin.py:190} INFO - [2024-11-15T05:40:32.208+0000] {dag.py:3239} INFO - Sync 1 DAGs
[2024-11-15T05:40:32.262+0000] {logging_mixin.py:190} INFO - [2024-11-15T05:40:32.262+0000] {dag.py:4180} INFO - Setting next_dagrun for example_branch_labels to 2024-11-14 00:00:00+00:00, run_after=2024-11-15 00:00:00+00:00
[2024-11-15T05:40:32.294+0000] {processor.py:208} INFO - Processing /home/airflow/.local/lib/python3.12/site-packages/airflow/example_dags/example_branch_labels.py took 0.204 seconds
[2024-11-15T05:41:03.728+0000] {processor.py:186} INFO - Started process (PID=391) to work on /home/airflow/.local/lib/python3.12/site-packages/airflow/example_dags/example_branch_labels.py
[2024-11-15T05:41:03.732+0000] {processor.py:914} INFO - Processing file /home/airflow/.local/lib/python3.12/site-packages/airflow/example_dags/example_branch_labels.py for tasks to queue
[2024-11-15T05:41:03.738+0000] {logging_mixin.py:190} INFO - [2024-11-15T05:41:03.737+0000] {dagbag.py:588} INFO - Filling up the DagBag from /home/airflow/.local/lib/python3.12/site-packages/airflow/example_dags/example_branch_labels.py
[2024-11-15T05:41:03.757+0000] {processor.py:925} INFO - DAG(s) 'example_branch_labels' retrieved from /home/airflow/.local/lib/python3.12/site-packages/airflow/example_dags/example_branch_labels.py
[2024-11-15T05:41:03.789+0000] {logging_mixin.py:190} INFO - [2024-11-15T05:41:03.789+0000] {dag.py:3239} INFO - Sync 1 DAGs
[2024-11-15T05:41:03.838+0000] {logging_mixin.py:190} INFO - [2024-11-15T05:41:03.838+0000] {dag.py:4180} INFO - Setting next_dagrun for example_branch_labels to 2024-11-14 00:00:00+00:00, run_after=2024-11-15 00:00:00+00:00
[2024-11-15T05:41:03.874+0000] {processor.py:208} INFO - Processing /home/airflow/.local/lib/python3.12/site-packages/airflow/example_dags/example_branch_labels.py took 0.159 seconds
[2024-11-15T05:41:35.202+0000] {processor.py:186} INFO - Started process (PID=456) to work on /home/airflow/.local/lib/python3.12/site-packages/airflow/example_dags/example_branch_labels.py
[2024-11-15T05:41:35.205+0000] {processor.py:914} INFO - Processing file /home/airflow/.local/lib/python3.12/site-packages/airflow/example_dags/example_branch_labels.py for tasks to queue
[2024-11-15T05:41:35.211+0000] {logging_mixin.py:190} INFO - [2024-11-15T05:41:35.210+0000] {dagbag.py:588} INFO - Filling up the DagBag from /home/airflow/.local/lib/python3.12/site-packages/airflow/example_dags/example_branch_labels.py
[2024-11-15T05:41:35.235+0000] {processor.py:925} INFO - DAG(s) 'example_branch_labels' retrieved from /home/airflow/.local/lib/python3.12/site-packages/airflow/example_dags/example_branch_labels.py
[2024-11-15T05:41:35.282+0000] {logging_mixin.py:190} INFO - [2024-11-15T05:41:35.281+0000] {dag.py:3239} INFO - Sync 1 DAGs
[2024-11-15T05:41:35.339+0000] {logging_mixin.py:190} INFO - [2024-11-15T05:41:35.339+0000] {dag.py:4180} INFO - Setting next_dagrun for example_branch_labels to 2024-11-14 00:00:00+00:00, run_after=2024-11-15 00:00:00+00:00
[2024-11-15T05:41:35.385+0000] {processor.py:208} INFO - Processing /home/airflow/.local/lib/python3.12/site-packages/airflow/example_dags/example_branch_labels.py took 0.200 seconds
[2024-11-15T05:42:06.871+0000] {processor.py:186} INFO - Started process (PID=521) to work on /home/airflow/.local/lib/python3.12/site-packages/airflow/example_dags/example_branch_labels.py
[2024-11-15T05:42:06.875+0000] {processor.py:914} INFO - Processing file /home/airflow/.local/lib/python3.12/site-packages/airflow/example_dags/example_branch_labels.py for tasks to queue
[2024-11-15T05:42:06.882+0000] {logging_mixin.py:190} INFO - [2024-11-15T05:42:06.881+0000] {dagbag.py:588} INFO - Filling up the DagBag from /home/airflow/.local/lib/python3.12/site-packages/airflow/example_dags/example_branch_labels.py
[2024-11-15T05:42:06.930+0000] {processor.py:925} INFO - DAG(s) 'example_branch_labels' retrieved from /home/airflow/.local/lib/python3.12/site-packages/airflow/example_dags/example_branch_labels.py
[2024-11-15T05:42:07.048+0000] {logging_mixin.py:190} INFO - [2024-11-15T05:42:07.047+0000] {dag.py:3239} INFO - Sync 1 DAGs
[2024-11-15T05:42:07.132+0000] {logging_mixin.py:190} INFO - [2024-11-15T05:42:07.132+0000] {dag.py:4180} INFO - Setting next_dagrun for example_branch_labels to 2024-11-14 00:00:00+00:00, run_after=2024-11-15 00:00:00+00:00
[2024-11-15T05:42:07.211+0000] {processor.py:208} INFO - Processing /home/airflow/.local/lib/python3.12/site-packages/airflow/example_dags/example_branch_labels.py took 0.358 seconds
[2024-11-15T05:42:38.696+0000] {processor.py:186} INFO - Started process (PID=586) to work on /home/airflow/.local/lib/python3.12/site-packages/airflow/example_dags/example_branch_labels.py
[2024-11-15T05:42:38.699+0000] {processor.py:914} INFO - Processing file /home/airflow/.local/lib/python3.12/site-packages/airflow/example_dags/example_branch_labels.py for tasks to queue
[2024-11-15T05:42:38.704+0000] {logging_mixin.py:190} INFO - [2024-11-15T05:42:38.703+0000] {dagbag.py:588} INFO - Filling up the DagBag from /home/airflow/.local/lib/python3.12/site-packages/airflow/example_dags/example_branch_labels.py
[2024-11-15T05:42:38.725+0000] {processor.py:925} INFO - DAG(s) 'example_branch_labels' retrieved from /home/airflow/.local/lib/python3.12/site-packages/airflow/example_dags/example_branch_labels.py
[2024-11-15T05:42:38.760+0000] {logging_mixin.py:190} INFO - [2024-11-15T05:42:38.760+0000] {dag.py:3239} INFO - Sync 1 DAGs
[2024-11-15T05:42:38.814+0000] {logging_mixin.py:190} INFO - [2024-11-15T05:42:38.813+0000] {dag.py:4180} INFO - Setting next_dagrun for example_branch_labels to 2024-11-14 00:00:00+00:00, run_after=2024-11-15 00:00:00+00:00
[2024-11-15T05:42:38.849+0000] {processor.py:208} INFO - Processing /home/airflow/.local/lib/python3.12/site-packages/airflow/example_dags/example_branch_labels.py took 0.168 seconds
[2024-11-15T05:43:09.325+0000] {processor.py:186} INFO - Started process (PID=651) to work on /home/airflow/.local/lib/python3.12/site-packages/airflow/example_dags/example_branch_labels.py
[2024-11-15T05:43:09.328+0000] {processor.py:914} INFO - Processing file /home/airflow/.local/lib/python3.12/site-packages/airflow/example_dags/example_branch_labels.py for tasks to queue
[2024-11-15T05:43:09.335+0000] {logging_mixin.py:190} INFO - [2024-11-15T05:43:09.333+0000] {dagbag.py:588} INFO - Filling up the DagBag from /home/airflow/.local/lib/python3.12/site-packages/airflow/example_dags/example_branch_labels.py
[2024-11-15T05:43:09.356+0000] {processor.py:925} INFO - DAG(s) 'example_branch_labels' retrieved from /home/airflow/.local/lib/python3.12/site-packages/airflow/example_dags/example_branch_labels.py
[2024-11-15T05:43:09.403+0000] {logging_mixin.py:190} INFO - [2024-11-15T05:43:09.402+0000] {dag.py:3239} INFO - Sync 1 DAGs
[2024-11-15T05:43:09.472+0000] {logging_mixin.py:190} INFO - [2024-11-15T05:43:09.472+0000] {dag.py:4180} INFO - Setting next_dagrun for example_branch_labels to 2024-11-14 00:00:00+00:00, run_after=2024-11-15 00:00:00+00:00
[2024-11-15T05:43:09.515+0000] {processor.py:208} INFO - Processing /home/airflow/.local/lib/python3.12/site-packages/airflow/example_dags/example_branch_labels.py took 0.201 seconds
[2024-11-15T05:43:39.639+0000] {processor.py:186} INFO - Started process (PID=715) to work on /home/airflow/.local/lib/python3.12/site-packages/airflow/example_dags/example_branch_labels.py
[2024-11-15T05:43:39.646+0000] {processor.py:914} INFO - Processing file /home/airflow/.local/lib/python3.12/site-packages/airflow/example_dags/example_branch_labels.py for tasks to queue
[2024-11-15T05:43:39.653+0000] {logging_mixin.py:190} INFO - [2024-11-15T05:43:39.652+0000] {dagbag.py:588} INFO - Filling up the DagBag from /home/airflow/.local/lib/python3.12/site-packages/airflow/example_dags/example_branch_labels.py
[2024-11-15T05:43:39.686+0000] {processor.py:925} INFO - DAG(s) 'example_branch_labels' retrieved from /home/airflow/.local/lib/python3.12/site-packages/airflow/example_dags/example_branch_labels.py
[2024-11-15T05:43:39.731+0000] {logging_mixin.py:190} INFO - [2024-11-15T05:43:39.731+0000] {dag.py:3239} INFO - Sync 1 DAGs
[2024-11-15T05:43:39.785+0000] {logging_mixin.py:190} INFO - [2024-11-15T05:43:39.784+0000] {dag.py:4180} INFO - Setting next_dagrun for example_branch_labels to 2024-11-14 00:00:00+00:00, run_after=2024-11-15 00:00:00+00:00
[2024-11-15T05:43:39.827+0000] {processor.py:208} INFO - Processing /home/airflow/.local/lib/python3.12/site-packages/airflow/example_dags/example_branch_labels.py took 0.208 seconds
[2024-11-15T05:44:12.005+0000] {processor.py:186} INFO - Started process (PID=781) to work on /home/airflow/.local/lib/python3.12/site-packages/airflow/example_dags/example_branch_labels.py
[2024-11-15T05:44:12.008+0000] {processor.py:914} INFO - Processing file /home/airflow/.local/lib/python3.12/site-packages/airflow/example_dags/example_branch_labels.py for tasks to queue
[2024-11-15T05:44:12.013+0000] {logging_mixin.py:190} INFO - [2024-11-15T05:44:12.012+0000] {dagbag.py:588} INFO - Filling up the DagBag from /home/airflow/.local/lib/python3.12/site-packages/airflow/example_dags/example_branch_labels.py
[2024-11-15T05:44:12.040+0000] {processor.py:925} INFO - DAG(s) 'example_branch_labels' retrieved from /home/airflow/.local/lib/python3.12/site-packages/airflow/example_dags/example_branch_labels.py
[2024-11-15T05:44:12.085+0000] {logging_mixin.py:190} INFO - [2024-11-15T05:44:12.084+0000] {dag.py:3239} INFO - Sync 1 DAGs
[2024-11-15T05:44:12.152+0000] {logging_mixin.py:190} INFO - [2024-11-15T05:44:12.151+0000] {dag.py:4180} INFO - Setting next_dagrun for example_branch_labels to 2024-11-14 00:00:00+00:00, run_after=2024-11-15 00:00:00+00:00
[2024-11-15T05:44:12.194+0000] {processor.py:208} INFO - Processing /home/airflow/.local/lib/python3.12/site-packages/airflow/example_dags/example_branch_labels.py took 0.201 seconds
[2024-11-15T05:44:42.541+0000] {processor.py:186} INFO - Started process (PID=846) to work on /home/airflow/.local/lib/python3.12/site-packages/airflow/example_dags/example_branch_labels.py
[2024-11-15T05:44:42.544+0000] {processor.py:914} INFO - Processing file /home/airflow/.local/lib/python3.12/site-packages/airflow/example_dags/example_branch_labels.py for tasks to queue
[2024-11-15T05:44:42.549+0000] {logging_mixin.py:190} INFO - [2024-11-15T05:44:42.548+0000] {dagbag.py:588} INFO - Filling up the DagBag from /home/airflow/.local/lib/python3.12/site-packages/airflow/example_dags/example_branch_labels.py
[2024-11-15T05:44:42.569+0000] {processor.py:925} INFO - DAG(s) 'example_branch_labels' retrieved from /home/airflow/.local/lib/python3.12/site-packages/airflow/example_dags/example_branch_labels.py
[2024-11-15T05:44:42.603+0000] {logging_mixin.py:190} INFO - [2024-11-15T05:44:42.602+0000] {dag.py:3239} INFO - Sync 1 DAGs
[2024-11-15T05:44:42.654+0000] {logging_mixin.py:190} INFO - [2024-11-15T05:44:42.654+0000] {dag.py:4180} INFO - Setting next_dagrun for example_branch_labels to 2024-11-14 00:00:00+00:00, run_after=2024-11-15 00:00:00+00:00
[2024-11-15T05:44:42.687+0000] {processor.py:208} INFO - Processing /home/airflow/.local/lib/python3.12/site-packages/airflow/example_dags/example_branch_labels.py took 0.156 seconds
[2024-11-15T05:45:15.144+0000] {processor.py:186} INFO - Started process (PID=911) to work on /home/airflow/.local/lib/python3.12/site-packages/airflow/example_dags/example_branch_labels.py
[2024-11-15T05:45:15.147+0000] {processor.py:914} INFO - Processing file /home/airflow/.local/lib/python3.12/site-packages/airflow/example_dags/example_branch_labels.py for tasks to queue
[2024-11-15T05:45:15.157+0000] {logging_mixin.py:190} INFO - [2024-11-15T05:45:15.155+0000] {dagbag.py:588} INFO - Filling up the DagBag from /home/airflow/.local/lib/python3.12/site-packages/airflow/example_dags/example_branch_labels.py
[2024-11-15T05:45:15.185+0000] {processor.py:925} INFO - DAG(s) 'example_branch_labels' retrieved from /home/airflow/.local/lib/python3.12/site-packages/airflow/example_dags/example_branch_labels.py
[2024-11-15T05:45:15.241+0000] {logging_mixin.py:190} INFO - [2024-11-15T05:45:15.240+0000] {dag.py:3239} INFO - Sync 1 DAGs
[2024-11-15T05:45:15.314+0000] {logging_mixin.py:190} INFO - [2024-11-15T05:45:15.313+0000] {dag.py:4180} INFO - Setting next_dagrun for example_branch_labels to 2024-11-14 00:00:00+00:00, run_after=2024-11-15 00:00:00+00:00
[2024-11-15T05:45:15.391+0000] {processor.py:208} INFO - Processing /home/airflow/.local/lib/python3.12/site-packages/airflow/example_dags/example_branch_labels.py took 0.263 seconds
[2024-11-15T05:45:46.221+0000] {processor.py:186} INFO - Started process (PID=976) to work on /home/airflow/.local/lib/python3.12/site-packages/airflow/example_dags/example_branch_labels.py
[2024-11-15T05:45:46.225+0000] {processor.py:914} INFO - Processing file /home/airflow/.local/lib/python3.12/site-packages/airflow/example_dags/example_branch_labels.py for tasks to queue
[2024-11-15T05:45:46.235+0000] {logging_mixin.py:190} INFO - [2024-11-15T05:45:46.234+0000] {dagbag.py:588} INFO - Filling up the DagBag from /home/airflow/.local/lib/python3.12/site-packages/airflow/example_dags/example_branch_labels.py
[2024-11-15T05:45:46.347+0000] {processor.py:925} INFO - DAG(s) 'example_branch_labels' retrieved from /home/airflow/.local/lib/python3.12/site-packages/airflow/example_dags/example_branch_labels.py
[2024-11-15T05:45:46.483+0000] {logging_mixin.py:190} INFO - [2024-11-15T05:45:46.482+0000] {dag.py:3239} INFO - Sync 1 DAGs
[2024-11-15T05:45:46.623+0000] {logging_mixin.py:190} INFO - [2024-11-15T05:45:46.622+0000] {dag.py:4180} INFO - Setting next_dagrun for example_branch_labels to 2024-11-14 00:00:00+00:00, run_after=2024-11-15 00:00:00+00:00
[2024-11-15T05:45:46.708+0000] {processor.py:208} INFO - Processing /home/airflow/.local/lib/python3.12/site-packages/airflow/example_dags/example_branch_labels.py took 0.502 seconds
[2024-11-15T05:46:17.095+0000] {processor.py:186} INFO - Started process (PID=1040) to work on /home/airflow/.local/lib/python3.12/site-packages/airflow/example_dags/example_branch_labels.py
[2024-11-15T05:46:17.098+0000] {processor.py:914} INFO - Processing file /home/airflow/.local/lib/python3.12/site-packages/airflow/example_dags/example_branch_labels.py for tasks to queue
[2024-11-15T05:46:17.104+0000] {logging_mixin.py:190} INFO - [2024-11-15T05:46:17.103+0000] {dagbag.py:588} INFO - Filling up the DagBag from /home/airflow/.local/lib/python3.12/site-packages/airflow/example_dags/example_branch_labels.py
[2024-11-15T05:46:17.129+0000] {processor.py:925} INFO - DAG(s) 'example_branch_labels' retrieved from /home/airflow/.local/lib/python3.12/site-packages/airflow/example_dags/example_branch_labels.py
[2024-11-15T05:46:17.171+0000] {logging_mixin.py:190} INFO - [2024-11-15T05:46:17.170+0000] {dag.py:3239} INFO - Sync 1 DAGs
[2024-11-15T05:46:17.225+0000] {logging_mixin.py:190} INFO - [2024-11-15T05:46:17.224+0000] {dag.py:4180} INFO - Setting next_dagrun for example_branch_labels to 2024-11-14 00:00:00+00:00, run_after=2024-11-15 00:00:00+00:00
[2024-11-15T05:46:17.263+0000] {processor.py:208} INFO - Processing /home/airflow/.local/lib/python3.12/site-packages/airflow/example_dags/example_branch_labels.py took 0.181 seconds
[2024-11-15T05:46:48.203+0000] {processor.py:186} INFO - Started process (PID=1105) to work on /home/airflow/.local/lib/python3.12/site-packages/airflow/example_dags/example_branch_labels.py
[2024-11-15T05:46:48.206+0000] {processor.py:914} INFO - Processing file /home/airflow/.local/lib/python3.12/site-packages/airflow/example_dags/example_branch_labels.py for tasks to queue
[2024-11-15T05:46:48.216+0000] {logging_mixin.py:190} INFO - [2024-11-15T05:46:48.215+0000] {dagbag.py:588} INFO - Filling up the DagBag from /home/airflow/.local/lib/python3.12/site-packages/airflow/example_dags/example_branch_labels.py
[2024-11-15T05:46:48.267+0000] {processor.py:925} INFO - DAG(s) 'example_branch_labels' retrieved from /home/airflow/.local/lib/python3.12/site-packages/airflow/example_dags/example_branch_labels.py
[2024-11-15T05:46:48.338+0000] {logging_mixin.py:190} INFO - [2024-11-15T05:46:48.338+0000] {dag.py:3239} INFO - Sync 1 DAGs
[2024-11-15T05:46:48.436+0000] {logging_mixin.py:190} INFO - [2024-11-15T05:46:48.435+0000] {dag.py:4180} INFO - Setting next_dagrun for example_branch_labels to 2024-11-14 00:00:00+00:00, run_after=2024-11-15 00:00:00+00:00
[2024-11-15T05:46:48.481+0000] {processor.py:208} INFO - Processing /home/airflow/.local/lib/python3.12/site-packages/airflow/example_dags/example_branch_labels.py took 0.306 seconds
[2024-11-15T05:47:19.277+0000] {processor.py:186} INFO - Started process (PID=1169) to work on /home/airflow/.local/lib/python3.12/site-packages/airflow/example_dags/example_branch_labels.py
[2024-11-15T05:47:19.282+0000] {processor.py:914} INFO - Processing file /home/airflow/.local/lib/python3.12/site-packages/airflow/example_dags/example_branch_labels.py for tasks to queue
[2024-11-15T05:47:19.288+0000] {logging_mixin.py:190} INFO - [2024-11-15T05:47:19.288+0000] {dagbag.py:588} INFO - Filling up the DagBag from /home/airflow/.local/lib/python3.12/site-packages/airflow/example_dags/example_branch_labels.py
[2024-11-15T05:47:19.325+0000] {processor.py:925} INFO - DAG(s) 'example_branch_labels' retrieved from /home/airflow/.local/lib/python3.12/site-packages/airflow/example_dags/example_branch_labels.py
[2024-11-15T05:47:19.388+0000] {logging_mixin.py:190} INFO - [2024-11-15T05:47:19.388+0000] {dag.py:3239} INFO - Sync 1 DAGs
[2024-11-15T05:47:19.488+0000] {logging_mixin.py:190} INFO - [2024-11-15T05:47:19.488+0000] {dag.py:4180} INFO - Setting next_dagrun for example_branch_labels to 2024-11-14 00:00:00+00:00, run_after=2024-11-15 00:00:00+00:00
[2024-11-15T05:47:19.533+0000] {processor.py:208} INFO - Processing /home/airflow/.local/lib/python3.12/site-packages/airflow/example_dags/example_branch_labels.py took 0.275 seconds
[2024-11-15T05:47:50.038+0000] {processor.py:186} INFO - Started process (PID=1234) to work on /home/airflow/.local/lib/python3.12/site-packages/airflow/example_dags/example_branch_labels.py
[2024-11-15T05:47:50.041+0000] {processor.py:914} INFO - Processing file /home/airflow/.local/lib/python3.12/site-packages/airflow/example_dags/example_branch_labels.py for tasks to queue
[2024-11-15T05:47:50.051+0000] {logging_mixin.py:190} INFO - [2024-11-15T05:47:50.050+0000] {dagbag.py:588} INFO - Filling up the DagBag from /home/airflow/.local/lib/python3.12/site-packages/airflow/example_dags/example_branch_labels.py
[2024-11-15T05:47:50.086+0000] {processor.py:925} INFO - DAG(s) 'example_branch_labels' retrieved from /home/airflow/.local/lib/python3.12/site-packages/airflow/example_dags/example_branch_labels.py
[2024-11-15T05:47:50.136+0000] {logging_mixin.py:190} INFO - [2024-11-15T05:47:50.135+0000] {dag.py:3239} INFO - Sync 1 DAGs
[2024-11-15T05:47:50.207+0000] {logging_mixin.py:190} INFO - [2024-11-15T05:47:50.207+0000] {dag.py:4180} INFO - Setting next_dagrun for example_branch_labels to 2024-11-14 00:00:00+00:00, run_after=2024-11-15 00:00:00+00:00
[2024-11-15T05:47:50.258+0000] {processor.py:208} INFO - Processing /home/airflow/.local/lib/python3.12/site-packages/airflow/example_dags/example_branch_labels.py took 0.237 seconds
[2024-11-15T05:48:20.661+0000] {processor.py:186} INFO - Started process (PID=1299) to work on /home/airflow/.local/lib/python3.12/site-packages/airflow/example_dags/example_branch_labels.py
[2024-11-15T05:48:20.664+0000] {processor.py:914} INFO - Processing file /home/airflow/.local/lib/python3.12/site-packages/airflow/example_dags/example_branch_labels.py for tasks to queue
[2024-11-15T05:48:20.671+0000] {logging_mixin.py:190} INFO - [2024-11-15T05:48:20.670+0000] {dagbag.py:588} INFO - Filling up the DagBag from /home/airflow/.local/lib/python3.12/site-packages/airflow/example_dags/example_branch_labels.py
[2024-11-15T05:48:20.701+0000] {processor.py:925} INFO - DAG(s) 'example_branch_labels' retrieved from /home/airflow/.local/lib/python3.12/site-packages/airflow/example_dags/example_branch_labels.py
[2024-11-15T05:48:20.755+0000] {logging_mixin.py:190} INFO - [2024-11-15T05:48:20.755+0000] {dag.py:3239} INFO - Sync 1 DAGs
[2024-11-15T05:48:20.824+0000] {logging_mixin.py:190} INFO - [2024-11-15T05:48:20.823+0000] {dag.py:4180} INFO - Setting next_dagrun for example_branch_labels to 2024-11-14 00:00:00+00:00, run_after=2024-11-15 00:00:00+00:00
[2024-11-15T05:48:20.878+0000] {processor.py:208} INFO - Processing /home/airflow/.local/lib/python3.12/site-packages/airflow/example_dags/example_branch_labels.py took 0.232 seconds
[2024-11-15T05:48:51.779+0000] {processor.py:186} INFO - Started process (PID=1364) to work on /home/airflow/.local/lib/python3.12/site-packages/airflow/example_dags/example_branch_labels.py
[2024-11-15T05:48:51.782+0000] {processor.py:914} INFO - Processing file /home/airflow/.local/lib/python3.12/site-packages/airflow/example_dags/example_branch_labels.py for tasks to queue
[2024-11-15T05:48:51.786+0000] {logging_mixin.py:190} INFO - [2024-11-15T05:48:51.786+0000] {dagbag.py:588} INFO - Filling up the DagBag from /home/airflow/.local/lib/python3.12/site-packages/airflow/example_dags/example_branch_labels.py
[2024-11-15T05:48:51.809+0000] {processor.py:925} INFO - DAG(s) 'example_branch_labels' retrieved from /home/airflow/.local/lib/python3.12/site-packages/airflow/example_dags/example_branch_labels.py
[2024-11-15T05:48:51.846+0000] {logging_mixin.py:190} INFO - [2024-11-15T05:48:51.845+0000] {dag.py:3239} INFO - Sync 1 DAGs
[2024-11-15T05:48:51.887+0000] {logging_mixin.py:190} INFO - [2024-11-15T05:48:51.887+0000] {dag.py:4180} INFO - Setting next_dagrun for example_branch_labels to 2024-11-14 00:00:00+00:00, run_after=2024-11-15 00:00:00+00:00
[2024-11-15T05:48:51.917+0000] {processor.py:208} INFO - Processing /home/airflow/.local/lib/python3.12/site-packages/airflow/example_dags/example_branch_labels.py took 0.147 seconds
[2024-11-15T05:49:22.080+0000] {processor.py:186} INFO - Started process (PID=1429) to work on /home/airflow/.local/lib/python3.12/site-packages/airflow/example_dags/example_branch_labels.py
[2024-11-15T05:49:22.083+0000] {processor.py:914} INFO - Processing file /home/airflow/.local/lib/python3.12/site-packages/airflow/example_dags/example_branch_labels.py for tasks to queue
[2024-11-15T05:49:22.087+0000] {logging_mixin.py:190} INFO - [2024-11-15T05:49:22.087+0000] {dagbag.py:588} INFO - Filling up the DagBag from /home/airflow/.local/lib/python3.12/site-packages/airflow/example_dags/example_branch_labels.py
[2024-11-15T05:49:22.106+0000] {processor.py:925} INFO - DAG(s) 'example_branch_labels' retrieved from /home/airflow/.local/lib/python3.12/site-packages/airflow/example_dags/example_branch_labels.py
[2024-11-15T05:49:22.165+0000] {logging_mixin.py:190} INFO - [2024-11-15T05:49:22.164+0000] {dag.py:3239} INFO - Sync 1 DAGs
[2024-11-15T05:49:22.283+0000] {logging_mixin.py:190} INFO - [2024-11-15T05:49:22.282+0000] {dag.py:4180} INFO - Setting next_dagrun for example_branch_labels to 2024-11-14 00:00:00+00:00, run_after=2024-11-15 00:00:00+00:00
[2024-11-15T05:49:22.364+0000] {processor.py:208} INFO - Processing /home/airflow/.local/lib/python3.12/site-packages/airflow/example_dags/example_branch_labels.py took 0.294 seconds
[2024-11-15T05:50:19.506+0000] {processor.py:186} INFO - Started process (PID=1483) to work on /home/airflow/.local/lib/python3.12/site-packages/airflow/example_dags/example_branch_labels.py
[2024-11-15T05:50:19.512+0000] {processor.py:914} INFO - Processing file /home/airflow/.local/lib/python3.12/site-packages/airflow/example_dags/example_branch_labels.py for tasks to queue
[2024-11-15T05:50:19.532+0000] {logging_mixin.py:190} INFO - [2024-11-15T05:50:19.531+0000] {dagbag.py:588} INFO - Filling up the DagBag from /home/airflow/.local/lib/python3.12/site-packages/airflow/example_dags/example_branch_labels.py
[2024-11-15T05:50:19.574+0000] {processor.py:925} INFO - DAG(s) 'example_branch_labels' retrieved from /home/airflow/.local/lib/python3.12/site-packages/airflow/example_dags/example_branch_labels.py
[2024-11-15T05:50:19.685+0000] {logging_mixin.py:190} INFO - [2024-11-15T05:50:19.684+0000] {dag.py:3239} INFO - Sync 1 DAGs
[2024-11-15T05:50:19.796+0000] {logging_mixin.py:190} INFO - [2024-11-15T05:50:19.795+0000] {dag.py:4180} INFO - Setting next_dagrun for example_branch_labels to 2024-11-14 00:00:00+00:00, run_after=2024-11-15 00:00:00+00:00
[2024-11-15T05:50:19.868+0000] {processor.py:208} INFO - Processing /home/airflow/.local/lib/python3.12/site-packages/airflow/example_dags/example_branch_labels.py took 0.394 seconds
[2024-11-15T05:50:50.574+0000] {processor.py:186} INFO - Started process (PID=1548) to work on /home/airflow/.local/lib/python3.12/site-packages/airflow/example_dags/example_branch_labels.py
[2024-11-15T05:50:50.579+0000] {processor.py:914} INFO - Processing file /home/airflow/.local/lib/python3.12/site-packages/airflow/example_dags/example_branch_labels.py for tasks to queue
[2024-11-15T05:50:50.585+0000] {logging_mixin.py:190} INFO - [2024-11-15T05:50:50.585+0000] {dagbag.py:588} INFO - Filling up the DagBag from /home/airflow/.local/lib/python3.12/site-packages/airflow/example_dags/example_branch_labels.py
[2024-11-15T05:50:50.621+0000] {processor.py:925} INFO - DAG(s) 'example_branch_labels' retrieved from /home/airflow/.local/lib/python3.12/site-packages/airflow/example_dags/example_branch_labels.py
[2024-11-15T05:50:50.682+0000] {logging_mixin.py:190} INFO - [2024-11-15T05:50:50.681+0000] {dag.py:3239} INFO - Sync 1 DAGs
[2024-11-15T05:50:50.748+0000] {logging_mixin.py:190} INFO - [2024-11-15T05:50:50.747+0000] {dag.py:4180} INFO - Setting next_dagrun for example_branch_labels to 2024-11-14 00:00:00+00:00, run_after=2024-11-15 00:00:00+00:00
[2024-11-15T05:50:50.790+0000] {processor.py:208} INFO - Processing /home/airflow/.local/lib/python3.12/site-packages/airflow/example_dags/example_branch_labels.py took 0.230 seconds
[2024-11-15T05:51:21.313+0000] {processor.py:186} INFO - Started process (PID=1613) to work on /home/airflow/.local/lib/python3.12/site-packages/airflow/example_dags/example_branch_labels.py
[2024-11-15T05:51:21.316+0000] {processor.py:914} INFO - Processing file /home/airflow/.local/lib/python3.12/site-packages/airflow/example_dags/example_branch_labels.py for tasks to queue
[2024-11-15T05:51:21.324+0000] {logging_mixin.py:190} INFO - [2024-11-15T05:51:21.323+0000] {dagbag.py:588} INFO - Filling up the DagBag from /home/airflow/.local/lib/python3.12/site-packages/airflow/example_dags/example_branch_labels.py
[2024-11-15T05:51:21.351+0000] {processor.py:925} INFO - DAG(s) 'example_branch_labels' retrieved from /home/airflow/.local/lib/python3.12/site-packages/airflow/example_dags/example_branch_labels.py
[2024-11-15T05:51:21.400+0000] {logging_mixin.py:190} INFO - [2024-11-15T05:51:21.399+0000] {dag.py:3239} INFO - Sync 1 DAGs
[2024-11-15T05:51:21.463+0000] {logging_mixin.py:190} INFO - [2024-11-15T05:51:21.463+0000] {dag.py:4180} INFO - Setting next_dagrun for example_branch_labels to 2024-11-14 00:00:00+00:00, run_after=2024-11-15 00:00:00+00:00
[2024-11-15T05:51:21.506+0000] {processor.py:208} INFO - Processing /home/airflow/.local/lib/python3.12/site-packages/airflow/example_dags/example_branch_labels.py took 0.210 seconds
[2024-11-15T05:51:53.813+0000] {processor.py:186} INFO - Started process (PID=1679) to work on /home/airflow/.local/lib/python3.12/site-packages/airflow/example_dags/example_branch_labels.py
[2024-11-15T05:51:53.816+0000] {processor.py:914} INFO - Processing file /home/airflow/.local/lib/python3.12/site-packages/airflow/example_dags/example_branch_labels.py for tasks to queue
[2024-11-15T05:51:53.821+0000] {logging_mixin.py:190} INFO - [2024-11-15T05:51:53.820+0000] {dagbag.py:588} INFO - Filling up the DagBag from /home/airflow/.local/lib/python3.12/site-packages/airflow/example_dags/example_branch_labels.py
[2024-11-15T05:51:53.843+0000] {processor.py:925} INFO - DAG(s) 'example_branch_labels' retrieved from /home/airflow/.local/lib/python3.12/site-packages/airflow/example_dags/example_branch_labels.py
[2024-11-15T05:51:53.880+0000] {logging_mixin.py:190} INFO - [2024-11-15T05:51:53.880+0000] {dag.py:3239} INFO - Sync 1 DAGs
[2024-11-15T05:51:53.935+0000] {logging_mixin.py:190} INFO - [2024-11-15T05:51:53.935+0000] {dag.py:4180} INFO - Setting next_dagrun for example_branch_labels to 2024-11-14 00:00:00+00:00, run_after=2024-11-15 00:00:00+00:00
[2024-11-15T05:51:53.983+0000] {processor.py:208} INFO - Processing /home/airflow/.local/lib/python3.12/site-packages/airflow/example_dags/example_branch_labels.py took 0.183 seconds
[2024-11-15T05:52:28.294+0000] {processor.py:186} INFO - Started process (PID=1744) to work on /home/airflow/.local/lib/python3.12/site-packages/airflow/example_dags/example_branch_labels.py
[2024-11-15T05:52:28.297+0000] {processor.py:914} INFO - Processing file /home/airflow/.local/lib/python3.12/site-packages/airflow/example_dags/example_branch_labels.py for tasks to queue
[2024-11-15T05:52:28.301+0000] {logging_mixin.py:190} INFO - [2024-11-15T05:52:28.301+0000] {dagbag.py:588} INFO - Filling up the DagBag from /home/airflow/.local/lib/python3.12/site-packages/airflow/example_dags/example_branch_labels.py
[2024-11-15T05:52:28.323+0000] {processor.py:925} INFO - DAG(s) 'example_branch_labels' retrieved from /home/airflow/.local/lib/python3.12/site-packages/airflow/example_dags/example_branch_labels.py
[2024-11-15T05:52:28.363+0000] {logging_mixin.py:190} INFO - [2024-11-15T05:52:28.363+0000] {dag.py:3239} INFO - Sync 1 DAGs
[2024-11-15T05:52:28.413+0000] {logging_mixin.py:190} INFO - [2024-11-15T05:52:28.413+0000] {dag.py:4180} INFO - Setting next_dagrun for example_branch_labels to 2024-11-14 00:00:00+00:00, run_after=2024-11-15 00:00:00+00:00
[2024-11-15T05:52:28.447+0000] {processor.py:208} INFO - Processing /home/airflow/.local/lib/python3.12/site-packages/airflow/example_dags/example_branch_labels.py took 0.164 seconds
[2024-11-15T05:53:01.805+0000] {processor.py:186} INFO - Started process (PID=1810) to work on /home/airflow/.local/lib/python3.12/site-packages/airflow/example_dags/example_branch_labels.py
[2024-11-15T05:53:01.809+0000] {processor.py:914} INFO - Processing file /home/airflow/.local/lib/python3.12/site-packages/airflow/example_dags/example_branch_labels.py for tasks to queue
[2024-11-15T05:53:01.817+0000] {logging_mixin.py:190} INFO - [2024-11-15T05:53:01.817+0000] {dagbag.py:588} INFO - Filling up the DagBag from /home/airflow/.local/lib/python3.12/site-packages/airflow/example_dags/example_branch_labels.py
[2024-11-15T05:53:01.847+0000] {processor.py:925} INFO - DAG(s) 'example_branch_labels' retrieved from /home/airflow/.local/lib/python3.12/site-packages/airflow/example_dags/example_branch_labels.py
[2024-11-15T05:53:01.903+0000] {logging_mixin.py:190} INFO - [2024-11-15T05:53:01.903+0000] {dag.py:3239} INFO - Sync 1 DAGs
[2024-11-15T05:53:01.963+0000] {logging_mixin.py:190} INFO - [2024-11-15T05:53:01.962+0000] {dag.py:4180} INFO - Setting next_dagrun for example_branch_labels to 2024-11-14 00:00:00+00:00, run_after=2024-11-15 00:00:00+00:00
[2024-11-15T05:53:01.999+0000] {processor.py:208} INFO - Processing /home/airflow/.local/lib/python3.12/site-packages/airflow/example_dags/example_branch_labels.py took 0.210 seconds
[2024-11-15T05:53:33.254+0000] {processor.py:186} INFO - Started process (PID=1873) to work on /home/airflow/.local/lib/python3.12/site-packages/airflow/example_dags/example_branch_labels.py
[2024-11-15T05:53:33.257+0000] {processor.py:914} INFO - Processing file /home/airflow/.local/lib/python3.12/site-packages/airflow/example_dags/example_branch_labels.py for tasks to queue
[2024-11-15T05:53:33.261+0000] {logging_mixin.py:190} INFO - [2024-11-15T05:53:33.261+0000] {dagbag.py:588} INFO - Filling up the DagBag from /home/airflow/.local/lib/python3.12/site-packages/airflow/example_dags/example_branch_labels.py
[2024-11-15T05:53:33.281+0000] {processor.py:925} INFO - DAG(s) 'example_branch_labels' retrieved from /home/airflow/.local/lib/python3.12/site-packages/airflow/example_dags/example_branch_labels.py
[2024-11-15T05:53:33.324+0000] {logging_mixin.py:190} INFO - [2024-11-15T05:53:33.323+0000] {dag.py:3239} INFO - Sync 1 DAGs
[2024-11-15T05:53:33.371+0000] {logging_mixin.py:190} INFO - [2024-11-15T05:53:33.371+0000] {dag.py:4180} INFO - Setting next_dagrun for example_branch_labels to 2024-11-14 00:00:00+00:00, run_after=2024-11-15 00:00:00+00:00
[2024-11-15T05:53:33.403+0000] {processor.py:208} INFO - Processing /home/airflow/.local/lib/python3.12/site-packages/airflow/example_dags/example_branch_labels.py took 0.160 seconds
[2024-11-15T05:54:03.970+0000] {processor.py:186} INFO - Started process (PID=1938) to work on /home/airflow/.local/lib/python3.12/site-packages/airflow/example_dags/example_branch_labels.py
[2024-11-15T05:54:03.972+0000] {processor.py:914} INFO - Processing file /home/airflow/.local/lib/python3.12/site-packages/airflow/example_dags/example_branch_labels.py for tasks to queue
[2024-11-15T05:54:03.977+0000] {logging_mixin.py:190} INFO - [2024-11-15T05:54:03.976+0000] {dagbag.py:588} INFO - Filling up the DagBag from /home/airflow/.local/lib/python3.12/site-packages/airflow/example_dags/example_branch_labels.py
[2024-11-15T05:54:04.000+0000] {processor.py:925} INFO - DAG(s) 'example_branch_labels' retrieved from /home/airflow/.local/lib/python3.12/site-packages/airflow/example_dags/example_branch_labels.py
[2024-11-15T05:54:04.045+0000] {logging_mixin.py:190} INFO - [2024-11-15T05:54:04.044+0000] {dag.py:3239} INFO - Sync 1 DAGs
[2024-11-15T05:54:04.114+0000] {logging_mixin.py:190} INFO - [2024-11-15T05:54:04.114+0000] {dag.py:4180} INFO - Setting next_dagrun for example_branch_labels to 2024-11-14 00:00:00+00:00, run_after=2024-11-15 00:00:00+00:00
[2024-11-15T05:54:04.176+0000] {processor.py:208} INFO - Processing /home/airflow/.local/lib/python3.12/site-packages/airflow/example_dags/example_branch_labels.py took 0.218 seconds
[2024-11-15T05:54:35.114+0000] {processor.py:186} INFO - Started process (PID=2002) to work on /home/airflow/.local/lib/python3.12/site-packages/airflow/example_dags/example_branch_labels.py
[2024-11-15T05:54:35.118+0000] {processor.py:914} INFO - Processing file /home/airflow/.local/lib/python3.12/site-packages/airflow/example_dags/example_branch_labels.py for tasks to queue
[2024-11-15T05:54:35.123+0000] {logging_mixin.py:190} INFO - [2024-11-15T05:54:35.123+0000] {dagbag.py:588} INFO - Filling up the DagBag from /home/airflow/.local/lib/python3.12/site-packages/airflow/example_dags/example_branch_labels.py
[2024-11-15T05:54:35.147+0000] {processor.py:925} INFO - DAG(s) 'example_branch_labels' retrieved from /home/airflow/.local/lib/python3.12/site-packages/airflow/example_dags/example_branch_labels.py
[2024-11-15T05:54:35.201+0000] {logging_mixin.py:190} INFO - [2024-11-15T05:54:35.200+0000] {dag.py:3239} INFO - Sync 1 DAGs
[2024-11-15T05:54:35.272+0000] {logging_mixin.py:190} INFO - [2024-11-15T05:54:35.272+0000] {dag.py:4180} INFO - Setting next_dagrun for example_branch_labels to 2024-11-14 00:00:00+00:00, run_after=2024-11-15 00:00:00+00:00
[2024-11-15T05:54:35.334+0000] {processor.py:208} INFO - Processing /home/airflow/.local/lib/python3.12/site-packages/airflow/example_dags/example_branch_labels.py took 0.233 seconds
[2024-11-15T05:55:26.538+0000] {processor.py:186} INFO - Started process (PID=2072) to work on /home/airflow/.local/lib/python3.12/site-packages/airflow/example_dags/example_branch_labels.py
[2024-11-15T05:55:26.542+0000] {processor.py:914} INFO - Processing file /home/airflow/.local/lib/python3.12/site-packages/airflow/example_dags/example_branch_labels.py for tasks to queue
[2024-11-15T05:55:26.548+0000] {logging_mixin.py:190} INFO - [2024-11-15T05:55:26.547+0000] {dagbag.py:588} INFO - Filling up the DagBag from /home/airflow/.local/lib/python3.12/site-packages/airflow/example_dags/example_branch_labels.py
[2024-11-15T05:55:26.570+0000] {processor.py:925} INFO - DAG(s) 'example_branch_labels' retrieved from /home/airflow/.local/lib/python3.12/site-packages/airflow/example_dags/example_branch_labels.py
[2024-11-15T05:55:26.615+0000] {logging_mixin.py:190} INFO - [2024-11-15T05:55:26.614+0000] {dag.py:3239} INFO - Sync 1 DAGs
[2024-11-15T05:55:26.674+0000] {logging_mixin.py:190} INFO - [2024-11-15T05:55:26.673+0000] {dag.py:4180} INFO - Setting next_dagrun for example_branch_labels to 2024-11-14 00:00:00+00:00, run_after=2024-11-15 00:00:00+00:00
[2024-11-15T05:55:26.726+0000] {processor.py:208} INFO - Processing /home/airflow/.local/lib/python3.12/site-packages/airflow/example_dags/example_branch_labels.py took 0.203 seconds
[2024-11-15T05:55:57.208+0000] {processor.py:186} INFO - Started process (PID=2136) to work on /home/airflow/.local/lib/python3.12/site-packages/airflow/example_dags/example_branch_labels.py
[2024-11-15T05:55:57.213+0000] {processor.py:914} INFO - Processing file /home/airflow/.local/lib/python3.12/site-packages/airflow/example_dags/example_branch_labels.py for tasks to queue
[2024-11-15T05:55:57.219+0000] {logging_mixin.py:190} INFO - [2024-11-15T05:55:57.218+0000] {dagbag.py:588} INFO - Filling up the DagBag from /home/airflow/.local/lib/python3.12/site-packages/airflow/example_dags/example_branch_labels.py
[2024-11-15T05:55:57.243+0000] {processor.py:925} INFO - DAG(s) 'example_branch_labels' retrieved from /home/airflow/.local/lib/python3.12/site-packages/airflow/example_dags/example_branch_labels.py
[2024-11-15T05:55:57.301+0000] {logging_mixin.py:190} INFO - [2024-11-15T05:55:57.301+0000] {dag.py:3239} INFO - Sync 1 DAGs
[2024-11-15T05:55:57.385+0000] {logging_mixin.py:190} INFO - [2024-11-15T05:55:57.384+0000] {dag.py:4180} INFO - Setting next_dagrun for example_branch_labels to 2024-11-14 00:00:00+00:00, run_after=2024-11-15 00:00:00+00:00
[2024-11-15T05:55:57.453+0000] {processor.py:208} INFO - Processing /home/airflow/.local/lib/python3.12/site-packages/airflow/example_dags/example_branch_labels.py took 0.261 seconds
[2024-11-15T05:56:27.859+0000] {processor.py:186} INFO - Started process (PID=2200) to work on /home/airflow/.local/lib/python3.12/site-packages/airflow/example_dags/example_branch_labels.py
[2024-11-15T05:56:27.861+0000] {processor.py:914} INFO - Processing file /home/airflow/.local/lib/python3.12/site-packages/airflow/example_dags/example_branch_labels.py for tasks to queue
[2024-11-15T05:56:27.866+0000] {logging_mixin.py:190} INFO - [2024-11-15T05:56:27.865+0000] {dagbag.py:588} INFO - Filling up the DagBag from /home/airflow/.local/lib/python3.12/site-packages/airflow/example_dags/example_branch_labels.py
[2024-11-15T05:56:27.888+0000] {processor.py:925} INFO - DAG(s) 'example_branch_labels' retrieved from /home/airflow/.local/lib/python3.12/site-packages/airflow/example_dags/example_branch_labels.py
[2024-11-15T05:56:27.945+0000] {logging_mixin.py:190} INFO - [2024-11-15T05:56:27.945+0000] {dag.py:3239} INFO - Sync 1 DAGs
[2024-11-15T05:56:28.016+0000] {logging_mixin.py:190} INFO - [2024-11-15T05:56:28.015+0000] {dag.py:4180} INFO - Setting next_dagrun for example_branch_labels to 2024-11-14 00:00:00+00:00, run_after=2024-11-15 00:00:00+00:00
[2024-11-15T05:56:28.064+0000] {processor.py:208} INFO - Processing /home/airflow/.local/lib/python3.12/site-packages/airflow/example_dags/example_branch_labels.py took 0.216 seconds
[2024-11-15T05:56:58.400+0000] {processor.py:186} INFO - Started process (PID=2264) to work on /home/airflow/.local/lib/python3.12/site-packages/airflow/example_dags/example_branch_labels.py
[2024-11-15T05:56:58.407+0000] {processor.py:914} INFO - Processing file /home/airflow/.local/lib/python3.12/site-packages/airflow/example_dags/example_branch_labels.py for tasks to queue
[2024-11-15T05:56:58.424+0000] {logging_mixin.py:190} INFO - [2024-11-15T05:56:58.422+0000] {dagbag.py:588} INFO - Filling up the DagBag from /home/airflow/.local/lib/python3.12/site-packages/airflow/example_dags/example_branch_labels.py
[2024-11-15T05:56:58.478+0000] {processor.py:925} INFO - DAG(s) 'example_branch_labels' retrieved from /home/airflow/.local/lib/python3.12/site-packages/airflow/example_dags/example_branch_labels.py
[2024-11-15T05:56:58.584+0000] {logging_mixin.py:190} INFO - [2024-11-15T05:56:58.582+0000] {dag.py:3239} INFO - Sync 1 DAGs
[2024-11-15T05:56:58.658+0000] {logging_mixin.py:190} INFO - [2024-11-15T05:56:58.658+0000] {dag.py:4180} INFO - Setting next_dagrun for example_branch_labels to 2024-11-14 00:00:00+00:00, run_after=2024-11-15 00:00:00+00:00
[2024-11-15T05:56:58.702+0000] {processor.py:208} INFO - Processing /home/airflow/.local/lib/python3.12/site-packages/airflow/example_dags/example_branch_labels.py took 0.336 seconds
[2024-11-15T05:57:28.814+0000] {processor.py:186} INFO - Started process (PID=2329) to work on /home/airflow/.local/lib/python3.12/site-packages/airflow/example_dags/example_branch_labels.py
[2024-11-15T05:57:28.817+0000] {processor.py:914} INFO - Processing file /home/airflow/.local/lib/python3.12/site-packages/airflow/example_dags/example_branch_labels.py for tasks to queue
[2024-11-15T05:57:28.825+0000] {logging_mixin.py:190} INFO - [2024-11-15T05:57:28.824+0000] {dagbag.py:588} INFO - Filling up the DagBag from /home/airflow/.local/lib/python3.12/site-packages/airflow/example_dags/example_branch_labels.py
[2024-11-15T05:57:28.881+0000] {processor.py:925} INFO - DAG(s) 'example_branch_labels' retrieved from /home/airflow/.local/lib/python3.12/site-packages/airflow/example_dags/example_branch_labels.py
[2024-11-15T05:57:28.976+0000] {logging_mixin.py:190} INFO - [2024-11-15T05:57:28.976+0000] {dag.py:3239} INFO - Sync 1 DAGs
[2024-11-15T05:57:29.090+0000] {logging_mixin.py:190} INFO - [2024-11-15T05:57:29.089+0000] {dag.py:4180} INFO - Setting next_dagrun for example_branch_labels to 2024-11-14 00:00:00+00:00, run_after=2024-11-15 00:00:00+00:00
[2024-11-15T05:57:29.167+0000] {processor.py:208} INFO - Processing /home/airflow/.local/lib/python3.12/site-packages/airflow/example_dags/example_branch_labels.py took 0.368 seconds
[2024-11-15T05:57:59.362+0000] {processor.py:186} INFO - Started process (PID=2395) to work on /home/airflow/.local/lib/python3.12/site-packages/airflow/example_dags/example_branch_labels.py
[2024-11-15T05:57:59.366+0000] {processor.py:914} INFO - Processing file /home/airflow/.local/lib/python3.12/site-packages/airflow/example_dags/example_branch_labels.py for tasks to queue
[2024-11-15T05:57:59.376+0000] {logging_mixin.py:190} INFO - [2024-11-15T05:57:59.375+0000] {dagbag.py:588} INFO - Filling up the DagBag from /home/airflow/.local/lib/python3.12/site-packages/airflow/example_dags/example_branch_labels.py
[2024-11-15T05:57:59.404+0000] {processor.py:925} INFO - DAG(s) 'example_branch_labels' retrieved from /home/airflow/.local/lib/python3.12/site-packages/airflow/example_dags/example_branch_labels.py
[2024-11-15T05:57:59.474+0000] {logging_mixin.py:190} INFO - [2024-11-15T05:57:59.473+0000] {dag.py:3239} INFO - Sync 1 DAGs
[2024-11-15T05:57:59.551+0000] {logging_mixin.py:190} INFO - [2024-11-15T05:57:59.550+0000] {dag.py:4180} INFO - Setting next_dagrun for example_branch_labels to 2024-11-14 00:00:00+00:00, run_after=2024-11-15 00:00:00+00:00
[2024-11-15T05:57:59.597+0000] {processor.py:208} INFO - Processing /home/airflow/.local/lib/python3.12/site-packages/airflow/example_dags/example_branch_labels.py took 0.251 seconds
[2024-11-15T05:58:29.937+0000] {processor.py:186} INFO - Started process (PID=2460) to work on /home/airflow/.local/lib/python3.12/site-packages/airflow/example_dags/example_branch_labels.py
[2024-11-15T05:58:29.952+0000] {processor.py:914} INFO - Processing file /home/airflow/.local/lib/python3.12/site-packages/airflow/example_dags/example_branch_labels.py for tasks to queue
[2024-11-15T05:58:29.972+0000] {logging_mixin.py:190} INFO - [2024-11-15T05:58:29.971+0000] {dagbag.py:588} INFO - Filling up the DagBag from /home/airflow/.local/lib/python3.12/site-packages/airflow/example_dags/example_branch_labels.py
[2024-11-15T05:58:30.025+0000] {processor.py:925} INFO - DAG(s) 'example_branch_labels' retrieved from /home/airflow/.local/lib/python3.12/site-packages/airflow/example_dags/example_branch_labels.py
[2024-11-15T05:58:30.113+0000] {logging_mixin.py:190} INFO - [2024-11-15T05:58:30.112+0000] {dag.py:3239} INFO - Sync 1 DAGs
[2024-11-15T05:58:30.227+0000] {logging_mixin.py:190} INFO - [2024-11-15T05:58:30.226+0000] {dag.py:4180} INFO - Setting next_dagrun for example_branch_labels to 2024-11-14 00:00:00+00:00, run_after=2024-11-15 00:00:00+00:00
[2024-11-15T05:58:30.284+0000] {processor.py:208} INFO - Processing /home/airflow/.local/lib/python3.12/site-packages/airflow/example_dags/example_branch_labels.py took 0.373 seconds
[2024-11-15T05:59:00.516+0000] {processor.py:186} INFO - Started process (PID=2525) to work on /home/airflow/.local/lib/python3.12/site-packages/airflow/example_dags/example_branch_labels.py
[2024-11-15T05:59:00.520+0000] {processor.py:914} INFO - Processing file /home/airflow/.local/lib/python3.12/site-packages/airflow/example_dags/example_branch_labels.py for tasks to queue
[2024-11-15T05:59:00.527+0000] {logging_mixin.py:190} INFO - [2024-11-15T05:59:00.527+0000] {dagbag.py:588} INFO - Filling up the DagBag from /home/airflow/.local/lib/python3.12/site-packages/airflow/example_dags/example_branch_labels.py
[2024-11-15T05:59:00.554+0000] {processor.py:925} INFO - DAG(s) 'example_branch_labels' retrieved from /home/airflow/.local/lib/python3.12/site-packages/airflow/example_dags/example_branch_labels.py
[2024-11-15T05:59:00.615+0000] {logging_mixin.py:190} INFO - [2024-11-15T05:59:00.615+0000] {dag.py:3239} INFO - Sync 1 DAGs
[2024-11-15T05:59:00.683+0000] {logging_mixin.py:190} INFO - [2024-11-15T05:59:00.683+0000] {dag.py:4180} INFO - Setting next_dagrun for example_branch_labels to 2024-11-14 00:00:00+00:00, run_after=2024-11-15 00:00:00+00:00
[2024-11-15T05:59:00.731+0000] {processor.py:208} INFO - Processing /home/airflow/.local/lib/python3.12/site-packages/airflow/example_dags/example_branch_labels.py took 0.232 seconds
[2024-11-15T05:59:31.492+0000] {processor.py:186} INFO - Started process (PID=2590) to work on /home/airflow/.local/lib/python3.12/site-packages/airflow/example_dags/example_branch_labels.py
[2024-11-15T05:59:31.497+0000] {processor.py:914} INFO - Processing file /home/airflow/.local/lib/python3.12/site-packages/airflow/example_dags/example_branch_labels.py for tasks to queue
[2024-11-15T05:59:31.507+0000] {logging_mixin.py:190} INFO - [2024-11-15T05:59:31.506+0000] {dagbag.py:588} INFO - Filling up the DagBag from /home/airflow/.local/lib/python3.12/site-packages/airflow/example_dags/example_branch_labels.py
[2024-11-15T05:59:31.533+0000] {processor.py:925} INFO - DAG(s) 'example_branch_labels' retrieved from /home/airflow/.local/lib/python3.12/site-packages/airflow/example_dags/example_branch_labels.py
[2024-11-15T05:59:31.581+0000] {logging_mixin.py:190} INFO - [2024-11-15T05:59:31.580+0000] {dag.py:3239} INFO - Sync 1 DAGs
[2024-11-15T05:59:31.639+0000] {logging_mixin.py:190} INFO - [2024-11-15T05:59:31.639+0000] {dag.py:4180} INFO - Setting next_dagrun for example_branch_labels to 2024-11-14 00:00:00+00:00, run_after=2024-11-15 00:00:00+00:00
[2024-11-15T05:59:31.689+0000] {processor.py:208} INFO - Processing /home/airflow/.local/lib/python3.12/site-packages/airflow/example_dags/example_branch_labels.py took 0.256 seconds
[2024-11-15T06:00:01.864+0000] {processor.py:186} INFO - Started process (PID=2655) to work on /home/airflow/.local/lib/python3.12/site-packages/airflow/example_dags/example_branch_labels.py
[2024-11-15T06:00:01.868+0000] {processor.py:914} INFO - Processing file /home/airflow/.local/lib/python3.12/site-packages/airflow/example_dags/example_branch_labels.py for tasks to queue
[2024-11-15T06:00:01.874+0000] {logging_mixin.py:190} INFO - [2024-11-15T06:00:01.873+0000] {dagbag.py:588} INFO - Filling up the DagBag from /home/airflow/.local/lib/python3.12/site-packages/airflow/example_dags/example_branch_labels.py
[2024-11-15T06:00:01.894+0000] {processor.py:925} INFO - DAG(s) 'example_branch_labels' retrieved from /home/airflow/.local/lib/python3.12/site-packages/airflow/example_dags/example_branch_labels.py
[2024-11-15T06:00:01.933+0000] {logging_mixin.py:190} INFO - [2024-11-15T06:00:01.933+0000] {dag.py:3239} INFO - Sync 1 DAGs
[2024-11-15T06:00:01.989+0000] {logging_mixin.py:190} INFO - [2024-11-15T06:00:01.989+0000] {dag.py:4180} INFO - Setting next_dagrun for example_branch_labels to 2024-11-14 00:00:00+00:00, run_after=2024-11-15 00:00:00+00:00
[2024-11-15T06:00:02.052+0000] {processor.py:208} INFO - Processing /home/airflow/.local/lib/python3.12/site-packages/airflow/example_dags/example_branch_labels.py took 0.199 seconds
[2024-11-15T06:00:32.822+0000] {processor.py:186} INFO - Started process (PID=2720) to work on /home/airflow/.local/lib/python3.12/site-packages/airflow/example_dags/example_branch_labels.py
[2024-11-15T06:00:32.839+0000] {processor.py:914} INFO - Processing file /home/airflow/.local/lib/python3.12/site-packages/airflow/example_dags/example_branch_labels.py for tasks to queue
[2024-11-15T06:00:32.846+0000] {logging_mixin.py:190} INFO - [2024-11-15T06:00:32.845+0000] {dagbag.py:588} INFO - Filling up the DagBag from /home/airflow/.local/lib/python3.12/site-packages/airflow/example_dags/example_branch_labels.py
[2024-11-15T06:00:32.883+0000] {processor.py:925} INFO - DAG(s) 'example_branch_labels' retrieved from /home/airflow/.local/lib/python3.12/site-packages/airflow/example_dags/example_branch_labels.py
[2024-11-15T06:00:32.938+0000] {logging_mixin.py:190} INFO - [2024-11-15T06:00:32.938+0000] {dag.py:3239} INFO - Sync 1 DAGs
[2024-11-15T06:00:33.000+0000] {logging_mixin.py:190} INFO - [2024-11-15T06:00:33.000+0000] {dag.py:4180} INFO - Setting next_dagrun for example_branch_labels to 2024-11-14 00:00:00+00:00, run_after=2024-11-15 00:00:00+00:00
[2024-11-15T06:00:33.038+0000] {processor.py:208} INFO - Processing /home/airflow/.local/lib/python3.12/site-packages/airflow/example_dags/example_branch_labels.py took 0.241 seconds
[2024-11-15T06:01:03.163+0000] {processor.py:186} INFO - Started process (PID=2786) to work on /home/airflow/.local/lib/python3.12/site-packages/airflow/example_dags/example_branch_labels.py
[2024-11-15T06:01:03.168+0000] {processor.py:914} INFO - Processing file /home/airflow/.local/lib/python3.12/site-packages/airflow/example_dags/example_branch_labels.py for tasks to queue
[2024-11-15T06:01:03.172+0000] {logging_mixin.py:190} INFO - [2024-11-15T06:01:03.172+0000] {dagbag.py:588} INFO - Filling up the DagBag from /home/airflow/.local/lib/python3.12/site-packages/airflow/example_dags/example_branch_labels.py
[2024-11-15T06:01:03.197+0000] {processor.py:925} INFO - DAG(s) 'example_branch_labels' retrieved from /home/airflow/.local/lib/python3.12/site-packages/airflow/example_dags/example_branch_labels.py
[2024-11-15T06:01:03.236+0000] {logging_mixin.py:190} INFO - [2024-11-15T06:01:03.235+0000] {dag.py:3239} INFO - Sync 1 DAGs
[2024-11-15T06:01:03.293+0000] {logging_mixin.py:190} INFO - [2024-11-15T06:01:03.293+0000] {dag.py:4180} INFO - Setting next_dagrun for example_branch_labels to 2024-11-14 00:00:00+00:00, run_after=2024-11-15 00:00:00+00:00
[2024-11-15T06:01:03.335+0000] {processor.py:208} INFO - Processing /home/airflow/.local/lib/python3.12/site-packages/airflow/example_dags/example_branch_labels.py took 0.183 seconds
[2024-11-15T06:01:35.906+0000] {processor.py:186} INFO - Started process (PID=2845) to work on /home/airflow/.local/lib/python3.12/site-packages/airflow/example_dags/example_branch_labels.py
[2024-11-15T06:01:35.909+0000] {processor.py:914} INFO - Processing file /home/airflow/.local/lib/python3.12/site-packages/airflow/example_dags/example_branch_labels.py for tasks to queue
[2024-11-15T06:01:35.914+0000] {logging_mixin.py:190} INFO - [2024-11-15T06:01:35.913+0000] {dagbag.py:588} INFO - Filling up the DagBag from /home/airflow/.local/lib/python3.12/site-packages/airflow/example_dags/example_branch_labels.py
[2024-11-15T06:01:35.935+0000] {processor.py:925} INFO - DAG(s) 'example_branch_labels' retrieved from /home/airflow/.local/lib/python3.12/site-packages/airflow/example_dags/example_branch_labels.py
[2024-11-15T06:01:35.977+0000] {logging_mixin.py:190} INFO - [2024-11-15T06:01:35.976+0000] {dag.py:3239} INFO - Sync 1 DAGs
[2024-11-15T06:01:36.030+0000] {logging_mixin.py:190} INFO - [2024-11-15T06:01:36.029+0000] {dag.py:4180} INFO - Setting next_dagrun for example_branch_labels to 2024-11-14 00:00:00+00:00, run_after=2024-11-15 00:00:00+00:00
[2024-11-15T06:01:36.073+0000] {processor.py:208} INFO - Processing /home/airflow/.local/lib/python3.12/site-packages/airflow/example_dags/example_branch_labels.py took 0.180 seconds
[2024-11-15T06:02:07.718+0000] {processor.py:186} INFO - Started process (PID=2910) to work on /home/airflow/.local/lib/python3.12/site-packages/airflow/example_dags/example_branch_labels.py
[2024-11-15T06:02:07.723+0000] {processor.py:914} INFO - Processing file /home/airflow/.local/lib/python3.12/site-packages/airflow/example_dags/example_branch_labels.py for tasks to queue
[2024-11-15T06:02:07.730+0000] {logging_mixin.py:190} INFO - [2024-11-15T06:02:07.729+0000] {dagbag.py:588} INFO - Filling up the DagBag from /home/airflow/.local/lib/python3.12/site-packages/airflow/example_dags/example_branch_labels.py
[2024-11-15T06:02:07.766+0000] {processor.py:925} INFO - DAG(s) 'example_branch_labels' retrieved from /home/airflow/.local/lib/python3.12/site-packages/airflow/example_dags/example_branch_labels.py
[2024-11-15T06:02:07.839+0000] {logging_mixin.py:190} INFO - [2024-11-15T06:02:07.838+0000] {dag.py:3239} INFO - Sync 1 DAGs
[2024-11-15T06:02:07.909+0000] {logging_mixin.py:190} INFO - [2024-11-15T06:02:07.908+0000] {dag.py:4180} INFO - Setting next_dagrun for example_branch_labels to 2024-11-14 00:00:00+00:00, run_after=2024-11-15 00:00:00+00:00
[2024-11-15T06:02:07.950+0000] {processor.py:208} INFO - Processing /home/airflow/.local/lib/python3.12/site-packages/airflow/example_dags/example_branch_labels.py took 0.251 seconds
[2024-11-15T06:02:49.534+0000] {processor.py:186} INFO - Started process (PID=2965) to work on /home/airflow/.local/lib/python3.12/site-packages/airflow/example_dags/example_branch_labels.py
[2024-11-15T06:02:49.537+0000] {processor.py:914} INFO - Processing file /home/airflow/.local/lib/python3.12/site-packages/airflow/example_dags/example_branch_labels.py for tasks to queue
[2024-11-15T06:02:49.543+0000] {logging_mixin.py:190} INFO - [2024-11-15T06:02:49.542+0000] {dagbag.py:588} INFO - Filling up the DagBag from /home/airflow/.local/lib/python3.12/site-packages/airflow/example_dags/example_branch_labels.py
[2024-11-15T06:02:49.580+0000] {processor.py:925} INFO - DAG(s) 'example_branch_labels' retrieved from /home/airflow/.local/lib/python3.12/site-packages/airflow/example_dags/example_branch_labels.py
[2024-11-15T06:02:49.673+0000] {logging_mixin.py:190} INFO - [2024-11-15T06:02:49.673+0000] {dag.py:3239} INFO - Sync 1 DAGs
[2024-11-15T06:02:49.754+0000] {logging_mixin.py:190} INFO - [2024-11-15T06:02:49.754+0000] {dag.py:4180} INFO - Setting next_dagrun for example_branch_labels to 2024-11-14 00:00:00+00:00, run_after=2024-11-15 00:00:00+00:00
[2024-11-15T06:02:49.831+0000] {processor.py:208} INFO - Processing /home/airflow/.local/lib/python3.12/site-packages/airflow/example_dags/example_branch_labels.py took 0.313 seconds
[2024-11-15T06:03:24.492+0000] {processor.py:186} INFO - Started process (PID=3039) to work on /home/airflow/.local/lib/python3.12/site-packages/airflow/example_dags/example_branch_labels.py
[2024-11-15T06:03:24.499+0000] {processor.py:914} INFO - Processing file /home/airflow/.local/lib/python3.12/site-packages/airflow/example_dags/example_branch_labels.py for tasks to queue
[2024-11-15T06:03:24.518+0000] {logging_mixin.py:190} INFO - [2024-11-15T06:03:24.506+0000] {dagbag.py:588} INFO - Filling up the DagBag from /home/airflow/.local/lib/python3.12/site-packages/airflow/example_dags/example_branch_labels.py
[2024-11-15T06:03:24.573+0000] {processor.py:925} INFO - DAG(s) 'example_branch_labels' retrieved from /home/airflow/.local/lib/python3.12/site-packages/airflow/example_dags/example_branch_labels.py
[2024-11-15T06:03:24.649+0000] {logging_mixin.py:190} INFO - [2024-11-15T06:03:24.648+0000] {dag.py:3239} INFO - Sync 1 DAGs
[2024-11-15T06:03:24.749+0000] {logging_mixin.py:190} INFO - [2024-11-15T06:03:24.748+0000] {dag.py:4180} INFO - Setting next_dagrun for example_branch_labels to 2024-11-14 00:00:00+00:00, run_after=2024-11-15 00:00:00+00:00
[2024-11-15T06:03:24.820+0000] {processor.py:208} INFO - Processing /home/airflow/.local/lib/python3.12/site-packages/airflow/example_dags/example_branch_labels.py took 0.367 seconds
[2024-11-15T06:03:59.087+0000] {processor.py:186} INFO - Started process (PID=3104) to work on /home/airflow/.local/lib/python3.12/site-packages/airflow/example_dags/example_branch_labels.py
[2024-11-15T06:03:59.091+0000] {processor.py:914} INFO - Processing file /home/airflow/.local/lib/python3.12/site-packages/airflow/example_dags/example_branch_labels.py for tasks to queue
[2024-11-15T06:03:59.095+0000] {logging_mixin.py:190} INFO - [2024-11-15T06:03:59.095+0000] {dagbag.py:588} INFO - Filling up the DagBag from /home/airflow/.local/lib/python3.12/site-packages/airflow/example_dags/example_branch_labels.py
[2024-11-15T06:03:59.119+0000] {processor.py:925} INFO - DAG(s) 'example_branch_labels' retrieved from /home/airflow/.local/lib/python3.12/site-packages/airflow/example_dags/example_branch_labels.py
[2024-11-15T06:03:59.165+0000] {logging_mixin.py:190} INFO - [2024-11-15T06:03:59.164+0000] {dag.py:3239} INFO - Sync 1 DAGs
[2024-11-15T06:03:59.223+0000] {logging_mixin.py:190} INFO - [2024-11-15T06:03:59.223+0000] {dag.py:4180} INFO - Setting next_dagrun for example_branch_labels to 2024-11-14 00:00:00+00:00, run_after=2024-11-15 00:00:00+00:00
[2024-11-15T06:03:59.266+0000] {processor.py:208} INFO - Processing /home/airflow/.local/lib/python3.12/site-packages/airflow/example_dags/example_branch_labels.py took 0.201 seconds
[2024-11-15T06:04:32.935+0000] {processor.py:186} INFO - Started process (PID=3169) to work on /home/airflow/.local/lib/python3.12/site-packages/airflow/example_dags/example_branch_labels.py
[2024-11-15T06:04:32.946+0000] {processor.py:914} INFO - Processing file /home/airflow/.local/lib/python3.12/site-packages/airflow/example_dags/example_branch_labels.py for tasks to queue
[2024-11-15T06:04:32.965+0000] {logging_mixin.py:190} INFO - [2024-11-15T06:04:32.964+0000] {dagbag.py:588} INFO - Filling up the DagBag from /home/airflow/.local/lib/python3.12/site-packages/airflow/example_dags/example_branch_labels.py
[2024-11-15T06:04:33.047+0000] {processor.py:925} INFO - DAG(s) 'example_branch_labels' retrieved from /home/airflow/.local/lib/python3.12/site-packages/airflow/example_dags/example_branch_labels.py
[2024-11-15T06:04:33.197+0000] {logging_mixin.py:190} INFO - [2024-11-15T06:04:33.190+0000] {dag.py:3239} INFO - Sync 1 DAGs
[2024-11-15T06:04:33.318+0000] {logging_mixin.py:190} INFO - [2024-11-15T06:04:33.318+0000] {dag.py:4180} INFO - Setting next_dagrun for example_branch_labels to 2024-11-14 00:00:00+00:00, run_after=2024-11-15 00:00:00+00:00
[2024-11-15T06:04:33.397+0000] {processor.py:208} INFO - Processing /home/airflow/.local/lib/python3.12/site-packages/airflow/example_dags/example_branch_labels.py took 0.503 seconds
[2024-11-15T06:05:04.177+0000] {processor.py:186} INFO - Started process (PID=3234) to work on /home/airflow/.local/lib/python3.12/site-packages/airflow/example_dags/example_branch_labels.py
[2024-11-15T06:05:04.180+0000] {processor.py:914} INFO - Processing file /home/airflow/.local/lib/python3.12/site-packages/airflow/example_dags/example_branch_labels.py for tasks to queue
[2024-11-15T06:05:04.186+0000] {logging_mixin.py:190} INFO - [2024-11-15T06:05:04.186+0000] {dagbag.py:588} INFO - Filling up the DagBag from /home/airflow/.local/lib/python3.12/site-packages/airflow/example_dags/example_branch_labels.py
[2024-11-15T06:05:04.207+0000] {processor.py:925} INFO - DAG(s) 'example_branch_labels' retrieved from /home/airflow/.local/lib/python3.12/site-packages/airflow/example_dags/example_branch_labels.py
[2024-11-15T06:05:04.246+0000] {logging_mixin.py:190} INFO - [2024-11-15T06:05:04.246+0000] {dag.py:3239} INFO - Sync 1 DAGs
[2024-11-15T06:05:04.296+0000] {logging_mixin.py:190} INFO - [2024-11-15T06:05:04.296+0000] {dag.py:4180} INFO - Setting next_dagrun for example_branch_labels to 2024-11-14 00:00:00+00:00, run_after=2024-11-15 00:00:00+00:00
[2024-11-15T06:05:04.806+0000] {processor.py:208} INFO - Processing /home/airflow/.local/lib/python3.12/site-packages/airflow/example_dags/example_branch_labels.py took 0.640 seconds
[2024-11-15T06:05:35.205+0000] {processor.py:186} INFO - Started process (PID=3299) to work on /home/airflow/.local/lib/python3.12/site-packages/airflow/example_dags/example_branch_labels.py
[2024-11-15T06:05:35.210+0000] {processor.py:914} INFO - Processing file /home/airflow/.local/lib/python3.12/site-packages/airflow/example_dags/example_branch_labels.py for tasks to queue
[2024-11-15T06:05:35.218+0000] {logging_mixin.py:190} INFO - [2024-11-15T06:05:35.217+0000] {dagbag.py:588} INFO - Filling up the DagBag from /home/airflow/.local/lib/python3.12/site-packages/airflow/example_dags/example_branch_labels.py
[2024-11-15T06:05:35.265+0000] {processor.py:925} INFO - DAG(s) 'example_branch_labels' retrieved from /home/airflow/.local/lib/python3.12/site-packages/airflow/example_dags/example_branch_labels.py
[2024-11-15T06:05:35.329+0000] {logging_mixin.py:190} INFO - [2024-11-15T06:05:35.328+0000] {dag.py:3239} INFO - Sync 1 DAGs
[2024-11-15T06:05:35.427+0000] {logging_mixin.py:190} INFO - [2024-11-15T06:05:35.425+0000] {dag.py:4180} INFO - Setting next_dagrun for example_branch_labels to 2024-11-14 00:00:00+00:00, run_after=2024-11-15 00:00:00+00:00
[2024-11-15T06:05:35.486+0000] {processor.py:208} INFO - Processing /home/airflow/.local/lib/python3.12/site-packages/airflow/example_dags/example_branch_labels.py took 0.299 seconds
[2024-11-15T06:06:06.320+0000] {processor.py:186} INFO - Started process (PID=3365) to work on /home/airflow/.local/lib/python3.12/site-packages/airflow/example_dags/example_branch_labels.py
[2024-11-15T06:06:06.323+0000] {processor.py:914} INFO - Processing file /home/airflow/.local/lib/python3.12/site-packages/airflow/example_dags/example_branch_labels.py for tasks to queue
[2024-11-15T06:06:06.330+0000] {logging_mixin.py:190} INFO - [2024-11-15T06:06:06.328+0000] {dagbag.py:588} INFO - Filling up the DagBag from /home/airflow/.local/lib/python3.12/site-packages/airflow/example_dags/example_branch_labels.py
[2024-11-15T06:06:06.356+0000] {processor.py:925} INFO - DAG(s) 'example_branch_labels' retrieved from /home/airflow/.local/lib/python3.12/site-packages/airflow/example_dags/example_branch_labels.py
[2024-11-15T06:06:06.414+0000] {logging_mixin.py:190} INFO - [2024-11-15T06:06:06.413+0000] {dag.py:3239} INFO - Sync 1 DAGs
[2024-11-15T06:06:06.512+0000] {logging_mixin.py:190} INFO - [2024-11-15T06:06:06.511+0000] {dag.py:4180} INFO - Setting next_dagrun for example_branch_labels to 2024-11-14 00:00:00+00:00, run_after=2024-11-15 00:00:00+00:00
[2024-11-15T06:06:06.631+0000] {processor.py:208} INFO - Processing /home/airflow/.local/lib/python3.12/site-packages/airflow/example_dags/example_branch_labels.py took 0.325 seconds
[2024-11-15T06:06:42.495+0000] {processor.py:186} INFO - Started process (PID=3428) to work on /home/airflow/.local/lib/python3.12/site-packages/airflow/example_dags/example_branch_labels.py
[2024-11-15T06:06:42.499+0000] {processor.py:914} INFO - Processing file /home/airflow/.local/lib/python3.12/site-packages/airflow/example_dags/example_branch_labels.py for tasks to queue
[2024-11-15T06:06:42.507+0000] {logging_mixin.py:190} INFO - [2024-11-15T06:06:42.506+0000] {dagbag.py:588} INFO - Filling up the DagBag from /home/airflow/.local/lib/python3.12/site-packages/airflow/example_dags/example_branch_labels.py
[2024-11-15T06:06:42.543+0000] {processor.py:925} INFO - DAG(s) 'example_branch_labels' retrieved from /home/airflow/.local/lib/python3.12/site-packages/airflow/example_dags/example_branch_labels.py
[2024-11-15T06:06:42.614+0000] {logging_mixin.py:190} INFO - [2024-11-15T06:06:42.613+0000] {dag.py:3239} INFO - Sync 1 DAGs
[2024-11-15T06:06:42.676+0000] {logging_mixin.py:190} INFO - [2024-11-15T06:06:42.675+0000] {dag.py:4180} INFO - Setting next_dagrun for example_branch_labels to 2024-11-14 00:00:00+00:00, run_after=2024-11-15 00:00:00+00:00
[2024-11-15T06:06:42.716+0000] {processor.py:208} INFO - Processing /home/airflow/.local/lib/python3.12/site-packages/airflow/example_dags/example_branch_labels.py took 0.237 seconds
[2024-11-15T06:07:14.319+0000] {processor.py:186} INFO - Started process (PID=3493) to work on /home/airflow/.local/lib/python3.12/site-packages/airflow/example_dags/example_branch_labels.py
[2024-11-15T06:07:14.323+0000] {processor.py:914} INFO - Processing file /home/airflow/.local/lib/python3.12/site-packages/airflow/example_dags/example_branch_labels.py for tasks to queue
[2024-11-15T06:07:14.333+0000] {logging_mixin.py:190} INFO - [2024-11-15T06:07:14.330+0000] {dagbag.py:588} INFO - Filling up the DagBag from /home/airflow/.local/lib/python3.12/site-packages/airflow/example_dags/example_branch_labels.py
[2024-11-15T06:07:14.366+0000] {processor.py:925} INFO - DAG(s) 'example_branch_labels' retrieved from /home/airflow/.local/lib/python3.12/site-packages/airflow/example_dags/example_branch_labels.py
[2024-11-15T06:07:14.441+0000] {logging_mixin.py:190} INFO - [2024-11-15T06:07:14.440+0000] {dag.py:3239} INFO - Sync 1 DAGs
[2024-11-15T06:07:14.821+0000] {logging_mixin.py:190} INFO - [2024-11-15T06:07:14.820+0000] {dag.py:4180} INFO - Setting next_dagrun for example_branch_labels to 2024-11-14 00:00:00+00:00, run_after=2024-11-15 00:00:00+00:00
[2024-11-15T06:07:14.862+0000] {processor.py:208} INFO - Processing /home/airflow/.local/lib/python3.12/site-packages/airflow/example_dags/example_branch_labels.py took 0.559 seconds
[2024-11-15T06:07:45.429+0000] {processor.py:186} INFO - Started process (PID=3558) to work on /home/airflow/.local/lib/python3.12/site-packages/airflow/example_dags/example_branch_labels.py
[2024-11-15T06:07:45.433+0000] {processor.py:914} INFO - Processing file /home/airflow/.local/lib/python3.12/site-packages/airflow/example_dags/example_branch_labels.py for tasks to queue
[2024-11-15T06:07:45.441+0000] {logging_mixin.py:190} INFO - [2024-11-15T06:07:45.439+0000] {dagbag.py:588} INFO - Filling up the DagBag from /home/airflow/.local/lib/python3.12/site-packages/airflow/example_dags/example_branch_labels.py
[2024-11-15T06:07:45.468+0000] {processor.py:925} INFO - DAG(s) 'example_branch_labels' retrieved from /home/airflow/.local/lib/python3.12/site-packages/airflow/example_dags/example_branch_labels.py
[2024-11-15T06:07:45.516+0000] {logging_mixin.py:190} INFO - [2024-11-15T06:07:45.515+0000] {dag.py:3239} INFO - Sync 1 DAGs
[2024-11-15T06:07:45.562+0000] {logging_mixin.py:190} INFO - [2024-11-15T06:07:45.562+0000] {dag.py:4180} INFO - Setting next_dagrun for example_branch_labels to 2024-11-14 00:00:00+00:00, run_after=2024-11-15 00:00:00+00:00
[2024-11-15T06:07:45.597+0000] {processor.py:208} INFO - Processing /home/airflow/.local/lib/python3.12/site-packages/airflow/example_dags/example_branch_labels.py took 0.189 seconds
[2024-11-15T06:08:16.472+0000] {processor.py:186} INFO - Started process (PID=3623) to work on /home/airflow/.local/lib/python3.12/site-packages/airflow/example_dags/example_branch_labels.py
[2024-11-15T06:08:16.479+0000] {processor.py:914} INFO - Processing file /home/airflow/.local/lib/python3.12/site-packages/airflow/example_dags/example_branch_labels.py for tasks to queue
[2024-11-15T06:08:16.489+0000] {logging_mixin.py:190} INFO - [2024-11-15T06:08:16.488+0000] {dagbag.py:588} INFO - Filling up the DagBag from /home/airflow/.local/lib/python3.12/site-packages/airflow/example_dags/example_branch_labels.py
[2024-11-15T06:08:16.526+0000] {processor.py:925} INFO - DAG(s) 'example_branch_labels' retrieved from /home/airflow/.local/lib/python3.12/site-packages/airflow/example_dags/example_branch_labels.py
[2024-11-15T06:08:16.565+0000] {logging_mixin.py:190} INFO - [2024-11-15T06:08:16.564+0000] {dag.py:3239} INFO - Sync 1 DAGs
[2024-11-15T06:08:16.611+0000] {logging_mixin.py:190} INFO - [2024-11-15T06:08:16.611+0000] {dag.py:4180} INFO - Setting next_dagrun for example_branch_labels to 2024-11-14 00:00:00+00:00, run_after=2024-11-15 00:00:00+00:00
[2024-11-15T06:08:16.648+0000] {processor.py:208} INFO - Processing /home/airflow/.local/lib/python3.12/site-packages/airflow/example_dags/example_branch_labels.py took 0.198 seconds
[2024-11-15T06:08:47.141+0000] {processor.py:186} INFO - Started process (PID=3688) to work on /home/airflow/.local/lib/python3.12/site-packages/airflow/example_dags/example_branch_labels.py
[2024-11-15T06:08:47.144+0000] {processor.py:914} INFO - Processing file /home/airflow/.local/lib/python3.12/site-packages/airflow/example_dags/example_branch_labels.py for tasks to queue
[2024-11-15T06:08:47.150+0000] {logging_mixin.py:190} INFO - [2024-11-15T06:08:47.149+0000] {dagbag.py:588} INFO - Filling up the DagBag from /home/airflow/.local/lib/python3.12/site-packages/airflow/example_dags/example_branch_labels.py
[2024-11-15T06:08:47.172+0000] {processor.py:925} INFO - DAG(s) 'example_branch_labels' retrieved from /home/airflow/.local/lib/python3.12/site-packages/airflow/example_dags/example_branch_labels.py
[2024-11-15T06:08:47.216+0000] {logging_mixin.py:190} INFO - [2024-11-15T06:08:47.215+0000] {dag.py:3239} INFO - Sync 1 DAGs
[2024-11-15T06:08:47.274+0000] {logging_mixin.py:190} INFO - [2024-11-15T06:08:47.273+0000] {dag.py:4180} INFO - Setting next_dagrun for example_branch_labels to 2024-11-14 00:00:00+00:00, run_after=2024-11-15 00:00:00+00:00
[2024-11-15T06:08:47.311+0000] {processor.py:208} INFO - Processing /home/airflow/.local/lib/python3.12/site-packages/airflow/example_dags/example_branch_labels.py took 0.183 seconds
[2024-11-15T06:09:17.705+0000] {processor.py:186} INFO - Started process (PID=3754) to work on /home/airflow/.local/lib/python3.12/site-packages/airflow/example_dags/example_branch_labels.py
[2024-11-15T06:09:17.708+0000] {processor.py:914} INFO - Processing file /home/airflow/.local/lib/python3.12/site-packages/airflow/example_dags/example_branch_labels.py for tasks to queue
[2024-11-15T06:09:17.714+0000] {logging_mixin.py:190} INFO - [2024-11-15T06:09:17.713+0000] {dagbag.py:588} INFO - Filling up the DagBag from /home/airflow/.local/lib/python3.12/site-packages/airflow/example_dags/example_branch_labels.py
[2024-11-15T06:09:17.736+0000] {processor.py:925} INFO - DAG(s) 'example_branch_labels' retrieved from /home/airflow/.local/lib/python3.12/site-packages/airflow/example_dags/example_branch_labels.py
[2024-11-15T06:09:17.771+0000] {logging_mixin.py:190} INFO - [2024-11-15T06:09:17.771+0000] {dag.py:3239} INFO - Sync 1 DAGs
[2024-11-15T06:09:17.854+0000] {logging_mixin.py:190} INFO - [2024-11-15T06:09:17.853+0000] {dag.py:4180} INFO - Setting next_dagrun for example_branch_labels to 2024-11-14 00:00:00+00:00, run_after=2024-11-15 00:00:00+00:00
[2024-11-15T06:09:17.890+0000] {processor.py:208} INFO - Processing /home/airflow/.local/lib/python3.12/site-packages/airflow/example_dags/example_branch_labels.py took 0.198 seconds
[2024-11-15T06:09:48.418+0000] {processor.py:186} INFO - Started process (PID=3820) to work on /home/airflow/.local/lib/python3.12/site-packages/airflow/example_dags/example_branch_labels.py
[2024-11-15T06:09:48.422+0000] {processor.py:914} INFO - Processing file /home/airflow/.local/lib/python3.12/site-packages/airflow/example_dags/example_branch_labels.py for tasks to queue
[2024-11-15T06:09:48.429+0000] {logging_mixin.py:190} INFO - [2024-11-15T06:09:48.428+0000] {dagbag.py:588} INFO - Filling up the DagBag from /home/airflow/.local/lib/python3.12/site-packages/airflow/example_dags/example_branch_labels.py
[2024-11-15T06:09:48.454+0000] {processor.py:925} INFO - DAG(s) 'example_branch_labels' retrieved from /home/airflow/.local/lib/python3.12/site-packages/airflow/example_dags/example_branch_labels.py
[2024-11-15T06:09:48.498+0000] {logging_mixin.py:190} INFO - [2024-11-15T06:09:48.496+0000] {dag.py:3239} INFO - Sync 1 DAGs
[2024-11-15T06:09:48.563+0000] {logging_mixin.py:190} INFO - [2024-11-15T06:09:48.562+0000] {dag.py:4180} INFO - Setting next_dagrun for example_branch_labels to 2024-11-14 00:00:00+00:00, run_after=2024-11-15 00:00:00+00:00
[2024-11-15T06:09:48.601+0000] {processor.py:208} INFO - Processing /home/airflow/.local/lib/python3.12/site-packages/airflow/example_dags/example_branch_labels.py took 0.197 seconds
[2024-11-15T06:10:20.042+0000] {processor.py:186} INFO - Started process (PID=3885) to work on /home/airflow/.local/lib/python3.12/site-packages/airflow/example_dags/example_branch_labels.py
[2024-11-15T06:10:20.045+0000] {processor.py:914} INFO - Processing file /home/airflow/.local/lib/python3.12/site-packages/airflow/example_dags/example_branch_labels.py for tasks to queue
[2024-11-15T06:10:20.051+0000] {logging_mixin.py:190} INFO - [2024-11-15T06:10:20.050+0000] {dagbag.py:588} INFO - Filling up the DagBag from /home/airflow/.local/lib/python3.12/site-packages/airflow/example_dags/example_branch_labels.py
[2024-11-15T06:10:20.104+0000] {processor.py:925} INFO - DAG(s) 'example_branch_labels' retrieved from /home/airflow/.local/lib/python3.12/site-packages/airflow/example_dags/example_branch_labels.py
[2024-11-15T06:10:20.175+0000] {logging_mixin.py:190} INFO - [2024-11-15T06:10:20.174+0000] {dag.py:3239} INFO - Sync 1 DAGs
[2024-11-15T06:10:20.252+0000] {logging_mixin.py:190} INFO - [2024-11-15T06:10:20.251+0000] {dag.py:4180} INFO - Setting next_dagrun for example_branch_labels to 2024-11-14 00:00:00+00:00, run_after=2024-11-15 00:00:00+00:00
[2024-11-15T06:10:20.297+0000] {processor.py:208} INFO - Processing /home/airflow/.local/lib/python3.12/site-packages/airflow/example_dags/example_branch_labels.py took 0.272 seconds
[2024-11-15T06:10:51.516+0000] {processor.py:186} INFO - Started process (PID=3950) to work on /home/airflow/.local/lib/python3.12/site-packages/airflow/example_dags/example_branch_labels.py
[2024-11-15T06:10:51.519+0000] {processor.py:914} INFO - Processing file /home/airflow/.local/lib/python3.12/site-packages/airflow/example_dags/example_branch_labels.py for tasks to queue
[2024-11-15T06:10:51.525+0000] {logging_mixin.py:190} INFO - [2024-11-15T06:10:51.524+0000] {dagbag.py:588} INFO - Filling up the DagBag from /home/airflow/.local/lib/python3.12/site-packages/airflow/example_dags/example_branch_labels.py
[2024-11-15T06:10:51.550+0000] {processor.py:925} INFO - DAG(s) 'example_branch_labels' retrieved from /home/airflow/.local/lib/python3.12/site-packages/airflow/example_dags/example_branch_labels.py
[2024-11-15T06:10:51.602+0000] {logging_mixin.py:190} INFO - [2024-11-15T06:10:51.602+0000] {dag.py:3239} INFO - Sync 1 DAGs
[2024-11-15T06:10:51.661+0000] {logging_mixin.py:190} INFO - [2024-11-15T06:10:51.661+0000] {dag.py:4180} INFO - Setting next_dagrun for example_branch_labels to 2024-11-14 00:00:00+00:00, run_after=2024-11-15 00:00:00+00:00
[2024-11-15T06:10:51.720+0000] {processor.py:208} INFO - Processing /home/airflow/.local/lib/python3.12/site-packages/airflow/example_dags/example_branch_labels.py took 0.220 seconds
[2024-11-15T06:11:23.700+0000] {processor.py:186} INFO - Started process (PID=4015) to work on /home/airflow/.local/lib/python3.12/site-packages/airflow/example_dags/example_branch_labels.py
[2024-11-15T06:11:23.703+0000] {processor.py:914} INFO - Processing file /home/airflow/.local/lib/python3.12/site-packages/airflow/example_dags/example_branch_labels.py for tasks to queue
[2024-11-15T06:11:23.708+0000] {logging_mixin.py:190} INFO - [2024-11-15T06:11:23.708+0000] {dagbag.py:588} INFO - Filling up the DagBag from /home/airflow/.local/lib/python3.12/site-packages/airflow/example_dags/example_branch_labels.py
[2024-11-15T06:11:23.730+0000] {processor.py:925} INFO - DAG(s) 'example_branch_labels' retrieved from /home/airflow/.local/lib/python3.12/site-packages/airflow/example_dags/example_branch_labels.py
[2024-11-15T06:11:23.779+0000] {logging_mixin.py:190} INFO - [2024-11-15T06:11:23.778+0000] {dag.py:3239} INFO - Sync 1 DAGs
[2024-11-15T06:11:23.836+0000] {logging_mixin.py:190} INFO - [2024-11-15T06:11:23.835+0000] {dag.py:4180} INFO - Setting next_dagrun for example_branch_labels to 2024-11-14 00:00:00+00:00, run_after=2024-11-15 00:00:00+00:00
[2024-11-15T06:11:23.876+0000] {processor.py:208} INFO - Processing /home/airflow/.local/lib/python3.12/site-packages/airflow/example_dags/example_branch_labels.py took 0.191 seconds
[2024-11-15T06:11:56.674+0000] {processor.py:186} INFO - Started process (PID=4076) to work on /home/airflow/.local/lib/python3.12/site-packages/airflow/example_dags/example_branch_labels.py
[2024-11-15T06:11:56.677+0000] {processor.py:914} INFO - Processing file /home/airflow/.local/lib/python3.12/site-packages/airflow/example_dags/example_branch_labels.py for tasks to queue
[2024-11-15T06:11:56.682+0000] {logging_mixin.py:190} INFO - [2024-11-15T06:11:56.681+0000] {dagbag.py:588} INFO - Filling up the DagBag from /home/airflow/.local/lib/python3.12/site-packages/airflow/example_dags/example_branch_labels.py
[2024-11-15T06:11:56.705+0000] {processor.py:925} INFO - DAG(s) 'example_branch_labels' retrieved from /home/airflow/.local/lib/python3.12/site-packages/airflow/example_dags/example_branch_labels.py
[2024-11-15T06:11:56.762+0000] {logging_mixin.py:190} INFO - [2024-11-15T06:11:56.761+0000] {dag.py:3239} INFO - Sync 1 DAGs
[2024-11-15T06:11:56.836+0000] {logging_mixin.py:190} INFO - [2024-11-15T06:11:56.836+0000] {dag.py:4180} INFO - Setting next_dagrun for example_branch_labels to 2024-11-14 00:00:00+00:00, run_after=2024-11-15 00:00:00+00:00
[2024-11-15T06:11:56.871+0000] {processor.py:208} INFO - Processing /home/airflow/.local/lib/python3.12/site-packages/airflow/example_dags/example_branch_labels.py took 0.212 seconds
[2024-11-15T06:12:27.205+0000] {processor.py:186} INFO - Started process (PID=4141) to work on /home/airflow/.local/lib/python3.12/site-packages/airflow/example_dags/example_branch_labels.py
[2024-11-15T06:12:27.207+0000] {processor.py:914} INFO - Processing file /home/airflow/.local/lib/python3.12/site-packages/airflow/example_dags/example_branch_labels.py for tasks to queue
[2024-11-15T06:12:27.211+0000] {logging_mixin.py:190} INFO - [2024-11-15T06:12:27.210+0000] {dagbag.py:588} INFO - Filling up the DagBag from /home/airflow/.local/lib/python3.12/site-packages/airflow/example_dags/example_branch_labels.py
[2024-11-15T06:12:27.230+0000] {processor.py:925} INFO - DAG(s) 'example_branch_labels' retrieved from /home/airflow/.local/lib/python3.12/site-packages/airflow/example_dags/example_branch_labels.py
[2024-11-15T06:12:27.271+0000] {logging_mixin.py:190} INFO - [2024-11-15T06:12:27.271+0000] {dag.py:3239} INFO - Sync 1 DAGs
[2024-11-15T06:12:27.341+0000] {logging_mixin.py:190} INFO - [2024-11-15T06:12:27.340+0000] {dag.py:4180} INFO - Setting next_dagrun for example_branch_labels to 2024-11-14 00:00:00+00:00, run_after=2024-11-15 00:00:00+00:00
[2024-11-15T06:12:27.375+0000] {processor.py:208} INFO - Processing /home/airflow/.local/lib/python3.12/site-packages/airflow/example_dags/example_branch_labels.py took 0.182 seconds
[2024-11-15T06:12:59.263+0000] {processor.py:186} INFO - Started process (PID=4212) to work on /home/airflow/.local/lib/python3.12/site-packages/airflow/example_dags/example_branch_labels.py
[2024-11-15T06:12:59.267+0000] {processor.py:914} INFO - Processing file /home/airflow/.local/lib/python3.12/site-packages/airflow/example_dags/example_branch_labels.py for tasks to queue
[2024-11-15T06:12:59.274+0000] {logging_mixin.py:190} INFO - [2024-11-15T06:12:59.273+0000] {dagbag.py:588} INFO - Filling up the DagBag from /home/airflow/.local/lib/python3.12/site-packages/airflow/example_dags/example_branch_labels.py
[2024-11-15T06:12:59.295+0000] {processor.py:925} INFO - DAG(s) 'example_branch_labels' retrieved from /home/airflow/.local/lib/python3.12/site-packages/airflow/example_dags/example_branch_labels.py
[2024-11-15T06:12:59.350+0000] {logging_mixin.py:190} INFO - [2024-11-15T06:12:59.349+0000] {dag.py:3239} INFO - Sync 1 DAGs
[2024-11-15T06:12:59.413+0000] {logging_mixin.py:190} INFO - [2024-11-15T06:12:59.412+0000] {dag.py:4180} INFO - Setting next_dagrun for example_branch_labels to 2024-11-14 00:00:00+00:00, run_after=2024-11-15 00:00:00+00:00
[2024-11-15T06:12:59.470+0000] {processor.py:208} INFO - Processing /home/airflow/.local/lib/python3.12/site-packages/airflow/example_dags/example_branch_labels.py took 0.225 seconds
[2024-11-15T06:13:33.969+0000] {processor.py:186} INFO - Started process (PID=4278) to work on /home/airflow/.local/lib/python3.12/site-packages/airflow/example_dags/example_branch_labels.py
[2024-11-15T06:13:33.973+0000] {processor.py:914} INFO - Processing file /home/airflow/.local/lib/python3.12/site-packages/airflow/example_dags/example_branch_labels.py for tasks to queue
[2024-11-15T06:13:33.981+0000] {logging_mixin.py:190} INFO - [2024-11-15T06:13:33.980+0000] {dagbag.py:588} INFO - Filling up the DagBag from /home/airflow/.local/lib/python3.12/site-packages/airflow/example_dags/example_branch_labels.py
[2024-11-15T06:13:34.009+0000] {processor.py:925} INFO - DAG(s) 'example_branch_labels' retrieved from /home/airflow/.local/lib/python3.12/site-packages/airflow/example_dags/example_branch_labels.py
[2024-11-15T06:13:34.063+0000] {logging_mixin.py:190} INFO - [2024-11-15T06:13:34.063+0000] {dag.py:3239} INFO - Sync 1 DAGs
[2024-11-15T06:13:34.137+0000] {logging_mixin.py:190} INFO - [2024-11-15T06:13:34.137+0000] {dag.py:4180} INFO - Setting next_dagrun for example_branch_labels to 2024-11-14 00:00:00+00:00, run_after=2024-11-15 00:00:00+00:00
[2024-11-15T06:13:34.171+0000] {processor.py:208} INFO - Processing /home/airflow/.local/lib/python3.12/site-packages/airflow/example_dags/example_branch_labels.py took 0.233 seconds
