[2024-11-15T05:39:06.739+0000] {processor.py:186} INFO - Started process (PID=144) to work on /home/airflow/.local/lib/python3.12/site-packages/airflow/example_dags/example_setup_teardown.py
[2024-11-15T05:39:06.745+0000] {processor.py:914} INFO - Processing file /home/airflow/.local/lib/python3.12/site-packages/airflow/example_dags/example_setup_teardown.py for tasks to queue
[2024-11-15T05:39:06.752+0000] {logging_mixin.py:190} INFO - [2024-11-15T05:39:06.751+0000] {dagbag.py:588} INFO - Filling up the DagBag from /home/airflow/.local/lib/python3.12/site-packages/airflow/example_dags/example_setup_teardown.py
[2024-11-15T05:39:06.785+0000] {processor.py:925} INFO - DAG(s) 'example_setup_teardown' retrieved from /home/airflow/.local/lib/python3.12/site-packages/airflow/example_dags/example_setup_teardown.py
[2024-11-15T05:39:07.022+0000] {logging_mixin.py:190} INFO - [2024-11-15T05:39:07.021+0000] {dag.py:3239} INFO - Sync 1 DAGs
[2024-11-15T05:39:07.150+0000] {logging_mixin.py:190} INFO - [2024-11-15T05:39:07.148+0000] {dag.py:4180} INFO - Setting next_dagrun for example_setup_teardown to None, run_after=None
[2024-11-15T05:39:07.245+0000] {processor.py:208} INFO - Processing /home/airflow/.local/lib/python3.12/site-packages/airflow/example_dags/example_setup_teardown.py took 0.524 seconds
[2024-11-15T05:39:41.677+0000] {processor.py:186} INFO - Started process (PID=209) to work on /home/airflow/.local/lib/python3.12/site-packages/airflow/example_dags/example_setup_teardown.py
[2024-11-15T05:39:41.681+0000] {processor.py:914} INFO - Processing file /home/airflow/.local/lib/python3.12/site-packages/airflow/example_dags/example_setup_teardown.py for tasks to queue
[2024-11-15T05:39:41.696+0000] {logging_mixin.py:190} INFO - [2024-11-15T05:39:41.695+0000] {dagbag.py:588} INFO - Filling up the DagBag from /home/airflow/.local/lib/python3.12/site-packages/airflow/example_dags/example_setup_teardown.py
[2024-11-15T05:39:41.739+0000] {processor.py:925} INFO - DAG(s) 'example_setup_teardown' retrieved from /home/airflow/.local/lib/python3.12/site-packages/airflow/example_dags/example_setup_teardown.py
[2024-11-15T05:39:41.850+0000] {logging_mixin.py:190} INFO - [2024-11-15T05:39:41.849+0000] {dag.py:3239} INFO - Sync 1 DAGs
[2024-11-15T05:39:41.949+0000] {logging_mixin.py:190} INFO - [2024-11-15T05:39:41.949+0000] {dag.py:4180} INFO - Setting next_dagrun for example_setup_teardown to None, run_after=None
[2024-11-15T05:39:42.071+0000] {processor.py:208} INFO - Processing /home/airflow/.local/lib/python3.12/site-packages/airflow/example_dags/example_setup_teardown.py took 0.435 seconds
[2024-11-15T05:40:14.228+0000] {processor.py:186} INFO - Started process (PID=273) to work on /home/airflow/.local/lib/python3.12/site-packages/airflow/example_dags/example_setup_teardown.py
[2024-11-15T05:40:14.231+0000] {processor.py:914} INFO - Processing file /home/airflow/.local/lib/python3.12/site-packages/airflow/example_dags/example_setup_teardown.py for tasks to queue
[2024-11-15T05:40:14.236+0000] {logging_mixin.py:190} INFO - [2024-11-15T05:40:14.235+0000] {dagbag.py:588} INFO - Filling up the DagBag from /home/airflow/.local/lib/python3.12/site-packages/airflow/example_dags/example_setup_teardown.py
[2024-11-15T05:40:14.258+0000] {processor.py:925} INFO - DAG(s) 'example_setup_teardown' retrieved from /home/airflow/.local/lib/python3.12/site-packages/airflow/example_dags/example_setup_teardown.py
[2024-11-15T05:40:14.320+0000] {logging_mixin.py:190} INFO - [2024-11-15T05:40:14.318+0000] {dag.py:3239} INFO - Sync 1 DAGs
[2024-11-15T05:40:14.382+0000] {logging_mixin.py:190} INFO - [2024-11-15T05:40:14.380+0000] {dag.py:4180} INFO - Setting next_dagrun for example_setup_teardown to None, run_after=None
[2024-11-15T05:40:14.460+0000] {processor.py:208} INFO - Processing /home/airflow/.local/lib/python3.12/site-packages/airflow/example_dags/example_setup_teardown.py took 0.242 seconds
[2024-11-15T05:40:45.181+0000] {processor.py:186} INFO - Started process (PID=337) to work on /home/airflow/.local/lib/python3.12/site-packages/airflow/example_dags/example_setup_teardown.py
[2024-11-15T05:40:45.186+0000] {processor.py:914} INFO - Processing file /home/airflow/.local/lib/python3.12/site-packages/airflow/example_dags/example_setup_teardown.py for tasks to queue
[2024-11-15T05:40:45.212+0000] {logging_mixin.py:190} INFO - [2024-11-15T05:40:45.197+0000] {dagbag.py:588} INFO - Filling up the DagBag from /home/airflow/.local/lib/python3.12/site-packages/airflow/example_dags/example_setup_teardown.py
[2024-11-15T05:40:45.362+0000] {processor.py:925} INFO - DAG(s) 'example_setup_teardown' retrieved from /home/airflow/.local/lib/python3.12/site-packages/airflow/example_dags/example_setup_teardown.py
[2024-11-15T05:40:45.882+0000] {logging_mixin.py:190} INFO - [2024-11-15T05:40:45.881+0000] {dag.py:3239} INFO - Sync 1 DAGs
[2024-11-15T05:40:46.286+0000] {logging_mixin.py:190} INFO - [2024-11-15T05:40:46.285+0000] {dag.py:4180} INFO - Setting next_dagrun for example_setup_teardown to None, run_after=None
[2024-11-15T05:40:46.553+0000] {processor.py:208} INFO - Processing /home/airflow/.local/lib/python3.12/site-packages/airflow/example_dags/example_setup_teardown.py took 1.391 seconds
[2024-11-15T05:41:17.397+0000] {processor.py:186} INFO - Started process (PID=401) to work on /home/airflow/.local/lib/python3.12/site-packages/airflow/example_dags/example_setup_teardown.py
[2024-11-15T05:41:17.403+0000] {processor.py:914} INFO - Processing file /home/airflow/.local/lib/python3.12/site-packages/airflow/example_dags/example_setup_teardown.py for tasks to queue
[2024-11-15T05:41:17.420+0000] {logging_mixin.py:190} INFO - [2024-11-15T05:41:17.419+0000] {dagbag.py:588} INFO - Filling up the DagBag from /home/airflow/.local/lib/python3.12/site-packages/airflow/example_dags/example_setup_teardown.py
[2024-11-15T05:41:17.459+0000] {processor.py:925} INFO - DAG(s) 'example_setup_teardown' retrieved from /home/airflow/.local/lib/python3.12/site-packages/airflow/example_dags/example_setup_teardown.py
[2024-11-15T05:41:17.562+0000] {logging_mixin.py:190} INFO - [2024-11-15T05:41:17.561+0000] {dag.py:3239} INFO - Sync 1 DAGs
[2024-11-15T05:41:17.613+0000] {logging_mixin.py:190} INFO - [2024-11-15T05:41:17.613+0000] {dag.py:4180} INFO - Setting next_dagrun for example_setup_teardown to None, run_after=None
[2024-11-15T05:41:17.654+0000] {processor.py:208} INFO - Processing /home/airflow/.local/lib/python3.12/site-packages/airflow/example_dags/example_setup_teardown.py took 0.286 seconds
[2024-11-15T05:41:47.936+0000] {processor.py:186} INFO - Started process (PID=466) to work on /home/airflow/.local/lib/python3.12/site-packages/airflow/example_dags/example_setup_teardown.py
[2024-11-15T05:41:47.944+0000] {processor.py:914} INFO - Processing file /home/airflow/.local/lib/python3.12/site-packages/airflow/example_dags/example_setup_teardown.py for tasks to queue
[2024-11-15T05:41:47.962+0000] {logging_mixin.py:190} INFO - [2024-11-15T05:41:47.959+0000] {dagbag.py:588} INFO - Filling up the DagBag from /home/airflow/.local/lib/python3.12/site-packages/airflow/example_dags/example_setup_teardown.py
[2024-11-15T05:41:48.016+0000] {processor.py:925} INFO - DAG(s) 'example_setup_teardown' retrieved from /home/airflow/.local/lib/python3.12/site-packages/airflow/example_dags/example_setup_teardown.py
[2024-11-15T05:41:48.069+0000] {logging_mixin.py:190} INFO - [2024-11-15T05:41:48.068+0000] {dag.py:3239} INFO - Sync 1 DAGs
[2024-11-15T05:41:48.107+0000] {logging_mixin.py:190} INFO - [2024-11-15T05:41:48.106+0000] {dag.py:4180} INFO - Setting next_dagrun for example_setup_teardown to None, run_after=None
[2024-11-15T05:41:48.156+0000] {processor.py:208} INFO - Processing /home/airflow/.local/lib/python3.12/site-packages/airflow/example_dags/example_setup_teardown.py took 0.250 seconds
[2024-11-15T05:42:18.737+0000] {processor.py:186} INFO - Started process (PID=531) to work on /home/airflow/.local/lib/python3.12/site-packages/airflow/example_dags/example_setup_teardown.py
[2024-11-15T05:42:18.753+0000] {processor.py:914} INFO - Processing file /home/airflow/.local/lib/python3.12/site-packages/airflow/example_dags/example_setup_teardown.py for tasks to queue
[2024-11-15T05:42:18.766+0000] {logging_mixin.py:190} INFO - [2024-11-15T05:42:18.765+0000] {dagbag.py:588} INFO - Filling up the DagBag from /home/airflow/.local/lib/python3.12/site-packages/airflow/example_dags/example_setup_teardown.py
[2024-11-15T05:42:18.818+0000] {processor.py:925} INFO - DAG(s) 'example_setup_teardown' retrieved from /home/airflow/.local/lib/python3.12/site-packages/airflow/example_dags/example_setup_teardown.py
[2024-11-15T05:42:18.978+0000] {logging_mixin.py:190} INFO - [2024-11-15T05:42:18.977+0000] {dag.py:3239} INFO - Sync 1 DAGs
[2024-11-15T05:42:19.083+0000] {logging_mixin.py:190} INFO - [2024-11-15T05:42:19.082+0000] {dag.py:4180} INFO - Setting next_dagrun for example_setup_teardown to None, run_after=None
[2024-11-15T05:42:19.179+0000] {processor.py:208} INFO - Processing /home/airflow/.local/lib/python3.12/site-packages/airflow/example_dags/example_setup_teardown.py took 0.471 seconds
[2024-11-15T05:42:50.042+0000] {processor.py:186} INFO - Started process (PID=596) to work on /home/airflow/.local/lib/python3.12/site-packages/airflow/example_dags/example_setup_teardown.py
[2024-11-15T05:42:50.046+0000] {processor.py:914} INFO - Processing file /home/airflow/.local/lib/python3.12/site-packages/airflow/example_dags/example_setup_teardown.py for tasks to queue
[2024-11-15T05:42:50.053+0000] {logging_mixin.py:190} INFO - [2024-11-15T05:42:50.052+0000] {dagbag.py:588} INFO - Filling up the DagBag from /home/airflow/.local/lib/python3.12/site-packages/airflow/example_dags/example_setup_teardown.py
[2024-11-15T05:42:50.070+0000] {processor.py:925} INFO - DAG(s) 'example_setup_teardown' retrieved from /home/airflow/.local/lib/python3.12/site-packages/airflow/example_dags/example_setup_teardown.py
[2024-11-15T05:42:50.109+0000] {logging_mixin.py:190} INFO - [2024-11-15T05:42:50.108+0000] {dag.py:3239} INFO - Sync 1 DAGs
[2024-11-15T05:42:50.136+0000] {logging_mixin.py:190} INFO - [2024-11-15T05:42:50.136+0000] {dag.py:4180} INFO - Setting next_dagrun for example_setup_teardown to None, run_after=None
[2024-11-15T05:42:50.170+0000] {processor.py:208} INFO - Processing /home/airflow/.local/lib/python3.12/site-packages/airflow/example_dags/example_setup_teardown.py took 0.141 seconds
[2024-11-15T05:43:20.451+0000] {processor.py:186} INFO - Started process (PID=661) to work on /home/airflow/.local/lib/python3.12/site-packages/airflow/example_dags/example_setup_teardown.py
[2024-11-15T05:43:20.454+0000] {processor.py:914} INFO - Processing file /home/airflow/.local/lib/python3.12/site-packages/airflow/example_dags/example_setup_teardown.py for tasks to queue
[2024-11-15T05:43:20.462+0000] {logging_mixin.py:190} INFO - [2024-11-15T05:43:20.461+0000] {dagbag.py:588} INFO - Filling up the DagBag from /home/airflow/.local/lib/python3.12/site-packages/airflow/example_dags/example_setup_teardown.py
[2024-11-15T05:43:20.483+0000] {processor.py:925} INFO - DAG(s) 'example_setup_teardown' retrieved from /home/airflow/.local/lib/python3.12/site-packages/airflow/example_dags/example_setup_teardown.py
[2024-11-15T05:43:20.529+0000] {logging_mixin.py:190} INFO - [2024-11-15T05:43:20.529+0000] {dag.py:3239} INFO - Sync 1 DAGs
[2024-11-15T05:43:20.566+0000] {logging_mixin.py:190} INFO - [2024-11-15T05:43:20.566+0000] {dag.py:4180} INFO - Setting next_dagrun for example_setup_teardown to None, run_after=None
[2024-11-15T05:43:20.602+0000] {processor.py:208} INFO - Processing /home/airflow/.local/lib/python3.12/site-packages/airflow/example_dags/example_setup_teardown.py took 0.169 seconds
[2024-11-15T05:43:51.018+0000] {processor.py:186} INFO - Started process (PID=726) to work on /home/airflow/.local/lib/python3.12/site-packages/airflow/example_dags/example_setup_teardown.py
[2024-11-15T05:43:51.025+0000] {processor.py:914} INFO - Processing file /home/airflow/.local/lib/python3.12/site-packages/airflow/example_dags/example_setup_teardown.py for tasks to queue
[2024-11-15T05:43:51.035+0000] {logging_mixin.py:190} INFO - [2024-11-15T05:43:51.034+0000] {dagbag.py:588} INFO - Filling up the DagBag from /home/airflow/.local/lib/python3.12/site-packages/airflow/example_dags/example_setup_teardown.py
[2024-11-15T05:43:51.065+0000] {processor.py:925} INFO - DAG(s) 'example_setup_teardown' retrieved from /home/airflow/.local/lib/python3.12/site-packages/airflow/example_dags/example_setup_teardown.py
[2024-11-15T05:43:51.149+0000] {logging_mixin.py:190} INFO - [2024-11-15T05:43:51.148+0000] {dag.py:3239} INFO - Sync 1 DAGs
[2024-11-15T05:43:51.236+0000] {logging_mixin.py:190} INFO - [2024-11-15T05:43:51.236+0000] {dag.py:4180} INFO - Setting next_dagrun for example_setup_teardown to None, run_after=None
[2024-11-15T05:43:51.327+0000] {processor.py:208} INFO - Processing /home/airflow/.local/lib/python3.12/site-packages/airflow/example_dags/example_setup_teardown.py took 0.330 seconds
[2024-11-15T05:44:21.430+0000] {processor.py:186} INFO - Started process (PID=791) to work on /home/airflow/.local/lib/python3.12/site-packages/airflow/example_dags/example_setup_teardown.py
[2024-11-15T05:44:21.433+0000] {processor.py:914} INFO - Processing file /home/airflow/.local/lib/python3.12/site-packages/airflow/example_dags/example_setup_teardown.py for tasks to queue
[2024-11-15T05:44:21.440+0000] {logging_mixin.py:190} INFO - [2024-11-15T05:44:21.438+0000] {dagbag.py:588} INFO - Filling up the DagBag from /home/airflow/.local/lib/python3.12/site-packages/airflow/example_dags/example_setup_teardown.py
[2024-11-15T05:44:21.461+0000] {processor.py:925} INFO - DAG(s) 'example_setup_teardown' retrieved from /home/airflow/.local/lib/python3.12/site-packages/airflow/example_dags/example_setup_teardown.py
[2024-11-15T05:44:21.515+0000] {logging_mixin.py:190} INFO - [2024-11-15T05:44:21.515+0000] {dag.py:3239} INFO - Sync 1 DAGs
[2024-11-15T05:44:21.554+0000] {logging_mixin.py:190} INFO - [2024-11-15T05:44:21.553+0000] {dag.py:4180} INFO - Setting next_dagrun for example_setup_teardown to None, run_after=None
[2024-11-15T05:44:21.601+0000] {processor.py:208} INFO - Processing /home/airflow/.local/lib/python3.12/site-packages/airflow/example_dags/example_setup_teardown.py took 0.186 seconds
[2024-11-15T05:44:51.895+0000] {processor.py:186} INFO - Started process (PID=855) to work on /home/airflow/.local/lib/python3.12/site-packages/airflow/example_dags/example_setup_teardown.py
[2024-11-15T05:44:51.901+0000] {processor.py:914} INFO - Processing file /home/airflow/.local/lib/python3.12/site-packages/airflow/example_dags/example_setup_teardown.py for tasks to queue
[2024-11-15T05:44:51.915+0000] {logging_mixin.py:190} INFO - [2024-11-15T05:44:51.913+0000] {dagbag.py:588} INFO - Filling up the DagBag from /home/airflow/.local/lib/python3.12/site-packages/airflow/example_dags/example_setup_teardown.py
[2024-11-15T05:44:51.969+0000] {processor.py:925} INFO - DAG(s) 'example_setup_teardown' retrieved from /home/airflow/.local/lib/python3.12/site-packages/airflow/example_dags/example_setup_teardown.py
[2024-11-15T05:44:52.067+0000] {logging_mixin.py:190} INFO - [2024-11-15T05:44:52.066+0000] {dag.py:3239} INFO - Sync 1 DAGs
[2024-11-15T05:44:52.140+0000] {logging_mixin.py:190} INFO - [2024-11-15T05:44:52.139+0000] {dag.py:4180} INFO - Setting next_dagrun for example_setup_teardown to None, run_after=None
[2024-11-15T05:44:52.228+0000] {processor.py:208} INFO - Processing /home/airflow/.local/lib/python3.12/site-packages/airflow/example_dags/example_setup_teardown.py took 0.365 seconds
[2024-11-15T05:45:22.403+0000] {processor.py:186} INFO - Started process (PID=920) to work on /home/airflow/.local/lib/python3.12/site-packages/airflow/example_dags/example_setup_teardown.py
[2024-11-15T05:45:22.406+0000] {processor.py:914} INFO - Processing file /home/airflow/.local/lib/python3.12/site-packages/airflow/example_dags/example_setup_teardown.py for tasks to queue
[2024-11-15T05:45:22.411+0000] {logging_mixin.py:190} INFO - [2024-11-15T05:45:22.410+0000] {dagbag.py:588} INFO - Filling up the DagBag from /home/airflow/.local/lib/python3.12/site-packages/airflow/example_dags/example_setup_teardown.py
[2024-11-15T05:45:22.427+0000] {processor.py:925} INFO - DAG(s) 'example_setup_teardown' retrieved from /home/airflow/.local/lib/python3.12/site-packages/airflow/example_dags/example_setup_teardown.py
[2024-11-15T05:45:22.463+0000] {logging_mixin.py:190} INFO - [2024-11-15T05:45:22.463+0000] {dag.py:3239} INFO - Sync 1 DAGs
[2024-11-15T05:45:22.490+0000] {logging_mixin.py:190} INFO - [2024-11-15T05:45:22.490+0000] {dag.py:4180} INFO - Setting next_dagrun for example_setup_teardown to None, run_after=None
[2024-11-15T05:45:22.524+0000] {processor.py:208} INFO - Processing /home/airflow/.local/lib/python3.12/site-packages/airflow/example_dags/example_setup_teardown.py took 0.134 seconds
[2024-11-15T05:45:52.785+0000] {processor.py:186} INFO - Started process (PID=985) to work on /home/airflow/.local/lib/python3.12/site-packages/airflow/example_dags/example_setup_teardown.py
[2024-11-15T05:45:52.788+0000] {processor.py:914} INFO - Processing file /home/airflow/.local/lib/python3.12/site-packages/airflow/example_dags/example_setup_teardown.py for tasks to queue
[2024-11-15T05:45:52.795+0000] {logging_mixin.py:190} INFO - [2024-11-15T05:45:52.794+0000] {dagbag.py:588} INFO - Filling up the DagBag from /home/airflow/.local/lib/python3.12/site-packages/airflow/example_dags/example_setup_teardown.py
[2024-11-15T05:45:52.822+0000] {processor.py:925} INFO - DAG(s) 'example_setup_teardown' retrieved from /home/airflow/.local/lib/python3.12/site-packages/airflow/example_dags/example_setup_teardown.py
[2024-11-15T05:45:52.863+0000] {logging_mixin.py:190} INFO - [2024-11-15T05:45:52.863+0000] {dag.py:3239} INFO - Sync 1 DAGs
[2024-11-15T05:45:52.900+0000] {logging_mixin.py:190} INFO - [2024-11-15T05:45:52.900+0000] {dag.py:4180} INFO - Setting next_dagrun for example_setup_teardown to None, run_after=None
[2024-11-15T05:45:52.939+0000] {processor.py:208} INFO - Processing /home/airflow/.local/lib/python3.12/site-packages/airflow/example_dags/example_setup_teardown.py took 0.167 seconds
[2024-11-15T05:46:22.989+0000] {processor.py:186} INFO - Started process (PID=1050) to work on /home/airflow/.local/lib/python3.12/site-packages/airflow/example_dags/example_setup_teardown.py
[2024-11-15T05:46:22.991+0000] {processor.py:914} INFO - Processing file /home/airflow/.local/lib/python3.12/site-packages/airflow/example_dags/example_setup_teardown.py for tasks to queue
[2024-11-15T05:46:22.995+0000] {logging_mixin.py:190} INFO - [2024-11-15T05:46:22.994+0000] {dagbag.py:588} INFO - Filling up the DagBag from /home/airflow/.local/lib/python3.12/site-packages/airflow/example_dags/example_setup_teardown.py
[2024-11-15T05:46:23.009+0000] {processor.py:925} INFO - DAG(s) 'example_setup_teardown' retrieved from /home/airflow/.local/lib/python3.12/site-packages/airflow/example_dags/example_setup_teardown.py
[2024-11-15T05:46:23.048+0000] {logging_mixin.py:190} INFO - [2024-11-15T05:46:23.047+0000] {dag.py:3239} INFO - Sync 1 DAGs
[2024-11-15T05:46:23.077+0000] {logging_mixin.py:190} INFO - [2024-11-15T05:46:23.077+0000] {dag.py:4180} INFO - Setting next_dagrun for example_setup_teardown to None, run_after=None
[2024-11-15T05:46:23.108+0000] {processor.py:208} INFO - Processing /home/airflow/.local/lib/python3.12/site-packages/airflow/example_dags/example_setup_teardown.py took 0.129 seconds
[2024-11-15T05:46:53.851+0000] {processor.py:186} INFO - Started process (PID=1114) to work on /home/airflow/.local/lib/python3.12/site-packages/airflow/example_dags/example_setup_teardown.py
[2024-11-15T05:46:53.854+0000] {processor.py:914} INFO - Processing file /home/airflow/.local/lib/python3.12/site-packages/airflow/example_dags/example_setup_teardown.py for tasks to queue
[2024-11-15T05:46:53.864+0000] {logging_mixin.py:190} INFO - [2024-11-15T05:46:53.864+0000] {dagbag.py:588} INFO - Filling up the DagBag from /home/airflow/.local/lib/python3.12/site-packages/airflow/example_dags/example_setup_teardown.py
[2024-11-15T05:46:53.902+0000] {processor.py:925} INFO - DAG(s) 'example_setup_teardown' retrieved from /home/airflow/.local/lib/python3.12/site-packages/airflow/example_dags/example_setup_teardown.py
[2024-11-15T05:46:53.952+0000] {logging_mixin.py:190} INFO - [2024-11-15T05:46:53.951+0000] {dag.py:3239} INFO - Sync 1 DAGs
[2024-11-15T05:46:53.990+0000] {logging_mixin.py:190} INFO - [2024-11-15T05:46:53.990+0000] {dag.py:4180} INFO - Setting next_dagrun for example_setup_teardown to None, run_after=None
[2024-11-15T05:46:54.028+0000] {processor.py:208} INFO - Processing /home/airflow/.local/lib/python3.12/site-packages/airflow/example_dags/example_setup_teardown.py took 0.195 seconds
[2024-11-15T05:47:24.357+0000] {processor.py:186} INFO - Started process (PID=1179) to work on /home/airflow/.local/lib/python3.12/site-packages/airflow/example_dags/example_setup_teardown.py
[2024-11-15T05:47:24.365+0000] {processor.py:914} INFO - Processing file /home/airflow/.local/lib/python3.12/site-packages/airflow/example_dags/example_setup_teardown.py for tasks to queue
[2024-11-15T05:47:24.373+0000] {logging_mixin.py:190} INFO - [2024-11-15T05:47:24.372+0000] {dagbag.py:588} INFO - Filling up the DagBag from /home/airflow/.local/lib/python3.12/site-packages/airflow/example_dags/example_setup_teardown.py
[2024-11-15T05:47:24.426+0000] {processor.py:925} INFO - DAG(s) 'example_setup_teardown' retrieved from /home/airflow/.local/lib/python3.12/site-packages/airflow/example_dags/example_setup_teardown.py
[2024-11-15T05:47:24.526+0000] {logging_mixin.py:190} INFO - [2024-11-15T05:47:24.521+0000] {dag.py:3239} INFO - Sync 1 DAGs
[2024-11-15T05:47:24.620+0000] {logging_mixin.py:190} INFO - [2024-11-15T05:47:24.619+0000] {dag.py:4180} INFO - Setting next_dagrun for example_setup_teardown to None, run_after=None
[2024-11-15T05:47:24.724+0000] {processor.py:208} INFO - Processing /home/airflow/.local/lib/python3.12/site-packages/airflow/example_dags/example_setup_teardown.py took 0.398 seconds
[2024-11-15T05:47:54.936+0000] {processor.py:186} INFO - Started process (PID=1243) to work on /home/airflow/.local/lib/python3.12/site-packages/airflow/example_dags/example_setup_teardown.py
[2024-11-15T05:47:54.940+0000] {processor.py:914} INFO - Processing file /home/airflow/.local/lib/python3.12/site-packages/airflow/example_dags/example_setup_teardown.py for tasks to queue
[2024-11-15T05:47:54.946+0000] {logging_mixin.py:190} INFO - [2024-11-15T05:47:54.945+0000] {dagbag.py:588} INFO - Filling up the DagBag from /home/airflow/.local/lib/python3.12/site-packages/airflow/example_dags/example_setup_teardown.py
[2024-11-15T05:47:54.965+0000] {processor.py:925} INFO - DAG(s) 'example_setup_teardown' retrieved from /home/airflow/.local/lib/python3.12/site-packages/airflow/example_dags/example_setup_teardown.py
[2024-11-15T05:47:55.022+0000] {logging_mixin.py:190} INFO - [2024-11-15T05:47:55.021+0000] {dag.py:3239} INFO - Sync 1 DAGs
[2024-11-15T05:47:55.078+0000] {logging_mixin.py:190} INFO - [2024-11-15T05:47:55.078+0000] {dag.py:4180} INFO - Setting next_dagrun for example_setup_teardown to None, run_after=None
[2024-11-15T05:47:55.291+0000] {processor.py:208} INFO - Processing /home/airflow/.local/lib/python3.12/site-packages/airflow/example_dags/example_setup_teardown.py took 0.367 seconds
[2024-11-15T05:48:25.507+0000] {processor.py:186} INFO - Started process (PID=1307) to work on /home/airflow/.local/lib/python3.12/site-packages/airflow/example_dags/example_setup_teardown.py
[2024-11-15T05:48:25.513+0000] {processor.py:914} INFO - Processing file /home/airflow/.local/lib/python3.12/site-packages/airflow/example_dags/example_setup_teardown.py for tasks to queue
[2024-11-15T05:48:25.519+0000] {logging_mixin.py:190} INFO - [2024-11-15T05:48:25.518+0000] {dagbag.py:588} INFO - Filling up the DagBag from /home/airflow/.local/lib/python3.12/site-packages/airflow/example_dags/example_setup_teardown.py
[2024-11-15T05:48:25.538+0000] {processor.py:925} INFO - DAG(s) 'example_setup_teardown' retrieved from /home/airflow/.local/lib/python3.12/site-packages/airflow/example_dags/example_setup_teardown.py
[2024-11-15T05:48:25.578+0000] {logging_mixin.py:190} INFO - [2024-11-15T05:48:25.577+0000] {dag.py:3239} INFO - Sync 1 DAGs
[2024-11-15T05:48:25.616+0000] {logging_mixin.py:190} INFO - [2024-11-15T05:48:25.615+0000] {dag.py:4180} INFO - Setting next_dagrun for example_setup_teardown to None, run_after=None
[2024-11-15T05:48:25.662+0000] {processor.py:208} INFO - Processing /home/airflow/.local/lib/python3.12/site-packages/airflow/example_dags/example_setup_teardown.py took 0.171 seconds
[2024-11-15T05:48:55.940+0000] {processor.py:186} INFO - Started process (PID=1372) to work on /home/airflow/.local/lib/python3.12/site-packages/airflow/example_dags/example_setup_teardown.py
[2024-11-15T05:48:55.943+0000] {processor.py:914} INFO - Processing file /home/airflow/.local/lib/python3.12/site-packages/airflow/example_dags/example_setup_teardown.py for tasks to queue
[2024-11-15T05:48:55.950+0000] {logging_mixin.py:190} INFO - [2024-11-15T05:48:55.949+0000] {dagbag.py:588} INFO - Filling up the DagBag from /home/airflow/.local/lib/python3.12/site-packages/airflow/example_dags/example_setup_teardown.py
[2024-11-15T05:48:55.973+0000] {processor.py:925} INFO - DAG(s) 'example_setup_teardown' retrieved from /home/airflow/.local/lib/python3.12/site-packages/airflow/example_dags/example_setup_teardown.py
[2024-11-15T05:48:56.026+0000] {logging_mixin.py:190} INFO - [2024-11-15T05:48:56.026+0000] {dag.py:3239} INFO - Sync 1 DAGs
[2024-11-15T05:48:56.065+0000] {logging_mixin.py:190} INFO - [2024-11-15T05:48:56.065+0000] {dag.py:4180} INFO - Setting next_dagrun for example_setup_teardown to None, run_after=None
[2024-11-15T05:48:56.113+0000] {processor.py:208} INFO - Processing /home/airflow/.local/lib/python3.12/site-packages/airflow/example_dags/example_setup_teardown.py took 0.190 seconds
[2024-11-15T05:49:26.727+0000] {processor.py:186} INFO - Started process (PID=1437) to work on /home/airflow/.local/lib/python3.12/site-packages/airflow/example_dags/example_setup_teardown.py
[2024-11-15T05:49:26.731+0000] {processor.py:914} INFO - Processing file /home/airflow/.local/lib/python3.12/site-packages/airflow/example_dags/example_setup_teardown.py for tasks to queue
[2024-11-15T05:49:26.739+0000] {logging_mixin.py:190} INFO - [2024-11-15T05:49:26.738+0000] {dagbag.py:588} INFO - Filling up the DagBag from /home/airflow/.local/lib/python3.12/site-packages/airflow/example_dags/example_setup_teardown.py
[2024-11-15T05:49:26.763+0000] {processor.py:925} INFO - DAG(s) 'example_setup_teardown' retrieved from /home/airflow/.local/lib/python3.12/site-packages/airflow/example_dags/example_setup_teardown.py
[2024-11-15T05:49:26.822+0000] {logging_mixin.py:190} INFO - [2024-11-15T05:49:26.822+0000] {dag.py:3239} INFO - Sync 1 DAGs
[2024-11-15T05:49:26.871+0000] {logging_mixin.py:190} INFO - [2024-11-15T05:49:26.871+0000] {dag.py:4180} INFO - Setting next_dagrun for example_setup_teardown to None, run_after=None
[2024-11-15T05:49:26.921+0000] {processor.py:208} INFO - Processing /home/airflow/.local/lib/python3.12/site-packages/airflow/example_dags/example_setup_teardown.py took 0.208 seconds
[2024-11-15T05:50:28.062+0000] {processor.py:186} INFO - Started process (PID=1492) to work on /home/airflow/.local/lib/python3.12/site-packages/airflow/example_dags/example_setup_teardown.py
[2024-11-15T05:50:28.073+0000] {processor.py:914} INFO - Processing file /home/airflow/.local/lib/python3.12/site-packages/airflow/example_dags/example_setup_teardown.py for tasks to queue
[2024-11-15T05:50:28.080+0000] {logging_mixin.py:190} INFO - [2024-11-15T05:50:28.079+0000] {dagbag.py:588} INFO - Filling up the DagBag from /home/airflow/.local/lib/python3.12/site-packages/airflow/example_dags/example_setup_teardown.py
[2024-11-15T05:50:28.114+0000] {processor.py:925} INFO - DAG(s) 'example_setup_teardown' retrieved from /home/airflow/.local/lib/python3.12/site-packages/airflow/example_dags/example_setup_teardown.py
[2024-11-15T05:50:28.172+0000] {logging_mixin.py:190} INFO - [2024-11-15T05:50:28.171+0000] {dag.py:3239} INFO - Sync 1 DAGs
[2024-11-15T05:50:28.225+0000] {logging_mixin.py:190} INFO - [2024-11-15T05:50:28.224+0000] {dag.py:4180} INFO - Setting next_dagrun for example_setup_teardown to None, run_after=None
[2024-11-15T05:50:28.284+0000] {processor.py:208} INFO - Processing /home/airflow/.local/lib/python3.12/site-packages/airflow/example_dags/example_setup_teardown.py took 0.244 seconds
[2024-11-15T05:50:59.573+0000] {processor.py:186} INFO - Started process (PID=1558) to work on /home/airflow/.local/lib/python3.12/site-packages/airflow/example_dags/example_setup_teardown.py
[2024-11-15T05:50:59.578+0000] {processor.py:914} INFO - Processing file /home/airflow/.local/lib/python3.12/site-packages/airflow/example_dags/example_setup_teardown.py for tasks to queue
[2024-11-15T05:50:59.590+0000] {logging_mixin.py:190} INFO - [2024-11-15T05:50:59.589+0000] {dagbag.py:588} INFO - Filling up the DagBag from /home/airflow/.local/lib/python3.12/site-packages/airflow/example_dags/example_setup_teardown.py
[2024-11-15T05:50:59.635+0000] {processor.py:925} INFO - DAG(s) 'example_setup_teardown' retrieved from /home/airflow/.local/lib/python3.12/site-packages/airflow/example_dags/example_setup_teardown.py
[2024-11-15T05:50:59.725+0000] {logging_mixin.py:190} INFO - [2024-11-15T05:50:59.724+0000] {dag.py:3239} INFO - Sync 1 DAGs
[2024-11-15T05:50:59.810+0000] {logging_mixin.py:190} INFO - [2024-11-15T05:50:59.809+0000] {dag.py:4180} INFO - Setting next_dagrun for example_setup_teardown to None, run_after=None
[2024-11-15T05:50:59.927+0000] {processor.py:208} INFO - Processing /home/airflow/.local/lib/python3.12/site-packages/airflow/example_dags/example_setup_teardown.py took 0.374 seconds
[2024-11-15T05:51:30.671+0000] {processor.py:186} INFO - Started process (PID=1624) to work on /home/airflow/.local/lib/python3.12/site-packages/airflow/example_dags/example_setup_teardown.py
[2024-11-15T05:51:30.674+0000] {processor.py:914} INFO - Processing file /home/airflow/.local/lib/python3.12/site-packages/airflow/example_dags/example_setup_teardown.py for tasks to queue
[2024-11-15T05:51:30.678+0000] {logging_mixin.py:190} INFO - [2024-11-15T05:51:30.677+0000] {dagbag.py:588} INFO - Filling up the DagBag from /home/airflow/.local/lib/python3.12/site-packages/airflow/example_dags/example_setup_teardown.py
[2024-11-15T05:51:30.693+0000] {processor.py:925} INFO - DAG(s) 'example_setup_teardown' retrieved from /home/airflow/.local/lib/python3.12/site-packages/airflow/example_dags/example_setup_teardown.py
[2024-11-15T05:51:30.733+0000] {logging_mixin.py:190} INFO - [2024-11-15T05:51:30.732+0000] {dag.py:3239} INFO - Sync 1 DAGs
[2024-11-15T05:51:30.760+0000] {logging_mixin.py:190} INFO - [2024-11-15T05:51:30.759+0000] {dag.py:4180} INFO - Setting next_dagrun for example_setup_teardown to None, run_after=None
[2024-11-15T05:51:30.793+0000] {processor.py:208} INFO - Processing /home/airflow/.local/lib/python3.12/site-packages/airflow/example_dags/example_setup_teardown.py took 0.132 seconds
[2024-11-15T05:52:02.341+0000] {processor.py:186} INFO - Started process (PID=1689) to work on /home/airflow/.local/lib/python3.12/site-packages/airflow/example_dags/example_setup_teardown.py
[2024-11-15T05:52:02.344+0000] {processor.py:914} INFO - Processing file /home/airflow/.local/lib/python3.12/site-packages/airflow/example_dags/example_setup_teardown.py for tasks to queue
[2024-11-15T05:52:02.349+0000] {logging_mixin.py:190} INFO - [2024-11-15T05:52:02.348+0000] {dagbag.py:588} INFO - Filling up the DagBag from /home/airflow/.local/lib/python3.12/site-packages/airflow/example_dags/example_setup_teardown.py
[2024-11-15T05:52:02.366+0000] {processor.py:925} INFO - DAG(s) 'example_setup_teardown' retrieved from /home/airflow/.local/lib/python3.12/site-packages/airflow/example_dags/example_setup_teardown.py
[2024-11-15T05:52:02.401+0000] {logging_mixin.py:190} INFO - [2024-11-15T05:52:02.400+0000] {dag.py:3239} INFO - Sync 1 DAGs
[2024-11-15T05:52:02.427+0000] {logging_mixin.py:190} INFO - [2024-11-15T05:52:02.427+0000] {dag.py:4180} INFO - Setting next_dagrun for example_setup_teardown to None, run_after=None
[2024-11-15T05:52:02.460+0000] {processor.py:208} INFO - Processing /home/airflow/.local/lib/python3.12/site-packages/airflow/example_dags/example_setup_teardown.py took 0.129 seconds
[2024-11-15T05:52:34.630+0000] {processor.py:186} INFO - Started process (PID=1754) to work on /home/airflow/.local/lib/python3.12/site-packages/airflow/example_dags/example_setup_teardown.py
[2024-11-15T05:52:34.633+0000] {processor.py:914} INFO - Processing file /home/airflow/.local/lib/python3.12/site-packages/airflow/example_dags/example_setup_teardown.py for tasks to queue
[2024-11-15T05:52:34.637+0000] {logging_mixin.py:190} INFO - [2024-11-15T05:52:34.637+0000] {dagbag.py:588} INFO - Filling up the DagBag from /home/airflow/.local/lib/python3.12/site-packages/airflow/example_dags/example_setup_teardown.py
[2024-11-15T05:52:34.655+0000] {processor.py:925} INFO - DAG(s) 'example_setup_teardown' retrieved from /home/airflow/.local/lib/python3.12/site-packages/airflow/example_dags/example_setup_teardown.py
[2024-11-15T05:52:34.693+0000] {logging_mixin.py:190} INFO - [2024-11-15T05:52:34.693+0000] {dag.py:3239} INFO - Sync 1 DAGs
[2024-11-15T05:52:34.722+0000] {logging_mixin.py:190} INFO - [2024-11-15T05:52:34.722+0000] {dag.py:4180} INFO - Setting next_dagrun for example_setup_teardown to None, run_after=None
[2024-11-15T05:52:34.756+0000] {processor.py:208} INFO - Processing /home/airflow/.local/lib/python3.12/site-packages/airflow/example_dags/example_setup_teardown.py took 0.137 seconds
[2024-11-15T05:53:07.038+0000] {processor.py:186} INFO - Started process (PID=1820) to work on /home/airflow/.local/lib/python3.12/site-packages/airflow/example_dags/example_setup_teardown.py
[2024-11-15T05:53:07.042+0000] {processor.py:914} INFO - Processing file /home/airflow/.local/lib/python3.12/site-packages/airflow/example_dags/example_setup_teardown.py for tasks to queue
[2024-11-15T05:53:07.050+0000] {logging_mixin.py:190} INFO - [2024-11-15T05:53:07.049+0000] {dagbag.py:588} INFO - Filling up the DagBag from /home/airflow/.local/lib/python3.12/site-packages/airflow/example_dags/example_setup_teardown.py
[2024-11-15T05:53:07.075+0000] {processor.py:925} INFO - DAG(s) 'example_setup_teardown' retrieved from /home/airflow/.local/lib/python3.12/site-packages/airflow/example_dags/example_setup_teardown.py
[2024-11-15T05:53:07.151+0000] {logging_mixin.py:190} INFO - [2024-11-15T05:53:07.150+0000] {dag.py:3239} INFO - Sync 1 DAGs
[2024-11-15T05:53:07.236+0000] {logging_mixin.py:190} INFO - [2024-11-15T05:53:07.235+0000] {dag.py:4180} INFO - Setting next_dagrun for example_setup_teardown to None, run_after=None
[2024-11-15T05:53:07.324+0000] {processor.py:208} INFO - Processing /home/airflow/.local/lib/python3.12/site-packages/airflow/example_dags/example_setup_teardown.py took 0.301 seconds
[2024-11-15T05:53:39.500+0000] {processor.py:186} INFO - Started process (PID=1885) to work on /home/airflow/.local/lib/python3.12/site-packages/airflow/example_dags/example_setup_teardown.py
[2024-11-15T05:53:39.503+0000] {processor.py:914} INFO - Processing file /home/airflow/.local/lib/python3.12/site-packages/airflow/example_dags/example_setup_teardown.py for tasks to queue
[2024-11-15T05:53:39.509+0000] {logging_mixin.py:190} INFO - [2024-11-15T05:53:39.508+0000] {dagbag.py:588} INFO - Filling up the DagBag from /home/airflow/.local/lib/python3.12/site-packages/airflow/example_dags/example_setup_teardown.py
[2024-11-15T05:53:39.529+0000] {processor.py:925} INFO - DAG(s) 'example_setup_teardown' retrieved from /home/airflow/.local/lib/python3.12/site-packages/airflow/example_dags/example_setup_teardown.py
[2024-11-15T05:53:39.581+0000] {logging_mixin.py:190} INFO - [2024-11-15T05:53:39.581+0000] {dag.py:3239} INFO - Sync 1 DAGs
[2024-11-15T05:53:39.618+0000] {logging_mixin.py:190} INFO - [2024-11-15T05:53:39.618+0000] {dag.py:4180} INFO - Setting next_dagrun for example_setup_teardown to None, run_after=None
[2024-11-15T05:53:39.659+0000] {processor.py:208} INFO - Processing /home/airflow/.local/lib/python3.12/site-packages/airflow/example_dags/example_setup_teardown.py took 0.175 seconds
[2024-11-15T05:54:11.412+0000] {processor.py:186} INFO - Started process (PID=1950) to work on /home/airflow/.local/lib/python3.12/site-packages/airflow/example_dags/example_setup_teardown.py
[2024-11-15T05:54:11.416+0000] {processor.py:914} INFO - Processing file /home/airflow/.local/lib/python3.12/site-packages/airflow/example_dags/example_setup_teardown.py for tasks to queue
[2024-11-15T05:54:11.424+0000] {logging_mixin.py:190} INFO - [2024-11-15T05:54:11.423+0000] {dagbag.py:588} INFO - Filling up the DagBag from /home/airflow/.local/lib/python3.12/site-packages/airflow/example_dags/example_setup_teardown.py
[2024-11-15T05:54:11.452+0000] {processor.py:925} INFO - DAG(s) 'example_setup_teardown' retrieved from /home/airflow/.local/lib/python3.12/site-packages/airflow/example_dags/example_setup_teardown.py
[2024-11-15T05:54:11.493+0000] {logging_mixin.py:190} INFO - [2024-11-15T05:54:11.493+0000] {dag.py:3239} INFO - Sync 1 DAGs
[2024-11-15T05:54:11.527+0000] {logging_mixin.py:190} INFO - [2024-11-15T05:54:11.527+0000] {dag.py:4180} INFO - Setting next_dagrun for example_setup_teardown to None, run_after=None
[2024-11-15T05:54:11.563+0000] {processor.py:208} INFO - Processing /home/airflow/.local/lib/python3.12/site-packages/airflow/example_dags/example_setup_teardown.py took 0.165 seconds
[2024-11-15T05:54:43.800+0000] {processor.py:186} INFO - Started process (PID=2021) to work on /home/airflow/.local/lib/python3.12/site-packages/airflow/example_dags/example_setup_teardown.py
[2024-11-15T05:54:43.803+0000] {processor.py:914} INFO - Processing file /home/airflow/.local/lib/python3.12/site-packages/airflow/example_dags/example_setup_teardown.py for tasks to queue
[2024-11-15T05:54:43.810+0000] {logging_mixin.py:190} INFO - [2024-11-15T05:54:43.809+0000] {dagbag.py:588} INFO - Filling up the DagBag from /home/airflow/.local/lib/python3.12/site-packages/airflow/example_dags/example_setup_teardown.py
[2024-11-15T05:54:43.833+0000] {processor.py:925} INFO - DAG(s) 'example_setup_teardown' retrieved from /home/airflow/.local/lib/python3.12/site-packages/airflow/example_dags/example_setup_teardown.py
[2024-11-15T05:54:43.870+0000] {logging_mixin.py:190} INFO - [2024-11-15T05:54:43.870+0000] {dag.py:3239} INFO - Sync 1 DAGs
[2024-11-15T05:54:43.897+0000] {logging_mixin.py:190} INFO - [2024-11-15T05:54:43.896+0000] {dag.py:4180} INFO - Setting next_dagrun for example_setup_teardown to None, run_after=None
[2024-11-15T05:54:43.929+0000] {processor.py:208} INFO - Processing /home/airflow/.local/lib/python3.12/site-packages/airflow/example_dags/example_setup_teardown.py took 0.150 seconds
[2024-11-15T05:55:33.061+0000] {processor.py:186} INFO - Started process (PID=2082) to work on /home/airflow/.local/lib/python3.12/site-packages/airflow/example_dags/example_setup_teardown.py
[2024-11-15T05:55:33.065+0000] {processor.py:914} INFO - Processing file /home/airflow/.local/lib/python3.12/site-packages/airflow/example_dags/example_setup_teardown.py for tasks to queue
[2024-11-15T05:55:33.073+0000] {logging_mixin.py:190} INFO - [2024-11-15T05:55:33.072+0000] {dagbag.py:588} INFO - Filling up the DagBag from /home/airflow/.local/lib/python3.12/site-packages/airflow/example_dags/example_setup_teardown.py
[2024-11-15T05:55:33.096+0000] {processor.py:925} INFO - DAG(s) 'example_setup_teardown' retrieved from /home/airflow/.local/lib/python3.12/site-packages/airflow/example_dags/example_setup_teardown.py
[2024-11-15T05:55:33.144+0000] {logging_mixin.py:190} INFO - [2024-11-15T05:55:33.143+0000] {dag.py:3239} INFO - Sync 1 DAGs
[2024-11-15T05:55:33.178+0000] {logging_mixin.py:190} INFO - [2024-11-15T05:55:33.177+0000] {dag.py:4180} INFO - Setting next_dagrun for example_setup_teardown to None, run_after=None
[2024-11-15T05:55:33.281+0000] {processor.py:208} INFO - Processing /home/airflow/.local/lib/python3.12/site-packages/airflow/example_dags/example_setup_teardown.py took 0.236 seconds
[2024-11-15T05:56:04.680+0000] {processor.py:186} INFO - Started process (PID=2147) to work on /home/airflow/.local/lib/python3.12/site-packages/airflow/example_dags/example_setup_teardown.py
[2024-11-15T05:56:04.684+0000] {processor.py:914} INFO - Processing file /home/airflow/.local/lib/python3.12/site-packages/airflow/example_dags/example_setup_teardown.py for tasks to queue
[2024-11-15T05:56:04.693+0000] {logging_mixin.py:190} INFO - [2024-11-15T05:56:04.692+0000] {dagbag.py:588} INFO - Filling up the DagBag from /home/airflow/.local/lib/python3.12/site-packages/airflow/example_dags/example_setup_teardown.py
[2024-11-15T05:56:04.716+0000] {processor.py:925} INFO - DAG(s) 'example_setup_teardown' retrieved from /home/airflow/.local/lib/python3.12/site-packages/airflow/example_dags/example_setup_teardown.py
[2024-11-15T05:56:04.797+0000] {logging_mixin.py:190} INFO - [2024-11-15T05:56:04.796+0000] {dag.py:3239} INFO - Sync 1 DAGs
[2024-11-15T05:56:04.889+0000] {logging_mixin.py:190} INFO - [2024-11-15T05:56:04.888+0000] {dag.py:4180} INFO - Setting next_dagrun for example_setup_teardown to None, run_after=None
[2024-11-15T05:56:04.994+0000] {processor.py:208} INFO - Processing /home/airflow/.local/lib/python3.12/site-packages/airflow/example_dags/example_setup_teardown.py took 0.336 seconds
[2024-11-15T05:56:37.629+0000] {processor.py:186} INFO - Started process (PID=2212) to work on /home/airflow/.local/lib/python3.12/site-packages/airflow/example_dags/example_setup_teardown.py
[2024-11-15T05:56:37.632+0000] {processor.py:914} INFO - Processing file /home/airflow/.local/lib/python3.12/site-packages/airflow/example_dags/example_setup_teardown.py for tasks to queue
[2024-11-15T05:56:37.638+0000] {logging_mixin.py:190} INFO - [2024-11-15T05:56:37.637+0000] {dagbag.py:588} INFO - Filling up the DagBag from /home/airflow/.local/lib/python3.12/site-packages/airflow/example_dags/example_setup_teardown.py
[2024-11-15T05:56:37.663+0000] {processor.py:925} INFO - DAG(s) 'example_setup_teardown' retrieved from /home/airflow/.local/lib/python3.12/site-packages/airflow/example_dags/example_setup_teardown.py
[2024-11-15T05:56:37.731+0000] {logging_mixin.py:190} INFO - [2024-11-15T05:56:37.730+0000] {dag.py:3239} INFO - Sync 1 DAGs
[2024-11-15T05:56:37.790+0000] {logging_mixin.py:190} INFO - [2024-11-15T05:56:37.788+0000] {dag.py:4180} INFO - Setting next_dagrun for example_setup_teardown to None, run_after=None
[2024-11-15T05:56:37.875+0000] {processor.py:208} INFO - Processing /home/airflow/.local/lib/python3.12/site-packages/airflow/example_dags/example_setup_teardown.py took 0.262 seconds
[2024-11-15T05:57:10.206+0000] {processor.py:186} INFO - Started process (PID=2277) to work on /home/airflow/.local/lib/python3.12/site-packages/airflow/example_dags/example_setup_teardown.py
[2024-11-15T05:57:10.209+0000] {processor.py:914} INFO - Processing file /home/airflow/.local/lib/python3.12/site-packages/airflow/example_dags/example_setup_teardown.py for tasks to queue
[2024-11-15T05:57:10.220+0000] {logging_mixin.py:190} INFO - [2024-11-15T05:57:10.218+0000] {dagbag.py:588} INFO - Filling up the DagBag from /home/airflow/.local/lib/python3.12/site-packages/airflow/example_dags/example_setup_teardown.py
[2024-11-15T05:57:10.248+0000] {processor.py:925} INFO - DAG(s) 'example_setup_teardown' retrieved from /home/airflow/.local/lib/python3.12/site-packages/airflow/example_dags/example_setup_teardown.py
[2024-11-15T05:57:10.309+0000] {logging_mixin.py:190} INFO - [2024-11-15T05:57:10.309+0000] {dag.py:3239} INFO - Sync 1 DAGs
[2024-11-15T05:57:10.372+0000] {logging_mixin.py:190} INFO - [2024-11-15T05:57:10.372+0000] {dag.py:4180} INFO - Setting next_dagrun for example_setup_teardown to None, run_after=None
[2024-11-15T05:57:10.433+0000] {processor.py:208} INFO - Processing /home/airflow/.local/lib/python3.12/site-packages/airflow/example_dags/example_setup_teardown.py took 0.241 seconds
[2024-11-15T05:57:41.851+0000] {processor.py:186} INFO - Started process (PID=2342) to work on /home/airflow/.local/lib/python3.12/site-packages/airflow/example_dags/example_setup_teardown.py
[2024-11-15T05:57:41.854+0000] {processor.py:914} INFO - Processing file /home/airflow/.local/lib/python3.12/site-packages/airflow/example_dags/example_setup_teardown.py for tasks to queue
[2024-11-15T05:57:41.861+0000] {logging_mixin.py:190} INFO - [2024-11-15T05:57:41.860+0000] {dagbag.py:588} INFO - Filling up the DagBag from /home/airflow/.local/lib/python3.12/site-packages/airflow/example_dags/example_setup_teardown.py
[2024-11-15T05:57:41.881+0000] {processor.py:925} INFO - DAG(s) 'example_setup_teardown' retrieved from /home/airflow/.local/lib/python3.12/site-packages/airflow/example_dags/example_setup_teardown.py
[2024-11-15T05:57:41.929+0000] {logging_mixin.py:190} INFO - [2024-11-15T05:57:41.929+0000] {dag.py:3239} INFO - Sync 1 DAGs
[2024-11-15T05:57:41.968+0000] {logging_mixin.py:190} INFO - [2024-11-15T05:57:41.967+0000] {dag.py:4180} INFO - Setting next_dagrun for example_setup_teardown to None, run_after=None
[2024-11-15T05:57:42.012+0000] {processor.py:208} INFO - Processing /home/airflow/.local/lib/python3.12/site-packages/airflow/example_dags/example_setup_teardown.py took 0.175 seconds
[2024-11-15T05:58:15.604+0000] {processor.py:186} INFO - Started process (PID=2411) to work on /home/airflow/.local/lib/python3.12/site-packages/airflow/example_dags/example_setup_teardown.py
[2024-11-15T05:58:15.607+0000] {processor.py:914} INFO - Processing file /home/airflow/.local/lib/python3.12/site-packages/airflow/example_dags/example_setup_teardown.py for tasks to queue
[2024-11-15T05:58:15.612+0000] {logging_mixin.py:190} INFO - [2024-11-15T05:58:15.611+0000] {dagbag.py:588} INFO - Filling up the DagBag from /home/airflow/.local/lib/python3.12/site-packages/airflow/example_dags/example_setup_teardown.py
[2024-11-15T05:58:15.632+0000] {processor.py:925} INFO - DAG(s) 'example_setup_teardown' retrieved from /home/airflow/.local/lib/python3.12/site-packages/airflow/example_dags/example_setup_teardown.py
[2024-11-15T05:58:15.669+0000] {logging_mixin.py:190} INFO - [2024-11-15T05:58:15.668+0000] {dag.py:3239} INFO - Sync 1 DAGs
[2024-11-15T05:58:15.696+0000] {logging_mixin.py:190} INFO - [2024-11-15T05:58:15.695+0000] {dag.py:4180} INFO - Setting next_dagrun for example_setup_teardown to None, run_after=None
[2024-11-15T05:58:15.729+0000] {processor.py:208} INFO - Processing /home/airflow/.local/lib/python3.12/site-packages/airflow/example_dags/example_setup_teardown.py took 0.135 seconds
[2024-11-15T05:58:47.581+0000] {processor.py:186} INFO - Started process (PID=2476) to work on /home/airflow/.local/lib/python3.12/site-packages/airflow/example_dags/example_setup_teardown.py
[2024-11-15T05:58:47.584+0000] {processor.py:914} INFO - Processing file /home/airflow/.local/lib/python3.12/site-packages/airflow/example_dags/example_setup_teardown.py for tasks to queue
[2024-11-15T05:58:47.590+0000] {logging_mixin.py:190} INFO - [2024-11-15T05:58:47.589+0000] {dagbag.py:588} INFO - Filling up the DagBag from /home/airflow/.local/lib/python3.12/site-packages/airflow/example_dags/example_setup_teardown.py
[2024-11-15T05:58:47.613+0000] {processor.py:925} INFO - DAG(s) 'example_setup_teardown' retrieved from /home/airflow/.local/lib/python3.12/site-packages/airflow/example_dags/example_setup_teardown.py
[2024-11-15T05:58:47.679+0000] {logging_mixin.py:190} INFO - [2024-11-15T05:58:47.678+0000] {dag.py:3239} INFO - Sync 1 DAGs
[2024-11-15T05:58:47.716+0000] {logging_mixin.py:190} INFO - [2024-11-15T05:58:47.716+0000] {dag.py:4180} INFO - Setting next_dagrun for example_setup_teardown to None, run_after=None
[2024-11-15T05:58:47.760+0000] {processor.py:208} INFO - Processing /home/airflow/.local/lib/python3.12/site-packages/airflow/example_dags/example_setup_teardown.py took 0.195 seconds
[2024-11-15T05:59:20.523+0000] {processor.py:186} INFO - Started process (PID=2551) to work on /home/airflow/.local/lib/python3.12/site-packages/airflow/example_dags/example_setup_teardown.py
[2024-11-15T05:59:20.527+0000] {processor.py:914} INFO - Processing file /home/airflow/.local/lib/python3.12/site-packages/airflow/example_dags/example_setup_teardown.py for tasks to queue
[2024-11-15T05:59:20.534+0000] {logging_mixin.py:190} INFO - [2024-11-15T05:59:20.533+0000] {dagbag.py:588} INFO - Filling up the DagBag from /home/airflow/.local/lib/python3.12/site-packages/airflow/example_dags/example_setup_teardown.py
[2024-11-15T05:59:20.558+0000] {processor.py:925} INFO - DAG(s) 'example_setup_teardown' retrieved from /home/airflow/.local/lib/python3.12/site-packages/airflow/example_dags/example_setup_teardown.py
[2024-11-15T05:59:20.601+0000] {logging_mixin.py:190} INFO - [2024-11-15T05:59:20.601+0000] {dag.py:3239} INFO - Sync 1 DAGs
[2024-11-15T05:59:20.635+0000] {logging_mixin.py:190} INFO - [2024-11-15T05:59:20.634+0000] {dag.py:4180} INFO - Setting next_dagrun for example_setup_teardown to None, run_after=None
[2024-11-15T05:59:20.678+0000] {processor.py:208} INFO - Processing /home/airflow/.local/lib/python3.12/site-packages/airflow/example_dags/example_setup_teardown.py took 0.171 seconds
[2024-11-15T05:59:54.540+0000] {processor.py:186} INFO - Started process (PID=2616) to work on /home/airflow/.local/lib/python3.12/site-packages/airflow/example_dags/example_setup_teardown.py
[2024-11-15T05:59:54.543+0000] {processor.py:914} INFO - Processing file /home/airflow/.local/lib/python3.12/site-packages/airflow/example_dags/example_setup_teardown.py for tasks to queue
[2024-11-15T05:59:54.548+0000] {logging_mixin.py:190} INFO - [2024-11-15T05:59:54.548+0000] {dagbag.py:588} INFO - Filling up the DagBag from /home/airflow/.local/lib/python3.12/site-packages/airflow/example_dags/example_setup_teardown.py
[2024-11-15T05:59:54.567+0000] {processor.py:925} INFO - DAG(s) 'example_setup_teardown' retrieved from /home/airflow/.local/lib/python3.12/site-packages/airflow/example_dags/example_setup_teardown.py
[2024-11-15T05:59:54.605+0000] {logging_mixin.py:190} INFO - [2024-11-15T05:59:54.604+0000] {dag.py:3239} INFO - Sync 1 DAGs
[2024-11-15T05:59:54.634+0000] {logging_mixin.py:190} INFO - [2024-11-15T05:59:54.633+0000] {dag.py:4180} INFO - Setting next_dagrun for example_setup_teardown to None, run_after=None
[2024-11-15T05:59:54.667+0000] {processor.py:208} INFO - Processing /home/airflow/.local/lib/python3.12/site-packages/airflow/example_dags/example_setup_teardown.py took 0.139 seconds
[2024-11-15T06:00:25.720+0000] {processor.py:186} INFO - Started process (PID=2681) to work on /home/airflow/.local/lib/python3.12/site-packages/airflow/example_dags/example_setup_teardown.py
[2024-11-15T06:00:25.723+0000] {processor.py:914} INFO - Processing file /home/airflow/.local/lib/python3.12/site-packages/airflow/example_dags/example_setup_teardown.py for tasks to queue
[2024-11-15T06:00:25.730+0000] {logging_mixin.py:190} INFO - [2024-11-15T06:00:25.729+0000] {dagbag.py:588} INFO - Filling up the DagBag from /home/airflow/.local/lib/python3.12/site-packages/airflow/example_dags/example_setup_teardown.py
[2024-11-15T06:00:25.757+0000] {processor.py:925} INFO - DAG(s) 'example_setup_teardown' retrieved from /home/airflow/.local/lib/python3.12/site-packages/airflow/example_dags/example_setup_teardown.py
[2024-11-15T06:00:25.809+0000] {logging_mixin.py:190} INFO - [2024-11-15T06:00:25.809+0000] {dag.py:3239} INFO - Sync 1 DAGs
[2024-11-15T06:00:25.850+0000] {logging_mixin.py:190} INFO - [2024-11-15T06:00:25.850+0000] {dag.py:4180} INFO - Setting next_dagrun for example_setup_teardown to None, run_after=None
[2024-11-15T06:00:25.893+0000] {processor.py:208} INFO - Processing /home/airflow/.local/lib/python3.12/site-packages/airflow/example_dags/example_setup_teardown.py took 0.190 seconds
[2024-11-15T06:00:57.499+0000] {processor.py:186} INFO - Started process (PID=2748) to work on /home/airflow/.local/lib/python3.12/site-packages/airflow/example_dags/example_setup_teardown.py
[2024-11-15T06:00:57.510+0000] {processor.py:914} INFO - Processing file /home/airflow/.local/lib/python3.12/site-packages/airflow/example_dags/example_setup_teardown.py for tasks to queue
[2024-11-15T06:00:57.516+0000] {logging_mixin.py:190} INFO - [2024-11-15T06:00:57.516+0000] {dagbag.py:588} INFO - Filling up the DagBag from /home/airflow/.local/lib/python3.12/site-packages/airflow/example_dags/example_setup_teardown.py
[2024-11-15T06:00:57.534+0000] {processor.py:925} INFO - DAG(s) 'example_setup_teardown' retrieved from /home/airflow/.local/lib/python3.12/site-packages/airflow/example_dags/example_setup_teardown.py
[2024-11-15T06:00:57.576+0000] {logging_mixin.py:190} INFO - [2024-11-15T06:00:57.576+0000] {dag.py:3239} INFO - Sync 1 DAGs
[2024-11-15T06:00:57.601+0000] {logging_mixin.py:190} INFO - [2024-11-15T06:00:57.601+0000] {dag.py:4180} INFO - Setting next_dagrun for example_setup_teardown to None, run_after=None
[2024-11-15T06:00:57.643+0000] {processor.py:208} INFO - Processing /home/airflow/.local/lib/python3.12/site-packages/airflow/example_dags/example_setup_teardown.py took 0.157 seconds
[2024-11-15T06:01:29.971+0000] {processor.py:186} INFO - Started process (PID=2813) to work on /home/airflow/.local/lib/python3.12/site-packages/airflow/example_dags/example_setup_teardown.py
[2024-11-15T06:01:29.978+0000] {processor.py:914} INFO - Processing file /home/airflow/.local/lib/python3.12/site-packages/airflow/example_dags/example_setup_teardown.py for tasks to queue
[2024-11-15T06:01:29.983+0000] {logging_mixin.py:190} INFO - [2024-11-15T06:01:29.982+0000] {dagbag.py:588} INFO - Filling up the DagBag from /home/airflow/.local/lib/python3.12/site-packages/airflow/example_dags/example_setup_teardown.py
[2024-11-15T06:01:30.007+0000] {processor.py:925} INFO - DAG(s) 'example_setup_teardown' retrieved from /home/airflow/.local/lib/python3.12/site-packages/airflow/example_dags/example_setup_teardown.py
[2024-11-15T06:01:30.054+0000] {logging_mixin.py:190} INFO - [2024-11-15T06:01:30.054+0000] {dag.py:3239} INFO - Sync 1 DAGs
[2024-11-15T06:01:30.086+0000] {logging_mixin.py:190} INFO - [2024-11-15T06:01:30.085+0000] {dag.py:4180} INFO - Setting next_dagrun for example_setup_teardown to None, run_after=None
[2024-11-15T06:01:30.142+0000] {processor.py:208} INFO - Processing /home/airflow/.local/lib/python3.12/site-packages/airflow/example_dags/example_setup_teardown.py took 0.182 seconds
[2024-11-15T06:02:02.779+0000] {processor.py:186} INFO - Started process (PID=2878) to work on /home/airflow/.local/lib/python3.12/site-packages/airflow/example_dags/example_setup_teardown.py
[2024-11-15T06:02:02.783+0000] {processor.py:914} INFO - Processing file /home/airflow/.local/lib/python3.12/site-packages/airflow/example_dags/example_setup_teardown.py for tasks to queue
[2024-11-15T06:02:02.791+0000] {logging_mixin.py:190} INFO - [2024-11-15T06:02:02.790+0000] {dagbag.py:588} INFO - Filling up the DagBag from /home/airflow/.local/lib/python3.12/site-packages/airflow/example_dags/example_setup_teardown.py
[2024-11-15T06:02:02.823+0000] {processor.py:925} INFO - DAG(s) 'example_setup_teardown' retrieved from /home/airflow/.local/lib/python3.12/site-packages/airflow/example_dags/example_setup_teardown.py
[2024-11-15T06:02:02.892+0000] {logging_mixin.py:190} INFO - [2024-11-15T06:02:02.892+0000] {dag.py:3239} INFO - Sync 1 DAGs
[2024-11-15T06:02:02.945+0000] {logging_mixin.py:190} INFO - [2024-11-15T06:02:02.945+0000] {dag.py:4180} INFO - Setting next_dagrun for example_setup_teardown to None, run_after=None
[2024-11-15T06:02:03.010+0000] {processor.py:208} INFO - Processing /home/airflow/.local/lib/python3.12/site-packages/airflow/example_dags/example_setup_teardown.py took 0.256 seconds
[2024-11-15T06:02:43.661+0000] {processor.py:186} INFO - Started process (PID=2943) to work on /home/airflow/.local/lib/python3.12/site-packages/airflow/example_dags/example_setup_teardown.py
[2024-11-15T06:02:43.692+0000] {processor.py:914} INFO - Processing file /home/airflow/.local/lib/python3.12/site-packages/airflow/example_dags/example_setup_teardown.py for tasks to queue
[2024-11-15T06:02:43.709+0000] {logging_mixin.py:190} INFO - [2024-11-15T06:02:43.708+0000] {dagbag.py:588} INFO - Filling up the DagBag from /home/airflow/.local/lib/python3.12/site-packages/airflow/example_dags/example_setup_teardown.py
[2024-11-15T06:02:43.792+0000] {processor.py:925} INFO - DAG(s) 'example_setup_teardown' retrieved from /home/airflow/.local/lib/python3.12/site-packages/airflow/example_dags/example_setup_teardown.py
[2024-11-15T06:02:43.948+0000] {logging_mixin.py:190} INFO - [2024-11-15T06:02:43.947+0000] {dag.py:3239} INFO - Sync 1 DAGs
[2024-11-15T06:02:44.059+0000] {logging_mixin.py:190} INFO - [2024-11-15T06:02:44.059+0000] {dag.py:4180} INFO - Setting next_dagrun for example_setup_teardown to None, run_after=None
[2024-11-15T06:02:44.191+0000] {processor.py:208} INFO - Processing /home/airflow/.local/lib/python3.12/site-packages/airflow/example_dags/example_setup_teardown.py took 0.567 seconds
[2024-11-15T06:03:17.708+0000] {processor.py:186} INFO - Started process (PID=3009) to work on /home/airflow/.local/lib/python3.12/site-packages/airflow/example_dags/example_setup_teardown.py
[2024-11-15T06:03:17.712+0000] {processor.py:914} INFO - Processing file /home/airflow/.local/lib/python3.12/site-packages/airflow/example_dags/example_setup_teardown.py for tasks to queue
[2024-11-15T06:03:17.733+0000] {logging_mixin.py:190} INFO - [2024-11-15T06:03:17.732+0000] {dagbag.py:588} INFO - Filling up the DagBag from /home/airflow/.local/lib/python3.12/site-packages/airflow/example_dags/example_setup_teardown.py
[2024-11-15T06:03:17.796+0000] {processor.py:925} INFO - DAG(s) 'example_setup_teardown' retrieved from /home/airflow/.local/lib/python3.12/site-packages/airflow/example_dags/example_setup_teardown.py
[2024-11-15T06:03:17.906+0000] {logging_mixin.py:190} INFO - [2024-11-15T06:03:17.905+0000] {dag.py:3239} INFO - Sync 1 DAGs
[2024-11-15T06:03:17.987+0000] {logging_mixin.py:190} INFO - [2024-11-15T06:03:17.987+0000] {dag.py:4180} INFO - Setting next_dagrun for example_setup_teardown to None, run_after=None
[2024-11-15T06:03:18.077+0000] {processor.py:208} INFO - Processing /home/airflow/.local/lib/python3.12/site-packages/airflow/example_dags/example_setup_teardown.py took 0.399 seconds
[2024-11-15T06:03:55.876+0000] {processor.py:186} INFO - Started process (PID=3090) to work on /home/airflow/.local/lib/python3.12/site-packages/airflow/example_dags/example_setup_teardown.py
[2024-11-15T06:03:55.888+0000] {processor.py:914} INFO - Processing file /home/airflow/.local/lib/python3.12/site-packages/airflow/example_dags/example_setup_teardown.py for tasks to queue
[2024-11-15T06:03:55.899+0000] {logging_mixin.py:190} INFO - [2024-11-15T06:03:55.898+0000] {dagbag.py:588} INFO - Filling up the DagBag from /home/airflow/.local/lib/python3.12/site-packages/airflow/example_dags/example_setup_teardown.py
[2024-11-15T06:03:55.935+0000] {processor.py:925} INFO - DAG(s) 'example_setup_teardown' retrieved from /home/airflow/.local/lib/python3.12/site-packages/airflow/example_dags/example_setup_teardown.py
[2024-11-15T06:03:56.005+0000] {logging_mixin.py:190} INFO - [2024-11-15T06:03:56.004+0000] {dag.py:3239} INFO - Sync 1 DAGs
[2024-11-15T06:03:56.067+0000] {logging_mixin.py:190} INFO - [2024-11-15T06:03:56.066+0000] {dag.py:4180} INFO - Setting next_dagrun for example_setup_teardown to None, run_after=None
[2024-11-15T06:03:56.158+0000] {processor.py:208} INFO - Processing /home/airflow/.local/lib/python3.12/site-packages/airflow/example_dags/example_setup_teardown.py took 0.321 seconds
[2024-11-15T06:04:29.528+0000] {processor.py:186} INFO - Started process (PID=3155) to work on /home/airflow/.local/lib/python3.12/site-packages/airflow/example_dags/example_setup_teardown.py
[2024-11-15T06:04:29.531+0000] {processor.py:914} INFO - Processing file /home/airflow/.local/lib/python3.12/site-packages/airflow/example_dags/example_setup_teardown.py for tasks to queue
[2024-11-15T06:04:29.536+0000] {logging_mixin.py:190} INFO - [2024-11-15T06:04:29.536+0000] {dagbag.py:588} INFO - Filling up the DagBag from /home/airflow/.local/lib/python3.12/site-packages/airflow/example_dags/example_setup_teardown.py
[2024-11-15T06:04:29.557+0000] {processor.py:925} INFO - DAG(s) 'example_setup_teardown' retrieved from /home/airflow/.local/lib/python3.12/site-packages/airflow/example_dags/example_setup_teardown.py
[2024-11-15T06:04:29.659+0000] {logging_mixin.py:190} INFO - [2024-11-15T06:04:29.658+0000] {dag.py:3239} INFO - Sync 1 DAGs
[2024-11-15T06:04:29.733+0000] {logging_mixin.py:190} INFO - [2024-11-15T06:04:29.732+0000] {dag.py:4180} INFO - Setting next_dagrun for example_setup_teardown to None, run_after=None
[2024-11-15T06:04:30.603+0000] {processor.py:208} INFO - Processing /home/airflow/.local/lib/python3.12/site-packages/airflow/example_dags/example_setup_teardown.py took 1.091 seconds
[2024-11-15T06:05:01.057+0000] {processor.py:186} INFO - Started process (PID=3220) to work on /home/airflow/.local/lib/python3.12/site-packages/airflow/example_dags/example_setup_teardown.py
[2024-11-15T06:05:01.064+0000] {processor.py:914} INFO - Processing file /home/airflow/.local/lib/python3.12/site-packages/airflow/example_dags/example_setup_teardown.py for tasks to queue
[2024-11-15T06:05:01.078+0000] {logging_mixin.py:190} INFO - [2024-11-15T06:05:01.076+0000] {dagbag.py:588} INFO - Filling up the DagBag from /home/airflow/.local/lib/python3.12/site-packages/airflow/example_dags/example_setup_teardown.py
[2024-11-15T06:05:01.124+0000] {processor.py:925} INFO - DAG(s) 'example_setup_teardown' retrieved from /home/airflow/.local/lib/python3.12/site-packages/airflow/example_dags/example_setup_teardown.py
[2024-11-15T06:05:01.172+0000] {logging_mixin.py:190} INFO - [2024-11-15T06:05:01.171+0000] {dag.py:3239} INFO - Sync 1 DAGs
[2024-11-15T06:05:01.199+0000] {logging_mixin.py:190} INFO - [2024-11-15T06:05:01.199+0000] {dag.py:4180} INFO - Setting next_dagrun for example_setup_teardown to None, run_after=None
[2024-11-15T06:05:01.231+0000] {processor.py:208} INFO - Processing /home/airflow/.local/lib/python3.12/site-packages/airflow/example_dags/example_setup_teardown.py took 0.204 seconds
[2024-11-15T06:05:31.338+0000] {processor.py:186} INFO - Started process (PID=3285) to work on /home/airflow/.local/lib/python3.12/site-packages/airflow/example_dags/example_setup_teardown.py
[2024-11-15T06:05:31.341+0000] {processor.py:914} INFO - Processing file /home/airflow/.local/lib/python3.12/site-packages/airflow/example_dags/example_setup_teardown.py for tasks to queue
[2024-11-15T06:05:31.345+0000] {logging_mixin.py:190} INFO - [2024-11-15T06:05:31.345+0000] {dagbag.py:588} INFO - Filling up the DagBag from /home/airflow/.local/lib/python3.12/site-packages/airflow/example_dags/example_setup_teardown.py
[2024-11-15T06:05:31.364+0000] {processor.py:925} INFO - DAG(s) 'example_setup_teardown' retrieved from /home/airflow/.local/lib/python3.12/site-packages/airflow/example_dags/example_setup_teardown.py
[2024-11-15T06:05:31.404+0000] {logging_mixin.py:190} INFO - [2024-11-15T06:05:31.403+0000] {dag.py:3239} INFO - Sync 1 DAGs
[2024-11-15T06:05:31.433+0000] {logging_mixin.py:190} INFO - [2024-11-15T06:05:31.432+0000] {dag.py:4180} INFO - Setting next_dagrun for example_setup_teardown to None, run_after=None
[2024-11-15T06:05:31.470+0000] {processor.py:208} INFO - Processing /home/airflow/.local/lib/python3.12/site-packages/airflow/example_dags/example_setup_teardown.py took 0.144 seconds
[2024-11-15T06:06:01.781+0000] {processor.py:186} INFO - Started process (PID=3350) to work on /home/airflow/.local/lib/python3.12/site-packages/airflow/example_dags/example_setup_teardown.py
[2024-11-15T06:06:01.786+0000] {processor.py:914} INFO - Processing file /home/airflow/.local/lib/python3.12/site-packages/airflow/example_dags/example_setup_teardown.py for tasks to queue
[2024-11-15T06:06:01.791+0000] {logging_mixin.py:190} INFO - [2024-11-15T06:06:01.790+0000] {dagbag.py:588} INFO - Filling up the DagBag from /home/airflow/.local/lib/python3.12/site-packages/airflow/example_dags/example_setup_teardown.py
[2024-11-15T06:06:01.816+0000] {processor.py:925} INFO - DAG(s) 'example_setup_teardown' retrieved from /home/airflow/.local/lib/python3.12/site-packages/airflow/example_dags/example_setup_teardown.py
[2024-11-15T06:06:01.885+0000] {logging_mixin.py:190} INFO - [2024-11-15T06:06:01.884+0000] {dag.py:3239} INFO - Sync 1 DAGs
[2024-11-15T06:06:01.933+0000] {logging_mixin.py:190} INFO - [2024-11-15T06:06:01.932+0000] {dag.py:4180} INFO - Setting next_dagrun for example_setup_teardown to None, run_after=None
[2024-11-15T06:06:01.989+0000] {processor.py:208} INFO - Processing /home/airflow/.local/lib/python3.12/site-packages/airflow/example_dags/example_setup_teardown.py took 0.221 seconds
[2024-11-15T06:06:38.563+0000] {processor.py:186} INFO - Started process (PID=3415) to work on /home/airflow/.local/lib/python3.12/site-packages/airflow/example_dags/example_setup_teardown.py
[2024-11-15T06:06:38.566+0000] {processor.py:914} INFO - Processing file /home/airflow/.local/lib/python3.12/site-packages/airflow/example_dags/example_setup_teardown.py for tasks to queue
[2024-11-15T06:06:38.571+0000] {logging_mixin.py:190} INFO - [2024-11-15T06:06:38.570+0000] {dagbag.py:588} INFO - Filling up the DagBag from /home/airflow/.local/lib/python3.12/site-packages/airflow/example_dags/example_setup_teardown.py
[2024-11-15T06:06:38.591+0000] {processor.py:925} INFO - DAG(s) 'example_setup_teardown' retrieved from /home/airflow/.local/lib/python3.12/site-packages/airflow/example_dags/example_setup_teardown.py
[2024-11-15T06:06:38.636+0000] {logging_mixin.py:190} INFO - [2024-11-15T06:06:38.635+0000] {dag.py:3239} INFO - Sync 1 DAGs
[2024-11-15T06:06:39.160+0000] {logging_mixin.py:190} INFO - [2024-11-15T06:06:39.159+0000] {dag.py:4180} INFO - Setting next_dagrun for example_setup_teardown to None, run_after=None
[2024-11-15T06:06:39.211+0000] {processor.py:208} INFO - Processing /home/airflow/.local/lib/python3.12/site-packages/airflow/example_dags/example_setup_teardown.py took 0.661 seconds
[2024-11-15T06:07:09.692+0000] {processor.py:186} INFO - Started process (PID=3480) to work on /home/airflow/.local/lib/python3.12/site-packages/airflow/example_dags/example_setup_teardown.py
[2024-11-15T06:07:09.696+0000] {processor.py:914} INFO - Processing file /home/airflow/.local/lib/python3.12/site-packages/airflow/example_dags/example_setup_teardown.py for tasks to queue
[2024-11-15T06:07:09.702+0000] {logging_mixin.py:190} INFO - [2024-11-15T06:07:09.701+0000] {dagbag.py:588} INFO - Filling up the DagBag from /home/airflow/.local/lib/python3.12/site-packages/airflow/example_dags/example_setup_teardown.py
[2024-11-15T06:07:09.724+0000] {processor.py:925} INFO - DAG(s) 'example_setup_teardown' retrieved from /home/airflow/.local/lib/python3.12/site-packages/airflow/example_dags/example_setup_teardown.py
[2024-11-15T06:07:09.807+0000] {logging_mixin.py:190} INFO - [2024-11-15T06:07:09.806+0000] {dag.py:3239} INFO - Sync 1 DAGs
[2024-11-15T06:07:09.836+0000] {logging_mixin.py:190} INFO - [2024-11-15T06:07:09.836+0000] {dag.py:4180} INFO - Setting next_dagrun for example_setup_teardown to None, run_after=None
[2024-11-15T06:07:10.237+0000] {processor.py:208} INFO - Processing /home/airflow/.local/lib/python3.12/site-packages/airflow/example_dags/example_setup_teardown.py took 0.562 seconds
[2024-11-15T06:07:41.261+0000] {processor.py:186} INFO - Started process (PID=3545) to work on /home/airflow/.local/lib/python3.12/site-packages/airflow/example_dags/example_setup_teardown.py
[2024-11-15T06:07:41.263+0000] {processor.py:914} INFO - Processing file /home/airflow/.local/lib/python3.12/site-packages/airflow/example_dags/example_setup_teardown.py for tasks to queue
[2024-11-15T06:07:41.268+0000] {logging_mixin.py:190} INFO - [2024-11-15T06:07:41.267+0000] {dagbag.py:588} INFO - Filling up the DagBag from /home/airflow/.local/lib/python3.12/site-packages/airflow/example_dags/example_setup_teardown.py
[2024-11-15T06:07:41.283+0000] {processor.py:925} INFO - DAG(s) 'example_setup_teardown' retrieved from /home/airflow/.local/lib/python3.12/site-packages/airflow/example_dags/example_setup_teardown.py
[2024-11-15T06:07:41.319+0000] {logging_mixin.py:190} INFO - [2024-11-15T06:07:41.319+0000] {dag.py:3239} INFO - Sync 1 DAGs
[2024-11-15T06:07:41.348+0000] {logging_mixin.py:190} INFO - [2024-11-15T06:07:41.348+0000] {dag.py:4180} INFO - Setting next_dagrun for example_setup_teardown to None, run_after=None
[2024-11-15T06:07:41.381+0000] {processor.py:208} INFO - Processing /home/airflow/.local/lib/python3.12/site-packages/airflow/example_dags/example_setup_teardown.py took 0.131 seconds
[2024-11-15T06:08:12.053+0000] {processor.py:186} INFO - Started process (PID=3610) to work on /home/airflow/.local/lib/python3.12/site-packages/airflow/example_dags/example_setup_teardown.py
[2024-11-15T06:08:12.056+0000] {processor.py:914} INFO - Processing file /home/airflow/.local/lib/python3.12/site-packages/airflow/example_dags/example_setup_teardown.py for tasks to queue
[2024-11-15T06:08:12.063+0000] {logging_mixin.py:190} INFO - [2024-11-15T06:08:12.061+0000] {dagbag.py:588} INFO - Filling up the DagBag from /home/airflow/.local/lib/python3.12/site-packages/airflow/example_dags/example_setup_teardown.py
[2024-11-15T06:08:12.087+0000] {processor.py:925} INFO - DAG(s) 'example_setup_teardown' retrieved from /home/airflow/.local/lib/python3.12/site-packages/airflow/example_dags/example_setup_teardown.py
[2024-11-15T06:08:12.134+0000] {logging_mixin.py:190} INFO - [2024-11-15T06:08:12.133+0000] {dag.py:3239} INFO - Sync 1 DAGs
[2024-11-15T06:08:12.171+0000] {logging_mixin.py:190} INFO - [2024-11-15T06:08:12.170+0000] {dag.py:4180} INFO - Setting next_dagrun for example_setup_teardown to None, run_after=None
[2024-11-15T06:08:12.213+0000] {processor.py:208} INFO - Processing /home/airflow/.local/lib/python3.12/site-packages/airflow/example_dags/example_setup_teardown.py took 0.175 seconds
[2024-11-15T06:08:42.585+0000] {processor.py:186} INFO - Started process (PID=3675) to work on /home/airflow/.local/lib/python3.12/site-packages/airflow/example_dags/example_setup_teardown.py
[2024-11-15T06:08:42.589+0000] {processor.py:914} INFO - Processing file /home/airflow/.local/lib/python3.12/site-packages/airflow/example_dags/example_setup_teardown.py for tasks to queue
[2024-11-15T06:08:42.595+0000] {logging_mixin.py:190} INFO - [2024-11-15T06:08:42.594+0000] {dagbag.py:588} INFO - Filling up the DagBag from /home/airflow/.local/lib/python3.12/site-packages/airflow/example_dags/example_setup_teardown.py
[2024-11-15T06:08:42.620+0000] {processor.py:925} INFO - DAG(s) 'example_setup_teardown' retrieved from /home/airflow/.local/lib/python3.12/site-packages/airflow/example_dags/example_setup_teardown.py
[2024-11-15T06:08:42.666+0000] {logging_mixin.py:190} INFO - [2024-11-15T06:08:42.666+0000] {dag.py:3239} INFO - Sync 1 DAGs
[2024-11-15T06:08:42.717+0000] {logging_mixin.py:190} INFO - [2024-11-15T06:08:42.716+0000] {dag.py:4180} INFO - Setting next_dagrun for example_setup_teardown to None, run_after=None
[2024-11-15T06:08:42.815+0000] {processor.py:208} INFO - Processing /home/airflow/.local/lib/python3.12/site-packages/airflow/example_dags/example_setup_teardown.py took 0.246 seconds
[2024-11-15T06:09:13.829+0000] {processor.py:186} INFO - Started process (PID=3741) to work on /home/airflow/.local/lib/python3.12/site-packages/airflow/example_dags/example_setup_teardown.py
[2024-11-15T06:09:13.833+0000] {processor.py:914} INFO - Processing file /home/airflow/.local/lib/python3.12/site-packages/airflow/example_dags/example_setup_teardown.py for tasks to queue
[2024-11-15T06:09:13.838+0000] {logging_mixin.py:190} INFO - [2024-11-15T06:09:13.838+0000] {dagbag.py:588} INFO - Filling up the DagBag from /home/airflow/.local/lib/python3.12/site-packages/airflow/example_dags/example_setup_teardown.py
[2024-11-15T06:09:13.858+0000] {processor.py:925} INFO - DAG(s) 'example_setup_teardown' retrieved from /home/airflow/.local/lib/python3.12/site-packages/airflow/example_dags/example_setup_teardown.py
[2024-11-15T06:09:13.913+0000] {logging_mixin.py:190} INFO - [2024-11-15T06:09:13.912+0000] {dag.py:3239} INFO - Sync 1 DAGs
[2024-11-15T06:09:13.943+0000] {logging_mixin.py:190} INFO - [2024-11-15T06:09:13.943+0000] {dag.py:4180} INFO - Setting next_dagrun for example_setup_teardown to None, run_after=None
[2024-11-15T06:09:13.979+0000] {processor.py:208} INFO - Processing /home/airflow/.local/lib/python3.12/site-packages/airflow/example_dags/example_setup_teardown.py took 0.164 seconds
[2024-11-15T06:09:45.438+0000] {processor.py:186} INFO - Started process (PID=3807) to work on /home/airflow/.local/lib/python3.12/site-packages/airflow/example_dags/example_setup_teardown.py
[2024-11-15T06:09:45.441+0000] {processor.py:914} INFO - Processing file /home/airflow/.local/lib/python3.12/site-packages/airflow/example_dags/example_setup_teardown.py for tasks to queue
[2024-11-15T06:09:45.446+0000] {logging_mixin.py:190} INFO - [2024-11-15T06:09:45.446+0000] {dagbag.py:588} INFO - Filling up the DagBag from /home/airflow/.local/lib/python3.12/site-packages/airflow/example_dags/example_setup_teardown.py
[2024-11-15T06:09:45.467+0000] {processor.py:925} INFO - DAG(s) 'example_setup_teardown' retrieved from /home/airflow/.local/lib/python3.12/site-packages/airflow/example_dags/example_setup_teardown.py
[2024-11-15T06:09:45.523+0000] {logging_mixin.py:190} INFO - [2024-11-15T06:09:45.523+0000] {dag.py:3239} INFO - Sync 1 DAGs
[2024-11-15T06:09:45.564+0000] {logging_mixin.py:190} INFO - [2024-11-15T06:09:45.563+0000] {dag.py:4180} INFO - Setting next_dagrun for example_setup_teardown to None, run_after=None
[2024-11-15T06:09:45.600+0000] {processor.py:208} INFO - Processing /home/airflow/.local/lib/python3.12/site-packages/airflow/example_dags/example_setup_teardown.py took 0.175 seconds
[2024-11-15T06:10:17.938+0000] {processor.py:186} INFO - Started process (PID=3872) to work on /home/airflow/.local/lib/python3.12/site-packages/airflow/example_dags/example_setup_teardown.py
[2024-11-15T06:10:17.942+0000] {processor.py:914} INFO - Processing file /home/airflow/.local/lib/python3.12/site-packages/airflow/example_dags/example_setup_teardown.py for tasks to queue
[2024-11-15T06:10:17.950+0000] {logging_mixin.py:190} INFO - [2024-11-15T06:10:17.948+0000] {dagbag.py:588} INFO - Filling up the DagBag from /home/airflow/.local/lib/python3.12/site-packages/airflow/example_dags/example_setup_teardown.py
[2024-11-15T06:10:17.974+0000] {processor.py:925} INFO - DAG(s) 'example_setup_teardown' retrieved from /home/airflow/.local/lib/python3.12/site-packages/airflow/example_dags/example_setup_teardown.py
[2024-11-15T06:10:18.063+0000] {logging_mixin.py:190} INFO - [2024-11-15T06:10:18.062+0000] {dag.py:3239} INFO - Sync 1 DAGs
[2024-11-15T06:10:18.131+0000] {logging_mixin.py:190} INFO - [2024-11-15T06:10:18.130+0000] {dag.py:4180} INFO - Setting next_dagrun for example_setup_teardown to None, run_after=None
[2024-11-15T06:10:18.178+0000] {processor.py:208} INFO - Processing /home/airflow/.local/lib/python3.12/site-packages/airflow/example_dags/example_setup_teardown.py took 0.257 seconds
[2024-11-15T06:10:49.733+0000] {processor.py:186} INFO - Started process (PID=3939) to work on /home/airflow/.local/lib/python3.12/site-packages/airflow/example_dags/example_setup_teardown.py
[2024-11-15T06:10:49.735+0000] {processor.py:914} INFO - Processing file /home/airflow/.local/lib/python3.12/site-packages/airflow/example_dags/example_setup_teardown.py for tasks to queue
[2024-11-15T06:10:49.739+0000] {logging_mixin.py:190} INFO - [2024-11-15T06:10:49.739+0000] {dagbag.py:588} INFO - Filling up the DagBag from /home/airflow/.local/lib/python3.12/site-packages/airflow/example_dags/example_setup_teardown.py
[2024-11-15T06:10:49.754+0000] {processor.py:925} INFO - DAG(s) 'example_setup_teardown' retrieved from /home/airflow/.local/lib/python3.12/site-packages/airflow/example_dags/example_setup_teardown.py
[2024-11-15T06:10:49.790+0000] {logging_mixin.py:190} INFO - [2024-11-15T06:10:49.790+0000] {dag.py:3239} INFO - Sync 1 DAGs
[2024-11-15T06:10:49.833+0000] {logging_mixin.py:190} INFO - [2024-11-15T06:10:49.833+0000] {dag.py:4180} INFO - Setting next_dagrun for example_setup_teardown to None, run_after=None
[2024-11-15T06:10:49.878+0000] {processor.py:208} INFO - Processing /home/airflow/.local/lib/python3.12/site-packages/airflow/example_dags/example_setup_teardown.py took 0.155 seconds
[2024-11-15T06:11:23.358+0000] {processor.py:186} INFO - Started process (PID=4012) to work on /home/airflow/.local/lib/python3.12/site-packages/airflow/example_dags/example_setup_teardown.py
[2024-11-15T06:11:23.362+0000] {processor.py:914} INFO - Processing file /home/airflow/.local/lib/python3.12/site-packages/airflow/example_dags/example_setup_teardown.py for tasks to queue
[2024-11-15T06:11:23.367+0000] {logging_mixin.py:190} INFO - [2024-11-15T06:11:23.366+0000] {dagbag.py:588} INFO - Filling up the DagBag from /home/airflow/.local/lib/python3.12/site-packages/airflow/example_dags/example_setup_teardown.py
[2024-11-15T06:11:23.393+0000] {processor.py:925} INFO - DAG(s) 'example_setup_teardown' retrieved from /home/airflow/.local/lib/python3.12/site-packages/airflow/example_dags/example_setup_teardown.py
[2024-11-15T06:11:23.437+0000] {logging_mixin.py:190} INFO - [2024-11-15T06:11:23.437+0000] {dag.py:3239} INFO - Sync 1 DAGs
[2024-11-15T06:11:23.488+0000] {logging_mixin.py:190} INFO - [2024-11-15T06:11:23.487+0000] {dag.py:4180} INFO - Setting next_dagrun for example_setup_teardown to None, run_after=None
[2024-11-15T06:11:23.534+0000] {processor.py:208} INFO - Processing /home/airflow/.local/lib/python3.12/site-packages/airflow/example_dags/example_setup_teardown.py took 0.190 seconds
[2024-11-15T06:11:57.879+0000] {processor.py:186} INFO - Started process (PID=4087) to work on /home/airflow/.local/lib/python3.12/site-packages/airflow/example_dags/example_setup_teardown.py
[2024-11-15T06:11:57.882+0000] {processor.py:914} INFO - Processing file /home/airflow/.local/lib/python3.12/site-packages/airflow/example_dags/example_setup_teardown.py for tasks to queue
[2024-11-15T06:11:57.888+0000] {logging_mixin.py:190} INFO - [2024-11-15T06:11:57.887+0000] {dagbag.py:588} INFO - Filling up the DagBag from /home/airflow/.local/lib/python3.12/site-packages/airflow/example_dags/example_setup_teardown.py
[2024-11-15T06:11:57.913+0000] {processor.py:925} INFO - DAG(s) 'example_setup_teardown' retrieved from /home/airflow/.local/lib/python3.12/site-packages/airflow/example_dags/example_setup_teardown.py
[2024-11-15T06:11:57.983+0000] {logging_mixin.py:190} INFO - [2024-11-15T06:11:57.983+0000] {dag.py:3239} INFO - Sync 1 DAGs
[2024-11-15T06:11:58.010+0000] {logging_mixin.py:190} INFO - [2024-11-15T06:11:58.009+0000] {dag.py:4180} INFO - Setting next_dagrun for example_setup_teardown to None, run_after=None
[2024-11-15T06:11:58.043+0000] {processor.py:208} INFO - Processing /home/airflow/.local/lib/python3.12/site-packages/airflow/example_dags/example_setup_teardown.py took 0.177 seconds
[2024-11-15T06:12:28.873+0000] {processor.py:186} INFO - Started process (PID=4152) to work on /home/airflow/.local/lib/python3.12/site-packages/airflow/example_dags/example_setup_teardown.py
[2024-11-15T06:12:28.876+0000] {processor.py:914} INFO - Processing file /home/airflow/.local/lib/python3.12/site-packages/airflow/example_dags/example_setup_teardown.py for tasks to queue
[2024-11-15T06:12:28.883+0000] {logging_mixin.py:190} INFO - [2024-11-15T06:12:28.882+0000] {dagbag.py:588} INFO - Filling up the DagBag from /home/airflow/.local/lib/python3.12/site-packages/airflow/example_dags/example_setup_teardown.py
[2024-11-15T06:12:28.899+0000] {processor.py:925} INFO - DAG(s) 'example_setup_teardown' retrieved from /home/airflow/.local/lib/python3.12/site-packages/airflow/example_dags/example_setup_teardown.py
[2024-11-15T06:12:28.934+0000] {logging_mixin.py:190} INFO - [2024-11-15T06:12:28.933+0000] {dag.py:3239} INFO - Sync 1 DAGs
[2024-11-15T06:12:28.964+0000] {logging_mixin.py:190} INFO - [2024-11-15T06:12:28.964+0000] {dag.py:4180} INFO - Setting next_dagrun for example_setup_teardown to None, run_after=None
[2024-11-15T06:12:29.000+0000] {processor.py:208} INFO - Processing /home/airflow/.local/lib/python3.12/site-packages/airflow/example_dags/example_setup_teardown.py took 0.141 seconds
[2024-11-15T06:13:00.525+0000] {processor.py:186} INFO - Started process (PID=4218) to work on /home/airflow/.local/lib/python3.12/site-packages/airflow/example_dags/example_setup_teardown.py
[2024-11-15T06:13:00.528+0000] {processor.py:914} INFO - Processing file /home/airflow/.local/lib/python3.12/site-packages/airflow/example_dags/example_setup_teardown.py for tasks to queue
[2024-11-15T06:13:00.535+0000] {logging_mixin.py:190} INFO - [2024-11-15T06:13:00.534+0000] {dagbag.py:588} INFO - Filling up the DagBag from /home/airflow/.local/lib/python3.12/site-packages/airflow/example_dags/example_setup_teardown.py
[2024-11-15T06:13:00.553+0000] {processor.py:925} INFO - DAG(s) 'example_setup_teardown' retrieved from /home/airflow/.local/lib/python3.12/site-packages/airflow/example_dags/example_setup_teardown.py
[2024-11-15T06:13:00.599+0000] {logging_mixin.py:190} INFO - [2024-11-15T06:13:00.598+0000] {dag.py:3239} INFO - Sync 1 DAGs
[2024-11-15T06:13:00.648+0000] {logging_mixin.py:190} INFO - [2024-11-15T06:13:00.647+0000] {dag.py:4180} INFO - Setting next_dagrun for example_setup_teardown to None, run_after=None
[2024-11-15T06:13:00.706+0000] {processor.py:208} INFO - Processing /home/airflow/.local/lib/python3.12/site-packages/airflow/example_dags/example_setup_teardown.py took 0.200 seconds
[2024-11-15T06:13:34.856+0000] {processor.py:186} INFO - Started process (PID=4284) to work on /home/airflow/.local/lib/python3.12/site-packages/airflow/example_dags/example_setup_teardown.py
[2024-11-15T06:13:34.859+0000] {processor.py:914} INFO - Processing file /home/airflow/.local/lib/python3.12/site-packages/airflow/example_dags/example_setup_teardown.py for tasks to queue
[2024-11-15T06:13:34.865+0000] {logging_mixin.py:190} INFO - [2024-11-15T06:13:34.864+0000] {dagbag.py:588} INFO - Filling up the DagBag from /home/airflow/.local/lib/python3.12/site-packages/airflow/example_dags/example_setup_teardown.py
[2024-11-15T06:13:34.881+0000] {processor.py:925} INFO - DAG(s) 'example_setup_teardown' retrieved from /home/airflow/.local/lib/python3.12/site-packages/airflow/example_dags/example_setup_teardown.py
[2024-11-15T06:13:34.922+0000] {logging_mixin.py:190} INFO - [2024-11-15T06:13:34.921+0000] {dag.py:3239} INFO - Sync 1 DAGs
[2024-11-15T06:13:34.962+0000] {logging_mixin.py:190} INFO - [2024-11-15T06:13:34.961+0000] {dag.py:4180} INFO - Setting next_dagrun for example_setup_teardown to None, run_after=None
[2024-11-15T06:13:35.004+0000] {processor.py:208} INFO - Processing /home/airflow/.local/lib/python3.12/site-packages/airflow/example_dags/example_setup_teardown.py took 0.159 seconds
