[2024-11-15T05:39:14.021+0000] {processor.py:186} INFO - Started process (PID=159) to work on /home/airflow/.local/lib/python3.12/site-packages/airflow/example_dags/example_setup_teardown_taskflow.py
[2024-11-15T05:39:14.039+0000] {processor.py:914} INFO - Processing file /home/airflow/.local/lib/python3.12/site-packages/airflow/example_dags/example_setup_teardown_taskflow.py for tasks to queue
[2024-11-15T05:39:14.047+0000] {logging_mixin.py:190} INFO - [2024-11-15T05:39:14.046+0000] {dagbag.py:588} INFO - Filling up the DagBag from /home/airflow/.local/lib/python3.12/site-packages/airflow/example_dags/example_setup_teardown_taskflow.py
[2024-11-15T05:39:14.159+0000] {processor.py:925} INFO - DAG(s) 'example_setup_teardown_taskflow' retrieved from /home/airflow/.local/lib/python3.12/site-packages/airflow/example_dags/example_setup_teardown_taskflow.py
[2024-11-15T05:39:14.296+0000] {logging_mixin.py:190} INFO - [2024-11-15T05:39:14.295+0000] {dag.py:3239} INFO - Sync 1 DAGs
[2024-11-15T05:39:14.405+0000] {logging_mixin.py:190} INFO - [2024-11-15T05:39:14.395+0000] {dag.py:4180} INFO - Setting next_dagrun for example_setup_teardown_taskflow to None, run_after=None
[2024-11-15T05:39:14.503+0000] {processor.py:208} INFO - Processing /home/airflow/.local/lib/python3.12/site-packages/airflow/example_dags/example_setup_teardown_taskflow.py took 0.529 seconds
[2024-11-15T05:39:48.034+0000] {processor.py:186} INFO - Started process (PID=224) to work on /home/airflow/.local/lib/python3.12/site-packages/airflow/example_dags/example_setup_teardown_taskflow.py
[2024-11-15T05:39:48.040+0000] {processor.py:914} INFO - Processing file /home/airflow/.local/lib/python3.12/site-packages/airflow/example_dags/example_setup_teardown_taskflow.py for tasks to queue
[2024-11-15T05:39:48.050+0000] {logging_mixin.py:190} INFO - [2024-11-15T05:39:48.049+0000] {dagbag.py:588} INFO - Filling up the DagBag from /home/airflow/.local/lib/python3.12/site-packages/airflow/example_dags/example_setup_teardown_taskflow.py
[2024-11-15T05:39:48.108+0000] {processor.py:925} INFO - DAG(s) 'example_setup_teardown_taskflow' retrieved from /home/airflow/.local/lib/python3.12/site-packages/airflow/example_dags/example_setup_teardown_taskflow.py
[2024-11-15T05:39:48.257+0000] {logging_mixin.py:190} INFO - [2024-11-15T05:39:48.256+0000] {dag.py:3239} INFO - Sync 1 DAGs
[2024-11-15T05:39:48.323+0000] {logging_mixin.py:190} INFO - [2024-11-15T05:39:48.322+0000] {dag.py:4180} INFO - Setting next_dagrun for example_setup_teardown_taskflow to None, run_after=None
[2024-11-15T05:39:48.438+0000] {processor.py:208} INFO - Processing /home/airflow/.local/lib/python3.12/site-packages/airflow/example_dags/example_setup_teardown_taskflow.py took 0.433 seconds
[2024-11-15T05:40:18.662+0000] {processor.py:186} INFO - Started process (PID=289) to work on /home/airflow/.local/lib/python3.12/site-packages/airflow/example_dags/example_setup_teardown_taskflow.py
[2024-11-15T05:40:18.668+0000] {processor.py:914} INFO - Processing file /home/airflow/.local/lib/python3.12/site-packages/airflow/example_dags/example_setup_teardown_taskflow.py for tasks to queue
[2024-11-15T05:40:18.674+0000] {logging_mixin.py:190} INFO - [2024-11-15T05:40:18.674+0000] {dagbag.py:588} INFO - Filling up the DagBag from /home/airflow/.local/lib/python3.12/site-packages/airflow/example_dags/example_setup_teardown_taskflow.py
[2024-11-15T05:40:18.705+0000] {processor.py:925} INFO - DAG(s) 'example_setup_teardown_taskflow' retrieved from /home/airflow/.local/lib/python3.12/site-packages/airflow/example_dags/example_setup_teardown_taskflow.py
[2024-11-15T05:40:18.755+0000] {logging_mixin.py:190} INFO - [2024-11-15T05:40:18.755+0000] {dag.py:3239} INFO - Sync 1 DAGs
[2024-11-15T05:40:18.790+0000] {logging_mixin.py:190} INFO - [2024-11-15T05:40:18.790+0000] {dag.py:4180} INFO - Setting next_dagrun for example_setup_teardown_taskflow to None, run_after=None
[2024-11-15T05:40:18.832+0000] {processor.py:208} INFO - Processing /home/airflow/.local/lib/python3.12/site-packages/airflow/example_dags/example_setup_teardown_taskflow.py took 0.188 seconds
[2024-11-15T05:41:00.368+0000] {processor.py:186} INFO - Started process (PID=369) to work on /home/airflow/.local/lib/python3.12/site-packages/airflow/example_dags/example_setup_teardown_taskflow.py
[2024-11-15T05:41:00.371+0000] {processor.py:914} INFO - Processing file /home/airflow/.local/lib/python3.12/site-packages/airflow/example_dags/example_setup_teardown_taskflow.py for tasks to queue
[2024-11-15T05:41:00.377+0000] {logging_mixin.py:190} INFO - [2024-11-15T05:41:00.376+0000] {dagbag.py:588} INFO - Filling up the DagBag from /home/airflow/.local/lib/python3.12/site-packages/airflow/example_dags/example_setup_teardown_taskflow.py
[2024-11-15T05:41:00.404+0000] {processor.py:925} INFO - DAG(s) 'example_setup_teardown_taskflow' retrieved from /home/airflow/.local/lib/python3.12/site-packages/airflow/example_dags/example_setup_teardown_taskflow.py
[2024-11-15T05:41:00.458+0000] {logging_mixin.py:190} INFO - [2024-11-15T05:41:00.457+0000] {dag.py:3239} INFO - Sync 1 DAGs
[2024-11-15T05:41:00.500+0000] {logging_mixin.py:190} INFO - [2024-11-15T05:41:00.499+0000] {dag.py:4180} INFO - Setting next_dagrun for example_setup_teardown_taskflow to None, run_after=None
[2024-11-15T05:41:00.609+0000] {processor.py:208} INFO - Processing /home/airflow/.local/lib/python3.12/site-packages/airflow/example_dags/example_setup_teardown_taskflow.py took 0.254 seconds
[2024-11-15T05:41:31.441+0000] {processor.py:186} INFO - Started process (PID=434) to work on /home/airflow/.local/lib/python3.12/site-packages/airflow/example_dags/example_setup_teardown_taskflow.py
[2024-11-15T05:41:31.445+0000] {processor.py:914} INFO - Processing file /home/airflow/.local/lib/python3.12/site-packages/airflow/example_dags/example_setup_teardown_taskflow.py for tasks to queue
[2024-11-15T05:41:31.452+0000] {logging_mixin.py:190} INFO - [2024-11-15T05:41:31.451+0000] {dagbag.py:588} INFO - Filling up the DagBag from /home/airflow/.local/lib/python3.12/site-packages/airflow/example_dags/example_setup_teardown_taskflow.py
[2024-11-15T05:41:31.478+0000] {processor.py:925} INFO - DAG(s) 'example_setup_teardown_taskflow' retrieved from /home/airflow/.local/lib/python3.12/site-packages/airflow/example_dags/example_setup_teardown_taskflow.py
[2024-11-15T05:41:31.533+0000] {logging_mixin.py:190} INFO - [2024-11-15T05:41:31.532+0000] {dag.py:3239} INFO - Sync 1 DAGs
[2024-11-15T05:41:31.579+0000] {logging_mixin.py:190} INFO - [2024-11-15T05:41:31.579+0000] {dag.py:4180} INFO - Setting next_dagrun for example_setup_teardown_taskflow to None, run_after=None
[2024-11-15T05:41:31.627+0000] {processor.py:208} INFO - Processing /home/airflow/.local/lib/python3.12/site-packages/airflow/example_dags/example_setup_teardown_taskflow.py took 0.203 seconds
[2024-11-15T05:42:01.708+0000] {processor.py:186} INFO - Started process (PID=498) to work on /home/airflow/.local/lib/python3.12/site-packages/airflow/example_dags/example_setup_teardown_taskflow.py
[2024-11-15T05:42:01.711+0000] {processor.py:914} INFO - Processing file /home/airflow/.local/lib/python3.12/site-packages/airflow/example_dags/example_setup_teardown_taskflow.py for tasks to queue
[2024-11-15T05:42:01.716+0000] {logging_mixin.py:190} INFO - [2024-11-15T05:42:01.715+0000] {dagbag.py:588} INFO - Filling up the DagBag from /home/airflow/.local/lib/python3.12/site-packages/airflow/example_dags/example_setup_teardown_taskflow.py
[2024-11-15T05:42:01.743+0000] {processor.py:925} INFO - DAG(s) 'example_setup_teardown_taskflow' retrieved from /home/airflow/.local/lib/python3.12/site-packages/airflow/example_dags/example_setup_teardown_taskflow.py
[2024-11-15T05:42:01.835+0000] {logging_mixin.py:190} INFO - [2024-11-15T05:42:01.834+0000] {dag.py:3239} INFO - Sync 1 DAGs
[2024-11-15T05:42:01.929+0000] {logging_mixin.py:190} INFO - [2024-11-15T05:42:01.928+0000] {dag.py:4180} INFO - Setting next_dagrun for example_setup_teardown_taskflow to None, run_after=None
[2024-11-15T05:42:01.969+0000] {processor.py:208} INFO - Processing /home/airflow/.local/lib/python3.12/site-packages/airflow/example_dags/example_setup_teardown_taskflow.py took 0.272 seconds
[2024-11-15T05:42:32.527+0000] {processor.py:186} INFO - Started process (PID=563) to work on /home/airflow/.local/lib/python3.12/site-packages/airflow/example_dags/example_setup_teardown_taskflow.py
[2024-11-15T05:42:32.530+0000] {processor.py:914} INFO - Processing file /home/airflow/.local/lib/python3.12/site-packages/airflow/example_dags/example_setup_teardown_taskflow.py for tasks to queue
[2024-11-15T05:42:32.536+0000] {logging_mixin.py:190} INFO - [2024-11-15T05:42:32.535+0000] {dagbag.py:588} INFO - Filling up the DagBag from /home/airflow/.local/lib/python3.12/site-packages/airflow/example_dags/example_setup_teardown_taskflow.py
[2024-11-15T05:42:32.564+0000] {processor.py:925} INFO - DAG(s) 'example_setup_teardown_taskflow' retrieved from /home/airflow/.local/lib/python3.12/site-packages/airflow/example_dags/example_setup_teardown_taskflow.py
[2024-11-15T05:42:32.623+0000] {logging_mixin.py:190} INFO - [2024-11-15T05:42:32.622+0000] {dag.py:3239} INFO - Sync 1 DAGs
[2024-11-15T05:42:32.669+0000] {logging_mixin.py:190} INFO - [2024-11-15T05:42:32.669+0000] {dag.py:4180} INFO - Setting next_dagrun for example_setup_teardown_taskflow to None, run_after=None
[2024-11-15T05:42:32.726+0000] {processor.py:208} INFO - Processing /home/airflow/.local/lib/python3.12/site-packages/airflow/example_dags/example_setup_teardown_taskflow.py took 0.214 seconds
[2024-11-15T05:43:03.104+0000] {processor.py:186} INFO - Started process (PID=628) to work on /home/airflow/.local/lib/python3.12/site-packages/airflow/example_dags/example_setup_teardown_taskflow.py
[2024-11-15T05:43:03.106+0000] {processor.py:914} INFO - Processing file /home/airflow/.local/lib/python3.12/site-packages/airflow/example_dags/example_setup_teardown_taskflow.py for tasks to queue
[2024-11-15T05:43:03.110+0000] {logging_mixin.py:190} INFO - [2024-11-15T05:43:03.109+0000] {dagbag.py:588} INFO - Filling up the DagBag from /home/airflow/.local/lib/python3.12/site-packages/airflow/example_dags/example_setup_teardown_taskflow.py
[2024-11-15T05:43:03.130+0000] {processor.py:925} INFO - DAG(s) 'example_setup_teardown_taskflow' retrieved from /home/airflow/.local/lib/python3.12/site-packages/airflow/example_dags/example_setup_teardown_taskflow.py
[2024-11-15T05:43:03.165+0000] {logging_mixin.py:190} INFO - [2024-11-15T05:43:03.165+0000] {dag.py:3239} INFO - Sync 1 DAGs
[2024-11-15T05:43:03.191+0000] {logging_mixin.py:190} INFO - [2024-11-15T05:43:03.191+0000] {dag.py:4180} INFO - Setting next_dagrun for example_setup_teardown_taskflow to None, run_after=None
[2024-11-15T05:43:03.221+0000] {processor.py:208} INFO - Processing /home/airflow/.local/lib/python3.12/site-packages/airflow/example_dags/example_setup_teardown_taskflow.py took 0.126 seconds
[2024-11-15T05:43:34.375+0000] {processor.py:186} INFO - Started process (PID=693) to work on /home/airflow/.local/lib/python3.12/site-packages/airflow/example_dags/example_setup_teardown_taskflow.py
[2024-11-15T05:43:34.378+0000] {processor.py:914} INFO - Processing file /home/airflow/.local/lib/python3.12/site-packages/airflow/example_dags/example_setup_teardown_taskflow.py for tasks to queue
[2024-11-15T05:43:34.384+0000] {logging_mixin.py:190} INFO - [2024-11-15T05:43:34.384+0000] {dagbag.py:588} INFO - Filling up the DagBag from /home/airflow/.local/lib/python3.12/site-packages/airflow/example_dags/example_setup_teardown_taskflow.py
[2024-11-15T05:43:34.416+0000] {processor.py:925} INFO - DAG(s) 'example_setup_teardown_taskflow' retrieved from /home/airflow/.local/lib/python3.12/site-packages/airflow/example_dags/example_setup_teardown_taskflow.py
[2024-11-15T05:43:34.472+0000] {logging_mixin.py:190} INFO - [2024-11-15T05:43:34.471+0000] {dag.py:3239} INFO - Sync 1 DAGs
[2024-11-15T05:43:34.510+0000] {logging_mixin.py:190} INFO - [2024-11-15T05:43:34.510+0000] {dag.py:4180} INFO - Setting next_dagrun for example_setup_teardown_taskflow to None, run_after=None
[2024-11-15T05:43:34.554+0000] {processor.py:208} INFO - Processing /home/airflow/.local/lib/python3.12/site-packages/airflow/example_dags/example_setup_teardown_taskflow.py took 0.195 seconds
[2024-11-15T05:44:07.702+0000] {processor.py:186} INFO - Started process (PID=762) to work on /home/airflow/.local/lib/python3.12/site-packages/airflow/example_dags/example_setup_teardown_taskflow.py
[2024-11-15T05:44:07.705+0000] {processor.py:914} INFO - Processing file /home/airflow/.local/lib/python3.12/site-packages/airflow/example_dags/example_setup_teardown_taskflow.py for tasks to queue
[2024-11-15T05:44:07.715+0000] {logging_mixin.py:190} INFO - [2024-11-15T05:44:07.714+0000] {dagbag.py:588} INFO - Filling up the DagBag from /home/airflow/.local/lib/python3.12/site-packages/airflow/example_dags/example_setup_teardown_taskflow.py
[2024-11-15T05:44:07.744+0000] {processor.py:925} INFO - DAG(s) 'example_setup_teardown_taskflow' retrieved from /home/airflow/.local/lib/python3.12/site-packages/airflow/example_dags/example_setup_teardown_taskflow.py
[2024-11-15T05:44:07.798+0000] {logging_mixin.py:190} INFO - [2024-11-15T05:44:07.797+0000] {dag.py:3239} INFO - Sync 1 DAGs
[2024-11-15T05:44:07.854+0000] {logging_mixin.py:190} INFO - [2024-11-15T05:44:07.854+0000] {dag.py:4180} INFO - Setting next_dagrun for example_setup_teardown_taskflow to None, run_after=None
[2024-11-15T05:44:07.907+0000] {processor.py:208} INFO - Processing /home/airflow/.local/lib/python3.12/site-packages/airflow/example_dags/example_setup_teardown_taskflow.py took 0.226 seconds
[2024-11-15T05:44:38.080+0000] {processor.py:186} INFO - Started process (PID=826) to work on /home/airflow/.local/lib/python3.12/site-packages/airflow/example_dags/example_setup_teardown_taskflow.py
[2024-11-15T05:44:38.084+0000] {processor.py:914} INFO - Processing file /home/airflow/.local/lib/python3.12/site-packages/airflow/example_dags/example_setup_teardown_taskflow.py for tasks to queue
[2024-11-15T05:44:38.090+0000] {logging_mixin.py:190} INFO - [2024-11-15T05:44:38.089+0000] {dagbag.py:588} INFO - Filling up the DagBag from /home/airflow/.local/lib/python3.12/site-packages/airflow/example_dags/example_setup_teardown_taskflow.py
[2024-11-15T05:44:38.127+0000] {processor.py:925} INFO - DAG(s) 'example_setup_teardown_taskflow' retrieved from /home/airflow/.local/lib/python3.12/site-packages/airflow/example_dags/example_setup_teardown_taskflow.py
[2024-11-15T05:44:38.181+0000] {logging_mixin.py:190} INFO - [2024-11-15T05:44:38.180+0000] {dag.py:3239} INFO - Sync 1 DAGs
[2024-11-15T05:44:38.245+0000] {logging_mixin.py:190} INFO - [2024-11-15T05:44:38.245+0000] {dag.py:4180} INFO - Setting next_dagrun for example_setup_teardown_taskflow to None, run_after=None
[2024-11-15T05:44:38.306+0000] {processor.py:208} INFO - Processing /home/airflow/.local/lib/python3.12/site-packages/airflow/example_dags/example_setup_teardown_taskflow.py took 0.241 seconds
[2024-11-15T05:45:09.363+0000] {processor.py:186} INFO - Started process (PID=891) to work on /home/airflow/.local/lib/python3.12/site-packages/airflow/example_dags/example_setup_teardown_taskflow.py
[2024-11-15T05:45:09.366+0000] {processor.py:914} INFO - Processing file /home/airflow/.local/lib/python3.12/site-packages/airflow/example_dags/example_setup_teardown_taskflow.py for tasks to queue
[2024-11-15T05:45:09.370+0000] {logging_mixin.py:190} INFO - [2024-11-15T05:45:09.369+0000] {dagbag.py:588} INFO - Filling up the DagBag from /home/airflow/.local/lib/python3.12/site-packages/airflow/example_dags/example_setup_teardown_taskflow.py
[2024-11-15T05:45:09.390+0000] {processor.py:925} INFO - DAG(s) 'example_setup_teardown_taskflow' retrieved from /home/airflow/.local/lib/python3.12/site-packages/airflow/example_dags/example_setup_teardown_taskflow.py
[2024-11-15T05:45:09.429+0000] {logging_mixin.py:190} INFO - [2024-11-15T05:45:09.429+0000] {dag.py:3239} INFO - Sync 1 DAGs
[2024-11-15T05:45:09.455+0000] {logging_mixin.py:190} INFO - [2024-11-15T05:45:09.455+0000] {dag.py:4180} INFO - Setting next_dagrun for example_setup_teardown_taskflow to None, run_after=None
[2024-11-15T05:45:09.485+0000] {processor.py:208} INFO - Processing /home/airflow/.local/lib/python3.12/site-packages/airflow/example_dags/example_setup_teardown_taskflow.py took 0.133 seconds
[2024-11-15T05:45:40.062+0000] {processor.py:186} INFO - Started process (PID=955) to work on /home/airflow/.local/lib/python3.12/site-packages/airflow/example_dags/example_setup_teardown_taskflow.py
[2024-11-15T05:45:40.065+0000] {processor.py:914} INFO - Processing file /home/airflow/.local/lib/python3.12/site-packages/airflow/example_dags/example_setup_teardown_taskflow.py for tasks to queue
[2024-11-15T05:45:40.070+0000] {logging_mixin.py:190} INFO - [2024-11-15T05:45:40.069+0000] {dagbag.py:588} INFO - Filling up the DagBag from /home/airflow/.local/lib/python3.12/site-packages/airflow/example_dags/example_setup_teardown_taskflow.py
[2024-11-15T05:45:40.092+0000] {processor.py:925} INFO - DAG(s) 'example_setup_teardown_taskflow' retrieved from /home/airflow/.local/lib/python3.12/site-packages/airflow/example_dags/example_setup_teardown_taskflow.py
[2024-11-15T05:45:40.134+0000] {logging_mixin.py:190} INFO - [2024-11-15T05:45:40.134+0000] {dag.py:3239} INFO - Sync 1 DAGs
[2024-11-15T05:45:40.166+0000] {logging_mixin.py:190} INFO - [2024-11-15T05:45:40.165+0000] {dag.py:4180} INFO - Setting next_dagrun for example_setup_teardown_taskflow to None, run_after=None
[2024-11-15T05:45:40.202+0000] {processor.py:208} INFO - Processing /home/airflow/.local/lib/python3.12/site-packages/airflow/example_dags/example_setup_teardown_taskflow.py took 0.155 seconds
[2024-11-15T05:46:10.473+0000] {processor.py:186} INFO - Started process (PID=1020) to work on /home/airflow/.local/lib/python3.12/site-packages/airflow/example_dags/example_setup_teardown_taskflow.py
[2024-11-15T05:46:10.480+0000] {processor.py:914} INFO - Processing file /home/airflow/.local/lib/python3.12/site-packages/airflow/example_dags/example_setup_teardown_taskflow.py for tasks to queue
[2024-11-15T05:46:10.498+0000] {logging_mixin.py:190} INFO - [2024-11-15T05:46:10.496+0000] {dagbag.py:588} INFO - Filling up the DagBag from /home/airflow/.local/lib/python3.12/site-packages/airflow/example_dags/example_setup_teardown_taskflow.py
[2024-11-15T05:46:10.583+0000] {processor.py:925} INFO - DAG(s) 'example_setup_teardown_taskflow' retrieved from /home/airflow/.local/lib/python3.12/site-packages/airflow/example_dags/example_setup_teardown_taskflow.py
[2024-11-15T05:46:10.623+0000] {logging_mixin.py:190} INFO - [2024-11-15T05:46:10.623+0000] {dag.py:3239} INFO - Sync 1 DAGs
[2024-11-15T05:46:10.652+0000] {logging_mixin.py:190} INFO - [2024-11-15T05:46:10.652+0000] {dag.py:4180} INFO - Setting next_dagrun for example_setup_teardown_taskflow to None, run_after=None
[2024-11-15T05:46:10.683+0000] {processor.py:208} INFO - Processing /home/airflow/.local/lib/python3.12/site-packages/airflow/example_dags/example_setup_teardown_taskflow.py took 0.234 seconds
[2024-11-15T05:46:41.105+0000] {processor.py:186} INFO - Started process (PID=1085) to work on /home/airflow/.local/lib/python3.12/site-packages/airflow/example_dags/example_setup_teardown_taskflow.py
[2024-11-15T05:46:41.113+0000] {processor.py:914} INFO - Processing file /home/airflow/.local/lib/python3.12/site-packages/airflow/example_dags/example_setup_teardown_taskflow.py for tasks to queue
[2024-11-15T05:46:41.125+0000] {logging_mixin.py:190} INFO - [2024-11-15T05:46:41.123+0000] {dagbag.py:588} INFO - Filling up the DagBag from /home/airflow/.local/lib/python3.12/site-packages/airflow/example_dags/example_setup_teardown_taskflow.py
[2024-11-15T05:46:41.163+0000] {processor.py:925} INFO - DAG(s) 'example_setup_teardown_taskflow' retrieved from /home/airflow/.local/lib/python3.12/site-packages/airflow/example_dags/example_setup_teardown_taskflow.py
[2024-11-15T05:46:41.216+0000] {logging_mixin.py:190} INFO - [2024-11-15T05:46:41.215+0000] {dag.py:3239} INFO - Sync 1 DAGs
[2024-11-15T05:46:41.254+0000] {logging_mixin.py:190} INFO - [2024-11-15T05:46:41.253+0000] {dag.py:4180} INFO - Setting next_dagrun for example_setup_teardown_taskflow to None, run_after=None
[2024-11-15T05:46:41.304+0000] {processor.py:208} INFO - Processing /home/airflow/.local/lib/python3.12/site-packages/airflow/example_dags/example_setup_teardown_taskflow.py took 0.227 seconds
[2024-11-15T05:47:11.725+0000] {processor.py:186} INFO - Started process (PID=1150) to work on /home/airflow/.local/lib/python3.12/site-packages/airflow/example_dags/example_setup_teardown_taskflow.py
[2024-11-15T05:47:11.730+0000] {processor.py:914} INFO - Processing file /home/airflow/.local/lib/python3.12/site-packages/airflow/example_dags/example_setup_teardown_taskflow.py for tasks to queue
[2024-11-15T05:47:11.742+0000] {logging_mixin.py:190} INFO - [2024-11-15T05:47:11.740+0000] {dagbag.py:588} INFO - Filling up the DagBag from /home/airflow/.local/lib/python3.12/site-packages/airflow/example_dags/example_setup_teardown_taskflow.py
[2024-11-15T05:47:11.777+0000] {processor.py:925} INFO - DAG(s) 'example_setup_teardown_taskflow' retrieved from /home/airflow/.local/lib/python3.12/site-packages/airflow/example_dags/example_setup_teardown_taskflow.py
[2024-11-15T05:47:11.826+0000] {logging_mixin.py:190} INFO - [2024-11-15T05:47:11.826+0000] {dag.py:3239} INFO - Sync 1 DAGs
[2024-11-15T05:47:11.858+0000] {logging_mixin.py:190} INFO - [2024-11-15T05:47:11.857+0000] {dag.py:4180} INFO - Setting next_dagrun for example_setup_teardown_taskflow to None, run_after=None
[2024-11-15T05:47:11.893+0000] {processor.py:208} INFO - Processing /home/airflow/.local/lib/python3.12/site-packages/airflow/example_dags/example_setup_teardown_taskflow.py took 0.187 seconds
[2024-11-15T05:47:42.597+0000] {processor.py:186} INFO - Started process (PID=1215) to work on /home/airflow/.local/lib/python3.12/site-packages/airflow/example_dags/example_setup_teardown_taskflow.py
[2024-11-15T05:47:42.601+0000] {processor.py:914} INFO - Processing file /home/airflow/.local/lib/python3.12/site-packages/airflow/example_dags/example_setup_teardown_taskflow.py for tasks to queue
[2024-11-15T05:47:42.608+0000] {logging_mixin.py:190} INFO - [2024-11-15T05:47:42.606+0000] {dagbag.py:588} INFO - Filling up the DagBag from /home/airflow/.local/lib/python3.12/site-packages/airflow/example_dags/example_setup_teardown_taskflow.py
[2024-11-15T05:47:42.643+0000] {processor.py:925} INFO - DAG(s) 'example_setup_teardown_taskflow' retrieved from /home/airflow/.local/lib/python3.12/site-packages/airflow/example_dags/example_setup_teardown_taskflow.py
[2024-11-15T05:47:42.698+0000] {logging_mixin.py:190} INFO - [2024-11-15T05:47:42.697+0000] {dag.py:3239} INFO - Sync 1 DAGs
[2024-11-15T05:47:42.746+0000] {logging_mixin.py:190} INFO - [2024-11-15T05:47:42.741+0000] {dag.py:4180} INFO - Setting next_dagrun for example_setup_teardown_taskflow to None, run_after=None
[2024-11-15T05:47:42.811+0000] {processor.py:208} INFO - Processing /home/airflow/.local/lib/python3.12/site-packages/airflow/example_dags/example_setup_teardown_taskflow.py took 0.229 seconds
[2024-11-15T05:48:13.286+0000] {processor.py:186} INFO - Started process (PID=1280) to work on /home/airflow/.local/lib/python3.12/site-packages/airflow/example_dags/example_setup_teardown_taskflow.py
[2024-11-15T05:48:13.402+0000] {processor.py:914} INFO - Processing file /home/airflow/.local/lib/python3.12/site-packages/airflow/example_dags/example_setup_teardown_taskflow.py for tasks to queue
[2024-11-15T05:48:13.408+0000] {logging_mixin.py:190} INFO - [2024-11-15T05:48:13.407+0000] {dagbag.py:588} INFO - Filling up the DagBag from /home/airflow/.local/lib/python3.12/site-packages/airflow/example_dags/example_setup_teardown_taskflow.py
[2024-11-15T05:48:13.440+0000] {processor.py:925} INFO - DAG(s) 'example_setup_teardown_taskflow' retrieved from /home/airflow/.local/lib/python3.12/site-packages/airflow/example_dags/example_setup_teardown_taskflow.py
[2024-11-15T05:48:13.513+0000] {logging_mixin.py:190} INFO - [2024-11-15T05:48:13.512+0000] {dag.py:3239} INFO - Sync 1 DAGs
[2024-11-15T05:48:13.552+0000] {logging_mixin.py:190} INFO - [2024-11-15T05:48:13.551+0000] {dag.py:4180} INFO - Setting next_dagrun for example_setup_teardown_taskflow to None, run_after=None
[2024-11-15T05:48:13.597+0000] {processor.py:208} INFO - Processing /home/airflow/.local/lib/python3.12/site-packages/airflow/example_dags/example_setup_teardown_taskflow.py took 0.325 seconds
[2024-11-15T05:48:44.964+0000] {processor.py:186} INFO - Started process (PID=1345) to work on /home/airflow/.local/lib/python3.12/site-packages/airflow/example_dags/example_setup_teardown_taskflow.py
[2024-11-15T05:48:44.967+0000] {processor.py:914} INFO - Processing file /home/airflow/.local/lib/python3.12/site-packages/airflow/example_dags/example_setup_teardown_taskflow.py for tasks to queue
[2024-11-15T05:48:44.973+0000] {logging_mixin.py:190} INFO - [2024-11-15T05:48:44.972+0000] {dagbag.py:588} INFO - Filling up the DagBag from /home/airflow/.local/lib/python3.12/site-packages/airflow/example_dags/example_setup_teardown_taskflow.py
[2024-11-15T05:48:45.001+0000] {processor.py:925} INFO - DAG(s) 'example_setup_teardown_taskflow' retrieved from /home/airflow/.local/lib/python3.12/site-packages/airflow/example_dags/example_setup_teardown_taskflow.py
[2024-11-15T05:48:45.053+0000] {logging_mixin.py:190} INFO - [2024-11-15T05:48:45.053+0000] {dag.py:3239} INFO - Sync 1 DAGs
[2024-11-15T05:48:45.092+0000] {logging_mixin.py:190} INFO - [2024-11-15T05:48:45.091+0000] {dag.py:4180} INFO - Setting next_dagrun for example_setup_teardown_taskflow to None, run_after=None
[2024-11-15T05:48:45.137+0000] {processor.py:208} INFO - Processing /home/airflow/.local/lib/python3.12/site-packages/airflow/example_dags/example_setup_teardown_taskflow.py took 0.186 seconds
[2024-11-15T05:49:19.797+0000] {processor.py:186} INFO - Started process (PID=1414) to work on /home/airflow/.local/lib/python3.12/site-packages/airflow/example_dags/example_setup_teardown_taskflow.py
[2024-11-15T05:49:19.801+0000] {processor.py:914} INFO - Processing file /home/airflow/.local/lib/python3.12/site-packages/airflow/example_dags/example_setup_teardown_taskflow.py for tasks to queue
[2024-11-15T05:49:19.806+0000] {logging_mixin.py:190} INFO - [2024-11-15T05:49:19.806+0000] {dagbag.py:588} INFO - Filling up the DagBag from /home/airflow/.local/lib/python3.12/site-packages/airflow/example_dags/example_setup_teardown_taskflow.py
[2024-11-15T05:49:19.836+0000] {processor.py:925} INFO - DAG(s) 'example_setup_teardown_taskflow' retrieved from /home/airflow/.local/lib/python3.12/site-packages/airflow/example_dags/example_setup_teardown_taskflow.py
[2024-11-15T05:49:19.894+0000] {logging_mixin.py:190} INFO - [2024-11-15T05:49:19.893+0000] {dag.py:3239} INFO - Sync 1 DAGs
[2024-11-15T05:49:19.937+0000] {logging_mixin.py:190} INFO - [2024-11-15T05:49:19.936+0000] {dag.py:4180} INFO - Setting next_dagrun for example_setup_teardown_taskflow to None, run_after=None
[2024-11-15T05:49:19.977+0000] {processor.py:208} INFO - Processing /home/airflow/.local/lib/python3.12/site-packages/airflow/example_dags/example_setup_teardown_taskflow.py took 0.192 seconds
[2024-11-15T05:50:29.948+0000] {processor.py:186} INFO - Started process (PID=1503) to work on /home/airflow/.local/lib/python3.12/site-packages/airflow/example_dags/example_setup_teardown_taskflow.py
[2024-11-15T05:50:29.951+0000] {processor.py:914} INFO - Processing file /home/airflow/.local/lib/python3.12/site-packages/airflow/example_dags/example_setup_teardown_taskflow.py for tasks to queue
[2024-11-15T05:50:29.958+0000] {logging_mixin.py:190} INFO - [2024-11-15T05:50:29.957+0000] {dagbag.py:588} INFO - Filling up the DagBag from /home/airflow/.local/lib/python3.12/site-packages/airflow/example_dags/example_setup_teardown_taskflow.py
[2024-11-15T05:50:30.006+0000] {processor.py:925} INFO - DAG(s) 'example_setup_teardown_taskflow' retrieved from /home/airflow/.local/lib/python3.12/site-packages/airflow/example_dags/example_setup_teardown_taskflow.py
[2024-11-15T05:50:30.081+0000] {logging_mixin.py:190} INFO - [2024-11-15T05:50:30.080+0000] {dag.py:3239} INFO - Sync 1 DAGs
[2024-11-15T05:50:30.122+0000] {logging_mixin.py:190} INFO - [2024-11-15T05:50:30.121+0000] {dag.py:4180} INFO - Setting next_dagrun for example_setup_teardown_taskflow to None, run_after=None
[2024-11-15T05:50:30.170+0000] {processor.py:208} INFO - Processing /home/airflow/.local/lib/python3.12/site-packages/airflow/example_dags/example_setup_teardown_taskflow.py took 0.238 seconds
[2024-11-15T05:51:02.183+0000] {processor.py:186} INFO - Started process (PID=1569) to work on /home/airflow/.local/lib/python3.12/site-packages/airflow/example_dags/example_setup_teardown_taskflow.py
[2024-11-15T05:51:02.187+0000] {processor.py:914} INFO - Processing file /home/airflow/.local/lib/python3.12/site-packages/airflow/example_dags/example_setup_teardown_taskflow.py for tasks to queue
[2024-11-15T05:51:02.194+0000] {logging_mixin.py:190} INFO - [2024-11-15T05:51:02.193+0000] {dagbag.py:588} INFO - Filling up the DagBag from /home/airflow/.local/lib/python3.12/site-packages/airflow/example_dags/example_setup_teardown_taskflow.py
[2024-11-15T05:51:02.237+0000] {processor.py:925} INFO - DAG(s) 'example_setup_teardown_taskflow' retrieved from /home/airflow/.local/lib/python3.12/site-packages/airflow/example_dags/example_setup_teardown_taskflow.py
[2024-11-15T05:51:02.324+0000] {logging_mixin.py:190} INFO - [2024-11-15T05:51:02.324+0000] {dag.py:3239} INFO - Sync 1 DAGs
[2024-11-15T05:51:02.386+0000] {logging_mixin.py:190} INFO - [2024-11-15T05:51:02.385+0000] {dag.py:4180} INFO - Setting next_dagrun for example_setup_teardown_taskflow to None, run_after=None
[2024-11-15T05:51:02.447+0000] {processor.py:208} INFO - Processing /home/airflow/.local/lib/python3.12/site-packages/airflow/example_dags/example_setup_teardown_taskflow.py took 0.287 seconds
[2024-11-15T05:51:32.537+0000] {processor.py:186} INFO - Started process (PID=1634) to work on /home/airflow/.local/lib/python3.12/site-packages/airflow/example_dags/example_setup_teardown_taskflow.py
[2024-11-15T05:51:32.540+0000] {processor.py:914} INFO - Processing file /home/airflow/.local/lib/python3.12/site-packages/airflow/example_dags/example_setup_teardown_taskflow.py for tasks to queue
[2024-11-15T05:51:32.544+0000] {logging_mixin.py:190} INFO - [2024-11-15T05:51:32.543+0000] {dagbag.py:588} INFO - Filling up the DagBag from /home/airflow/.local/lib/python3.12/site-packages/airflow/example_dags/example_setup_teardown_taskflow.py
[2024-11-15T05:51:32.562+0000] {processor.py:925} INFO - DAG(s) 'example_setup_teardown_taskflow' retrieved from /home/airflow/.local/lib/python3.12/site-packages/airflow/example_dags/example_setup_teardown_taskflow.py
[2024-11-15T05:51:32.596+0000] {logging_mixin.py:190} INFO - [2024-11-15T05:51:32.595+0000] {dag.py:3239} INFO - Sync 1 DAGs
[2024-11-15T05:51:32.625+0000] {logging_mixin.py:190} INFO - [2024-11-15T05:51:32.623+0000] {dag.py:4180} INFO - Setting next_dagrun for example_setup_teardown_taskflow to None, run_after=None
[2024-11-15T05:51:32.662+0000] {processor.py:208} INFO - Processing /home/airflow/.local/lib/python3.12/site-packages/airflow/example_dags/example_setup_teardown_taskflow.py took 0.138 seconds
[2024-11-15T05:52:03.945+0000] {processor.py:186} INFO - Started process (PID=1700) to work on /home/airflow/.local/lib/python3.12/site-packages/airflow/example_dags/example_setup_teardown_taskflow.py
[2024-11-15T05:52:03.955+0000] {processor.py:914} INFO - Processing file /home/airflow/.local/lib/python3.12/site-packages/airflow/example_dags/example_setup_teardown_taskflow.py for tasks to queue
[2024-11-15T05:52:03.962+0000] {logging_mixin.py:190} INFO - [2024-11-15T05:52:03.961+0000] {dagbag.py:588} INFO - Filling up the DagBag from /home/airflow/.local/lib/python3.12/site-packages/airflow/example_dags/example_setup_teardown_taskflow.py
[2024-11-15T05:52:04.003+0000] {processor.py:925} INFO - DAG(s) 'example_setup_teardown_taskflow' retrieved from /home/airflow/.local/lib/python3.12/site-packages/airflow/example_dags/example_setup_teardown_taskflow.py
[2024-11-15T05:52:04.050+0000] {logging_mixin.py:190} INFO - [2024-11-15T05:52:04.049+0000] {dag.py:3239} INFO - Sync 1 DAGs
[2024-11-15T05:52:04.098+0000] {logging_mixin.py:190} INFO - [2024-11-15T05:52:04.097+0000] {dag.py:4180} INFO - Setting next_dagrun for example_setup_teardown_taskflow to None, run_after=None
[2024-11-15T05:52:04.177+0000] {processor.py:208} INFO - Processing /home/airflow/.local/lib/python3.12/site-packages/airflow/example_dags/example_setup_teardown_taskflow.py took 0.256 seconds
[2024-11-15T05:52:36.079+0000] {processor.py:186} INFO - Started process (PID=1765) to work on /home/airflow/.local/lib/python3.12/site-packages/airflow/example_dags/example_setup_teardown_taskflow.py
[2024-11-15T05:52:36.083+0000] {processor.py:914} INFO - Processing file /home/airflow/.local/lib/python3.12/site-packages/airflow/example_dags/example_setup_teardown_taskflow.py for tasks to queue
[2024-11-15T05:52:36.088+0000] {logging_mixin.py:190} INFO - [2024-11-15T05:52:36.087+0000] {dagbag.py:588} INFO - Filling up the DagBag from /home/airflow/.local/lib/python3.12/site-packages/airflow/example_dags/example_setup_teardown_taskflow.py
[2024-11-15T05:52:36.108+0000] {processor.py:925} INFO - DAG(s) 'example_setup_teardown_taskflow' retrieved from /home/airflow/.local/lib/python3.12/site-packages/airflow/example_dags/example_setup_teardown_taskflow.py
[2024-11-15T05:52:36.145+0000] {logging_mixin.py:190} INFO - [2024-11-15T05:52:36.145+0000] {dag.py:3239} INFO - Sync 1 DAGs
[2024-11-15T05:52:36.177+0000] {logging_mixin.py:190} INFO - [2024-11-15T05:52:36.177+0000] {dag.py:4180} INFO - Setting next_dagrun for example_setup_teardown_taskflow to None, run_after=None
[2024-11-15T05:52:36.212+0000] {processor.py:208} INFO - Processing /home/airflow/.local/lib/python3.12/site-packages/airflow/example_dags/example_setup_teardown_taskflow.py took 0.148 seconds
[2024-11-15T05:53:08.807+0000] {processor.py:186} INFO - Started process (PID=1831) to work on /home/airflow/.local/lib/python3.12/site-packages/airflow/example_dags/example_setup_teardown_taskflow.py
[2024-11-15T05:53:08.810+0000] {processor.py:914} INFO - Processing file /home/airflow/.local/lib/python3.12/site-packages/airflow/example_dags/example_setup_teardown_taskflow.py for tasks to queue
[2024-11-15T05:53:08.814+0000] {logging_mixin.py:190} INFO - [2024-11-15T05:53:08.813+0000] {dagbag.py:588} INFO - Filling up the DagBag from /home/airflow/.local/lib/python3.12/site-packages/airflow/example_dags/example_setup_teardown_taskflow.py
[2024-11-15T05:53:08.835+0000] {processor.py:925} INFO - DAG(s) 'example_setup_teardown_taskflow' retrieved from /home/airflow/.local/lib/python3.12/site-packages/airflow/example_dags/example_setup_teardown_taskflow.py
[2024-11-15T05:53:08.878+0000] {logging_mixin.py:190} INFO - [2024-11-15T05:53:08.877+0000] {dag.py:3239} INFO - Sync 1 DAGs
[2024-11-15T05:53:08.936+0000] {logging_mixin.py:190} INFO - [2024-11-15T05:53:08.935+0000] {dag.py:4180} INFO - Setting next_dagrun for example_setup_teardown_taskflow to None, run_after=None
[2024-11-15T05:53:09.025+0000] {processor.py:208} INFO - Processing /home/airflow/.local/lib/python3.12/site-packages/airflow/example_dags/example_setup_teardown_taskflow.py took 0.233 seconds
[2024-11-15T05:53:41.271+0000] {processor.py:186} INFO - Started process (PID=1896) to work on /home/airflow/.local/lib/python3.12/site-packages/airflow/example_dags/example_setup_teardown_taskflow.py
[2024-11-15T05:53:41.275+0000] {processor.py:914} INFO - Processing file /home/airflow/.local/lib/python3.12/site-packages/airflow/example_dags/example_setup_teardown_taskflow.py for tasks to queue
[2024-11-15T05:53:41.282+0000] {logging_mixin.py:190} INFO - [2024-11-15T05:53:41.281+0000] {dagbag.py:588} INFO - Filling up the DagBag from /home/airflow/.local/lib/python3.12/site-packages/airflow/example_dags/example_setup_teardown_taskflow.py
[2024-11-15T05:53:41.310+0000] {processor.py:925} INFO - DAG(s) 'example_setup_teardown_taskflow' retrieved from /home/airflow/.local/lib/python3.12/site-packages/airflow/example_dags/example_setup_teardown_taskflow.py
[2024-11-15T05:53:41.361+0000] {logging_mixin.py:190} INFO - [2024-11-15T05:53:41.360+0000] {dag.py:3239} INFO - Sync 1 DAGs
[2024-11-15T05:53:41.399+0000] {logging_mixin.py:190} INFO - [2024-11-15T05:53:41.399+0000] {dag.py:4180} INFO - Setting next_dagrun for example_setup_teardown_taskflow to None, run_after=None
[2024-11-15T05:53:41.457+0000] {processor.py:208} INFO - Processing /home/airflow/.local/lib/python3.12/site-packages/airflow/example_dags/example_setup_teardown_taskflow.py took 0.199 seconds
[2024-11-15T05:54:13.229+0000] {processor.py:186} INFO - Started process (PID=1967) to work on /home/airflow/.local/lib/python3.12/site-packages/airflow/example_dags/example_setup_teardown_taskflow.py
[2024-11-15T05:54:13.240+0000] {processor.py:914} INFO - Processing file /home/airflow/.local/lib/python3.12/site-packages/airflow/example_dags/example_setup_teardown_taskflow.py for tasks to queue
[2024-11-15T05:54:13.254+0000] {logging_mixin.py:190} INFO - [2024-11-15T05:54:13.253+0000] {dagbag.py:588} INFO - Filling up the DagBag from /home/airflow/.local/lib/python3.12/site-packages/airflow/example_dags/example_setup_teardown_taskflow.py
[2024-11-15T05:54:13.292+0000] {processor.py:925} INFO - DAG(s) 'example_setup_teardown_taskflow' retrieved from /home/airflow/.local/lib/python3.12/site-packages/airflow/example_dags/example_setup_teardown_taskflow.py
[2024-11-15T05:54:13.378+0000] {logging_mixin.py:190} INFO - [2024-11-15T05:54:13.377+0000] {dag.py:3239} INFO - Sync 1 DAGs
[2024-11-15T05:54:13.438+0000] {logging_mixin.py:190} INFO - [2024-11-15T05:54:13.437+0000] {dag.py:4180} INFO - Setting next_dagrun for example_setup_teardown_taskflow to None, run_after=None
[2024-11-15T05:54:13.530+0000] {processor.py:208} INFO - Processing /home/airflow/.local/lib/python3.12/site-packages/airflow/example_dags/example_setup_teardown_taskflow.py took 0.324 seconds
[2024-11-15T05:54:45.510+0000] {processor.py:186} INFO - Started process (PID=2032) to work on /home/airflow/.local/lib/python3.12/site-packages/airflow/example_dags/example_setup_teardown_taskflow.py
[2024-11-15T05:54:45.513+0000] {processor.py:914} INFO - Processing file /home/airflow/.local/lib/python3.12/site-packages/airflow/example_dags/example_setup_teardown_taskflow.py for tasks to queue
[2024-11-15T05:54:45.522+0000] {logging_mixin.py:190} INFO - [2024-11-15T05:54:45.521+0000] {dagbag.py:588} INFO - Filling up the DagBag from /home/airflow/.local/lib/python3.12/site-packages/airflow/example_dags/example_setup_teardown_taskflow.py
[2024-11-15T05:54:45.573+0000] {processor.py:925} INFO - DAG(s) 'example_setup_teardown_taskflow' retrieved from /home/airflow/.local/lib/python3.12/site-packages/airflow/example_dags/example_setup_teardown_taskflow.py
[2024-11-15T05:54:45.652+0000] {logging_mixin.py:190} INFO - [2024-11-15T05:54:45.651+0000] {dag.py:3239} INFO - Sync 1 DAGs
[2024-11-15T05:54:45.707+0000] {logging_mixin.py:190} INFO - [2024-11-15T05:54:45.704+0000] {dag.py:4180} INFO - Setting next_dagrun for example_setup_teardown_taskflow to None, run_after=None
[2024-11-15T05:54:45.764+0000] {processor.py:208} INFO - Processing /home/airflow/.local/lib/python3.12/site-packages/airflow/example_dags/example_setup_teardown_taskflow.py took 0.268 seconds
[2024-11-15T05:55:35.259+0000] {processor.py:186} INFO - Started process (PID=2096) to work on /home/airflow/.local/lib/python3.12/site-packages/airflow/example_dags/example_setup_teardown_taskflow.py
[2024-11-15T05:55:35.262+0000] {processor.py:914} INFO - Processing file /home/airflow/.local/lib/python3.12/site-packages/airflow/example_dags/example_setup_teardown_taskflow.py for tasks to queue
[2024-11-15T05:55:35.268+0000] {logging_mixin.py:190} INFO - [2024-11-15T05:55:35.267+0000] {dagbag.py:588} INFO - Filling up the DagBag from /home/airflow/.local/lib/python3.12/site-packages/airflow/example_dags/example_setup_teardown_taskflow.py
[2024-11-15T05:55:35.291+0000] {processor.py:925} INFO - DAG(s) 'example_setup_teardown_taskflow' retrieved from /home/airflow/.local/lib/python3.12/site-packages/airflow/example_dags/example_setup_teardown_taskflow.py
[2024-11-15T05:55:35.340+0000] {logging_mixin.py:190} INFO - [2024-11-15T05:55:35.340+0000] {dag.py:3239} INFO - Sync 1 DAGs
[2024-11-15T05:55:35.377+0000] {logging_mixin.py:190} INFO - [2024-11-15T05:55:35.376+0000] {dag.py:4180} INFO - Setting next_dagrun for example_setup_teardown_taskflow to None, run_after=None
[2024-11-15T05:55:35.430+0000] {processor.py:208} INFO - Processing /home/airflow/.local/lib/python3.12/site-packages/airflow/example_dags/example_setup_teardown_taskflow.py took 0.183 seconds
[2024-11-15T05:56:07.109+0000] {processor.py:186} INFO - Started process (PID=2161) to work on /home/airflow/.local/lib/python3.12/site-packages/airflow/example_dags/example_setup_teardown_taskflow.py
[2024-11-15T05:56:07.113+0000] {processor.py:914} INFO - Processing file /home/airflow/.local/lib/python3.12/site-packages/airflow/example_dags/example_setup_teardown_taskflow.py for tasks to queue
[2024-11-15T05:56:07.117+0000] {logging_mixin.py:190} INFO - [2024-11-15T05:56:07.117+0000] {dagbag.py:588} INFO - Filling up the DagBag from /home/airflow/.local/lib/python3.12/site-packages/airflow/example_dags/example_setup_teardown_taskflow.py
[2024-11-15T05:56:07.141+0000] {processor.py:925} INFO - DAG(s) 'example_setup_teardown_taskflow' retrieved from /home/airflow/.local/lib/python3.12/site-packages/airflow/example_dags/example_setup_teardown_taskflow.py
[2024-11-15T05:56:07.190+0000] {logging_mixin.py:190} INFO - [2024-11-15T05:56:07.190+0000] {dag.py:3239} INFO - Sync 1 DAGs
[2024-11-15T05:56:07.231+0000] {logging_mixin.py:190} INFO - [2024-11-15T05:56:07.230+0000] {dag.py:4180} INFO - Setting next_dagrun for example_setup_teardown_taskflow to None, run_after=None
[2024-11-15T05:56:07.281+0000] {processor.py:208} INFO - Processing /home/airflow/.local/lib/python3.12/site-packages/airflow/example_dags/example_setup_teardown_taskflow.py took 0.184 seconds
[2024-11-15T05:56:41.950+0000] {processor.py:186} INFO - Started process (PID=2233) to work on /home/airflow/.local/lib/python3.12/site-packages/airflow/example_dags/example_setup_teardown_taskflow.py
[2024-11-15T05:56:41.953+0000] {processor.py:914} INFO - Processing file /home/airflow/.local/lib/python3.12/site-packages/airflow/example_dags/example_setup_teardown_taskflow.py for tasks to queue
[2024-11-15T05:56:41.978+0000] {logging_mixin.py:190} INFO - [2024-11-15T05:56:41.968+0000] {dagbag.py:588} INFO - Filling up the DagBag from /home/airflow/.local/lib/python3.12/site-packages/airflow/example_dags/example_setup_teardown_taskflow.py
[2024-11-15T05:56:42.040+0000] {processor.py:925} INFO - DAG(s) 'example_setup_teardown_taskflow' retrieved from /home/airflow/.local/lib/python3.12/site-packages/airflow/example_dags/example_setup_teardown_taskflow.py
[2024-11-15T05:56:42.125+0000] {logging_mixin.py:190} INFO - [2024-11-15T05:56:42.124+0000] {dag.py:3239} INFO - Sync 1 DAGs
[2024-11-15T05:56:42.188+0000] {logging_mixin.py:190} INFO - [2024-11-15T05:56:42.186+0000] {dag.py:4180} INFO - Setting next_dagrun for example_setup_teardown_taskflow to None, run_after=None
[2024-11-15T05:56:42.272+0000] {processor.py:208} INFO - Processing /home/airflow/.local/lib/python3.12/site-packages/airflow/example_dags/example_setup_teardown_taskflow.py took 0.343 seconds
[2024-11-15T05:57:14.306+0000] {processor.py:186} INFO - Started process (PID=2298) to work on /home/airflow/.local/lib/python3.12/site-packages/airflow/example_dags/example_setup_teardown_taskflow.py
[2024-11-15T05:57:14.309+0000] {processor.py:914} INFO - Processing file /home/airflow/.local/lib/python3.12/site-packages/airflow/example_dags/example_setup_teardown_taskflow.py for tasks to queue
[2024-11-15T05:57:14.319+0000] {logging_mixin.py:190} INFO - [2024-11-15T05:57:14.317+0000] {dagbag.py:588} INFO - Filling up the DagBag from /home/airflow/.local/lib/python3.12/site-packages/airflow/example_dags/example_setup_teardown_taskflow.py
[2024-11-15T05:57:14.361+0000] {processor.py:925} INFO - DAG(s) 'example_setup_teardown_taskflow' retrieved from /home/airflow/.local/lib/python3.12/site-packages/airflow/example_dags/example_setup_teardown_taskflow.py
[2024-11-15T05:57:14.430+0000] {logging_mixin.py:190} INFO - [2024-11-15T05:57:14.430+0000] {dag.py:3239} INFO - Sync 1 DAGs
[2024-11-15T05:57:14.474+0000] {logging_mixin.py:190} INFO - [2024-11-15T05:57:14.474+0000] {dag.py:4180} INFO - Setting next_dagrun for example_setup_teardown_taskflow to None, run_after=None
[2024-11-15T05:57:14.542+0000] {processor.py:208} INFO - Processing /home/airflow/.local/lib/python3.12/site-packages/airflow/example_dags/example_setup_teardown_taskflow.py took 0.256 seconds
[2024-11-15T05:57:46.113+0000] {processor.py:186} INFO - Started process (PID=2363) to work on /home/airflow/.local/lib/python3.12/site-packages/airflow/example_dags/example_setup_teardown_taskflow.py
[2024-11-15T05:57:46.116+0000] {processor.py:914} INFO - Processing file /home/airflow/.local/lib/python3.12/site-packages/airflow/example_dags/example_setup_teardown_taskflow.py for tasks to queue
[2024-11-15T05:57:46.124+0000] {logging_mixin.py:190} INFO - [2024-11-15T05:57:46.122+0000] {dagbag.py:588} INFO - Filling up the DagBag from /home/airflow/.local/lib/python3.12/site-packages/airflow/example_dags/example_setup_teardown_taskflow.py
[2024-11-15T05:57:46.159+0000] {processor.py:925} INFO - DAG(s) 'example_setup_teardown_taskflow' retrieved from /home/airflow/.local/lib/python3.12/site-packages/airflow/example_dags/example_setup_teardown_taskflow.py
[2024-11-15T05:57:46.215+0000] {logging_mixin.py:190} INFO - [2024-11-15T05:57:46.215+0000] {dag.py:3239} INFO - Sync 1 DAGs
[2024-11-15T05:57:46.265+0000] {logging_mixin.py:190} INFO - [2024-11-15T05:57:46.264+0000] {dag.py:4180} INFO - Setting next_dagrun for example_setup_teardown_taskflow to None, run_after=None
[2024-11-15T05:57:46.313+0000] {processor.py:208} INFO - Processing /home/airflow/.local/lib/python3.12/site-packages/airflow/example_dags/example_setup_teardown_taskflow.py took 0.220 seconds
[2024-11-15T05:58:18.357+0000] {processor.py:186} INFO - Started process (PID=2429) to work on /home/airflow/.local/lib/python3.12/site-packages/airflow/example_dags/example_setup_teardown_taskflow.py
[2024-11-15T05:58:18.360+0000] {processor.py:914} INFO - Processing file /home/airflow/.local/lib/python3.12/site-packages/airflow/example_dags/example_setup_teardown_taskflow.py for tasks to queue
[2024-11-15T05:58:18.365+0000] {logging_mixin.py:190} INFO - [2024-11-15T05:58:18.365+0000] {dagbag.py:588} INFO - Filling up the DagBag from /home/airflow/.local/lib/python3.12/site-packages/airflow/example_dags/example_setup_teardown_taskflow.py
[2024-11-15T05:58:18.389+0000] {processor.py:925} INFO - DAG(s) 'example_setup_teardown_taskflow' retrieved from /home/airflow/.local/lib/python3.12/site-packages/airflow/example_dags/example_setup_teardown_taskflow.py
[2024-11-15T05:58:18.435+0000] {logging_mixin.py:190} INFO - [2024-11-15T05:58:18.435+0000] {dag.py:3239} INFO - Sync 1 DAGs
[2024-11-15T05:58:18.473+0000] {logging_mixin.py:190} INFO - [2024-11-15T05:58:18.472+0000] {dag.py:4180} INFO - Setting next_dagrun for example_setup_teardown_taskflow to None, run_after=None
[2024-11-15T05:58:18.518+0000] {processor.py:208} INFO - Processing /home/airflow/.local/lib/python3.12/site-packages/airflow/example_dags/example_setup_teardown_taskflow.py took 0.173 seconds
[2024-11-15T05:58:50.201+0000] {processor.py:186} INFO - Started process (PID=2500) to work on /home/airflow/.local/lib/python3.12/site-packages/airflow/example_dags/example_setup_teardown_taskflow.py
[2024-11-15T05:58:50.204+0000] {processor.py:914} INFO - Processing file /home/airflow/.local/lib/python3.12/site-packages/airflow/example_dags/example_setup_teardown_taskflow.py for tasks to queue
[2024-11-15T05:58:50.209+0000] {logging_mixin.py:190} INFO - [2024-11-15T05:58:50.208+0000] {dagbag.py:588} INFO - Filling up the DagBag from /home/airflow/.local/lib/python3.12/site-packages/airflow/example_dags/example_setup_teardown_taskflow.py
[2024-11-15T05:58:50.245+0000] {processor.py:925} INFO - DAG(s) 'example_setup_teardown_taskflow' retrieved from /home/airflow/.local/lib/python3.12/site-packages/airflow/example_dags/example_setup_teardown_taskflow.py
[2024-11-15T05:58:50.303+0000] {logging_mixin.py:190} INFO - [2024-11-15T05:58:50.303+0000] {dag.py:3239} INFO - Sync 1 DAGs
[2024-11-15T05:58:50.334+0000] {logging_mixin.py:190} INFO - [2024-11-15T05:58:50.333+0000] {dag.py:4180} INFO - Setting next_dagrun for example_setup_teardown_taskflow to None, run_after=None
[2024-11-15T05:58:50.366+0000] {processor.py:208} INFO - Processing /home/airflow/.local/lib/python3.12/site-packages/airflow/example_dags/example_setup_teardown_taskflow.py took 0.181 seconds
[2024-11-15T05:59:22.600+0000] {processor.py:186} INFO - Started process (PID=2565) to work on /home/airflow/.local/lib/python3.12/site-packages/airflow/example_dags/example_setup_teardown_taskflow.py
[2024-11-15T05:59:22.605+0000] {processor.py:914} INFO - Processing file /home/airflow/.local/lib/python3.12/site-packages/airflow/example_dags/example_setup_teardown_taskflow.py for tasks to queue
[2024-11-15T05:59:22.610+0000] {logging_mixin.py:190} INFO - [2024-11-15T05:59:22.609+0000] {dagbag.py:588} INFO - Filling up the DagBag from /home/airflow/.local/lib/python3.12/site-packages/airflow/example_dags/example_setup_teardown_taskflow.py
[2024-11-15T05:59:22.640+0000] {processor.py:925} INFO - DAG(s) 'example_setup_teardown_taskflow' retrieved from /home/airflow/.local/lib/python3.12/site-packages/airflow/example_dags/example_setup_teardown_taskflow.py
[2024-11-15T05:59:22.685+0000] {logging_mixin.py:190} INFO - [2024-11-15T05:59:22.684+0000] {dag.py:3239} INFO - Sync 1 DAGs
[2024-11-15T05:59:22.720+0000] {logging_mixin.py:190} INFO - [2024-11-15T05:59:22.719+0000] {dag.py:4180} INFO - Setting next_dagrun for example_setup_teardown_taskflow to None, run_after=None
[2024-11-15T05:59:22.766+0000] {processor.py:208} INFO - Processing /home/airflow/.local/lib/python3.12/site-packages/airflow/example_dags/example_setup_teardown_taskflow.py took 0.176 seconds
[2024-11-15T05:59:58.443+0000] {processor.py:186} INFO - Started process (PID=2638) to work on /home/airflow/.local/lib/python3.12/site-packages/airflow/example_dags/example_setup_teardown_taskflow.py
[2024-11-15T05:59:58.446+0000] {processor.py:914} INFO - Processing file /home/airflow/.local/lib/python3.12/site-packages/airflow/example_dags/example_setup_teardown_taskflow.py for tasks to queue
[2024-11-15T05:59:58.450+0000] {logging_mixin.py:190} INFO - [2024-11-15T05:59:58.449+0000] {dagbag.py:588} INFO - Filling up the DagBag from /home/airflow/.local/lib/python3.12/site-packages/airflow/example_dags/example_setup_teardown_taskflow.py
[2024-11-15T05:59:58.474+0000] {processor.py:925} INFO - DAG(s) 'example_setup_teardown_taskflow' retrieved from /home/airflow/.local/lib/python3.12/site-packages/airflow/example_dags/example_setup_teardown_taskflow.py
[2024-11-15T05:59:58.515+0000] {logging_mixin.py:190} INFO - [2024-11-15T05:59:58.514+0000] {dag.py:3239} INFO - Sync 1 DAGs
[2024-11-15T05:59:58.544+0000] {logging_mixin.py:190} INFO - [2024-11-15T05:59:58.544+0000] {dag.py:4180} INFO - Setting next_dagrun for example_setup_teardown_taskflow to None, run_after=None
[2024-11-15T05:59:58.581+0000] {processor.py:208} INFO - Processing /home/airflow/.local/lib/python3.12/site-packages/airflow/example_dags/example_setup_teardown_taskflow.py took 0.152 seconds
[2024-11-15T06:00:29.987+0000] {processor.py:186} INFO - Started process (PID=2703) to work on /home/airflow/.local/lib/python3.12/site-packages/airflow/example_dags/example_setup_teardown_taskflow.py
[2024-11-15T06:00:29.989+0000] {processor.py:914} INFO - Processing file /home/airflow/.local/lib/python3.12/site-packages/airflow/example_dags/example_setup_teardown_taskflow.py for tasks to queue
[2024-11-15T06:00:29.994+0000] {logging_mixin.py:190} INFO - [2024-11-15T06:00:29.994+0000] {dagbag.py:588} INFO - Filling up the DagBag from /home/airflow/.local/lib/python3.12/site-packages/airflow/example_dags/example_setup_teardown_taskflow.py
[2024-11-15T06:00:30.015+0000] {processor.py:925} INFO - DAG(s) 'example_setup_teardown_taskflow' retrieved from /home/airflow/.local/lib/python3.12/site-packages/airflow/example_dags/example_setup_teardown_taskflow.py
[2024-11-15T06:00:30.055+0000] {logging_mixin.py:190} INFO - [2024-11-15T06:00:30.055+0000] {dag.py:3239} INFO - Sync 1 DAGs
[2024-11-15T06:00:30.089+0000] {logging_mixin.py:190} INFO - [2024-11-15T06:00:30.089+0000] {dag.py:4180} INFO - Setting next_dagrun for example_setup_teardown_taskflow to None, run_after=None
[2024-11-15T06:00:30.137+0000] {processor.py:208} INFO - Processing /home/airflow/.local/lib/python3.12/site-packages/airflow/example_dags/example_setup_teardown_taskflow.py took 0.161 seconds
[2024-11-15T06:01:01.109+0000] {processor.py:186} INFO - Started process (PID=2770) to work on /home/airflow/.local/lib/python3.12/site-packages/airflow/example_dags/example_setup_teardown_taskflow.py
[2024-11-15T06:01:01.113+0000] {processor.py:914} INFO - Processing file /home/airflow/.local/lib/python3.12/site-packages/airflow/example_dags/example_setup_teardown_taskflow.py for tasks to queue
[2024-11-15T06:01:01.120+0000] {logging_mixin.py:190} INFO - [2024-11-15T06:01:01.119+0000] {dagbag.py:588} INFO - Filling up the DagBag from /home/airflow/.local/lib/python3.12/site-packages/airflow/example_dags/example_setup_teardown_taskflow.py
[2024-11-15T06:01:01.164+0000] {processor.py:925} INFO - DAG(s) 'example_setup_teardown_taskflow' retrieved from /home/airflow/.local/lib/python3.12/site-packages/airflow/example_dags/example_setup_teardown_taskflow.py
[2024-11-15T06:01:01.247+0000] {logging_mixin.py:190} INFO - [2024-11-15T06:01:01.246+0000] {dag.py:3239} INFO - Sync 1 DAGs
[2024-11-15T06:01:01.299+0000] {logging_mixin.py:190} INFO - [2024-11-15T06:01:01.299+0000] {dag.py:4180} INFO - Setting next_dagrun for example_setup_teardown_taskflow to None, run_after=None
[2024-11-15T06:01:01.331+0000] {processor.py:208} INFO - Processing /home/airflow/.local/lib/python3.12/site-packages/airflow/example_dags/example_setup_teardown_taskflow.py took 0.241 seconds
[2024-11-15T06:01:34.483+0000] {processor.py:186} INFO - Started process (PID=2835) to work on /home/airflow/.local/lib/python3.12/site-packages/airflow/example_dags/example_setup_teardown_taskflow.py
[2024-11-15T06:01:34.488+0000] {processor.py:914} INFO - Processing file /home/airflow/.local/lib/python3.12/site-packages/airflow/example_dags/example_setup_teardown_taskflow.py for tasks to queue
[2024-11-15T06:01:34.494+0000] {logging_mixin.py:190} INFO - [2024-11-15T06:01:34.493+0000] {dagbag.py:588} INFO - Filling up the DagBag from /home/airflow/.local/lib/python3.12/site-packages/airflow/example_dags/example_setup_teardown_taskflow.py
[2024-11-15T06:01:34.535+0000] {processor.py:925} INFO - DAG(s) 'example_setup_teardown_taskflow' retrieved from /home/airflow/.local/lib/python3.12/site-packages/airflow/example_dags/example_setup_teardown_taskflow.py
[2024-11-15T06:01:34.590+0000] {logging_mixin.py:190} INFO - [2024-11-15T06:01:34.589+0000] {dag.py:3239} INFO - Sync 1 DAGs
[2024-11-15T06:01:34.625+0000] {logging_mixin.py:190} INFO - [2024-11-15T06:01:34.624+0000] {dag.py:4180} INFO - Setting next_dagrun for example_setup_teardown_taskflow to None, run_after=None
[2024-11-15T06:01:34.665+0000] {processor.py:208} INFO - Processing /home/airflow/.local/lib/python3.12/site-packages/airflow/example_dags/example_setup_teardown_taskflow.py took 0.198 seconds
[2024-11-15T06:02:07.564+0000] {processor.py:186} INFO - Started process (PID=2909) to work on /home/airflow/.local/lib/python3.12/site-packages/airflow/example_dags/example_setup_teardown_taskflow.py
[2024-11-15T06:02:07.567+0000] {processor.py:914} INFO - Processing file /home/airflow/.local/lib/python3.12/site-packages/airflow/example_dags/example_setup_teardown_taskflow.py for tasks to queue
[2024-11-15T06:02:07.573+0000] {logging_mixin.py:190} INFO - [2024-11-15T06:02:07.572+0000] {dagbag.py:588} INFO - Filling up the DagBag from /home/airflow/.local/lib/python3.12/site-packages/airflow/example_dags/example_setup_teardown_taskflow.py
[2024-11-15T06:02:07.604+0000] {processor.py:925} INFO - DAG(s) 'example_setup_teardown_taskflow' retrieved from /home/airflow/.local/lib/python3.12/site-packages/airflow/example_dags/example_setup_teardown_taskflow.py
[2024-11-15T06:02:07.667+0000] {logging_mixin.py:190} INFO - [2024-11-15T06:02:07.667+0000] {dag.py:3239} INFO - Sync 1 DAGs
[2024-11-15T06:02:07.710+0000] {logging_mixin.py:190} INFO - [2024-11-15T06:02:07.709+0000] {dag.py:4180} INFO - Setting next_dagrun for example_setup_teardown_taskflow to None, run_after=None
[2024-11-15T06:02:07.769+0000] {processor.py:208} INFO - Processing /home/airflow/.local/lib/python3.12/site-packages/airflow/example_dags/example_setup_teardown_taskflow.py took 0.219 seconds
[2024-11-15T06:02:52.987+0000] {processor.py:186} INFO - Started process (PID=2985) to work on /home/airflow/.local/lib/python3.12/site-packages/airflow/example_dags/example_setup_teardown_taskflow.py
[2024-11-15T06:02:52.992+0000] {processor.py:914} INFO - Processing file /home/airflow/.local/lib/python3.12/site-packages/airflow/example_dags/example_setup_teardown_taskflow.py for tasks to queue
[2024-11-15T06:02:53.000+0000] {logging_mixin.py:190} INFO - [2024-11-15T06:02:52.999+0000] {dagbag.py:588} INFO - Filling up the DagBag from /home/airflow/.local/lib/python3.12/site-packages/airflow/example_dags/example_setup_teardown_taskflow.py
[2024-11-15T06:02:53.079+0000] {processor.py:925} INFO - DAG(s) 'example_setup_teardown_taskflow' retrieved from /home/airflow/.local/lib/python3.12/site-packages/airflow/example_dags/example_setup_teardown_taskflow.py
[2024-11-15T06:02:53.175+0000] {logging_mixin.py:190} INFO - [2024-11-15T06:02:53.173+0000] {dag.py:3239} INFO - Sync 1 DAGs
[2024-11-15T06:02:53.215+0000] {logging_mixin.py:190} INFO - [2024-11-15T06:02:53.215+0000] {dag.py:4180} INFO - Setting next_dagrun for example_setup_teardown_taskflow to None, run_after=None
[2024-11-15T06:02:53.264+0000] {processor.py:208} INFO - Processing /home/airflow/.local/lib/python3.12/site-packages/airflow/example_dags/example_setup_teardown_taskflow.py took 0.308 seconds
[2024-11-15T06:03:29.037+0000] {processor.py:186} INFO - Started process (PID=3052) to work on /home/airflow/.local/lib/python3.12/site-packages/airflow/example_dags/example_setup_teardown_taskflow.py
[2024-11-15T06:03:29.041+0000] {processor.py:914} INFO - Processing file /home/airflow/.local/lib/python3.12/site-packages/airflow/example_dags/example_setup_teardown_taskflow.py for tasks to queue
[2024-11-15T06:03:29.048+0000] {logging_mixin.py:190} INFO - [2024-11-15T06:03:29.048+0000] {dagbag.py:588} INFO - Filling up the DagBag from /home/airflow/.local/lib/python3.12/site-packages/airflow/example_dags/example_setup_teardown_taskflow.py
[2024-11-15T06:03:29.104+0000] {processor.py:925} INFO - DAG(s) 'example_setup_teardown_taskflow' retrieved from /home/airflow/.local/lib/python3.12/site-packages/airflow/example_dags/example_setup_teardown_taskflow.py
[2024-11-15T06:03:29.177+0000] {logging_mixin.py:190} INFO - [2024-11-15T06:03:29.176+0000] {dag.py:3239} INFO - Sync 1 DAGs
[2024-11-15T06:03:29.221+0000] {logging_mixin.py:190} INFO - [2024-11-15T06:03:29.221+0000] {dag.py:4180} INFO - Setting next_dagrun for example_setup_teardown_taskflow to None, run_after=None
[2024-11-15T06:03:29.286+0000] {processor.py:208} INFO - Processing /home/airflow/.local/lib/python3.12/site-packages/airflow/example_dags/example_setup_teardown_taskflow.py took 0.272 seconds
[2024-11-15T06:04:01.707+0000] {processor.py:186} INFO - Started process (PID=3117) to work on /home/airflow/.local/lib/python3.12/site-packages/airflow/example_dags/example_setup_teardown_taskflow.py
[2024-11-15T06:04:01.709+0000] {processor.py:914} INFO - Processing file /home/airflow/.local/lib/python3.12/site-packages/airflow/example_dags/example_setup_teardown_taskflow.py for tasks to queue
[2024-11-15T06:04:01.716+0000] {logging_mixin.py:190} INFO - [2024-11-15T06:04:01.714+0000] {dagbag.py:588} INFO - Filling up the DagBag from /home/airflow/.local/lib/python3.12/site-packages/airflow/example_dags/example_setup_teardown_taskflow.py
[2024-11-15T06:04:01.740+0000] {processor.py:925} INFO - DAG(s) 'example_setup_teardown_taskflow' retrieved from /home/airflow/.local/lib/python3.12/site-packages/airflow/example_dags/example_setup_teardown_taskflow.py
[2024-11-15T06:04:01.779+0000] {logging_mixin.py:190} INFO - [2024-11-15T06:04:01.779+0000] {dag.py:3239} INFO - Sync 1 DAGs
[2024-11-15T06:04:01.813+0000] {logging_mixin.py:190} INFO - [2024-11-15T06:04:01.812+0000] {dag.py:4180} INFO - Setting next_dagrun for example_setup_teardown_taskflow to None, run_after=None
[2024-11-15T06:04:01.854+0000] {processor.py:208} INFO - Processing /home/airflow/.local/lib/python3.12/site-packages/airflow/example_dags/example_setup_teardown_taskflow.py took 0.156 seconds
[2024-11-15T06:04:36.666+0000] {processor.py:186} INFO - Started process (PID=3184) to work on /home/airflow/.local/lib/python3.12/site-packages/airflow/example_dags/example_setup_teardown_taskflow.py
[2024-11-15T06:04:36.670+0000] {processor.py:914} INFO - Processing file /home/airflow/.local/lib/python3.12/site-packages/airflow/example_dags/example_setup_teardown_taskflow.py for tasks to queue
[2024-11-15T06:04:36.679+0000] {logging_mixin.py:190} INFO - [2024-11-15T06:04:36.676+0000] {dagbag.py:588} INFO - Filling up the DagBag from /home/airflow/.local/lib/python3.12/site-packages/airflow/example_dags/example_setup_teardown_taskflow.py
[2024-11-15T06:04:36.710+0000] {processor.py:925} INFO - DAG(s) 'example_setup_teardown_taskflow' retrieved from /home/airflow/.local/lib/python3.12/site-packages/airflow/example_dags/example_setup_teardown_taskflow.py
[2024-11-15T06:04:36.798+0000] {logging_mixin.py:190} INFO - [2024-11-15T06:04:36.797+0000] {dag.py:3239} INFO - Sync 1 DAGs
[2024-11-15T06:04:36.860+0000] {logging_mixin.py:190} INFO - [2024-11-15T06:04:36.860+0000] {dag.py:4180} INFO - Setting next_dagrun for example_setup_teardown_taskflow to None, run_after=None
[2024-11-15T06:04:36.945+0000] {processor.py:208} INFO - Processing /home/airflow/.local/lib/python3.12/site-packages/airflow/example_dags/example_setup_teardown_taskflow.py took 0.302 seconds
[2024-11-15T06:05:10.218+0000] {processor.py:186} INFO - Started process (PID=3249) to work on /home/airflow/.local/lib/python3.12/site-packages/airflow/example_dags/example_setup_teardown_taskflow.py
[2024-11-15T06:05:10.221+0000] {processor.py:914} INFO - Processing file /home/airflow/.local/lib/python3.12/site-packages/airflow/example_dags/example_setup_teardown_taskflow.py for tasks to queue
[2024-11-15T06:05:10.227+0000] {logging_mixin.py:190} INFO - [2024-11-15T06:05:10.226+0000] {dagbag.py:588} INFO - Filling up the DagBag from /home/airflow/.local/lib/python3.12/site-packages/airflow/example_dags/example_setup_teardown_taskflow.py
[2024-11-15T06:05:10.258+0000] {processor.py:925} INFO - DAG(s) 'example_setup_teardown_taskflow' retrieved from /home/airflow/.local/lib/python3.12/site-packages/airflow/example_dags/example_setup_teardown_taskflow.py
[2024-11-15T06:05:10.314+0000] {logging_mixin.py:190} INFO - [2024-11-15T06:05:10.314+0000] {dag.py:3239} INFO - Sync 1 DAGs
[2024-11-15T06:05:10.348+0000] {logging_mixin.py:190} INFO - [2024-11-15T06:05:10.348+0000] {dag.py:4180} INFO - Setting next_dagrun for example_setup_teardown_taskflow to None, run_after=None
[2024-11-15T06:05:10.392+0000] {processor.py:208} INFO - Processing /home/airflow/.local/lib/python3.12/site-packages/airflow/example_dags/example_setup_teardown_taskflow.py took 0.188 seconds
[2024-11-15T06:05:40.651+0000] {processor.py:186} INFO - Started process (PID=3314) to work on /home/airflow/.local/lib/python3.12/site-packages/airflow/example_dags/example_setup_teardown_taskflow.py
[2024-11-15T06:05:40.654+0000] {processor.py:914} INFO - Processing file /home/airflow/.local/lib/python3.12/site-packages/airflow/example_dags/example_setup_teardown_taskflow.py for tasks to queue
[2024-11-15T06:05:40.660+0000] {logging_mixin.py:190} INFO - [2024-11-15T06:05:40.659+0000] {dagbag.py:588} INFO - Filling up the DagBag from /home/airflow/.local/lib/python3.12/site-packages/airflow/example_dags/example_setup_teardown_taskflow.py
[2024-11-15T06:05:40.688+0000] {processor.py:925} INFO - DAG(s) 'example_setup_teardown_taskflow' retrieved from /home/airflow/.local/lib/python3.12/site-packages/airflow/example_dags/example_setup_teardown_taskflow.py
[2024-11-15T06:05:40.736+0000] {logging_mixin.py:190} INFO - [2024-11-15T06:05:40.735+0000] {dag.py:3239} INFO - Sync 1 DAGs
[2024-11-15T06:05:40.771+0000] {logging_mixin.py:190} INFO - [2024-11-15T06:05:40.771+0000] {dag.py:4180} INFO - Setting next_dagrun for example_setup_teardown_taskflow to None, run_after=None
[2024-11-15T06:05:40.816+0000] {processor.py:208} INFO - Processing /home/airflow/.local/lib/python3.12/site-packages/airflow/example_dags/example_setup_teardown_taskflow.py took 0.180 seconds
[2024-11-15T06:06:11.002+0000] {processor.py:186} INFO - Started process (PID=3379) to work on /home/airflow/.local/lib/python3.12/site-packages/airflow/example_dags/example_setup_teardown_taskflow.py
[2024-11-15T06:06:11.007+0000] {processor.py:914} INFO - Processing file /home/airflow/.local/lib/python3.12/site-packages/airflow/example_dags/example_setup_teardown_taskflow.py for tasks to queue
[2024-11-15T06:06:11.014+0000] {logging_mixin.py:190} INFO - [2024-11-15T06:06:11.013+0000] {dagbag.py:588} INFO - Filling up the DagBag from /home/airflow/.local/lib/python3.12/site-packages/airflow/example_dags/example_setup_teardown_taskflow.py
[2024-11-15T06:06:11.046+0000] {processor.py:925} INFO - DAG(s) 'example_setup_teardown_taskflow' retrieved from /home/airflow/.local/lib/python3.12/site-packages/airflow/example_dags/example_setup_teardown_taskflow.py
[2024-11-15T06:06:11.111+0000] {logging_mixin.py:190} INFO - [2024-11-15T06:06:11.110+0000] {dag.py:3239} INFO - Sync 1 DAGs
[2024-11-15T06:06:11.176+0000] {logging_mixin.py:190} INFO - [2024-11-15T06:06:11.175+0000] {dag.py:4180} INFO - Setting next_dagrun for example_setup_teardown_taskflow to None, run_after=None
[2024-11-15T06:06:11.252+0000] {processor.py:208} INFO - Processing /home/airflow/.local/lib/python3.12/site-packages/airflow/example_dags/example_setup_teardown_taskflow.py took 0.268 seconds
[2024-11-15T06:06:46.313+0000] {processor.py:186} INFO - Started process (PID=3445) to work on /home/airflow/.local/lib/python3.12/site-packages/airflow/example_dags/example_setup_teardown_taskflow.py
[2024-11-15T06:06:46.316+0000] {processor.py:914} INFO - Processing file /home/airflow/.local/lib/python3.12/site-packages/airflow/example_dags/example_setup_teardown_taskflow.py for tasks to queue
[2024-11-15T06:06:46.322+0000] {logging_mixin.py:190} INFO - [2024-11-15T06:06:46.321+0000] {dagbag.py:588} INFO - Filling up the DagBag from /home/airflow/.local/lib/python3.12/site-packages/airflow/example_dags/example_setup_teardown_taskflow.py
[2024-11-15T06:06:46.345+0000] {processor.py:925} INFO - DAG(s) 'example_setup_teardown_taskflow' retrieved from /home/airflow/.local/lib/python3.12/site-packages/airflow/example_dags/example_setup_teardown_taskflow.py
[2024-11-15T06:06:46.389+0000] {logging_mixin.py:190} INFO - [2024-11-15T06:06:46.389+0000] {dag.py:3239} INFO - Sync 1 DAGs
[2024-11-15T06:06:46.419+0000] {logging_mixin.py:190} INFO - [2024-11-15T06:06:46.418+0000] {dag.py:4180} INFO - Setting next_dagrun for example_setup_teardown_taskflow to None, run_after=None
[2024-11-15T06:06:46.467+0000] {processor.py:208} INFO - Processing /home/airflow/.local/lib/python3.12/site-packages/airflow/example_dags/example_setup_teardown_taskflow.py took 0.174 seconds
[2024-11-15T06:07:23.368+0000] {processor.py:186} INFO - Started process (PID=3512) to work on /home/airflow/.local/lib/python3.12/site-packages/airflow/example_dags/example_setup_teardown_taskflow.py
[2024-11-15T06:07:23.373+0000] {processor.py:914} INFO - Processing file /home/airflow/.local/lib/python3.12/site-packages/airflow/example_dags/example_setup_teardown_taskflow.py for tasks to queue
[2024-11-15T06:07:23.381+0000] {logging_mixin.py:190} INFO - [2024-11-15T06:07:23.380+0000] {dagbag.py:588} INFO - Filling up the DagBag from /home/airflow/.local/lib/python3.12/site-packages/airflow/example_dags/example_setup_teardown_taskflow.py
[2024-11-15T06:07:23.912+0000] {processor.py:925} INFO - DAG(s) 'example_setup_teardown_taskflow' retrieved from /home/airflow/.local/lib/python3.12/site-packages/airflow/example_dags/example_setup_teardown_taskflow.py
[2024-11-15T06:07:23.956+0000] {logging_mixin.py:190} INFO - [2024-11-15T06:07:23.955+0000] {dag.py:3239} INFO - Sync 1 DAGs
[2024-11-15T06:07:23.986+0000] {logging_mixin.py:190} INFO - [2024-11-15T06:07:23.985+0000] {dag.py:4180} INFO - Setting next_dagrun for example_setup_teardown_taskflow to None, run_after=None
[2024-11-15T06:07:24.030+0000] {processor.py:208} INFO - Processing /home/airflow/.local/lib/python3.12/site-packages/airflow/example_dags/example_setup_teardown_taskflow.py took 0.681 seconds
[2024-11-15T06:07:55.088+0000] {processor.py:186} INFO - Started process (PID=3583) to work on /home/airflow/.local/lib/python3.12/site-packages/airflow/example_dags/example_setup_teardown_taskflow.py
[2024-11-15T06:07:55.094+0000] {processor.py:914} INFO - Processing file /home/airflow/.local/lib/python3.12/site-packages/airflow/example_dags/example_setup_teardown_taskflow.py for tasks to queue
[2024-11-15T06:07:55.103+0000] {logging_mixin.py:190} INFO - [2024-11-15T06:07:55.102+0000] {dagbag.py:588} INFO - Filling up the DagBag from /home/airflow/.local/lib/python3.12/site-packages/airflow/example_dags/example_setup_teardown_taskflow.py
[2024-11-15T06:07:55.150+0000] {processor.py:925} INFO - DAG(s) 'example_setup_teardown_taskflow' retrieved from /home/airflow/.local/lib/python3.12/site-packages/airflow/example_dags/example_setup_teardown_taskflow.py
[2024-11-15T06:07:55.239+0000] {logging_mixin.py:190} INFO - [2024-11-15T06:07:55.238+0000] {dag.py:3239} INFO - Sync 1 DAGs
[2024-11-15T06:07:55.298+0000] {logging_mixin.py:190} INFO - [2024-11-15T06:07:55.297+0000] {dag.py:4180} INFO - Setting next_dagrun for example_setup_teardown_taskflow to None, run_after=None
[2024-11-15T06:07:55.383+0000] {processor.py:208} INFO - Processing /home/airflow/.local/lib/python3.12/site-packages/airflow/example_dags/example_setup_teardown_taskflow.py took 0.318 seconds
[2024-11-15T06:08:26.333+0000] {processor.py:186} INFO - Started process (PID=3648) to work on /home/airflow/.local/lib/python3.12/site-packages/airflow/example_dags/example_setup_teardown_taskflow.py
[2024-11-15T06:08:26.336+0000] {processor.py:914} INFO - Processing file /home/airflow/.local/lib/python3.12/site-packages/airflow/example_dags/example_setup_teardown_taskflow.py for tasks to queue
[2024-11-15T06:08:26.342+0000] {logging_mixin.py:190} INFO - [2024-11-15T06:08:26.341+0000] {dagbag.py:588} INFO - Filling up the DagBag from /home/airflow/.local/lib/python3.12/site-packages/airflow/example_dags/example_setup_teardown_taskflow.py
[2024-11-15T06:08:26.368+0000] {processor.py:925} INFO - DAG(s) 'example_setup_teardown_taskflow' retrieved from /home/airflow/.local/lib/python3.12/site-packages/airflow/example_dags/example_setup_teardown_taskflow.py
[2024-11-15T06:08:26.416+0000] {logging_mixin.py:190} INFO - [2024-11-15T06:08:26.416+0000] {dag.py:3239} INFO - Sync 1 DAGs
[2024-11-15T06:08:26.449+0000] {logging_mixin.py:190} INFO - [2024-11-15T06:08:26.449+0000] {dag.py:4180} INFO - Setting next_dagrun for example_setup_teardown_taskflow to None, run_after=None
[2024-11-15T06:08:26.491+0000] {processor.py:208} INFO - Processing /home/airflow/.local/lib/python3.12/site-packages/airflow/example_dags/example_setup_teardown_taskflow.py took 0.173 seconds
[2024-11-15T06:08:56.723+0000] {processor.py:186} INFO - Started process (PID=3713) to work on /home/airflow/.local/lib/python3.12/site-packages/airflow/example_dags/example_setup_teardown_taskflow.py
[2024-11-15T06:08:56.726+0000] {processor.py:914} INFO - Processing file /home/airflow/.local/lib/python3.12/site-packages/airflow/example_dags/example_setup_teardown_taskflow.py for tasks to queue
[2024-11-15T06:08:56.732+0000] {logging_mixin.py:190} INFO - [2024-11-15T06:08:56.731+0000] {dagbag.py:588} INFO - Filling up the DagBag from /home/airflow/.local/lib/python3.12/site-packages/airflow/example_dags/example_setup_teardown_taskflow.py
[2024-11-15T06:08:56.761+0000] {processor.py:925} INFO - DAG(s) 'example_setup_teardown_taskflow' retrieved from /home/airflow/.local/lib/python3.12/site-packages/airflow/example_dags/example_setup_teardown_taskflow.py
[2024-11-15T06:08:56.833+0000] {logging_mixin.py:190} INFO - [2024-11-15T06:08:56.832+0000] {dag.py:3239} INFO - Sync 1 DAGs
[2024-11-15T06:08:56.882+0000] {logging_mixin.py:190} INFO - [2024-11-15T06:08:56.881+0000] {dag.py:4180} INFO - Setting next_dagrun for example_setup_teardown_taskflow to None, run_after=None
[2024-11-15T06:08:56.931+0000] {processor.py:208} INFO - Processing /home/airflow/.local/lib/python3.12/site-packages/airflow/example_dags/example_setup_teardown_taskflow.py took 0.226 seconds
[2024-11-15T06:09:27.678+0000] {processor.py:186} INFO - Started process (PID=3778) to work on /home/airflow/.local/lib/python3.12/site-packages/airflow/example_dags/example_setup_teardown_taskflow.py
[2024-11-15T06:09:27.682+0000] {processor.py:914} INFO - Processing file /home/airflow/.local/lib/python3.12/site-packages/airflow/example_dags/example_setup_teardown_taskflow.py for tasks to queue
[2024-11-15T06:09:27.688+0000] {logging_mixin.py:190} INFO - [2024-11-15T06:09:27.688+0000] {dagbag.py:588} INFO - Filling up the DagBag from /home/airflow/.local/lib/python3.12/site-packages/airflow/example_dags/example_setup_teardown_taskflow.py
[2024-11-15T06:09:27.734+0000] {processor.py:925} INFO - DAG(s) 'example_setup_teardown_taskflow' retrieved from /home/airflow/.local/lib/python3.12/site-packages/airflow/example_dags/example_setup_teardown_taskflow.py
[2024-11-15T06:09:27.842+0000] {logging_mixin.py:190} INFO - [2024-11-15T06:09:27.842+0000] {dag.py:3239} INFO - Sync 1 DAGs
[2024-11-15T06:09:27.905+0000] {logging_mixin.py:190} INFO - [2024-11-15T06:09:27.904+0000] {dag.py:4180} INFO - Setting next_dagrun for example_setup_teardown_taskflow to None, run_after=None
[2024-11-15T06:09:27.957+0000] {processor.py:208} INFO - Processing /home/airflow/.local/lib/python3.12/site-packages/airflow/example_dags/example_setup_teardown_taskflow.py took 0.294 seconds
[2024-11-15T06:09:58.291+0000] {processor.py:186} INFO - Started process (PID=3842) to work on /home/airflow/.local/lib/python3.12/site-packages/airflow/example_dags/example_setup_teardown_taskflow.py
[2024-11-15T06:09:58.295+0000] {processor.py:914} INFO - Processing file /home/airflow/.local/lib/python3.12/site-packages/airflow/example_dags/example_setup_teardown_taskflow.py for tasks to queue
[2024-11-15T06:09:58.302+0000] {logging_mixin.py:190} INFO - [2024-11-15T06:09:58.301+0000] {dagbag.py:588} INFO - Filling up the DagBag from /home/airflow/.local/lib/python3.12/site-packages/airflow/example_dags/example_setup_teardown_taskflow.py
[2024-11-15T06:09:58.331+0000] {processor.py:925} INFO - DAG(s) 'example_setup_teardown_taskflow' retrieved from /home/airflow/.local/lib/python3.12/site-packages/airflow/example_dags/example_setup_teardown_taskflow.py
[2024-11-15T06:09:58.377+0000] {logging_mixin.py:190} INFO - [2024-11-15T06:09:58.376+0000] {dag.py:3239} INFO - Sync 1 DAGs
[2024-11-15T06:09:58.411+0000] {logging_mixin.py:190} INFO - [2024-11-15T06:09:58.410+0000] {dag.py:4180} INFO - Setting next_dagrun for example_setup_teardown_taskflow to None, run_after=None
[2024-11-15T06:09:58.457+0000] {processor.py:208} INFO - Processing /home/airflow/.local/lib/python3.12/site-packages/airflow/example_dags/example_setup_teardown_taskflow.py took 0.182 seconds
[2024-11-15T06:10:28.603+0000] {processor.py:186} INFO - Started process (PID=3907) to work on /home/airflow/.local/lib/python3.12/site-packages/airflow/example_dags/example_setup_teardown_taskflow.py
[2024-11-15T06:10:28.606+0000] {processor.py:914} INFO - Processing file /home/airflow/.local/lib/python3.12/site-packages/airflow/example_dags/example_setup_teardown_taskflow.py for tasks to queue
[2024-11-15T06:10:28.611+0000] {logging_mixin.py:190} INFO - [2024-11-15T06:10:28.610+0000] {dagbag.py:588} INFO - Filling up the DagBag from /home/airflow/.local/lib/python3.12/site-packages/airflow/example_dags/example_setup_teardown_taskflow.py
[2024-11-15T06:10:28.635+0000] {processor.py:925} INFO - DAG(s) 'example_setup_teardown_taskflow' retrieved from /home/airflow/.local/lib/python3.12/site-packages/airflow/example_dags/example_setup_teardown_taskflow.py
[2024-11-15T06:10:28.684+0000] {logging_mixin.py:190} INFO - [2024-11-15T06:10:28.683+0000] {dag.py:3239} INFO - Sync 1 DAGs
[2024-11-15T06:10:28.719+0000] {logging_mixin.py:190} INFO - [2024-11-15T06:10:28.719+0000] {dag.py:4180} INFO - Setting next_dagrun for example_setup_teardown_taskflow to None, run_after=None
[2024-11-15T06:10:28.761+0000] {processor.py:208} INFO - Processing /home/airflow/.local/lib/python3.12/site-packages/airflow/example_dags/example_setup_teardown_taskflow.py took 0.172 seconds
[2024-11-15T06:10:59.426+0000] {processor.py:186} INFO - Started process (PID=3972) to work on /home/airflow/.local/lib/python3.12/site-packages/airflow/example_dags/example_setup_teardown_taskflow.py
[2024-11-15T06:10:59.430+0000] {processor.py:914} INFO - Processing file /home/airflow/.local/lib/python3.12/site-packages/airflow/example_dags/example_setup_teardown_taskflow.py for tasks to queue
[2024-11-15T06:10:59.435+0000] {logging_mixin.py:190} INFO - [2024-11-15T06:10:59.434+0000] {dagbag.py:588} INFO - Filling up the DagBag from /home/airflow/.local/lib/python3.12/site-packages/airflow/example_dags/example_setup_teardown_taskflow.py
[2024-11-15T06:10:59.468+0000] {processor.py:925} INFO - DAG(s) 'example_setup_teardown_taskflow' retrieved from /home/airflow/.local/lib/python3.12/site-packages/airflow/example_dags/example_setup_teardown_taskflow.py
[2024-11-15T06:10:59.516+0000] {logging_mixin.py:190} INFO - [2024-11-15T06:10:59.516+0000] {dag.py:3239} INFO - Sync 1 DAGs
[2024-11-15T06:10:59.556+0000] {logging_mixin.py:190} INFO - [2024-11-15T06:10:59.556+0000] {dag.py:4180} INFO - Setting next_dagrun for example_setup_teardown_taskflow to None, run_after=None
[2024-11-15T06:10:59.596+0000] {processor.py:208} INFO - Processing /home/airflow/.local/lib/python3.12/site-packages/airflow/example_dags/example_setup_teardown_taskflow.py took 0.184 seconds
[2024-11-15T06:11:30.101+0000] {processor.py:186} INFO - Started process (PID=4037) to work on /home/airflow/.local/lib/python3.12/site-packages/airflow/example_dags/example_setup_teardown_taskflow.py
[2024-11-15T06:11:30.108+0000] {processor.py:914} INFO - Processing file /home/airflow/.local/lib/python3.12/site-packages/airflow/example_dags/example_setup_teardown_taskflow.py for tasks to queue
[2024-11-15T06:11:30.120+0000] {logging_mixin.py:190} INFO - [2024-11-15T06:11:30.118+0000] {dagbag.py:588} INFO - Filling up the DagBag from /home/airflow/.local/lib/python3.12/site-packages/airflow/example_dags/example_setup_teardown_taskflow.py
[2024-11-15T06:11:30.194+0000] {processor.py:925} INFO - DAG(s) 'example_setup_teardown_taskflow' retrieved from /home/airflow/.local/lib/python3.12/site-packages/airflow/example_dags/example_setup_teardown_taskflow.py
[2024-11-15T06:11:30.305+0000] {logging_mixin.py:190} INFO - [2024-11-15T06:11:30.305+0000] {dag.py:3239} INFO - Sync 1 DAGs
[2024-11-15T06:11:30.339+0000] {logging_mixin.py:190} INFO - [2024-11-15T06:11:30.339+0000] {dag.py:4180} INFO - Setting next_dagrun for example_setup_teardown_taskflow to None, run_after=None
[2024-11-15T06:11:30.385+0000] {processor.py:208} INFO - Processing /home/airflow/.local/lib/python3.12/site-packages/airflow/example_dags/example_setup_teardown_taskflow.py took 0.311 seconds
[2024-11-15T06:12:00.844+0000] {processor.py:186} INFO - Started process (PID=4102) to work on /home/airflow/.local/lib/python3.12/site-packages/airflow/example_dags/example_setup_teardown_taskflow.py
[2024-11-15T06:12:00.848+0000] {processor.py:914} INFO - Processing file /home/airflow/.local/lib/python3.12/site-packages/airflow/example_dags/example_setup_teardown_taskflow.py for tasks to queue
[2024-11-15T06:12:00.855+0000] {logging_mixin.py:190} INFO - [2024-11-15T06:12:00.854+0000] {dagbag.py:588} INFO - Filling up the DagBag from /home/airflow/.local/lib/python3.12/site-packages/airflow/example_dags/example_setup_teardown_taskflow.py
[2024-11-15T06:12:00.878+0000] {processor.py:925} INFO - DAG(s) 'example_setup_teardown_taskflow' retrieved from /home/airflow/.local/lib/python3.12/site-packages/airflow/example_dags/example_setup_teardown_taskflow.py
[2024-11-15T06:12:00.932+0000] {logging_mixin.py:190} INFO - [2024-11-15T06:12:00.932+0000] {dag.py:3239} INFO - Sync 1 DAGs
[2024-11-15T06:12:00.967+0000] {logging_mixin.py:190} INFO - [2024-11-15T06:12:00.967+0000] {dag.py:4180} INFO - Setting next_dagrun for example_setup_teardown_taskflow to None, run_after=None
[2024-11-15T06:12:01.007+0000] {processor.py:208} INFO - Processing /home/airflow/.local/lib/python3.12/site-packages/airflow/example_dags/example_setup_teardown_taskflow.py took 0.180 seconds
[2024-11-15T06:12:31.330+0000] {processor.py:186} INFO - Started process (PID=4167) to work on /home/airflow/.local/lib/python3.12/site-packages/airflow/example_dags/example_setup_teardown_taskflow.py
[2024-11-15T06:12:31.333+0000] {processor.py:914} INFO - Processing file /home/airflow/.local/lib/python3.12/site-packages/airflow/example_dags/example_setup_teardown_taskflow.py for tasks to queue
[2024-11-15T06:12:31.339+0000] {logging_mixin.py:190} INFO - [2024-11-15T06:12:31.338+0000] {dagbag.py:588} INFO - Filling up the DagBag from /home/airflow/.local/lib/python3.12/site-packages/airflow/example_dags/example_setup_teardown_taskflow.py
[2024-11-15T06:12:31.367+0000] {processor.py:925} INFO - DAG(s) 'example_setup_teardown_taskflow' retrieved from /home/airflow/.local/lib/python3.12/site-packages/airflow/example_dags/example_setup_teardown_taskflow.py
[2024-11-15T06:12:31.416+0000] {logging_mixin.py:190} INFO - [2024-11-15T06:12:31.416+0000] {dag.py:3239} INFO - Sync 1 DAGs
[2024-11-15T06:12:31.449+0000] {logging_mixin.py:190} INFO - [2024-11-15T06:12:31.448+0000] {dag.py:4180} INFO - Setting next_dagrun for example_setup_teardown_taskflow to None, run_after=None
[2024-11-15T06:12:31.491+0000] {processor.py:208} INFO - Processing /home/airflow/.local/lib/python3.12/site-packages/airflow/example_dags/example_setup_teardown_taskflow.py took 0.178 seconds
[2024-11-15T06:13:03.794+0000] {processor.py:186} INFO - Started process (PID=4233) to work on /home/airflow/.local/lib/python3.12/site-packages/airflow/example_dags/example_setup_teardown_taskflow.py
[2024-11-15T06:13:03.802+0000] {processor.py:914} INFO - Processing file /home/airflow/.local/lib/python3.12/site-packages/airflow/example_dags/example_setup_teardown_taskflow.py for tasks to queue
[2024-11-15T06:13:03.817+0000] {logging_mixin.py:190} INFO - [2024-11-15T06:13:03.816+0000] {dagbag.py:588} INFO - Filling up the DagBag from /home/airflow/.local/lib/python3.12/site-packages/airflow/example_dags/example_setup_teardown_taskflow.py
[2024-11-15T06:13:03.861+0000] {processor.py:925} INFO - DAG(s) 'example_setup_teardown_taskflow' retrieved from /home/airflow/.local/lib/python3.12/site-packages/airflow/example_dags/example_setup_teardown_taskflow.py
[2024-11-15T06:13:03.910+0000] {logging_mixin.py:190} INFO - [2024-11-15T06:13:03.909+0000] {dag.py:3239} INFO - Sync 1 DAGs
[2024-11-15T06:13:03.939+0000] {logging_mixin.py:190} INFO - [2024-11-15T06:13:03.939+0000] {dag.py:4180} INFO - Setting next_dagrun for example_setup_teardown_taskflow to None, run_after=None
[2024-11-15T06:13:03.979+0000] {processor.py:208} INFO - Processing /home/airflow/.local/lib/python3.12/site-packages/airflow/example_dags/example_setup_teardown_taskflow.py took 0.227 seconds
[2024-11-15T06:13:36.936+0000] {processor.py:186} INFO - Started process (PID=4299) to work on /home/airflow/.local/lib/python3.12/site-packages/airflow/example_dags/example_setup_teardown_taskflow.py
[2024-11-15T06:13:36.939+0000] {processor.py:914} INFO - Processing file /home/airflow/.local/lib/python3.12/site-packages/airflow/example_dags/example_setup_teardown_taskflow.py for tasks to queue
[2024-11-15T06:13:36.944+0000] {logging_mixin.py:190} INFO - [2024-11-15T06:13:36.943+0000] {dagbag.py:588} INFO - Filling up the DagBag from /home/airflow/.local/lib/python3.12/site-packages/airflow/example_dags/example_setup_teardown_taskflow.py
[2024-11-15T06:13:36.965+0000] {processor.py:925} INFO - DAG(s) 'example_setup_teardown_taskflow' retrieved from /home/airflow/.local/lib/python3.12/site-packages/airflow/example_dags/example_setup_teardown_taskflow.py
[2024-11-15T06:13:37.009+0000] {logging_mixin.py:190} INFO - [2024-11-15T06:13:37.009+0000] {dag.py:3239} INFO - Sync 1 DAGs
[2024-11-15T06:13:37.041+0000] {logging_mixin.py:190} INFO - [2024-11-15T06:13:37.041+0000] {dag.py:4180} INFO - Setting next_dagrun for example_setup_teardown_taskflow to None, run_after=None
[2024-11-15T06:13:37.088+0000] {processor.py:208} INFO - Processing /home/airflow/.local/lib/python3.12/site-packages/airflow/example_dags/example_setup_teardown_taskflow.py took 0.163 seconds
