[2024-11-15T05:39:10.146+0000] {processor.py:186} INFO - Started process (PID=151) to work on /home/airflow/.local/lib/python3.12/site-packages/airflow/example_dags/example_branch_python_dop_operator_3.py
[2024-11-15T05:39:10.152+0000] {processor.py:914} INFO - Processing file /home/airflow/.local/lib/python3.12/site-packages/airflow/example_dags/example_branch_python_dop_operator_3.py for tasks to queue
[2024-11-15T05:39:10.172+0000] {logging_mixin.py:190} INFO - [2024-11-15T05:39:10.171+0000] {dagbag.py:588} INFO - Filling up the DagBag from /home/airflow/.local/lib/python3.12/site-packages/airflow/example_dags/example_branch_python_dop_operator_3.py
[2024-11-15T05:39:10.233+0000] {processor.py:925} INFO - DAG(s) 'example_branch_dop_operator_v3' retrieved from /home/airflow/.local/lib/python3.12/site-packages/airflow/example_dags/example_branch_python_dop_operator_3.py
[2024-11-15T05:39:10.339+0000] {logging_mixin.py:190} INFO - [2024-11-15T05:39:10.330+0000] {dag.py:3239} INFO - Sync 1 DAGs
[2024-11-15T05:39:10.471+0000] {logging_mixin.py:190} INFO - [2024-11-15T05:39:10.470+0000] {dag.py:4180} INFO - Setting next_dagrun for example_branch_dop_operator_v3 to 2024-11-15 05:38:00+00:00, run_after=2024-11-15 05:39:00+00:00
[2024-11-15T05:39:10.593+0000] {processor.py:208} INFO - Processing /home/airflow/.local/lib/python3.12/site-packages/airflow/example_dags/example_branch_python_dop_operator_3.py took 0.483 seconds
[2024-11-15T05:39:45.374+0000] {processor.py:186} INFO - Started process (PID=216) to work on /home/airflow/.local/lib/python3.12/site-packages/airflow/example_dags/example_branch_python_dop_operator_3.py
[2024-11-15T05:39:45.378+0000] {processor.py:914} INFO - Processing file /home/airflow/.local/lib/python3.12/site-packages/airflow/example_dags/example_branch_python_dop_operator_3.py for tasks to queue
[2024-11-15T05:39:45.409+0000] {logging_mixin.py:190} INFO - [2024-11-15T05:39:45.404+0000] {dagbag.py:588} INFO - Filling up the DagBag from /home/airflow/.local/lib/python3.12/site-packages/airflow/example_dags/example_branch_python_dop_operator_3.py
[2024-11-15T05:39:45.470+0000] {processor.py:925} INFO - DAG(s) 'example_branch_dop_operator_v3' retrieved from /home/airflow/.local/lib/python3.12/site-packages/airflow/example_dags/example_branch_python_dop_operator_3.py
[2024-11-15T05:39:45.596+0000] {logging_mixin.py:190} INFO - [2024-11-15T05:39:45.596+0000] {dag.py:3239} INFO - Sync 1 DAGs
[2024-11-15T05:39:45.767+0000] {logging_mixin.py:190} INFO - [2024-11-15T05:39:45.766+0000] {dag.py:4180} INFO - Setting next_dagrun for example_branch_dop_operator_v3 to 2024-11-15 05:38:00+00:00, run_after=2024-11-15 05:39:00+00:00
[2024-11-15T05:39:45.842+0000] {processor.py:208} INFO - Processing /home/airflow/.local/lib/python3.12/site-packages/airflow/example_dags/example_branch_python_dop_operator_3.py took 0.507 seconds
[2024-11-15T05:40:16.524+0000] {processor.py:186} INFO - Started process (PID=281) to work on /home/airflow/.local/lib/python3.12/site-packages/airflow/example_dags/example_branch_python_dop_operator_3.py
[2024-11-15T05:40:16.528+0000] {processor.py:914} INFO - Processing file /home/airflow/.local/lib/python3.12/site-packages/airflow/example_dags/example_branch_python_dop_operator_3.py for tasks to queue
[2024-11-15T05:40:16.536+0000] {logging_mixin.py:190} INFO - [2024-11-15T05:40:16.535+0000] {dagbag.py:588} INFO - Filling up the DagBag from /home/airflow/.local/lib/python3.12/site-packages/airflow/example_dags/example_branch_python_dop_operator_3.py
[2024-11-15T05:40:16.563+0000] {processor.py:925} INFO - DAG(s) 'example_branch_dop_operator_v3' retrieved from /home/airflow/.local/lib/python3.12/site-packages/airflow/example_dags/example_branch_python_dop_operator_3.py
[2024-11-15T05:40:16.624+0000] {logging_mixin.py:190} INFO - [2024-11-15T05:40:16.624+0000] {dag.py:3239} INFO - Sync 1 DAGs
[2024-11-15T05:40:16.750+0000] {logging_mixin.py:190} INFO - [2024-11-15T05:40:16.749+0000] {dag.py:4180} INFO - Setting next_dagrun for example_branch_dop_operator_v3 to 2024-11-15 05:39:00+00:00, run_after=2024-11-15 05:40:00+00:00
[2024-11-15T05:40:16.882+0000] {processor.py:208} INFO - Processing /home/airflow/.local/lib/python3.12/site-packages/airflow/example_dags/example_branch_python_dop_operator_3.py took 0.374 seconds
[2024-11-15T05:40:52.822+0000] {processor.py:186} INFO - Started process (PID=345) to work on /home/airflow/.local/lib/python3.12/site-packages/airflow/example_dags/example_branch_python_dop_operator_3.py
[2024-11-15T05:40:52.841+0000] {processor.py:914} INFO - Processing file /home/airflow/.local/lib/python3.12/site-packages/airflow/example_dags/example_branch_python_dop_operator_3.py for tasks to queue
[2024-11-15T05:40:52.851+0000] {logging_mixin.py:190} INFO - [2024-11-15T05:40:52.850+0000] {dagbag.py:588} INFO - Filling up the DagBag from /home/airflow/.local/lib/python3.12/site-packages/airflow/example_dags/example_branch_python_dop_operator_3.py
[2024-11-15T05:40:52.946+0000] {processor.py:925} INFO - DAG(s) 'example_branch_dop_operator_v3' retrieved from /home/airflow/.local/lib/python3.12/site-packages/airflow/example_dags/example_branch_python_dop_operator_3.py
[2024-11-15T05:40:53.050+0000] {logging_mixin.py:190} INFO - [2024-11-15T05:40:53.050+0000] {dag.py:3239} INFO - Sync 1 DAGs
[2024-11-15T05:40:53.268+0000] {logging_mixin.py:190} INFO - [2024-11-15T05:40:53.267+0000] {dag.py:4180} INFO - Setting next_dagrun for example_branch_dop_operator_v3 to 2024-11-15 05:39:00+00:00, run_after=2024-11-15 05:40:00+00:00
[2024-11-15T05:40:53.394+0000] {processor.py:208} INFO - Processing /home/airflow/.local/lib/python3.12/site-packages/airflow/example_dags/example_branch_python_dop_operator_3.py took 0.609 seconds
[2024-11-15T05:41:23.545+0000] {processor.py:186} INFO - Started process (PID=410) to work on /home/airflow/.local/lib/python3.12/site-packages/airflow/example_dags/example_branch_python_dop_operator_3.py
[2024-11-15T05:41:23.547+0000] {processor.py:914} INFO - Processing file /home/airflow/.local/lib/python3.12/site-packages/airflow/example_dags/example_branch_python_dop_operator_3.py for tasks to queue
[2024-11-15T05:41:23.552+0000] {logging_mixin.py:190} INFO - [2024-11-15T05:41:23.551+0000] {dagbag.py:588} INFO - Filling up the DagBag from /home/airflow/.local/lib/python3.12/site-packages/airflow/example_dags/example_branch_python_dop_operator_3.py
[2024-11-15T05:41:23.573+0000] {processor.py:925} INFO - DAG(s) 'example_branch_dop_operator_v3' retrieved from /home/airflow/.local/lib/python3.12/site-packages/airflow/example_dags/example_branch_python_dop_operator_3.py
[2024-11-15T05:41:23.614+0000] {logging_mixin.py:190} INFO - [2024-11-15T05:41:23.613+0000] {dag.py:3239} INFO - Sync 1 DAGs
[2024-11-15T05:41:23.681+0000] {logging_mixin.py:190} INFO - [2024-11-15T05:41:23.681+0000] {dag.py:4180} INFO - Setting next_dagrun for example_branch_dop_operator_v3 to 2024-11-15 05:40:00+00:00, run_after=2024-11-15 05:41:00+00:00
[2024-11-15T05:41:23.765+0000] {processor.py:208} INFO - Processing /home/airflow/.local/lib/python3.12/site-packages/airflow/example_dags/example_branch_python_dop_operator_3.py took 0.232 seconds
[2024-11-15T05:41:54.792+0000] {processor.py:186} INFO - Started process (PID=475) to work on /home/airflow/.local/lib/python3.12/site-packages/airflow/example_dags/example_branch_python_dop_operator_3.py
[2024-11-15T05:41:54.796+0000] {processor.py:914} INFO - Processing file /home/airflow/.local/lib/python3.12/site-packages/airflow/example_dags/example_branch_python_dop_operator_3.py for tasks to queue
[2024-11-15T05:41:54.803+0000] {logging_mixin.py:190} INFO - [2024-11-15T05:41:54.802+0000] {dagbag.py:588} INFO - Filling up the DagBag from /home/airflow/.local/lib/python3.12/site-packages/airflow/example_dags/example_branch_python_dop_operator_3.py
[2024-11-15T05:41:54.833+0000] {processor.py:925} INFO - DAG(s) 'example_branch_dop_operator_v3' retrieved from /home/airflow/.local/lib/python3.12/site-packages/airflow/example_dags/example_branch_python_dop_operator_3.py
[2024-11-15T05:41:54.885+0000] {logging_mixin.py:190} INFO - [2024-11-15T05:41:54.884+0000] {dag.py:3239} INFO - Sync 1 DAGs
[2024-11-15T05:41:54.960+0000] {logging_mixin.py:190} INFO - [2024-11-15T05:41:54.960+0000] {dag.py:4180} INFO - Setting next_dagrun for example_branch_dop_operator_v3 to 2024-11-15 05:40:00+00:00, run_after=2024-11-15 05:41:00+00:00
[2024-11-15T05:41:55.003+0000] {processor.py:208} INFO - Processing /home/airflow/.local/lib/python3.12/site-packages/airflow/example_dags/example_branch_python_dop_operator_3.py took 0.224 seconds
[2024-11-15T05:42:25.508+0000] {processor.py:186} INFO - Started process (PID=539) to work on /home/airflow/.local/lib/python3.12/site-packages/airflow/example_dags/example_branch_python_dop_operator_3.py
[2024-11-15T05:42:25.511+0000] {processor.py:914} INFO - Processing file /home/airflow/.local/lib/python3.12/site-packages/airflow/example_dags/example_branch_python_dop_operator_3.py for tasks to queue
[2024-11-15T05:42:25.516+0000] {logging_mixin.py:190} INFO - [2024-11-15T05:42:25.515+0000] {dagbag.py:588} INFO - Filling up the DagBag from /home/airflow/.local/lib/python3.12/site-packages/airflow/example_dags/example_branch_python_dop_operator_3.py
[2024-11-15T05:42:25.538+0000] {processor.py:925} INFO - DAG(s) 'example_branch_dop_operator_v3' retrieved from /home/airflow/.local/lib/python3.12/site-packages/airflow/example_dags/example_branch_python_dop_operator_3.py
[2024-11-15T05:42:25.583+0000] {logging_mixin.py:190} INFO - [2024-11-15T05:42:25.582+0000] {dag.py:3239} INFO - Sync 1 DAGs
[2024-11-15T05:42:25.661+0000] {logging_mixin.py:190} INFO - [2024-11-15T05:42:25.661+0000] {dag.py:4180} INFO - Setting next_dagrun for example_branch_dop_operator_v3 to 2024-11-15 05:41:00+00:00, run_after=2024-11-15 05:42:00+00:00
[2024-11-15T05:42:25.709+0000] {processor.py:208} INFO - Processing /home/airflow/.local/lib/python3.12/site-packages/airflow/example_dags/example_branch_python_dop_operator_3.py took 0.216 seconds
[2024-11-15T05:42:56.303+0000] {processor.py:186} INFO - Started process (PID=609) to work on /home/airflow/.local/lib/python3.12/site-packages/airflow/example_dags/example_branch_python_dop_operator_3.py
[2024-11-15T05:42:56.323+0000] {processor.py:914} INFO - Processing file /home/airflow/.local/lib/python3.12/site-packages/airflow/example_dags/example_branch_python_dop_operator_3.py for tasks to queue
[2024-11-15T05:42:56.341+0000] {logging_mixin.py:190} INFO - [2024-11-15T05:42:56.340+0000] {dagbag.py:588} INFO - Filling up the DagBag from /home/airflow/.local/lib/python3.12/site-packages/airflow/example_dags/example_branch_python_dop_operator_3.py
[2024-11-15T05:42:56.379+0000] {processor.py:925} INFO - DAG(s) 'example_branch_dop_operator_v3' retrieved from /home/airflow/.local/lib/python3.12/site-packages/airflow/example_dags/example_branch_python_dop_operator_3.py
[2024-11-15T05:42:56.422+0000] {logging_mixin.py:190} INFO - [2024-11-15T05:42:56.422+0000] {dag.py:3239} INFO - Sync 1 DAGs
[2024-11-15T05:42:56.472+0000] {logging_mixin.py:190} INFO - [2024-11-15T05:42:56.472+0000] {dag.py:4180} INFO - Setting next_dagrun for example_branch_dop_operator_v3 to 2024-11-15 05:41:00+00:00, run_after=2024-11-15 05:42:00+00:00
[2024-11-15T05:42:56.507+0000] {processor.py:208} INFO - Processing /home/airflow/.local/lib/python3.12/site-packages/airflow/example_dags/example_branch_python_dop_operator_3.py took 0.232 seconds
[2024-11-15T05:43:26.630+0000] {processor.py:186} INFO - Started process (PID=674) to work on /home/airflow/.local/lib/python3.12/site-packages/airflow/example_dags/example_branch_python_dop_operator_3.py
[2024-11-15T05:43:26.633+0000] {processor.py:914} INFO - Processing file /home/airflow/.local/lib/python3.12/site-packages/airflow/example_dags/example_branch_python_dop_operator_3.py for tasks to queue
[2024-11-15T05:43:26.638+0000] {logging_mixin.py:190} INFO - [2024-11-15T05:43:26.637+0000] {dagbag.py:588} INFO - Filling up the DagBag from /home/airflow/.local/lib/python3.12/site-packages/airflow/example_dags/example_branch_python_dop_operator_3.py
[2024-11-15T05:43:26.661+0000] {processor.py:925} INFO - DAG(s) 'example_branch_dop_operator_v3' retrieved from /home/airflow/.local/lib/python3.12/site-packages/airflow/example_dags/example_branch_python_dop_operator_3.py
[2024-11-15T05:43:26.704+0000] {logging_mixin.py:190} INFO - [2024-11-15T05:43:26.703+0000] {dag.py:3239} INFO - Sync 1 DAGs
[2024-11-15T05:43:26.765+0000] {logging_mixin.py:190} INFO - [2024-11-15T05:43:26.765+0000] {dag.py:4180} INFO - Setting next_dagrun for example_branch_dop_operator_v3 to 2024-11-15 05:42:00+00:00, run_after=2024-11-15 05:43:00+00:00
[2024-11-15T05:43:26.812+0000] {processor.py:208} INFO - Processing /home/airflow/.local/lib/python3.12/site-packages/airflow/example_dags/example_branch_python_dop_operator_3.py took 0.197 seconds
[2024-11-15T05:43:57.782+0000] {processor.py:186} INFO - Started process (PID=740) to work on /home/airflow/.local/lib/python3.12/site-packages/airflow/example_dags/example_branch_python_dop_operator_3.py
[2024-11-15T05:43:57.785+0000] {processor.py:914} INFO - Processing file /home/airflow/.local/lib/python3.12/site-packages/airflow/example_dags/example_branch_python_dop_operator_3.py for tasks to queue
[2024-11-15T05:43:57.792+0000] {logging_mixin.py:190} INFO - [2024-11-15T05:43:57.792+0000] {dagbag.py:588} INFO - Filling up the DagBag from /home/airflow/.local/lib/python3.12/site-packages/airflow/example_dags/example_branch_python_dop_operator_3.py
[2024-11-15T05:43:57.862+0000] {processor.py:925} INFO - DAG(s) 'example_branch_dop_operator_v3' retrieved from /home/airflow/.local/lib/python3.12/site-packages/airflow/example_dags/example_branch_python_dop_operator_3.py
[2024-11-15T05:43:57.957+0000] {logging_mixin.py:190} INFO - [2024-11-15T05:43:57.956+0000] {dag.py:3239} INFO - Sync 1 DAGs
[2024-11-15T05:43:58.023+0000] {logging_mixin.py:190} INFO - [2024-11-15T05:43:58.023+0000] {dag.py:4180} INFO - Setting next_dagrun for example_branch_dop_operator_v3 to 2024-11-15 05:42:00+00:00, run_after=2024-11-15 05:43:00+00:00
[2024-11-15T05:43:58.069+0000] {processor.py:208} INFO - Processing /home/airflow/.local/lib/python3.12/site-packages/airflow/example_dags/example_branch_python_dop_operator_3.py took 0.327 seconds
[2024-11-15T05:44:28.555+0000] {processor.py:186} INFO - Started process (PID=805) to work on /home/airflow/.local/lib/python3.12/site-packages/airflow/example_dags/example_branch_python_dop_operator_3.py
[2024-11-15T05:44:28.561+0000] {processor.py:914} INFO - Processing file /home/airflow/.local/lib/python3.12/site-packages/airflow/example_dags/example_branch_python_dop_operator_3.py for tasks to queue
[2024-11-15T05:44:28.567+0000] {logging_mixin.py:190} INFO - [2024-11-15T05:44:28.566+0000] {dagbag.py:588} INFO - Filling up the DagBag from /home/airflow/.local/lib/python3.12/site-packages/airflow/example_dags/example_branch_python_dop_operator_3.py
[2024-11-15T05:44:28.592+0000] {processor.py:925} INFO - DAG(s) 'example_branch_dop_operator_v3' retrieved from /home/airflow/.local/lib/python3.12/site-packages/airflow/example_dags/example_branch_python_dop_operator_3.py
[2024-11-15T05:44:28.642+0000] {logging_mixin.py:190} INFO - [2024-11-15T05:44:28.641+0000] {dag.py:3239} INFO - Sync 1 DAGs
[2024-11-15T05:44:28.753+0000] {logging_mixin.py:190} INFO - [2024-11-15T05:44:28.753+0000] {dag.py:4180} INFO - Setting next_dagrun for example_branch_dop_operator_v3 to 2024-11-15 05:43:00+00:00, run_after=2024-11-15 05:44:00+00:00
[2024-11-15T05:44:28.820+0000] {processor.py:208} INFO - Processing /home/airflow/.local/lib/python3.12/site-packages/airflow/example_dags/example_branch_python_dop_operator_3.py took 0.280 seconds
[2024-11-15T05:44:59.470+0000] {processor.py:186} INFO - Started process (PID=870) to work on /home/airflow/.local/lib/python3.12/site-packages/airflow/example_dags/example_branch_python_dop_operator_3.py
[2024-11-15T05:44:59.483+0000] {processor.py:914} INFO - Processing file /home/airflow/.local/lib/python3.12/site-packages/airflow/example_dags/example_branch_python_dop_operator_3.py for tasks to queue
[2024-11-15T05:44:59.491+0000] {logging_mixin.py:190} INFO - [2024-11-15T05:44:59.490+0000] {dagbag.py:588} INFO - Filling up the DagBag from /home/airflow/.local/lib/python3.12/site-packages/airflow/example_dags/example_branch_python_dop_operator_3.py
[2024-11-15T05:44:59.546+0000] {processor.py:925} INFO - DAG(s) 'example_branch_dop_operator_v3' retrieved from /home/airflow/.local/lib/python3.12/site-packages/airflow/example_dags/example_branch_python_dop_operator_3.py
[2024-11-15T05:44:59.633+0000] {logging_mixin.py:190} INFO - [2024-11-15T05:44:59.632+0000] {dag.py:3239} INFO - Sync 1 DAGs
[2024-11-15T05:44:59.769+0000] {logging_mixin.py:190} INFO - [2024-11-15T05:44:59.764+0000] {dag.py:4180} INFO - Setting next_dagrun for example_branch_dop_operator_v3 to 2024-11-15 05:43:00+00:00, run_after=2024-11-15 05:44:00+00:00
[2024-11-15T05:44:59.841+0000] {processor.py:208} INFO - Processing /home/airflow/.local/lib/python3.12/site-packages/airflow/example_dags/example_branch_python_dop_operator_3.py took 0.400 seconds
[2024-11-15T05:45:30.763+0000] {processor.py:186} INFO - Started process (PID=935) to work on /home/airflow/.local/lib/python3.12/site-packages/airflow/example_dags/example_branch_python_dop_operator_3.py
[2024-11-15T05:45:30.766+0000] {processor.py:914} INFO - Processing file /home/airflow/.local/lib/python3.12/site-packages/airflow/example_dags/example_branch_python_dop_operator_3.py for tasks to queue
[2024-11-15T05:45:30.772+0000] {logging_mixin.py:190} INFO - [2024-11-15T05:45:30.771+0000] {dagbag.py:588} INFO - Filling up the DagBag from /home/airflow/.local/lib/python3.12/site-packages/airflow/example_dags/example_branch_python_dop_operator_3.py
[2024-11-15T05:45:30.802+0000] {processor.py:925} INFO - DAG(s) 'example_branch_dop_operator_v3' retrieved from /home/airflow/.local/lib/python3.12/site-packages/airflow/example_dags/example_branch_python_dop_operator_3.py
[2024-11-15T05:45:30.859+0000] {logging_mixin.py:190} INFO - [2024-11-15T05:45:30.858+0000] {dag.py:3239} INFO - Sync 1 DAGs
[2024-11-15T05:45:30.938+0000] {logging_mixin.py:190} INFO - [2024-11-15T05:45:30.936+0000] {dag.py:4180} INFO - Setting next_dagrun for example_branch_dop_operator_v3 to 2024-11-15 05:44:00+00:00, run_after=2024-11-15 05:45:00+00:00
[2024-11-15T05:45:30.981+0000] {processor.py:208} INFO - Processing /home/airflow/.local/lib/python3.12/site-packages/airflow/example_dags/example_branch_python_dop_operator_3.py took 0.236 seconds
[2024-11-15T05:46:01.725+0000] {processor.py:186} INFO - Started process (PID=1000) to work on /home/airflow/.local/lib/python3.12/site-packages/airflow/example_dags/example_branch_python_dop_operator_3.py
[2024-11-15T05:46:01.728+0000] {processor.py:914} INFO - Processing file /home/airflow/.local/lib/python3.12/site-packages/airflow/example_dags/example_branch_python_dop_operator_3.py for tasks to queue
[2024-11-15T05:46:01.733+0000] {logging_mixin.py:190} INFO - [2024-11-15T05:46:01.732+0000] {dagbag.py:588} INFO - Filling up the DagBag from /home/airflow/.local/lib/python3.12/site-packages/airflow/example_dags/example_branch_python_dop_operator_3.py
[2024-11-15T05:46:01.758+0000] {processor.py:925} INFO - DAG(s) 'example_branch_dop_operator_v3' retrieved from /home/airflow/.local/lib/python3.12/site-packages/airflow/example_dags/example_branch_python_dop_operator_3.py
[2024-11-15T05:46:01.803+0000] {logging_mixin.py:190} INFO - [2024-11-15T05:46:01.802+0000] {dag.py:3239} INFO - Sync 1 DAGs
[2024-11-15T05:46:01.870+0000] {logging_mixin.py:190} INFO - [2024-11-15T05:46:01.869+0000] {dag.py:4180} INFO - Setting next_dagrun for example_branch_dop_operator_v3 to 2024-11-15 05:45:00+00:00, run_after=2024-11-15 05:46:00+00:00
[2024-11-15T05:46:01.910+0000] {processor.py:208} INFO - Processing /home/airflow/.local/lib/python3.12/site-packages/airflow/example_dags/example_branch_python_dop_operator_3.py took 0.199 seconds
[2024-11-15T05:46:32.812+0000] {processor.py:186} INFO - Started process (PID=1064) to work on /home/airflow/.local/lib/python3.12/site-packages/airflow/example_dags/example_branch_python_dop_operator_3.py
[2024-11-15T05:46:32.815+0000] {processor.py:914} INFO - Processing file /home/airflow/.local/lib/python3.12/site-packages/airflow/example_dags/example_branch_python_dop_operator_3.py for tasks to queue
[2024-11-15T05:46:32.820+0000] {logging_mixin.py:190} INFO - [2024-11-15T05:46:32.819+0000] {dagbag.py:588} INFO - Filling up the DagBag from /home/airflow/.local/lib/python3.12/site-packages/airflow/example_dags/example_branch_python_dop_operator_3.py
[2024-11-15T05:46:32.847+0000] {processor.py:925} INFO - DAG(s) 'example_branch_dop_operator_v3' retrieved from /home/airflow/.local/lib/python3.12/site-packages/airflow/example_dags/example_branch_python_dop_operator_3.py
[2024-11-15T05:46:32.909+0000] {logging_mixin.py:190} INFO - [2024-11-15T05:46:32.909+0000] {dag.py:3239} INFO - Sync 1 DAGs
[2024-11-15T05:46:33.028+0000] {logging_mixin.py:190} INFO - [2024-11-15T05:46:33.028+0000] {dag.py:4180} INFO - Setting next_dagrun for example_branch_dop_operator_v3 to 2024-11-15 05:45:00+00:00, run_after=2024-11-15 05:46:00+00:00
[2024-11-15T05:46:33.105+0000] {processor.py:208} INFO - Processing /home/airflow/.local/lib/python3.12/site-packages/airflow/example_dags/example_branch_python_dop_operator_3.py took 0.305 seconds
[2024-11-15T05:47:03.325+0000] {processor.py:186} INFO - Started process (PID=1128) to work on /home/airflow/.local/lib/python3.12/site-packages/airflow/example_dags/example_branch_python_dop_operator_3.py
[2024-11-15T05:47:03.331+0000] {processor.py:914} INFO - Processing file /home/airflow/.local/lib/python3.12/site-packages/airflow/example_dags/example_branch_python_dop_operator_3.py for tasks to queue
[2024-11-15T05:47:03.339+0000] {logging_mixin.py:190} INFO - [2024-11-15T05:47:03.338+0000] {dagbag.py:588} INFO - Filling up the DagBag from /home/airflow/.local/lib/python3.12/site-packages/airflow/example_dags/example_branch_python_dop_operator_3.py
[2024-11-15T05:47:03.365+0000] {processor.py:925} INFO - DAG(s) 'example_branch_dop_operator_v3' retrieved from /home/airflow/.local/lib/python3.12/site-packages/airflow/example_dags/example_branch_python_dop_operator_3.py
[2024-11-15T05:47:03.412+0000] {logging_mixin.py:190} INFO - [2024-11-15T05:47:03.412+0000] {dag.py:3239} INFO - Sync 1 DAGs
[2024-11-15T05:47:03.474+0000] {logging_mixin.py:190} INFO - [2024-11-15T05:47:03.474+0000] {dag.py:4180} INFO - Setting next_dagrun for example_branch_dop_operator_v3 to 2024-11-15 05:46:00+00:00, run_after=2024-11-15 05:47:00+00:00
[2024-11-15T05:47:03.507+0000] {processor.py:208} INFO - Processing /home/airflow/.local/lib/python3.12/site-packages/airflow/example_dags/example_branch_python_dop_operator_3.py took 0.241 seconds
[2024-11-15T05:47:34.081+0000] {processor.py:186} INFO - Started process (PID=1193) to work on /home/airflow/.local/lib/python3.12/site-packages/airflow/example_dags/example_branch_python_dop_operator_3.py
[2024-11-15T05:47:34.087+0000] {processor.py:914} INFO - Processing file /home/airflow/.local/lib/python3.12/site-packages/airflow/example_dags/example_branch_python_dop_operator_3.py for tasks to queue
[2024-11-15T05:47:34.093+0000] {logging_mixin.py:190} INFO - [2024-11-15T05:47:34.093+0000] {dagbag.py:588} INFO - Filling up the DagBag from /home/airflow/.local/lib/python3.12/site-packages/airflow/example_dags/example_branch_python_dop_operator_3.py
[2024-11-15T05:47:34.123+0000] {processor.py:925} INFO - DAG(s) 'example_branch_dop_operator_v3' retrieved from /home/airflow/.local/lib/python3.12/site-packages/airflow/example_dags/example_branch_python_dop_operator_3.py
[2024-11-15T05:47:34.180+0000] {logging_mixin.py:190} INFO - [2024-11-15T05:47:34.179+0000] {dag.py:3239} INFO - Sync 1 DAGs
[2024-11-15T05:47:34.263+0000] {logging_mixin.py:190} INFO - [2024-11-15T05:47:34.263+0000] {dag.py:4180} INFO - Setting next_dagrun for example_branch_dop_operator_v3 to 2024-11-15 05:46:00+00:00, run_after=2024-11-15 05:47:00+00:00
[2024-11-15T05:47:34.301+0000] {processor.py:208} INFO - Processing /home/airflow/.local/lib/python3.12/site-packages/airflow/example_dags/example_branch_python_dop_operator_3.py took 0.238 seconds
[2024-11-15T05:48:04.673+0000] {processor.py:186} INFO - Started process (PID=1258) to work on /home/airflow/.local/lib/python3.12/site-packages/airflow/example_dags/example_branch_python_dop_operator_3.py
[2024-11-15T05:48:04.678+0000] {processor.py:914} INFO - Processing file /home/airflow/.local/lib/python3.12/site-packages/airflow/example_dags/example_branch_python_dop_operator_3.py for tasks to queue
[2024-11-15T05:48:04.685+0000] {logging_mixin.py:190} INFO - [2024-11-15T05:48:04.684+0000] {dagbag.py:588} INFO - Filling up the DagBag from /home/airflow/.local/lib/python3.12/site-packages/airflow/example_dags/example_branch_python_dop_operator_3.py
[2024-11-15T05:48:04.718+0000] {processor.py:925} INFO - DAG(s) 'example_branch_dop_operator_v3' retrieved from /home/airflow/.local/lib/python3.12/site-packages/airflow/example_dags/example_branch_python_dop_operator_3.py
[2024-11-15T05:48:04.773+0000] {logging_mixin.py:190} INFO - [2024-11-15T05:48:04.773+0000] {dag.py:3239} INFO - Sync 1 DAGs
[2024-11-15T05:48:04.866+0000] {logging_mixin.py:190} INFO - [2024-11-15T05:48:04.865+0000] {dag.py:4180} INFO - Setting next_dagrun for example_branch_dop_operator_v3 to 2024-11-15 05:47:00+00:00, run_after=2024-11-15 05:48:00+00:00
[2024-11-15T05:48:04.962+0000] {processor.py:208} INFO - Processing /home/airflow/.local/lib/python3.12/site-packages/airflow/example_dags/example_branch_python_dop_operator_3.py took 0.306 seconds
[2024-11-15T05:48:35.072+0000] {processor.py:186} INFO - Started process (PID=1323) to work on /home/airflow/.local/lib/python3.12/site-packages/airflow/example_dags/example_branch_python_dop_operator_3.py
[2024-11-15T05:48:35.077+0000] {processor.py:914} INFO - Processing file /home/airflow/.local/lib/python3.12/site-packages/airflow/example_dags/example_branch_python_dop_operator_3.py for tasks to queue
[2024-11-15T05:48:35.086+0000] {logging_mixin.py:190} INFO - [2024-11-15T05:48:35.085+0000] {dagbag.py:588} INFO - Filling up the DagBag from /home/airflow/.local/lib/python3.12/site-packages/airflow/example_dags/example_branch_python_dop_operator_3.py
[2024-11-15T05:48:35.138+0000] {processor.py:925} INFO - DAG(s) 'example_branch_dop_operator_v3' retrieved from /home/airflow/.local/lib/python3.12/site-packages/airflow/example_dags/example_branch_python_dop_operator_3.py
[2024-11-15T05:48:35.210+0000] {logging_mixin.py:190} INFO - [2024-11-15T05:48:35.209+0000] {dag.py:3239} INFO - Sync 1 DAGs
[2024-11-15T05:48:35.332+0000] {logging_mixin.py:190} INFO - [2024-11-15T05:48:35.332+0000] {dag.py:4180} INFO - Setting next_dagrun for example_branch_dop_operator_v3 to 2024-11-15 05:47:00+00:00, run_after=2024-11-15 05:48:00+00:00
[2024-11-15T05:48:35.411+0000] {processor.py:208} INFO - Processing /home/airflow/.local/lib/python3.12/site-packages/airflow/example_dags/example_branch_python_dop_operator_3.py took 0.355 seconds
[2024-11-15T05:49:05.704+0000] {processor.py:186} INFO - Started process (PID=1388) to work on /home/airflow/.local/lib/python3.12/site-packages/airflow/example_dags/example_branch_python_dop_operator_3.py
[2024-11-15T05:49:05.707+0000] {processor.py:914} INFO - Processing file /home/airflow/.local/lib/python3.12/site-packages/airflow/example_dags/example_branch_python_dop_operator_3.py for tasks to queue
[2024-11-15T05:49:05.712+0000] {logging_mixin.py:190} INFO - [2024-11-15T05:49:05.712+0000] {dagbag.py:588} INFO - Filling up the DagBag from /home/airflow/.local/lib/python3.12/site-packages/airflow/example_dags/example_branch_python_dop_operator_3.py
[2024-11-15T05:49:05.736+0000] {processor.py:925} INFO - DAG(s) 'example_branch_dop_operator_v3' retrieved from /home/airflow/.local/lib/python3.12/site-packages/airflow/example_dags/example_branch_python_dop_operator_3.py
[2024-11-15T05:49:05.773+0000] {logging_mixin.py:190} INFO - [2024-11-15T05:49:05.772+0000] {dag.py:3239} INFO - Sync 1 DAGs
[2024-11-15T05:49:05.828+0000] {logging_mixin.py:190} INFO - [2024-11-15T05:49:05.828+0000] {dag.py:4180} INFO - Setting next_dagrun for example_branch_dop_operator_v3 to 2024-11-15 05:48:00+00:00, run_after=2024-11-15 05:49:00+00:00
[2024-11-15T05:49:05.863+0000] {processor.py:208} INFO - Processing /home/airflow/.local/lib/python3.12/site-packages/airflow/example_dags/example_branch_python_dop_operator_3.py took 0.172 seconds
[2024-11-15T05:50:28.441+0000] {processor.py:186} INFO - Started process (PID=1495) to work on /home/airflow/.local/lib/python3.12/site-packages/airflow/example_dags/example_branch_python_dop_operator_3.py
[2024-11-15T05:50:28.445+0000] {processor.py:914} INFO - Processing file /home/airflow/.local/lib/python3.12/site-packages/airflow/example_dags/example_branch_python_dop_operator_3.py for tasks to queue
[2024-11-15T05:50:28.453+0000] {logging_mixin.py:190} INFO - [2024-11-15T05:50:28.452+0000] {dagbag.py:588} INFO - Filling up the DagBag from /home/airflow/.local/lib/python3.12/site-packages/airflow/example_dags/example_branch_python_dop_operator_3.py
[2024-11-15T05:50:28.481+0000] {processor.py:925} INFO - DAG(s) 'example_branch_dop_operator_v3' retrieved from /home/airflow/.local/lib/python3.12/site-packages/airflow/example_dags/example_branch_python_dop_operator_3.py
[2024-11-15T05:50:28.528+0000] {logging_mixin.py:190} INFO - [2024-11-15T05:50:28.528+0000] {dag.py:3239} INFO - Sync 1 DAGs
[2024-11-15T05:50:28.593+0000] {logging_mixin.py:190} INFO - [2024-11-15T05:50:28.593+0000] {dag.py:4180} INFO - Setting next_dagrun for example_branch_dop_operator_v3 to 2024-11-15 05:49:00+00:00, run_after=2024-11-15 05:50:00+00:00
[2024-11-15T05:50:28.670+0000] {processor.py:208} INFO - Processing /home/airflow/.local/lib/python3.12/site-packages/airflow/example_dags/example_branch_python_dop_operator_3.py took 0.245 seconds
[2024-11-15T05:51:00.213+0000] {processor.py:186} INFO - Started process (PID=1561) to work on /home/airflow/.local/lib/python3.12/site-packages/airflow/example_dags/example_branch_python_dop_operator_3.py
[2024-11-15T05:51:00.219+0000] {processor.py:914} INFO - Processing file /home/airflow/.local/lib/python3.12/site-packages/airflow/example_dags/example_branch_python_dop_operator_3.py for tasks to queue
[2024-11-15T05:51:00.226+0000] {logging_mixin.py:190} INFO - [2024-11-15T05:51:00.225+0000] {dagbag.py:588} INFO - Filling up the DagBag from /home/airflow/.local/lib/python3.12/site-packages/airflow/example_dags/example_branch_python_dop_operator_3.py
[2024-11-15T05:51:00.278+0000] {processor.py:925} INFO - DAG(s) 'example_branch_dop_operator_v3' retrieved from /home/airflow/.local/lib/python3.12/site-packages/airflow/example_dags/example_branch_python_dop_operator_3.py
[2024-11-15T05:51:00.371+0000] {logging_mixin.py:190} INFO - [2024-11-15T05:51:00.370+0000] {dag.py:3239} INFO - Sync 1 DAGs
[2024-11-15T05:51:00.528+0000] {logging_mixin.py:190} INFO - [2024-11-15T05:51:00.527+0000] {dag.py:4180} INFO - Setting next_dagrun for example_branch_dop_operator_v3 to 2024-11-15 05:50:00+00:00, run_after=2024-11-15 05:51:00+00:00
[2024-11-15T05:51:00.623+0000] {processor.py:208} INFO - Processing /home/airflow/.local/lib/python3.12/site-packages/airflow/example_dags/example_branch_python_dop_operator_3.py took 0.434 seconds
[2024-11-15T05:51:31.353+0000] {processor.py:186} INFO - Started process (PID=1627) to work on /home/airflow/.local/lib/python3.12/site-packages/airflow/example_dags/example_branch_python_dop_operator_3.py
[2024-11-15T05:51:31.358+0000] {processor.py:914} INFO - Processing file /home/airflow/.local/lib/python3.12/site-packages/airflow/example_dags/example_branch_python_dop_operator_3.py for tasks to queue
[2024-11-15T05:51:31.365+0000] {logging_mixin.py:190} INFO - [2024-11-15T05:51:31.364+0000] {dagbag.py:588} INFO - Filling up the DagBag from /home/airflow/.local/lib/python3.12/site-packages/airflow/example_dags/example_branch_python_dop_operator_3.py
[2024-11-15T05:51:31.397+0000] {processor.py:925} INFO - DAG(s) 'example_branch_dop_operator_v3' retrieved from /home/airflow/.local/lib/python3.12/site-packages/airflow/example_dags/example_branch_python_dop_operator_3.py
[2024-11-15T05:51:31.454+0000] {logging_mixin.py:190} INFO - [2024-11-15T05:51:31.454+0000] {dag.py:3239} INFO - Sync 1 DAGs
[2024-11-15T05:51:31.535+0000] {logging_mixin.py:190} INFO - [2024-11-15T05:51:31.534+0000] {dag.py:4180} INFO - Setting next_dagrun for example_branch_dop_operator_v3 to 2024-11-15 05:50:00+00:00, run_after=2024-11-15 05:51:00+00:00
[2024-11-15T05:51:31.591+0000] {processor.py:208} INFO - Processing /home/airflow/.local/lib/python3.12/site-packages/airflow/example_dags/example_branch_python_dop_operator_3.py took 0.255 seconds
[2024-11-15T05:52:02.750+0000] {processor.py:186} INFO - Started process (PID=1692) to work on /home/airflow/.local/lib/python3.12/site-packages/airflow/example_dags/example_branch_python_dop_operator_3.py
[2024-11-15T05:52:02.753+0000] {processor.py:914} INFO - Processing file /home/airflow/.local/lib/python3.12/site-packages/airflow/example_dags/example_branch_python_dop_operator_3.py for tasks to queue
[2024-11-15T05:52:02.758+0000] {logging_mixin.py:190} INFO - [2024-11-15T05:52:02.757+0000] {dagbag.py:588} INFO - Filling up the DagBag from /home/airflow/.local/lib/python3.12/site-packages/airflow/example_dags/example_branch_python_dop_operator_3.py
[2024-11-15T05:52:02.777+0000] {processor.py:925} INFO - DAG(s) 'example_branch_dop_operator_v3' retrieved from /home/airflow/.local/lib/python3.12/site-packages/airflow/example_dags/example_branch_python_dop_operator_3.py
[2024-11-15T05:52:02.814+0000] {logging_mixin.py:190} INFO - [2024-11-15T05:52:02.813+0000] {dag.py:3239} INFO - Sync 1 DAGs
[2024-11-15T05:52:02.885+0000] {logging_mixin.py:190} INFO - [2024-11-15T05:52:02.884+0000] {dag.py:4180} INFO - Setting next_dagrun for example_branch_dop_operator_v3 to 2024-11-15 05:51:00+00:00, run_after=2024-11-15 05:52:00+00:00
[2024-11-15T05:52:02.938+0000] {processor.py:208} INFO - Processing /home/airflow/.local/lib/python3.12/site-packages/airflow/example_dags/example_branch_python_dop_operator_3.py took 0.198 seconds
[2024-11-15T05:52:35.097+0000] {processor.py:186} INFO - Started process (PID=1757) to work on /home/airflow/.local/lib/python3.12/site-packages/airflow/example_dags/example_branch_python_dop_operator_3.py
[2024-11-15T05:52:35.100+0000] {processor.py:914} INFO - Processing file /home/airflow/.local/lib/python3.12/site-packages/airflow/example_dags/example_branch_python_dop_operator_3.py for tasks to queue
[2024-11-15T05:52:35.104+0000] {logging_mixin.py:190} INFO - [2024-11-15T05:52:35.104+0000] {dagbag.py:588} INFO - Filling up the DagBag from /home/airflow/.local/lib/python3.12/site-packages/airflow/example_dags/example_branch_python_dop_operator_3.py
[2024-11-15T05:52:35.129+0000] {processor.py:925} INFO - DAG(s) 'example_branch_dop_operator_v3' retrieved from /home/airflow/.local/lib/python3.12/site-packages/airflow/example_dags/example_branch_python_dop_operator_3.py
[2024-11-15T05:52:35.174+0000] {logging_mixin.py:190} INFO - [2024-11-15T05:52:35.173+0000] {dag.py:3239} INFO - Sync 1 DAGs
[2024-11-15T05:52:35.236+0000] {logging_mixin.py:190} INFO - [2024-11-15T05:52:35.236+0000] {dag.py:4180} INFO - Setting next_dagrun for example_branch_dop_operator_v3 to 2024-11-15 05:51:00+00:00, run_after=2024-11-15 05:52:00+00:00
[2024-11-15T05:52:35.274+0000] {processor.py:208} INFO - Processing /home/airflow/.local/lib/python3.12/site-packages/airflow/example_dags/example_branch_python_dop_operator_3.py took 0.189 seconds
[2024-11-15T05:53:07.623+0000] {processor.py:186} INFO - Started process (PID=1823) to work on /home/airflow/.local/lib/python3.12/site-packages/airflow/example_dags/example_branch_python_dop_operator_3.py
[2024-11-15T05:53:07.626+0000] {processor.py:914} INFO - Processing file /home/airflow/.local/lib/python3.12/site-packages/airflow/example_dags/example_branch_python_dop_operator_3.py for tasks to queue
[2024-11-15T05:53:07.632+0000] {logging_mixin.py:190} INFO - [2024-11-15T05:53:07.631+0000] {dagbag.py:588} INFO - Filling up the DagBag from /home/airflow/.local/lib/python3.12/site-packages/airflow/example_dags/example_branch_python_dop_operator_3.py
[2024-11-15T05:53:07.654+0000] {processor.py:925} INFO - DAG(s) 'example_branch_dop_operator_v3' retrieved from /home/airflow/.local/lib/python3.12/site-packages/airflow/example_dags/example_branch_python_dop_operator_3.py
[2024-11-15T05:53:07.700+0000] {logging_mixin.py:190} INFO - [2024-11-15T05:53:07.700+0000] {dag.py:3239} INFO - Sync 1 DAGs
[2024-11-15T05:53:07.763+0000] {logging_mixin.py:190} INFO - [2024-11-15T05:53:07.762+0000] {dag.py:4180} INFO - Setting next_dagrun for example_branch_dop_operator_v3 to 2024-11-15 05:52:00+00:00, run_after=2024-11-15 05:53:00+00:00
[2024-11-15T05:53:07.799+0000] {processor.py:208} INFO - Processing /home/airflow/.local/lib/python3.12/site-packages/airflow/example_dags/example_branch_python_dop_operator_3.py took 0.192 seconds
[2024-11-15T05:53:39.988+0000] {processor.py:186} INFO - Started process (PID=1888) to work on /home/airflow/.local/lib/python3.12/site-packages/airflow/example_dags/example_branch_python_dop_operator_3.py
[2024-11-15T05:53:39.992+0000] {processor.py:914} INFO - Processing file /home/airflow/.local/lib/python3.12/site-packages/airflow/example_dags/example_branch_python_dop_operator_3.py for tasks to queue
[2024-11-15T05:53:40.000+0000] {logging_mixin.py:190} INFO - [2024-11-15T05:53:39.999+0000] {dagbag.py:588} INFO - Filling up the DagBag from /home/airflow/.local/lib/python3.12/site-packages/airflow/example_dags/example_branch_python_dop_operator_3.py
[2024-11-15T05:53:40.040+0000] {processor.py:925} INFO - DAG(s) 'example_branch_dop_operator_v3' retrieved from /home/airflow/.local/lib/python3.12/site-packages/airflow/example_dags/example_branch_python_dop_operator_3.py
[2024-11-15T05:53:40.097+0000] {logging_mixin.py:190} INFO - [2024-11-15T05:53:40.096+0000] {dag.py:3239} INFO - Sync 1 DAGs
[2024-11-15T05:53:40.203+0000] {logging_mixin.py:190} INFO - [2024-11-15T05:53:40.203+0000] {dag.py:4180} INFO - Setting next_dagrun for example_branch_dop_operator_v3 to 2024-11-15 05:52:00+00:00, run_after=2024-11-15 05:53:00+00:00
[2024-11-15T05:53:40.250+0000] {processor.py:208} INFO - Processing /home/airflow/.local/lib/python3.12/site-packages/airflow/example_dags/example_branch_python_dop_operator_3.py took 0.283 seconds
[2024-11-15T05:54:11.697+0000] {processor.py:186} INFO - Started process (PID=1953) to work on /home/airflow/.local/lib/python3.12/site-packages/airflow/example_dags/example_branch_python_dop_operator_3.py
[2024-11-15T05:54:11.699+0000] {processor.py:914} INFO - Processing file /home/airflow/.local/lib/python3.12/site-packages/airflow/example_dags/example_branch_python_dop_operator_3.py for tasks to queue
[2024-11-15T05:54:11.704+0000] {logging_mixin.py:190} INFO - [2024-11-15T05:54:11.703+0000] {dagbag.py:588} INFO - Filling up the DagBag from /home/airflow/.local/lib/python3.12/site-packages/airflow/example_dags/example_branch_python_dop_operator_3.py
[2024-11-15T05:54:11.728+0000] {processor.py:925} INFO - DAG(s) 'example_branch_dop_operator_v3' retrieved from /home/airflow/.local/lib/python3.12/site-packages/airflow/example_dags/example_branch_python_dop_operator_3.py
[2024-11-15T05:54:11.764+0000] {logging_mixin.py:190} INFO - [2024-11-15T05:54:11.763+0000] {dag.py:3239} INFO - Sync 1 DAGs
[2024-11-15T05:54:11.815+0000] {logging_mixin.py:190} INFO - [2024-11-15T05:54:11.815+0000] {dag.py:4180} INFO - Setting next_dagrun for example_branch_dop_operator_v3 to 2024-11-15 05:53:00+00:00, run_after=2024-11-15 05:54:00+00:00
[2024-11-15T05:54:11.847+0000] {processor.py:208} INFO - Processing /home/airflow/.local/lib/python3.12/site-packages/airflow/example_dags/example_branch_python_dop_operator_3.py took 0.161 seconds
[2024-11-15T05:54:44.122+0000] {processor.py:186} INFO - Started process (PID=2024) to work on /home/airflow/.local/lib/python3.12/site-packages/airflow/example_dags/example_branch_python_dop_operator_3.py
[2024-11-15T05:54:44.126+0000] {processor.py:914} INFO - Processing file /home/airflow/.local/lib/python3.12/site-packages/airflow/example_dags/example_branch_python_dop_operator_3.py for tasks to queue
[2024-11-15T05:54:44.141+0000] {logging_mixin.py:190} INFO - [2024-11-15T05:54:44.140+0000] {dagbag.py:588} INFO - Filling up the DagBag from /home/airflow/.local/lib/python3.12/site-packages/airflow/example_dags/example_branch_python_dop_operator_3.py
[2024-11-15T05:54:44.200+0000] {processor.py:925} INFO - DAG(s) 'example_branch_dop_operator_v3' retrieved from /home/airflow/.local/lib/python3.12/site-packages/airflow/example_dags/example_branch_python_dop_operator_3.py
[2024-11-15T05:54:44.292+0000] {logging_mixin.py:190} INFO - [2024-11-15T05:54:44.289+0000] {dag.py:3239} INFO - Sync 1 DAGs
[2024-11-15T05:54:44.372+0000] {logging_mixin.py:190} INFO - [2024-11-15T05:54:44.371+0000] {dag.py:4180} INFO - Setting next_dagrun for example_branch_dop_operator_v3 to 2024-11-15 05:53:00+00:00, run_after=2024-11-15 05:54:00+00:00
[2024-11-15T05:54:44.411+0000] {processor.py:208} INFO - Processing /home/airflow/.local/lib/python3.12/site-packages/airflow/example_dags/example_branch_python_dop_operator_3.py took 0.309 seconds
[2024-11-15T05:55:34.097+0000] {processor.py:186} INFO - Started process (PID=2088) to work on /home/airflow/.local/lib/python3.12/site-packages/airflow/example_dags/example_branch_python_dop_operator_3.py
[2024-11-15T05:55:34.103+0000] {processor.py:914} INFO - Processing file /home/airflow/.local/lib/python3.12/site-packages/airflow/example_dags/example_branch_python_dop_operator_3.py for tasks to queue
[2024-11-15T05:55:34.110+0000] {logging_mixin.py:190} INFO - [2024-11-15T05:55:34.109+0000] {dagbag.py:588} INFO - Filling up the DagBag from /home/airflow/.local/lib/python3.12/site-packages/airflow/example_dags/example_branch_python_dop_operator_3.py
[2024-11-15T05:55:34.145+0000] {processor.py:925} INFO - DAG(s) 'example_branch_dop_operator_v3' retrieved from /home/airflow/.local/lib/python3.12/site-packages/airflow/example_dags/example_branch_python_dop_operator_3.py
[2024-11-15T05:55:34.205+0000] {logging_mixin.py:190} INFO - [2024-11-15T05:55:34.204+0000] {dag.py:3239} INFO - Sync 1 DAGs
[2024-11-15T05:55:34.298+0000] {logging_mixin.py:190} INFO - [2024-11-15T05:55:34.297+0000] {dag.py:4180} INFO - Setting next_dagrun for example_branch_dop_operator_v3 to 2024-11-15 05:54:00+00:00, run_after=2024-11-15 05:55:00+00:00
[2024-11-15T05:55:34.339+0000] {processor.py:208} INFO - Processing /home/airflow/.local/lib/python3.12/site-packages/airflow/example_dags/example_branch_python_dop_operator_3.py took 0.261 seconds
[2024-11-15T05:56:05.814+0000] {processor.py:186} INFO - Started process (PID=2153) to work on /home/airflow/.local/lib/python3.12/site-packages/airflow/example_dags/example_branch_python_dop_operator_3.py
[2024-11-15T05:56:05.907+0000] {processor.py:914} INFO - Processing file /home/airflow/.local/lib/python3.12/site-packages/airflow/example_dags/example_branch_python_dop_operator_3.py for tasks to queue
[2024-11-15T05:56:05.925+0000] {logging_mixin.py:190} INFO - [2024-11-15T05:56:05.924+0000] {dagbag.py:588} INFO - Filling up the DagBag from /home/airflow/.local/lib/python3.12/site-packages/airflow/example_dags/example_branch_python_dop_operator_3.py
[2024-11-15T05:56:05.953+0000] {processor.py:925} INFO - DAG(s) 'example_branch_dop_operator_v3' retrieved from /home/airflow/.local/lib/python3.12/site-packages/airflow/example_dags/example_branch_python_dop_operator_3.py
[2024-11-15T05:56:05.994+0000] {logging_mixin.py:190} INFO - [2024-11-15T05:56:05.993+0000] {dag.py:3239} INFO - Sync 1 DAGs
[2024-11-15T05:56:06.050+0000] {logging_mixin.py:190} INFO - [2024-11-15T05:56:06.050+0000] {dag.py:4180} INFO - Setting next_dagrun for example_branch_dop_operator_v3 to 2024-11-15 05:55:00+00:00, run_after=2024-11-15 05:56:00+00:00
[2024-11-15T05:56:06.085+0000] {processor.py:208} INFO - Processing /home/airflow/.local/lib/python3.12/site-packages/airflow/example_dags/example_branch_python_dop_operator_3.py took 0.289 seconds
[2024-11-15T05:56:38.668+0000] {processor.py:186} INFO - Started process (PID=2218) to work on /home/airflow/.local/lib/python3.12/site-packages/airflow/example_dags/example_branch_python_dop_operator_3.py
[2024-11-15T05:56:38.671+0000] {processor.py:914} INFO - Processing file /home/airflow/.local/lib/python3.12/site-packages/airflow/example_dags/example_branch_python_dop_operator_3.py for tasks to queue
[2024-11-15T05:56:38.677+0000] {logging_mixin.py:190} INFO - [2024-11-15T05:56:38.676+0000] {dagbag.py:588} INFO - Filling up the DagBag from /home/airflow/.local/lib/python3.12/site-packages/airflow/example_dags/example_branch_python_dop_operator_3.py
[2024-11-15T05:56:38.705+0000] {processor.py:925} INFO - DAG(s) 'example_branch_dop_operator_v3' retrieved from /home/airflow/.local/lib/python3.12/site-packages/airflow/example_dags/example_branch_python_dop_operator_3.py
[2024-11-15T05:56:38.751+0000] {logging_mixin.py:190} INFO - [2024-11-15T05:56:38.751+0000] {dag.py:3239} INFO - Sync 1 DAGs
[2024-11-15T05:56:38.829+0000] {logging_mixin.py:190} INFO - [2024-11-15T05:56:38.828+0000] {dag.py:4180} INFO - Setting next_dagrun for example_branch_dop_operator_v3 to 2024-11-15 05:55:00+00:00, run_after=2024-11-15 05:56:00+00:00
[2024-11-15T05:56:38.883+0000] {processor.py:208} INFO - Processing /home/airflow/.local/lib/python3.12/site-packages/airflow/example_dags/example_branch_python_dop_operator_3.py took 0.228 seconds
[2024-11-15T05:57:11.282+0000] {processor.py:186} INFO - Started process (PID=2283) to work on /home/airflow/.local/lib/python3.12/site-packages/airflow/example_dags/example_branch_python_dop_operator_3.py
[2024-11-15T05:57:11.285+0000] {processor.py:914} INFO - Processing file /home/airflow/.local/lib/python3.12/site-packages/airflow/example_dags/example_branch_python_dop_operator_3.py for tasks to queue
[2024-11-15T05:57:11.290+0000] {logging_mixin.py:190} INFO - [2024-11-15T05:57:11.289+0000] {dagbag.py:588} INFO - Filling up the DagBag from /home/airflow/.local/lib/python3.12/site-packages/airflow/example_dags/example_branch_python_dop_operator_3.py
[2024-11-15T05:57:11.313+0000] {processor.py:925} INFO - DAG(s) 'example_branch_dop_operator_v3' retrieved from /home/airflow/.local/lib/python3.12/site-packages/airflow/example_dags/example_branch_python_dop_operator_3.py
[2024-11-15T05:57:11.351+0000] {logging_mixin.py:190} INFO - [2024-11-15T05:57:11.350+0000] {dag.py:3239} INFO - Sync 1 DAGs
[2024-11-15T05:57:11.406+0000] {logging_mixin.py:190} INFO - [2024-11-15T05:57:11.406+0000] {dag.py:4180} INFO - Setting next_dagrun for example_branch_dop_operator_v3 to 2024-11-15 05:56:00+00:00, run_after=2024-11-15 05:57:00+00:00
[2024-11-15T05:57:11.443+0000] {processor.py:208} INFO - Processing /home/airflow/.local/lib/python3.12/site-packages/airflow/example_dags/example_branch_python_dop_operator_3.py took 0.172 seconds
[2024-11-15T05:57:42.651+0000] {processor.py:186} INFO - Started process (PID=2348) to work on /home/airflow/.local/lib/python3.12/site-packages/airflow/example_dags/example_branch_python_dop_operator_3.py
[2024-11-15T05:57:42.655+0000] {processor.py:914} INFO - Processing file /home/airflow/.local/lib/python3.12/site-packages/airflow/example_dags/example_branch_python_dop_operator_3.py for tasks to queue
[2024-11-15T05:57:42.664+0000] {logging_mixin.py:190} INFO - [2024-11-15T05:57:42.663+0000] {dagbag.py:588} INFO - Filling up the DagBag from /home/airflow/.local/lib/python3.12/site-packages/airflow/example_dags/example_branch_python_dop_operator_3.py
[2024-11-15T05:57:42.692+0000] {processor.py:925} INFO - DAG(s) 'example_branch_dop_operator_v3' retrieved from /home/airflow/.local/lib/python3.12/site-packages/airflow/example_dags/example_branch_python_dop_operator_3.py
[2024-11-15T05:57:42.734+0000] {logging_mixin.py:190} INFO - [2024-11-15T05:57:42.734+0000] {dag.py:3239} INFO - Sync 1 DAGs
[2024-11-15T05:57:42.816+0000] {logging_mixin.py:190} INFO - [2024-11-15T05:57:42.815+0000] {dag.py:4180} INFO - Setting next_dagrun for example_branch_dop_operator_v3 to 2024-11-15 05:56:00+00:00, run_after=2024-11-15 05:57:00+00:00
[2024-11-15T05:57:42.897+0000] {processor.py:208} INFO - Processing /home/airflow/.local/lib/python3.12/site-packages/airflow/example_dags/example_branch_python_dop_operator_3.py took 0.264 seconds
[2024-11-15T05:58:16.829+0000] {processor.py:186} INFO - Started process (PID=2417) to work on /home/airflow/.local/lib/python3.12/site-packages/airflow/example_dags/example_branch_python_dop_operator_3.py
[2024-11-15T05:58:16.832+0000] {processor.py:914} INFO - Processing file /home/airflow/.local/lib/python3.12/site-packages/airflow/example_dags/example_branch_python_dop_operator_3.py for tasks to queue
[2024-11-15T05:58:16.837+0000] {logging_mixin.py:190} INFO - [2024-11-15T05:58:16.836+0000] {dagbag.py:588} INFO - Filling up the DagBag from /home/airflow/.local/lib/python3.12/site-packages/airflow/example_dags/example_branch_python_dop_operator_3.py
[2024-11-15T05:58:16.881+0000] {processor.py:925} INFO - DAG(s) 'example_branch_dop_operator_v3' retrieved from /home/airflow/.local/lib/python3.12/site-packages/airflow/example_dags/example_branch_python_dop_operator_3.py
[2024-11-15T05:58:16.940+0000] {logging_mixin.py:190} INFO - [2024-11-15T05:58:16.939+0000] {dag.py:3239} INFO - Sync 1 DAGs
[2024-11-15T05:58:17.017+0000] {logging_mixin.py:190} INFO - [2024-11-15T05:58:17.017+0000] {dag.py:4180} INFO - Setting next_dagrun for example_branch_dop_operator_v3 to 2024-11-15 05:57:00+00:00, run_after=2024-11-15 05:58:00+00:00
[2024-11-15T05:58:17.062+0000] {processor.py:208} INFO - Processing /home/airflow/.local/lib/python3.12/site-packages/airflow/example_dags/example_branch_python_dop_operator_3.py took 0.244 seconds
[2024-11-15T05:58:49.019+0000] {processor.py:186} INFO - Started process (PID=2486) to work on /home/airflow/.local/lib/python3.12/site-packages/airflow/example_dags/example_branch_python_dop_operator_3.py
[2024-11-15T05:58:49.026+0000] {processor.py:914} INFO - Processing file /home/airflow/.local/lib/python3.12/site-packages/airflow/example_dags/example_branch_python_dop_operator_3.py for tasks to queue
[2024-11-15T05:58:49.032+0000] {logging_mixin.py:190} INFO - [2024-11-15T05:58:49.030+0000] {dagbag.py:588} INFO - Filling up the DagBag from /home/airflow/.local/lib/python3.12/site-packages/airflow/example_dags/example_branch_python_dop_operator_3.py
[2024-11-15T05:58:49.075+0000] {processor.py:925} INFO - DAG(s) 'example_branch_dop_operator_v3' retrieved from /home/airflow/.local/lib/python3.12/site-packages/airflow/example_dags/example_branch_python_dop_operator_3.py
[2024-11-15T05:58:49.144+0000] {logging_mixin.py:190} INFO - [2024-11-15T05:58:49.143+0000] {dag.py:3239} INFO - Sync 1 DAGs
[2024-11-15T05:58:49.195+0000] {logging_mixin.py:190} INFO - [2024-11-15T05:58:49.195+0000] {dag.py:4180} INFO - Setting next_dagrun for example_branch_dop_operator_v3 to 2024-11-15 05:57:00+00:00, run_after=2024-11-15 05:58:00+00:00
[2024-11-15T05:58:49.236+0000] {processor.py:208} INFO - Processing /home/airflow/.local/lib/python3.12/site-packages/airflow/example_dags/example_branch_python_dop_operator_3.py took 0.233 seconds
[2024-11-15T05:59:21.325+0000] {processor.py:186} INFO - Started process (PID=2557) to work on /home/airflow/.local/lib/python3.12/site-packages/airflow/example_dags/example_branch_python_dop_operator_3.py
[2024-11-15T05:59:21.328+0000] {processor.py:914} INFO - Processing file /home/airflow/.local/lib/python3.12/site-packages/airflow/example_dags/example_branch_python_dop_operator_3.py for tasks to queue
[2024-11-15T05:59:21.333+0000] {logging_mixin.py:190} INFO - [2024-11-15T05:59:21.332+0000] {dagbag.py:588} INFO - Filling up the DagBag from /home/airflow/.local/lib/python3.12/site-packages/airflow/example_dags/example_branch_python_dop_operator_3.py
[2024-11-15T05:59:21.356+0000] {processor.py:925} INFO - DAG(s) 'example_branch_dop_operator_v3' retrieved from /home/airflow/.local/lib/python3.12/site-packages/airflow/example_dags/example_branch_python_dop_operator_3.py
[2024-11-15T05:59:21.400+0000] {logging_mixin.py:190} INFO - [2024-11-15T05:59:21.399+0000] {dag.py:3239} INFO - Sync 1 DAGs
[2024-11-15T05:59:21.476+0000] {logging_mixin.py:190} INFO - [2024-11-15T05:59:21.475+0000] {dag.py:4180} INFO - Setting next_dagrun for example_branch_dop_operator_v3 to 2024-11-15 05:58:00+00:00, run_after=2024-11-15 05:59:00+00:00
[2024-11-15T05:59:21.523+0000] {processor.py:208} INFO - Processing /home/airflow/.local/lib/python3.12/site-packages/airflow/example_dags/example_branch_python_dop_operator_3.py took 0.210 seconds
[2024-11-15T05:59:55.406+0000] {processor.py:186} INFO - Started process (PID=2622) to work on /home/airflow/.local/lib/python3.12/site-packages/airflow/example_dags/example_branch_python_dop_operator_3.py
[2024-11-15T05:59:55.421+0000] {processor.py:914} INFO - Processing file /home/airflow/.local/lib/python3.12/site-packages/airflow/example_dags/example_branch_python_dop_operator_3.py for tasks to queue
[2024-11-15T05:59:55.441+0000] {logging_mixin.py:190} INFO - [2024-11-15T05:59:55.439+0000] {dagbag.py:588} INFO - Filling up the DagBag from /home/airflow/.local/lib/python3.12/site-packages/airflow/example_dags/example_branch_python_dop_operator_3.py
[2024-11-15T05:59:55.497+0000] {processor.py:925} INFO - DAG(s) 'example_branch_dop_operator_v3' retrieved from /home/airflow/.local/lib/python3.12/site-packages/airflow/example_dags/example_branch_python_dop_operator_3.py
[2024-11-15T05:59:55.557+0000] {logging_mixin.py:190} INFO - [2024-11-15T05:59:55.557+0000] {dag.py:3239} INFO - Sync 1 DAGs
[2024-11-15T05:59:55.640+0000] {logging_mixin.py:190} INFO - [2024-11-15T05:59:55.640+0000] {dag.py:4180} INFO - Setting next_dagrun for example_branch_dop_operator_v3 to 2024-11-15 05:58:00+00:00, run_after=2024-11-15 05:59:00+00:00
[2024-11-15T05:59:55.686+0000] {processor.py:208} INFO - Processing /home/airflow/.local/lib/python3.12/site-packages/airflow/example_dags/example_branch_python_dop_operator_3.py took 0.302 seconds
[2024-11-15T06:00:26.636+0000] {processor.py:186} INFO - Started process (PID=2687) to work on /home/airflow/.local/lib/python3.12/site-packages/airflow/example_dags/example_branch_python_dop_operator_3.py
[2024-11-15T06:00:26.640+0000] {processor.py:914} INFO - Processing file /home/airflow/.local/lib/python3.12/site-packages/airflow/example_dags/example_branch_python_dop_operator_3.py for tasks to queue
[2024-11-15T06:00:26.647+0000] {logging_mixin.py:190} INFO - [2024-11-15T06:00:26.646+0000] {dagbag.py:588} INFO - Filling up the DagBag from /home/airflow/.local/lib/python3.12/site-packages/airflow/example_dags/example_branch_python_dop_operator_3.py
[2024-11-15T06:00:26.672+0000] {processor.py:925} INFO - DAG(s) 'example_branch_dop_operator_v3' retrieved from /home/airflow/.local/lib/python3.12/site-packages/airflow/example_dags/example_branch_python_dop_operator_3.py
[2024-11-15T06:00:26.719+0000] {logging_mixin.py:190} INFO - [2024-11-15T06:00:26.719+0000] {dag.py:3239} INFO - Sync 1 DAGs
[2024-11-15T06:00:26.809+0000] {logging_mixin.py:190} INFO - [2024-11-15T06:00:26.809+0000] {dag.py:4180} INFO - Setting next_dagrun for example_branch_dop_operator_v3 to 2024-11-15 05:59:00+00:00, run_after=2024-11-15 06:00:00+00:00
[2024-11-15T06:00:26.866+0000] {processor.py:208} INFO - Processing /home/airflow/.local/lib/python3.12/site-packages/airflow/example_dags/example_branch_python_dop_operator_3.py took 0.250 seconds
[2024-11-15T06:00:58.225+0000] {processor.py:186} INFO - Started process (PID=2754) to work on /home/airflow/.local/lib/python3.12/site-packages/airflow/example_dags/example_branch_python_dop_operator_3.py
[2024-11-15T06:00:58.229+0000] {processor.py:914} INFO - Processing file /home/airflow/.local/lib/python3.12/site-packages/airflow/example_dags/example_branch_python_dop_operator_3.py for tasks to queue
[2024-11-15T06:00:58.234+0000] {logging_mixin.py:190} INFO - [2024-11-15T06:00:58.233+0000] {dagbag.py:588} INFO - Filling up the DagBag from /home/airflow/.local/lib/python3.12/site-packages/airflow/example_dags/example_branch_python_dop_operator_3.py
[2024-11-15T06:00:58.257+0000] {processor.py:925} INFO - DAG(s) 'example_branch_dop_operator_v3' retrieved from /home/airflow/.local/lib/python3.12/site-packages/airflow/example_dags/example_branch_python_dop_operator_3.py
[2024-11-15T06:00:58.299+0000] {logging_mixin.py:190} INFO - [2024-11-15T06:00:58.298+0000] {dag.py:3239} INFO - Sync 1 DAGs
[2024-11-15T06:00:58.358+0000] {logging_mixin.py:190} INFO - [2024-11-15T06:00:58.358+0000] {dag.py:4180} INFO - Setting next_dagrun for example_branch_dop_operator_v3 to 2024-11-15 05:59:00+00:00, run_after=2024-11-15 06:00:00+00:00
[2024-11-15T06:00:58.403+0000] {processor.py:208} INFO - Processing /home/airflow/.local/lib/python3.12/site-packages/airflow/example_dags/example_branch_python_dop_operator_3.py took 0.193 seconds
[2024-11-15T06:01:31.349+0000] {processor.py:186} INFO - Started process (PID=2819) to work on /home/airflow/.local/lib/python3.12/site-packages/airflow/example_dags/example_branch_python_dop_operator_3.py
[2024-11-15T06:01:31.353+0000] {processor.py:914} INFO - Processing file /home/airflow/.local/lib/python3.12/site-packages/airflow/example_dags/example_branch_python_dop_operator_3.py for tasks to queue
[2024-11-15T06:01:31.365+0000] {logging_mixin.py:190} INFO - [2024-11-15T06:01:31.363+0000] {dagbag.py:588} INFO - Filling up the DagBag from /home/airflow/.local/lib/python3.12/site-packages/airflow/example_dags/example_branch_python_dop_operator_3.py
[2024-11-15T06:01:31.400+0000] {processor.py:925} INFO - DAG(s) 'example_branch_dop_operator_v3' retrieved from /home/airflow/.local/lib/python3.12/site-packages/airflow/example_dags/example_branch_python_dop_operator_3.py
[2024-11-15T06:01:31.442+0000] {logging_mixin.py:190} INFO - [2024-11-15T06:01:31.442+0000] {dag.py:3239} INFO - Sync 1 DAGs
[2024-11-15T06:01:31.508+0000] {logging_mixin.py:190} INFO - [2024-11-15T06:01:31.507+0000] {dag.py:4180} INFO - Setting next_dagrun for example_branch_dop_operator_v3 to 2024-11-15 06:00:00+00:00, run_after=2024-11-15 06:01:00+00:00
[2024-11-15T06:01:31.551+0000] {processor.py:208} INFO - Processing /home/airflow/.local/lib/python3.12/site-packages/airflow/example_dags/example_branch_python_dop_operator_3.py took 0.230 seconds
[2024-11-15T06:02:03.704+0000] {processor.py:186} INFO - Started process (PID=2884) to work on /home/airflow/.local/lib/python3.12/site-packages/airflow/example_dags/example_branch_python_dop_operator_3.py
[2024-11-15T06:02:03.708+0000] {processor.py:914} INFO - Processing file /home/airflow/.local/lib/python3.12/site-packages/airflow/example_dags/example_branch_python_dop_operator_3.py for tasks to queue
[2024-11-15T06:02:03.714+0000] {logging_mixin.py:190} INFO - [2024-11-15T06:02:03.713+0000] {dagbag.py:588} INFO - Filling up the DagBag from /home/airflow/.local/lib/python3.12/site-packages/airflow/example_dags/example_branch_python_dop_operator_3.py
[2024-11-15T06:02:03.735+0000] {processor.py:925} INFO - DAG(s) 'example_branch_dop_operator_v3' retrieved from /home/airflow/.local/lib/python3.12/site-packages/airflow/example_dags/example_branch_python_dop_operator_3.py
[2024-11-15T06:02:03.784+0000] {logging_mixin.py:190} INFO - [2024-11-15T06:02:03.784+0000] {dag.py:3239} INFO - Sync 1 DAGs
[2024-11-15T06:02:03.861+0000] {logging_mixin.py:190} INFO - [2024-11-15T06:02:03.860+0000] {dag.py:4180} INFO - Setting next_dagrun for example_branch_dop_operator_v3 to 2024-11-15 06:01:00+00:00, run_after=2024-11-15 06:02:00+00:00
[2024-11-15T06:02:03.910+0000] {processor.py:208} INFO - Processing /home/airflow/.local/lib/python3.12/site-packages/airflow/example_dags/example_branch_python_dop_operator_3.py took 0.221 seconds
[2024-11-15T06:02:50.832+0000] {processor.py:186} INFO - Started process (PID=2977) to work on /home/airflow/.local/lib/python3.12/site-packages/airflow/example_dags/example_branch_python_dop_operator_3.py
[2024-11-15T06:02:50.835+0000] {processor.py:914} INFO - Processing file /home/airflow/.local/lib/python3.12/site-packages/airflow/example_dags/example_branch_python_dop_operator_3.py for tasks to queue
[2024-11-15T06:02:50.841+0000] {logging_mixin.py:190} INFO - [2024-11-15T06:02:50.840+0000] {dagbag.py:588} INFO - Filling up the DagBag from /home/airflow/.local/lib/python3.12/site-packages/airflow/example_dags/example_branch_python_dop_operator_3.py
[2024-11-15T06:02:50.875+0000] {processor.py:925} INFO - DAG(s) 'example_branch_dop_operator_v3' retrieved from /home/airflow/.local/lib/python3.12/site-packages/airflow/example_dags/example_branch_python_dop_operator_3.py
[2024-11-15T06:02:50.916+0000] {logging_mixin.py:190} INFO - [2024-11-15T06:02:50.915+0000] {dag.py:3239} INFO - Sync 1 DAGs
[2024-11-15T06:02:50.987+0000] {logging_mixin.py:190} INFO - [2024-11-15T06:02:50.986+0000] {dag.py:4180} INFO - Setting next_dagrun for example_branch_dop_operator_v3 to 2024-11-15 06:01:00+00:00, run_after=2024-11-15 06:02:00+00:00
[2024-11-15T06:02:51.043+0000] {processor.py:208} INFO - Processing /home/airflow/.local/lib/python3.12/site-packages/airflow/example_dags/example_branch_python_dop_operator_3.py took 0.225 seconds
[2024-11-15T06:03:26.645+0000] {processor.py:186} INFO - Started process (PID=3044) to work on /home/airflow/.local/lib/python3.12/site-packages/airflow/example_dags/example_branch_python_dop_operator_3.py
[2024-11-15T06:03:26.652+0000] {processor.py:914} INFO - Processing file /home/airflow/.local/lib/python3.12/site-packages/airflow/example_dags/example_branch_python_dop_operator_3.py for tasks to queue
[2024-11-15T06:03:26.665+0000] {logging_mixin.py:190} INFO - [2024-11-15T06:03:26.664+0000] {dagbag.py:588} INFO - Filling up the DagBag from /home/airflow/.local/lib/python3.12/site-packages/airflow/example_dags/example_branch_python_dop_operator_3.py
[2024-11-15T06:03:26.707+0000] {processor.py:925} INFO - DAG(s) 'example_branch_dop_operator_v3' retrieved from /home/airflow/.local/lib/python3.12/site-packages/airflow/example_dags/example_branch_python_dop_operator_3.py
[2024-11-15T06:03:26.792+0000] {logging_mixin.py:190} INFO - [2024-11-15T06:03:26.791+0000] {dag.py:3239} INFO - Sync 1 DAGs
[2024-11-15T06:03:26.968+0000] {logging_mixin.py:190} INFO - [2024-11-15T06:03:26.968+0000] {dag.py:4180} INFO - Setting next_dagrun for example_branch_dop_operator_v3 to 2024-11-15 06:02:00+00:00, run_after=2024-11-15 06:03:00+00:00
[2024-11-15T06:03:27.032+0000] {processor.py:208} INFO - Processing /home/airflow/.local/lib/python3.12/site-packages/airflow/example_dags/example_branch_python_dop_operator_3.py took 0.409 seconds
[2024-11-15T06:03:59.996+0000] {processor.py:186} INFO - Started process (PID=3109) to work on /home/airflow/.local/lib/python3.12/site-packages/airflow/example_dags/example_branch_python_dop_operator_3.py
[2024-11-15T06:03:59.999+0000] {processor.py:914} INFO - Processing file /home/airflow/.local/lib/python3.12/site-packages/airflow/example_dags/example_branch_python_dop_operator_3.py for tasks to queue
[2024-11-15T06:04:00.005+0000] {logging_mixin.py:190} INFO - [2024-11-15T06:04:00.004+0000] {dagbag.py:588} INFO - Filling up the DagBag from /home/airflow/.local/lib/python3.12/site-packages/airflow/example_dags/example_branch_python_dop_operator_3.py
[2024-11-15T06:04:00.032+0000] {processor.py:925} INFO - DAG(s) 'example_branch_dop_operator_v3' retrieved from /home/airflow/.local/lib/python3.12/site-packages/airflow/example_dags/example_branch_python_dop_operator_3.py
[2024-11-15T06:04:00.076+0000] {logging_mixin.py:190} INFO - [2024-11-15T06:04:00.076+0000] {dag.py:3239} INFO - Sync 1 DAGs
[2024-11-15T06:04:00.131+0000] {logging_mixin.py:190} INFO - [2024-11-15T06:04:00.131+0000] {dag.py:4180} INFO - Setting next_dagrun for example_branch_dop_operator_v3 to 2024-11-15 06:03:00+00:00, run_after=2024-11-15 06:04:00+00:00
[2024-11-15T06:04:00.182+0000] {processor.py:208} INFO - Processing /home/airflow/.local/lib/python3.12/site-packages/airflow/example_dags/example_branch_python_dop_operator_3.py took 0.197 seconds
[2024-11-15T06:04:34.341+0000] {processor.py:186} INFO - Started process (PID=3174) to work on /home/airflow/.local/lib/python3.12/site-packages/airflow/example_dags/example_branch_python_dop_operator_3.py
[2024-11-15T06:04:34.344+0000] {processor.py:914} INFO - Processing file /home/airflow/.local/lib/python3.12/site-packages/airflow/example_dags/example_branch_python_dop_operator_3.py for tasks to queue
[2024-11-15T06:04:34.355+0000] {logging_mixin.py:190} INFO - [2024-11-15T06:04:34.354+0000] {dagbag.py:588} INFO - Filling up the DagBag from /home/airflow/.local/lib/python3.12/site-packages/airflow/example_dags/example_branch_python_dop_operator_3.py
[2024-11-15T06:04:34.381+0000] {processor.py:925} INFO - DAG(s) 'example_branch_dop_operator_v3' retrieved from /home/airflow/.local/lib/python3.12/site-packages/airflow/example_dags/example_branch_python_dop_operator_3.py
[2024-11-15T06:04:34.428+0000] {logging_mixin.py:190} INFO - [2024-11-15T06:04:34.428+0000] {dag.py:3239} INFO - Sync 1 DAGs
[2024-11-15T06:04:34.531+0000] {logging_mixin.py:190} INFO - [2024-11-15T06:04:34.530+0000] {dag.py:4180} INFO - Setting next_dagrun for example_branch_dop_operator_v3 to 2024-11-15 06:03:00+00:00, run_after=2024-11-15 06:04:00+00:00
[2024-11-15T06:04:34.626+0000] {processor.py:208} INFO - Processing /home/airflow/.local/lib/python3.12/site-packages/airflow/example_dags/example_branch_python_dop_operator_3.py took 0.298 seconds
[2024-11-15T06:05:06.326+0000] {processor.py:186} INFO - Started process (PID=3241) to work on /home/airflow/.local/lib/python3.12/site-packages/airflow/example_dags/example_branch_python_dop_operator_3.py
[2024-11-15T06:05:06.329+0000] {processor.py:914} INFO - Processing file /home/airflow/.local/lib/python3.12/site-packages/airflow/example_dags/example_branch_python_dop_operator_3.py for tasks to queue
[2024-11-15T06:05:06.333+0000] {logging_mixin.py:190} INFO - [2024-11-15T06:05:06.333+0000] {dagbag.py:588} INFO - Filling up the DagBag from /home/airflow/.local/lib/python3.12/site-packages/airflow/example_dags/example_branch_python_dop_operator_3.py
[2024-11-15T06:05:06.356+0000] {processor.py:925} INFO - DAG(s) 'example_branch_dop_operator_v3' retrieved from /home/airflow/.local/lib/python3.12/site-packages/airflow/example_dags/example_branch_python_dop_operator_3.py
[2024-11-15T06:05:06.396+0000] {logging_mixin.py:190} INFO - [2024-11-15T06:05:06.395+0000] {dag.py:3239} INFO - Sync 1 DAGs
[2024-11-15T06:05:06.455+0000] {logging_mixin.py:190} INFO - [2024-11-15T06:05:06.454+0000] {dag.py:4180} INFO - Setting next_dagrun for example_branch_dop_operator_v3 to 2024-11-15 06:04:00+00:00, run_after=2024-11-15 06:05:00+00:00
[2024-11-15T06:05:06.913+0000] {processor.py:208} INFO - Processing /home/airflow/.local/lib/python3.12/site-packages/airflow/example_dags/example_branch_python_dop_operator_3.py took 0.600 seconds
[2024-11-15T06:05:37.455+0000] {processor.py:186} INFO - Started process (PID=3306) to work on /home/airflow/.local/lib/python3.12/site-packages/airflow/example_dags/example_branch_python_dop_operator_3.py
[2024-11-15T06:05:37.459+0000] {processor.py:914} INFO - Processing file /home/airflow/.local/lib/python3.12/site-packages/airflow/example_dags/example_branch_python_dop_operator_3.py for tasks to queue
[2024-11-15T06:05:37.466+0000] {logging_mixin.py:190} INFO - [2024-11-15T06:05:37.465+0000] {dagbag.py:588} INFO - Filling up the DagBag from /home/airflow/.local/lib/python3.12/site-packages/airflow/example_dags/example_branch_python_dop_operator_3.py
[2024-11-15T06:05:37.508+0000] {processor.py:925} INFO - DAG(s) 'example_branch_dop_operator_v3' retrieved from /home/airflow/.local/lib/python3.12/site-packages/airflow/example_dags/example_branch_python_dop_operator_3.py
[2024-11-15T06:05:37.582+0000] {logging_mixin.py:190} INFO - [2024-11-15T06:05:37.581+0000] {dag.py:3239} INFO - Sync 1 DAGs
[2024-11-15T06:05:37.657+0000] {logging_mixin.py:190} INFO - [2024-11-15T06:05:37.656+0000] {dag.py:4180} INFO - Setting next_dagrun for example_branch_dop_operator_v3 to 2024-11-15 06:04:00+00:00, run_after=2024-11-15 06:05:00+00:00
[2024-11-15T06:05:37.699+0000] {processor.py:208} INFO - Processing /home/airflow/.local/lib/python3.12/site-packages/airflow/example_dags/example_branch_python_dop_operator_3.py took 0.262 seconds
[2024-11-15T06:06:08.432+0000] {processor.py:186} INFO - Started process (PID=3372) to work on /home/airflow/.local/lib/python3.12/site-packages/airflow/example_dags/example_branch_python_dop_operator_3.py
[2024-11-15T06:06:08.435+0000] {processor.py:914} INFO - Processing file /home/airflow/.local/lib/python3.12/site-packages/airflow/example_dags/example_branch_python_dop_operator_3.py for tasks to queue
[2024-11-15T06:06:08.440+0000] {logging_mixin.py:190} INFO - [2024-11-15T06:06:08.440+0000] {dagbag.py:588} INFO - Filling up the DagBag from /home/airflow/.local/lib/python3.12/site-packages/airflow/example_dags/example_branch_python_dop_operator_3.py
[2024-11-15T06:06:08.469+0000] {processor.py:925} INFO - DAG(s) 'example_branch_dop_operator_v3' retrieved from /home/airflow/.local/lib/python3.12/site-packages/airflow/example_dags/example_branch_python_dop_operator_3.py
[2024-11-15T06:06:08.513+0000] {logging_mixin.py:190} INFO - [2024-11-15T06:06:08.512+0000] {dag.py:3239} INFO - Sync 1 DAGs
[2024-11-15T06:06:08.571+0000] {logging_mixin.py:190} INFO - [2024-11-15T06:06:08.570+0000] {dag.py:4180} INFO - Setting next_dagrun for example_branch_dop_operator_v3 to 2024-11-15 06:05:00+00:00, run_after=2024-11-15 06:06:00+00:00
[2024-11-15T06:06:08.612+0000] {processor.py:208} INFO - Processing /home/airflow/.local/lib/python3.12/site-packages/airflow/example_dags/example_branch_python_dop_operator_3.py took 0.196 seconds
[2024-11-15T06:06:45.225+0000] {processor.py:186} INFO - Started process (PID=3437) to work on /home/airflow/.local/lib/python3.12/site-packages/airflow/example_dags/example_branch_python_dop_operator_3.py
[2024-11-15T06:06:45.228+0000] {processor.py:914} INFO - Processing file /home/airflow/.local/lib/python3.12/site-packages/airflow/example_dags/example_branch_python_dop_operator_3.py for tasks to queue
[2024-11-15T06:06:45.234+0000] {logging_mixin.py:190} INFO - [2024-11-15T06:06:45.233+0000] {dagbag.py:588} INFO - Filling up the DagBag from /home/airflow/.local/lib/python3.12/site-packages/airflow/example_dags/example_branch_python_dop_operator_3.py
[2024-11-15T06:06:45.260+0000] {processor.py:925} INFO - DAG(s) 'example_branch_dop_operator_v3' retrieved from /home/airflow/.local/lib/python3.12/site-packages/airflow/example_dags/example_branch_python_dop_operator_3.py
[2024-11-15T06:06:45.314+0000] {logging_mixin.py:190} INFO - [2024-11-15T06:06:45.314+0000] {dag.py:3239} INFO - Sync 1 DAGs
[2024-11-15T06:06:45.405+0000] {logging_mixin.py:190} INFO - [2024-11-15T06:06:45.404+0000] {dag.py:4180} INFO - Setting next_dagrun for example_branch_dop_operator_v3 to 2024-11-15 06:05:00+00:00, run_after=2024-11-15 06:06:00+00:00
[2024-11-15T06:06:45.447+0000] {processor.py:208} INFO - Processing /home/airflow/.local/lib/python3.12/site-packages/airflow/example_dags/example_branch_python_dop_operator_3.py took 0.236 seconds
[2024-11-15T06:07:18.334+0000] {processor.py:186} INFO - Started process (PID=3502) to work on /home/airflow/.local/lib/python3.12/site-packages/airflow/example_dags/example_branch_python_dop_operator_3.py
[2024-11-15T06:07:18.337+0000] {processor.py:914} INFO - Processing file /home/airflow/.local/lib/python3.12/site-packages/airflow/example_dags/example_branch_python_dop_operator_3.py for tasks to queue
[2024-11-15T06:07:18.343+0000] {logging_mixin.py:190} INFO - [2024-11-15T06:07:18.342+0000] {dagbag.py:588} INFO - Filling up the DagBag from /home/airflow/.local/lib/python3.12/site-packages/airflow/example_dags/example_branch_python_dop_operator_3.py
[2024-11-15T06:07:18.369+0000] {processor.py:925} INFO - DAG(s) 'example_branch_dop_operator_v3' retrieved from /home/airflow/.local/lib/python3.12/site-packages/airflow/example_dags/example_branch_python_dop_operator_3.py
[2024-11-15T06:07:18.408+0000] {logging_mixin.py:190} INFO - [2024-11-15T06:07:18.408+0000] {dag.py:3239} INFO - Sync 1 DAGs
[2024-11-15T06:07:18.881+0000] {logging_mixin.py:190} INFO - [2024-11-15T06:07:18.880+0000] {dag.py:4180} INFO - Setting next_dagrun for example_branch_dop_operator_v3 to 2024-11-15 06:06:00+00:00, run_after=2024-11-15 06:07:00+00:00
[2024-11-15T06:07:18.967+0000] {processor.py:208} INFO - Processing /home/airflow/.local/lib/python3.12/site-packages/airflow/example_dags/example_branch_python_dop_operator_3.py took 0.651 seconds
[2024-11-15T06:07:49.103+0000] {processor.py:186} INFO - Started process (PID=3566) to work on /home/airflow/.local/lib/python3.12/site-packages/airflow/example_dags/example_branch_python_dop_operator_3.py
[2024-11-15T06:07:49.106+0000] {processor.py:914} INFO - Processing file /home/airflow/.local/lib/python3.12/site-packages/airflow/example_dags/example_branch_python_dop_operator_3.py for tasks to queue
[2024-11-15T06:07:49.110+0000] {logging_mixin.py:190} INFO - [2024-11-15T06:07:49.110+0000] {dagbag.py:588} INFO - Filling up the DagBag from /home/airflow/.local/lib/python3.12/site-packages/airflow/example_dags/example_branch_python_dop_operator_3.py
[2024-11-15T06:07:49.132+0000] {processor.py:925} INFO - DAG(s) 'example_branch_dop_operator_v3' retrieved from /home/airflow/.local/lib/python3.12/site-packages/airflow/example_dags/example_branch_python_dop_operator_3.py
[2024-11-15T06:07:49.173+0000] {logging_mixin.py:190} INFO - [2024-11-15T06:07:49.173+0000] {dag.py:3239} INFO - Sync 1 DAGs
[2024-11-15T06:07:49.232+0000] {logging_mixin.py:190} INFO - [2024-11-15T06:07:49.231+0000] {dag.py:4180} INFO - Setting next_dagrun for example_branch_dop_operator_v3 to 2024-11-15 06:06:00+00:00, run_after=2024-11-15 06:07:00+00:00
[2024-11-15T06:07:49.275+0000] {processor.py:208} INFO - Processing /home/airflow/.local/lib/python3.12/site-packages/airflow/example_dags/example_branch_python_dop_operator_3.py took 0.183 seconds
[2024-11-15T06:08:19.848+0000] {processor.py:186} INFO - Started process (PID=3631) to work on /home/airflow/.local/lib/python3.12/site-packages/airflow/example_dags/example_branch_python_dop_operator_3.py
[2024-11-15T06:08:19.855+0000] {processor.py:914} INFO - Processing file /home/airflow/.local/lib/python3.12/site-packages/airflow/example_dags/example_branch_python_dop_operator_3.py for tasks to queue
[2024-11-15T06:08:19.868+0000] {logging_mixin.py:190} INFO - [2024-11-15T06:08:19.866+0000] {dagbag.py:588} INFO - Filling up the DagBag from /home/airflow/.local/lib/python3.12/site-packages/airflow/example_dags/example_branch_python_dop_operator_3.py
[2024-11-15T06:08:19.933+0000] {processor.py:925} INFO - DAG(s) 'example_branch_dop_operator_v3' retrieved from /home/airflow/.local/lib/python3.12/site-packages/airflow/example_dags/example_branch_python_dop_operator_3.py
[2024-11-15T06:08:20.049+0000] {logging_mixin.py:190} INFO - [2024-11-15T06:08:20.047+0000] {dag.py:3239} INFO - Sync 1 DAGs
[2024-11-15T06:08:20.137+0000] {logging_mixin.py:190} INFO - [2024-11-15T06:08:20.136+0000] {dag.py:4180} INFO - Setting next_dagrun for example_branch_dop_operator_v3 to 2024-11-15 06:07:00+00:00, run_after=2024-11-15 06:08:00+00:00
[2024-11-15T06:08:20.188+0000] {processor.py:208} INFO - Processing /home/airflow/.local/lib/python3.12/site-packages/airflow/example_dags/example_branch_python_dop_operator_3.py took 0.377 seconds
[2024-11-15T06:08:50.576+0000] {processor.py:186} INFO - Started process (PID=3696) to work on /home/airflow/.local/lib/python3.12/site-packages/airflow/example_dags/example_branch_python_dop_operator_3.py
[2024-11-15T06:08:50.584+0000] {processor.py:914} INFO - Processing file /home/airflow/.local/lib/python3.12/site-packages/airflow/example_dags/example_branch_python_dop_operator_3.py for tasks to queue
[2024-11-15T06:08:50.596+0000] {logging_mixin.py:190} INFO - [2024-11-15T06:08:50.595+0000] {dagbag.py:588} INFO - Filling up the DagBag from /home/airflow/.local/lib/python3.12/site-packages/airflow/example_dags/example_branch_python_dop_operator_3.py
[2024-11-15T06:08:50.632+0000] {processor.py:925} INFO - DAG(s) 'example_branch_dop_operator_v3' retrieved from /home/airflow/.local/lib/python3.12/site-packages/airflow/example_dags/example_branch_python_dop_operator_3.py
[2024-11-15T06:08:50.688+0000] {logging_mixin.py:190} INFO - [2024-11-15T06:08:50.688+0000] {dag.py:3239} INFO - Sync 1 DAGs
[2024-11-15T06:08:50.782+0000] {logging_mixin.py:190} INFO - [2024-11-15T06:08:50.781+0000] {dag.py:4180} INFO - Setting next_dagrun for example_branch_dop_operator_v3 to 2024-11-15 06:07:00+00:00, run_after=2024-11-15 06:08:00+00:00
[2024-11-15T06:08:50.845+0000] {processor.py:208} INFO - Processing /home/airflow/.local/lib/python3.12/site-packages/airflow/example_dags/example_branch_python_dop_operator_3.py took 0.308 seconds
[2024-11-15T06:09:21.143+0000] {processor.py:186} INFO - Started process (PID=3762) to work on /home/airflow/.local/lib/python3.12/site-packages/airflow/example_dags/example_branch_python_dop_operator_3.py
[2024-11-15T06:09:21.150+0000] {processor.py:914} INFO - Processing file /home/airflow/.local/lib/python3.12/site-packages/airflow/example_dags/example_branch_python_dop_operator_3.py for tasks to queue
[2024-11-15T06:09:21.165+0000] {logging_mixin.py:190} INFO - [2024-11-15T06:09:21.161+0000] {dagbag.py:588} INFO - Filling up the DagBag from /home/airflow/.local/lib/python3.12/site-packages/airflow/example_dags/example_branch_python_dop_operator_3.py
[2024-11-15T06:09:21.254+0000] {processor.py:925} INFO - DAG(s) 'example_branch_dop_operator_v3' retrieved from /home/airflow/.local/lib/python3.12/site-packages/airflow/example_dags/example_branch_python_dop_operator_3.py
[2024-11-15T06:09:21.293+0000] {logging_mixin.py:190} INFO - [2024-11-15T06:09:21.293+0000] {dag.py:3239} INFO - Sync 1 DAGs
[2024-11-15T06:09:21.340+0000] {logging_mixin.py:190} INFO - [2024-11-15T06:09:21.339+0000] {dag.py:4180} INFO - Setting next_dagrun for example_branch_dop_operator_v3 to 2024-11-15 06:08:00+00:00, run_after=2024-11-15 06:09:00+00:00
[2024-11-15T06:09:21.373+0000] {processor.py:208} INFO - Processing /home/airflow/.local/lib/python3.12/site-packages/airflow/example_dags/example_branch_python_dop_operator_3.py took 0.258 seconds
[2024-11-15T06:09:51.805+0000] {processor.py:186} INFO - Started process (PID=3828) to work on /home/airflow/.local/lib/python3.12/site-packages/airflow/example_dags/example_branch_python_dop_operator_3.py
[2024-11-15T06:09:51.809+0000] {processor.py:914} INFO - Processing file /home/airflow/.local/lib/python3.12/site-packages/airflow/example_dags/example_branch_python_dop_operator_3.py for tasks to queue
[2024-11-15T06:09:51.819+0000] {logging_mixin.py:190} INFO - [2024-11-15T06:09:51.817+0000] {dagbag.py:588} INFO - Filling up the DagBag from /home/airflow/.local/lib/python3.12/site-packages/airflow/example_dags/example_branch_python_dop_operator_3.py
[2024-11-15T06:09:51.865+0000] {processor.py:925} INFO - DAG(s) 'example_branch_dop_operator_v3' retrieved from /home/airflow/.local/lib/python3.12/site-packages/airflow/example_dags/example_branch_python_dop_operator_3.py
[2024-11-15T06:09:51.935+0000] {logging_mixin.py:190} INFO - [2024-11-15T06:09:51.935+0000] {dag.py:3239} INFO - Sync 1 DAGs
[2024-11-15T06:09:52.038+0000] {logging_mixin.py:190} INFO - [2024-11-15T06:09:52.037+0000] {dag.py:4180} INFO - Setting next_dagrun for example_branch_dop_operator_v3 to 2024-11-15 06:08:00+00:00, run_after=2024-11-15 06:09:00+00:00
[2024-11-15T06:09:52.073+0000] {processor.py:208} INFO - Processing /home/airflow/.local/lib/python3.12/site-packages/airflow/example_dags/example_branch_python_dop_operator_3.py took 0.287 seconds
[2024-11-15T06:10:22.440+0000] {processor.py:186} INFO - Started process (PID=3893) to work on /home/airflow/.local/lib/python3.12/site-packages/airflow/example_dags/example_branch_python_dop_operator_3.py
[2024-11-15T06:10:22.444+0000] {processor.py:914} INFO - Processing file /home/airflow/.local/lib/python3.12/site-packages/airflow/example_dags/example_branch_python_dop_operator_3.py for tasks to queue
[2024-11-15T06:10:22.450+0000] {logging_mixin.py:190} INFO - [2024-11-15T06:10:22.449+0000] {dagbag.py:588} INFO - Filling up the DagBag from /home/airflow/.local/lib/python3.12/site-packages/airflow/example_dags/example_branch_python_dop_operator_3.py
[2024-11-15T06:10:22.479+0000] {processor.py:925} INFO - DAG(s) 'example_branch_dop_operator_v3' retrieved from /home/airflow/.local/lib/python3.12/site-packages/airflow/example_dags/example_branch_python_dop_operator_3.py
[2024-11-15T06:10:22.535+0000] {logging_mixin.py:190} INFO - [2024-11-15T06:10:22.534+0000] {dag.py:3239} INFO - Sync 1 DAGs
[2024-11-15T06:10:22.651+0000] {logging_mixin.py:190} INFO - [2024-11-15T06:10:22.650+0000] {dag.py:4180} INFO - Setting next_dagrun for example_branch_dop_operator_v3 to 2024-11-15 06:09:00+00:00, run_after=2024-11-15 06:10:00+00:00
[2024-11-15T06:10:22.706+0000] {processor.py:208} INFO - Processing /home/airflow/.local/lib/python3.12/site-packages/airflow/example_dags/example_branch_python_dop_operator_3.py took 0.282 seconds
[2024-11-15T06:10:52.907+0000] {processor.py:186} INFO - Started process (PID=3958) to work on /home/airflow/.local/lib/python3.12/site-packages/airflow/example_dags/example_branch_python_dop_operator_3.py
[2024-11-15T06:10:52.911+0000] {processor.py:914} INFO - Processing file /home/airflow/.local/lib/python3.12/site-packages/airflow/example_dags/example_branch_python_dop_operator_3.py for tasks to queue
[2024-11-15T06:10:52.918+0000] {logging_mixin.py:190} INFO - [2024-11-15T06:10:52.917+0000] {dagbag.py:588} INFO - Filling up the DagBag from /home/airflow/.local/lib/python3.12/site-packages/airflow/example_dags/example_branch_python_dop_operator_3.py
[2024-11-15T06:10:52.950+0000] {processor.py:925} INFO - DAG(s) 'example_branch_dop_operator_v3' retrieved from /home/airflow/.local/lib/python3.12/site-packages/airflow/example_dags/example_branch_python_dop_operator_3.py
[2024-11-15T06:10:53.018+0000] {logging_mixin.py:190} INFO - [2024-11-15T06:10:53.017+0000] {dag.py:3239} INFO - Sync 1 DAGs
[2024-11-15T06:10:53.118+0000] {logging_mixin.py:190} INFO - [2024-11-15T06:10:53.117+0000] {dag.py:4180} INFO - Setting next_dagrun for example_branch_dop_operator_v3 to 2024-11-15 06:09:00+00:00, run_after=2024-11-15 06:10:00+00:00
[2024-11-15T06:10:53.184+0000] {processor.py:208} INFO - Processing /home/airflow/.local/lib/python3.12/site-packages/airflow/example_dags/example_branch_python_dop_operator_3.py took 0.291 seconds
[2024-11-15T06:11:24.961+0000] {processor.py:186} INFO - Started process (PID=4023) to work on /home/airflow/.local/lib/python3.12/site-packages/airflow/example_dags/example_branch_python_dop_operator_3.py
[2024-11-15T06:11:24.964+0000] {processor.py:914} INFO - Processing file /home/airflow/.local/lib/python3.12/site-packages/airflow/example_dags/example_branch_python_dop_operator_3.py for tasks to queue
[2024-11-15T06:11:24.970+0000] {logging_mixin.py:190} INFO - [2024-11-15T06:11:24.969+0000] {dagbag.py:588} INFO - Filling up the DagBag from /home/airflow/.local/lib/python3.12/site-packages/airflow/example_dags/example_branch_python_dop_operator_3.py
[2024-11-15T06:11:25.002+0000] {processor.py:925} INFO - DAG(s) 'example_branch_dop_operator_v3' retrieved from /home/airflow/.local/lib/python3.12/site-packages/airflow/example_dags/example_branch_python_dop_operator_3.py
[2024-11-15T06:11:25.042+0000] {logging_mixin.py:190} INFO - [2024-11-15T06:11:25.042+0000] {dag.py:3239} INFO - Sync 1 DAGs
[2024-11-15T06:11:25.088+0000] {logging_mixin.py:190} INFO - [2024-11-15T06:11:25.088+0000] {dag.py:4180} INFO - Setting next_dagrun for example_branch_dop_operator_v3 to 2024-11-15 06:10:00+00:00, run_after=2024-11-15 06:11:00+00:00
[2024-11-15T06:11:25.123+0000] {processor.py:208} INFO - Processing /home/airflow/.local/lib/python3.12/site-packages/airflow/example_dags/example_branch_python_dop_operator_3.py took 0.178 seconds
[2024-11-15T06:11:59.576+0000] {processor.py:186} INFO - Started process (PID=4094) to work on /home/airflow/.local/lib/python3.12/site-packages/airflow/example_dags/example_branch_python_dop_operator_3.py
[2024-11-15T06:11:59.581+0000] {processor.py:914} INFO - Processing file /home/airflow/.local/lib/python3.12/site-packages/airflow/example_dags/example_branch_python_dop_operator_3.py for tasks to queue
[2024-11-15T06:11:59.592+0000] {logging_mixin.py:190} INFO - [2024-11-15T06:11:59.590+0000] {dagbag.py:588} INFO - Filling up the DagBag from /home/airflow/.local/lib/python3.12/site-packages/airflow/example_dags/example_branch_python_dop_operator_3.py
[2024-11-15T06:11:59.659+0000] {processor.py:925} INFO - DAG(s) 'example_branch_dop_operator_v3' retrieved from /home/airflow/.local/lib/python3.12/site-packages/airflow/example_dags/example_branch_python_dop_operator_3.py
[2024-11-15T06:11:59.730+0000] {logging_mixin.py:190} INFO - [2024-11-15T06:11:59.729+0000] {dag.py:3239} INFO - Sync 1 DAGs
[2024-11-15T06:11:59.792+0000] {logging_mixin.py:190} INFO - [2024-11-15T06:11:59.791+0000] {dag.py:4180} INFO - Setting next_dagrun for example_branch_dop_operator_v3 to 2024-11-15 06:10:00+00:00, run_after=2024-11-15 06:11:00+00:00
[2024-11-15T06:11:59.850+0000] {processor.py:208} INFO - Processing /home/airflow/.local/lib/python3.12/site-packages/airflow/example_dags/example_branch_python_dop_operator_3.py took 0.300 seconds
[2024-11-15T06:12:29.952+0000] {processor.py:186} INFO - Started process (PID=4159) to work on /home/airflow/.local/lib/python3.12/site-packages/airflow/example_dags/example_branch_python_dop_operator_3.py
[2024-11-15T06:12:29.956+0000] {processor.py:914} INFO - Processing file /home/airflow/.local/lib/python3.12/site-packages/airflow/example_dags/example_branch_python_dop_operator_3.py for tasks to queue
[2024-11-15T06:12:29.962+0000] {logging_mixin.py:190} INFO - [2024-11-15T06:12:29.960+0000] {dagbag.py:588} INFO - Filling up the DagBag from /home/airflow/.local/lib/python3.12/site-packages/airflow/example_dags/example_branch_python_dop_operator_3.py
[2024-11-15T06:12:30.007+0000] {processor.py:925} INFO - DAG(s) 'example_branch_dop_operator_v3' retrieved from /home/airflow/.local/lib/python3.12/site-packages/airflow/example_dags/example_branch_python_dop_operator_3.py
[2024-11-15T06:12:30.062+0000] {logging_mixin.py:190} INFO - [2024-11-15T06:12:30.062+0000] {dag.py:3239} INFO - Sync 1 DAGs
[2024-11-15T06:12:30.127+0000] {logging_mixin.py:190} INFO - [2024-11-15T06:12:30.127+0000] {dag.py:4180} INFO - Setting next_dagrun for example_branch_dop_operator_v3 to 2024-11-15 06:11:00+00:00, run_after=2024-11-15 06:12:00+00:00
[2024-11-15T06:12:30.172+0000] {processor.py:208} INFO - Processing /home/airflow/.local/lib/python3.12/site-packages/airflow/example_dags/example_branch_python_dop_operator_3.py took 0.232 seconds
[2024-11-15T06:13:01.723+0000] {processor.py:186} INFO - Started process (PID=4225) to work on /home/airflow/.local/lib/python3.12/site-packages/airflow/example_dags/example_branch_python_dop_operator_3.py
[2024-11-15T06:13:01.725+0000] {processor.py:914} INFO - Processing file /home/airflow/.local/lib/python3.12/site-packages/airflow/example_dags/example_branch_python_dop_operator_3.py for tasks to queue
[2024-11-15T06:13:01.731+0000] {logging_mixin.py:190} INFO - [2024-11-15T06:13:01.730+0000] {dagbag.py:588} INFO - Filling up the DagBag from /home/airflow/.local/lib/python3.12/site-packages/airflow/example_dags/example_branch_python_dop_operator_3.py
[2024-11-15T06:13:01.754+0000] {processor.py:925} INFO - DAG(s) 'example_branch_dop_operator_v3' retrieved from /home/airflow/.local/lib/python3.12/site-packages/airflow/example_dags/example_branch_python_dop_operator_3.py
[2024-11-15T06:13:01.846+0000] {logging_mixin.py:190} INFO - [2024-11-15T06:13:01.845+0000] {dag.py:3239} INFO - Sync 1 DAGs
[2024-11-15T06:13:01.963+0000] {logging_mixin.py:190} INFO - [2024-11-15T06:13:01.962+0000] {dag.py:4180} INFO - Setting next_dagrun for example_branch_dop_operator_v3 to 2024-11-15 06:12:00+00:00, run_after=2024-11-15 06:13:00+00:00
[2024-11-15T06:13:02.077+0000] {processor.py:208} INFO - Processing /home/airflow/.local/lib/python3.12/site-packages/airflow/example_dags/example_branch_python_dop_operator_3.py took 0.363 seconds
[2024-11-15T06:13:36.007+0000] {processor.py:186} INFO - Started process (PID=4291) to work on /home/airflow/.local/lib/python3.12/site-packages/airflow/example_dags/example_branch_python_dop_operator_3.py
[2024-11-15T06:13:36.011+0000] {processor.py:914} INFO - Processing file /home/airflow/.local/lib/python3.12/site-packages/airflow/example_dags/example_branch_python_dop_operator_3.py for tasks to queue
[2024-11-15T06:13:36.017+0000] {logging_mixin.py:190} INFO - [2024-11-15T06:13:36.016+0000] {dagbag.py:588} INFO - Filling up the DagBag from /home/airflow/.local/lib/python3.12/site-packages/airflow/example_dags/example_branch_python_dop_operator_3.py
[2024-11-15T06:13:36.040+0000] {processor.py:925} INFO - DAG(s) 'example_branch_dop_operator_v3' retrieved from /home/airflow/.local/lib/python3.12/site-packages/airflow/example_dags/example_branch_python_dop_operator_3.py
[2024-11-15T06:13:36.100+0000] {logging_mixin.py:190} INFO - [2024-11-15T06:13:36.099+0000] {dag.py:3239} INFO - Sync 1 DAGs
[2024-11-15T06:13:36.164+0000] {logging_mixin.py:190} INFO - [2024-11-15T06:13:36.163+0000] {dag.py:4180} INFO - Setting next_dagrun for example_branch_dop_operator_v3 to 2024-11-15 06:12:00+00:00, run_after=2024-11-15 06:13:00+00:00
[2024-11-15T06:13:36.197+0000] {processor.py:208} INFO - Processing /home/airflow/.local/lib/python3.12/site-packages/airflow/example_dags/example_branch_python_dop_operator_3.py took 0.208 seconds
