[2024-11-15T05:37:43.501+0000] {processor.py:186} INFO - Started process (PID=88) to work on /home/airflow/.local/lib/python3.12/site-packages/airflow/example_dags/example_display_name.py
[2024-11-15T05:37:43.509+0000] {processor.py:914} INFO - Processing file /home/airflow/.local/lib/python3.12/site-packages/airflow/example_dags/example_display_name.py for tasks to queue
[2024-11-15T05:37:43.557+0000] {logging_mixin.py:190} INFO - [2024-11-15T05:37:43.546+0000] {dagbag.py:588} INFO - Filling up the DagBag from /home/airflow/.local/lib/python3.12/site-packages/airflow/example_dags/example_display_name.py
[2024-11-15T05:37:43.702+0000] {processor.py:925} INFO - DAG(s) 'example_display_name' retrieved from /home/airflow/.local/lib/python3.12/site-packages/airflow/example_dags/example_display_name.py
[2024-11-15T05:37:44.524+0000] {logging_mixin.py:190} INFO - [2024-11-15T05:37:44.521+0000] {dag.py:3239} INFO - Sync 1 DAGs
[2024-11-15T05:37:44.597+0000] {logging_mixin.py:190} INFO - [2024-11-15T05:37:44.597+0000] {dag.py:4180} INFO - Setting next_dagrun for example_display_name to None, run_after=None
[2024-11-15T05:37:44.702+0000] {processor.py:208} INFO - Processing /home/airflow/.local/lib/python3.12/site-packages/airflow/example_dags/example_display_name.py took 1.238 seconds
[2024-11-15T05:39:18.324+0000] {processor.py:186} INFO - Started process (PID=168) to work on /home/airflow/.local/lib/python3.12/site-packages/airflow/example_dags/example_display_name.py
[2024-11-15T05:39:18.349+0000] {processor.py:914} INFO - Processing file /home/airflow/.local/lib/python3.12/site-packages/airflow/example_dags/example_display_name.py for tasks to queue
[2024-11-15T05:39:18.369+0000] {logging_mixin.py:190} INFO - [2024-11-15T05:39:18.368+0000] {dagbag.py:588} INFO - Filling up the DagBag from /home/airflow/.local/lib/python3.12/site-packages/airflow/example_dags/example_display_name.py
[2024-11-15T05:39:18.424+0000] {processor.py:925} INFO - DAG(s) 'example_display_name' retrieved from /home/airflow/.local/lib/python3.12/site-packages/airflow/example_dags/example_display_name.py
[2024-11-15T05:39:18.541+0000] {logging_mixin.py:190} INFO - [2024-11-15T05:39:18.530+0000] {dag.py:3239} INFO - Sync 1 DAGs
[2024-11-15T05:39:18.619+0000] {logging_mixin.py:190} INFO - [2024-11-15T05:39:18.618+0000] {dag.py:4180} INFO - Setting next_dagrun for example_display_name to None, run_after=None
[2024-11-15T05:39:18.727+0000] {processor.py:208} INFO - Processing /home/airflow/.local/lib/python3.12/site-packages/airflow/example_dags/example_display_name.py took 0.439 seconds
[2024-11-15T05:39:50.082+0000] {processor.py:186} INFO - Started process (PID=233) to work on /home/airflow/.local/lib/python3.12/site-packages/airflow/example_dags/example_display_name.py
[2024-11-15T05:39:50.086+0000] {processor.py:914} INFO - Processing file /home/airflow/.local/lib/python3.12/site-packages/airflow/example_dags/example_display_name.py for tasks to queue
[2024-11-15T05:39:50.092+0000] {logging_mixin.py:190} INFO - [2024-11-15T05:39:50.091+0000] {dagbag.py:588} INFO - Filling up the DagBag from /home/airflow/.local/lib/python3.12/site-packages/airflow/example_dags/example_display_name.py
[2024-11-15T05:39:50.139+0000] {processor.py:925} INFO - DAG(s) 'example_display_name' retrieved from /home/airflow/.local/lib/python3.12/site-packages/airflow/example_dags/example_display_name.py
[2024-11-15T05:39:50.284+0000] {logging_mixin.py:190} INFO - [2024-11-15T05:39:50.283+0000] {dag.py:3239} INFO - Sync 1 DAGs
[2024-11-15T05:39:50.339+0000] {logging_mixin.py:190} INFO - [2024-11-15T05:39:50.338+0000] {dag.py:4180} INFO - Setting next_dagrun for example_display_name to None, run_after=None
[2024-11-15T05:39:50.423+0000] {processor.py:208} INFO - Processing /home/airflow/.local/lib/python3.12/site-packages/airflow/example_dags/example_display_name.py took 0.359 seconds
[2024-11-15T05:40:20.902+0000] {processor.py:186} INFO - Started process (PID=297) to work on /home/airflow/.local/lib/python3.12/site-packages/airflow/example_dags/example_display_name.py
[2024-11-15T05:40:20.907+0000] {processor.py:914} INFO - Processing file /home/airflow/.local/lib/python3.12/site-packages/airflow/example_dags/example_display_name.py for tasks to queue
[2024-11-15T05:40:20.916+0000] {logging_mixin.py:190} INFO - [2024-11-15T05:40:20.914+0000] {dagbag.py:588} INFO - Filling up the DagBag from /home/airflow/.local/lib/python3.12/site-packages/airflow/example_dags/example_display_name.py
[2024-11-15T05:40:20.968+0000] {processor.py:925} INFO - DAG(s) 'example_display_name' retrieved from /home/airflow/.local/lib/python3.12/site-packages/airflow/example_dags/example_display_name.py
[2024-11-15T05:40:21.046+0000] {logging_mixin.py:190} INFO - [2024-11-15T05:40:21.045+0000] {dag.py:3239} INFO - Sync 1 DAGs
[2024-11-15T05:40:21.123+0000] {logging_mixin.py:190} INFO - [2024-11-15T05:40:21.122+0000] {dag.py:4180} INFO - Setting next_dagrun for example_display_name to None, run_after=None
[2024-11-15T05:40:21.192+0000] {processor.py:208} INFO - Processing /home/airflow/.local/lib/python3.12/site-packages/airflow/example_dags/example_display_name.py took 0.315 seconds
[2024-11-15T05:40:54.363+0000] {processor.py:186} INFO - Started process (PID=348) to work on /home/airflow/.local/lib/python3.12/site-packages/airflow/example_dags/example_display_name.py
[2024-11-15T05:40:54.368+0000] {processor.py:914} INFO - Processing file /home/airflow/.local/lib/python3.12/site-packages/airflow/example_dags/example_display_name.py for tasks to queue
[2024-11-15T05:40:54.378+0000] {logging_mixin.py:190} INFO - [2024-11-15T05:40:54.376+0000] {dagbag.py:588} INFO - Filling up the DagBag from /home/airflow/.local/lib/python3.12/site-packages/airflow/example_dags/example_display_name.py
[2024-11-15T05:40:54.409+0000] {processor.py:925} INFO - DAG(s) 'example_display_name' retrieved from /home/airflow/.local/lib/python3.12/site-packages/airflow/example_dags/example_display_name.py
[2024-11-15T05:40:54.473+0000] {logging_mixin.py:190} INFO - [2024-11-15T05:40:54.472+0000] {dag.py:3239} INFO - Sync 1 DAGs
[2024-11-15T05:40:54.525+0000] {logging_mixin.py:190} INFO - [2024-11-15T05:40:54.524+0000] {dag.py:4180} INFO - Setting next_dagrun for example_display_name to None, run_after=None
[2024-11-15T05:40:54.614+0000] {processor.py:208} INFO - Processing /home/airflow/.local/lib/python3.12/site-packages/airflow/example_dags/example_display_name.py took 0.272 seconds
[2024-11-15T05:41:25.426+0000] {processor.py:186} INFO - Started process (PID=413) to work on /home/airflow/.local/lib/python3.12/site-packages/airflow/example_dags/example_display_name.py
[2024-11-15T05:41:25.433+0000] {processor.py:914} INFO - Processing file /home/airflow/.local/lib/python3.12/site-packages/airflow/example_dags/example_display_name.py for tasks to queue
[2024-11-15T05:41:25.446+0000] {logging_mixin.py:190} INFO - [2024-11-15T05:41:25.445+0000] {dagbag.py:588} INFO - Filling up the DagBag from /home/airflow/.local/lib/python3.12/site-packages/airflow/example_dags/example_display_name.py
[2024-11-15T05:41:25.483+0000] {processor.py:925} INFO - DAG(s) 'example_display_name' retrieved from /home/airflow/.local/lib/python3.12/site-packages/airflow/example_dags/example_display_name.py
[2024-11-15T05:41:25.543+0000] {logging_mixin.py:190} INFO - [2024-11-15T05:41:25.543+0000] {dag.py:3239} INFO - Sync 1 DAGs
[2024-11-15T05:41:25.629+0000] {logging_mixin.py:190} INFO - [2024-11-15T05:41:25.629+0000] {dag.py:4180} INFO - Setting next_dagrun for example_display_name to None, run_after=None
[2024-11-15T05:41:25.712+0000] {processor.py:208} INFO - Processing /home/airflow/.local/lib/python3.12/site-packages/airflow/example_dags/example_display_name.py took 0.310 seconds
[2024-11-15T05:41:56.427+0000] {processor.py:186} INFO - Started process (PID=484) to work on /home/airflow/.local/lib/python3.12/site-packages/airflow/example_dags/example_display_name.py
[2024-11-15T05:41:56.431+0000] {processor.py:914} INFO - Processing file /home/airflow/.local/lib/python3.12/site-packages/airflow/example_dags/example_display_name.py for tasks to queue
[2024-11-15T05:41:56.438+0000] {logging_mixin.py:190} INFO - [2024-11-15T05:41:56.437+0000] {dagbag.py:588} INFO - Filling up the DagBag from /home/airflow/.local/lib/python3.12/site-packages/airflow/example_dags/example_display_name.py
[2024-11-15T05:41:56.461+0000] {processor.py:925} INFO - DAG(s) 'example_display_name' retrieved from /home/airflow/.local/lib/python3.12/site-packages/airflow/example_dags/example_display_name.py
[2024-11-15T05:41:56.516+0000] {logging_mixin.py:190} INFO - [2024-11-15T05:41:56.516+0000] {dag.py:3239} INFO - Sync 1 DAGs
[2024-11-15T05:41:56.549+0000] {logging_mixin.py:190} INFO - [2024-11-15T05:41:56.549+0000] {dag.py:4180} INFO - Setting next_dagrun for example_display_name to None, run_after=None
[2024-11-15T05:41:56.585+0000] {processor.py:208} INFO - Processing /home/airflow/.local/lib/python3.12/site-packages/airflow/example_dags/example_display_name.py took 0.177 seconds
[2024-11-15T05:42:27.405+0000] {processor.py:186} INFO - Started process (PID=549) to work on /home/airflow/.local/lib/python3.12/site-packages/airflow/example_dags/example_display_name.py
[2024-11-15T05:42:27.408+0000] {processor.py:914} INFO - Processing file /home/airflow/.local/lib/python3.12/site-packages/airflow/example_dags/example_display_name.py for tasks to queue
[2024-11-15T05:42:27.414+0000] {logging_mixin.py:190} INFO - [2024-11-15T05:42:27.413+0000] {dagbag.py:588} INFO - Filling up the DagBag from /home/airflow/.local/lib/python3.12/site-packages/airflow/example_dags/example_display_name.py
[2024-11-15T05:42:27.433+0000] {processor.py:925} INFO - DAG(s) 'example_display_name' retrieved from /home/airflow/.local/lib/python3.12/site-packages/airflow/example_dags/example_display_name.py
[2024-11-15T05:42:27.478+0000] {logging_mixin.py:190} INFO - [2024-11-15T05:42:27.478+0000] {dag.py:3239} INFO - Sync 1 DAGs
[2024-11-15T05:42:27.509+0000] {logging_mixin.py:190} INFO - [2024-11-15T05:42:27.509+0000] {dag.py:4180} INFO - Setting next_dagrun for example_display_name to None, run_after=None
[2024-11-15T05:42:27.541+0000] {processor.py:208} INFO - Processing /home/airflow/.local/lib/python3.12/site-packages/airflow/example_dags/example_display_name.py took 0.158 seconds
[2024-11-15T05:42:58.840+0000] {processor.py:186} INFO - Started process (PID=613) to work on /home/airflow/.local/lib/python3.12/site-packages/airflow/example_dags/example_display_name.py
[2024-11-15T05:42:58.843+0000] {processor.py:914} INFO - Processing file /home/airflow/.local/lib/python3.12/site-packages/airflow/example_dags/example_display_name.py for tasks to queue
[2024-11-15T05:42:58.851+0000] {logging_mixin.py:190} INFO - [2024-11-15T05:42:58.850+0000] {dagbag.py:588} INFO - Filling up the DagBag from /home/airflow/.local/lib/python3.12/site-packages/airflow/example_dags/example_display_name.py
[2024-11-15T05:42:58.876+0000] {processor.py:925} INFO - DAG(s) 'example_display_name' retrieved from /home/airflow/.local/lib/python3.12/site-packages/airflow/example_dags/example_display_name.py
[2024-11-15T05:42:58.920+0000] {logging_mixin.py:190} INFO - [2024-11-15T05:42:58.919+0000] {dag.py:3239} INFO - Sync 1 DAGs
[2024-11-15T05:42:58.965+0000] {logging_mixin.py:190} INFO - [2024-11-15T05:42:58.964+0000] {dag.py:4180} INFO - Setting next_dagrun for example_display_name to None, run_after=None
[2024-11-15T05:42:59.021+0000] {processor.py:208} INFO - Processing /home/airflow/.local/lib/python3.12/site-packages/airflow/example_dags/example_display_name.py took 0.200 seconds
[2024-11-15T05:43:29.455+0000] {processor.py:186} INFO - Started process (PID=677) to work on /home/airflow/.local/lib/python3.12/site-packages/airflow/example_dags/example_display_name.py
[2024-11-15T05:43:29.457+0000] {processor.py:914} INFO - Processing file /home/airflow/.local/lib/python3.12/site-packages/airflow/example_dags/example_display_name.py for tasks to queue
[2024-11-15T05:43:29.462+0000] {logging_mixin.py:190} INFO - [2024-11-15T05:43:29.461+0000] {dagbag.py:588} INFO - Filling up the DagBag from /home/airflow/.local/lib/python3.12/site-packages/airflow/example_dags/example_display_name.py
[2024-11-15T05:43:29.478+0000] {processor.py:925} INFO - DAG(s) 'example_display_name' retrieved from /home/airflow/.local/lib/python3.12/site-packages/airflow/example_dags/example_display_name.py
[2024-11-15T05:43:29.518+0000] {logging_mixin.py:190} INFO - [2024-11-15T05:43:29.517+0000] {dag.py:3239} INFO - Sync 1 DAGs
[2024-11-15T05:43:29.556+0000] {logging_mixin.py:190} INFO - [2024-11-15T05:43:29.556+0000] {dag.py:4180} INFO - Setting next_dagrun for example_display_name to None, run_after=None
[2024-11-15T05:43:29.606+0000] {processor.py:208} INFO - Processing /home/airflow/.local/lib/python3.12/site-packages/airflow/example_dags/example_display_name.py took 0.163 seconds
[2024-11-15T05:44:01.199+0000] {processor.py:186} INFO - Started process (PID=743) to work on /home/airflow/.local/lib/python3.12/site-packages/airflow/example_dags/example_display_name.py
[2024-11-15T05:44:01.203+0000] {processor.py:914} INFO - Processing file /home/airflow/.local/lib/python3.12/site-packages/airflow/example_dags/example_display_name.py for tasks to queue
[2024-11-15T05:44:01.216+0000] {logging_mixin.py:190} INFO - [2024-11-15T05:44:01.214+0000] {dagbag.py:588} INFO - Filling up the DagBag from /home/airflow/.local/lib/python3.12/site-packages/airflow/example_dags/example_display_name.py
[2024-11-15T05:44:01.241+0000] {processor.py:925} INFO - DAG(s) 'example_display_name' retrieved from /home/airflow/.local/lib/python3.12/site-packages/airflow/example_dags/example_display_name.py
[2024-11-15T05:44:01.308+0000] {logging_mixin.py:190} INFO - [2024-11-15T05:44:01.307+0000] {dag.py:3239} INFO - Sync 1 DAGs
[2024-11-15T05:44:01.376+0000] {logging_mixin.py:190} INFO - [2024-11-15T05:44:01.375+0000] {dag.py:4180} INFO - Setting next_dagrun for example_display_name to None, run_after=None
[2024-11-15T05:44:01.457+0000] {processor.py:208} INFO - Processing /home/airflow/.local/lib/python3.12/site-packages/airflow/example_dags/example_display_name.py took 0.277 seconds
[2024-11-15T05:44:32.252+0000] {processor.py:186} INFO - Started process (PID=808) to work on /home/airflow/.local/lib/python3.12/site-packages/airflow/example_dags/example_display_name.py
[2024-11-15T05:44:32.255+0000] {processor.py:914} INFO - Processing file /home/airflow/.local/lib/python3.12/site-packages/airflow/example_dags/example_display_name.py for tasks to queue
[2024-11-15T05:44:32.261+0000] {logging_mixin.py:190} INFO - [2024-11-15T05:44:32.260+0000] {dagbag.py:588} INFO - Filling up the DagBag from /home/airflow/.local/lib/python3.12/site-packages/airflow/example_dags/example_display_name.py
[2024-11-15T05:44:32.278+0000] {processor.py:925} INFO - DAG(s) 'example_display_name' retrieved from /home/airflow/.local/lib/python3.12/site-packages/airflow/example_dags/example_display_name.py
[2024-11-15T05:44:32.314+0000] {logging_mixin.py:190} INFO - [2024-11-15T05:44:32.314+0000] {dag.py:3239} INFO - Sync 1 DAGs
[2024-11-15T05:44:32.344+0000] {logging_mixin.py:190} INFO - [2024-11-15T05:44:32.344+0000] {dag.py:4180} INFO - Setting next_dagrun for example_display_name to None, run_after=None
[2024-11-15T05:44:32.385+0000] {processor.py:208} INFO - Processing /home/airflow/.local/lib/python3.12/site-packages/airflow/example_dags/example_display_name.py took 0.149 seconds
[2024-11-15T05:45:03.603+0000] {processor.py:186} INFO - Started process (PID=873) to work on /home/airflow/.local/lib/python3.12/site-packages/airflow/example_dags/example_display_name.py
[2024-11-15T05:45:03.607+0000] {processor.py:914} INFO - Processing file /home/airflow/.local/lib/python3.12/site-packages/airflow/example_dags/example_display_name.py for tasks to queue
[2024-11-15T05:45:03.613+0000] {logging_mixin.py:190} INFO - [2024-11-15T05:45:03.611+0000] {dagbag.py:588} INFO - Filling up the DagBag from /home/airflow/.local/lib/python3.12/site-packages/airflow/example_dags/example_display_name.py
[2024-11-15T05:45:03.634+0000] {processor.py:925} INFO - DAG(s) 'example_display_name' retrieved from /home/airflow/.local/lib/python3.12/site-packages/airflow/example_dags/example_display_name.py
[2024-11-15T05:45:03.683+0000] {logging_mixin.py:190} INFO - [2024-11-15T05:45:03.683+0000] {dag.py:3239} INFO - Sync 1 DAGs
[2024-11-15T05:45:03.721+0000] {logging_mixin.py:190} INFO - [2024-11-15T05:45:03.721+0000] {dag.py:4180} INFO - Setting next_dagrun for example_display_name to None, run_after=None
[2024-11-15T05:45:03.764+0000] {processor.py:208} INFO - Processing /home/airflow/.local/lib/python3.12/site-packages/airflow/example_dags/example_display_name.py took 0.174 seconds
[2024-11-15T05:45:34.852+0000] {processor.py:186} INFO - Started process (PID=938) to work on /home/airflow/.local/lib/python3.12/site-packages/airflow/example_dags/example_display_name.py
[2024-11-15T05:45:34.855+0000] {processor.py:914} INFO - Processing file /home/airflow/.local/lib/python3.12/site-packages/airflow/example_dags/example_display_name.py for tasks to queue
[2024-11-15T05:45:34.863+0000] {logging_mixin.py:190} INFO - [2024-11-15T05:45:34.862+0000] {dagbag.py:588} INFO - Filling up the DagBag from /home/airflow/.local/lib/python3.12/site-packages/airflow/example_dags/example_display_name.py
[2024-11-15T05:45:34.883+0000] {processor.py:925} INFO - DAG(s) 'example_display_name' retrieved from /home/airflow/.local/lib/python3.12/site-packages/airflow/example_dags/example_display_name.py
[2024-11-15T05:45:34.930+0000] {logging_mixin.py:190} INFO - [2024-11-15T05:45:34.930+0000] {dag.py:3239} INFO - Sync 1 DAGs
[2024-11-15T05:45:34.970+0000] {logging_mixin.py:190} INFO - [2024-11-15T05:45:34.969+0000] {dag.py:4180} INFO - Setting next_dagrun for example_display_name to None, run_after=None
[2024-11-15T05:45:35.075+0000] {processor.py:208} INFO - Processing /home/airflow/.local/lib/python3.12/site-packages/airflow/example_dags/example_display_name.py took 0.238 seconds
[2024-11-15T05:46:05.573+0000] {processor.py:186} INFO - Started process (PID=1003) to work on /home/airflow/.local/lib/python3.12/site-packages/airflow/example_dags/example_display_name.py
[2024-11-15T05:46:05.576+0000] {processor.py:914} INFO - Processing file /home/airflow/.local/lib/python3.12/site-packages/airflow/example_dags/example_display_name.py for tasks to queue
[2024-11-15T05:46:05.580+0000] {logging_mixin.py:190} INFO - [2024-11-15T05:46:05.579+0000] {dagbag.py:588} INFO - Filling up the DagBag from /home/airflow/.local/lib/python3.12/site-packages/airflow/example_dags/example_display_name.py
[2024-11-15T05:46:05.598+0000] {processor.py:925} INFO - DAG(s) 'example_display_name' retrieved from /home/airflow/.local/lib/python3.12/site-packages/airflow/example_dags/example_display_name.py
[2024-11-15T05:46:05.638+0000] {logging_mixin.py:190} INFO - [2024-11-15T05:46:05.637+0000] {dag.py:3239} INFO - Sync 1 DAGs
[2024-11-15T05:46:05.665+0000] {logging_mixin.py:190} INFO - [2024-11-15T05:46:05.664+0000] {dag.py:4180} INFO - Setting next_dagrun for example_display_name to None, run_after=None
[2024-11-15T05:46:05.701+0000] {processor.py:208} INFO - Processing /home/airflow/.local/lib/python3.12/site-packages/airflow/example_dags/example_display_name.py took 0.139 seconds
[2024-11-15T05:46:36.355+0000] {processor.py:186} INFO - Started process (PID=1068) to work on /home/airflow/.local/lib/python3.12/site-packages/airflow/example_dags/example_display_name.py
[2024-11-15T05:46:36.358+0000] {processor.py:914} INFO - Processing file /home/airflow/.local/lib/python3.12/site-packages/airflow/example_dags/example_display_name.py for tasks to queue
[2024-11-15T05:46:36.363+0000] {logging_mixin.py:190} INFO - [2024-11-15T05:46:36.362+0000] {dagbag.py:588} INFO - Filling up the DagBag from /home/airflow/.local/lib/python3.12/site-packages/airflow/example_dags/example_display_name.py
[2024-11-15T05:46:36.380+0000] {processor.py:925} INFO - DAG(s) 'example_display_name' retrieved from /home/airflow/.local/lib/python3.12/site-packages/airflow/example_dags/example_display_name.py
[2024-11-15T05:46:36.428+0000] {logging_mixin.py:190} INFO - [2024-11-15T05:46:36.427+0000] {dag.py:3239} INFO - Sync 1 DAGs
[2024-11-15T05:46:36.470+0000] {logging_mixin.py:190} INFO - [2024-11-15T05:46:36.470+0000] {dag.py:4180} INFO - Setting next_dagrun for example_display_name to None, run_after=None
[2024-11-15T05:46:36.520+0000] {processor.py:208} INFO - Processing /home/airflow/.local/lib/python3.12/site-packages/airflow/example_dags/example_display_name.py took 0.177 seconds
[2024-11-15T05:47:07.310+0000] {processor.py:186} INFO - Started process (PID=1133) to work on /home/airflow/.local/lib/python3.12/site-packages/airflow/example_dags/example_display_name.py
[2024-11-15T05:47:07.313+0000] {processor.py:914} INFO - Processing file /home/airflow/.local/lib/python3.12/site-packages/airflow/example_dags/example_display_name.py for tasks to queue
[2024-11-15T05:47:07.318+0000] {logging_mixin.py:190} INFO - [2024-11-15T05:47:07.317+0000] {dagbag.py:588} INFO - Filling up the DagBag from /home/airflow/.local/lib/python3.12/site-packages/airflow/example_dags/example_display_name.py
[2024-11-15T05:47:07.336+0000] {processor.py:925} INFO - DAG(s) 'example_display_name' retrieved from /home/airflow/.local/lib/python3.12/site-packages/airflow/example_dags/example_display_name.py
[2024-11-15T05:47:07.379+0000] {logging_mixin.py:190} INFO - [2024-11-15T05:47:07.378+0000] {dag.py:3239} INFO - Sync 1 DAGs
[2024-11-15T05:47:07.428+0000] {logging_mixin.py:190} INFO - [2024-11-15T05:47:07.427+0000] {dag.py:4180} INFO - Setting next_dagrun for example_display_name to None, run_after=None
[2024-11-15T05:47:07.468+0000] {processor.py:208} INFO - Processing /home/airflow/.local/lib/python3.12/site-packages/airflow/example_dags/example_display_name.py took 0.169 seconds
[2024-11-15T05:47:38.969+0000] {processor.py:186} INFO - Started process (PID=1198) to work on /home/airflow/.local/lib/python3.12/site-packages/airflow/example_dags/example_display_name.py
[2024-11-15T05:47:38.973+0000] {processor.py:914} INFO - Processing file /home/airflow/.local/lib/python3.12/site-packages/airflow/example_dags/example_display_name.py for tasks to queue
[2024-11-15T05:47:38.978+0000] {logging_mixin.py:190} INFO - [2024-11-15T05:47:38.977+0000] {dagbag.py:588} INFO - Filling up the DagBag from /home/airflow/.local/lib/python3.12/site-packages/airflow/example_dags/example_display_name.py
[2024-11-15T05:47:39.005+0000] {processor.py:925} INFO - DAG(s) 'example_display_name' retrieved from /home/airflow/.local/lib/python3.12/site-packages/airflow/example_dags/example_display_name.py
[2024-11-15T05:47:39.055+0000] {logging_mixin.py:190} INFO - [2024-11-15T05:47:39.054+0000] {dag.py:3239} INFO - Sync 1 DAGs
[2024-11-15T05:47:39.096+0000] {logging_mixin.py:190} INFO - [2024-11-15T05:47:39.095+0000] {dag.py:4180} INFO - Setting next_dagrun for example_display_name to None, run_after=None
[2024-11-15T05:47:39.135+0000] {processor.py:208} INFO - Processing /home/airflow/.local/lib/python3.12/site-packages/airflow/example_dags/example_display_name.py took 0.182 seconds
[2024-11-15T05:48:09.625+0000] {processor.py:186} INFO - Started process (PID=1262) to work on /home/airflow/.local/lib/python3.12/site-packages/airflow/example_dags/example_display_name.py
[2024-11-15T05:48:09.628+0000] {processor.py:914} INFO - Processing file /home/airflow/.local/lib/python3.12/site-packages/airflow/example_dags/example_display_name.py for tasks to queue
[2024-11-15T05:48:09.634+0000] {logging_mixin.py:190} INFO - [2024-11-15T05:48:09.633+0000] {dagbag.py:588} INFO - Filling up the DagBag from /home/airflow/.local/lib/python3.12/site-packages/airflow/example_dags/example_display_name.py
[2024-11-15T05:48:09.653+0000] {processor.py:925} INFO - DAG(s) 'example_display_name' retrieved from /home/airflow/.local/lib/python3.12/site-packages/airflow/example_dags/example_display_name.py
[2024-11-15T05:48:09.694+0000] {logging_mixin.py:190} INFO - [2024-11-15T05:48:09.693+0000] {dag.py:3239} INFO - Sync 1 DAGs
[2024-11-15T05:48:09.731+0000] {logging_mixin.py:190} INFO - [2024-11-15T05:48:09.730+0000] {dag.py:4180} INFO - Setting next_dagrun for example_display_name to None, run_after=None
[2024-11-15T05:48:09.778+0000] {processor.py:208} INFO - Processing /home/airflow/.local/lib/python3.12/site-packages/airflow/example_dags/example_display_name.py took 0.168 seconds
[2024-11-15T05:48:40.014+0000] {processor.py:186} INFO - Started process (PID=1326) to work on /home/airflow/.local/lib/python3.12/site-packages/airflow/example_dags/example_display_name.py
[2024-11-15T05:48:40.023+0000] {processor.py:914} INFO - Processing file /home/airflow/.local/lib/python3.12/site-packages/airflow/example_dags/example_display_name.py for tasks to queue
[2024-11-15T05:48:40.036+0000] {logging_mixin.py:190} INFO - [2024-11-15T05:48:40.034+0000] {dagbag.py:588} INFO - Filling up the DagBag from /home/airflow/.local/lib/python3.12/site-packages/airflow/example_dags/example_display_name.py
[2024-11-15T05:48:40.107+0000] {processor.py:925} INFO - DAG(s) 'example_display_name' retrieved from /home/airflow/.local/lib/python3.12/site-packages/airflow/example_dags/example_display_name.py
[2024-11-15T05:48:40.172+0000] {logging_mixin.py:190} INFO - [2024-11-15T05:48:40.171+0000] {dag.py:3239} INFO - Sync 1 DAGs
[2024-11-15T05:48:40.238+0000] {logging_mixin.py:190} INFO - [2024-11-15T05:48:40.237+0000] {dag.py:4180} INFO - Setting next_dagrun for example_display_name to None, run_after=None
[2024-11-15T05:48:40.304+0000] {processor.py:208} INFO - Processing /home/airflow/.local/lib/python3.12/site-packages/airflow/example_dags/example_display_name.py took 0.313 seconds
[2024-11-15T05:49:10.542+0000] {processor.py:186} INFO - Started process (PID=1390) to work on /home/airflow/.local/lib/python3.12/site-packages/airflow/example_dags/example_display_name.py
[2024-11-15T05:49:10.545+0000] {processor.py:914} INFO - Processing file /home/airflow/.local/lib/python3.12/site-packages/airflow/example_dags/example_display_name.py for tasks to queue
[2024-11-15T05:49:10.550+0000] {logging_mixin.py:190} INFO - [2024-11-15T05:49:10.549+0000] {dagbag.py:588} INFO - Filling up the DagBag from /home/airflow/.local/lib/python3.12/site-packages/airflow/example_dags/example_display_name.py
[2024-11-15T05:49:10.569+0000] {processor.py:925} INFO - DAG(s) 'example_display_name' retrieved from /home/airflow/.local/lib/python3.12/site-packages/airflow/example_dags/example_display_name.py
[2024-11-15T05:49:10.606+0000] {logging_mixin.py:190} INFO - [2024-11-15T05:49:10.605+0000] {dag.py:3239} INFO - Sync 1 DAGs
[2024-11-15T05:49:10.635+0000] {logging_mixin.py:190} INFO - [2024-11-15T05:49:10.634+0000] {dag.py:4180} INFO - Setting next_dagrun for example_display_name to None, run_after=None
[2024-11-15T05:49:10.671+0000] {processor.py:208} INFO - Processing /home/airflow/.local/lib/python3.12/site-packages/airflow/example_dags/example_display_name.py took 0.142 seconds
[2024-11-15T05:50:12.788+0000] {processor.py:186} INFO - Started process (PID=1459) to work on /home/airflow/.local/lib/python3.12/site-packages/airflow/example_dags/example_display_name.py
[2024-11-15T05:50:12.793+0000] {processor.py:914} INFO - Processing file /home/airflow/.local/lib/python3.12/site-packages/airflow/example_dags/example_display_name.py for tasks to queue
[2024-11-15T05:50:12.800+0000] {logging_mixin.py:190} INFO - [2024-11-15T05:50:12.799+0000] {dagbag.py:588} INFO - Filling up the DagBag from /home/airflow/.local/lib/python3.12/site-packages/airflow/example_dags/example_display_name.py
[2024-11-15T05:50:12.825+0000] {processor.py:925} INFO - DAG(s) 'example_display_name' retrieved from /home/airflow/.local/lib/python3.12/site-packages/airflow/example_dags/example_display_name.py
[2024-11-15T05:50:12.892+0000] {logging_mixin.py:190} INFO - [2024-11-15T05:50:12.891+0000] {dag.py:3239} INFO - Sync 1 DAGs
[2024-11-15T05:50:12.935+0000] {logging_mixin.py:190} INFO - [2024-11-15T05:50:12.934+0000] {dag.py:4180} INFO - Setting next_dagrun for example_display_name to None, run_after=None
[2024-11-15T05:50:13.000+0000] {processor.py:208} INFO - Processing /home/airflow/.local/lib/python3.12/site-packages/airflow/example_dags/example_display_name.py took 0.238 seconds
[2024-11-15T05:50:44.800+0000] {processor.py:186} INFO - Started process (PID=1525) to work on /home/airflow/.local/lib/python3.12/site-packages/airflow/example_dags/example_display_name.py
[2024-11-15T05:50:44.804+0000] {processor.py:914} INFO - Processing file /home/airflow/.local/lib/python3.12/site-packages/airflow/example_dags/example_display_name.py for tasks to queue
[2024-11-15T05:50:44.810+0000] {logging_mixin.py:190} INFO - [2024-11-15T05:50:44.809+0000] {dagbag.py:588} INFO - Filling up the DagBag from /home/airflow/.local/lib/python3.12/site-packages/airflow/example_dags/example_display_name.py
[2024-11-15T05:50:44.831+0000] {processor.py:925} INFO - DAG(s) 'example_display_name' retrieved from /home/airflow/.local/lib/python3.12/site-packages/airflow/example_dags/example_display_name.py
[2024-11-15T05:50:44.878+0000] {logging_mixin.py:190} INFO - [2024-11-15T05:50:44.877+0000] {dag.py:3239} INFO - Sync 1 DAGs
[2024-11-15T05:50:44.920+0000] {logging_mixin.py:190} INFO - [2024-11-15T05:50:44.919+0000] {dag.py:4180} INFO - Setting next_dagrun for example_display_name to None, run_after=None
[2024-11-15T05:50:44.974+0000] {processor.py:208} INFO - Processing /home/airflow/.local/lib/python3.12/site-packages/airflow/example_dags/example_display_name.py took 0.188 seconds
[2024-11-15T05:51:17.508+0000] {processor.py:186} INFO - Started process (PID=1591) to work on /home/airflow/.local/lib/python3.12/site-packages/airflow/example_dags/example_display_name.py
[2024-11-15T05:51:17.511+0000] {processor.py:914} INFO - Processing file /home/airflow/.local/lib/python3.12/site-packages/airflow/example_dags/example_display_name.py for tasks to queue
[2024-11-15T05:51:17.516+0000] {logging_mixin.py:190} INFO - [2024-11-15T05:51:17.515+0000] {dagbag.py:588} INFO - Filling up the DagBag from /home/airflow/.local/lib/python3.12/site-packages/airflow/example_dags/example_display_name.py
[2024-11-15T05:51:17.532+0000] {processor.py:925} INFO - DAG(s) 'example_display_name' retrieved from /home/airflow/.local/lib/python3.12/site-packages/airflow/example_dags/example_display_name.py
[2024-11-15T05:51:17.568+0000] {logging_mixin.py:190} INFO - [2024-11-15T05:51:17.568+0000] {dag.py:3239} INFO - Sync 1 DAGs
[2024-11-15T05:51:17.600+0000] {logging_mixin.py:190} INFO - [2024-11-15T05:51:17.600+0000] {dag.py:4180} INFO - Setting next_dagrun for example_display_name to None, run_after=None
[2024-11-15T05:51:17.642+0000] {processor.py:208} INFO - Processing /home/airflow/.local/lib/python3.12/site-packages/airflow/example_dags/example_display_name.py took 0.152 seconds
[2024-11-15T05:51:49.994+0000] {processor.py:186} INFO - Started process (PID=1656) to work on /home/airflow/.local/lib/python3.12/site-packages/airflow/example_dags/example_display_name.py
[2024-11-15T05:51:49.998+0000] {processor.py:914} INFO - Processing file /home/airflow/.local/lib/python3.12/site-packages/airflow/example_dags/example_display_name.py for tasks to queue
[2024-11-15T05:51:50.006+0000] {logging_mixin.py:190} INFO - [2024-11-15T05:51:50.005+0000] {dagbag.py:588} INFO - Filling up the DagBag from /home/airflow/.local/lib/python3.12/site-packages/airflow/example_dags/example_display_name.py
[2024-11-15T05:51:50.029+0000] {processor.py:925} INFO - DAG(s) 'example_display_name' retrieved from /home/airflow/.local/lib/python3.12/site-packages/airflow/example_dags/example_display_name.py
[2024-11-15T05:51:50.074+0000] {logging_mixin.py:190} INFO - [2024-11-15T05:51:50.074+0000] {dag.py:3239} INFO - Sync 1 DAGs
[2024-11-15T05:51:50.114+0000] {logging_mixin.py:190} INFO - [2024-11-15T05:51:50.114+0000] {dag.py:4180} INFO - Setting next_dagrun for example_display_name to None, run_after=None
[2024-11-15T05:51:50.160+0000] {processor.py:208} INFO - Processing /home/airflow/.local/lib/python3.12/site-packages/airflow/example_dags/example_display_name.py took 0.186 seconds
[2024-11-15T05:52:22.907+0000] {processor.py:186} INFO - Started process (PID=1718) to work on /home/airflow/.local/lib/python3.12/site-packages/airflow/example_dags/example_display_name.py
[2024-11-15T05:52:22.910+0000] {processor.py:914} INFO - Processing file /home/airflow/.local/lib/python3.12/site-packages/airflow/example_dags/example_display_name.py for tasks to queue
[2024-11-15T05:52:22.916+0000] {logging_mixin.py:190} INFO - [2024-11-15T05:52:22.915+0000] {dagbag.py:588} INFO - Filling up the DagBag from /home/airflow/.local/lib/python3.12/site-packages/airflow/example_dags/example_display_name.py
[2024-11-15T05:52:22.934+0000] {processor.py:925} INFO - DAG(s) 'example_display_name' retrieved from /home/airflow/.local/lib/python3.12/site-packages/airflow/example_dags/example_display_name.py
[2024-11-15T05:52:22.973+0000] {logging_mixin.py:190} INFO - [2024-11-15T05:52:22.973+0000] {dag.py:3239} INFO - Sync 1 DAGs
[2024-11-15T05:52:22.998+0000] {logging_mixin.py:190} INFO - [2024-11-15T05:52:22.998+0000] {dag.py:4180} INFO - Setting next_dagrun for example_display_name to None, run_after=None
[2024-11-15T05:52:23.031+0000] {processor.py:208} INFO - Processing /home/airflow/.local/lib/python3.12/site-packages/airflow/example_dags/example_display_name.py took 0.138 seconds
[2024-11-15T05:52:56.007+0000] {processor.py:186} INFO - Started process (PID=1784) to work on /home/airflow/.local/lib/python3.12/site-packages/airflow/example_dags/example_display_name.py
[2024-11-15T05:52:56.018+0000] {processor.py:914} INFO - Processing file /home/airflow/.local/lib/python3.12/site-packages/airflow/example_dags/example_display_name.py for tasks to queue
[2024-11-15T05:52:56.037+0000] {logging_mixin.py:190} INFO - [2024-11-15T05:52:56.036+0000] {dagbag.py:588} INFO - Filling up the DagBag from /home/airflow/.local/lib/python3.12/site-packages/airflow/example_dags/example_display_name.py
[2024-11-15T05:52:56.083+0000] {processor.py:925} INFO - DAG(s) 'example_display_name' retrieved from /home/airflow/.local/lib/python3.12/site-packages/airflow/example_dags/example_display_name.py
[2024-11-15T05:52:56.137+0000] {logging_mixin.py:190} INFO - [2024-11-15T05:52:56.137+0000] {dag.py:3239} INFO - Sync 1 DAGs
[2024-11-15T05:52:56.177+0000] {logging_mixin.py:190} INFO - [2024-11-15T05:52:56.177+0000] {dag.py:4180} INFO - Setting next_dagrun for example_display_name to None, run_after=None
[2024-11-15T05:52:56.224+0000] {processor.py:208} INFO - Processing /home/airflow/.local/lib/python3.12/site-packages/airflow/example_dags/example_display_name.py took 0.251 seconds
[2024-11-15T05:53:27.510+0000] {processor.py:186} INFO - Started process (PID=1849) to work on /home/airflow/.local/lib/python3.12/site-packages/airflow/example_dags/example_display_name.py
[2024-11-15T05:53:27.514+0000] {processor.py:914} INFO - Processing file /home/airflow/.local/lib/python3.12/site-packages/airflow/example_dags/example_display_name.py for tasks to queue
[2024-11-15T05:53:27.520+0000] {logging_mixin.py:190} INFO - [2024-11-15T05:53:27.519+0000] {dagbag.py:588} INFO - Filling up the DagBag from /home/airflow/.local/lib/python3.12/site-packages/airflow/example_dags/example_display_name.py
[2024-11-15T05:53:27.543+0000] {processor.py:925} INFO - DAG(s) 'example_display_name' retrieved from /home/airflow/.local/lib/python3.12/site-packages/airflow/example_dags/example_display_name.py
[2024-11-15T05:53:27.590+0000] {logging_mixin.py:190} INFO - [2024-11-15T05:53:27.589+0000] {dag.py:3239} INFO - Sync 1 DAGs
[2024-11-15T05:53:27.616+0000] {logging_mixin.py:190} INFO - [2024-11-15T05:53:27.616+0000] {dag.py:4180} INFO - Setting next_dagrun for example_display_name to None, run_after=None
[2024-11-15T05:53:27.650+0000] {processor.py:208} INFO - Processing /home/airflow/.local/lib/python3.12/site-packages/airflow/example_dags/example_display_name.py took 0.164 seconds
[2024-11-15T05:53:58.647+0000] {processor.py:186} INFO - Started process (PID=1912) to work on /home/airflow/.local/lib/python3.12/site-packages/airflow/example_dags/example_display_name.py
[2024-11-15T05:53:58.654+0000] {processor.py:914} INFO - Processing file /home/airflow/.local/lib/python3.12/site-packages/airflow/example_dags/example_display_name.py for tasks to queue
[2024-11-15T05:53:58.665+0000] {logging_mixin.py:190} INFO - [2024-11-15T05:53:58.663+0000] {dagbag.py:588} INFO - Filling up the DagBag from /home/airflow/.local/lib/python3.12/site-packages/airflow/example_dags/example_display_name.py
[2024-11-15T05:53:58.706+0000] {processor.py:925} INFO - DAG(s) 'example_display_name' retrieved from /home/airflow/.local/lib/python3.12/site-packages/airflow/example_dags/example_display_name.py
[2024-11-15T05:53:58.778+0000] {logging_mixin.py:190} INFO - [2024-11-15T05:53:58.777+0000] {dag.py:3239} INFO - Sync 1 DAGs
[2024-11-15T05:53:58.820+0000] {logging_mixin.py:190} INFO - [2024-11-15T05:53:58.819+0000] {dag.py:4180} INFO - Setting next_dagrun for example_display_name to None, run_after=None
[2024-11-15T05:53:58.860+0000] {processor.py:208} INFO - Processing /home/airflow/.local/lib/python3.12/site-packages/airflow/example_dags/example_display_name.py took 0.242 seconds
[2024-11-15T05:54:29.385+0000] {processor.py:186} INFO - Started process (PID=1976) to work on /home/airflow/.local/lib/python3.12/site-packages/airflow/example_dags/example_display_name.py
[2024-11-15T05:54:29.389+0000] {processor.py:914} INFO - Processing file /home/airflow/.local/lib/python3.12/site-packages/airflow/example_dags/example_display_name.py for tasks to queue
[2024-11-15T05:54:29.395+0000] {logging_mixin.py:190} INFO - [2024-11-15T05:54:29.394+0000] {dagbag.py:588} INFO - Filling up the DagBag from /home/airflow/.local/lib/python3.12/site-packages/airflow/example_dags/example_display_name.py
[2024-11-15T05:54:29.435+0000] {processor.py:925} INFO - DAG(s) 'example_display_name' retrieved from /home/airflow/.local/lib/python3.12/site-packages/airflow/example_dags/example_display_name.py
[2024-11-15T05:54:29.518+0000] {logging_mixin.py:190} INFO - [2024-11-15T05:54:29.517+0000] {dag.py:3239} INFO - Sync 1 DAGs
[2024-11-15T05:54:29.593+0000] {logging_mixin.py:190} INFO - [2024-11-15T05:54:29.592+0000] {dag.py:4180} INFO - Setting next_dagrun for example_display_name to None, run_after=None
[2024-11-15T05:54:29.664+0000] {processor.py:208} INFO - Processing /home/airflow/.local/lib/python3.12/site-packages/airflow/example_dags/example_display_name.py took 0.294 seconds
[2024-11-15T05:55:00.558+0000] {processor.py:186} INFO - Started process (PID=2041) to work on /home/airflow/.local/lib/python3.12/site-packages/airflow/example_dags/example_display_name.py
[2024-11-15T05:55:00.560+0000] {processor.py:914} INFO - Processing file /home/airflow/.local/lib/python3.12/site-packages/airflow/example_dags/example_display_name.py for tasks to queue
[2024-11-15T05:55:00.566+0000] {logging_mixin.py:190} INFO - [2024-11-15T05:55:00.565+0000] {dagbag.py:588} INFO - Filling up the DagBag from /home/airflow/.local/lib/python3.12/site-packages/airflow/example_dags/example_display_name.py
[2024-11-15T05:55:00.592+0000] {processor.py:925} INFO - DAG(s) 'example_display_name' retrieved from /home/airflow/.local/lib/python3.12/site-packages/airflow/example_dags/example_display_name.py
[2024-11-15T05:55:00.757+0000] {logging_mixin.py:190} INFO - [2024-11-15T05:55:00.756+0000] {dag.py:3239} INFO - Sync 1 DAGs
[2024-11-15T05:55:00.840+0000] {logging_mixin.py:190} INFO - [2024-11-15T05:55:00.839+0000] {dag.py:4180} INFO - Setting next_dagrun for example_display_name to None, run_after=None
[2024-11-15T05:55:00.916+0000] {processor.py:208} INFO - Processing /home/airflow/.local/lib/python3.12/site-packages/airflow/example_dags/example_display_name.py took 0.372 seconds
[2024-11-15T05:55:37.477+0000] {processor.py:186} INFO - Started process (PID=2105) to work on /home/airflow/.local/lib/python3.12/site-packages/airflow/example_dags/example_display_name.py
[2024-11-15T05:55:37.480+0000] {processor.py:914} INFO - Processing file /home/airflow/.local/lib/python3.12/site-packages/airflow/example_dags/example_display_name.py for tasks to queue
[2024-11-15T05:55:37.485+0000] {logging_mixin.py:190} INFO - [2024-11-15T05:55:37.485+0000] {dagbag.py:588} INFO - Filling up the DagBag from /home/airflow/.local/lib/python3.12/site-packages/airflow/example_dags/example_display_name.py
[2024-11-15T05:55:37.503+0000] {processor.py:925} INFO - DAG(s) 'example_display_name' retrieved from /home/airflow/.local/lib/python3.12/site-packages/airflow/example_dags/example_display_name.py
[2024-11-15T05:55:37.543+0000] {logging_mixin.py:190} INFO - [2024-11-15T05:55:37.543+0000] {dag.py:3239} INFO - Sync 1 DAGs
[2024-11-15T05:55:37.580+0000] {logging_mixin.py:190} INFO - [2024-11-15T05:55:37.580+0000] {dag.py:4180} INFO - Setting next_dagrun for example_display_name to None, run_after=None
[2024-11-15T05:55:37.636+0000] {processor.py:208} INFO - Processing /home/airflow/.local/lib/python3.12/site-packages/airflow/example_dags/example_display_name.py took 0.174 seconds
[2024-11-15T05:56:08.701+0000] {processor.py:186} INFO - Started process (PID=2170) to work on /home/airflow/.local/lib/python3.12/site-packages/airflow/example_dags/example_display_name.py
[2024-11-15T05:56:08.704+0000] {processor.py:914} INFO - Processing file /home/airflow/.local/lib/python3.12/site-packages/airflow/example_dags/example_display_name.py for tasks to queue
[2024-11-15T05:56:08.711+0000] {logging_mixin.py:190} INFO - [2024-11-15T05:56:08.710+0000] {dagbag.py:588} INFO - Filling up the DagBag from /home/airflow/.local/lib/python3.12/site-packages/airflow/example_dags/example_display_name.py
[2024-11-15T05:56:08.735+0000] {processor.py:925} INFO - DAG(s) 'example_display_name' retrieved from /home/airflow/.local/lib/python3.12/site-packages/airflow/example_dags/example_display_name.py
[2024-11-15T05:56:08.790+0000] {logging_mixin.py:190} INFO - [2024-11-15T05:56:08.789+0000] {dag.py:3239} INFO - Sync 1 DAGs
[2024-11-15T05:56:08.839+0000] {logging_mixin.py:190} INFO - [2024-11-15T05:56:08.838+0000] {dag.py:4180} INFO - Setting next_dagrun for example_display_name to None, run_after=None
[2024-11-15T05:56:08.890+0000] {processor.py:208} INFO - Processing /home/airflow/.local/lib/python3.12/site-packages/airflow/example_dags/example_display_name.py took 0.204 seconds
[2024-11-15T05:56:40.513+0000] {processor.py:186} INFO - Started process (PID=2227) to work on /home/airflow/.local/lib/python3.12/site-packages/airflow/example_dags/example_display_name.py
[2024-11-15T05:56:40.517+0000] {processor.py:914} INFO - Processing file /home/airflow/.local/lib/python3.12/site-packages/airflow/example_dags/example_display_name.py for tasks to queue
[2024-11-15T05:56:40.528+0000] {logging_mixin.py:190} INFO - [2024-11-15T05:56:40.523+0000] {dagbag.py:588} INFO - Filling up the DagBag from /home/airflow/.local/lib/python3.12/site-packages/airflow/example_dags/example_display_name.py
[2024-11-15T05:56:40.552+0000] {processor.py:925} INFO - DAG(s) 'example_display_name' retrieved from /home/airflow/.local/lib/python3.12/site-packages/airflow/example_dags/example_display_name.py
[2024-11-15T05:56:40.605+0000] {logging_mixin.py:190} INFO - [2024-11-15T05:56:40.604+0000] {dag.py:3239} INFO - Sync 1 DAGs
[2024-11-15T05:56:40.644+0000] {logging_mixin.py:190} INFO - [2024-11-15T05:56:40.644+0000] {dag.py:4180} INFO - Setting next_dagrun for example_display_name to None, run_after=None
[2024-11-15T05:56:40.684+0000] {processor.py:208} INFO - Processing /home/airflow/.local/lib/python3.12/site-packages/airflow/example_dags/example_display_name.py took 0.194 seconds
[2024-11-15T05:57:12.827+0000] {processor.py:186} INFO - Started process (PID=2290) to work on /home/airflow/.local/lib/python3.12/site-packages/airflow/example_dags/example_display_name.py
[2024-11-15T05:57:12.831+0000] {processor.py:914} INFO - Processing file /home/airflow/.local/lib/python3.12/site-packages/airflow/example_dags/example_display_name.py for tasks to queue
[2024-11-15T05:57:12.839+0000] {logging_mixin.py:190} INFO - [2024-11-15T05:57:12.838+0000] {dagbag.py:588} INFO - Filling up the DagBag from /home/airflow/.local/lib/python3.12/site-packages/airflow/example_dags/example_display_name.py
[2024-11-15T05:57:12.858+0000] {processor.py:925} INFO - DAG(s) 'example_display_name' retrieved from /home/airflow/.local/lib/python3.12/site-packages/airflow/example_dags/example_display_name.py
[2024-11-15T05:57:12.908+0000] {logging_mixin.py:190} INFO - [2024-11-15T05:57:12.907+0000] {dag.py:3239} INFO - Sync 1 DAGs
[2024-11-15T05:57:12.944+0000] {logging_mixin.py:190} INFO - [2024-11-15T05:57:12.944+0000] {dag.py:4180} INFO - Setting next_dagrun for example_display_name to None, run_after=None
[2024-11-15T05:57:12.988+0000] {processor.py:208} INFO - Processing /home/airflow/.local/lib/python3.12/site-packages/airflow/example_dags/example_display_name.py took 0.178 seconds
[2024-11-15T05:57:43.253+0000] {processor.py:186} INFO - Started process (PID=2352) to work on /home/airflow/.local/lib/python3.12/site-packages/airflow/example_dags/example_display_name.py
[2024-11-15T05:57:43.256+0000] {processor.py:914} INFO - Processing file /home/airflow/.local/lib/python3.12/site-packages/airflow/example_dags/example_display_name.py for tasks to queue
[2024-11-15T05:57:43.261+0000] {logging_mixin.py:190} INFO - [2024-11-15T05:57:43.261+0000] {dagbag.py:588} INFO - Filling up the DagBag from /home/airflow/.local/lib/python3.12/site-packages/airflow/example_dags/example_display_name.py
[2024-11-15T05:57:43.278+0000] {processor.py:925} INFO - DAG(s) 'example_display_name' retrieved from /home/airflow/.local/lib/python3.12/site-packages/airflow/example_dags/example_display_name.py
[2024-11-15T05:57:43.320+0000] {logging_mixin.py:190} INFO - [2024-11-15T05:57:43.319+0000] {dag.py:3239} INFO - Sync 1 DAGs
[2024-11-15T05:57:43.353+0000] {logging_mixin.py:190} INFO - [2024-11-15T05:57:43.353+0000] {dag.py:4180} INFO - Setting next_dagrun for example_display_name to None, run_after=None
[2024-11-15T05:57:43.395+0000] {processor.py:208} INFO - Processing /home/airflow/.local/lib/python3.12/site-packages/airflow/example_dags/example_display_name.py took 0.159 seconds
[2024-11-15T05:58:15.378+0000] {processor.py:186} INFO - Started process (PID=2410) to work on /home/airflow/.local/lib/python3.12/site-packages/airflow/example_dags/example_display_name.py
[2024-11-15T05:58:15.388+0000] {processor.py:914} INFO - Processing file /home/airflow/.local/lib/python3.12/site-packages/airflow/example_dags/example_display_name.py for tasks to queue
[2024-11-15T05:58:15.394+0000] {logging_mixin.py:190} INFO - [2024-11-15T05:58:15.393+0000] {dagbag.py:588} INFO - Filling up the DagBag from /home/airflow/.local/lib/python3.12/site-packages/airflow/example_dags/example_display_name.py
[2024-11-15T05:58:15.417+0000] {processor.py:925} INFO - DAG(s) 'example_display_name' retrieved from /home/airflow/.local/lib/python3.12/site-packages/airflow/example_dags/example_display_name.py
[2024-11-15T05:58:15.473+0000] {logging_mixin.py:190} INFO - [2024-11-15T05:58:15.472+0000] {dag.py:3239} INFO - Sync 1 DAGs
[2024-11-15T05:58:15.510+0000] {logging_mixin.py:190} INFO - [2024-11-15T05:58:15.509+0000] {dag.py:4180} INFO - Setting next_dagrun for example_display_name to None, run_after=None
[2024-11-15T05:58:15.548+0000] {processor.py:208} INFO - Processing /home/airflow/.local/lib/python3.12/site-packages/airflow/example_dags/example_display_name.py took 0.187 seconds
[2024-11-15T05:58:47.374+0000] {processor.py:186} INFO - Started process (PID=2475) to work on /home/airflow/.local/lib/python3.12/site-packages/airflow/example_dags/example_display_name.py
[2024-11-15T05:58:47.377+0000] {processor.py:914} INFO - Processing file /home/airflow/.local/lib/python3.12/site-packages/airflow/example_dags/example_display_name.py for tasks to queue
[2024-11-15T05:58:47.381+0000] {logging_mixin.py:190} INFO - [2024-11-15T05:58:47.381+0000] {dagbag.py:588} INFO - Filling up the DagBag from /home/airflow/.local/lib/python3.12/site-packages/airflow/example_dags/example_display_name.py
[2024-11-15T05:58:47.398+0000] {processor.py:925} INFO - DAG(s) 'example_display_name' retrieved from /home/airflow/.local/lib/python3.12/site-packages/airflow/example_dags/example_display_name.py
[2024-11-15T05:58:47.437+0000] {logging_mixin.py:190} INFO - [2024-11-15T05:58:47.437+0000] {dag.py:3239} INFO - Sync 1 DAGs
[2024-11-15T05:58:47.471+0000] {logging_mixin.py:190} INFO - [2024-11-15T05:58:47.471+0000] {dag.py:4180} INFO - Setting next_dagrun for example_display_name to None, run_after=None
[2024-11-15T05:58:47.506+0000] {processor.py:208} INFO - Processing /home/airflow/.local/lib/python3.12/site-packages/airflow/example_dags/example_display_name.py took 0.145 seconds
[2024-11-15T05:59:19.968+0000] {processor.py:186} INFO - Started process (PID=2546) to work on /home/airflow/.local/lib/python3.12/site-packages/airflow/example_dags/example_display_name.py
[2024-11-15T05:59:19.973+0000] {processor.py:914} INFO - Processing file /home/airflow/.local/lib/python3.12/site-packages/airflow/example_dags/example_display_name.py for tasks to queue
[2024-11-15T05:59:19.979+0000] {logging_mixin.py:190} INFO - [2024-11-15T05:59:19.978+0000] {dagbag.py:588} INFO - Filling up the DagBag from /home/airflow/.local/lib/python3.12/site-packages/airflow/example_dags/example_display_name.py
[2024-11-15T05:59:19.995+0000] {processor.py:925} INFO - DAG(s) 'example_display_name' retrieved from /home/airflow/.local/lib/python3.12/site-packages/airflow/example_dags/example_display_name.py
[2024-11-15T05:59:20.036+0000] {logging_mixin.py:190} INFO - [2024-11-15T05:59:20.035+0000] {dag.py:3239} INFO - Sync 1 DAGs
[2024-11-15T05:59:20.067+0000] {logging_mixin.py:190} INFO - [2024-11-15T05:59:20.066+0000] {dag.py:4180} INFO - Setting next_dagrun for example_display_name to None, run_after=None
[2024-11-15T05:59:20.111+0000] {processor.py:208} INFO - Processing /home/airflow/.local/lib/python3.12/site-packages/airflow/example_dags/example_display_name.py took 0.154 seconds
[2024-11-15T05:59:53.215+0000] {processor.py:186} INFO - Started process (PID=2610) to work on /home/airflow/.local/lib/python3.12/site-packages/airflow/example_dags/example_display_name.py
[2024-11-15T05:59:53.219+0000] {processor.py:914} INFO - Processing file /home/airflow/.local/lib/python3.12/site-packages/airflow/example_dags/example_display_name.py for tasks to queue
[2024-11-15T05:59:53.225+0000] {logging_mixin.py:190} INFO - [2024-11-15T05:59:53.224+0000] {dagbag.py:588} INFO - Filling up the DagBag from /home/airflow/.local/lib/python3.12/site-packages/airflow/example_dags/example_display_name.py
[2024-11-15T05:59:53.245+0000] {processor.py:925} INFO - DAG(s) 'example_display_name' retrieved from /home/airflow/.local/lib/python3.12/site-packages/airflow/example_dags/example_display_name.py
[2024-11-15T05:59:53.294+0000] {logging_mixin.py:190} INFO - [2024-11-15T05:59:53.294+0000] {dag.py:3239} INFO - Sync 1 DAGs
[2024-11-15T05:59:53.338+0000] {logging_mixin.py:190} INFO - [2024-11-15T05:59:53.337+0000] {dag.py:4180} INFO - Setting next_dagrun for example_display_name to None, run_after=None
[2024-11-15T05:59:53.392+0000] {processor.py:208} INFO - Processing /home/airflow/.local/lib/python3.12/site-packages/airflow/example_dags/example_display_name.py took 0.193 seconds
[2024-11-15T06:00:23.862+0000] {processor.py:186} INFO - Started process (PID=2673) to work on /home/airflow/.local/lib/python3.12/site-packages/airflow/example_dags/example_display_name.py
[2024-11-15T06:00:23.868+0000] {processor.py:914} INFO - Processing file /home/airflow/.local/lib/python3.12/site-packages/airflow/example_dags/example_display_name.py for tasks to queue
[2024-11-15T06:00:23.873+0000] {logging_mixin.py:190} INFO - [2024-11-15T06:00:23.873+0000] {dagbag.py:588} INFO - Filling up the DagBag from /home/airflow/.local/lib/python3.12/site-packages/airflow/example_dags/example_display_name.py
[2024-11-15T06:00:23.898+0000] {processor.py:925} INFO - DAG(s) 'example_display_name' retrieved from /home/airflow/.local/lib/python3.12/site-packages/airflow/example_dags/example_display_name.py
[2024-11-15T06:00:23.945+0000] {logging_mixin.py:190} INFO - [2024-11-15T06:00:23.945+0000] {dag.py:3239} INFO - Sync 1 DAGs
[2024-11-15T06:00:23.984+0000] {logging_mixin.py:190} INFO - [2024-11-15T06:00:23.983+0000] {dag.py:4180} INFO - Setting next_dagrun for example_display_name to None, run_after=None
[2024-11-15T06:00:24.033+0000] {processor.py:208} INFO - Processing /home/airflow/.local/lib/python3.12/site-packages/airflow/example_dags/example_display_name.py took 0.186 seconds
[2024-11-15T06:00:55.182+0000] {processor.py:186} INFO - Started process (PID=2736) to work on /home/airflow/.local/lib/python3.12/site-packages/airflow/example_dags/example_display_name.py
[2024-11-15T06:00:55.186+0000] {processor.py:914} INFO - Processing file /home/airflow/.local/lib/python3.12/site-packages/airflow/example_dags/example_display_name.py for tasks to queue
[2024-11-15T06:00:55.192+0000] {logging_mixin.py:190} INFO - [2024-11-15T06:00:55.191+0000] {dagbag.py:588} INFO - Filling up the DagBag from /home/airflow/.local/lib/python3.12/site-packages/airflow/example_dags/example_display_name.py
[2024-11-15T06:00:55.212+0000] {processor.py:925} INFO - DAG(s) 'example_display_name' retrieved from /home/airflow/.local/lib/python3.12/site-packages/airflow/example_dags/example_display_name.py
[2024-11-15T06:00:55.257+0000] {logging_mixin.py:190} INFO - [2024-11-15T06:00:55.256+0000] {dag.py:3239} INFO - Sync 1 DAGs
[2024-11-15T06:00:55.294+0000] {logging_mixin.py:190} INFO - [2024-11-15T06:00:55.293+0000] {dag.py:4180} INFO - Setting next_dagrun for example_display_name to None, run_after=None
[2024-11-15T06:00:55.340+0000] {processor.py:208} INFO - Processing /home/airflow/.local/lib/python3.12/site-packages/airflow/example_dags/example_display_name.py took 0.172 seconds
[2024-11-15T06:01:25.705+0000] {processor.py:186} INFO - Started process (PID=2799) to work on /home/airflow/.local/lib/python3.12/site-packages/airflow/example_dags/example_display_name.py
[2024-11-15T06:01:25.709+0000] {processor.py:914} INFO - Processing file /home/airflow/.local/lib/python3.12/site-packages/airflow/example_dags/example_display_name.py for tasks to queue
[2024-11-15T06:01:25.723+0000] {logging_mixin.py:190} INFO - [2024-11-15T06:01:25.718+0000] {dagbag.py:588} INFO - Filling up the DagBag from /home/airflow/.local/lib/python3.12/site-packages/airflow/example_dags/example_display_name.py
[2024-11-15T06:01:25.756+0000] {processor.py:925} INFO - DAG(s) 'example_display_name' retrieved from /home/airflow/.local/lib/python3.12/site-packages/airflow/example_dags/example_display_name.py
[2024-11-15T06:01:25.816+0000] {logging_mixin.py:190} INFO - [2024-11-15T06:01:25.815+0000] {dag.py:3239} INFO - Sync 1 DAGs
[2024-11-15T06:01:25.870+0000] {logging_mixin.py:190} INFO - [2024-11-15T06:01:25.869+0000] {dag.py:4180} INFO - Setting next_dagrun for example_display_name to None, run_after=None
[2024-11-15T06:01:25.928+0000] {processor.py:208} INFO - Processing /home/airflow/.local/lib/python3.12/site-packages/airflow/example_dags/example_display_name.py took 0.242 seconds
[2024-11-15T06:01:56.216+0000] {processor.py:186} INFO - Started process (PID=2864) to work on /home/airflow/.local/lib/python3.12/site-packages/airflow/example_dags/example_display_name.py
[2024-11-15T06:01:56.220+0000] {processor.py:914} INFO - Processing file /home/airflow/.local/lib/python3.12/site-packages/airflow/example_dags/example_display_name.py for tasks to queue
[2024-11-15T06:01:56.226+0000] {logging_mixin.py:190} INFO - [2024-11-15T06:01:56.225+0000] {dagbag.py:588} INFO - Filling up the DagBag from /home/airflow/.local/lib/python3.12/site-packages/airflow/example_dags/example_display_name.py
[2024-11-15T06:01:56.250+0000] {processor.py:925} INFO - DAG(s) 'example_display_name' retrieved from /home/airflow/.local/lib/python3.12/site-packages/airflow/example_dags/example_display_name.py
[2024-11-15T06:01:56.295+0000] {logging_mixin.py:190} INFO - [2024-11-15T06:01:56.295+0000] {dag.py:3239} INFO - Sync 1 DAGs
[2024-11-15T06:01:56.330+0000] {logging_mixin.py:190} INFO - [2024-11-15T06:01:56.330+0000] {dag.py:4180} INFO - Setting next_dagrun for example_display_name to None, run_after=None
[2024-11-15T06:01:56.375+0000] {processor.py:208} INFO - Processing /home/airflow/.local/lib/python3.12/site-packages/airflow/example_dags/example_display_name.py took 0.183 seconds
[2024-11-15T06:02:28.678+0000] {processor.py:186} INFO - Started process (PID=2929) to work on /home/airflow/.local/lib/python3.12/site-packages/airflow/example_dags/example_display_name.py
[2024-11-15T06:02:28.686+0000] {processor.py:914} INFO - Processing file /home/airflow/.local/lib/python3.12/site-packages/airflow/example_dags/example_display_name.py for tasks to queue
[2024-11-15T06:02:28.710+0000] {logging_mixin.py:190} INFO - [2024-11-15T06:02:28.709+0000] {dagbag.py:588} INFO - Filling up the DagBag from /home/airflow/.local/lib/python3.12/site-packages/airflow/example_dags/example_display_name.py
[2024-11-15T06:02:28.774+0000] {processor.py:925} INFO - DAG(s) 'example_display_name' retrieved from /home/airflow/.local/lib/python3.12/site-packages/airflow/example_dags/example_display_name.py
[2024-11-15T06:02:28.912+0000] {logging_mixin.py:190} INFO - [2024-11-15T06:02:28.911+0000] {dag.py:3239} INFO - Sync 1 DAGs
[2024-11-15T06:02:29.069+0000] {logging_mixin.py:190} INFO - [2024-11-15T06:02:29.067+0000] {dag.py:4180} INFO - Setting next_dagrun for example_display_name to None, run_after=None
[2024-11-15T06:02:29.210+0000] {processor.py:208} INFO - Processing /home/airflow/.local/lib/python3.12/site-packages/airflow/example_dags/example_display_name.py took 0.572 seconds
[2024-11-15T06:03:00.549+0000] {processor.py:186} INFO - Started process (PID=2994) to work on /home/airflow/.local/lib/python3.12/site-packages/airflow/example_dags/example_display_name.py
[2024-11-15T06:03:00.558+0000] {processor.py:914} INFO - Processing file /home/airflow/.local/lib/python3.12/site-packages/airflow/example_dags/example_display_name.py for tasks to queue
[2024-11-15T06:03:00.567+0000] {logging_mixin.py:190} INFO - [2024-11-15T06:03:00.564+0000] {dagbag.py:588} INFO - Filling up the DagBag from /home/airflow/.local/lib/python3.12/site-packages/airflow/example_dags/example_display_name.py
[2024-11-15T06:03:00.600+0000] {processor.py:925} INFO - DAG(s) 'example_display_name' retrieved from /home/airflow/.local/lib/python3.12/site-packages/airflow/example_dags/example_display_name.py
[2024-11-15T06:03:00.660+0000] {logging_mixin.py:190} INFO - [2024-11-15T06:03:00.659+0000] {dag.py:3239} INFO - Sync 1 DAGs
[2024-11-15T06:03:00.726+0000] {logging_mixin.py:190} INFO - [2024-11-15T06:03:00.726+0000] {dag.py:4180} INFO - Setting next_dagrun for example_display_name to None, run_after=None
[2024-11-15T06:03:00.833+0000] {processor.py:208} INFO - Processing /home/airflow/.local/lib/python3.12/site-packages/airflow/example_dags/example_display_name.py took 0.304 seconds
[2024-11-15T06:03:31.358+0000] {processor.py:186} INFO - Started process (PID=3060) to work on /home/airflow/.local/lib/python3.12/site-packages/airflow/example_dags/example_display_name.py
[2024-11-15T06:03:31.364+0000] {processor.py:914} INFO - Processing file /home/airflow/.local/lib/python3.12/site-packages/airflow/example_dags/example_display_name.py for tasks to queue
[2024-11-15T06:03:31.381+0000] {logging_mixin.py:190} INFO - [2024-11-15T06:03:31.379+0000] {dagbag.py:588} INFO - Filling up the DagBag from /home/airflow/.local/lib/python3.12/site-packages/airflow/example_dags/example_display_name.py
[2024-11-15T06:03:31.463+0000] {processor.py:925} INFO - DAG(s) 'example_display_name' retrieved from /home/airflow/.local/lib/python3.12/site-packages/airflow/example_dags/example_display_name.py
[2024-11-15T06:03:31.538+0000] {logging_mixin.py:190} INFO - [2024-11-15T06:03:31.537+0000] {dag.py:3239} INFO - Sync 1 DAGs
[2024-11-15T06:03:31.598+0000] {logging_mixin.py:190} INFO - [2024-11-15T06:03:31.598+0000] {dag.py:4180} INFO - Setting next_dagrun for example_display_name to None, run_after=None
[2024-11-15T06:03:31.654+0000] {processor.py:208} INFO - Processing /home/airflow/.local/lib/python3.12/site-packages/airflow/example_dags/example_display_name.py took 0.342 seconds
[2024-11-15T06:04:02.514+0000] {processor.py:186} INFO - Started process (PID=3122) to work on /home/airflow/.local/lib/python3.12/site-packages/airflow/example_dags/example_display_name.py
[2024-11-15T06:04:02.522+0000] {processor.py:914} INFO - Processing file /home/airflow/.local/lib/python3.12/site-packages/airflow/example_dags/example_display_name.py for tasks to queue
[2024-11-15T06:04:02.529+0000] {logging_mixin.py:190} INFO - [2024-11-15T06:04:02.528+0000] {dagbag.py:588} INFO - Filling up the DagBag from /home/airflow/.local/lib/python3.12/site-packages/airflow/example_dags/example_display_name.py
[2024-11-15T06:04:02.557+0000] {processor.py:925} INFO - DAG(s) 'example_display_name' retrieved from /home/airflow/.local/lib/python3.12/site-packages/airflow/example_dags/example_display_name.py
[2024-11-15T06:04:02.600+0000] {logging_mixin.py:190} INFO - [2024-11-15T06:04:02.600+0000] {dag.py:3239} INFO - Sync 1 DAGs
[2024-11-15T06:04:02.654+0000] {logging_mixin.py:190} INFO - [2024-11-15T06:04:02.654+0000] {dag.py:4180} INFO - Setting next_dagrun for example_display_name to None, run_after=None
[2024-11-15T06:04:02.699+0000] {processor.py:208} INFO - Processing /home/airflow/.local/lib/python3.12/site-packages/airflow/example_dags/example_display_name.py took 0.199 seconds
[2024-11-15T06:04:35.167+0000] {processor.py:186} INFO - Started process (PID=3177) to work on /home/airflow/.local/lib/python3.12/site-packages/airflow/example_dags/example_display_name.py
[2024-11-15T06:04:35.174+0000] {processor.py:914} INFO - Processing file /home/airflow/.local/lib/python3.12/site-packages/airflow/example_dags/example_display_name.py for tasks to queue
[2024-11-15T06:04:35.182+0000] {logging_mixin.py:190} INFO - [2024-11-15T06:04:35.181+0000] {dagbag.py:588} INFO - Filling up the DagBag from /home/airflow/.local/lib/python3.12/site-packages/airflow/example_dags/example_display_name.py
[2024-11-15T06:04:35.218+0000] {processor.py:925} INFO - DAG(s) 'example_display_name' retrieved from /home/airflow/.local/lib/python3.12/site-packages/airflow/example_dags/example_display_name.py
[2024-11-15T06:04:35.292+0000] {logging_mixin.py:190} INFO - [2024-11-15T06:04:35.292+0000] {dag.py:3239} INFO - Sync 1 DAGs
[2024-11-15T06:04:35.351+0000] {logging_mixin.py:190} INFO - [2024-11-15T06:04:35.351+0000] {dag.py:4180} INFO - Setting next_dagrun for example_display_name to None, run_after=None
[2024-11-15T06:04:35.404+0000] {processor.py:208} INFO - Processing /home/airflow/.local/lib/python3.12/site-packages/airflow/example_dags/example_display_name.py took 0.261 seconds
[2024-11-15T06:05:06.049+0000] {processor.py:186} INFO - Started process (PID=3239) to work on /home/airflow/.local/lib/python3.12/site-packages/airflow/example_dags/example_display_name.py
[2024-11-15T06:05:06.052+0000] {processor.py:914} INFO - Processing file /home/airflow/.local/lib/python3.12/site-packages/airflow/example_dags/example_display_name.py for tasks to queue
[2024-11-15T06:05:06.057+0000] {logging_mixin.py:190} INFO - [2024-11-15T06:05:06.057+0000] {dagbag.py:588} INFO - Filling up the DagBag from /home/airflow/.local/lib/python3.12/site-packages/airflow/example_dags/example_display_name.py
[2024-11-15T06:05:06.080+0000] {processor.py:925} INFO - DAG(s) 'example_display_name' retrieved from /home/airflow/.local/lib/python3.12/site-packages/airflow/example_dags/example_display_name.py
[2024-11-15T06:05:06.149+0000] {logging_mixin.py:190} INFO - [2024-11-15T06:05:06.148+0000] {dag.py:3239} INFO - Sync 1 DAGs
[2024-11-15T06:05:06.192+0000] {logging_mixin.py:190} INFO - [2024-11-15T06:05:06.191+0000] {dag.py:4180} INFO - Setting next_dagrun for example_display_name to None, run_after=None
[2024-11-15T06:05:06.246+0000] {processor.py:208} INFO - Processing /home/airflow/.local/lib/python3.12/site-packages/airflow/example_dags/example_display_name.py took 0.212 seconds
[2024-11-15T06:05:36.861+0000] {processor.py:186} INFO - Started process (PID=3303) to work on /home/airflow/.local/lib/python3.12/site-packages/airflow/example_dags/example_display_name.py
[2024-11-15T06:05:36.865+0000] {processor.py:914} INFO - Processing file /home/airflow/.local/lib/python3.12/site-packages/airflow/example_dags/example_display_name.py for tasks to queue
[2024-11-15T06:05:36.874+0000] {logging_mixin.py:190} INFO - [2024-11-15T06:05:36.873+0000] {dagbag.py:588} INFO - Filling up the DagBag from /home/airflow/.local/lib/python3.12/site-packages/airflow/example_dags/example_display_name.py
[2024-11-15T06:05:36.895+0000] {processor.py:925} INFO - DAG(s) 'example_display_name' retrieved from /home/airflow/.local/lib/python3.12/site-packages/airflow/example_dags/example_display_name.py
[2024-11-15T06:05:36.947+0000] {logging_mixin.py:190} INFO - [2024-11-15T06:05:36.946+0000] {dag.py:3239} INFO - Sync 1 DAGs
[2024-11-15T06:05:36.988+0000] {logging_mixin.py:190} INFO - [2024-11-15T06:05:36.987+0000] {dag.py:4180} INFO - Setting next_dagrun for example_display_name to None, run_after=None
[2024-11-15T06:05:37.038+0000] {processor.py:208} INFO - Processing /home/airflow/.local/lib/python3.12/site-packages/airflow/example_dags/example_display_name.py took 0.193 seconds
[2024-11-15T06:06:07.911+0000] {processor.py:186} INFO - Started process (PID=3368) to work on /home/airflow/.local/lib/python3.12/site-packages/airflow/example_dags/example_display_name.py
[2024-11-15T06:06:07.915+0000] {processor.py:914} INFO - Processing file /home/airflow/.local/lib/python3.12/site-packages/airflow/example_dags/example_display_name.py for tasks to queue
[2024-11-15T06:06:07.932+0000] {logging_mixin.py:190} INFO - [2024-11-15T06:06:07.931+0000] {dagbag.py:588} INFO - Filling up the DagBag from /home/airflow/.local/lib/python3.12/site-packages/airflow/example_dags/example_display_name.py
[2024-11-15T06:06:07.956+0000] {processor.py:925} INFO - DAG(s) 'example_display_name' retrieved from /home/airflow/.local/lib/python3.12/site-packages/airflow/example_dags/example_display_name.py
[2024-11-15T06:06:07.999+0000] {logging_mixin.py:190} INFO - [2024-11-15T06:06:07.998+0000] {dag.py:3239} INFO - Sync 1 DAGs
[2024-11-15T06:06:08.034+0000] {logging_mixin.py:190} INFO - [2024-11-15T06:06:08.033+0000] {dag.py:4180} INFO - Setting next_dagrun for example_display_name to None, run_after=None
[2024-11-15T06:06:08.078+0000] {processor.py:208} INFO - Processing /home/airflow/.local/lib/python3.12/site-packages/airflow/example_dags/example_display_name.py took 0.186 seconds
[2024-11-15T06:06:39.969+0000] {processor.py:186} INFO - Started process (PID=3418) to work on /home/airflow/.local/lib/python3.12/site-packages/airflow/example_dags/example_display_name.py
[2024-11-15T06:06:39.972+0000] {processor.py:914} INFO - Processing file /home/airflow/.local/lib/python3.12/site-packages/airflow/example_dags/example_display_name.py for tasks to queue
[2024-11-15T06:06:39.980+0000] {logging_mixin.py:190} INFO - [2024-11-15T06:06:39.978+0000] {dagbag.py:588} INFO - Filling up the DagBag from /home/airflow/.local/lib/python3.12/site-packages/airflow/example_dags/example_display_name.py
[2024-11-15T06:06:40.005+0000] {processor.py:925} INFO - DAG(s) 'example_display_name' retrieved from /home/airflow/.local/lib/python3.12/site-packages/airflow/example_dags/example_display_name.py
[2024-11-15T06:06:40.059+0000] {logging_mixin.py:190} INFO - [2024-11-15T06:06:40.058+0000] {dag.py:3239} INFO - Sync 1 DAGs
[2024-11-15T06:06:40.479+0000] {logging_mixin.py:190} INFO - [2024-11-15T06:06:40.478+0000] {dag.py:4180} INFO - Setting next_dagrun for example_display_name to None, run_after=None
[2024-11-15T06:06:40.518+0000] {processor.py:208} INFO - Processing /home/airflow/.local/lib/python3.12/site-packages/airflow/example_dags/example_display_name.py took 0.570 seconds
[2024-11-15T06:07:11.051+0000] {processor.py:186} INFO - Started process (PID=3483) to work on /home/airflow/.local/lib/python3.12/site-packages/airflow/example_dags/example_display_name.py
[2024-11-15T06:07:11.055+0000] {processor.py:914} INFO - Processing file /home/airflow/.local/lib/python3.12/site-packages/airflow/example_dags/example_display_name.py for tasks to queue
[2024-11-15T06:07:11.063+0000] {logging_mixin.py:190} INFO - [2024-11-15T06:07:11.062+0000] {dagbag.py:588} INFO - Filling up the DagBag from /home/airflow/.local/lib/python3.12/site-packages/airflow/example_dags/example_display_name.py
[2024-11-15T06:07:11.090+0000] {processor.py:925} INFO - DAG(s) 'example_display_name' retrieved from /home/airflow/.local/lib/python3.12/site-packages/airflow/example_dags/example_display_name.py
[2024-11-15T06:07:11.161+0000] {logging_mixin.py:190} INFO - [2024-11-15T06:07:11.160+0000] {dag.py:3239} INFO - Sync 1 DAGs
[2024-11-15T06:07:11.553+0000] {logging_mixin.py:190} INFO - [2024-11-15T06:07:11.553+0000] {dag.py:4180} INFO - Setting next_dagrun for example_display_name to None, run_after=None
[2024-11-15T06:07:11.605+0000] {processor.py:208} INFO - Processing /home/airflow/.local/lib/python3.12/site-packages/airflow/example_dags/example_display_name.py took 0.576 seconds
[2024-11-15T06:07:42.670+0000] {processor.py:186} INFO - Started process (PID=3548) to work on /home/airflow/.local/lib/python3.12/site-packages/airflow/example_dags/example_display_name.py
[2024-11-15T06:07:42.674+0000] {processor.py:914} INFO - Processing file /home/airflow/.local/lib/python3.12/site-packages/airflow/example_dags/example_display_name.py for tasks to queue
[2024-11-15T06:07:42.681+0000] {logging_mixin.py:190} INFO - [2024-11-15T06:07:42.680+0000] {dagbag.py:588} INFO - Filling up the DagBag from /home/airflow/.local/lib/python3.12/site-packages/airflow/example_dags/example_display_name.py
[2024-11-15T06:07:42.709+0000] {processor.py:925} INFO - DAG(s) 'example_display_name' retrieved from /home/airflow/.local/lib/python3.12/site-packages/airflow/example_dags/example_display_name.py
[2024-11-15T06:07:42.751+0000] {logging_mixin.py:190} INFO - [2024-11-15T06:07:42.751+0000] {dag.py:3239} INFO - Sync 1 DAGs
[2024-11-15T06:07:42.780+0000] {logging_mixin.py:190} INFO - [2024-11-15T06:07:42.779+0000] {dag.py:4180} INFO - Setting next_dagrun for example_display_name to None, run_after=None
[2024-11-15T06:07:42.817+0000] {processor.py:208} INFO - Processing /home/airflow/.local/lib/python3.12/site-packages/airflow/example_dags/example_display_name.py took 0.168 seconds
[2024-11-15T06:08:13.477+0000] {processor.py:186} INFO - Started process (PID=3613) to work on /home/airflow/.local/lib/python3.12/site-packages/airflow/example_dags/example_display_name.py
[2024-11-15T06:08:13.484+0000] {processor.py:914} INFO - Processing file /home/airflow/.local/lib/python3.12/site-packages/airflow/example_dags/example_display_name.py for tasks to queue
[2024-11-15T06:08:13.497+0000] {logging_mixin.py:190} INFO - [2024-11-15T06:08:13.496+0000] {dagbag.py:588} INFO - Filling up the DagBag from /home/airflow/.local/lib/python3.12/site-packages/airflow/example_dags/example_display_name.py
[2024-11-15T06:08:13.544+0000] {processor.py:925} INFO - DAG(s) 'example_display_name' retrieved from /home/airflow/.local/lib/python3.12/site-packages/airflow/example_dags/example_display_name.py
[2024-11-15T06:08:13.625+0000] {logging_mixin.py:190} INFO - [2024-11-15T06:08:13.624+0000] {dag.py:3239} INFO - Sync 1 DAGs
[2024-11-15T06:08:13.673+0000] {logging_mixin.py:190} INFO - [2024-11-15T06:08:13.672+0000] {dag.py:4180} INFO - Setting next_dagrun for example_display_name to None, run_after=None
[2024-11-15T06:08:13.722+0000] {processor.py:208} INFO - Processing /home/airflow/.local/lib/python3.12/site-packages/airflow/example_dags/example_display_name.py took 0.276 seconds
[2024-11-15T06:08:44.234+0000] {processor.py:186} INFO - Started process (PID=3678) to work on /home/airflow/.local/lib/python3.12/site-packages/airflow/example_dags/example_display_name.py
[2024-11-15T06:08:44.238+0000] {processor.py:914} INFO - Processing file /home/airflow/.local/lib/python3.12/site-packages/airflow/example_dags/example_display_name.py for tasks to queue
[2024-11-15T06:08:44.246+0000] {logging_mixin.py:190} INFO - [2024-11-15T06:08:44.244+0000] {dagbag.py:588} INFO - Filling up the DagBag from /home/airflow/.local/lib/python3.12/site-packages/airflow/example_dags/example_display_name.py
[2024-11-15T06:08:44.275+0000] {processor.py:925} INFO - DAG(s) 'example_display_name' retrieved from /home/airflow/.local/lib/python3.12/site-packages/airflow/example_dags/example_display_name.py
[2024-11-15T06:08:44.345+0000] {logging_mixin.py:190} INFO - [2024-11-15T06:08:44.344+0000] {dag.py:3239} INFO - Sync 1 DAGs
[2024-11-15T06:08:44.395+0000] {logging_mixin.py:190} INFO - [2024-11-15T06:08:44.394+0000] {dag.py:4180} INFO - Setting next_dagrun for example_display_name to None, run_after=None
[2024-11-15T06:08:44.450+0000] {processor.py:208} INFO - Processing /home/airflow/.local/lib/python3.12/site-packages/airflow/example_dags/example_display_name.py took 0.235 seconds
[2024-11-15T06:09:15.213+0000] {processor.py:186} INFO - Started process (PID=3744) to work on /home/airflow/.local/lib/python3.12/site-packages/airflow/example_dags/example_display_name.py
[2024-11-15T06:09:15.221+0000] {processor.py:914} INFO - Processing file /home/airflow/.local/lib/python3.12/site-packages/airflow/example_dags/example_display_name.py for tasks to queue
[2024-11-15T06:09:15.239+0000] {logging_mixin.py:190} INFO - [2024-11-15T06:09:15.236+0000] {dagbag.py:588} INFO - Filling up the DagBag from /home/airflow/.local/lib/python3.12/site-packages/airflow/example_dags/example_display_name.py
[2024-11-15T06:09:15.287+0000] {processor.py:925} INFO - DAG(s) 'example_display_name' retrieved from /home/airflow/.local/lib/python3.12/site-packages/airflow/example_dags/example_display_name.py
[2024-11-15T06:09:15.337+0000] {logging_mixin.py:190} INFO - [2024-11-15T06:09:15.336+0000] {dag.py:3239} INFO - Sync 1 DAGs
[2024-11-15T06:09:15.374+0000] {logging_mixin.py:190} INFO - [2024-11-15T06:09:15.374+0000] {dag.py:4180} INFO - Setting next_dagrun for example_display_name to None, run_after=None
[2024-11-15T06:09:15.426+0000] {processor.py:208} INFO - Processing /home/airflow/.local/lib/python3.12/site-packages/airflow/example_dags/example_display_name.py took 0.253 seconds
[2024-11-15T06:09:45.909+0000] {processor.py:186} INFO - Started process (PID=3810) to work on /home/airflow/.local/lib/python3.12/site-packages/airflow/example_dags/example_display_name.py
[2024-11-15T06:09:45.912+0000] {processor.py:914} INFO - Processing file /home/airflow/.local/lib/python3.12/site-packages/airflow/example_dags/example_display_name.py for tasks to queue
[2024-11-15T06:09:45.918+0000] {logging_mixin.py:190} INFO - [2024-11-15T06:09:45.917+0000] {dagbag.py:588} INFO - Filling up the DagBag from /home/airflow/.local/lib/python3.12/site-packages/airflow/example_dags/example_display_name.py
[2024-11-15T06:09:45.943+0000] {processor.py:925} INFO - DAG(s) 'example_display_name' retrieved from /home/airflow/.local/lib/python3.12/site-packages/airflow/example_dags/example_display_name.py
[2024-11-15T06:09:45.985+0000] {logging_mixin.py:190} INFO - [2024-11-15T06:09:45.985+0000] {dag.py:3239} INFO - Sync 1 DAGs
[2024-11-15T06:09:46.028+0000] {logging_mixin.py:190} INFO - [2024-11-15T06:09:46.027+0000] {dag.py:4180} INFO - Setting next_dagrun for example_display_name to None, run_after=None
[2024-11-15T06:09:46.062+0000] {processor.py:208} INFO - Processing /home/airflow/.local/lib/python3.12/site-packages/airflow/example_dags/example_display_name.py took 0.172 seconds
[2024-11-15T06:10:18.151+0000] {processor.py:186} INFO - Started process (PID=3873) to work on /home/airflow/.local/lib/python3.12/site-packages/airflow/example_dags/example_display_name.py
[2024-11-15T06:10:18.155+0000] {processor.py:914} INFO - Processing file /home/airflow/.local/lib/python3.12/site-packages/airflow/example_dags/example_display_name.py for tasks to queue
[2024-11-15T06:10:18.160+0000] {logging_mixin.py:190} INFO - [2024-11-15T06:10:18.159+0000] {dagbag.py:588} INFO - Filling up the DagBag from /home/airflow/.local/lib/python3.12/site-packages/airflow/example_dags/example_display_name.py
[2024-11-15T06:10:18.181+0000] {processor.py:925} INFO - DAG(s) 'example_display_name' retrieved from /home/airflow/.local/lib/python3.12/site-packages/airflow/example_dags/example_display_name.py
[2024-11-15T06:10:18.234+0000] {logging_mixin.py:190} INFO - [2024-11-15T06:10:18.233+0000] {dag.py:3239} INFO - Sync 1 DAGs
[2024-11-15T06:10:18.265+0000] {logging_mixin.py:190} INFO - [2024-11-15T06:10:18.264+0000] {dag.py:4180} INFO - Setting next_dagrun for example_display_name to None, run_after=None
[2024-11-15T06:10:18.304+0000] {processor.py:208} INFO - Processing /home/airflow/.local/lib/python3.12/site-packages/airflow/example_dags/example_display_name.py took 0.169 seconds
[2024-11-15T06:10:48.957+0000] {processor.py:186} INFO - Started process (PID=3934) to work on /home/airflow/.local/lib/python3.12/site-packages/airflow/example_dags/example_display_name.py
[2024-11-15T06:10:48.960+0000] {processor.py:914} INFO - Processing file /home/airflow/.local/lib/python3.12/site-packages/airflow/example_dags/example_display_name.py for tasks to queue
[2024-11-15T06:10:48.967+0000] {logging_mixin.py:190} INFO - [2024-11-15T06:10:48.966+0000] {dagbag.py:588} INFO - Filling up the DagBag from /home/airflow/.local/lib/python3.12/site-packages/airflow/example_dags/example_display_name.py
[2024-11-15T06:10:49.002+0000] {processor.py:925} INFO - DAG(s) 'example_display_name' retrieved from /home/airflow/.local/lib/python3.12/site-packages/airflow/example_dags/example_display_name.py
[2024-11-15T06:10:49.076+0000] {logging_mixin.py:190} INFO - [2024-11-15T06:10:49.076+0000] {dag.py:3239} INFO - Sync 1 DAGs
[2024-11-15T06:10:49.111+0000] {logging_mixin.py:190} INFO - [2024-11-15T06:10:49.111+0000] {dag.py:4180} INFO - Setting next_dagrun for example_display_name to None, run_after=None
[2024-11-15T06:10:49.164+0000] {processor.py:208} INFO - Processing /home/airflow/.local/lib/python3.12/site-packages/airflow/example_dags/example_display_name.py took 0.223 seconds
[2024-11-15T06:11:19.532+0000] {processor.py:186} INFO - Started process (PID=3998) to work on /home/airflow/.local/lib/python3.12/site-packages/airflow/example_dags/example_display_name.py
[2024-11-15T06:11:19.538+0000] {processor.py:914} INFO - Processing file /home/airflow/.local/lib/python3.12/site-packages/airflow/example_dags/example_display_name.py for tasks to queue
[2024-11-15T06:11:19.553+0000] {logging_mixin.py:190} INFO - [2024-11-15T06:11:19.550+0000] {dagbag.py:588} INFO - Filling up the DagBag from /home/airflow/.local/lib/python3.12/site-packages/airflow/example_dags/example_display_name.py
[2024-11-15T06:11:19.603+0000] {processor.py:925} INFO - DAG(s) 'example_display_name' retrieved from /home/airflow/.local/lib/python3.12/site-packages/airflow/example_dags/example_display_name.py
[2024-11-15T06:11:19.675+0000] {logging_mixin.py:190} INFO - [2024-11-15T06:11:19.675+0000] {dag.py:3239} INFO - Sync 1 DAGs
[2024-11-15T06:11:19.712+0000] {logging_mixin.py:190} INFO - [2024-11-15T06:11:19.712+0000] {dag.py:4180} INFO - Setting next_dagrun for example_display_name to None, run_after=None
[2024-11-15T06:11:19.756+0000] {processor.py:208} INFO - Processing /home/airflow/.local/lib/python3.12/site-packages/airflow/example_dags/example_display_name.py took 0.254 seconds
[2024-11-15T06:11:50.649+0000] {processor.py:186} INFO - Started process (PID=4062) to work on /home/airflow/.local/lib/python3.12/site-packages/airflow/example_dags/example_display_name.py
[2024-11-15T06:11:50.652+0000] {processor.py:914} INFO - Processing file /home/airflow/.local/lib/python3.12/site-packages/airflow/example_dags/example_display_name.py for tasks to queue
[2024-11-15T06:11:50.657+0000] {logging_mixin.py:190} INFO - [2024-11-15T06:11:50.656+0000] {dagbag.py:588} INFO - Filling up the DagBag from /home/airflow/.local/lib/python3.12/site-packages/airflow/example_dags/example_display_name.py
[2024-11-15T06:11:50.681+0000] {processor.py:925} INFO - DAG(s) 'example_display_name' retrieved from /home/airflow/.local/lib/python3.12/site-packages/airflow/example_dags/example_display_name.py
[2024-11-15T06:11:50.724+0000] {logging_mixin.py:190} INFO - [2024-11-15T06:11:50.724+0000] {dag.py:3239} INFO - Sync 1 DAGs
[2024-11-15T06:11:50.772+0000] {logging_mixin.py:190} INFO - [2024-11-15T06:11:50.771+0000] {dag.py:4180} INFO - Setting next_dagrun for example_display_name to None, run_after=None
[2024-11-15T06:11:50.812+0000] {processor.py:208} INFO - Processing /home/airflow/.local/lib/python3.12/site-packages/airflow/example_dags/example_display_name.py took 0.174 seconds
[2024-11-15T06:12:21.498+0000] {processor.py:186} INFO - Started process (PID=4127) to work on /home/airflow/.local/lib/python3.12/site-packages/airflow/example_dags/example_display_name.py
[2024-11-15T06:12:21.507+0000] {processor.py:914} INFO - Processing file /home/airflow/.local/lib/python3.12/site-packages/airflow/example_dags/example_display_name.py for tasks to queue
[2024-11-15T06:12:21.517+0000] {logging_mixin.py:190} INFO - [2024-11-15T06:12:21.515+0000] {dagbag.py:588} INFO - Filling up the DagBag from /home/airflow/.local/lib/python3.12/site-packages/airflow/example_dags/example_display_name.py
[2024-11-15T06:12:21.551+0000] {processor.py:925} INFO - DAG(s) 'example_display_name' retrieved from /home/airflow/.local/lib/python3.12/site-packages/airflow/example_dags/example_display_name.py
[2024-11-15T06:12:21.592+0000] {logging_mixin.py:190} INFO - [2024-11-15T06:12:21.591+0000] {dag.py:3239} INFO - Sync 1 DAGs
[2024-11-15T06:12:21.618+0000] {logging_mixin.py:190} INFO - [2024-11-15T06:12:21.618+0000] {dag.py:4180} INFO - Setting next_dagrun for example_display_name to None, run_after=None
[2024-11-15T06:12:21.649+0000] {processor.py:208} INFO - Processing /home/airflow/.local/lib/python3.12/site-packages/airflow/example_dags/example_display_name.py took 0.179 seconds
[2024-11-15T06:12:52.142+0000] {processor.py:186} INFO - Started process (PID=4192) to work on /home/airflow/.local/lib/python3.12/site-packages/airflow/example_dags/example_display_name.py
[2024-11-15T06:12:52.147+0000] {processor.py:914} INFO - Processing file /home/airflow/.local/lib/python3.12/site-packages/airflow/example_dags/example_display_name.py for tasks to queue
[2024-11-15T06:12:52.159+0000] {logging_mixin.py:190} INFO - [2024-11-15T06:12:52.157+0000] {dagbag.py:588} INFO - Filling up the DagBag from /home/airflow/.local/lib/python3.12/site-packages/airflow/example_dags/example_display_name.py
[2024-11-15T06:12:52.195+0000] {processor.py:925} INFO - DAG(s) 'example_display_name' retrieved from /home/airflow/.local/lib/python3.12/site-packages/airflow/example_dags/example_display_name.py
[2024-11-15T06:12:52.274+0000] {logging_mixin.py:190} INFO - [2024-11-15T06:12:52.273+0000] {dag.py:3239} INFO - Sync 1 DAGs
[2024-11-15T06:12:52.341+0000] {logging_mixin.py:190} INFO - [2024-11-15T06:12:52.339+0000] {dag.py:4180} INFO - Setting next_dagrun for example_display_name to None, run_after=None
[2024-11-15T06:12:52.419+0000] {processor.py:208} INFO - Processing /home/airflow/.local/lib/python3.12/site-packages/airflow/example_dags/example_display_name.py took 0.301 seconds
[2024-11-15T06:13:29.207+0000] {processor.py:186} INFO - Started process (PID=4257) to work on /home/airflow/.local/lib/python3.12/site-packages/airflow/example_dags/example_display_name.py
[2024-11-15T06:13:29.210+0000] {processor.py:914} INFO - Processing file /home/airflow/.local/lib/python3.12/site-packages/airflow/example_dags/example_display_name.py for tasks to queue
[2024-11-15T06:13:29.214+0000] {logging_mixin.py:190} INFO - [2024-11-15T06:13:29.214+0000] {dagbag.py:588} INFO - Filling up the DagBag from /home/airflow/.local/lib/python3.12/site-packages/airflow/example_dags/example_display_name.py
[2024-11-15T06:13:29.232+0000] {processor.py:925} INFO - DAG(s) 'example_display_name' retrieved from /home/airflow/.local/lib/python3.12/site-packages/airflow/example_dags/example_display_name.py
[2024-11-15T06:13:29.279+0000] {logging_mixin.py:190} INFO - [2024-11-15T06:13:29.279+0000] {dag.py:3239} INFO - Sync 1 DAGs
[2024-11-15T06:13:29.334+0000] {logging_mixin.py:190} INFO - [2024-11-15T06:13:29.334+0000] {dag.py:4180} INFO - Setting next_dagrun for example_display_name to None, run_after=None
[2024-11-15T06:13:29.370+0000] {processor.py:208} INFO - Processing /home/airflow/.local/lib/python3.12/site-packages/airflow/example_dags/example_display_name.py took 0.176 seconds
