[2024-11-15T05:39:03.720+0000] {processor.py:186} INFO - Started process (PID=141) to work on /home/airflow/.local/lib/python3.12/site-packages/airflow/example_dags/example_xcomargs.py
[2024-11-15T05:39:03.750+0000] {processor.py:914} INFO - Processing file /home/airflow/.local/lib/python3.12/site-packages/airflow/example_dags/example_xcomargs.py for tasks to queue
[2024-11-15T05:39:03.762+0000] {logging_mixin.py:190} INFO - [2024-11-15T05:39:03.761+0000] {dagbag.py:588} INFO - Filling up the DagBag from /home/airflow/.local/lib/python3.12/site-packages/airflow/example_dags/example_xcomargs.py
[2024-11-15T05:39:03.849+0000] {processor.py:925} INFO - DAG(s) 'example_xcom_args_with_operators', 'example_xcom_args' retrieved from /home/airflow/.local/lib/python3.12/site-packages/airflow/example_dags/example_xcomargs.py
[2024-11-15T05:39:04.028+0000] {logging_mixin.py:190} INFO - [2024-11-15T05:39:04.027+0000] {dag.py:3239} INFO - Sync 2 DAGs
[2024-11-15T05:39:04.195+0000] {logging_mixin.py:190} INFO - [2024-11-15T05:39:04.194+0000] {dag.py:4180} INFO - Setting next_dagrun for example_xcom_args to None, run_after=None
[2024-11-15T05:39:04.219+0000] {logging_mixin.py:190} INFO - [2024-11-15T05:39:04.218+0000] {dag.py:4180} INFO - Setting next_dagrun for example_xcom_args_with_operators to None, run_after=None
[2024-11-15T05:39:04.375+0000] {processor.py:208} INFO - Processing /home/airflow/.local/lib/python3.12/site-packages/airflow/example_dags/example_xcomargs.py took 0.690 seconds
[2024-11-15T05:39:40.058+0000] {processor.py:186} INFO - Started process (PID=205) to work on /home/airflow/.local/lib/python3.12/site-packages/airflow/example_dags/example_xcomargs.py
[2024-11-15T05:39:40.063+0000] {processor.py:914} INFO - Processing file /home/airflow/.local/lib/python3.12/site-packages/airflow/example_dags/example_xcomargs.py for tasks to queue
[2024-11-15T05:39:40.080+0000] {logging_mixin.py:190} INFO - [2024-11-15T05:39:40.079+0000] {dagbag.py:588} INFO - Filling up the DagBag from /home/airflow/.local/lib/python3.12/site-packages/airflow/example_dags/example_xcomargs.py
[2024-11-15T05:39:40.139+0000] {processor.py:925} INFO - DAG(s) 'example_xcom_args', 'example_xcom_args_with_operators' retrieved from /home/airflow/.local/lib/python3.12/site-packages/airflow/example_dags/example_xcomargs.py
[2024-11-15T05:39:40.236+0000] {logging_mixin.py:190} INFO - [2024-11-15T05:39:40.235+0000] {dag.py:3239} INFO - Sync 2 DAGs
[2024-11-15T05:39:40.310+0000] {logging_mixin.py:190} INFO - [2024-11-15T05:39:40.310+0000] {dag.py:4180} INFO - Setting next_dagrun for example_xcom_args to None, run_after=None
[2024-11-15T05:39:40.334+0000] {logging_mixin.py:190} INFO - [2024-11-15T05:39:40.333+0000] {dag.py:4180} INFO - Setting next_dagrun for example_xcom_args_with_operators to None, run_after=None
[2024-11-15T05:39:40.423+0000] {processor.py:208} INFO - Processing /home/airflow/.local/lib/python3.12/site-packages/airflow/example_dags/example_xcomargs.py took 0.391 seconds
[2024-11-15T05:40:11.516+0000] {processor.py:186} INFO - Started process (PID=269) to work on /home/airflow/.local/lib/python3.12/site-packages/airflow/example_dags/example_xcomargs.py
[2024-11-15T05:40:11.812+0000] {processor.py:914} INFO - Processing file /home/airflow/.local/lib/python3.12/site-packages/airflow/example_dags/example_xcomargs.py for tasks to queue
[2024-11-15T05:40:11.857+0000] {logging_mixin.py:190} INFO - [2024-11-15T05:40:11.856+0000] {dagbag.py:588} INFO - Filling up the DagBag from /home/airflow/.local/lib/python3.12/site-packages/airflow/example_dags/example_xcomargs.py
[2024-11-15T05:40:12.066+0000] {processor.py:925} INFO - DAG(s) 'example_xcom_args', 'example_xcom_args_with_operators' retrieved from /home/airflow/.local/lib/python3.12/site-packages/airflow/example_dags/example_xcomargs.py
[2024-11-15T05:40:12.218+0000] {logging_mixin.py:190} INFO - [2024-11-15T05:40:12.218+0000] {dag.py:3239} INFO - Sync 2 DAGs
[2024-11-15T05:40:12.312+0000] {logging_mixin.py:190} INFO - [2024-11-15T05:40:12.307+0000] {dag.py:4180} INFO - Setting next_dagrun for example_xcom_args to None, run_after=None
[2024-11-15T05:40:12.331+0000] {logging_mixin.py:190} INFO - [2024-11-15T05:40:12.330+0000] {dag.py:4180} INFO - Setting next_dagrun for example_xcom_args_with_operators to None, run_after=None
[2024-11-15T05:40:12.411+0000] {processor.py:208} INFO - Processing /home/airflow/.local/lib/python3.12/site-packages/airflow/example_dags/example_xcomargs.py took 0.935 seconds
[2024-11-15T05:40:42.859+0000] {processor.py:186} INFO - Started process (PID=334) to work on /home/airflow/.local/lib/python3.12/site-packages/airflow/example_dags/example_xcomargs.py
[2024-11-15T05:40:42.864+0000] {processor.py:914} INFO - Processing file /home/airflow/.local/lib/python3.12/site-packages/airflow/example_dags/example_xcomargs.py for tasks to queue
[2024-11-15T05:40:42.897+0000] {logging_mixin.py:190} INFO - [2024-11-15T05:40:42.894+0000] {dagbag.py:588} INFO - Filling up the DagBag from /home/airflow/.local/lib/python3.12/site-packages/airflow/example_dags/example_xcomargs.py
[2024-11-15T05:40:43.011+0000] {processor.py:925} INFO - DAG(s) 'example_xcom_args_with_operators', 'example_xcom_args' retrieved from /home/airflow/.local/lib/python3.12/site-packages/airflow/example_dags/example_xcomargs.py
[2024-11-15T05:40:43.219+0000] {logging_mixin.py:190} INFO - [2024-11-15T05:40:43.218+0000] {dag.py:3239} INFO - Sync 2 DAGs
[2024-11-15T05:40:43.374+0000] {logging_mixin.py:190} INFO - [2024-11-15T05:40:43.374+0000] {dag.py:4180} INFO - Setting next_dagrun for example_xcom_args to None, run_after=None
[2024-11-15T05:40:43.391+0000] {logging_mixin.py:190} INFO - [2024-11-15T05:40:43.390+0000] {dag.py:4180} INFO - Setting next_dagrun for example_xcom_args_with_operators to None, run_after=None
[2024-11-15T05:40:43.591+0000] {processor.py:208} INFO - Processing /home/airflow/.local/lib/python3.12/site-packages/airflow/example_dags/example_xcomargs.py took 0.784 seconds
[2024-11-15T05:41:13.786+0000] {processor.py:186} INFO - Started process (PID=398) to work on /home/airflow/.local/lib/python3.12/site-packages/airflow/example_dags/example_xcomargs.py
[2024-11-15T05:41:13.790+0000] {processor.py:914} INFO - Processing file /home/airflow/.local/lib/python3.12/site-packages/airflow/example_dags/example_xcomargs.py for tasks to queue
[2024-11-15T05:41:13.796+0000] {logging_mixin.py:190} INFO - [2024-11-15T05:41:13.795+0000] {dagbag.py:588} INFO - Filling up the DagBag from /home/airflow/.local/lib/python3.12/site-packages/airflow/example_dags/example_xcomargs.py
[2024-11-15T05:41:13.821+0000] {processor.py:925} INFO - DAG(s) 'example_xcom_args_with_operators', 'example_xcom_args' retrieved from /home/airflow/.local/lib/python3.12/site-packages/airflow/example_dags/example_xcomargs.py
[2024-11-15T05:41:13.879+0000] {logging_mixin.py:190} INFO - [2024-11-15T05:41:13.878+0000] {dag.py:3239} INFO - Sync 2 DAGs
[2024-11-15T05:41:13.917+0000] {logging_mixin.py:190} INFO - [2024-11-15T05:41:13.917+0000] {dag.py:4180} INFO - Setting next_dagrun for example_xcom_args to None, run_after=None
[2024-11-15T05:41:13.927+0000] {logging_mixin.py:190} INFO - [2024-11-15T05:41:13.926+0000] {dag.py:4180} INFO - Setting next_dagrun for example_xcom_args_with_operators to None, run_after=None
[2024-11-15T05:41:13.970+0000] {processor.py:208} INFO - Processing /home/airflow/.local/lib/python3.12/site-packages/airflow/example_dags/example_xcomargs.py took 0.195 seconds
[2024-11-15T05:41:44.205+0000] {processor.py:186} INFO - Started process (PID=463) to work on /home/airflow/.local/lib/python3.12/site-packages/airflow/example_dags/example_xcomargs.py
[2024-11-15T05:41:44.208+0000] {processor.py:914} INFO - Processing file /home/airflow/.local/lib/python3.12/site-packages/airflow/example_dags/example_xcomargs.py for tasks to queue
[2024-11-15T05:41:44.214+0000] {logging_mixin.py:190} INFO - [2024-11-15T05:41:44.213+0000] {dagbag.py:588} INFO - Filling up the DagBag from /home/airflow/.local/lib/python3.12/site-packages/airflow/example_dags/example_xcomargs.py
[2024-11-15T05:41:44.243+0000] {processor.py:925} INFO - DAG(s) 'example_xcom_args', 'example_xcom_args_with_operators' retrieved from /home/airflow/.local/lib/python3.12/site-packages/airflow/example_dags/example_xcomargs.py
[2024-11-15T05:41:44.312+0000] {logging_mixin.py:190} INFO - [2024-11-15T05:41:44.312+0000] {dag.py:3239} INFO - Sync 2 DAGs
[2024-11-15T05:41:44.365+0000] {logging_mixin.py:190} INFO - [2024-11-15T05:41:44.365+0000] {dag.py:4180} INFO - Setting next_dagrun for example_xcom_args to None, run_after=None
[2024-11-15T05:41:44.485+0000] {logging_mixin.py:190} INFO - [2024-11-15T05:41:44.485+0000] {dag.py:4180} INFO - Setting next_dagrun for example_xcom_args_with_operators to None, run_after=None
[2024-11-15T05:41:44.526+0000] {processor.py:208} INFO - Processing /home/airflow/.local/lib/python3.12/site-packages/airflow/example_dags/example_xcomargs.py took 0.338 seconds
[2024-11-15T05:42:14.821+0000] {processor.py:186} INFO - Started process (PID=527) to work on /home/airflow/.local/lib/python3.12/site-packages/airflow/example_dags/example_xcomargs.py
[2024-11-15T05:42:14.828+0000] {processor.py:914} INFO - Processing file /home/airflow/.local/lib/python3.12/site-packages/airflow/example_dags/example_xcomargs.py for tasks to queue
[2024-11-15T05:42:14.839+0000] {logging_mixin.py:190} INFO - [2024-11-15T05:42:14.837+0000] {dagbag.py:588} INFO - Filling up the DagBag from /home/airflow/.local/lib/python3.12/site-packages/airflow/example_dags/example_xcomargs.py
[2024-11-15T05:42:14.892+0000] {processor.py:925} INFO - DAG(s) 'example_xcom_args', 'example_xcom_args_with_operators' retrieved from /home/airflow/.local/lib/python3.12/site-packages/airflow/example_dags/example_xcomargs.py
[2024-11-15T05:42:14.995+0000] {logging_mixin.py:190} INFO - [2024-11-15T05:42:14.994+0000] {dag.py:3239} INFO - Sync 2 DAGs
[2024-11-15T05:42:15.033+0000] {logging_mixin.py:190} INFO - [2024-11-15T05:42:15.032+0000] {dag.py:4180} INFO - Setting next_dagrun for example_xcom_args to None, run_after=None
[2024-11-15T05:42:15.042+0000] {logging_mixin.py:190} INFO - [2024-11-15T05:42:15.041+0000] {dag.py:4180} INFO - Setting next_dagrun for example_xcom_args_with_operators to None, run_after=None
[2024-11-15T05:42:15.079+0000] {processor.py:208} INFO - Processing /home/airflow/.local/lib/python3.12/site-packages/airflow/example_dags/example_xcomargs.py took 0.286 seconds
[2024-11-15T05:42:45.529+0000] {processor.py:186} INFO - Started process (PID=592) to work on /home/airflow/.local/lib/python3.12/site-packages/airflow/example_dags/example_xcomargs.py
[2024-11-15T05:42:45.531+0000] {processor.py:914} INFO - Processing file /home/airflow/.local/lib/python3.12/site-packages/airflow/example_dags/example_xcomargs.py for tasks to queue
[2024-11-15T05:42:45.535+0000] {logging_mixin.py:190} INFO - [2024-11-15T05:42:45.534+0000] {dagbag.py:588} INFO - Filling up the DagBag from /home/airflow/.local/lib/python3.12/site-packages/airflow/example_dags/example_xcomargs.py
[2024-11-15T05:42:45.551+0000] {processor.py:925} INFO - DAG(s) 'example_xcom_args_with_operators', 'example_xcom_args' retrieved from /home/airflow/.local/lib/python3.12/site-packages/airflow/example_dags/example_xcomargs.py
[2024-11-15T05:42:45.593+0000] {logging_mixin.py:190} INFO - [2024-11-15T05:42:45.592+0000] {dag.py:3239} INFO - Sync 2 DAGs
[2024-11-15T05:42:45.627+0000] {logging_mixin.py:190} INFO - [2024-11-15T05:42:45.626+0000] {dag.py:4180} INFO - Setting next_dagrun for example_xcom_args to None, run_after=None
[2024-11-15T05:42:45.636+0000] {logging_mixin.py:190} INFO - [2024-11-15T05:42:45.636+0000] {dag.py:4180} INFO - Setting next_dagrun for example_xcom_args_with_operators to None, run_after=None
[2024-11-15T05:42:45.679+0000] {processor.py:208} INFO - Processing /home/airflow/.local/lib/python3.12/site-packages/airflow/example_dags/example_xcomargs.py took 0.161 seconds
[2024-11-15T05:43:15.786+0000] {processor.py:186} INFO - Started process (PID=657) to work on /home/airflow/.local/lib/python3.12/site-packages/airflow/example_dags/example_xcomargs.py
[2024-11-15T05:43:15.788+0000] {processor.py:914} INFO - Processing file /home/airflow/.local/lib/python3.12/site-packages/airflow/example_dags/example_xcomargs.py for tasks to queue
[2024-11-15T05:43:15.793+0000] {logging_mixin.py:190} INFO - [2024-11-15T05:43:15.793+0000] {dagbag.py:588} INFO - Filling up the DagBag from /home/airflow/.local/lib/python3.12/site-packages/airflow/example_dags/example_xcomargs.py
[2024-11-15T05:43:15.848+0000] {processor.py:925} INFO - DAG(s) 'example_xcom_args_with_operators', 'example_xcom_args' retrieved from /home/airflow/.local/lib/python3.12/site-packages/airflow/example_dags/example_xcomargs.py
[2024-11-15T05:43:15.935+0000] {logging_mixin.py:190} INFO - [2024-11-15T05:43:15.935+0000] {dag.py:3239} INFO - Sync 2 DAGs
[2024-11-15T05:43:15.980+0000] {logging_mixin.py:190} INFO - [2024-11-15T05:43:15.980+0000] {dag.py:4180} INFO - Setting next_dagrun for example_xcom_args to None, run_after=None
[2024-11-15T05:43:15.989+0000] {logging_mixin.py:190} INFO - [2024-11-15T05:43:15.989+0000] {dag.py:4180} INFO - Setting next_dagrun for example_xcom_args_with_operators to None, run_after=None
[2024-11-15T05:43:16.029+0000] {processor.py:208} INFO - Processing /home/airflow/.local/lib/python3.12/site-packages/airflow/example_dags/example_xcomargs.py took 0.260 seconds
[2024-11-15T05:43:46.277+0000] {processor.py:186} INFO - Started process (PID=721) to work on /home/airflow/.local/lib/python3.12/site-packages/airflow/example_dags/example_xcomargs.py
[2024-11-15T05:43:46.279+0000] {processor.py:914} INFO - Processing file /home/airflow/.local/lib/python3.12/site-packages/airflow/example_dags/example_xcomargs.py for tasks to queue
[2024-11-15T05:43:46.284+0000] {logging_mixin.py:190} INFO - [2024-11-15T05:43:46.283+0000] {dagbag.py:588} INFO - Filling up the DagBag from /home/airflow/.local/lib/python3.12/site-packages/airflow/example_dags/example_xcomargs.py
[2024-11-15T05:43:46.308+0000] {processor.py:925} INFO - DAG(s) 'example_xcom_args_with_operators', 'example_xcom_args' retrieved from /home/airflow/.local/lib/python3.12/site-packages/airflow/example_dags/example_xcomargs.py
[2024-11-15T05:43:46.355+0000] {logging_mixin.py:190} INFO - [2024-11-15T05:43:46.355+0000] {dag.py:3239} INFO - Sync 2 DAGs
[2024-11-15T05:43:46.391+0000] {logging_mixin.py:190} INFO - [2024-11-15T05:43:46.390+0000] {dag.py:4180} INFO - Setting next_dagrun for example_xcom_args to None, run_after=None
[2024-11-15T05:43:46.398+0000] {logging_mixin.py:190} INFO - [2024-11-15T05:43:46.397+0000] {dag.py:4180} INFO - Setting next_dagrun for example_xcom_args_with_operators to None, run_after=None
[2024-11-15T05:43:46.431+0000] {processor.py:208} INFO - Processing /home/airflow/.local/lib/python3.12/site-packages/airflow/example_dags/example_xcomargs.py took 0.169 seconds
[2024-11-15T05:44:16.642+0000] {processor.py:186} INFO - Started process (PID=787) to work on /home/airflow/.local/lib/python3.12/site-packages/airflow/example_dags/example_xcomargs.py
[2024-11-15T05:44:16.645+0000] {processor.py:914} INFO - Processing file /home/airflow/.local/lib/python3.12/site-packages/airflow/example_dags/example_xcomargs.py for tasks to queue
[2024-11-15T05:44:16.650+0000] {logging_mixin.py:190} INFO - [2024-11-15T05:44:16.649+0000] {dagbag.py:588} INFO - Filling up the DagBag from /home/airflow/.local/lib/python3.12/site-packages/airflow/example_dags/example_xcomargs.py
[2024-11-15T05:44:16.675+0000] {processor.py:925} INFO - DAG(s) 'example_xcom_args', 'example_xcom_args_with_operators' retrieved from /home/airflow/.local/lib/python3.12/site-packages/airflow/example_dags/example_xcomargs.py
[2024-11-15T05:44:16.723+0000] {logging_mixin.py:190} INFO - [2024-11-15T05:44:16.722+0000] {dag.py:3239} INFO - Sync 2 DAGs
[2024-11-15T05:44:16.752+0000] {logging_mixin.py:190} INFO - [2024-11-15T05:44:16.751+0000] {dag.py:4180} INFO - Setting next_dagrun for example_xcom_args to None, run_after=None
[2024-11-15T05:44:16.761+0000] {logging_mixin.py:190} INFO - [2024-11-15T05:44:16.761+0000] {dag.py:4180} INFO - Setting next_dagrun for example_xcom_args_with_operators to None, run_after=None
[2024-11-15T05:44:16.799+0000] {processor.py:208} INFO - Processing /home/airflow/.local/lib/python3.12/site-packages/airflow/example_dags/example_xcomargs.py took 0.170 seconds
[2024-11-15T05:44:47.363+0000] {processor.py:186} INFO - Started process (PID=852) to work on /home/airflow/.local/lib/python3.12/site-packages/airflow/example_dags/example_xcomargs.py
[2024-11-15T05:44:47.367+0000] {processor.py:914} INFO - Processing file /home/airflow/.local/lib/python3.12/site-packages/airflow/example_dags/example_xcomargs.py for tasks to queue
[2024-11-15T05:44:47.376+0000] {logging_mixin.py:190} INFO - [2024-11-15T05:44:47.374+0000] {dagbag.py:588} INFO - Filling up the DagBag from /home/airflow/.local/lib/python3.12/site-packages/airflow/example_dags/example_xcomargs.py
[2024-11-15T05:44:47.435+0000] {processor.py:925} INFO - DAG(s) 'example_xcom_args_with_operators', 'example_xcom_args' retrieved from /home/airflow/.local/lib/python3.12/site-packages/airflow/example_dags/example_xcomargs.py
[2024-11-15T05:44:47.506+0000] {logging_mixin.py:190} INFO - [2024-11-15T05:44:47.505+0000] {dag.py:3239} INFO - Sync 2 DAGs
[2024-11-15T05:44:47.548+0000] {logging_mixin.py:190} INFO - [2024-11-15T05:44:47.547+0000] {dag.py:4180} INFO - Setting next_dagrun for example_xcom_args to None, run_after=None
[2024-11-15T05:44:47.559+0000] {logging_mixin.py:190} INFO - [2024-11-15T05:44:47.558+0000] {dag.py:4180} INFO - Setting next_dagrun for example_xcom_args_with_operators to None, run_after=None
[2024-11-15T05:44:47.605+0000] {processor.py:208} INFO - Processing /home/airflow/.local/lib/python3.12/site-packages/airflow/example_dags/example_xcomargs.py took 0.260 seconds
[2024-11-15T05:45:18.481+0000] {processor.py:186} INFO - Started process (PID=917) to work on /home/airflow/.local/lib/python3.12/site-packages/airflow/example_dags/example_xcomargs.py
[2024-11-15T05:45:18.484+0000] {processor.py:914} INFO - Processing file /home/airflow/.local/lib/python3.12/site-packages/airflow/example_dags/example_xcomargs.py for tasks to queue
[2024-11-15T05:45:18.492+0000] {logging_mixin.py:190} INFO - [2024-11-15T05:45:18.491+0000] {dagbag.py:588} INFO - Filling up the DagBag from /home/airflow/.local/lib/python3.12/site-packages/airflow/example_dags/example_xcomargs.py
[2024-11-15T05:45:18.546+0000] {processor.py:925} INFO - DAG(s) 'example_xcom_args', 'example_xcom_args_with_operators' retrieved from /home/airflow/.local/lib/python3.12/site-packages/airflow/example_dags/example_xcomargs.py
[2024-11-15T05:45:18.666+0000] {logging_mixin.py:190} INFO - [2024-11-15T05:45:18.665+0000] {dag.py:3239} INFO - Sync 2 DAGs
[2024-11-15T05:45:18.739+0000] {logging_mixin.py:190} INFO - [2024-11-15T05:45:18.738+0000] {dag.py:4180} INFO - Setting next_dagrun for example_xcom_args to None, run_after=None
[2024-11-15T05:45:18.783+0000] {logging_mixin.py:190} INFO - [2024-11-15T05:45:18.783+0000] {dag.py:4180} INFO - Setting next_dagrun for example_xcom_args_with_operators to None, run_after=None
[2024-11-15T05:45:18.900+0000] {processor.py:208} INFO - Processing /home/airflow/.local/lib/python3.12/site-packages/airflow/example_dags/example_xcomargs.py took 0.436 seconds
[2024-11-15T05:45:49.937+0000] {processor.py:186} INFO - Started process (PID=982) to work on /home/airflow/.local/lib/python3.12/site-packages/airflow/example_dags/example_xcomargs.py
[2024-11-15T05:45:49.945+0000] {processor.py:914} INFO - Processing file /home/airflow/.local/lib/python3.12/site-packages/airflow/example_dags/example_xcomargs.py for tasks to queue
[2024-11-15T05:45:49.955+0000] {logging_mixin.py:190} INFO - [2024-11-15T05:45:49.954+0000] {dagbag.py:588} INFO - Filling up the DagBag from /home/airflow/.local/lib/python3.12/site-packages/airflow/example_dags/example_xcomargs.py
[2024-11-15T05:45:50.003+0000] {processor.py:925} INFO - DAG(s) 'example_xcom_args_with_operators', 'example_xcom_args' retrieved from /home/airflow/.local/lib/python3.12/site-packages/airflow/example_dags/example_xcomargs.py
[2024-11-15T05:45:50.072+0000] {logging_mixin.py:190} INFO - [2024-11-15T05:45:50.072+0000] {dag.py:3239} INFO - Sync 2 DAGs
[2024-11-15T05:45:50.118+0000] {logging_mixin.py:190} INFO - [2024-11-15T05:45:50.117+0000] {dag.py:4180} INFO - Setting next_dagrun for example_xcom_args to None, run_after=None
[2024-11-15T05:45:50.127+0000] {logging_mixin.py:190} INFO - [2024-11-15T05:45:50.127+0000] {dag.py:4180} INFO - Setting next_dagrun for example_xcom_args_with_operators to None, run_after=None
[2024-11-15T05:45:50.169+0000] {processor.py:208} INFO - Processing /home/airflow/.local/lib/python3.12/site-packages/airflow/example_dags/example_xcomargs.py took 0.265 seconds
[2024-11-15T05:46:20.288+0000] {processor.py:186} INFO - Started process (PID=1046) to work on /home/airflow/.local/lib/python3.12/site-packages/airflow/example_dags/example_xcomargs.py
[2024-11-15T05:46:20.291+0000] {processor.py:914} INFO - Processing file /home/airflow/.local/lib/python3.12/site-packages/airflow/example_dags/example_xcomargs.py for tasks to queue
[2024-11-15T05:46:20.296+0000] {logging_mixin.py:190} INFO - [2024-11-15T05:46:20.295+0000] {dagbag.py:588} INFO - Filling up the DagBag from /home/airflow/.local/lib/python3.12/site-packages/airflow/example_dags/example_xcomargs.py
[2024-11-15T05:46:20.314+0000] {processor.py:925} INFO - DAG(s) 'example_xcom_args_with_operators', 'example_xcom_args' retrieved from /home/airflow/.local/lib/python3.12/site-packages/airflow/example_dags/example_xcomargs.py
[2024-11-15T05:46:20.355+0000] {logging_mixin.py:190} INFO - [2024-11-15T05:46:20.355+0000] {dag.py:3239} INFO - Sync 2 DAGs
[2024-11-15T05:46:20.393+0000] {logging_mixin.py:190} INFO - [2024-11-15T05:46:20.393+0000] {dag.py:4180} INFO - Setting next_dagrun for example_xcom_args to None, run_after=None
[2024-11-15T05:46:20.400+0000] {logging_mixin.py:190} INFO - [2024-11-15T05:46:20.399+0000] {dag.py:4180} INFO - Setting next_dagrun for example_xcom_args_with_operators to None, run_after=None
[2024-11-15T05:46:20.433+0000] {processor.py:208} INFO - Processing /home/airflow/.local/lib/python3.12/site-packages/airflow/example_dags/example_xcomargs.py took 0.157 seconds
[2024-11-15T05:46:51.077+0000] {processor.py:186} INFO - Started process (PID=1111) to work on /home/airflow/.local/lib/python3.12/site-packages/airflow/example_dags/example_xcomargs.py
[2024-11-15T05:46:51.080+0000] {processor.py:914} INFO - Processing file /home/airflow/.local/lib/python3.12/site-packages/airflow/example_dags/example_xcomargs.py for tasks to queue
[2024-11-15T05:46:51.085+0000] {logging_mixin.py:190} INFO - [2024-11-15T05:46:51.085+0000] {dagbag.py:588} INFO - Filling up the DagBag from /home/airflow/.local/lib/python3.12/site-packages/airflow/example_dags/example_xcomargs.py
[2024-11-15T05:46:51.107+0000] {processor.py:925} INFO - DAG(s) 'example_xcom_args_with_operators', 'example_xcom_args' retrieved from /home/airflow/.local/lib/python3.12/site-packages/airflow/example_dags/example_xcomargs.py
[2024-11-15T05:46:51.173+0000] {logging_mixin.py:190} INFO - [2024-11-15T05:46:51.172+0000] {dag.py:3239} INFO - Sync 2 DAGs
[2024-11-15T05:46:51.228+0000] {logging_mixin.py:190} INFO - [2024-11-15T05:46:51.227+0000] {dag.py:4180} INFO - Setting next_dagrun for example_xcom_args to None, run_after=None
[2024-11-15T05:46:51.239+0000] {logging_mixin.py:190} INFO - [2024-11-15T05:46:51.238+0000] {dag.py:4180} INFO - Setting next_dagrun for example_xcom_args_with_operators to None, run_after=None
[2024-11-15T05:46:51.316+0000] {processor.py:208} INFO - Processing /home/airflow/.local/lib/python3.12/site-packages/airflow/example_dags/example_xcomargs.py took 0.250 seconds
[2024-11-15T05:47:22.314+0000] {processor.py:186} INFO - Started process (PID=1175) to work on /home/airflow/.local/lib/python3.12/site-packages/airflow/example_dags/example_xcomargs.py
[2024-11-15T05:47:22.316+0000] {processor.py:914} INFO - Processing file /home/airflow/.local/lib/python3.12/site-packages/airflow/example_dags/example_xcomargs.py for tasks to queue
[2024-11-15T05:47:22.321+0000] {logging_mixin.py:190} INFO - [2024-11-15T05:47:22.321+0000] {dagbag.py:588} INFO - Filling up the DagBag from /home/airflow/.local/lib/python3.12/site-packages/airflow/example_dags/example_xcomargs.py
[2024-11-15T05:47:22.343+0000] {processor.py:925} INFO - DAG(s) 'example_xcom_args', 'example_xcom_args_with_operators' retrieved from /home/airflow/.local/lib/python3.12/site-packages/airflow/example_dags/example_xcomargs.py
[2024-11-15T05:47:22.392+0000] {logging_mixin.py:190} INFO - [2024-11-15T05:47:22.392+0000] {dag.py:3239} INFO - Sync 2 DAGs
[2024-11-15T05:47:22.438+0000] {logging_mixin.py:190} INFO - [2024-11-15T05:47:22.438+0000] {dag.py:4180} INFO - Setting next_dagrun for example_xcom_args to None, run_after=None
[2024-11-15T05:47:22.449+0000] {logging_mixin.py:190} INFO - [2024-11-15T05:47:22.448+0000] {dag.py:4180} INFO - Setting next_dagrun for example_xcom_args_with_operators to None, run_after=None
[2024-11-15T05:47:22.486+0000] {processor.py:208} INFO - Processing /home/airflow/.local/lib/python3.12/site-packages/airflow/example_dags/example_xcomargs.py took 0.183 seconds
[2024-11-15T05:47:53.169+0000] {processor.py:186} INFO - Started process (PID=1239) to work on /home/airflow/.local/lib/python3.12/site-packages/airflow/example_dags/example_xcomargs.py
[2024-11-15T05:47:53.177+0000] {processor.py:914} INFO - Processing file /home/airflow/.local/lib/python3.12/site-packages/airflow/example_dags/example_xcomargs.py for tasks to queue
[2024-11-15T05:47:53.194+0000] {logging_mixin.py:190} INFO - [2024-11-15T05:47:53.194+0000] {dagbag.py:588} INFO - Filling up the DagBag from /home/airflow/.local/lib/python3.12/site-packages/airflow/example_dags/example_xcomargs.py
[2024-11-15T05:47:53.222+0000] {processor.py:925} INFO - DAG(s) 'example_xcom_args', 'example_xcom_args_with_operators' retrieved from /home/airflow/.local/lib/python3.12/site-packages/airflow/example_dags/example_xcomargs.py
[2024-11-15T05:47:53.282+0000] {logging_mixin.py:190} INFO - [2024-11-15T05:47:53.281+0000] {dag.py:3239} INFO - Sync 2 DAGs
[2024-11-15T05:47:53.319+0000] {logging_mixin.py:190} INFO - [2024-11-15T05:47:53.319+0000] {dag.py:4180} INFO - Setting next_dagrun for example_xcom_args to None, run_after=None
[2024-11-15T05:47:53.331+0000] {logging_mixin.py:190} INFO - [2024-11-15T05:47:53.330+0000] {dag.py:4180} INFO - Setting next_dagrun for example_xcom_args_with_operators to None, run_after=None
[2024-11-15T05:47:53.370+0000] {processor.py:208} INFO - Processing /home/airflow/.local/lib/python3.12/site-packages/airflow/example_dags/example_xcomargs.py took 0.222 seconds
[2024-11-15T05:48:23.786+0000] {processor.py:186} INFO - Started process (PID=1304) to work on /home/airflow/.local/lib/python3.12/site-packages/airflow/example_dags/example_xcomargs.py
[2024-11-15T05:48:23.791+0000] {processor.py:914} INFO - Processing file /home/airflow/.local/lib/python3.12/site-packages/airflow/example_dags/example_xcomargs.py for tasks to queue
[2024-11-15T05:48:23.801+0000] {logging_mixin.py:190} INFO - [2024-11-15T05:48:23.800+0000] {dagbag.py:588} INFO - Filling up the DagBag from /home/airflow/.local/lib/python3.12/site-packages/airflow/example_dags/example_xcomargs.py
[2024-11-15T05:48:23.847+0000] {processor.py:925} INFO - DAG(s) 'example_xcom_args_with_operators', 'example_xcom_args' retrieved from /home/airflow/.local/lib/python3.12/site-packages/airflow/example_dags/example_xcomargs.py
[2024-11-15T05:48:23.942+0000] {logging_mixin.py:190} INFO - [2024-11-15T05:48:23.940+0000] {dag.py:3239} INFO - Sync 2 DAGs
[2024-11-15T05:48:24.013+0000] {logging_mixin.py:190} INFO - [2024-11-15T05:48:24.012+0000] {dag.py:4180} INFO - Setting next_dagrun for example_xcom_args to None, run_after=None
[2024-11-15T05:48:24.029+0000] {logging_mixin.py:190} INFO - [2024-11-15T05:48:24.028+0000] {dag.py:4180} INFO - Setting next_dagrun for example_xcom_args_with_operators to None, run_after=None
[2024-11-15T05:48:24.115+0000] {processor.py:208} INFO - Processing /home/airflow/.local/lib/python3.12/site-packages/airflow/example_dags/example_xcomargs.py took 0.357 seconds
[2024-11-15T05:48:54.408+0000] {processor.py:186} INFO - Started process (PID=1369) to work on /home/airflow/.local/lib/python3.12/site-packages/airflow/example_dags/example_xcomargs.py
[2024-11-15T05:48:54.410+0000] {processor.py:914} INFO - Processing file /home/airflow/.local/lib/python3.12/site-packages/airflow/example_dags/example_xcomargs.py for tasks to queue
[2024-11-15T05:48:54.417+0000] {logging_mixin.py:190} INFO - [2024-11-15T05:48:54.416+0000] {dagbag.py:588} INFO - Filling up the DagBag from /home/airflow/.local/lib/python3.12/site-packages/airflow/example_dags/example_xcomargs.py
[2024-11-15T05:48:54.437+0000] {processor.py:925} INFO - DAG(s) 'example_xcom_args', 'example_xcom_args_with_operators' retrieved from /home/airflow/.local/lib/python3.12/site-packages/airflow/example_dags/example_xcomargs.py
[2024-11-15T05:48:54.483+0000] {logging_mixin.py:190} INFO - [2024-11-15T05:48:54.482+0000] {dag.py:3239} INFO - Sync 2 DAGs
[2024-11-15T05:48:54.512+0000] {logging_mixin.py:190} INFO - [2024-11-15T05:48:54.512+0000] {dag.py:4180} INFO - Setting next_dagrun for example_xcom_args to None, run_after=None
[2024-11-15T05:48:54.519+0000] {logging_mixin.py:190} INFO - [2024-11-15T05:48:54.519+0000] {dag.py:4180} INFO - Setting next_dagrun for example_xcom_args_with_operators to None, run_after=None
[2024-11-15T05:48:54.550+0000] {processor.py:208} INFO - Processing /home/airflow/.local/lib/python3.12/site-packages/airflow/example_dags/example_xcomargs.py took 0.154 seconds
[2024-11-15T05:49:25.091+0000] {processor.py:186} INFO - Started process (PID=1434) to work on /home/airflow/.local/lib/python3.12/site-packages/airflow/example_dags/example_xcomargs.py
[2024-11-15T05:49:25.095+0000] {processor.py:914} INFO - Processing file /home/airflow/.local/lib/python3.12/site-packages/airflow/example_dags/example_xcomargs.py for tasks to queue
[2024-11-15T05:49:25.102+0000] {logging_mixin.py:190} INFO - [2024-11-15T05:49:25.101+0000] {dagbag.py:588} INFO - Filling up the DagBag from /home/airflow/.local/lib/python3.12/site-packages/airflow/example_dags/example_xcomargs.py
[2024-11-15T05:49:25.135+0000] {processor.py:925} INFO - DAG(s) 'example_xcom_args', 'example_xcom_args_with_operators' retrieved from /home/airflow/.local/lib/python3.12/site-packages/airflow/example_dags/example_xcomargs.py
[2024-11-15T05:49:25.193+0000] {logging_mixin.py:190} INFO - [2024-11-15T05:49:25.192+0000] {dag.py:3239} INFO - Sync 2 DAGs
[2024-11-15T05:49:25.234+0000] {logging_mixin.py:190} INFO - [2024-11-15T05:49:25.234+0000] {dag.py:4180} INFO - Setting next_dagrun for example_xcom_args to None, run_after=None
[2024-11-15T05:49:25.241+0000] {logging_mixin.py:190} INFO - [2024-11-15T05:49:25.241+0000] {dag.py:4180} INFO - Setting next_dagrun for example_xcom_args_with_operators to None, run_after=None
[2024-11-15T05:49:25.275+0000] {processor.py:208} INFO - Processing /home/airflow/.local/lib/python3.12/site-packages/airflow/example_dags/example_xcomargs.py took 0.198 seconds
[2024-11-15T05:50:27.225+0000] {processor.py:186} INFO - Started process (PID=1489) to work on /home/airflow/.local/lib/python3.12/site-packages/airflow/example_dags/example_xcomargs.py
[2024-11-15T05:50:27.229+0000] {processor.py:914} INFO - Processing file /home/airflow/.local/lib/python3.12/site-packages/airflow/example_dags/example_xcomargs.py for tasks to queue
[2024-11-15T05:50:27.237+0000] {logging_mixin.py:190} INFO - [2024-11-15T05:50:27.236+0000] {dagbag.py:588} INFO - Filling up the DagBag from /home/airflow/.local/lib/python3.12/site-packages/airflow/example_dags/example_xcomargs.py
[2024-11-15T05:50:27.271+0000] {processor.py:925} INFO - DAG(s) 'example_xcom_args', 'example_xcom_args_with_operators' retrieved from /home/airflow/.local/lib/python3.12/site-packages/airflow/example_dags/example_xcomargs.py
[2024-11-15T05:50:27.340+0000] {logging_mixin.py:190} INFO - [2024-11-15T05:50:27.339+0000] {dag.py:3239} INFO - Sync 2 DAGs
[2024-11-15T05:50:27.390+0000] {logging_mixin.py:190} INFO - [2024-11-15T05:50:27.389+0000] {dag.py:4180} INFO - Setting next_dagrun for example_xcom_args to None, run_after=None
[2024-11-15T05:50:27.402+0000] {logging_mixin.py:190} INFO - [2024-11-15T05:50:27.401+0000] {dag.py:4180} INFO - Setting next_dagrun for example_xcom_args_with_operators to None, run_after=None
[2024-11-15T05:50:27.460+0000] {processor.py:208} INFO - Processing /home/airflow/.local/lib/python3.12/site-packages/airflow/example_dags/example_xcomargs.py took 0.253 seconds
[2024-11-15T05:50:58.708+0000] {processor.py:186} INFO - Started process (PID=1555) to work on /home/airflow/.local/lib/python3.12/site-packages/airflow/example_dags/example_xcomargs.py
[2024-11-15T05:50:58.712+0000] {processor.py:914} INFO - Processing file /home/airflow/.local/lib/python3.12/site-packages/airflow/example_dags/example_xcomargs.py for tasks to queue
[2024-11-15T05:50:58.721+0000] {logging_mixin.py:190} INFO - [2024-11-15T05:50:58.720+0000] {dagbag.py:588} INFO - Filling up the DagBag from /home/airflow/.local/lib/python3.12/site-packages/airflow/example_dags/example_xcomargs.py
[2024-11-15T05:50:58.763+0000] {processor.py:925} INFO - DAG(s) 'example_xcom_args_with_operators', 'example_xcom_args' retrieved from /home/airflow/.local/lib/python3.12/site-packages/airflow/example_dags/example_xcomargs.py
[2024-11-15T05:50:58.867+0000] {logging_mixin.py:190} INFO - [2024-11-15T05:50:58.866+0000] {dag.py:3239} INFO - Sync 2 DAGs
[2024-11-15T05:50:58.937+0000] {logging_mixin.py:190} INFO - [2024-11-15T05:50:58.936+0000] {dag.py:4180} INFO - Setting next_dagrun for example_xcom_args to None, run_after=None
[2024-11-15T05:50:58.953+0000] {logging_mixin.py:190} INFO - [2024-11-15T05:50:58.953+0000] {dag.py:4180} INFO - Setting next_dagrun for example_xcom_args_with_operators to None, run_after=None
[2024-11-15T05:50:59.028+0000] {processor.py:208} INFO - Processing /home/airflow/.local/lib/python3.12/site-packages/airflow/example_dags/example_xcomargs.py took 0.346 seconds
[2024-11-15T05:51:30.026+0000] {processor.py:186} INFO - Started process (PID=1621) to work on /home/airflow/.local/lib/python3.12/site-packages/airflow/example_dags/example_xcomargs.py
[2024-11-15T05:51:30.030+0000] {processor.py:914} INFO - Processing file /home/airflow/.local/lib/python3.12/site-packages/airflow/example_dags/example_xcomargs.py for tasks to queue
[2024-11-15T05:51:30.041+0000] {logging_mixin.py:190} INFO - [2024-11-15T05:51:30.041+0000] {dagbag.py:588} INFO - Filling up the DagBag from /home/airflow/.local/lib/python3.12/site-packages/airflow/example_dags/example_xcomargs.py
[2024-11-15T05:51:30.087+0000] {processor.py:925} INFO - DAG(s) 'example_xcom_args', 'example_xcom_args_with_operators' retrieved from /home/airflow/.local/lib/python3.12/site-packages/airflow/example_dags/example_xcomargs.py
[2024-11-15T05:51:30.170+0000] {logging_mixin.py:190} INFO - [2024-11-15T05:51:30.170+0000] {dag.py:3239} INFO - Sync 2 DAGs
[2024-11-15T05:51:30.219+0000] {logging_mixin.py:190} INFO - [2024-11-15T05:51:30.218+0000] {dag.py:4180} INFO - Setting next_dagrun for example_xcom_args to None, run_after=None
[2024-11-15T05:51:30.230+0000] {logging_mixin.py:190} INFO - [2024-11-15T05:51:30.230+0000] {dag.py:4180} INFO - Setting next_dagrun for example_xcom_args_with_operators to None, run_after=None
[2024-11-15T05:51:30.272+0000] {processor.py:208} INFO - Processing /home/airflow/.local/lib/python3.12/site-packages/airflow/example_dags/example_xcomargs.py took 0.273 seconds
[2024-11-15T05:52:00.705+0000] {processor.py:186} INFO - Started process (PID=1685) to work on /home/airflow/.local/lib/python3.12/site-packages/airflow/example_dags/example_xcomargs.py
[2024-11-15T05:52:00.710+0000] {processor.py:914} INFO - Processing file /home/airflow/.local/lib/python3.12/site-packages/airflow/example_dags/example_xcomargs.py for tasks to queue
[2024-11-15T05:52:00.717+0000] {logging_mixin.py:190} INFO - [2024-11-15T05:52:00.717+0000] {dagbag.py:588} INFO - Filling up the DagBag from /home/airflow/.local/lib/python3.12/site-packages/airflow/example_dags/example_xcomargs.py
[2024-11-15T05:52:00.745+0000] {processor.py:925} INFO - DAG(s) 'example_xcom_args', 'example_xcom_args_with_operators' retrieved from /home/airflow/.local/lib/python3.12/site-packages/airflow/example_dags/example_xcomargs.py
[2024-11-15T05:52:00.811+0000] {logging_mixin.py:190} INFO - [2024-11-15T05:52:00.810+0000] {dag.py:3239} INFO - Sync 2 DAGs
[2024-11-15T05:52:00.851+0000] {logging_mixin.py:190} INFO - [2024-11-15T05:52:00.851+0000] {dag.py:4180} INFO - Setting next_dagrun for example_xcom_args to None, run_after=None
[2024-11-15T05:52:00.860+0000] {logging_mixin.py:190} INFO - [2024-11-15T05:52:00.859+0000] {dag.py:4180} INFO - Setting next_dagrun for example_xcom_args_with_operators to None, run_after=None
[2024-11-15T05:52:00.901+0000] {processor.py:208} INFO - Processing /home/airflow/.local/lib/python3.12/site-packages/airflow/example_dags/example_xcomargs.py took 0.215 seconds
[2024-11-15T05:52:31.197+0000] {processor.py:186} INFO - Started process (PID=1749) to work on /home/airflow/.local/lib/python3.12/site-packages/airflow/example_dags/example_xcomargs.py
[2024-11-15T05:52:31.199+0000] {processor.py:914} INFO - Processing file /home/airflow/.local/lib/python3.12/site-packages/airflow/example_dags/example_xcomargs.py for tasks to queue
[2024-11-15T05:52:31.204+0000] {logging_mixin.py:190} INFO - [2024-11-15T05:52:31.204+0000] {dagbag.py:588} INFO - Filling up the DagBag from /home/airflow/.local/lib/python3.12/site-packages/airflow/example_dags/example_xcomargs.py
[2024-11-15T05:52:31.227+0000] {processor.py:925} INFO - DAG(s) 'example_xcom_args', 'example_xcom_args_with_operators' retrieved from /home/airflow/.local/lib/python3.12/site-packages/airflow/example_dags/example_xcomargs.py
[2024-11-15T05:52:31.286+0000] {logging_mixin.py:190} INFO - [2024-11-15T05:52:31.285+0000] {dag.py:3239} INFO - Sync 2 DAGs
[2024-11-15T05:52:31.338+0000] {logging_mixin.py:190} INFO - [2024-11-15T05:52:31.337+0000] {dag.py:4180} INFO - Setting next_dagrun for example_xcom_args to None, run_after=None
[2024-11-15T05:52:31.351+0000] {logging_mixin.py:190} INFO - [2024-11-15T05:52:31.351+0000] {dag.py:4180} INFO - Setting next_dagrun for example_xcom_args_with_operators to None, run_after=None
[2024-11-15T05:52:31.395+0000] {processor.py:208} INFO - Processing /home/airflow/.local/lib/python3.12/site-packages/airflow/example_dags/example_xcomargs.py took 0.209 seconds
[2024-11-15T05:53:02.744+0000] {processor.py:186} INFO - Started process (PID=1815) to work on /home/airflow/.local/lib/python3.12/site-packages/airflow/example_dags/example_xcomargs.py
[2024-11-15T05:53:02.748+0000] {processor.py:914} INFO - Processing file /home/airflow/.local/lib/python3.12/site-packages/airflow/example_dags/example_xcomargs.py for tasks to queue
[2024-11-15T05:53:02.754+0000] {logging_mixin.py:190} INFO - [2024-11-15T05:53:02.754+0000] {dagbag.py:588} INFO - Filling up the DagBag from /home/airflow/.local/lib/python3.12/site-packages/airflow/example_dags/example_xcomargs.py
[2024-11-15T05:53:02.787+0000] {processor.py:925} INFO - DAG(s) 'example_xcom_args', 'example_xcom_args_with_operators' retrieved from /home/airflow/.local/lib/python3.12/site-packages/airflow/example_dags/example_xcomargs.py
[2024-11-15T05:53:02.846+0000] {logging_mixin.py:190} INFO - [2024-11-15T05:53:02.846+0000] {dag.py:3239} INFO - Sync 2 DAGs
[2024-11-15T05:53:02.888+0000] {logging_mixin.py:190} INFO - [2024-11-15T05:53:02.888+0000] {dag.py:4180} INFO - Setting next_dagrun for example_xcom_args to None, run_after=None
[2024-11-15T05:53:02.896+0000] {logging_mixin.py:190} INFO - [2024-11-15T05:53:02.895+0000] {dag.py:4180} INFO - Setting next_dagrun for example_xcom_args_with_operators to None, run_after=None
[2024-11-15T05:53:02.936+0000] {processor.py:208} INFO - Processing /home/airflow/.local/lib/python3.12/site-packages/airflow/example_dags/example_xcomargs.py took 0.211 seconds
[2024-11-15T05:53:34.391+0000] {processor.py:186} INFO - Started process (PID=1878) to work on /home/airflow/.local/lib/python3.12/site-packages/airflow/example_dags/example_xcomargs.py
[2024-11-15T05:53:34.395+0000] {processor.py:914} INFO - Processing file /home/airflow/.local/lib/python3.12/site-packages/airflow/example_dags/example_xcomargs.py for tasks to queue
[2024-11-15T05:53:34.402+0000] {logging_mixin.py:190} INFO - [2024-11-15T05:53:34.400+0000] {dagbag.py:588} INFO - Filling up the DagBag from /home/airflow/.local/lib/python3.12/site-packages/airflow/example_dags/example_xcomargs.py
[2024-11-15T05:53:34.437+0000] {processor.py:925} INFO - DAG(s) 'example_xcom_args_with_operators', 'example_xcom_args' retrieved from /home/airflow/.local/lib/python3.12/site-packages/airflow/example_dags/example_xcomargs.py
[2024-11-15T05:53:34.575+0000] {logging_mixin.py:190} INFO - [2024-11-15T05:53:34.574+0000] {dag.py:3239} INFO - Sync 2 DAGs
[2024-11-15T05:53:34.676+0000] {logging_mixin.py:190} INFO - [2024-11-15T05:53:34.676+0000] {dag.py:4180} INFO - Setting next_dagrun for example_xcom_args to None, run_after=None
[2024-11-15T05:53:34.696+0000] {logging_mixin.py:190} INFO - [2024-11-15T05:53:34.695+0000] {dag.py:4180} INFO - Setting next_dagrun for example_xcom_args_with_operators to None, run_after=None
[2024-11-15T05:53:34.731+0000] {processor.py:208} INFO - Processing /home/airflow/.local/lib/python3.12/site-packages/airflow/example_dags/example_xcomargs.py took 0.359 seconds
[2024-11-15T05:54:05.296+0000] {processor.py:186} INFO - Started process (PID=1943) to work on /home/airflow/.local/lib/python3.12/site-packages/airflow/example_dags/example_xcomargs.py
[2024-11-15T05:54:05.299+0000] {processor.py:914} INFO - Processing file /home/airflow/.local/lib/python3.12/site-packages/airflow/example_dags/example_xcomargs.py for tasks to queue
[2024-11-15T05:54:05.303+0000] {logging_mixin.py:190} INFO - [2024-11-15T05:54:05.302+0000] {dagbag.py:588} INFO - Filling up the DagBag from /home/airflow/.local/lib/python3.12/site-packages/airflow/example_dags/example_xcomargs.py
[2024-11-15T05:54:05.328+0000] {processor.py:925} INFO - DAG(s) 'example_xcom_args_with_operators', 'example_xcom_args' retrieved from /home/airflow/.local/lib/python3.12/site-packages/airflow/example_dags/example_xcomargs.py
[2024-11-15T05:54:05.376+0000] {logging_mixin.py:190} INFO - [2024-11-15T05:54:05.376+0000] {dag.py:3239} INFO - Sync 2 DAGs
[2024-11-15T05:54:05.404+0000] {logging_mixin.py:190} INFO - [2024-11-15T05:54:05.404+0000] {dag.py:4180} INFO - Setting next_dagrun for example_xcom_args to None, run_after=None
[2024-11-15T05:54:05.413+0000] {logging_mixin.py:190} INFO - [2024-11-15T05:54:05.412+0000] {dag.py:4180} INFO - Setting next_dagrun for example_xcom_args_with_operators to None, run_after=None
[2024-11-15T05:54:05.452+0000] {processor.py:208} INFO - Processing /home/airflow/.local/lib/python3.12/site-packages/airflow/example_dags/example_xcomargs.py took 0.169 seconds
[2024-11-15T05:54:36.190+0000] {processor.py:186} INFO - Started process (PID=2008) to work on /home/airflow/.local/lib/python3.12/site-packages/airflow/example_dags/example_xcomargs.py
[2024-11-15T05:54:36.192+0000] {processor.py:914} INFO - Processing file /home/airflow/.local/lib/python3.12/site-packages/airflow/example_dags/example_xcomargs.py for tasks to queue
[2024-11-15T05:54:36.199+0000] {logging_mixin.py:190} INFO - [2024-11-15T05:54:36.198+0000] {dagbag.py:588} INFO - Filling up the DagBag from /home/airflow/.local/lib/python3.12/site-packages/airflow/example_dags/example_xcomargs.py
[2024-11-15T05:54:36.219+0000] {processor.py:925} INFO - DAG(s) 'example_xcom_args', 'example_xcom_args_with_operators' retrieved from /home/airflow/.local/lib/python3.12/site-packages/airflow/example_dags/example_xcomargs.py
[2024-11-15T05:54:36.270+0000] {logging_mixin.py:190} INFO - [2024-11-15T05:54:36.270+0000] {dag.py:3239} INFO - Sync 2 DAGs
[2024-11-15T05:54:36.302+0000] {logging_mixin.py:190} INFO - [2024-11-15T05:54:36.301+0000] {dag.py:4180} INFO - Setting next_dagrun for example_xcom_args to None, run_after=None
[2024-11-15T05:54:36.309+0000] {logging_mixin.py:190} INFO - [2024-11-15T05:54:36.309+0000] {dag.py:4180} INFO - Setting next_dagrun for example_xcom_args_with_operators to None, run_after=None
[2024-11-15T05:54:36.343+0000] {processor.py:208} INFO - Processing /home/airflow/.local/lib/python3.12/site-packages/airflow/example_dags/example_xcomargs.py took 0.167 seconds
[2024-11-15T05:55:32.527+0000] {processor.py:186} INFO - Started process (PID=2079) to work on /home/airflow/.local/lib/python3.12/site-packages/airflow/example_dags/example_xcomargs.py
[2024-11-15T05:55:32.530+0000] {processor.py:914} INFO - Processing file /home/airflow/.local/lib/python3.12/site-packages/airflow/example_dags/example_xcomargs.py for tasks to queue
[2024-11-15T05:55:32.537+0000] {logging_mixin.py:190} INFO - [2024-11-15T05:55:32.536+0000] {dagbag.py:588} INFO - Filling up the DagBag from /home/airflow/.local/lib/python3.12/site-packages/airflow/example_dags/example_xcomargs.py
[2024-11-15T05:55:32.574+0000] {processor.py:925} INFO - DAG(s) 'example_xcom_args_with_operators', 'example_xcom_args' retrieved from /home/airflow/.local/lib/python3.12/site-packages/airflow/example_dags/example_xcomargs.py
[2024-11-15T05:55:32.639+0000] {logging_mixin.py:190} INFO - [2024-11-15T05:55:32.638+0000] {dag.py:3239} INFO - Sync 2 DAGs
[2024-11-15T05:55:32.674+0000] {logging_mixin.py:190} INFO - [2024-11-15T05:55:32.673+0000] {dag.py:4180} INFO - Setting next_dagrun for example_xcom_args to None, run_after=None
[2024-11-15T05:55:32.682+0000] {logging_mixin.py:190} INFO - [2024-11-15T05:55:32.682+0000] {dag.py:4180} INFO - Setting next_dagrun for example_xcom_args_with_operators to None, run_after=None
[2024-11-15T05:55:32.723+0000] {processor.py:208} INFO - Processing /home/airflow/.local/lib/python3.12/site-packages/airflow/example_dags/example_xcomargs.py took 0.213 seconds
[2024-11-15T05:56:04.083+0000] {processor.py:186} INFO - Started process (PID=2144) to work on /home/airflow/.local/lib/python3.12/site-packages/airflow/example_dags/example_xcomargs.py
[2024-11-15T05:56:04.088+0000] {processor.py:914} INFO - Processing file /home/airflow/.local/lib/python3.12/site-packages/airflow/example_dags/example_xcomargs.py for tasks to queue
[2024-11-15T05:56:04.095+0000] {logging_mixin.py:190} INFO - [2024-11-15T05:56:04.094+0000] {dagbag.py:588} INFO - Filling up the DagBag from /home/airflow/.local/lib/python3.12/site-packages/airflow/example_dags/example_xcomargs.py
[2024-11-15T05:56:04.130+0000] {processor.py:925} INFO - DAG(s) 'example_xcom_args', 'example_xcom_args_with_operators' retrieved from /home/airflow/.local/lib/python3.12/site-packages/airflow/example_dags/example_xcomargs.py
[2024-11-15T05:56:04.203+0000] {logging_mixin.py:190} INFO - [2024-11-15T05:56:04.203+0000] {dag.py:3239} INFO - Sync 2 DAGs
[2024-11-15T05:56:04.253+0000] {logging_mixin.py:190} INFO - [2024-11-15T05:56:04.252+0000] {dag.py:4180} INFO - Setting next_dagrun for example_xcom_args to None, run_after=None
[2024-11-15T05:56:04.268+0000] {logging_mixin.py:190} INFO - [2024-11-15T05:56:04.267+0000] {dag.py:4180} INFO - Setting next_dagrun for example_xcom_args_with_operators to None, run_after=None
[2024-11-15T05:56:04.318+0000] {processor.py:208} INFO - Processing /home/airflow/.local/lib/python3.12/site-packages/airflow/example_dags/example_xcomargs.py took 0.250 seconds
[2024-11-15T05:56:37.058+0000] {processor.py:186} INFO - Started process (PID=2209) to work on /home/airflow/.local/lib/python3.12/site-packages/airflow/example_dags/example_xcomargs.py
[2024-11-15T05:56:37.061+0000] {processor.py:914} INFO - Processing file /home/airflow/.local/lib/python3.12/site-packages/airflow/example_dags/example_xcomargs.py for tasks to queue
[2024-11-15T05:56:37.067+0000] {logging_mixin.py:190} INFO - [2024-11-15T05:56:37.066+0000] {dagbag.py:588} INFO - Filling up the DagBag from /home/airflow/.local/lib/python3.12/site-packages/airflow/example_dags/example_xcomargs.py
[2024-11-15T05:56:37.095+0000] {processor.py:925} INFO - DAG(s) 'example_xcom_args_with_operators', 'example_xcom_args' retrieved from /home/airflow/.local/lib/python3.12/site-packages/airflow/example_dags/example_xcomargs.py
[2024-11-15T05:56:37.152+0000] {logging_mixin.py:190} INFO - [2024-11-15T05:56:37.151+0000] {dag.py:3239} INFO - Sync 2 DAGs
[2024-11-15T05:56:37.195+0000] {logging_mixin.py:190} INFO - [2024-11-15T05:56:37.195+0000] {dag.py:4180} INFO - Setting next_dagrun for example_xcom_args to None, run_after=None
[2024-11-15T05:56:37.207+0000] {logging_mixin.py:190} INFO - [2024-11-15T05:56:37.206+0000] {dag.py:4180} INFO - Setting next_dagrun for example_xcom_args_with_operators to None, run_after=None
[2024-11-15T05:56:37.242+0000] {processor.py:208} INFO - Processing /home/airflow/.local/lib/python3.12/site-packages/airflow/example_dags/example_xcomargs.py took 0.198 seconds
[2024-11-15T05:57:09.726+0000] {processor.py:186} INFO - Started process (PID=2274) to work on /home/airflow/.local/lib/python3.12/site-packages/airflow/example_dags/example_xcomargs.py
[2024-11-15T05:57:09.730+0000] {processor.py:914} INFO - Processing file /home/airflow/.local/lib/python3.12/site-packages/airflow/example_dags/example_xcomargs.py for tasks to queue
[2024-11-15T05:57:09.736+0000] {logging_mixin.py:190} INFO - [2024-11-15T05:57:09.735+0000] {dagbag.py:588} INFO - Filling up the DagBag from /home/airflow/.local/lib/python3.12/site-packages/airflow/example_dags/example_xcomargs.py
[2024-11-15T05:57:09.767+0000] {processor.py:925} INFO - DAG(s) 'example_xcom_args', 'example_xcom_args_with_operators' retrieved from /home/airflow/.local/lib/python3.12/site-packages/airflow/example_dags/example_xcomargs.py
[2024-11-15T05:57:09.829+0000] {logging_mixin.py:190} INFO - [2024-11-15T05:57:09.828+0000] {dag.py:3239} INFO - Sync 2 DAGs
[2024-11-15T05:57:09.871+0000] {logging_mixin.py:190} INFO - [2024-11-15T05:57:09.870+0000] {dag.py:4180} INFO - Setting next_dagrun for example_xcom_args to None, run_after=None
[2024-11-15T05:57:09.884+0000] {logging_mixin.py:190} INFO - [2024-11-15T05:57:09.883+0000] {dag.py:4180} INFO - Setting next_dagrun for example_xcom_args_with_operators to None, run_after=None
[2024-11-15T05:57:09.933+0000] {processor.py:208} INFO - Processing /home/airflow/.local/lib/python3.12/site-packages/airflow/example_dags/example_xcomargs.py took 0.226 seconds
[2024-11-15T05:57:41.417+0000] {processor.py:186} INFO - Started process (PID=2339) to work on /home/airflow/.local/lib/python3.12/site-packages/airflow/example_dags/example_xcomargs.py
[2024-11-15T05:57:41.419+0000] {processor.py:914} INFO - Processing file /home/airflow/.local/lib/python3.12/site-packages/airflow/example_dags/example_xcomargs.py for tasks to queue
[2024-11-15T05:57:41.424+0000] {logging_mixin.py:190} INFO - [2024-11-15T05:57:41.423+0000] {dagbag.py:588} INFO - Filling up the DagBag from /home/airflow/.local/lib/python3.12/site-packages/airflow/example_dags/example_xcomargs.py
[2024-11-15T05:57:41.448+0000] {processor.py:925} INFO - DAG(s) 'example_xcom_args', 'example_xcom_args_with_operators' retrieved from /home/airflow/.local/lib/python3.12/site-packages/airflow/example_dags/example_xcomargs.py
[2024-11-15T05:57:41.492+0000] {logging_mixin.py:190} INFO - [2024-11-15T05:57:41.492+0000] {dag.py:3239} INFO - Sync 2 DAGs
[2024-11-15T05:57:41.528+0000] {logging_mixin.py:190} INFO - [2024-11-15T05:57:41.527+0000] {dag.py:4180} INFO - Setting next_dagrun for example_xcom_args to None, run_after=None
[2024-11-15T05:57:41.536+0000] {logging_mixin.py:190} INFO - [2024-11-15T05:57:41.535+0000] {dag.py:4180} INFO - Setting next_dagrun for example_xcom_args_with_operators to None, run_after=None
[2024-11-15T05:57:41.572+0000] {processor.py:208} INFO - Processing /home/airflow/.local/lib/python3.12/site-packages/airflow/example_dags/example_xcomargs.py took 0.166 seconds
[2024-11-15T05:58:14.136+0000] {processor.py:186} INFO - Started process (PID=2405) to work on /home/airflow/.local/lib/python3.12/site-packages/airflow/example_dags/example_xcomargs.py
[2024-11-15T05:58:14.141+0000] {processor.py:914} INFO - Processing file /home/airflow/.local/lib/python3.12/site-packages/airflow/example_dags/example_xcomargs.py for tasks to queue
[2024-11-15T05:58:14.154+0000] {logging_mixin.py:190} INFO - [2024-11-15T05:58:14.150+0000] {dagbag.py:588} INFO - Filling up the DagBag from /home/airflow/.local/lib/python3.12/site-packages/airflow/example_dags/example_xcomargs.py
[2024-11-15T05:58:14.214+0000] {processor.py:925} INFO - DAG(s) 'example_xcom_args', 'example_xcom_args_with_operators' retrieved from /home/airflow/.local/lib/python3.12/site-packages/airflow/example_dags/example_xcomargs.py
[2024-11-15T05:58:14.303+0000] {logging_mixin.py:190} INFO - [2024-11-15T05:58:14.303+0000] {dag.py:3239} INFO - Sync 2 DAGs
[2024-11-15T05:58:14.353+0000] {logging_mixin.py:190} INFO - [2024-11-15T05:58:14.352+0000] {dag.py:4180} INFO - Setting next_dagrun for example_xcom_args to None, run_after=None
[2024-11-15T05:58:14.362+0000] {logging_mixin.py:190} INFO - [2024-11-15T05:58:14.361+0000] {dag.py:4180} INFO - Setting next_dagrun for example_xcom_args_with_operators to None, run_after=None
[2024-11-15T05:58:14.411+0000] {processor.py:208} INFO - Processing /home/airflow/.local/lib/python3.12/site-packages/airflow/example_dags/example_xcomargs.py took 0.295 seconds
[2024-11-15T05:58:46.376+0000] {processor.py:186} INFO - Started process (PID=2470) to work on /home/airflow/.local/lib/python3.12/site-packages/airflow/example_dags/example_xcomargs.py
[2024-11-15T05:58:46.378+0000] {processor.py:914} INFO - Processing file /home/airflow/.local/lib/python3.12/site-packages/airflow/example_dags/example_xcomargs.py for tasks to queue
[2024-11-15T05:58:46.382+0000] {logging_mixin.py:190} INFO - [2024-11-15T05:58:46.381+0000] {dagbag.py:588} INFO - Filling up the DagBag from /home/airflow/.local/lib/python3.12/site-packages/airflow/example_dags/example_xcomargs.py
[2024-11-15T05:58:46.405+0000] {processor.py:925} INFO - DAG(s) 'example_xcom_args', 'example_xcom_args_with_operators' retrieved from /home/airflow/.local/lib/python3.12/site-packages/airflow/example_dags/example_xcomargs.py
[2024-11-15T05:58:46.461+0000] {logging_mixin.py:190} INFO - [2024-11-15T05:58:46.461+0000] {dag.py:3239} INFO - Sync 2 DAGs
[2024-11-15T05:58:46.490+0000] {logging_mixin.py:190} INFO - [2024-11-15T05:58:46.490+0000] {dag.py:4180} INFO - Setting next_dagrun for example_xcom_args to None, run_after=None
[2024-11-15T05:58:46.497+0000] {logging_mixin.py:190} INFO - [2024-11-15T05:58:46.497+0000] {dag.py:4180} INFO - Setting next_dagrun for example_xcom_args_with_operators to None, run_after=None
[2024-11-15T05:58:46.529+0000] {processor.py:208} INFO - Processing /home/airflow/.local/lib/python3.12/site-packages/airflow/example_dags/example_xcomargs.py took 0.167 seconds
[2024-11-15T05:59:18.923+0000] {processor.py:186} INFO - Started process (PID=2535) to work on /home/airflow/.local/lib/python3.12/site-packages/airflow/example_dags/example_xcomargs.py
[2024-11-15T05:59:18.927+0000] {processor.py:914} INFO - Processing file /home/airflow/.local/lib/python3.12/site-packages/airflow/example_dags/example_xcomargs.py for tasks to queue
[2024-11-15T05:59:18.932+0000] {logging_mixin.py:190} INFO - [2024-11-15T05:59:18.931+0000] {dagbag.py:588} INFO - Filling up the DagBag from /home/airflow/.local/lib/python3.12/site-packages/airflow/example_dags/example_xcomargs.py
[2024-11-15T05:59:18.961+0000] {processor.py:925} INFO - DAG(s) 'example_xcom_args_with_operators', 'example_xcom_args' retrieved from /home/airflow/.local/lib/python3.12/site-packages/airflow/example_dags/example_xcomargs.py
[2024-11-15T05:59:19.041+0000] {logging_mixin.py:190} INFO - [2024-11-15T05:59:19.040+0000] {dag.py:3239} INFO - Sync 2 DAGs
[2024-11-15T05:59:19.089+0000] {logging_mixin.py:190} INFO - [2024-11-15T05:59:19.089+0000] {dag.py:4180} INFO - Setting next_dagrun for example_xcom_args to None, run_after=None
[2024-11-15T05:59:19.099+0000] {logging_mixin.py:190} INFO - [2024-11-15T05:59:19.099+0000] {dag.py:4180} INFO - Setting next_dagrun for example_xcom_args_with_operators to None, run_after=None
[2024-11-15T05:59:19.140+0000] {processor.py:208} INFO - Processing /home/airflow/.local/lib/python3.12/site-packages/airflow/example_dags/example_xcomargs.py took 0.232 seconds
[2024-11-15T05:59:52.027+0000] {processor.py:186} INFO - Started process (PID=2606) to work on /home/airflow/.local/lib/python3.12/site-packages/airflow/example_dags/example_xcomargs.py
[2024-11-15T05:59:52.031+0000] {processor.py:914} INFO - Processing file /home/airflow/.local/lib/python3.12/site-packages/airflow/example_dags/example_xcomargs.py for tasks to queue
[2024-11-15T05:59:52.038+0000] {logging_mixin.py:190} INFO - [2024-11-15T05:59:52.037+0000] {dagbag.py:588} INFO - Filling up the DagBag from /home/airflow/.local/lib/python3.12/site-packages/airflow/example_dags/example_xcomargs.py
[2024-11-15T05:59:52.072+0000] {processor.py:925} INFO - DAG(s) 'example_xcom_args_with_operators', 'example_xcom_args' retrieved from /home/airflow/.local/lib/python3.12/site-packages/airflow/example_dags/example_xcomargs.py
[2024-11-15T05:59:52.130+0000] {logging_mixin.py:190} INFO - [2024-11-15T05:59:52.129+0000] {dag.py:3239} INFO - Sync 2 DAGs
[2024-11-15T05:59:52.168+0000] {logging_mixin.py:190} INFO - [2024-11-15T05:59:52.167+0000] {dag.py:4180} INFO - Setting next_dagrun for example_xcom_args to None, run_after=None
[2024-11-15T05:59:52.177+0000] {logging_mixin.py:190} INFO - [2024-11-15T05:59:52.177+0000] {dag.py:4180} INFO - Setting next_dagrun for example_xcom_args_with_operators to None, run_after=None
[2024-11-15T05:59:52.219+0000] {processor.py:208} INFO - Processing /home/airflow/.local/lib/python3.12/site-packages/airflow/example_dags/example_xcomargs.py took 0.218 seconds
[2024-11-15T06:00:24.484+0000] {processor.py:186} INFO - Started process (PID=2675) to work on /home/airflow/.local/lib/python3.12/site-packages/airflow/example_dags/example_xcomargs.py
[2024-11-15T06:00:24.487+0000] {processor.py:914} INFO - Processing file /home/airflow/.local/lib/python3.12/site-packages/airflow/example_dags/example_xcomargs.py for tasks to queue
[2024-11-15T06:00:24.493+0000] {logging_mixin.py:190} INFO - [2024-11-15T06:00:24.492+0000] {dagbag.py:588} INFO - Filling up the DagBag from /home/airflow/.local/lib/python3.12/site-packages/airflow/example_dags/example_xcomargs.py
[2024-11-15T06:00:24.518+0000] {processor.py:925} INFO - DAG(s) 'example_xcom_args_with_operators', 'example_xcom_args' retrieved from /home/airflow/.local/lib/python3.12/site-packages/airflow/example_dags/example_xcomargs.py
[2024-11-15T06:00:24.584+0000] {logging_mixin.py:190} INFO - [2024-11-15T06:00:24.583+0000] {dag.py:3239} INFO - Sync 2 DAGs
[2024-11-15T06:00:24.633+0000] {logging_mixin.py:190} INFO - [2024-11-15T06:00:24.632+0000] {dag.py:4180} INFO - Setting next_dagrun for example_xcom_args to None, run_after=None
[2024-11-15T06:00:24.644+0000] {logging_mixin.py:190} INFO - [2024-11-15T06:00:24.644+0000] {dag.py:4180} INFO - Setting next_dagrun for example_xcom_args_with_operators to None, run_after=None
[2024-11-15T06:00:24.694+0000] {processor.py:208} INFO - Processing /home/airflow/.local/lib/python3.12/site-packages/airflow/example_dags/example_xcomargs.py took 0.222 seconds
[2024-11-15T06:00:57.018+0000] {processor.py:186} INFO - Started process (PID=2744) to work on /home/airflow/.local/lib/python3.12/site-packages/airflow/example_dags/example_xcomargs.py
[2024-11-15T06:00:57.021+0000] {processor.py:914} INFO - Processing file /home/airflow/.local/lib/python3.12/site-packages/airflow/example_dags/example_xcomargs.py for tasks to queue
[2024-11-15T06:00:57.025+0000] {logging_mixin.py:190} INFO - [2024-11-15T06:00:57.025+0000] {dagbag.py:588} INFO - Filling up the DagBag from /home/airflow/.local/lib/python3.12/site-packages/airflow/example_dags/example_xcomargs.py
[2024-11-15T06:00:57.044+0000] {processor.py:925} INFO - DAG(s) 'example_xcom_args', 'example_xcom_args_with_operators' retrieved from /home/airflow/.local/lib/python3.12/site-packages/airflow/example_dags/example_xcomargs.py
[2024-11-15T06:00:57.084+0000] {logging_mixin.py:190} INFO - [2024-11-15T06:00:57.084+0000] {dag.py:3239} INFO - Sync 2 DAGs
[2024-11-15T06:00:57.124+0000] {logging_mixin.py:190} INFO - [2024-11-15T06:00:57.123+0000] {dag.py:4180} INFO - Setting next_dagrun for example_xcom_args to None, run_after=None
[2024-11-15T06:00:57.193+0000] {logging_mixin.py:190} INFO - [2024-11-15T06:00:57.192+0000] {dag.py:4180} INFO - Setting next_dagrun for example_xcom_args_with_operators to None, run_after=None
[2024-11-15T06:00:57.232+0000] {processor.py:208} INFO - Processing /home/airflow/.local/lib/python3.12/site-packages/airflow/example_dags/example_xcomargs.py took 0.225 seconds
[2024-11-15T06:01:29.735+0000] {processor.py:186} INFO - Started process (PID=2811) to work on /home/airflow/.local/lib/python3.12/site-packages/airflow/example_dags/example_xcomargs.py
[2024-11-15T06:01:29.737+0000] {processor.py:914} INFO - Processing file /home/airflow/.local/lib/python3.12/site-packages/airflow/example_dags/example_xcomargs.py for tasks to queue
[2024-11-15T06:01:29.742+0000] {logging_mixin.py:190} INFO - [2024-11-15T06:01:29.741+0000] {dagbag.py:588} INFO - Filling up the DagBag from /home/airflow/.local/lib/python3.12/site-packages/airflow/example_dags/example_xcomargs.py
[2024-11-15T06:01:29.765+0000] {processor.py:925} INFO - DAG(s) 'example_xcom_args_with_operators', 'example_xcom_args' retrieved from /home/airflow/.local/lib/python3.12/site-packages/airflow/example_dags/example_xcomargs.py
[2024-11-15T06:01:29.809+0000] {logging_mixin.py:190} INFO - [2024-11-15T06:01:29.809+0000] {dag.py:3239} INFO - Sync 2 DAGs
[2024-11-15T06:01:29.844+0000] {logging_mixin.py:190} INFO - [2024-11-15T06:01:29.843+0000] {dag.py:4180} INFO - Setting next_dagrun for example_xcom_args to None, run_after=None
[2024-11-15T06:01:29.852+0000] {logging_mixin.py:190} INFO - [2024-11-15T06:01:29.852+0000] {dag.py:4180} INFO - Setting next_dagrun for example_xcom_args_with_operators to None, run_after=None
[2024-11-15T06:01:29.891+0000] {processor.py:208} INFO - Processing /home/airflow/.local/lib/python3.12/site-packages/airflow/example_dags/example_xcomargs.py took 0.171 seconds
[2024-11-15T06:02:02.232+0000] {processor.py:186} INFO - Started process (PID=2876) to work on /home/airflow/.local/lib/python3.12/site-packages/airflow/example_dags/example_xcomargs.py
[2024-11-15T06:02:02.236+0000] {processor.py:914} INFO - Processing file /home/airflow/.local/lib/python3.12/site-packages/airflow/example_dags/example_xcomargs.py for tasks to queue
[2024-11-15T06:02:02.243+0000] {logging_mixin.py:190} INFO - [2024-11-15T06:02:02.242+0000] {dagbag.py:588} INFO - Filling up the DagBag from /home/airflow/.local/lib/python3.12/site-packages/airflow/example_dags/example_xcomargs.py
[2024-11-15T06:02:02.275+0000] {processor.py:925} INFO - DAG(s) 'example_xcom_args_with_operators', 'example_xcom_args' retrieved from /home/airflow/.local/lib/python3.12/site-packages/airflow/example_dags/example_xcomargs.py
[2024-11-15T06:02:02.332+0000] {logging_mixin.py:190} INFO - [2024-11-15T06:02:02.331+0000] {dag.py:3239} INFO - Sync 2 DAGs
[2024-11-15T06:02:02.367+0000] {logging_mixin.py:190} INFO - [2024-11-15T06:02:02.367+0000] {dag.py:4180} INFO - Setting next_dagrun for example_xcom_args to None, run_after=None
[2024-11-15T06:02:02.377+0000] {logging_mixin.py:190} INFO - [2024-11-15T06:02:02.376+0000] {dag.py:4180} INFO - Setting next_dagrun for example_xcom_args_with_operators to None, run_after=None
[2024-11-15T06:02:02.417+0000] {processor.py:208} INFO - Processing /home/airflow/.local/lib/python3.12/site-packages/airflow/example_dags/example_xcomargs.py took 0.212 seconds
[2024-11-15T06:02:42.460+0000] {processor.py:186} INFO - Started process (PID=2940) to work on /home/airflow/.local/lib/python3.12/site-packages/airflow/example_dags/example_xcomargs.py
[2024-11-15T06:02:42.494+0000] {processor.py:914} INFO - Processing file /home/airflow/.local/lib/python3.12/site-packages/airflow/example_dags/example_xcomargs.py for tasks to queue
[2024-11-15T06:02:42.507+0000] {logging_mixin.py:190} INFO - [2024-11-15T06:02:42.506+0000] {dagbag.py:588} INFO - Filling up the DagBag from /home/airflow/.local/lib/python3.12/site-packages/airflow/example_dags/example_xcomargs.py
[2024-11-15T06:02:42.596+0000] {processor.py:925} INFO - DAG(s) 'example_xcom_args', 'example_xcom_args_with_operators' retrieved from /home/airflow/.local/lib/python3.12/site-packages/airflow/example_dags/example_xcomargs.py
[2024-11-15T06:02:42.748+0000] {logging_mixin.py:190} INFO - [2024-11-15T06:02:42.738+0000] {dag.py:3239} INFO - Sync 2 DAGs
[2024-11-15T06:02:42.894+0000] {logging_mixin.py:190} INFO - [2024-11-15T06:02:42.893+0000] {dag.py:4180} INFO - Setting next_dagrun for example_xcom_args to None, run_after=None
[2024-11-15T06:02:43.009+0000] {logging_mixin.py:190} INFO - [2024-11-15T06:02:43.000+0000] {dag.py:4180} INFO - Setting next_dagrun for example_xcom_args_with_operators to None, run_after=None
[2024-11-15T06:02:43.174+0000] {processor.py:208} INFO - Processing /home/airflow/.local/lib/python3.12/site-packages/airflow/example_dags/example_xcomargs.py took 0.749 seconds
[2024-11-15T06:03:16.829+0000] {processor.py:186} INFO - Started process (PID=3006) to work on /home/airflow/.local/lib/python3.12/site-packages/airflow/example_dags/example_xcomargs.py
[2024-11-15T06:03:16.833+0000] {processor.py:914} INFO - Processing file /home/airflow/.local/lib/python3.12/site-packages/airflow/example_dags/example_xcomargs.py for tasks to queue
[2024-11-15T06:03:16.846+0000] {logging_mixin.py:190} INFO - [2024-11-15T06:03:16.845+0000] {dagbag.py:588} INFO - Filling up the DagBag from /home/airflow/.local/lib/python3.12/site-packages/airflow/example_dags/example_xcomargs.py
[2024-11-15T06:03:16.893+0000] {processor.py:925} INFO - DAG(s) 'example_xcom_args_with_operators', 'example_xcom_args' retrieved from /home/airflow/.local/lib/python3.12/site-packages/airflow/example_dags/example_xcomargs.py
[2024-11-15T06:03:17.026+0000] {logging_mixin.py:190} INFO - [2024-11-15T06:03:17.025+0000] {dag.py:3239} INFO - Sync 2 DAGs
[2024-11-15T06:03:17.113+0000] {logging_mixin.py:190} INFO - [2024-11-15T06:03:17.112+0000] {dag.py:4180} INFO - Setting next_dagrun for example_xcom_args to None, run_after=None
[2024-11-15T06:03:17.146+0000] {logging_mixin.py:190} INFO - [2024-11-15T06:03:17.146+0000] {dag.py:4180} INFO - Setting next_dagrun for example_xcom_args_with_operators to None, run_after=None
[2024-11-15T06:03:17.283+0000] {processor.py:208} INFO - Processing /home/airflow/.local/lib/python3.12/site-packages/airflow/example_dags/example_xcomargs.py took 0.502 seconds
[2024-11-15T06:03:49.238+0000] {processor.py:186} INFO - Started process (PID=3073) to work on /home/airflow/.local/lib/python3.12/site-packages/airflow/example_dags/example_xcomargs.py
[2024-11-15T06:03:49.243+0000] {processor.py:914} INFO - Processing file /home/airflow/.local/lib/python3.12/site-packages/airflow/example_dags/example_xcomargs.py for tasks to queue
[2024-11-15T06:03:49.258+0000] {logging_mixin.py:190} INFO - [2024-11-15T06:03:49.257+0000] {dagbag.py:588} INFO - Filling up the DagBag from /home/airflow/.local/lib/python3.12/site-packages/airflow/example_dags/example_xcomargs.py
[2024-11-15T06:03:49.351+0000] {processor.py:925} INFO - DAG(s) 'example_xcom_args_with_operators', 'example_xcom_args' retrieved from /home/airflow/.local/lib/python3.12/site-packages/airflow/example_dags/example_xcomargs.py
[2024-11-15T06:03:49.560+0000] {logging_mixin.py:190} INFO - [2024-11-15T06:03:49.559+0000] {dag.py:3239} INFO - Sync 2 DAGs
[2024-11-15T06:03:49.725+0000] {logging_mixin.py:190} INFO - [2024-11-15T06:03:49.725+0000] {dag.py:4180} INFO - Setting next_dagrun for example_xcom_args to None, run_after=None
[2024-11-15T06:03:49.742+0000] {logging_mixin.py:190} INFO - [2024-11-15T06:03:49.742+0000] {dag.py:4180} INFO - Setting next_dagrun for example_xcom_args_with_operators to None, run_after=None
[2024-11-15T06:03:49.849+0000] {processor.py:208} INFO - Processing /home/airflow/.local/lib/python3.12/site-packages/airflow/example_dags/example_xcomargs.py took 0.652 seconds
[2024-11-15T06:04:20.115+0000] {processor.py:186} INFO - Started process (PID=3137) to work on /home/airflow/.local/lib/python3.12/site-packages/airflow/example_dags/example_xcomargs.py
[2024-11-15T06:04:20.120+0000] {processor.py:914} INFO - Processing file /home/airflow/.local/lib/python3.12/site-packages/airflow/example_dags/example_xcomargs.py for tasks to queue
[2024-11-15T06:04:20.128+0000] {logging_mixin.py:190} INFO - [2024-11-15T06:04:20.127+0000] {dagbag.py:588} INFO - Filling up the DagBag from /home/airflow/.local/lib/python3.12/site-packages/airflow/example_dags/example_xcomargs.py
[2024-11-15T06:04:20.165+0000] {processor.py:925} INFO - DAG(s) 'example_xcom_args', 'example_xcom_args_with_operators' retrieved from /home/airflow/.local/lib/python3.12/site-packages/airflow/example_dags/example_xcomargs.py
[2024-11-15T06:04:20.234+0000] {logging_mixin.py:190} INFO - [2024-11-15T06:04:20.233+0000] {dag.py:3239} INFO - Sync 2 DAGs
[2024-11-15T06:04:20.272+0000] {logging_mixin.py:190} INFO - [2024-11-15T06:04:20.271+0000] {dag.py:4180} INFO - Setting next_dagrun for example_xcom_args to None, run_after=None
[2024-11-15T06:04:20.279+0000] {logging_mixin.py:190} INFO - [2024-11-15T06:04:20.279+0000] {dag.py:4180} INFO - Setting next_dagrun for example_xcom_args_with_operators to None, run_after=None
[2024-11-15T06:04:20.316+0000] {processor.py:208} INFO - Processing /home/airflow/.local/lib/python3.12/site-packages/airflow/example_dags/example_xcomargs.py took 0.225 seconds
[2024-11-15T06:04:50.956+0000] {processor.py:186} INFO - Started process (PID=3202) to work on /home/airflow/.local/lib/python3.12/site-packages/airflow/example_dags/example_xcomargs.py
[2024-11-15T06:04:50.959+0000] {processor.py:914} INFO - Processing file /home/airflow/.local/lib/python3.12/site-packages/airflow/example_dags/example_xcomargs.py for tasks to queue
[2024-11-15T06:04:50.963+0000] {logging_mixin.py:190} INFO - [2024-11-15T06:04:50.963+0000] {dagbag.py:588} INFO - Filling up the DagBag from /home/airflow/.local/lib/python3.12/site-packages/airflow/example_dags/example_xcomargs.py
[2024-11-15T06:04:50.982+0000] {processor.py:925} INFO - DAG(s) 'example_xcom_args_with_operators', 'example_xcom_args' retrieved from /home/airflow/.local/lib/python3.12/site-packages/airflow/example_dags/example_xcomargs.py
[2024-11-15T06:04:51.040+0000] {logging_mixin.py:190} INFO - [2024-11-15T06:04:51.039+0000] {dag.py:3239} INFO - Sync 2 DAGs
[2024-11-15T06:04:51.097+0000] {logging_mixin.py:190} INFO - [2024-11-15T06:04:51.097+0000] {dag.py:4180} INFO - Setting next_dagrun for example_xcom_args to None, run_after=None
[2024-11-15T06:04:51.113+0000] {logging_mixin.py:190} INFO - [2024-11-15T06:04:51.112+0000] {dag.py:4180} INFO - Setting next_dagrun for example_xcom_args_with_operators to None, run_after=None
[2024-11-15T06:04:51.177+0000] {processor.py:208} INFO - Processing /home/airflow/.local/lib/python3.12/site-packages/airflow/example_dags/example_xcomargs.py took 0.230 seconds
[2024-11-15T06:05:22.603+0000] {processor.py:186} INFO - Started process (PID=3267) to work on /home/airflow/.local/lib/python3.12/site-packages/airflow/example_dags/example_xcomargs.py
[2024-11-15T06:05:22.606+0000] {processor.py:914} INFO - Processing file /home/airflow/.local/lib/python3.12/site-packages/airflow/example_dags/example_xcomargs.py for tasks to queue
[2024-11-15T06:05:22.614+0000] {logging_mixin.py:190} INFO - [2024-11-15T06:05:22.613+0000] {dagbag.py:588} INFO - Filling up the DagBag from /home/airflow/.local/lib/python3.12/site-packages/airflow/example_dags/example_xcomargs.py
[2024-11-15T06:05:22.642+0000] {processor.py:925} INFO - DAG(s) 'example_xcom_args_with_operators', 'example_xcom_args' retrieved from /home/airflow/.local/lib/python3.12/site-packages/airflow/example_dags/example_xcomargs.py
[2024-11-15T06:05:22.694+0000] {logging_mixin.py:190} INFO - [2024-11-15T06:05:22.693+0000] {dag.py:3239} INFO - Sync 2 DAGs
[2024-11-15T06:05:22.729+0000] {logging_mixin.py:190} INFO - [2024-11-15T06:05:22.729+0000] {dag.py:4180} INFO - Setting next_dagrun for example_xcom_args to None, run_after=None
[2024-11-15T06:05:22.738+0000] {logging_mixin.py:190} INFO - [2024-11-15T06:05:22.737+0000] {dag.py:4180} INFO - Setting next_dagrun for example_xcom_args_with_operators to None, run_after=None
[2024-11-15T06:05:22.771+0000] {processor.py:208} INFO - Processing /home/airflow/.local/lib/python3.12/site-packages/airflow/example_dags/example_xcomargs.py took 0.182 seconds
[2024-11-15T06:05:55.189+0000] {processor.py:186} INFO - Started process (PID=3339) to work on /home/airflow/.local/lib/python3.12/site-packages/airflow/example_dags/example_xcomargs.py
[2024-11-15T06:05:55.193+0000] {processor.py:914} INFO - Processing file /home/airflow/.local/lib/python3.12/site-packages/airflow/example_dags/example_xcomargs.py for tasks to queue
[2024-11-15T06:05:55.198+0000] {logging_mixin.py:190} INFO - [2024-11-15T06:05:55.198+0000] {dagbag.py:588} INFO - Filling up the DagBag from /home/airflow/.local/lib/python3.12/site-packages/airflow/example_dags/example_xcomargs.py
[2024-11-15T06:05:55.228+0000] {processor.py:925} INFO - DAG(s) 'example_xcom_args_with_operators', 'example_xcom_args' retrieved from /home/airflow/.local/lib/python3.12/site-packages/airflow/example_dags/example_xcomargs.py
[2024-11-15T06:05:55.291+0000] {logging_mixin.py:190} INFO - [2024-11-15T06:05:55.290+0000] {dag.py:3239} INFO - Sync 2 DAGs
[2024-11-15T06:05:55.341+0000] {logging_mixin.py:190} INFO - [2024-11-15T06:05:55.340+0000] {dag.py:4180} INFO - Setting next_dagrun for example_xcom_args to None, run_after=None
[2024-11-15T06:05:55.354+0000] {logging_mixin.py:190} INFO - [2024-11-15T06:05:55.354+0000] {dag.py:4180} INFO - Setting next_dagrun for example_xcom_args_with_operators to None, run_after=None
[2024-11-15T06:05:55.400+0000] {processor.py:208} INFO - Processing /home/airflow/.local/lib/python3.12/site-packages/airflow/example_dags/example_xcomargs.py took 0.226 seconds
[2024-11-15T06:06:31.482+0000] {processor.py:186} INFO - Started process (PID=3404) to work on /home/airflow/.local/lib/python3.12/site-packages/airflow/example_dags/example_xcomargs.py
[2024-11-15T06:06:31.488+0000] {processor.py:914} INFO - Processing file /home/airflow/.local/lib/python3.12/site-packages/airflow/example_dags/example_xcomargs.py for tasks to queue
[2024-11-15T06:06:31.498+0000] {logging_mixin.py:190} INFO - [2024-11-15T06:06:31.496+0000] {dagbag.py:588} INFO - Filling up the DagBag from /home/airflow/.local/lib/python3.12/site-packages/airflow/example_dags/example_xcomargs.py
[2024-11-15T06:06:31.560+0000] {processor.py:925} INFO - DAG(s) 'example_xcom_args_with_operators', 'example_xcom_args' retrieved from /home/airflow/.local/lib/python3.12/site-packages/airflow/example_dags/example_xcomargs.py
[2024-11-15T06:06:31.764+0000] {logging_mixin.py:190} INFO - [2024-11-15T06:06:31.763+0000] {dag.py:3239} INFO - Sync 2 DAGs
[2024-11-15T06:06:32.490+0000] {logging_mixin.py:190} INFO - [2024-11-15T06:06:32.488+0000] {dag.py:4180} INFO - Setting next_dagrun for example_xcom_args to None, run_after=None
[2024-11-15T06:06:32.509+0000] {logging_mixin.py:190} INFO - [2024-11-15T06:06:32.508+0000] {dag.py:4180} INFO - Setting next_dagrun for example_xcom_args_with_operators to None, run_after=None
[2024-11-15T06:06:32.571+0000] {processor.py:208} INFO - Processing /home/airflow/.local/lib/python3.12/site-packages/airflow/example_dags/example_xcomargs.py took 1.116 seconds
[2024-11-15T06:07:03.683+0000] {processor.py:186} INFO - Started process (PID=3469) to work on /home/airflow/.local/lib/python3.12/site-packages/airflow/example_dags/example_xcomargs.py
[2024-11-15T06:07:03.687+0000] {processor.py:914} INFO - Processing file /home/airflow/.local/lib/python3.12/site-packages/airflow/example_dags/example_xcomargs.py for tasks to queue
[2024-11-15T06:07:03.693+0000] {logging_mixin.py:190} INFO - [2024-11-15T06:07:03.692+0000] {dagbag.py:588} INFO - Filling up the DagBag from /home/airflow/.local/lib/python3.12/site-packages/airflow/example_dags/example_xcomargs.py
[2024-11-15T06:07:03.719+0000] {processor.py:925} INFO - DAG(s) 'example_xcom_args_with_operators', 'example_xcom_args' retrieved from /home/airflow/.local/lib/python3.12/site-packages/airflow/example_dags/example_xcomargs.py
[2024-11-15T06:07:03.771+0000] {logging_mixin.py:190} INFO - [2024-11-15T06:07:03.770+0000] {dag.py:3239} INFO - Sync 2 DAGs
[2024-11-15T06:07:03.811+0000] {logging_mixin.py:190} INFO - [2024-11-15T06:07:03.810+0000] {dag.py:4180} INFO - Setting next_dagrun for example_xcom_args to None, run_after=None
[2024-11-15T06:07:03.819+0000] {logging_mixin.py:190} INFO - [2024-11-15T06:07:03.819+0000] {dag.py:4180} INFO - Setting next_dagrun for example_xcom_args_with_operators to None, run_after=None
[2024-11-15T06:07:03.863+0000] {processor.py:208} INFO - Processing /home/airflow/.local/lib/python3.12/site-packages/airflow/example_dags/example_xcomargs.py took 0.194 seconds
[2024-11-15T06:07:35.695+0000] {processor.py:186} INFO - Started process (PID=3534) to work on /home/airflow/.local/lib/python3.12/site-packages/airflow/example_dags/example_xcomargs.py
[2024-11-15T06:07:35.697+0000] {processor.py:914} INFO - Processing file /home/airflow/.local/lib/python3.12/site-packages/airflow/example_dags/example_xcomargs.py for tasks to queue
[2024-11-15T06:07:35.703+0000] {logging_mixin.py:190} INFO - [2024-11-15T06:07:35.702+0000] {dagbag.py:588} INFO - Filling up the DagBag from /home/airflow/.local/lib/python3.12/site-packages/airflow/example_dags/example_xcomargs.py
[2024-11-15T06:07:35.724+0000] {processor.py:925} INFO - DAG(s) 'example_xcom_args', 'example_xcom_args_with_operators' retrieved from /home/airflow/.local/lib/python3.12/site-packages/airflow/example_dags/example_xcomargs.py
[2024-11-15T06:07:35.779+0000] {logging_mixin.py:190} INFO - [2024-11-15T06:07:35.778+0000] {dag.py:3239} INFO - Sync 2 DAGs
[2024-11-15T06:07:35.861+0000] {logging_mixin.py:190} INFO - [2024-11-15T06:07:35.860+0000] {dag.py:4180} INFO - Setting next_dagrun for example_xcom_args to None, run_after=None
[2024-11-15T06:07:35.880+0000] {logging_mixin.py:190} INFO - [2024-11-15T06:07:35.879+0000] {dag.py:4180} INFO - Setting next_dagrun for example_xcom_args_with_operators to None, run_after=None
[2024-11-15T06:07:35.959+0000] {processor.py:208} INFO - Processing /home/airflow/.local/lib/python3.12/site-packages/airflow/example_dags/example_xcomargs.py took 0.274 seconds
[2024-11-15T06:08:07.327+0000] {processor.py:186} INFO - Started process (PID=3600) to work on /home/airflow/.local/lib/python3.12/site-packages/airflow/example_dags/example_xcomargs.py
[2024-11-15T06:08:07.330+0000] {processor.py:914} INFO - Processing file /home/airflow/.local/lib/python3.12/site-packages/airflow/example_dags/example_xcomargs.py for tasks to queue
[2024-11-15T06:08:07.335+0000] {logging_mixin.py:190} INFO - [2024-11-15T06:08:07.334+0000] {dagbag.py:588} INFO - Filling up the DagBag from /home/airflow/.local/lib/python3.12/site-packages/airflow/example_dags/example_xcomargs.py
[2024-11-15T06:08:07.356+0000] {processor.py:925} INFO - DAG(s) 'example_xcom_args_with_operators', 'example_xcom_args' retrieved from /home/airflow/.local/lib/python3.12/site-packages/airflow/example_dags/example_xcomargs.py
[2024-11-15T06:08:07.394+0000] {logging_mixin.py:190} INFO - [2024-11-15T06:08:07.393+0000] {dag.py:3239} INFO - Sync 2 DAGs
[2024-11-15T06:08:07.419+0000] {logging_mixin.py:190} INFO - [2024-11-15T06:08:07.419+0000] {dag.py:4180} INFO - Setting next_dagrun for example_xcom_args to None, run_after=None
[2024-11-15T06:08:07.426+0000] {logging_mixin.py:190} INFO - [2024-11-15T06:08:07.426+0000] {dag.py:4180} INFO - Setting next_dagrun for example_xcom_args_with_operators to None, run_after=None
[2024-11-15T06:08:07.453+0000] {processor.py:208} INFO - Processing /home/airflow/.local/lib/python3.12/site-packages/airflow/example_dags/example_xcomargs.py took 0.139 seconds
[2024-11-15T06:08:40.319+0000] {processor.py:186} INFO - Started process (PID=3668) to work on /home/airflow/.local/lib/python3.12/site-packages/airflow/example_dags/example_xcomargs.py
[2024-11-15T06:08:40.322+0000] {processor.py:914} INFO - Processing file /home/airflow/.local/lib/python3.12/site-packages/airflow/example_dags/example_xcomargs.py for tasks to queue
[2024-11-15T06:08:40.328+0000] {logging_mixin.py:190} INFO - [2024-11-15T06:08:40.327+0000] {dagbag.py:588} INFO - Filling up the DagBag from /home/airflow/.local/lib/python3.12/site-packages/airflow/example_dags/example_xcomargs.py
[2024-11-15T06:08:40.359+0000] {processor.py:925} INFO - DAG(s) 'example_xcom_args', 'example_xcom_args_with_operators' retrieved from /home/airflow/.local/lib/python3.12/site-packages/airflow/example_dags/example_xcomargs.py
[2024-11-15T06:08:40.410+0000] {logging_mixin.py:190} INFO - [2024-11-15T06:08:40.409+0000] {dag.py:3239} INFO - Sync 2 DAGs
[2024-11-15T06:08:40.443+0000] {logging_mixin.py:190} INFO - [2024-11-15T06:08:40.443+0000] {dag.py:4180} INFO - Setting next_dagrun for example_xcom_args to None, run_after=None
[2024-11-15T06:08:40.452+0000] {logging_mixin.py:190} INFO - [2024-11-15T06:08:40.452+0000] {dag.py:4180} INFO - Setting next_dagrun for example_xcom_args_with_operators to None, run_after=None
[2024-11-15T06:08:40.486+0000] {processor.py:208} INFO - Processing /home/airflow/.local/lib/python3.12/site-packages/airflow/example_dags/example_xcomargs.py took 0.181 seconds
[2024-11-15T06:09:12.457+0000] {processor.py:186} INFO - Started process (PID=3734) to work on /home/airflow/.local/lib/python3.12/site-packages/airflow/example_dags/example_xcomargs.py
[2024-11-15T06:09:12.460+0000] {processor.py:914} INFO - Processing file /home/airflow/.local/lib/python3.12/site-packages/airflow/example_dags/example_xcomargs.py for tasks to queue
[2024-11-15T06:09:12.465+0000] {logging_mixin.py:190} INFO - [2024-11-15T06:09:12.465+0000] {dagbag.py:588} INFO - Filling up the DagBag from /home/airflow/.local/lib/python3.12/site-packages/airflow/example_dags/example_xcomargs.py
[2024-11-15T06:09:12.489+0000] {processor.py:925} INFO - DAG(s) 'example_xcom_args_with_operators', 'example_xcom_args' retrieved from /home/airflow/.local/lib/python3.12/site-packages/airflow/example_dags/example_xcomargs.py
[2024-11-15T06:09:12.542+0000] {logging_mixin.py:190} INFO - [2024-11-15T06:09:12.542+0000] {dag.py:3239} INFO - Sync 2 DAGs
[2024-11-15T06:09:12.575+0000] {logging_mixin.py:190} INFO - [2024-11-15T06:09:12.574+0000] {dag.py:4180} INFO - Setting next_dagrun for example_xcom_args to None, run_after=None
[2024-11-15T06:09:12.583+0000] {logging_mixin.py:190} INFO - [2024-11-15T06:09:12.583+0000] {dag.py:4180} INFO - Setting next_dagrun for example_xcom_args_with_operators to None, run_after=None
[2024-11-15T06:09:12.627+0000] {processor.py:208} INFO - Processing /home/airflow/.local/lib/python3.12/site-packages/airflow/example_dags/example_xcomargs.py took 0.184 seconds
[2024-11-15T06:09:44.704+0000] {processor.py:186} INFO - Started process (PID=3803) to work on /home/airflow/.local/lib/python3.12/site-packages/airflow/example_dags/example_xcomargs.py
[2024-11-15T06:09:44.707+0000] {processor.py:914} INFO - Processing file /home/airflow/.local/lib/python3.12/site-packages/airflow/example_dags/example_xcomargs.py for tasks to queue
[2024-11-15T06:09:44.717+0000] {logging_mixin.py:190} INFO - [2024-11-15T06:09:44.716+0000] {dagbag.py:588} INFO - Filling up the DagBag from /home/airflow/.local/lib/python3.12/site-packages/airflow/example_dags/example_xcomargs.py
[2024-11-15T06:09:44.744+0000] {processor.py:925} INFO - DAG(s) 'example_xcom_args_with_operators', 'example_xcom_args' retrieved from /home/airflow/.local/lib/python3.12/site-packages/airflow/example_dags/example_xcomargs.py
[2024-11-15T06:09:44.803+0000] {logging_mixin.py:190} INFO - [2024-11-15T06:09:44.802+0000] {dag.py:3239} INFO - Sync 2 DAGs
[2024-11-15T06:09:44.842+0000] {logging_mixin.py:190} INFO - [2024-11-15T06:09:44.842+0000] {dag.py:4180} INFO - Setting next_dagrun for example_xcom_args to None, run_after=None
[2024-11-15T06:09:44.851+0000] {logging_mixin.py:190} INFO - [2024-11-15T06:09:44.851+0000] {dag.py:4180} INFO - Setting next_dagrun for example_xcom_args_with_operators to None, run_after=None
[2024-11-15T06:09:44.901+0000] {processor.py:208} INFO - Processing /home/airflow/.local/lib/python3.12/site-packages/airflow/example_dags/example_xcomargs.py took 0.210 seconds
[2024-11-15T06:10:17.400+0000] {processor.py:186} INFO - Started process (PID=3869) to work on /home/airflow/.local/lib/python3.12/site-packages/airflow/example_dags/example_xcomargs.py
[2024-11-15T06:10:17.403+0000] {processor.py:914} INFO - Processing file /home/airflow/.local/lib/python3.12/site-packages/airflow/example_dags/example_xcomargs.py for tasks to queue
[2024-11-15T06:10:17.408+0000] {logging_mixin.py:190} INFO - [2024-11-15T06:10:17.407+0000] {dagbag.py:588} INFO - Filling up the DagBag from /home/airflow/.local/lib/python3.12/site-packages/airflow/example_dags/example_xcomargs.py
[2024-11-15T06:10:17.444+0000] {processor.py:925} INFO - DAG(s) 'example_xcom_args', 'example_xcom_args_with_operators' retrieved from /home/airflow/.local/lib/python3.12/site-packages/airflow/example_dags/example_xcomargs.py
[2024-11-15T06:10:17.545+0000] {logging_mixin.py:190} INFO - [2024-11-15T06:10:17.544+0000] {dag.py:3239} INFO - Sync 2 DAGs
[2024-11-15T06:10:17.602+0000] {logging_mixin.py:190} INFO - [2024-11-15T06:10:17.601+0000] {dag.py:4180} INFO - Setting next_dagrun for example_xcom_args to None, run_after=None
[2024-11-15T06:10:17.613+0000] {logging_mixin.py:190} INFO - [2024-11-15T06:10:17.612+0000] {dag.py:4180} INFO - Setting next_dagrun for example_xcom_args_with_operators to None, run_after=None
[2024-11-15T06:10:17.684+0000] {processor.py:208} INFO - Processing /home/airflow/.local/lib/python3.12/site-packages/airflow/example_dags/example_xcomargs.py took 0.299 seconds
[2024-11-15T06:10:49.476+0000] {processor.py:186} INFO - Started process (PID=3936) to work on /home/airflow/.local/lib/python3.12/site-packages/airflow/example_dags/example_xcomargs.py
[2024-11-15T06:10:49.479+0000] {processor.py:914} INFO - Processing file /home/airflow/.local/lib/python3.12/site-packages/airflow/example_dags/example_xcomargs.py for tasks to queue
[2024-11-15T06:10:49.483+0000] {logging_mixin.py:190} INFO - [2024-11-15T06:10:49.482+0000] {dagbag.py:588} INFO - Filling up the DagBag from /home/airflow/.local/lib/python3.12/site-packages/airflow/example_dags/example_xcomargs.py
[2024-11-15T06:10:49.508+0000] {processor.py:925} INFO - DAG(s) 'example_xcom_args', 'example_xcom_args_with_operators' retrieved from /home/airflow/.local/lib/python3.12/site-packages/airflow/example_dags/example_xcomargs.py
[2024-11-15T06:10:49.556+0000] {logging_mixin.py:190} INFO - [2024-11-15T06:10:49.555+0000] {dag.py:3239} INFO - Sync 2 DAGs
[2024-11-15T06:10:49.595+0000] {logging_mixin.py:190} INFO - [2024-11-15T06:10:49.594+0000] {dag.py:4180} INFO - Setting next_dagrun for example_xcom_args to None, run_after=None
[2024-11-15T06:10:49.602+0000] {logging_mixin.py:190} INFO - [2024-11-15T06:10:49.601+0000] {dag.py:4180} INFO - Setting next_dagrun for example_xcom_args_with_operators to None, run_after=None
[2024-11-15T06:10:49.629+0000] {processor.py:208} INFO - Processing /home/airflow/.local/lib/python3.12/site-packages/airflow/example_dags/example_xcomargs.py took 0.166 seconds
[2024-11-15T06:11:21.355+0000] {processor.py:186} INFO - Started process (PID=4001) to work on /home/airflow/.local/lib/python3.12/site-packages/airflow/example_dags/example_xcomargs.py
[2024-11-15T06:11:21.358+0000] {processor.py:914} INFO - Processing file /home/airflow/.local/lib/python3.12/site-packages/airflow/example_dags/example_xcomargs.py for tasks to queue
[2024-11-15T06:11:21.362+0000] {logging_mixin.py:190} INFO - [2024-11-15T06:11:21.362+0000] {dagbag.py:588} INFO - Filling up the DagBag from /home/airflow/.local/lib/python3.12/site-packages/airflow/example_dags/example_xcomargs.py
[2024-11-15T06:11:21.385+0000] {processor.py:925} INFO - DAG(s) 'example_xcom_args_with_operators', 'example_xcom_args' retrieved from /home/airflow/.local/lib/python3.12/site-packages/airflow/example_dags/example_xcomargs.py
[2024-11-15T06:11:21.441+0000] {logging_mixin.py:190} INFO - [2024-11-15T06:11:21.440+0000] {dag.py:3239} INFO - Sync 2 DAGs
[2024-11-15T06:11:21.479+0000] {logging_mixin.py:190} INFO - [2024-11-15T06:11:21.478+0000] {dag.py:4180} INFO - Setting next_dagrun for example_xcom_args to None, run_after=None
[2024-11-15T06:11:21.488+0000] {logging_mixin.py:190} INFO - [2024-11-15T06:11:21.488+0000] {dag.py:4180} INFO - Setting next_dagrun for example_xcom_args_with_operators to None, run_after=None
[2024-11-15T06:11:21.523+0000] {processor.py:208} INFO - Processing /home/airflow/.local/lib/python3.12/site-packages/airflow/example_dags/example_xcomargs.py took 0.182 seconds
[2024-11-15T06:11:54.450+0000] {processor.py:186} INFO - Started process (PID=4066) to work on /home/airflow/.local/lib/python3.12/site-packages/airflow/example_dags/example_xcomargs.py
[2024-11-15T06:11:54.453+0000] {processor.py:914} INFO - Processing file /home/airflow/.local/lib/python3.12/site-packages/airflow/example_dags/example_xcomargs.py for tasks to queue
[2024-11-15T06:11:54.459+0000] {logging_mixin.py:190} INFO - [2024-11-15T06:11:54.457+0000] {dagbag.py:588} INFO - Filling up the DagBag from /home/airflow/.local/lib/python3.12/site-packages/airflow/example_dags/example_xcomargs.py
[2024-11-15T06:11:54.489+0000] {processor.py:925} INFO - DAG(s) 'example_xcom_args_with_operators', 'example_xcom_args' retrieved from /home/airflow/.local/lib/python3.12/site-packages/airflow/example_dags/example_xcomargs.py
[2024-11-15T06:11:54.650+0000] {logging_mixin.py:190} INFO - [2024-11-15T06:11:54.650+0000] {dag.py:3239} INFO - Sync 2 DAGs
[2024-11-15T06:11:54.691+0000] {logging_mixin.py:190} INFO - [2024-11-15T06:11:54.690+0000] {dag.py:4180} INFO - Setting next_dagrun for example_xcom_args to None, run_after=None
[2024-11-15T06:11:54.702+0000] {logging_mixin.py:190} INFO - [2024-11-15T06:11:54.701+0000] {dag.py:4180} INFO - Setting next_dagrun for example_xcom_args_with_operators to None, run_after=None
[2024-11-15T06:11:54.747+0000] {processor.py:208} INFO - Processing /home/airflow/.local/lib/python3.12/site-packages/airflow/example_dags/example_xcomargs.py took 0.312 seconds
[2024-11-15T06:12:25.996+0000] {processor.py:186} INFO - Started process (PID=4131) to work on /home/airflow/.local/lib/python3.12/site-packages/airflow/example_dags/example_xcomargs.py
[2024-11-15T06:12:26.000+0000] {processor.py:914} INFO - Processing file /home/airflow/.local/lib/python3.12/site-packages/airflow/example_dags/example_xcomargs.py for tasks to queue
[2024-11-15T06:12:26.009+0000] {logging_mixin.py:190} INFO - [2024-11-15T06:12:26.008+0000] {dagbag.py:588} INFO - Filling up the DagBag from /home/airflow/.local/lib/python3.12/site-packages/airflow/example_dags/example_xcomargs.py
[2024-11-15T06:12:26.041+0000] {processor.py:925} INFO - DAG(s) 'example_xcom_args', 'example_xcom_args_with_operators' retrieved from /home/airflow/.local/lib/python3.12/site-packages/airflow/example_dags/example_xcomargs.py
[2024-11-15T06:12:26.109+0000] {logging_mixin.py:190} INFO - [2024-11-15T06:12:26.108+0000] {dag.py:3239} INFO - Sync 2 DAGs
[2024-11-15T06:12:26.164+0000] {logging_mixin.py:190} INFO - [2024-11-15T06:12:26.164+0000] {dag.py:4180} INFO - Setting next_dagrun for example_xcom_args to None, run_after=None
[2024-11-15T06:12:26.177+0000] {logging_mixin.py:190} INFO - [2024-11-15T06:12:26.177+0000] {dag.py:4180} INFO - Setting next_dagrun for example_xcom_args_with_operators to None, run_after=None
[2024-11-15T06:12:26.285+0000] {processor.py:208} INFO - Processing /home/airflow/.local/lib/python3.12/site-packages/airflow/example_dags/example_xcomargs.py took 0.309 seconds
[2024-11-15T06:12:58.181+0000] {processor.py:186} INFO - Started process (PID=4198) to work on /home/airflow/.local/lib/python3.12/site-packages/airflow/example_dags/example_xcomargs.py
[2024-11-15T06:12:58.184+0000] {processor.py:914} INFO - Processing file /home/airflow/.local/lib/python3.12/site-packages/airflow/example_dags/example_xcomargs.py for tasks to queue
[2024-11-15T06:12:58.188+0000] {logging_mixin.py:190} INFO - [2024-11-15T06:12:58.187+0000] {dagbag.py:588} INFO - Filling up the DagBag from /home/airflow/.local/lib/python3.12/site-packages/airflow/example_dags/example_xcomargs.py
[2024-11-15T06:12:58.205+0000] {processor.py:925} INFO - DAG(s) 'example_xcom_args', 'example_xcom_args_with_operators' retrieved from /home/airflow/.local/lib/python3.12/site-packages/airflow/example_dags/example_xcomargs.py
[2024-11-15T06:12:58.247+0000] {logging_mixin.py:190} INFO - [2024-11-15T06:12:58.246+0000] {dag.py:3239} INFO - Sync 2 DAGs
[2024-11-15T06:12:58.277+0000] {logging_mixin.py:190} INFO - [2024-11-15T06:12:58.276+0000] {dag.py:4180} INFO - Setting next_dagrun for example_xcom_args to None, run_after=None
[2024-11-15T06:12:58.285+0000] {logging_mixin.py:190} INFO - [2024-11-15T06:12:58.285+0000] {dag.py:4180} INFO - Setting next_dagrun for example_xcom_args_with_operators to None, run_after=None
[2024-11-15T06:12:58.320+0000] {processor.py:208} INFO - Processing /home/airflow/.local/lib/python3.12/site-packages/airflow/example_dags/example_xcomargs.py took 0.148 seconds
[2024-11-15T06:13:33.390+0000] {processor.py:186} INFO - Started process (PID=4275) to work on /home/airflow/.local/lib/python3.12/site-packages/airflow/example_dags/example_xcomargs.py
[2024-11-15T06:13:33.393+0000] {processor.py:914} INFO - Processing file /home/airflow/.local/lib/python3.12/site-packages/airflow/example_dags/example_xcomargs.py for tasks to queue
[2024-11-15T06:13:33.399+0000] {logging_mixin.py:190} INFO - [2024-11-15T06:13:33.398+0000] {dagbag.py:588} INFO - Filling up the DagBag from /home/airflow/.local/lib/python3.12/site-packages/airflow/example_dags/example_xcomargs.py
[2024-11-15T06:13:33.432+0000] {processor.py:925} INFO - DAG(s) 'example_xcom_args', 'example_xcom_args_with_operators' retrieved from /home/airflow/.local/lib/python3.12/site-packages/airflow/example_dags/example_xcomargs.py
[2024-11-15T06:13:33.496+0000] {logging_mixin.py:190} INFO - [2024-11-15T06:13:33.496+0000] {dag.py:3239} INFO - Sync 2 DAGs
[2024-11-15T06:13:33.542+0000] {logging_mixin.py:190} INFO - [2024-11-15T06:13:33.541+0000] {dag.py:4180} INFO - Setting next_dagrun for example_xcom_args to None, run_after=None
[2024-11-15T06:13:33.558+0000] {logging_mixin.py:190} INFO - [2024-11-15T06:13:33.556+0000] {dag.py:4180} INFO - Setting next_dagrun for example_xcom_args_with_operators to None, run_after=None
[2024-11-15T06:13:33.624+0000] {processor.py:208} INFO - Processing /home/airflow/.local/lib/python3.12/site-packages/airflow/example_dags/example_xcomargs.py took 0.255 seconds
