[2024-11-15T05:39:12.889+0000] {processor.py:186} INFO - Started process (PID=157) to work on /home/airflow/.local/lib/python3.12/site-packages/airflow/example_dags/tutorial_objectstorage.py
[2024-11-15T05:39:12.894+0000] {processor.py:914} INFO - Processing file /home/airflow/.local/lib/python3.12/site-packages/airflow/example_dags/tutorial_objectstorage.py for tasks to queue
[2024-11-15T05:39:12.907+0000] {logging_mixin.py:190} INFO - [2024-11-15T05:39:12.906+0000] {dagbag.py:588} INFO - Filling up the DagBag from /home/airflow/.local/lib/python3.12/site-packages/airflow/example_dags/tutorial_objectstorage.py
[2024-11-15T05:39:12.974+0000] {processor.py:925} INFO - DAG(s) 'tutorial_objectstorage' retrieved from /home/airflow/.local/lib/python3.12/site-packages/airflow/example_dags/tutorial_objectstorage.py
[2024-11-15T05:39:13.076+0000] {logging_mixin.py:190} INFO - [2024-11-15T05:39:13.076+0000] {dag.py:3239} INFO - Sync 1 DAGs
[2024-11-15T05:39:13.158+0000] {logging_mixin.py:190} INFO - [2024-11-15T05:39:13.157+0000] {dag.py:4180} INFO - Setting next_dagrun for tutorial_objectstorage to None, run_after=None
[2024-11-15T05:39:13.277+0000] {processor.py:208} INFO - Processing /home/airflow/.local/lib/python3.12/site-packages/airflow/example_dags/tutorial_objectstorage.py took 0.415 seconds
[2024-11-15T05:39:47.156+0000] {processor.py:186} INFO - Started process (PID=222) to work on /home/airflow/.local/lib/python3.12/site-packages/airflow/example_dags/tutorial_objectstorage.py
[2024-11-15T05:39:47.159+0000] {processor.py:914} INFO - Processing file /home/airflow/.local/lib/python3.12/site-packages/airflow/example_dags/tutorial_objectstorage.py for tasks to queue
[2024-11-15T05:39:47.166+0000] {logging_mixin.py:190} INFO - [2024-11-15T05:39:47.165+0000] {dagbag.py:588} INFO - Filling up the DagBag from /home/airflow/.local/lib/python3.12/site-packages/airflow/example_dags/tutorial_objectstorage.py
[2024-11-15T05:39:47.197+0000] {processor.py:925} INFO - DAG(s) 'tutorial_objectstorage' retrieved from /home/airflow/.local/lib/python3.12/site-packages/airflow/example_dags/tutorial_objectstorage.py
[2024-11-15T05:39:47.259+0000] {logging_mixin.py:190} INFO - [2024-11-15T05:39:47.259+0000] {dag.py:3239} INFO - Sync 1 DAGs
[2024-11-15T05:39:47.314+0000] {logging_mixin.py:190} INFO - [2024-11-15T05:39:47.313+0000] {dag.py:4180} INFO - Setting next_dagrun for tutorial_objectstorage to None, run_after=None
[2024-11-15T05:39:47.391+0000] {processor.py:208} INFO - Processing /home/airflow/.local/lib/python3.12/site-packages/airflow/example_dags/tutorial_objectstorage.py took 0.255 seconds
[2024-11-15T05:40:18.079+0000] {processor.py:186} INFO - Started process (PID=287) to work on /home/airflow/.local/lib/python3.12/site-packages/airflow/example_dags/tutorial_objectstorage.py
[2024-11-15T05:40:18.082+0000] {processor.py:914} INFO - Processing file /home/airflow/.local/lib/python3.12/site-packages/airflow/example_dags/tutorial_objectstorage.py for tasks to queue
[2024-11-15T05:40:18.088+0000] {logging_mixin.py:190} INFO - [2024-11-15T05:40:18.087+0000] {dagbag.py:588} INFO - Filling up the DagBag from /home/airflow/.local/lib/python3.12/site-packages/airflow/example_dags/tutorial_objectstorage.py
[2024-11-15T05:40:18.115+0000] {processor.py:925} INFO - DAG(s) 'tutorial_objectstorage' retrieved from /home/airflow/.local/lib/python3.12/site-packages/airflow/example_dags/tutorial_objectstorage.py
[2024-11-15T05:40:18.184+0000] {logging_mixin.py:190} INFO - [2024-11-15T05:40:18.184+0000] {dag.py:3239} INFO - Sync 1 DAGs
[2024-11-15T05:40:18.260+0000] {logging_mixin.py:190} INFO - [2024-11-15T05:40:18.259+0000] {dag.py:4180} INFO - Setting next_dagrun for tutorial_objectstorage to None, run_after=None
[2024-11-15T05:40:18.322+0000] {processor.py:208} INFO - Processing /home/airflow/.local/lib/python3.12/site-packages/airflow/example_dags/tutorial_objectstorage.py took 0.256 seconds
[2024-11-15T05:40:59.686+0000] {processor.py:186} INFO - Started process (PID=367) to work on /home/airflow/.local/lib/python3.12/site-packages/airflow/example_dags/tutorial_objectstorage.py
[2024-11-15T05:40:59.691+0000] {processor.py:914} INFO - Processing file /home/airflow/.local/lib/python3.12/site-packages/airflow/example_dags/tutorial_objectstorage.py for tasks to queue
[2024-11-15T05:40:59.699+0000] {logging_mixin.py:190} INFO - [2024-11-15T05:40:59.698+0000] {dagbag.py:588} INFO - Filling up the DagBag from /home/airflow/.local/lib/python3.12/site-packages/airflow/example_dags/tutorial_objectstorage.py
[2024-11-15T05:40:59.738+0000] {processor.py:925} INFO - DAG(s) 'tutorial_objectstorage' retrieved from /home/airflow/.local/lib/python3.12/site-packages/airflow/example_dags/tutorial_objectstorage.py
[2024-11-15T05:40:59.843+0000] {logging_mixin.py:190} INFO - [2024-11-15T05:40:59.842+0000] {dag.py:3239} INFO - Sync 1 DAGs
[2024-11-15T05:40:59.913+0000] {logging_mixin.py:190} INFO - [2024-11-15T05:40:59.913+0000] {dag.py:4180} INFO - Setting next_dagrun for tutorial_objectstorage to None, run_after=None
[2024-11-15T05:41:00.021+0000] {processor.py:208} INFO - Processing /home/airflow/.local/lib/python3.12/site-packages/airflow/example_dags/tutorial_objectstorage.py took 0.359 seconds
[2024-11-15T05:41:30.706+0000] {processor.py:186} INFO - Started process (PID=432) to work on /home/airflow/.local/lib/python3.12/site-packages/airflow/example_dags/tutorial_objectstorage.py
[2024-11-15T05:41:30.715+0000] {processor.py:914} INFO - Processing file /home/airflow/.local/lib/python3.12/site-packages/airflow/example_dags/tutorial_objectstorage.py for tasks to queue
[2024-11-15T05:41:30.722+0000] {logging_mixin.py:190} INFO - [2024-11-15T05:41:30.721+0000] {dagbag.py:588} INFO - Filling up the DagBag from /home/airflow/.local/lib/python3.12/site-packages/airflow/example_dags/tutorial_objectstorage.py
[2024-11-15T05:41:30.748+0000] {processor.py:925} INFO - DAG(s) 'tutorial_objectstorage' retrieved from /home/airflow/.local/lib/python3.12/site-packages/airflow/example_dags/tutorial_objectstorage.py
[2024-11-15T05:41:30.813+0000] {logging_mixin.py:190} INFO - [2024-11-15T05:41:30.812+0000] {dag.py:3239} INFO - Sync 1 DAGs
[2024-11-15T05:41:30.890+0000] {logging_mixin.py:190} INFO - [2024-11-15T05:41:30.889+0000] {dag.py:4180} INFO - Setting next_dagrun for tutorial_objectstorage to None, run_after=None
[2024-11-15T05:41:30.968+0000] {processor.py:208} INFO - Processing /home/airflow/.local/lib/python3.12/site-packages/airflow/example_dags/tutorial_objectstorage.py took 0.288 seconds
[2024-11-15T05:42:01.152+0000] {processor.py:186} INFO - Started process (PID=496) to work on /home/airflow/.local/lib/python3.12/site-packages/airflow/example_dags/tutorial_objectstorage.py
[2024-11-15T05:42:01.155+0000] {processor.py:914} INFO - Processing file /home/airflow/.local/lib/python3.12/site-packages/airflow/example_dags/tutorial_objectstorage.py for tasks to queue
[2024-11-15T05:42:01.161+0000] {logging_mixin.py:190} INFO - [2024-11-15T05:42:01.160+0000] {dagbag.py:588} INFO - Filling up the DagBag from /home/airflow/.local/lib/python3.12/site-packages/airflow/example_dags/tutorial_objectstorage.py
[2024-11-15T05:42:01.179+0000] {processor.py:925} INFO - DAG(s) 'tutorial_objectstorage' retrieved from /home/airflow/.local/lib/python3.12/site-packages/airflow/example_dags/tutorial_objectstorage.py
[2024-11-15T05:42:01.213+0000] {logging_mixin.py:190} INFO - [2024-11-15T05:42:01.212+0000] {dag.py:3239} INFO - Sync 1 DAGs
[2024-11-15T05:42:01.243+0000] {logging_mixin.py:190} INFO - [2024-11-15T05:42:01.243+0000] {dag.py:4180} INFO - Setting next_dagrun for tutorial_objectstorage to None, run_after=None
[2024-11-15T05:42:01.282+0000] {processor.py:208} INFO - Processing /home/airflow/.local/lib/python3.12/site-packages/airflow/example_dags/tutorial_objectstorage.py took 0.141 seconds
[2024-11-15T05:42:32.164+0000] {processor.py:186} INFO - Started process (PID=561) to work on /home/airflow/.local/lib/python3.12/site-packages/airflow/example_dags/tutorial_objectstorage.py
[2024-11-15T05:42:32.169+0000] {processor.py:914} INFO - Processing file /home/airflow/.local/lib/python3.12/site-packages/airflow/example_dags/tutorial_objectstorage.py for tasks to queue
[2024-11-15T05:42:32.177+0000] {logging_mixin.py:190} INFO - [2024-11-15T05:42:32.176+0000] {dagbag.py:588} INFO - Filling up the DagBag from /home/airflow/.local/lib/python3.12/site-packages/airflow/example_dags/tutorial_objectstorage.py
[2024-11-15T05:42:32.200+0000] {processor.py:925} INFO - DAG(s) 'tutorial_objectstorage' retrieved from /home/airflow/.local/lib/python3.12/site-packages/airflow/example_dags/tutorial_objectstorage.py
[2024-11-15T05:42:32.245+0000] {logging_mixin.py:190} INFO - [2024-11-15T05:42:32.244+0000] {dag.py:3239} INFO - Sync 1 DAGs
[2024-11-15T05:42:32.289+0000] {logging_mixin.py:190} INFO - [2024-11-15T05:42:32.288+0000] {dag.py:4180} INFO - Setting next_dagrun for tutorial_objectstorage to None, run_after=None
[2024-11-15T05:42:32.338+0000] {processor.py:208} INFO - Processing /home/airflow/.local/lib/python3.12/site-packages/airflow/example_dags/tutorial_objectstorage.py took 0.194 seconds
[2024-11-15T05:43:02.540+0000] {processor.py:186} INFO - Started process (PID=625) to work on /home/airflow/.local/lib/python3.12/site-packages/airflow/example_dags/tutorial_objectstorage.py
[2024-11-15T05:43:02.546+0000] {processor.py:914} INFO - Processing file /home/airflow/.local/lib/python3.12/site-packages/airflow/example_dags/tutorial_objectstorage.py for tasks to queue
[2024-11-15T05:43:02.553+0000] {logging_mixin.py:190} INFO - [2024-11-15T05:43:02.552+0000] {dagbag.py:588} INFO - Filling up the DagBag from /home/airflow/.local/lib/python3.12/site-packages/airflow/example_dags/tutorial_objectstorage.py
[2024-11-15T05:43:02.591+0000] {processor.py:925} INFO - DAG(s) 'tutorial_objectstorage' retrieved from /home/airflow/.local/lib/python3.12/site-packages/airflow/example_dags/tutorial_objectstorage.py
[2024-11-15T05:43:02.656+0000] {logging_mixin.py:190} INFO - [2024-11-15T05:43:02.656+0000] {dag.py:3239} INFO - Sync 1 DAGs
[2024-11-15T05:43:02.727+0000] {logging_mixin.py:190} INFO - [2024-11-15T05:43:02.727+0000] {dag.py:4180} INFO - Setting next_dagrun for tutorial_objectstorage to None, run_after=None
[2024-11-15T05:43:02.800+0000] {processor.py:208} INFO - Processing /home/airflow/.local/lib/python3.12/site-packages/airflow/example_dags/tutorial_objectstorage.py took 0.283 seconds
[2024-11-15T05:43:33.851+0000] {processor.py:186} INFO - Started process (PID=691) to work on /home/airflow/.local/lib/python3.12/site-packages/airflow/example_dags/tutorial_objectstorage.py
[2024-11-15T05:43:33.854+0000] {processor.py:914} INFO - Processing file /home/airflow/.local/lib/python3.12/site-packages/airflow/example_dags/tutorial_objectstorage.py for tasks to queue
[2024-11-15T05:43:33.862+0000] {logging_mixin.py:190} INFO - [2024-11-15T05:43:33.861+0000] {dagbag.py:588} INFO - Filling up the DagBag from /home/airflow/.local/lib/python3.12/site-packages/airflow/example_dags/tutorial_objectstorage.py
[2024-11-15T05:43:33.883+0000] {processor.py:925} INFO - DAG(s) 'tutorial_objectstorage' retrieved from /home/airflow/.local/lib/python3.12/site-packages/airflow/example_dags/tutorial_objectstorage.py
[2024-11-15T05:43:33.922+0000] {logging_mixin.py:190} INFO - [2024-11-15T05:43:33.921+0000] {dag.py:3239} INFO - Sync 1 DAGs
[2024-11-15T05:43:33.947+0000] {logging_mixin.py:190} INFO - [2024-11-15T05:43:33.946+0000] {dag.py:4180} INFO - Setting next_dagrun for tutorial_objectstorage to None, run_after=None
[2024-11-15T05:43:33.993+0000] {processor.py:208} INFO - Processing /home/airflow/.local/lib/python3.12/site-packages/airflow/example_dags/tutorial_objectstorage.py took 0.155 seconds
[2024-11-15T05:44:06.867+0000] {processor.py:186} INFO - Started process (PID=760) to work on /home/airflow/.local/lib/python3.12/site-packages/airflow/example_dags/tutorial_objectstorage.py
[2024-11-15T05:44:06.871+0000] {processor.py:914} INFO - Processing file /home/airflow/.local/lib/python3.12/site-packages/airflow/example_dags/tutorial_objectstorage.py for tasks to queue
[2024-11-15T05:44:06.887+0000] {logging_mixin.py:190} INFO - [2024-11-15T05:44:06.887+0000] {dagbag.py:588} INFO - Filling up the DagBag from /home/airflow/.local/lib/python3.12/site-packages/airflow/example_dags/tutorial_objectstorage.py
[2024-11-15T05:44:06.919+0000] {processor.py:925} INFO - DAG(s) 'tutorial_objectstorage' retrieved from /home/airflow/.local/lib/python3.12/site-packages/airflow/example_dags/tutorial_objectstorage.py
[2024-11-15T05:44:06.975+0000] {logging_mixin.py:190} INFO - [2024-11-15T05:44:06.974+0000] {dag.py:3239} INFO - Sync 1 DAGs
[2024-11-15T05:44:07.030+0000] {logging_mixin.py:190} INFO - [2024-11-15T05:44:07.030+0000] {dag.py:4180} INFO - Setting next_dagrun for tutorial_objectstorage to None, run_after=None
[2024-11-15T05:44:07.076+0000] {processor.py:208} INFO - Processing /home/airflow/.local/lib/python3.12/site-packages/airflow/example_dags/tutorial_objectstorage.py took 0.240 seconds
[2024-11-15T05:44:37.541+0000] {processor.py:186} INFO - Started process (PID=824) to work on /home/airflow/.local/lib/python3.12/site-packages/airflow/example_dags/tutorial_objectstorage.py
[2024-11-15T05:44:37.543+0000] {processor.py:914} INFO - Processing file /home/airflow/.local/lib/python3.12/site-packages/airflow/example_dags/tutorial_objectstorage.py for tasks to queue
[2024-11-15T05:44:37.548+0000] {logging_mixin.py:190} INFO - [2024-11-15T05:44:37.548+0000] {dagbag.py:588} INFO - Filling up the DagBag from /home/airflow/.local/lib/python3.12/site-packages/airflow/example_dags/tutorial_objectstorage.py
[2024-11-15T05:44:37.564+0000] {processor.py:925} INFO - DAG(s) 'tutorial_objectstorage' retrieved from /home/airflow/.local/lib/python3.12/site-packages/airflow/example_dags/tutorial_objectstorage.py
[2024-11-15T05:44:37.600+0000] {logging_mixin.py:190} INFO - [2024-11-15T05:44:37.599+0000] {dag.py:3239} INFO - Sync 1 DAGs
[2024-11-15T05:44:37.635+0000] {logging_mixin.py:190} INFO - [2024-11-15T05:44:37.634+0000] {dag.py:4180} INFO - Setting next_dagrun for tutorial_objectstorage to None, run_after=None
[2024-11-15T05:44:37.679+0000] {processor.py:208} INFO - Processing /home/airflow/.local/lib/python3.12/site-packages/airflow/example_dags/tutorial_objectstorage.py took 0.148 seconds
[2024-11-15T05:45:07.856+0000] {processor.py:186} INFO - Started process (PID=888) to work on /home/airflow/.local/lib/python3.12/site-packages/airflow/example_dags/tutorial_objectstorage.py
[2024-11-15T05:45:07.860+0000] {processor.py:914} INFO - Processing file /home/airflow/.local/lib/python3.12/site-packages/airflow/example_dags/tutorial_objectstorage.py for tasks to queue
[2024-11-15T05:45:07.866+0000] {logging_mixin.py:190} INFO - [2024-11-15T05:45:07.865+0000] {dagbag.py:588} INFO - Filling up the DagBag from /home/airflow/.local/lib/python3.12/site-packages/airflow/example_dags/tutorial_objectstorage.py
[2024-11-15T05:45:07.888+0000] {processor.py:925} INFO - DAG(s) 'tutorial_objectstorage' retrieved from /home/airflow/.local/lib/python3.12/site-packages/airflow/example_dags/tutorial_objectstorage.py
[2024-11-15T05:45:07.928+0000] {logging_mixin.py:190} INFO - [2024-11-15T05:45:07.927+0000] {dag.py:3239} INFO - Sync 1 DAGs
[2024-11-15T05:45:07.963+0000] {logging_mixin.py:190} INFO - [2024-11-15T05:45:07.962+0000] {dag.py:4180} INFO - Setting next_dagrun for tutorial_objectstorage to None, run_after=None
[2024-11-15T05:45:07.999+0000] {processor.py:208} INFO - Processing /home/airflow/.local/lib/python3.12/site-packages/airflow/example_dags/tutorial_objectstorage.py took 0.162 seconds
[2024-11-15T05:45:38.709+0000] {processor.py:186} INFO - Started process (PID=953) to work on /home/airflow/.local/lib/python3.12/site-packages/airflow/example_dags/tutorial_objectstorage.py
[2024-11-15T05:45:38.712+0000] {processor.py:914} INFO - Processing file /home/airflow/.local/lib/python3.12/site-packages/airflow/example_dags/tutorial_objectstorage.py for tasks to queue
[2024-11-15T05:45:38.718+0000] {logging_mixin.py:190} INFO - [2024-11-15T05:45:38.717+0000] {dagbag.py:588} INFO - Filling up the DagBag from /home/airflow/.local/lib/python3.12/site-packages/airflow/example_dags/tutorial_objectstorage.py
[2024-11-15T05:45:38.740+0000] {processor.py:925} INFO - DAG(s) 'tutorial_objectstorage' retrieved from /home/airflow/.local/lib/python3.12/site-packages/airflow/example_dags/tutorial_objectstorage.py
[2024-11-15T05:45:38.786+0000] {logging_mixin.py:190} INFO - [2024-11-15T05:45:38.785+0000] {dag.py:3239} INFO - Sync 1 DAGs
[2024-11-15T05:45:38.819+0000] {logging_mixin.py:190} INFO - [2024-11-15T05:45:38.818+0000] {dag.py:4180} INFO - Setting next_dagrun for tutorial_objectstorage to None, run_after=None
[2024-11-15T05:45:38.860+0000] {processor.py:208} INFO - Processing /home/airflow/.local/lib/python3.12/site-packages/airflow/example_dags/tutorial_objectstorage.py took 0.165 seconds
[2024-11-15T05:46:09.182+0000] {processor.py:186} INFO - Started process (PID=1018) to work on /home/airflow/.local/lib/python3.12/site-packages/airflow/example_dags/tutorial_objectstorage.py
[2024-11-15T05:46:09.186+0000] {processor.py:914} INFO - Processing file /home/airflow/.local/lib/python3.12/site-packages/airflow/example_dags/tutorial_objectstorage.py for tasks to queue
[2024-11-15T05:46:09.192+0000] {logging_mixin.py:190} INFO - [2024-11-15T05:46:09.191+0000] {dagbag.py:588} INFO - Filling up the DagBag from /home/airflow/.local/lib/python3.12/site-packages/airflow/example_dags/tutorial_objectstorage.py
[2024-11-15T05:46:09.216+0000] {processor.py:925} INFO - DAG(s) 'tutorial_objectstorage' retrieved from /home/airflow/.local/lib/python3.12/site-packages/airflow/example_dags/tutorial_objectstorage.py
[2024-11-15T05:46:09.255+0000] {logging_mixin.py:190} INFO - [2024-11-15T05:46:09.254+0000] {dag.py:3239} INFO - Sync 1 DAGs
[2024-11-15T05:46:09.286+0000] {logging_mixin.py:190} INFO - [2024-11-15T05:46:09.286+0000] {dag.py:4180} INFO - Setting next_dagrun for tutorial_objectstorage to None, run_after=None
[2024-11-15T05:46:09.321+0000] {processor.py:208} INFO - Processing /home/airflow/.local/lib/python3.12/site-packages/airflow/example_dags/tutorial_objectstorage.py took 0.168 seconds
[2024-11-15T05:46:39.826+0000] {processor.py:186} INFO - Started process (PID=1083) to work on /home/airflow/.local/lib/python3.12/site-packages/airflow/example_dags/tutorial_objectstorage.py
[2024-11-15T05:46:39.828+0000] {processor.py:914} INFO - Processing file /home/airflow/.local/lib/python3.12/site-packages/airflow/example_dags/tutorial_objectstorage.py for tasks to queue
[2024-11-15T05:46:39.834+0000] {logging_mixin.py:190} INFO - [2024-11-15T05:46:39.833+0000] {dagbag.py:588} INFO - Filling up the DagBag from /home/airflow/.local/lib/python3.12/site-packages/airflow/example_dags/tutorial_objectstorage.py
[2024-11-15T05:46:39.853+0000] {processor.py:925} INFO - DAG(s) 'tutorial_objectstorage' retrieved from /home/airflow/.local/lib/python3.12/site-packages/airflow/example_dags/tutorial_objectstorage.py
[2024-11-15T05:46:39.884+0000] {logging_mixin.py:190} INFO - [2024-11-15T05:46:39.883+0000] {dag.py:3239} INFO - Sync 1 DAGs
[2024-11-15T05:46:39.914+0000] {logging_mixin.py:190} INFO - [2024-11-15T05:46:39.913+0000] {dag.py:4180} INFO - Setting next_dagrun for tutorial_objectstorage to None, run_after=None
[2024-11-15T05:46:39.944+0000] {processor.py:208} INFO - Processing /home/airflow/.local/lib/python3.12/site-packages/airflow/example_dags/tutorial_objectstorage.py took 0.129 seconds
[2024-11-15T05:47:10.443+0000] {processor.py:186} INFO - Started process (PID=1148) to work on /home/airflow/.local/lib/python3.12/site-packages/airflow/example_dags/tutorial_objectstorage.py
[2024-11-15T05:47:10.446+0000] {processor.py:914} INFO - Processing file /home/airflow/.local/lib/python3.12/site-packages/airflow/example_dags/tutorial_objectstorage.py for tasks to queue
[2024-11-15T05:47:10.451+0000] {logging_mixin.py:190} INFO - [2024-11-15T05:47:10.450+0000] {dagbag.py:588} INFO - Filling up the DagBag from /home/airflow/.local/lib/python3.12/site-packages/airflow/example_dags/tutorial_objectstorage.py
[2024-11-15T05:47:10.470+0000] {processor.py:925} INFO - DAG(s) 'tutorial_objectstorage' retrieved from /home/airflow/.local/lib/python3.12/site-packages/airflow/example_dags/tutorial_objectstorage.py
[2024-11-15T05:47:10.528+0000] {logging_mixin.py:190} INFO - [2024-11-15T05:47:10.527+0000] {dag.py:3239} INFO - Sync 1 DAGs
[2024-11-15T05:47:10.560+0000] {logging_mixin.py:190} INFO - [2024-11-15T05:47:10.560+0000] {dag.py:4180} INFO - Setting next_dagrun for tutorial_objectstorage to None, run_after=None
[2024-11-15T05:47:10.593+0000] {processor.py:208} INFO - Processing /home/airflow/.local/lib/python3.12/site-packages/airflow/example_dags/tutorial_objectstorage.py took 0.162 seconds
[2024-11-15T05:47:42.333+0000] {processor.py:186} INFO - Started process (PID=1213) to work on /home/airflow/.local/lib/python3.12/site-packages/airflow/example_dags/tutorial_objectstorage.py
[2024-11-15T05:47:42.337+0000] {processor.py:914} INFO - Processing file /home/airflow/.local/lib/python3.12/site-packages/airflow/example_dags/tutorial_objectstorage.py for tasks to queue
[2024-11-15T05:47:42.343+0000] {logging_mixin.py:190} INFO - [2024-11-15T05:47:42.342+0000] {dagbag.py:588} INFO - Filling up the DagBag from /home/airflow/.local/lib/python3.12/site-packages/airflow/example_dags/tutorial_objectstorage.py
[2024-11-15T05:47:42.376+0000] {processor.py:925} INFO - DAG(s) 'tutorial_objectstorage' retrieved from /home/airflow/.local/lib/python3.12/site-packages/airflow/example_dags/tutorial_objectstorage.py
[2024-11-15T05:47:42.427+0000] {logging_mixin.py:190} INFO - [2024-11-15T05:47:42.427+0000] {dag.py:3239} INFO - Sync 1 DAGs
[2024-11-15T05:47:42.472+0000] {logging_mixin.py:190} INFO - [2024-11-15T05:47:42.471+0000] {dag.py:4180} INFO - Setting next_dagrun for tutorial_objectstorage to None, run_after=None
[2024-11-15T05:47:42.519+0000] {processor.py:208} INFO - Processing /home/airflow/.local/lib/python3.12/site-packages/airflow/example_dags/tutorial_objectstorage.py took 0.203 seconds
[2024-11-15T05:48:12.991+0000] {processor.py:186} INFO - Started process (PID=1278) to work on /home/airflow/.local/lib/python3.12/site-packages/airflow/example_dags/tutorial_objectstorage.py
[2024-11-15T05:48:12.997+0000] {processor.py:914} INFO - Processing file /home/airflow/.local/lib/python3.12/site-packages/airflow/example_dags/tutorial_objectstorage.py for tasks to queue
[2024-11-15T05:48:13.004+0000] {logging_mixin.py:190} INFO - [2024-11-15T05:48:13.003+0000] {dagbag.py:588} INFO - Filling up the DagBag from /home/airflow/.local/lib/python3.12/site-packages/airflow/example_dags/tutorial_objectstorage.py
[2024-11-15T05:48:13.027+0000] {processor.py:925} INFO - DAG(s) 'tutorial_objectstorage' retrieved from /home/airflow/.local/lib/python3.12/site-packages/airflow/example_dags/tutorial_objectstorage.py
[2024-11-15T05:48:13.070+0000] {logging_mixin.py:190} INFO - [2024-11-15T05:48:13.069+0000] {dag.py:3239} INFO - Sync 1 DAGs
[2024-11-15T05:48:13.104+0000] {logging_mixin.py:190} INFO - [2024-11-15T05:48:13.104+0000] {dag.py:4180} INFO - Setting next_dagrun for tutorial_objectstorage to None, run_after=None
[2024-11-15T05:48:13.150+0000] {processor.py:208} INFO - Processing /home/airflow/.local/lib/python3.12/site-packages/airflow/example_dags/tutorial_objectstorage.py took 0.173 seconds
[2024-11-15T05:48:44.751+0000] {processor.py:186} INFO - Started process (PID=1343) to work on /home/airflow/.local/lib/python3.12/site-packages/airflow/example_dags/tutorial_objectstorage.py
[2024-11-15T05:48:44.755+0000] {processor.py:914} INFO - Processing file /home/airflow/.local/lib/python3.12/site-packages/airflow/example_dags/tutorial_objectstorage.py for tasks to queue
[2024-11-15T05:48:44.762+0000] {logging_mixin.py:190} INFO - [2024-11-15T05:48:44.761+0000] {dagbag.py:588} INFO - Filling up the DagBag from /home/airflow/.local/lib/python3.12/site-packages/airflow/example_dags/tutorial_objectstorage.py
[2024-11-15T05:48:44.788+0000] {processor.py:925} INFO - DAG(s) 'tutorial_objectstorage' retrieved from /home/airflow/.local/lib/python3.12/site-packages/airflow/example_dags/tutorial_objectstorage.py
[2024-11-15T05:48:44.828+0000] {logging_mixin.py:190} INFO - [2024-11-15T05:48:44.827+0000] {dag.py:3239} INFO - Sync 1 DAGs
[2024-11-15T05:48:44.860+0000] {logging_mixin.py:190} INFO - [2024-11-15T05:48:44.859+0000] {dag.py:4180} INFO - Setting next_dagrun for tutorial_objectstorage to None, run_after=None
[2024-11-15T05:48:44.901+0000] {processor.py:208} INFO - Processing /home/airflow/.local/lib/python3.12/site-packages/airflow/example_dags/tutorial_objectstorage.py took 0.164 seconds
[2024-11-15T05:49:19.540+0000] {processor.py:186} INFO - Started process (PID=1412) to work on /home/airflow/.local/lib/python3.12/site-packages/airflow/example_dags/tutorial_objectstorage.py
[2024-11-15T05:49:19.543+0000] {processor.py:914} INFO - Processing file /home/airflow/.local/lib/python3.12/site-packages/airflow/example_dags/tutorial_objectstorage.py for tasks to queue
[2024-11-15T05:49:19.547+0000] {logging_mixin.py:190} INFO - [2024-11-15T05:49:19.546+0000] {dagbag.py:588} INFO - Filling up the DagBag from /home/airflow/.local/lib/python3.12/site-packages/airflow/example_dags/tutorial_objectstorage.py
[2024-11-15T05:49:19.569+0000] {processor.py:925} INFO - DAG(s) 'tutorial_objectstorage' retrieved from /home/airflow/.local/lib/python3.12/site-packages/airflow/example_dags/tutorial_objectstorage.py
[2024-11-15T05:49:19.621+0000] {logging_mixin.py:190} INFO - [2024-11-15T05:49:19.620+0000] {dag.py:3239} INFO - Sync 1 DAGs
[2024-11-15T05:49:19.672+0000] {logging_mixin.py:190} INFO - [2024-11-15T05:49:19.671+0000] {dag.py:4180} INFO - Setting next_dagrun for tutorial_objectstorage to None, run_after=None
[2024-11-15T05:49:19.720+0000] {processor.py:208} INFO - Processing /home/airflow/.local/lib/python3.12/site-packages/airflow/example_dags/tutorial_objectstorage.py took 0.192 seconds
[2024-11-15T05:50:29.396+0000] {processor.py:186} INFO - Started process (PID=1501) to work on /home/airflow/.local/lib/python3.12/site-packages/airflow/example_dags/tutorial_objectstorage.py
[2024-11-15T05:50:29.399+0000] {processor.py:914} INFO - Processing file /home/airflow/.local/lib/python3.12/site-packages/airflow/example_dags/tutorial_objectstorage.py for tasks to queue
[2024-11-15T05:50:29.404+0000] {logging_mixin.py:190} INFO - [2024-11-15T05:50:29.403+0000] {dagbag.py:588} INFO - Filling up the DagBag from /home/airflow/.local/lib/python3.12/site-packages/airflow/example_dags/tutorial_objectstorage.py
[2024-11-15T05:50:29.426+0000] {processor.py:925} INFO - DAG(s) 'tutorial_objectstorage' retrieved from /home/airflow/.local/lib/python3.12/site-packages/airflow/example_dags/tutorial_objectstorage.py
[2024-11-15T05:50:29.470+0000] {logging_mixin.py:190} INFO - [2024-11-15T05:50:29.469+0000] {dag.py:3239} INFO - Sync 1 DAGs
[2024-11-15T05:50:29.504+0000] {logging_mixin.py:190} INFO - [2024-11-15T05:50:29.504+0000] {dag.py:4180} INFO - Setting next_dagrun for tutorial_objectstorage to None, run_after=None
[2024-11-15T05:50:29.547+0000] {processor.py:208} INFO - Processing /home/airflow/.local/lib/python3.12/site-packages/airflow/example_dags/tutorial_objectstorage.py took 0.161 seconds
[2024-11-15T05:51:01.865+0000] {processor.py:186} INFO - Started process (PID=1567) to work on /home/airflow/.local/lib/python3.12/site-packages/airflow/example_dags/tutorial_objectstorage.py
[2024-11-15T05:51:01.869+0000] {processor.py:914} INFO - Processing file /home/airflow/.local/lib/python3.12/site-packages/airflow/example_dags/tutorial_objectstorage.py for tasks to queue
[2024-11-15T05:51:01.876+0000] {logging_mixin.py:190} INFO - [2024-11-15T05:51:01.875+0000] {dagbag.py:588} INFO - Filling up the DagBag from /home/airflow/.local/lib/python3.12/site-packages/airflow/example_dags/tutorial_objectstorage.py
[2024-11-15T05:51:01.906+0000] {processor.py:925} INFO - DAG(s) 'tutorial_objectstorage' retrieved from /home/airflow/.local/lib/python3.12/site-packages/airflow/example_dags/tutorial_objectstorage.py
[2024-11-15T05:51:01.964+0000] {logging_mixin.py:190} INFO - [2024-11-15T05:51:01.963+0000] {dag.py:3239} INFO - Sync 1 DAGs
[2024-11-15T05:51:02.012+0000] {logging_mixin.py:190} INFO - [2024-11-15T05:51:02.011+0000] {dag.py:4180} INFO - Setting next_dagrun for tutorial_objectstorage to None, run_after=None
[2024-11-15T05:51:02.079+0000] {processor.py:208} INFO - Processing /home/airflow/.local/lib/python3.12/site-packages/airflow/example_dags/tutorial_objectstorage.py took 0.235 seconds
[2024-11-15T05:51:32.364+0000] {processor.py:186} INFO - Started process (PID=1633) to work on /home/airflow/.local/lib/python3.12/site-packages/airflow/example_dags/tutorial_objectstorage.py
[2024-11-15T05:51:32.367+0000] {processor.py:914} INFO - Processing file /home/airflow/.local/lib/python3.12/site-packages/airflow/example_dags/tutorial_objectstorage.py for tasks to queue
[2024-11-15T05:51:32.371+0000] {logging_mixin.py:190} INFO - [2024-11-15T05:51:32.371+0000] {dagbag.py:588} INFO - Filling up the DagBag from /home/airflow/.local/lib/python3.12/site-packages/airflow/example_dags/tutorial_objectstorage.py
[2024-11-15T05:51:32.387+0000] {processor.py:925} INFO - DAG(s) 'tutorial_objectstorage' retrieved from /home/airflow/.local/lib/python3.12/site-packages/airflow/example_dags/tutorial_objectstorage.py
[2024-11-15T05:51:32.420+0000] {logging_mixin.py:190} INFO - [2024-11-15T05:51:32.420+0000] {dag.py:3239} INFO - Sync 1 DAGs
[2024-11-15T05:51:32.446+0000] {logging_mixin.py:190} INFO - [2024-11-15T05:51:32.446+0000] {dag.py:4180} INFO - Setting next_dagrun for tutorial_objectstorage to None, run_after=None
[2024-11-15T05:51:32.479+0000] {processor.py:208} INFO - Processing /home/airflow/.local/lib/python3.12/site-packages/airflow/example_dags/tutorial_objectstorage.py took 0.124 seconds
[2024-11-15T05:52:03.653+0000] {processor.py:186} INFO - Started process (PID=1698) to work on /home/airflow/.local/lib/python3.12/site-packages/airflow/example_dags/tutorial_objectstorage.py
[2024-11-15T05:52:03.658+0000] {processor.py:914} INFO - Processing file /home/airflow/.local/lib/python3.12/site-packages/airflow/example_dags/tutorial_objectstorage.py for tasks to queue
[2024-11-15T05:52:03.666+0000] {logging_mixin.py:190} INFO - [2024-11-15T05:52:03.663+0000] {dagbag.py:588} INFO - Filling up the DagBag from /home/airflow/.local/lib/python3.12/site-packages/airflow/example_dags/tutorial_objectstorage.py
[2024-11-15T05:52:03.712+0000] {processor.py:925} INFO - DAG(s) 'tutorial_objectstorage' retrieved from /home/airflow/.local/lib/python3.12/site-packages/airflow/example_dags/tutorial_objectstorage.py
[2024-11-15T05:52:03.764+0000] {logging_mixin.py:190} INFO - [2024-11-15T05:52:03.763+0000] {dag.py:3239} INFO - Sync 1 DAGs
[2024-11-15T05:52:03.793+0000] {logging_mixin.py:190} INFO - [2024-11-15T05:52:03.793+0000] {dag.py:4180} INFO - Setting next_dagrun for tutorial_objectstorage to None, run_after=None
[2024-11-15T05:52:03.839+0000] {processor.py:208} INFO - Processing /home/airflow/.local/lib/python3.12/site-packages/airflow/example_dags/tutorial_objectstorage.py took 0.210 seconds
[2024-11-15T05:52:35.802+0000] {processor.py:186} INFO - Started process (PID=1763) to work on /home/airflow/.local/lib/python3.12/site-packages/airflow/example_dags/tutorial_objectstorage.py
[2024-11-15T05:52:35.806+0000] {processor.py:914} INFO - Processing file /home/airflow/.local/lib/python3.12/site-packages/airflow/example_dags/tutorial_objectstorage.py for tasks to queue
[2024-11-15T05:52:35.812+0000] {logging_mixin.py:190} INFO - [2024-11-15T05:52:35.811+0000] {dagbag.py:588} INFO - Filling up the DagBag from /home/airflow/.local/lib/python3.12/site-packages/airflow/example_dags/tutorial_objectstorage.py
[2024-11-15T05:52:35.834+0000] {processor.py:925} INFO - DAG(s) 'tutorial_objectstorage' retrieved from /home/airflow/.local/lib/python3.12/site-packages/airflow/example_dags/tutorial_objectstorage.py
[2024-11-15T05:52:35.920+0000] {logging_mixin.py:190} INFO - [2024-11-15T05:52:35.919+0000] {dag.py:3239} INFO - Sync 1 DAGs
[2024-11-15T05:52:35.962+0000] {logging_mixin.py:190} INFO - [2024-11-15T05:52:35.962+0000] {dag.py:4180} INFO - Setting next_dagrun for tutorial_objectstorage to None, run_after=None
[2024-11-15T05:52:35.995+0000] {processor.py:208} INFO - Processing /home/airflow/.local/lib/python3.12/site-packages/airflow/example_dags/tutorial_objectstorage.py took 0.206 seconds
[2024-11-15T05:53:08.586+0000] {processor.py:186} INFO - Started process (PID=1829) to work on /home/airflow/.local/lib/python3.12/site-packages/airflow/example_dags/tutorial_objectstorage.py
[2024-11-15T05:53:08.588+0000] {processor.py:914} INFO - Processing file /home/airflow/.local/lib/python3.12/site-packages/airflow/example_dags/tutorial_objectstorage.py for tasks to queue
[2024-11-15T05:53:08.593+0000] {logging_mixin.py:190} INFO - [2024-11-15T05:53:08.593+0000] {dagbag.py:588} INFO - Filling up the DagBag from /home/airflow/.local/lib/python3.12/site-packages/airflow/example_dags/tutorial_objectstorage.py
[2024-11-15T05:53:08.619+0000] {processor.py:925} INFO - DAG(s) 'tutorial_objectstorage' retrieved from /home/airflow/.local/lib/python3.12/site-packages/airflow/example_dags/tutorial_objectstorage.py
[2024-11-15T05:53:08.662+0000] {logging_mixin.py:190} INFO - [2024-11-15T05:53:08.662+0000] {dag.py:3239} INFO - Sync 1 DAGs
[2024-11-15T05:53:08.700+0000] {logging_mixin.py:190} INFO - [2024-11-15T05:53:08.700+0000] {dag.py:4180} INFO - Setting next_dagrun for tutorial_objectstorage to None, run_after=None
[2024-11-15T05:53:08.739+0000] {processor.py:208} INFO - Processing /home/airflow/.local/lib/python3.12/site-packages/airflow/example_dags/tutorial_objectstorage.py took 0.165 seconds
[2024-11-15T05:53:41.040+0000] {processor.py:186} INFO - Started process (PID=1894) to work on /home/airflow/.local/lib/python3.12/site-packages/airflow/example_dags/tutorial_objectstorage.py
[2024-11-15T05:53:41.043+0000] {processor.py:914} INFO - Processing file /home/airflow/.local/lib/python3.12/site-packages/airflow/example_dags/tutorial_objectstorage.py for tasks to queue
[2024-11-15T05:53:41.049+0000] {logging_mixin.py:190} INFO - [2024-11-15T05:53:41.048+0000] {dagbag.py:588} INFO - Filling up the DagBag from /home/airflow/.local/lib/python3.12/site-packages/airflow/example_dags/tutorial_objectstorage.py
[2024-11-15T05:53:41.070+0000] {processor.py:925} INFO - DAG(s) 'tutorial_objectstorage' retrieved from /home/airflow/.local/lib/python3.12/site-packages/airflow/example_dags/tutorial_objectstorage.py
[2024-11-15T05:53:41.115+0000] {logging_mixin.py:190} INFO - [2024-11-15T05:53:41.115+0000] {dag.py:3239} INFO - Sync 1 DAGs
[2024-11-15T05:53:41.152+0000] {logging_mixin.py:190} INFO - [2024-11-15T05:53:41.152+0000] {dag.py:4180} INFO - Setting next_dagrun for tutorial_objectstorage to None, run_after=None
[2024-11-15T05:53:41.199+0000] {processor.py:208} INFO - Processing /home/airflow/.local/lib/python3.12/site-packages/airflow/example_dags/tutorial_objectstorage.py took 0.173 seconds
[2024-11-15T05:54:12.522+0000] {processor.py:186} INFO - Started process (PID=1965) to work on /home/airflow/.local/lib/python3.12/site-packages/airflow/example_dags/tutorial_objectstorage.py
[2024-11-15T05:54:12.525+0000] {processor.py:914} INFO - Processing file /home/airflow/.local/lib/python3.12/site-packages/airflow/example_dags/tutorial_objectstorage.py for tasks to queue
[2024-11-15T05:54:12.533+0000] {logging_mixin.py:190} INFO - [2024-11-15T05:54:12.533+0000] {dagbag.py:588} INFO - Filling up the DagBag from /home/airflow/.local/lib/python3.12/site-packages/airflow/example_dags/tutorial_objectstorage.py
[2024-11-15T05:54:12.559+0000] {processor.py:925} INFO - DAG(s) 'tutorial_objectstorage' retrieved from /home/airflow/.local/lib/python3.12/site-packages/airflow/example_dags/tutorial_objectstorage.py
[2024-11-15T05:54:12.614+0000] {logging_mixin.py:190} INFO - [2024-11-15T05:54:12.612+0000] {dag.py:3239} INFO - Sync 1 DAGs
[2024-11-15T05:54:12.676+0000] {logging_mixin.py:190} INFO - [2024-11-15T05:54:12.675+0000] {dag.py:4180} INFO - Setting next_dagrun for tutorial_objectstorage to None, run_after=None
[2024-11-15T05:54:12.740+0000] {processor.py:208} INFO - Processing /home/airflow/.local/lib/python3.12/site-packages/airflow/example_dags/tutorial_objectstorage.py took 0.232 seconds
[2024-11-15T05:54:45.255+0000] {processor.py:186} INFO - Started process (PID=2030) to work on /home/airflow/.local/lib/python3.12/site-packages/airflow/example_dags/tutorial_objectstorage.py
[2024-11-15T05:54:45.258+0000] {processor.py:914} INFO - Processing file /home/airflow/.local/lib/python3.12/site-packages/airflow/example_dags/tutorial_objectstorage.py for tasks to queue
[2024-11-15T05:54:45.263+0000] {logging_mixin.py:190} INFO - [2024-11-15T05:54:45.262+0000] {dagbag.py:588} INFO - Filling up the DagBag from /home/airflow/.local/lib/python3.12/site-packages/airflow/example_dags/tutorial_objectstorage.py
[2024-11-15T05:54:45.287+0000] {processor.py:925} INFO - DAG(s) 'tutorial_objectstorage' retrieved from /home/airflow/.local/lib/python3.12/site-packages/airflow/example_dags/tutorial_objectstorage.py
[2024-11-15T05:54:45.331+0000] {logging_mixin.py:190} INFO - [2024-11-15T05:54:45.331+0000] {dag.py:3239} INFO - Sync 1 DAGs
[2024-11-15T05:54:45.373+0000] {logging_mixin.py:190} INFO - [2024-11-15T05:54:45.373+0000] {dag.py:4180} INFO - Setting next_dagrun for tutorial_objectstorage to None, run_after=None
[2024-11-15T05:54:45.423+0000] {processor.py:208} INFO - Processing /home/airflow/.local/lib/python3.12/site-packages/airflow/example_dags/tutorial_objectstorage.py took 0.182 seconds
[2024-11-15T05:55:35.043+0000] {processor.py:186} INFO - Started process (PID=2094) to work on /home/airflow/.local/lib/python3.12/site-packages/airflow/example_dags/tutorial_objectstorage.py
[2024-11-15T05:55:35.047+0000] {processor.py:914} INFO - Processing file /home/airflow/.local/lib/python3.12/site-packages/airflow/example_dags/tutorial_objectstorage.py for tasks to queue
[2024-11-15T05:55:35.053+0000] {logging_mixin.py:190} INFO - [2024-11-15T05:55:35.052+0000] {dagbag.py:588} INFO - Filling up the DagBag from /home/airflow/.local/lib/python3.12/site-packages/airflow/example_dags/tutorial_objectstorage.py
[2024-11-15T05:55:35.075+0000] {processor.py:925} INFO - DAG(s) 'tutorial_objectstorage' retrieved from /home/airflow/.local/lib/python3.12/site-packages/airflow/example_dags/tutorial_objectstorage.py
[2024-11-15T05:55:35.117+0000] {logging_mixin.py:190} INFO - [2024-11-15T05:55:35.117+0000] {dag.py:3239} INFO - Sync 1 DAGs
[2024-11-15T05:55:35.148+0000] {logging_mixin.py:190} INFO - [2024-11-15T05:55:35.148+0000] {dag.py:4180} INFO - Setting next_dagrun for tutorial_objectstorage to None, run_after=None
[2024-11-15T05:55:35.187+0000] {processor.py:208} INFO - Processing /home/airflow/.local/lib/python3.12/site-packages/airflow/example_dags/tutorial_objectstorage.py took 0.158 seconds
[2024-11-15T05:56:06.857+0000] {processor.py:186} INFO - Started process (PID=2159) to work on /home/airflow/.local/lib/python3.12/site-packages/airflow/example_dags/tutorial_objectstorage.py
[2024-11-15T05:56:06.861+0000] {processor.py:914} INFO - Processing file /home/airflow/.local/lib/python3.12/site-packages/airflow/example_dags/tutorial_objectstorage.py for tasks to queue
[2024-11-15T05:56:06.866+0000] {logging_mixin.py:190} INFO - [2024-11-15T05:56:06.865+0000] {dagbag.py:588} INFO - Filling up the DagBag from /home/airflow/.local/lib/python3.12/site-packages/airflow/example_dags/tutorial_objectstorage.py
[2024-11-15T05:56:06.895+0000] {processor.py:925} INFO - DAG(s) 'tutorial_objectstorage' retrieved from /home/airflow/.local/lib/python3.12/site-packages/airflow/example_dags/tutorial_objectstorage.py
[2024-11-15T05:56:06.950+0000] {logging_mixin.py:190} INFO - [2024-11-15T05:56:06.949+0000] {dag.py:3239} INFO - Sync 1 DAGs
[2024-11-15T05:56:06.996+0000] {logging_mixin.py:190} INFO - [2024-11-15T05:56:06.996+0000] {dag.py:4180} INFO - Setting next_dagrun for tutorial_objectstorage to None, run_after=None
[2024-11-15T05:56:07.044+0000] {processor.py:208} INFO - Processing /home/airflow/.local/lib/python3.12/site-packages/airflow/example_dags/tutorial_objectstorage.py took 0.202 seconds
[2024-11-15T05:56:39.595+0000] {processor.py:186} INFO - Started process (PID=2224) to work on /home/airflow/.local/lib/python3.12/site-packages/airflow/example_dags/tutorial_objectstorage.py
[2024-11-15T05:56:39.598+0000] {processor.py:914} INFO - Processing file /home/airflow/.local/lib/python3.12/site-packages/airflow/example_dags/tutorial_objectstorage.py for tasks to queue
[2024-11-15T05:56:39.603+0000] {logging_mixin.py:190} INFO - [2024-11-15T05:56:39.602+0000] {dagbag.py:588} INFO - Filling up the DagBag from /home/airflow/.local/lib/python3.12/site-packages/airflow/example_dags/tutorial_objectstorage.py
[2024-11-15T05:56:39.627+0000] {processor.py:925} INFO - DAG(s) 'tutorial_objectstorage' retrieved from /home/airflow/.local/lib/python3.12/site-packages/airflow/example_dags/tutorial_objectstorage.py
[2024-11-15T05:56:39.668+0000] {logging_mixin.py:190} INFO - [2024-11-15T05:56:39.667+0000] {dag.py:3239} INFO - Sync 1 DAGs
[2024-11-15T05:56:39.709+0000] {logging_mixin.py:190} INFO - [2024-11-15T05:56:39.708+0000] {dag.py:4180} INFO - Setting next_dagrun for tutorial_objectstorage to None, run_after=None
[2024-11-15T05:56:39.758+0000] {processor.py:208} INFO - Processing /home/airflow/.local/lib/python3.12/site-packages/airflow/example_dags/tutorial_objectstorage.py took 0.178 seconds
[2024-11-15T05:57:13.944+0000] {processor.py:186} INFO - Started process (PID=2296) to work on /home/airflow/.local/lib/python3.12/site-packages/airflow/example_dags/tutorial_objectstorage.py
[2024-11-15T05:57:13.948+0000] {processor.py:914} INFO - Processing file /home/airflow/.local/lib/python3.12/site-packages/airflow/example_dags/tutorial_objectstorage.py for tasks to queue
[2024-11-15T05:57:13.955+0000] {logging_mixin.py:190} INFO - [2024-11-15T05:57:13.954+0000] {dagbag.py:588} INFO - Filling up the DagBag from /home/airflow/.local/lib/python3.12/site-packages/airflow/example_dags/tutorial_objectstorage.py
[2024-11-15T05:57:13.990+0000] {processor.py:925} INFO - DAG(s) 'tutorial_objectstorage' retrieved from /home/airflow/.local/lib/python3.12/site-packages/airflow/example_dags/tutorial_objectstorage.py
[2024-11-15T05:57:14.062+0000] {logging_mixin.py:190} INFO - [2024-11-15T05:57:14.062+0000] {dag.py:3239} INFO - Sync 1 DAGs
[2024-11-15T05:57:14.118+0000] {logging_mixin.py:190} INFO - [2024-11-15T05:57:14.117+0000] {dag.py:4180} INFO - Setting next_dagrun for tutorial_objectstorage to None, run_after=None
[2024-11-15T05:57:14.193+0000] {processor.py:208} INFO - Processing /home/airflow/.local/lib/python3.12/site-packages/airflow/example_dags/tutorial_objectstorage.py took 0.265 seconds
[2024-11-15T05:57:45.418+0000] {processor.py:186} INFO - Started process (PID=2361) to work on /home/airflow/.local/lib/python3.12/site-packages/airflow/example_dags/tutorial_objectstorage.py
[2024-11-15T05:57:45.424+0000] {processor.py:914} INFO - Processing file /home/airflow/.local/lib/python3.12/site-packages/airflow/example_dags/tutorial_objectstorage.py for tasks to queue
[2024-11-15T05:57:45.432+0000] {logging_mixin.py:190} INFO - [2024-11-15T05:57:45.431+0000] {dagbag.py:588} INFO - Filling up the DagBag from /home/airflow/.local/lib/python3.12/site-packages/airflow/example_dags/tutorial_objectstorage.py
[2024-11-15T05:57:45.462+0000] {processor.py:925} INFO - DAG(s) 'tutorial_objectstorage' retrieved from /home/airflow/.local/lib/python3.12/site-packages/airflow/example_dags/tutorial_objectstorage.py
[2024-11-15T05:57:45.535+0000] {logging_mixin.py:190} INFO - [2024-11-15T05:57:45.534+0000] {dag.py:3239} INFO - Sync 1 DAGs
[2024-11-15T05:57:45.589+0000] {logging_mixin.py:190} INFO - [2024-11-15T05:57:45.588+0000] {dag.py:4180} INFO - Setting next_dagrun for tutorial_objectstorage to None, run_after=None
[2024-11-15T05:57:45.646+0000] {processor.py:208} INFO - Processing /home/airflow/.local/lib/python3.12/site-packages/airflow/example_dags/tutorial_objectstorage.py took 0.246 seconds
[2024-11-15T05:58:18.139+0000] {processor.py:186} INFO - Started process (PID=2427) to work on /home/airflow/.local/lib/python3.12/site-packages/airflow/example_dags/tutorial_objectstorage.py
[2024-11-15T05:58:18.142+0000] {processor.py:914} INFO - Processing file /home/airflow/.local/lib/python3.12/site-packages/airflow/example_dags/tutorial_objectstorage.py for tasks to queue
[2024-11-15T05:58:18.147+0000] {logging_mixin.py:190} INFO - [2024-11-15T05:58:18.146+0000] {dagbag.py:588} INFO - Filling up the DagBag from /home/airflow/.local/lib/python3.12/site-packages/airflow/example_dags/tutorial_objectstorage.py
[2024-11-15T05:58:18.163+0000] {processor.py:925} INFO - DAG(s) 'tutorial_objectstorage' retrieved from /home/airflow/.local/lib/python3.12/site-packages/airflow/example_dags/tutorial_objectstorage.py
[2024-11-15T05:58:18.200+0000] {logging_mixin.py:190} INFO - [2024-11-15T05:58:18.200+0000] {dag.py:3239} INFO - Sync 1 DAGs
[2024-11-15T05:58:18.233+0000] {logging_mixin.py:190} INFO - [2024-11-15T05:58:18.232+0000] {dag.py:4180} INFO - Setting next_dagrun for tutorial_objectstorage to None, run_after=None
[2024-11-15T05:58:18.283+0000] {processor.py:208} INFO - Processing /home/airflow/.local/lib/python3.12/site-packages/airflow/example_dags/tutorial_objectstorage.py took 0.155 seconds
[2024-11-15T05:58:49.949+0000] {processor.py:186} INFO - Started process (PID=2498) to work on /home/airflow/.local/lib/python3.12/site-packages/airflow/example_dags/tutorial_objectstorage.py
[2024-11-15T05:58:49.952+0000] {processor.py:914} INFO - Processing file /home/airflow/.local/lib/python3.12/site-packages/airflow/example_dags/tutorial_objectstorage.py for tasks to queue
[2024-11-15T05:58:49.957+0000] {logging_mixin.py:190} INFO - [2024-11-15T05:58:49.956+0000] {dagbag.py:588} INFO - Filling up the DagBag from /home/airflow/.local/lib/python3.12/site-packages/airflow/example_dags/tutorial_objectstorage.py
[2024-11-15T05:58:49.978+0000] {processor.py:925} INFO - DAG(s) 'tutorial_objectstorage' retrieved from /home/airflow/.local/lib/python3.12/site-packages/airflow/example_dags/tutorial_objectstorage.py
[2024-11-15T05:58:50.018+0000] {logging_mixin.py:190} INFO - [2024-11-15T05:58:50.017+0000] {dag.py:3239} INFO - Sync 1 DAGs
[2024-11-15T05:58:50.059+0000] {logging_mixin.py:190} INFO - [2024-11-15T05:58:50.059+0000] {dag.py:4180} INFO - Setting next_dagrun for tutorial_objectstorage to None, run_after=None
[2024-11-15T05:58:50.121+0000] {processor.py:208} INFO - Processing /home/airflow/.local/lib/python3.12/site-packages/airflow/example_dags/tutorial_objectstorage.py took 0.185 seconds
[2024-11-15T05:59:22.361+0000] {processor.py:186} INFO - Started process (PID=2563) to work on /home/airflow/.local/lib/python3.12/site-packages/airflow/example_dags/tutorial_objectstorage.py
[2024-11-15T05:59:22.364+0000] {processor.py:914} INFO - Processing file /home/airflow/.local/lib/python3.12/site-packages/airflow/example_dags/tutorial_objectstorage.py for tasks to queue
[2024-11-15T05:59:22.369+0000] {logging_mixin.py:190} INFO - [2024-11-15T05:59:22.368+0000] {dagbag.py:588} INFO - Filling up the DagBag from /home/airflow/.local/lib/python3.12/site-packages/airflow/example_dags/tutorial_objectstorage.py
[2024-11-15T05:59:22.390+0000] {processor.py:925} INFO - DAG(s) 'tutorial_objectstorage' retrieved from /home/airflow/.local/lib/python3.12/site-packages/airflow/example_dags/tutorial_objectstorage.py
[2024-11-15T05:59:22.443+0000] {logging_mixin.py:190} INFO - [2024-11-15T05:59:22.442+0000] {dag.py:3239} INFO - Sync 1 DAGs
[2024-11-15T05:59:22.495+0000] {logging_mixin.py:190} INFO - [2024-11-15T05:59:22.495+0000] {dag.py:4180} INFO - Setting next_dagrun for tutorial_objectstorage to None, run_after=None
[2024-11-15T05:59:22.539+0000] {processor.py:208} INFO - Processing /home/airflow/.local/lib/python3.12/site-packages/airflow/example_dags/tutorial_objectstorage.py took 0.190 seconds
[2024-11-15T05:59:58.143+0000] {processor.py:186} INFO - Started process (PID=2636) to work on /home/airflow/.local/lib/python3.12/site-packages/airflow/example_dags/tutorial_objectstorage.py
[2024-11-15T05:59:58.148+0000] {processor.py:914} INFO - Processing file /home/airflow/.local/lib/python3.12/site-packages/airflow/example_dags/tutorial_objectstorage.py for tasks to queue
[2024-11-15T05:59:58.155+0000] {logging_mixin.py:190} INFO - [2024-11-15T05:59:58.154+0000] {dagbag.py:588} INFO - Filling up the DagBag from /home/airflow/.local/lib/python3.12/site-packages/airflow/example_dags/tutorial_objectstorage.py
[2024-11-15T05:59:58.178+0000] {processor.py:925} INFO - DAG(s) 'tutorial_objectstorage' retrieved from /home/airflow/.local/lib/python3.12/site-packages/airflow/example_dags/tutorial_objectstorage.py
[2024-11-15T05:59:58.229+0000] {logging_mixin.py:190} INFO - [2024-11-15T05:59:58.228+0000] {dag.py:3239} INFO - Sync 1 DAGs
[2024-11-15T05:59:58.267+0000] {logging_mixin.py:190} INFO - [2024-11-15T05:59:58.266+0000] {dag.py:4180} INFO - Setting next_dagrun for tutorial_objectstorage to None, run_after=None
[2024-11-15T05:59:58.312+0000] {processor.py:208} INFO - Processing /home/airflow/.local/lib/python3.12/site-packages/airflow/example_dags/tutorial_objectstorage.py took 0.185 seconds
[2024-11-15T06:00:29.168+0000] {processor.py:186} INFO - Started process (PID=2701) to work on /home/airflow/.local/lib/python3.12/site-packages/airflow/example_dags/tutorial_objectstorage.py
[2024-11-15T06:00:29.190+0000] {processor.py:914} INFO - Processing file /home/airflow/.local/lib/python3.12/site-packages/airflow/example_dags/tutorial_objectstorage.py for tasks to queue
[2024-11-15T06:00:29.202+0000] {logging_mixin.py:190} INFO - [2024-11-15T06:00:29.201+0000] {dagbag.py:588} INFO - Filling up the DagBag from /home/airflow/.local/lib/python3.12/site-packages/airflow/example_dags/tutorial_objectstorage.py
[2024-11-15T06:00:29.258+0000] {processor.py:925} INFO - DAG(s) 'tutorial_objectstorage' retrieved from /home/airflow/.local/lib/python3.12/site-packages/airflow/example_dags/tutorial_objectstorage.py
[2024-11-15T06:00:29.349+0000] {logging_mixin.py:190} INFO - [2024-11-15T06:00:29.349+0000] {dag.py:3239} INFO - Sync 1 DAGs
[2024-11-15T06:00:29.403+0000] {logging_mixin.py:190} INFO - [2024-11-15T06:00:29.402+0000] {dag.py:4180} INFO - Setting next_dagrun for tutorial_objectstorage to None, run_after=None
[2024-11-15T06:00:29.471+0000] {processor.py:208} INFO - Processing /home/airflow/.local/lib/python3.12/site-packages/airflow/example_dags/tutorial_objectstorage.py took 0.338 seconds
[2024-11-15T06:01:00.174+0000] {processor.py:186} INFO - Started process (PID=2767) to work on /home/airflow/.local/lib/python3.12/site-packages/airflow/example_dags/tutorial_objectstorage.py
[2024-11-15T06:01:00.178+0000] {processor.py:914} INFO - Processing file /home/airflow/.local/lib/python3.12/site-packages/airflow/example_dags/tutorial_objectstorage.py for tasks to queue
[2024-11-15T06:01:00.183+0000] {logging_mixin.py:190} INFO - [2024-11-15T06:01:00.183+0000] {dagbag.py:588} INFO - Filling up the DagBag from /home/airflow/.local/lib/python3.12/site-packages/airflow/example_dags/tutorial_objectstorage.py
[2024-11-15T06:01:00.204+0000] {processor.py:925} INFO - DAG(s) 'tutorial_objectstorage' retrieved from /home/airflow/.local/lib/python3.12/site-packages/airflow/example_dags/tutorial_objectstorage.py
[2024-11-15T06:01:00.244+0000] {logging_mixin.py:190} INFO - [2024-11-15T06:01:00.244+0000] {dag.py:3239} INFO - Sync 1 DAGs
[2024-11-15T06:01:00.278+0000] {logging_mixin.py:190} INFO - [2024-11-15T06:01:00.278+0000] {dag.py:4180} INFO - Setting next_dagrun for tutorial_objectstorage to None, run_after=None
[2024-11-15T06:01:00.343+0000] {processor.py:208} INFO - Processing /home/airflow/.local/lib/python3.12/site-packages/airflow/example_dags/tutorial_objectstorage.py took 0.179 seconds
[2024-11-15T06:01:34.107+0000] {processor.py:186} INFO - Started process (PID=2833) to work on /home/airflow/.local/lib/python3.12/site-packages/airflow/example_dags/tutorial_objectstorage.py
[2024-11-15T06:01:34.110+0000] {processor.py:914} INFO - Processing file /home/airflow/.local/lib/python3.12/site-packages/airflow/example_dags/tutorial_objectstorage.py for tasks to queue
[2024-11-15T06:01:34.117+0000] {logging_mixin.py:190} INFO - [2024-11-15T06:01:34.116+0000] {dagbag.py:588} INFO - Filling up the DagBag from /home/airflow/.local/lib/python3.12/site-packages/airflow/example_dags/tutorial_objectstorage.py
[2024-11-15T06:01:34.154+0000] {processor.py:925} INFO - DAG(s) 'tutorial_objectstorage' retrieved from /home/airflow/.local/lib/python3.12/site-packages/airflow/example_dags/tutorial_objectstorage.py
[2024-11-15T06:01:34.264+0000] {logging_mixin.py:190} INFO - [2024-11-15T06:01:34.263+0000] {dag.py:3239} INFO - Sync 1 DAGs
[2024-11-15T06:01:34.327+0000] {logging_mixin.py:190} INFO - [2024-11-15T06:01:34.326+0000] {dag.py:4180} INFO - Setting next_dagrun for tutorial_objectstorage to None, run_after=None
[2024-11-15T06:01:34.394+0000] {processor.py:208} INFO - Processing /home/airflow/.local/lib/python3.12/site-packages/airflow/example_dags/tutorial_objectstorage.py took 0.301 seconds
[2024-11-15T06:02:07.317+0000] {processor.py:186} INFO - Started process (PID=2907) to work on /home/airflow/.local/lib/python3.12/site-packages/airflow/example_dags/tutorial_objectstorage.py
[2024-11-15T06:02:07.321+0000] {processor.py:914} INFO - Processing file /home/airflow/.local/lib/python3.12/site-packages/airflow/example_dags/tutorial_objectstorage.py for tasks to queue
[2024-11-15T06:02:07.327+0000] {logging_mixin.py:190} INFO - [2024-11-15T06:02:07.326+0000] {dagbag.py:588} INFO - Filling up the DagBag from /home/airflow/.local/lib/python3.12/site-packages/airflow/example_dags/tutorial_objectstorage.py
[2024-11-15T06:02:07.355+0000] {processor.py:925} INFO - DAG(s) 'tutorial_objectstorage' retrieved from /home/airflow/.local/lib/python3.12/site-packages/airflow/example_dags/tutorial_objectstorage.py
[2024-11-15T06:02:07.401+0000] {logging_mixin.py:190} INFO - [2024-11-15T06:02:07.400+0000] {dag.py:3239} INFO - Sync 1 DAGs
[2024-11-15T06:02:07.441+0000] {logging_mixin.py:190} INFO - [2024-11-15T06:02:07.440+0000] {dag.py:4180} INFO - Setting next_dagrun for tutorial_objectstorage to None, run_after=None
[2024-11-15T06:02:07.490+0000] {processor.py:208} INFO - Processing /home/airflow/.local/lib/python3.12/site-packages/airflow/example_dags/tutorial_objectstorage.py took 0.189 seconds
[2024-11-15T06:02:52.680+0000] {processor.py:186} INFO - Started process (PID=2983) to work on /home/airflow/.local/lib/python3.12/site-packages/airflow/example_dags/tutorial_objectstorage.py
[2024-11-15T06:02:52.684+0000] {processor.py:914} INFO - Processing file /home/airflow/.local/lib/python3.12/site-packages/airflow/example_dags/tutorial_objectstorage.py for tasks to queue
[2024-11-15T06:02:52.695+0000] {logging_mixin.py:190} INFO - [2024-11-15T06:02:52.693+0000] {dagbag.py:588} INFO - Filling up the DagBag from /home/airflow/.local/lib/python3.12/site-packages/airflow/example_dags/tutorial_objectstorage.py
[2024-11-15T06:02:52.736+0000] {processor.py:925} INFO - DAG(s) 'tutorial_objectstorage' retrieved from /home/airflow/.local/lib/python3.12/site-packages/airflow/example_dags/tutorial_objectstorage.py
[2024-11-15T06:02:52.797+0000] {logging_mixin.py:190} INFO - [2024-11-15T06:02:52.796+0000] {dag.py:3239} INFO - Sync 1 DAGs
[2024-11-15T06:02:52.835+0000] {logging_mixin.py:190} INFO - [2024-11-15T06:02:52.834+0000] {dag.py:4180} INFO - Setting next_dagrun for tutorial_objectstorage to None, run_after=None
[2024-11-15T06:02:52.881+0000] {processor.py:208} INFO - Processing /home/airflow/.local/lib/python3.12/site-packages/airflow/example_dags/tutorial_objectstorage.py took 0.222 seconds
[2024-11-15T06:03:28.597+0000] {processor.py:186} INFO - Started process (PID=3050) to work on /home/airflow/.local/lib/python3.12/site-packages/airflow/example_dags/tutorial_objectstorage.py
[2024-11-15T06:03:28.613+0000] {processor.py:914} INFO - Processing file /home/airflow/.local/lib/python3.12/site-packages/airflow/example_dags/tutorial_objectstorage.py for tasks to queue
[2024-11-15T06:03:28.619+0000] {logging_mixin.py:190} INFO - [2024-11-15T06:03:28.618+0000] {dagbag.py:588} INFO - Filling up the DagBag from /home/airflow/.local/lib/python3.12/site-packages/airflow/example_dags/tutorial_objectstorage.py
[2024-11-15T06:03:28.673+0000] {processor.py:925} INFO - DAG(s) 'tutorial_objectstorage' retrieved from /home/airflow/.local/lib/python3.12/site-packages/airflow/example_dags/tutorial_objectstorage.py
[2024-11-15T06:03:28.799+0000] {logging_mixin.py:190} INFO - [2024-11-15T06:03:28.798+0000] {dag.py:3239} INFO - Sync 1 DAGs
[2024-11-15T06:03:28.864+0000] {logging_mixin.py:190} INFO - [2024-11-15T06:03:28.864+0000] {dag.py:4180} INFO - Setting next_dagrun for tutorial_objectstorage to None, run_after=None
[2024-11-15T06:03:28.938+0000] {processor.py:208} INFO - Processing /home/airflow/.local/lib/python3.12/site-packages/airflow/example_dags/tutorial_objectstorage.py took 0.377 seconds
[2024-11-15T06:04:01.457+0000] {processor.py:186} INFO - Started process (PID=3115) to work on /home/airflow/.local/lib/python3.12/site-packages/airflow/example_dags/tutorial_objectstorage.py
[2024-11-15T06:04:01.468+0000] {processor.py:914} INFO - Processing file /home/airflow/.local/lib/python3.12/site-packages/airflow/example_dags/tutorial_objectstorage.py for tasks to queue
[2024-11-15T06:04:01.474+0000] {logging_mixin.py:190} INFO - [2024-11-15T06:04:01.474+0000] {dagbag.py:588} INFO - Filling up the DagBag from /home/airflow/.local/lib/python3.12/site-packages/airflow/example_dags/tutorial_objectstorage.py
[2024-11-15T06:04:01.522+0000] {processor.py:925} INFO - DAG(s) 'tutorial_objectstorage' retrieved from /home/airflow/.local/lib/python3.12/site-packages/airflow/example_dags/tutorial_objectstorage.py
[2024-11-15T06:04:01.579+0000] {logging_mixin.py:190} INFO - [2024-11-15T06:04:01.579+0000] {dag.py:3239} INFO - Sync 1 DAGs
[2024-11-15T06:04:01.608+0000] {logging_mixin.py:190} INFO - [2024-11-15T06:04:01.607+0000] {dag.py:4180} INFO - Setting next_dagrun for tutorial_objectstorage to None, run_after=None
[2024-11-15T06:04:01.648+0000] {processor.py:208} INFO - Processing /home/airflow/.local/lib/python3.12/site-packages/airflow/example_dags/tutorial_objectstorage.py took 0.222 seconds
[2024-11-15T06:04:36.206+0000] {processor.py:186} INFO - Started process (PID=3182) to work on /home/airflow/.local/lib/python3.12/site-packages/airflow/example_dags/tutorial_objectstorage.py
[2024-11-15T06:04:36.220+0000] {processor.py:914} INFO - Processing file /home/airflow/.local/lib/python3.12/site-packages/airflow/example_dags/tutorial_objectstorage.py for tasks to queue
[2024-11-15T06:04:36.227+0000] {logging_mixin.py:190} INFO - [2024-11-15T06:04:36.225+0000] {dagbag.py:588} INFO - Filling up the DagBag from /home/airflow/.local/lib/python3.12/site-packages/airflow/example_dags/tutorial_objectstorage.py
[2024-11-15T06:04:36.259+0000] {processor.py:925} INFO - DAG(s) 'tutorial_objectstorage' retrieved from /home/airflow/.local/lib/python3.12/site-packages/airflow/example_dags/tutorial_objectstorage.py
[2024-11-15T06:04:36.350+0000] {logging_mixin.py:190} INFO - [2024-11-15T06:04:36.349+0000] {dag.py:3239} INFO - Sync 1 DAGs
[2024-11-15T06:04:36.419+0000] {logging_mixin.py:190} INFO - [2024-11-15T06:04:36.418+0000] {dag.py:4180} INFO - Setting next_dagrun for tutorial_objectstorage to None, run_after=None
[2024-11-15T06:04:36.480+0000] {processor.py:208} INFO - Processing /home/airflow/.local/lib/python3.12/site-packages/airflow/example_dags/tutorial_objectstorage.py took 0.293 seconds
[2024-11-15T06:05:09.795+0000] {processor.py:186} INFO - Started process (PID=3247) to work on /home/airflow/.local/lib/python3.12/site-packages/airflow/example_dags/tutorial_objectstorage.py
[2024-11-15T06:05:09.798+0000] {processor.py:914} INFO - Processing file /home/airflow/.local/lib/python3.12/site-packages/airflow/example_dags/tutorial_objectstorage.py for tasks to queue
[2024-11-15T06:05:09.812+0000] {logging_mixin.py:190} INFO - [2024-11-15T06:05:09.807+0000] {dagbag.py:588} INFO - Filling up the DagBag from /home/airflow/.local/lib/python3.12/site-packages/airflow/example_dags/tutorial_objectstorage.py
[2024-11-15T06:05:09.867+0000] {processor.py:925} INFO - DAG(s) 'tutorial_objectstorage' retrieved from /home/airflow/.local/lib/python3.12/site-packages/airflow/example_dags/tutorial_objectstorage.py
[2024-11-15T06:05:09.954+0000] {logging_mixin.py:190} INFO - [2024-11-15T06:05:09.954+0000] {dag.py:3239} INFO - Sync 1 DAGs
[2024-11-15T06:05:09.989+0000] {logging_mixin.py:190} INFO - [2024-11-15T06:05:09.989+0000] {dag.py:4180} INFO - Setting next_dagrun for tutorial_objectstorage to None, run_after=None
[2024-11-15T06:05:10.360+0000] {processor.py:208} INFO - Processing /home/airflow/.local/lib/python3.12/site-packages/airflow/example_dags/tutorial_objectstorage.py took 0.588 seconds
[2024-11-15T06:05:40.451+0000] {processor.py:186} INFO - Started process (PID=3312) to work on /home/airflow/.local/lib/python3.12/site-packages/airflow/example_dags/tutorial_objectstorage.py
[2024-11-15T06:05:40.454+0000] {processor.py:914} INFO - Processing file /home/airflow/.local/lib/python3.12/site-packages/airflow/example_dags/tutorial_objectstorage.py for tasks to queue
[2024-11-15T06:05:40.460+0000] {logging_mixin.py:190} INFO - [2024-11-15T06:05:40.459+0000] {dagbag.py:588} INFO - Filling up the DagBag from /home/airflow/.local/lib/python3.12/site-packages/airflow/example_dags/tutorial_objectstorage.py
[2024-11-15T06:05:40.479+0000] {processor.py:925} INFO - DAG(s) 'tutorial_objectstorage' retrieved from /home/airflow/.local/lib/python3.12/site-packages/airflow/example_dags/tutorial_objectstorage.py
[2024-11-15T06:05:40.519+0000] {logging_mixin.py:190} INFO - [2024-11-15T06:05:40.518+0000] {dag.py:3239} INFO - Sync 1 DAGs
[2024-11-15T06:05:40.549+0000] {logging_mixin.py:190} INFO - [2024-11-15T06:05:40.548+0000] {dag.py:4180} INFO - Setting next_dagrun for tutorial_objectstorage to None, run_after=None
[2024-11-15T06:05:40.584+0000] {processor.py:208} INFO - Processing /home/airflow/.local/lib/python3.12/site-packages/airflow/example_dags/tutorial_objectstorage.py took 0.147 seconds
[2024-11-15T06:06:10.999+0000] {processor.py:186} INFO - Started process (PID=3378) to work on /home/airflow/.local/lib/python3.12/site-packages/airflow/example_dags/tutorial_objectstorage.py
[2024-11-15T06:06:11.003+0000] {processor.py:914} INFO - Processing file /home/airflow/.local/lib/python3.12/site-packages/airflow/example_dags/tutorial_objectstorage.py for tasks to queue
[2024-11-15T06:06:11.010+0000] {logging_mixin.py:190} INFO - [2024-11-15T06:06:11.009+0000] {dagbag.py:588} INFO - Filling up the DagBag from /home/airflow/.local/lib/python3.12/site-packages/airflow/example_dags/tutorial_objectstorage.py
[2024-11-15T06:06:11.038+0000] {processor.py:925} INFO - DAG(s) 'tutorial_objectstorage' retrieved from /home/airflow/.local/lib/python3.12/site-packages/airflow/example_dags/tutorial_objectstorage.py
[2024-11-15T06:06:11.093+0000] {logging_mixin.py:190} INFO - [2024-11-15T06:06:11.092+0000] {dag.py:3239} INFO - Sync 1 DAGs
[2024-11-15T06:06:11.140+0000] {logging_mixin.py:190} INFO - [2024-11-15T06:06:11.140+0000] {dag.py:4180} INFO - Setting next_dagrun for tutorial_objectstorage to None, run_after=None
[2024-11-15T06:06:11.211+0000] {processor.py:208} INFO - Processing /home/airflow/.local/lib/python3.12/site-packages/airflow/example_dags/tutorial_objectstorage.py took 0.228 seconds
[2024-11-15T06:06:46.072+0000] {processor.py:186} INFO - Started process (PID=3443) to work on /home/airflow/.local/lib/python3.12/site-packages/airflow/example_dags/tutorial_objectstorage.py
[2024-11-15T06:06:46.075+0000] {processor.py:914} INFO - Processing file /home/airflow/.local/lib/python3.12/site-packages/airflow/example_dags/tutorial_objectstorage.py for tasks to queue
[2024-11-15T06:06:46.080+0000] {logging_mixin.py:190} INFO - [2024-11-15T06:06:46.079+0000] {dagbag.py:588} INFO - Filling up the DagBag from /home/airflow/.local/lib/python3.12/site-packages/airflow/example_dags/tutorial_objectstorage.py
[2024-11-15T06:06:46.108+0000] {processor.py:925} INFO - DAG(s) 'tutorial_objectstorage' retrieved from /home/airflow/.local/lib/python3.12/site-packages/airflow/example_dags/tutorial_objectstorage.py
[2024-11-15T06:06:46.158+0000] {logging_mixin.py:190} INFO - [2024-11-15T06:06:46.158+0000] {dag.py:3239} INFO - Sync 1 DAGs
[2024-11-15T06:06:46.198+0000] {logging_mixin.py:190} INFO - [2024-11-15T06:06:46.198+0000] {dag.py:4180} INFO - Setting next_dagrun for tutorial_objectstorage to None, run_after=None
[2024-11-15T06:06:46.239+0000] {processor.py:208} INFO - Processing /home/airflow/.local/lib/python3.12/site-packages/airflow/example_dags/tutorial_objectstorage.py took 0.187 seconds
[2024-11-15T06:07:20.611+0000] {processor.py:186} INFO - Started process (PID=3508) to work on /home/airflow/.local/lib/python3.12/site-packages/airflow/example_dags/tutorial_objectstorage.py
[2024-11-15T06:07:20.614+0000] {processor.py:914} INFO - Processing file /home/airflow/.local/lib/python3.12/site-packages/airflow/example_dags/tutorial_objectstorage.py for tasks to queue
[2024-11-15T06:07:20.621+0000] {logging_mixin.py:190} INFO - [2024-11-15T06:07:20.620+0000] {dagbag.py:588} INFO - Filling up the DagBag from /home/airflow/.local/lib/python3.12/site-packages/airflow/example_dags/tutorial_objectstorage.py
[2024-11-15T06:07:20.646+0000] {processor.py:925} INFO - DAG(s) 'tutorial_objectstorage' retrieved from /home/airflow/.local/lib/python3.12/site-packages/airflow/example_dags/tutorial_objectstorage.py
[2024-11-15T06:07:21.182+0000] {logging_mixin.py:190} INFO - [2024-11-15T06:07:21.181+0000] {dag.py:3239} INFO - Sync 1 DAGs
[2024-11-15T06:07:21.251+0000] {logging_mixin.py:190} INFO - [2024-11-15T06:07:21.250+0000] {dag.py:4180} INFO - Setting next_dagrun for tutorial_objectstorage to None, run_after=None
[2024-11-15T06:07:21.346+0000] {processor.py:208} INFO - Processing /home/airflow/.local/lib/python3.12/site-packages/airflow/example_dags/tutorial_objectstorage.py took 0.750 seconds
[2024-11-15T06:07:52.239+0000] {processor.py:186} INFO - Started process (PID=3573) to work on /home/airflow/.local/lib/python3.12/site-packages/airflow/example_dags/tutorial_objectstorage.py
[2024-11-15T06:07:52.245+0000] {processor.py:914} INFO - Processing file /home/airflow/.local/lib/python3.12/site-packages/airflow/example_dags/tutorial_objectstorage.py for tasks to queue
[2024-11-15T06:07:52.255+0000] {logging_mixin.py:190} INFO - [2024-11-15T06:07:52.254+0000] {dagbag.py:588} INFO - Filling up the DagBag from /home/airflow/.local/lib/python3.12/site-packages/airflow/example_dags/tutorial_objectstorage.py
[2024-11-15T06:07:52.298+0000] {processor.py:925} INFO - DAG(s) 'tutorial_objectstorage' retrieved from /home/airflow/.local/lib/python3.12/site-packages/airflow/example_dags/tutorial_objectstorage.py
[2024-11-15T06:07:52.355+0000] {logging_mixin.py:190} INFO - [2024-11-15T06:07:52.355+0000] {dag.py:3239} INFO - Sync 1 DAGs
[2024-11-15T06:07:52.382+0000] {logging_mixin.py:190} INFO - [2024-11-15T06:07:52.381+0000] {dag.py:4180} INFO - Setting next_dagrun for tutorial_objectstorage to None, run_after=None
[2024-11-15T06:07:52.412+0000] {processor.py:208} INFO - Processing /home/airflow/.local/lib/python3.12/site-packages/airflow/example_dags/tutorial_objectstorage.py took 0.199 seconds
[2024-11-15T06:08:22.727+0000] {processor.py:186} INFO - Started process (PID=3638) to work on /home/airflow/.local/lib/python3.12/site-packages/airflow/example_dags/tutorial_objectstorage.py
[2024-11-15T06:08:22.730+0000] {processor.py:914} INFO - Processing file /home/airflow/.local/lib/python3.12/site-packages/airflow/example_dags/tutorial_objectstorage.py for tasks to queue
[2024-11-15T06:08:22.735+0000] {logging_mixin.py:190} INFO - [2024-11-15T06:08:22.734+0000] {dagbag.py:588} INFO - Filling up the DagBag from /home/airflow/.local/lib/python3.12/site-packages/airflow/example_dags/tutorial_objectstorage.py
[2024-11-15T06:08:22.756+0000] {processor.py:925} INFO - DAG(s) 'tutorial_objectstorage' retrieved from /home/airflow/.local/lib/python3.12/site-packages/airflow/example_dags/tutorial_objectstorage.py
[2024-11-15T06:08:22.796+0000] {logging_mixin.py:190} INFO - [2024-11-15T06:08:22.795+0000] {dag.py:3239} INFO - Sync 1 DAGs
[2024-11-15T06:08:22.832+0000] {logging_mixin.py:190} INFO - [2024-11-15T06:08:22.831+0000] {dag.py:4180} INFO - Setting next_dagrun for tutorial_objectstorage to None, run_after=None
[2024-11-15T06:08:22.864+0000] {processor.py:208} INFO - Processing /home/airflow/.local/lib/python3.12/site-packages/airflow/example_dags/tutorial_objectstorage.py took 0.150 seconds
[2024-11-15T06:08:54.317+0000] {processor.py:186} INFO - Started process (PID=3703) to work on /home/airflow/.local/lib/python3.12/site-packages/airflow/example_dags/tutorial_objectstorage.py
[2024-11-15T06:08:54.323+0000] {processor.py:914} INFO - Processing file /home/airflow/.local/lib/python3.12/site-packages/airflow/example_dags/tutorial_objectstorage.py for tasks to queue
[2024-11-15T06:08:54.331+0000] {logging_mixin.py:190} INFO - [2024-11-15T06:08:54.330+0000] {dagbag.py:588} INFO - Filling up the DagBag from /home/airflow/.local/lib/python3.12/site-packages/airflow/example_dags/tutorial_objectstorage.py
[2024-11-15T06:08:54.362+0000] {processor.py:925} INFO - DAG(s) 'tutorial_objectstorage' retrieved from /home/airflow/.local/lib/python3.12/site-packages/airflow/example_dags/tutorial_objectstorage.py
[2024-11-15T06:08:54.420+0000] {logging_mixin.py:190} INFO - [2024-11-15T06:08:54.419+0000] {dag.py:3239} INFO - Sync 1 DAGs
[2024-11-15T06:08:54.467+0000] {logging_mixin.py:190} INFO - [2024-11-15T06:08:54.467+0000] {dag.py:4180} INFO - Setting next_dagrun for tutorial_objectstorage to None, run_after=None
[2024-11-15T06:08:54.533+0000] {processor.py:208} INFO - Processing /home/airflow/.local/lib/python3.12/site-packages/airflow/example_dags/tutorial_objectstorage.py took 0.234 seconds
[2024-11-15T06:09:24.963+0000] {processor.py:186} INFO - Started process (PID=3768) to work on /home/airflow/.local/lib/python3.12/site-packages/airflow/example_dags/tutorial_objectstorage.py
[2024-11-15T06:09:24.968+0000] {processor.py:914} INFO - Processing file /home/airflow/.local/lib/python3.12/site-packages/airflow/example_dags/tutorial_objectstorage.py for tasks to queue
[2024-11-15T06:09:24.979+0000] {logging_mixin.py:190} INFO - [2024-11-15T06:09:24.978+0000] {dagbag.py:588} INFO - Filling up the DagBag from /home/airflow/.local/lib/python3.12/site-packages/airflow/example_dags/tutorial_objectstorage.py
[2024-11-15T06:09:25.005+0000] {processor.py:925} INFO - DAG(s) 'tutorial_objectstorage' retrieved from /home/airflow/.local/lib/python3.12/site-packages/airflow/example_dags/tutorial_objectstorage.py
[2024-11-15T06:09:25.059+0000] {logging_mixin.py:190} INFO - [2024-11-15T06:09:25.058+0000] {dag.py:3239} INFO - Sync 1 DAGs
[2024-11-15T06:09:25.096+0000] {logging_mixin.py:190} INFO - [2024-11-15T06:09:25.095+0000] {dag.py:4180} INFO - Setting next_dagrun for tutorial_objectstorage to None, run_after=None
[2024-11-15T06:09:25.134+0000] {processor.py:208} INFO - Processing /home/airflow/.local/lib/python3.12/site-packages/airflow/example_dags/tutorial_objectstorage.py took 0.213 seconds
[2024-11-15T06:09:55.482+0000] {processor.py:186} INFO - Started process (PID=3840) to work on /home/airflow/.local/lib/python3.12/site-packages/airflow/example_dags/tutorial_objectstorage.py
[2024-11-15T06:09:55.485+0000] {processor.py:914} INFO - Processing file /home/airflow/.local/lib/python3.12/site-packages/airflow/example_dags/tutorial_objectstorage.py for tasks to queue
[2024-11-15T06:09:55.493+0000] {logging_mixin.py:190} INFO - [2024-11-15T06:09:55.492+0000] {dagbag.py:588} INFO - Filling up the DagBag from /home/airflow/.local/lib/python3.12/site-packages/airflow/example_dags/tutorial_objectstorage.py
[2024-11-15T06:09:55.527+0000] {processor.py:925} INFO - DAG(s) 'tutorial_objectstorage' retrieved from /home/airflow/.local/lib/python3.12/site-packages/airflow/example_dags/tutorial_objectstorage.py
[2024-11-15T06:09:55.594+0000] {logging_mixin.py:190} INFO - [2024-11-15T06:09:55.593+0000] {dag.py:3239} INFO - Sync 1 DAGs
[2024-11-15T06:09:55.635+0000] {logging_mixin.py:190} INFO - [2024-11-15T06:09:55.633+0000] {dag.py:4180} INFO - Setting next_dagrun for tutorial_objectstorage to None, run_after=None
[2024-11-15T06:09:55.673+0000] {processor.py:208} INFO - Processing /home/airflow/.local/lib/python3.12/site-packages/airflow/example_dags/tutorial_objectstorage.py took 0.211 seconds
[2024-11-15T06:10:26.033+0000] {processor.py:186} INFO - Started process (PID=3905) to work on /home/airflow/.local/lib/python3.12/site-packages/airflow/example_dags/tutorial_objectstorage.py
[2024-11-15T06:10:26.036+0000] {processor.py:914} INFO - Processing file /home/airflow/.local/lib/python3.12/site-packages/airflow/example_dags/tutorial_objectstorage.py for tasks to queue
[2024-11-15T06:10:26.045+0000] {logging_mixin.py:190} INFO - [2024-11-15T06:10:26.044+0000] {dagbag.py:588} INFO - Filling up the DagBag from /home/airflow/.local/lib/python3.12/site-packages/airflow/example_dags/tutorial_objectstorage.py
[2024-11-15T06:10:26.069+0000] {processor.py:925} INFO - DAG(s) 'tutorial_objectstorage' retrieved from /home/airflow/.local/lib/python3.12/site-packages/airflow/example_dags/tutorial_objectstorage.py
[2024-11-15T06:10:26.117+0000] {logging_mixin.py:190} INFO - [2024-11-15T06:10:26.116+0000] {dag.py:3239} INFO - Sync 1 DAGs
[2024-11-15T06:10:26.157+0000] {logging_mixin.py:190} INFO - [2024-11-15T06:10:26.156+0000] {dag.py:4180} INFO - Setting next_dagrun for tutorial_objectstorage to None, run_after=None
[2024-11-15T06:10:26.216+0000] {processor.py:208} INFO - Processing /home/airflow/.local/lib/python3.12/site-packages/airflow/example_dags/tutorial_objectstorage.py took 0.201 seconds
[2024-11-15T06:10:57.042+0000] {processor.py:186} INFO - Started process (PID=3970) to work on /home/airflow/.local/lib/python3.12/site-packages/airflow/example_dags/tutorial_objectstorage.py
[2024-11-15T06:10:57.048+0000] {processor.py:914} INFO - Processing file /home/airflow/.local/lib/python3.12/site-packages/airflow/example_dags/tutorial_objectstorage.py for tasks to queue
[2024-11-15T06:10:57.056+0000] {logging_mixin.py:190} INFO - [2024-11-15T06:10:57.054+0000] {dagbag.py:588} INFO - Filling up the DagBag from /home/airflow/.local/lib/python3.12/site-packages/airflow/example_dags/tutorial_objectstorage.py
[2024-11-15T06:10:57.087+0000] {processor.py:925} INFO - DAG(s) 'tutorial_objectstorage' retrieved from /home/airflow/.local/lib/python3.12/site-packages/airflow/example_dags/tutorial_objectstorage.py
[2024-11-15T06:10:57.146+0000] {logging_mixin.py:190} INFO - [2024-11-15T06:10:57.145+0000] {dag.py:3239} INFO - Sync 1 DAGs
[2024-11-15T06:10:57.207+0000] {logging_mixin.py:190} INFO - [2024-11-15T06:10:57.206+0000] {dag.py:4180} INFO - Setting next_dagrun for tutorial_objectstorage to None, run_after=None
[2024-11-15T06:10:57.280+0000] {processor.py:208} INFO - Processing /home/airflow/.local/lib/python3.12/site-packages/airflow/example_dags/tutorial_objectstorage.py took 0.261 seconds
[2024-11-15T06:11:27.665+0000] {processor.py:186} INFO - Started process (PID=4035) to work on /home/airflow/.local/lib/python3.12/site-packages/airflow/example_dags/tutorial_objectstorage.py
[2024-11-15T06:11:27.669+0000] {processor.py:914} INFO - Processing file /home/airflow/.local/lib/python3.12/site-packages/airflow/example_dags/tutorial_objectstorage.py for tasks to queue
[2024-11-15T06:11:27.680+0000] {logging_mixin.py:190} INFO - [2024-11-15T06:11:27.678+0000] {dagbag.py:588} INFO - Filling up the DagBag from /home/airflow/.local/lib/python3.12/site-packages/airflow/example_dags/tutorial_objectstorage.py
[2024-11-15T06:11:27.714+0000] {processor.py:925} INFO - DAG(s) 'tutorial_objectstorage' retrieved from /home/airflow/.local/lib/python3.12/site-packages/airflow/example_dags/tutorial_objectstorage.py
[2024-11-15T06:11:27.773+0000] {logging_mixin.py:190} INFO - [2024-11-15T06:11:27.772+0000] {dag.py:3239} INFO - Sync 1 DAGs
[2024-11-15T06:11:27.824+0000] {logging_mixin.py:190} INFO - [2024-11-15T06:11:27.823+0000] {dag.py:4180} INFO - Setting next_dagrun for tutorial_objectstorage to None, run_after=None
[2024-11-15T06:11:27.886+0000] {processor.py:208} INFO - Processing /home/airflow/.local/lib/python3.12/site-packages/airflow/example_dags/tutorial_objectstorage.py took 0.245 seconds
[2024-11-15T06:12:00.602+0000] {processor.py:186} INFO - Started process (PID=4100) to work on /home/airflow/.local/lib/python3.12/site-packages/airflow/example_dags/tutorial_objectstorage.py
[2024-11-15T06:12:00.605+0000] {processor.py:914} INFO - Processing file /home/airflow/.local/lib/python3.12/site-packages/airflow/example_dags/tutorial_objectstorage.py for tasks to queue
[2024-11-15T06:12:00.611+0000] {logging_mixin.py:190} INFO - [2024-11-15T06:12:00.610+0000] {dagbag.py:588} INFO - Filling up the DagBag from /home/airflow/.local/lib/python3.12/site-packages/airflow/example_dags/tutorial_objectstorage.py
[2024-11-15T06:12:00.635+0000] {processor.py:925} INFO - DAG(s) 'tutorial_objectstorage' retrieved from /home/airflow/.local/lib/python3.12/site-packages/airflow/example_dags/tutorial_objectstorage.py
[2024-11-15T06:12:00.682+0000] {logging_mixin.py:190} INFO - [2024-11-15T06:12:00.682+0000] {dag.py:3239} INFO - Sync 1 DAGs
[2024-11-15T06:12:00.723+0000] {logging_mixin.py:190} INFO - [2024-11-15T06:12:00.723+0000] {dag.py:4180} INFO - Setting next_dagrun for tutorial_objectstorage to None, run_after=None
[2024-11-15T06:12:00.763+0000] {processor.py:208} INFO - Processing /home/airflow/.local/lib/python3.12/site-packages/airflow/example_dags/tutorial_objectstorage.py took 0.174 seconds
[2024-11-15T06:12:31.030+0000] {processor.py:186} INFO - Started process (PID=4165) to work on /home/airflow/.local/lib/python3.12/site-packages/airflow/example_dags/tutorial_objectstorage.py
[2024-11-15T06:12:31.039+0000] {processor.py:914} INFO - Processing file /home/airflow/.local/lib/python3.12/site-packages/airflow/example_dags/tutorial_objectstorage.py for tasks to queue
[2024-11-15T06:12:31.048+0000] {logging_mixin.py:190} INFO - [2024-11-15T06:12:31.047+0000] {dagbag.py:588} INFO - Filling up the DagBag from /home/airflow/.local/lib/python3.12/site-packages/airflow/example_dags/tutorial_objectstorage.py
[2024-11-15T06:12:31.085+0000] {processor.py:925} INFO - DAG(s) 'tutorial_objectstorage' retrieved from /home/airflow/.local/lib/python3.12/site-packages/airflow/example_dags/tutorial_objectstorage.py
[2024-11-15T06:12:31.150+0000] {logging_mixin.py:190} INFO - [2024-11-15T06:12:31.150+0000] {dag.py:3239} INFO - Sync 1 DAGs
[2024-11-15T06:12:31.203+0000] {logging_mixin.py:190} INFO - [2024-11-15T06:12:31.202+0000] {dag.py:4180} INFO - Setting next_dagrun for tutorial_objectstorage to None, run_after=None
[2024-11-15T06:12:31.243+0000] {processor.py:208} INFO - Processing /home/airflow/.local/lib/python3.12/site-packages/airflow/example_dags/tutorial_objectstorage.py took 0.237 seconds
[2024-11-15T06:13:03.272+0000] {processor.py:186} INFO - Started process (PID=4231) to work on /home/airflow/.local/lib/python3.12/site-packages/airflow/example_dags/tutorial_objectstorage.py
[2024-11-15T06:13:03.278+0000] {processor.py:914} INFO - Processing file /home/airflow/.local/lib/python3.12/site-packages/airflow/example_dags/tutorial_objectstorage.py for tasks to queue
[2024-11-15T06:13:03.288+0000] {logging_mixin.py:190} INFO - [2024-11-15T06:13:03.287+0000] {dagbag.py:588} INFO - Filling up the DagBag from /home/airflow/.local/lib/python3.12/site-packages/airflow/example_dags/tutorial_objectstorage.py
[2024-11-15T06:13:03.330+0000] {processor.py:925} INFO - DAG(s) 'tutorial_objectstorage' retrieved from /home/airflow/.local/lib/python3.12/site-packages/airflow/example_dags/tutorial_objectstorage.py
[2024-11-15T06:13:03.412+0000] {logging_mixin.py:190} INFO - [2024-11-15T06:13:03.411+0000] {dag.py:3239} INFO - Sync 1 DAGs
[2024-11-15T06:13:03.499+0000] {logging_mixin.py:190} INFO - [2024-11-15T06:13:03.498+0000] {dag.py:4180} INFO - Setting next_dagrun for tutorial_objectstorage to None, run_after=None
[2024-11-15T06:13:03.588+0000] {processor.py:208} INFO - Processing /home/airflow/.local/lib/python3.12/site-packages/airflow/example_dags/tutorial_objectstorage.py took 0.341 seconds
[2024-11-15T06:13:36.753+0000] {processor.py:186} INFO - Started process (PID=4297) to work on /home/airflow/.local/lib/python3.12/site-packages/airflow/example_dags/tutorial_objectstorage.py
[2024-11-15T06:13:36.755+0000] {processor.py:914} INFO - Processing file /home/airflow/.local/lib/python3.12/site-packages/airflow/example_dags/tutorial_objectstorage.py for tasks to queue
[2024-11-15T06:13:36.760+0000] {logging_mixin.py:190} INFO - [2024-11-15T06:13:36.759+0000] {dagbag.py:588} INFO - Filling up the DagBag from /home/airflow/.local/lib/python3.12/site-packages/airflow/example_dags/tutorial_objectstorage.py
[2024-11-15T06:13:36.780+0000] {processor.py:925} INFO - DAG(s) 'tutorial_objectstorage' retrieved from /home/airflow/.local/lib/python3.12/site-packages/airflow/example_dags/tutorial_objectstorage.py
[2024-11-15T06:13:36.814+0000] {logging_mixin.py:190} INFO - [2024-11-15T06:13:36.814+0000] {dag.py:3239} INFO - Sync 1 DAGs
[2024-11-15T06:13:36.843+0000] {logging_mixin.py:190} INFO - [2024-11-15T06:13:36.843+0000] {dag.py:4180} INFO - Setting next_dagrun for tutorial_objectstorage to None, run_after=None
[2024-11-15T06:13:36.875+0000] {processor.py:208} INFO - Processing /home/airflow/.local/lib/python3.12/site-packages/airflow/example_dags/tutorial_objectstorage.py took 0.132 seconds
