[2024-11-15T05:37:51.657+0000] {processor.py:186} INFO - Started process (PID=106) to work on /home/airflow/.local/lib/python3.12/site-packages/airflow/example_dags/tutorial.py
[2024-11-15T05:37:51.668+0000] {processor.py:914} INFO - Processing file /home/airflow/.local/lib/python3.12/site-packages/airflow/example_dags/tutorial.py for tasks to queue
[2024-11-15T05:37:51.679+0000] {logging_mixin.py:190} INFO - [2024-11-15T05:37:51.678+0000] {dagbag.py:588} INFO - Filling up the DagBag from /home/airflow/.local/lib/python3.12/site-packages/airflow/example_dags/tutorial.py
[2024-11-15T05:37:52.151+0000] {processor.py:925} INFO - DAG(s) 'tutorial' retrieved from /home/airflow/.local/lib/python3.12/site-packages/airflow/example_dags/tutorial.py
[2024-11-15T05:37:52.424+0000] {logging_mixin.py:190} INFO - [2024-11-15T05:37:52.424+0000] {dag.py:3239} INFO - Sync 1 DAGs
[2024-11-15T05:37:52.667+0000] {logging_mixin.py:190} INFO - [2024-11-15T05:37:52.667+0000] {dag.py:4180} INFO - Setting next_dagrun for tutorial to 2024-11-14 00:00:00+00:00, run_after=2024-11-15 00:00:00+00:00
[2024-11-15T05:37:52.812+0000] {processor.py:208} INFO - Processing /home/airflow/.local/lib/python3.12/site-packages/airflow/example_dags/tutorial.py took 1.247 seconds
[2024-11-15T05:39:21.479+0000] {processor.py:186} INFO - Started process (PID=177) to work on /home/airflow/.local/lib/python3.12/site-packages/airflow/example_dags/tutorial.py
[2024-11-15T05:39:21.485+0000] {processor.py:914} INFO - Processing file /home/airflow/.local/lib/python3.12/site-packages/airflow/example_dags/tutorial.py for tasks to queue
[2024-11-15T05:39:21.499+0000] {logging_mixin.py:190} INFO - [2024-11-15T05:39:21.498+0000] {dagbag.py:588} INFO - Filling up the DagBag from /home/airflow/.local/lib/python3.12/site-packages/airflow/example_dags/tutorial.py
[2024-11-15T05:39:21.543+0000] {processor.py:925} INFO - DAG(s) 'tutorial' retrieved from /home/airflow/.local/lib/python3.12/site-packages/airflow/example_dags/tutorial.py
[2024-11-15T05:39:21.640+0000] {logging_mixin.py:190} INFO - [2024-11-15T05:39:21.639+0000] {dag.py:3239} INFO - Sync 1 DAGs
[2024-11-15T05:39:21.750+0000] {logging_mixin.py:190} INFO - [2024-11-15T05:39:21.749+0000] {dag.py:4180} INFO - Setting next_dagrun for tutorial to 2024-11-14 00:00:00+00:00, run_after=2024-11-15 00:00:00+00:00
[2024-11-15T05:39:21.875+0000] {processor.py:208} INFO - Processing /home/airflow/.local/lib/python3.12/site-packages/airflow/example_dags/tutorial.py took 0.435 seconds
[2024-11-15T05:39:52.290+0000] {processor.py:186} INFO - Started process (PID=242) to work on /home/airflow/.local/lib/python3.12/site-packages/airflow/example_dags/tutorial.py
[2024-11-15T05:39:52.295+0000] {processor.py:914} INFO - Processing file /home/airflow/.local/lib/python3.12/site-packages/airflow/example_dags/tutorial.py for tasks to queue
[2024-11-15T05:39:52.302+0000] {logging_mixin.py:190} INFO - [2024-11-15T05:39:52.301+0000] {dagbag.py:588} INFO - Filling up the DagBag from /home/airflow/.local/lib/python3.12/site-packages/airflow/example_dags/tutorial.py
[2024-11-15T05:39:52.321+0000] {processor.py:925} INFO - DAG(s) 'tutorial' retrieved from /home/airflow/.local/lib/python3.12/site-packages/airflow/example_dags/tutorial.py
[2024-11-15T05:39:52.368+0000] {logging_mixin.py:190} INFO - [2024-11-15T05:39:52.367+0000] {dag.py:3239} INFO - Sync 1 DAGs
[2024-11-15T05:39:52.432+0000] {logging_mixin.py:190} INFO - [2024-11-15T05:39:52.432+0000] {dag.py:4180} INFO - Setting next_dagrun for tutorial to 2024-11-14 00:00:00+00:00, run_after=2024-11-15 00:00:00+00:00
[2024-11-15T05:39:52.480+0000] {processor.py:208} INFO - Processing /home/airflow/.local/lib/python3.12/site-packages/airflow/example_dags/tutorial.py took 0.204 seconds
[2024-11-15T05:40:23.294+0000] {processor.py:186} INFO - Started process (PID=307) to work on /home/airflow/.local/lib/python3.12/site-packages/airflow/example_dags/tutorial.py
[2024-11-15T05:40:23.297+0000] {processor.py:914} INFO - Processing file /home/airflow/.local/lib/python3.12/site-packages/airflow/example_dags/tutorial.py for tasks to queue
[2024-11-15T05:40:23.303+0000] {logging_mixin.py:190} INFO - [2024-11-15T05:40:23.302+0000] {dagbag.py:588} INFO - Filling up the DagBag from /home/airflow/.local/lib/python3.12/site-packages/airflow/example_dags/tutorial.py
[2024-11-15T05:40:23.317+0000] {processor.py:925} INFO - DAG(s) 'tutorial' retrieved from /home/airflow/.local/lib/python3.12/site-packages/airflow/example_dags/tutorial.py
[2024-11-15T05:40:23.351+0000] {logging_mixin.py:190} INFO - [2024-11-15T05:40:23.350+0000] {dag.py:3239} INFO - Sync 1 DAGs
[2024-11-15T05:40:23.404+0000] {logging_mixin.py:190} INFO - [2024-11-15T05:40:23.403+0000] {dag.py:4180} INFO - Setting next_dagrun for tutorial to 2024-11-14 00:00:00+00:00, run_after=2024-11-15 00:00:00+00:00
[2024-11-15T05:40:23.442+0000] {processor.py:208} INFO - Processing /home/airflow/.local/lib/python3.12/site-packages/airflow/example_dags/tutorial.py took 0.159 seconds
[2024-11-15T05:41:01.865+0000] {processor.py:186} INFO - Started process (PID=378) to work on /home/airflow/.local/lib/python3.12/site-packages/airflow/example_dags/tutorial.py
[2024-11-15T05:41:01.869+0000] {processor.py:914} INFO - Processing file /home/airflow/.local/lib/python3.12/site-packages/airflow/example_dags/tutorial.py for tasks to queue
[2024-11-15T05:41:01.881+0000] {logging_mixin.py:190} INFO - [2024-11-15T05:41:01.881+0000] {dagbag.py:588} INFO - Filling up the DagBag from /home/airflow/.local/lib/python3.12/site-packages/airflow/example_dags/tutorial.py
[2024-11-15T05:41:01.907+0000] {processor.py:925} INFO - DAG(s) 'tutorial' retrieved from /home/airflow/.local/lib/python3.12/site-packages/airflow/example_dags/tutorial.py
[2024-11-15T05:41:01.978+0000] {logging_mixin.py:190} INFO - [2024-11-15T05:41:01.977+0000] {dag.py:3239} INFO - Sync 1 DAGs
[2024-11-15T05:41:02.044+0000] {logging_mixin.py:190} INFO - [2024-11-15T05:41:02.043+0000] {dag.py:4180} INFO - Setting next_dagrun for tutorial to 2024-11-14 00:00:00+00:00, run_after=2024-11-15 00:00:00+00:00
[2024-11-15T05:41:02.089+0000] {processor.py:208} INFO - Processing /home/airflow/.local/lib/python3.12/site-packages/airflow/example_dags/tutorial.py took 0.249 seconds
[2024-11-15T05:41:32.619+0000] {processor.py:186} INFO - Started process (PID=440) to work on /home/airflow/.local/lib/python3.12/site-packages/airflow/example_dags/tutorial.py
[2024-11-15T05:41:32.622+0000] {processor.py:914} INFO - Processing file /home/airflow/.local/lib/python3.12/site-packages/airflow/example_dags/tutorial.py for tasks to queue
[2024-11-15T05:41:32.633+0000] {logging_mixin.py:190} INFO - [2024-11-15T05:41:32.631+0000] {dagbag.py:588} INFO - Filling up the DagBag from /home/airflow/.local/lib/python3.12/site-packages/airflow/example_dags/tutorial.py
[2024-11-15T05:41:32.816+0000] {processor.py:925} INFO - DAG(s) 'tutorial' retrieved from /home/airflow/.local/lib/python3.12/site-packages/airflow/example_dags/tutorial.py
[2024-11-15T05:41:32.869+0000] {logging_mixin.py:190} INFO - [2024-11-15T05:41:32.868+0000] {dag.py:3239} INFO - Sync 1 DAGs
[2024-11-15T05:41:32.974+0000] {logging_mixin.py:190} INFO - [2024-11-15T05:41:32.974+0000] {dag.py:4180} INFO - Setting next_dagrun for tutorial to 2024-11-14 00:00:00+00:00, run_after=2024-11-15 00:00:00+00:00
[2024-11-15T05:41:33.033+0000] {processor.py:208} INFO - Processing /home/airflow/.local/lib/python3.12/site-packages/airflow/example_dags/tutorial.py took 0.433 seconds
[2024-11-15T05:42:03.710+0000] {processor.py:186} INFO - Started process (PID=504) to work on /home/airflow/.local/lib/python3.12/site-packages/airflow/example_dags/tutorial.py
[2024-11-15T05:42:03.714+0000] {processor.py:914} INFO - Processing file /home/airflow/.local/lib/python3.12/site-packages/airflow/example_dags/tutorial.py for tasks to queue
[2024-11-15T05:42:03.719+0000] {logging_mixin.py:190} INFO - [2024-11-15T05:42:03.719+0000] {dagbag.py:588} INFO - Filling up the DagBag from /home/airflow/.local/lib/python3.12/site-packages/airflow/example_dags/tutorial.py
[2024-11-15T05:42:03.738+0000] {processor.py:925} INFO - DAG(s) 'tutorial' retrieved from /home/airflow/.local/lib/python3.12/site-packages/airflow/example_dags/tutorial.py
[2024-11-15T05:42:03.786+0000] {logging_mixin.py:190} INFO - [2024-11-15T05:42:03.785+0000] {dag.py:3239} INFO - Sync 1 DAGs
[2024-11-15T05:42:03.848+0000] {logging_mixin.py:190} INFO - [2024-11-15T05:42:03.848+0000] {dag.py:4180} INFO - Setting next_dagrun for tutorial to 2024-11-14 00:00:00+00:00, run_after=2024-11-15 00:00:00+00:00
[2024-11-15T05:42:03.897+0000] {processor.py:208} INFO - Processing /home/airflow/.local/lib/python3.12/site-packages/airflow/example_dags/tutorial.py took 0.200 seconds
[2024-11-15T05:42:34.321+0000] {processor.py:186} INFO - Started process (PID=569) to work on /home/airflow/.local/lib/python3.12/site-packages/airflow/example_dags/tutorial.py
[2024-11-15T05:42:34.324+0000] {processor.py:914} INFO - Processing file /home/airflow/.local/lib/python3.12/site-packages/airflow/example_dags/tutorial.py for tasks to queue
[2024-11-15T05:42:34.331+0000] {logging_mixin.py:190} INFO - [2024-11-15T05:42:34.330+0000] {dagbag.py:588} INFO - Filling up the DagBag from /home/airflow/.local/lib/python3.12/site-packages/airflow/example_dags/tutorial.py
[2024-11-15T05:42:34.350+0000] {processor.py:925} INFO - DAG(s) 'tutorial' retrieved from /home/airflow/.local/lib/python3.12/site-packages/airflow/example_dags/tutorial.py
[2024-11-15T05:42:34.393+0000] {logging_mixin.py:190} INFO - [2024-11-15T05:42:34.392+0000] {dag.py:3239} INFO - Sync 1 DAGs
[2024-11-15T05:42:34.452+0000] {logging_mixin.py:190} INFO - [2024-11-15T05:42:34.452+0000] {dag.py:4180} INFO - Setting next_dagrun for tutorial to 2024-11-14 00:00:00+00:00, run_after=2024-11-15 00:00:00+00:00
[2024-11-15T05:42:34.493+0000] {processor.py:208} INFO - Processing /home/airflow/.local/lib/python3.12/site-packages/airflow/example_dags/tutorial.py took 0.189 seconds
[2024-11-15T05:43:04.972+0000] {processor.py:186} INFO - Started process (PID=634) to work on /home/airflow/.local/lib/python3.12/site-packages/airflow/example_dags/tutorial.py
[2024-11-15T05:43:04.977+0000] {processor.py:914} INFO - Processing file /home/airflow/.local/lib/python3.12/site-packages/airflow/example_dags/tutorial.py for tasks to queue
[2024-11-15T05:43:04.986+0000] {logging_mixin.py:190} INFO - [2024-11-15T05:43:04.985+0000] {dagbag.py:588} INFO - Filling up the DagBag from /home/airflow/.local/lib/python3.12/site-packages/airflow/example_dags/tutorial.py
[2024-11-15T05:43:05.014+0000] {processor.py:925} INFO - DAG(s) 'tutorial' retrieved from /home/airflow/.local/lib/python3.12/site-packages/airflow/example_dags/tutorial.py
[2024-11-15T05:43:05.050+0000] {logging_mixin.py:190} INFO - [2024-11-15T05:43:05.049+0000] {dag.py:3239} INFO - Sync 1 DAGs
[2024-11-15T05:43:05.103+0000] {logging_mixin.py:190} INFO - [2024-11-15T05:43:05.103+0000] {dag.py:4180} INFO - Setting next_dagrun for tutorial to 2024-11-14 00:00:00+00:00, run_after=2024-11-15 00:00:00+00:00
[2024-11-15T05:43:05.136+0000] {processor.py:208} INFO - Processing /home/airflow/.local/lib/python3.12/site-packages/airflow/example_dags/tutorial.py took 0.191 seconds
[2024-11-15T05:43:35.356+0000] {processor.py:186} INFO - Started process (PID=699) to work on /home/airflow/.local/lib/python3.12/site-packages/airflow/example_dags/tutorial.py
[2024-11-15T05:43:35.360+0000] {processor.py:914} INFO - Processing file /home/airflow/.local/lib/python3.12/site-packages/airflow/example_dags/tutorial.py for tasks to queue
[2024-11-15T05:43:35.367+0000] {logging_mixin.py:190} INFO - [2024-11-15T05:43:35.366+0000] {dagbag.py:588} INFO - Filling up the DagBag from /home/airflow/.local/lib/python3.12/site-packages/airflow/example_dags/tutorial.py
[2024-11-15T05:43:35.388+0000] {processor.py:925} INFO - DAG(s) 'tutorial' retrieved from /home/airflow/.local/lib/python3.12/site-packages/airflow/example_dags/tutorial.py
[2024-11-15T05:43:35.429+0000] {logging_mixin.py:190} INFO - [2024-11-15T05:43:35.429+0000] {dag.py:3239} INFO - Sync 1 DAGs
[2024-11-15T05:43:35.501+0000] {logging_mixin.py:190} INFO - [2024-11-15T05:43:35.500+0000] {dag.py:4180} INFO - Setting next_dagrun for tutorial to 2024-11-14 00:00:00+00:00, run_after=2024-11-15 00:00:00+00:00
[2024-11-15T05:43:35.554+0000] {processor.py:208} INFO - Processing /home/airflow/.local/lib/python3.12/site-packages/airflow/example_dags/tutorial.py took 0.213 seconds
[2024-11-15T05:44:06.358+0000] {processor.py:186} INFO - Started process (PID=758) to work on /home/airflow/.local/lib/python3.12/site-packages/airflow/example_dags/tutorial.py
[2024-11-15T05:44:06.372+0000] {processor.py:914} INFO - Processing file /home/airflow/.local/lib/python3.12/site-packages/airflow/example_dags/tutorial.py for tasks to queue
[2024-11-15T05:44:06.379+0000] {logging_mixin.py:190} INFO - [2024-11-15T05:44:06.378+0000] {dagbag.py:588} INFO - Filling up the DagBag from /home/airflow/.local/lib/python3.12/site-packages/airflow/example_dags/tutorial.py
[2024-11-15T05:44:06.409+0000] {processor.py:925} INFO - DAG(s) 'tutorial' retrieved from /home/airflow/.local/lib/python3.12/site-packages/airflow/example_dags/tutorial.py
[2024-11-15T05:44:06.491+0000] {logging_mixin.py:190} INFO - [2024-11-15T05:44:06.490+0000] {dag.py:3239} INFO - Sync 1 DAGs
[2024-11-15T05:44:06.635+0000] {logging_mixin.py:190} INFO - [2024-11-15T05:44:06.634+0000] {dag.py:4180} INFO - Setting next_dagrun for tutorial to 2024-11-14 00:00:00+00:00, run_after=2024-11-15 00:00:00+00:00
[2024-11-15T05:44:06.700+0000] {processor.py:208} INFO - Processing /home/airflow/.local/lib/python3.12/site-packages/airflow/example_dags/tutorial.py took 0.362 seconds
[2024-11-15T05:44:37.355+0000] {processor.py:186} INFO - Started process (PID=823) to work on /home/airflow/.local/lib/python3.12/site-packages/airflow/example_dags/tutorial.py
[2024-11-15T05:44:37.358+0000] {processor.py:914} INFO - Processing file /home/airflow/.local/lib/python3.12/site-packages/airflow/example_dags/tutorial.py for tasks to queue
[2024-11-15T05:44:37.363+0000] {logging_mixin.py:190} INFO - [2024-11-15T05:44:37.361+0000] {dagbag.py:588} INFO - Filling up the DagBag from /home/airflow/.local/lib/python3.12/site-packages/airflow/example_dags/tutorial.py
[2024-11-15T05:44:37.378+0000] {processor.py:925} INFO - DAG(s) 'tutorial' retrieved from /home/airflow/.local/lib/python3.12/site-packages/airflow/example_dags/tutorial.py
[2024-11-15T05:44:37.415+0000] {logging_mixin.py:190} INFO - [2024-11-15T05:44:37.414+0000] {dag.py:3239} INFO - Sync 1 DAGs
[2024-11-15T05:44:37.456+0000] {logging_mixin.py:190} INFO - [2024-11-15T05:44:37.455+0000] {dag.py:4180} INFO - Setting next_dagrun for tutorial to 2024-11-14 00:00:00+00:00, run_after=2024-11-15 00:00:00+00:00
[2024-11-15T05:44:37.489+0000] {processor.py:208} INFO - Processing /home/airflow/.local/lib/python3.12/site-packages/airflow/example_dags/tutorial.py took 0.144 seconds
[2024-11-15T05:45:07.779+0000] {processor.py:186} INFO - Started process (PID=887) to work on /home/airflow/.local/lib/python3.12/site-packages/airflow/example_dags/tutorial.py
[2024-11-15T05:45:07.781+0000] {processor.py:914} INFO - Processing file /home/airflow/.local/lib/python3.12/site-packages/airflow/example_dags/tutorial.py for tasks to queue
[2024-11-15T05:45:07.785+0000] {logging_mixin.py:190} INFO - [2024-11-15T05:45:07.785+0000] {dagbag.py:588} INFO - Filling up the DagBag from /home/airflow/.local/lib/python3.12/site-packages/airflow/example_dags/tutorial.py
[2024-11-15T05:45:07.803+0000] {processor.py:925} INFO - DAG(s) 'tutorial' retrieved from /home/airflow/.local/lib/python3.12/site-packages/airflow/example_dags/tutorial.py
[2024-11-15T05:45:07.859+0000] {logging_mixin.py:190} INFO - [2024-11-15T05:45:07.859+0000] {dag.py:3239} INFO - Sync 1 DAGs
[2024-11-15T05:45:07.917+0000] {logging_mixin.py:190} INFO - [2024-11-15T05:45:07.917+0000] {dag.py:4180} INFO - Setting next_dagrun for tutorial to 2024-11-14 00:00:00+00:00, run_after=2024-11-15 00:00:00+00:00
[2024-11-15T05:45:07.955+0000] {processor.py:208} INFO - Processing /home/airflow/.local/lib/python3.12/site-packages/airflow/example_dags/tutorial.py took 0.189 seconds
[2024-11-15T05:45:38.717+0000] {processor.py:186} INFO - Started process (PID=952) to work on /home/airflow/.local/lib/python3.12/site-packages/airflow/example_dags/tutorial.py
[2024-11-15T05:45:38.720+0000] {processor.py:914} INFO - Processing file /home/airflow/.local/lib/python3.12/site-packages/airflow/example_dags/tutorial.py for tasks to queue
[2024-11-15T05:45:38.725+0000] {logging_mixin.py:190} INFO - [2024-11-15T05:45:38.725+0000] {dagbag.py:588} INFO - Filling up the DagBag from /home/airflow/.local/lib/python3.12/site-packages/airflow/example_dags/tutorial.py
[2024-11-15T05:45:38.747+0000] {processor.py:925} INFO - DAG(s) 'tutorial' retrieved from /home/airflow/.local/lib/python3.12/site-packages/airflow/example_dags/tutorial.py
[2024-11-15T05:45:38.791+0000] {logging_mixin.py:190} INFO - [2024-11-15T05:45:38.791+0000] {dag.py:3239} INFO - Sync 1 DAGs
[2024-11-15T05:45:38.845+0000] {logging_mixin.py:190} INFO - [2024-11-15T05:45:38.845+0000] {dag.py:4180} INFO - Setting next_dagrun for tutorial to 2024-11-14 00:00:00+00:00, run_after=2024-11-15 00:00:00+00:00
[2024-11-15T05:45:38.892+0000] {processor.py:208} INFO - Processing /home/airflow/.local/lib/python3.12/site-packages/airflow/example_dags/tutorial.py took 0.197 seconds
[2024-11-15T05:46:09.175+0000] {processor.py:186} INFO - Started process (PID=1017) to work on /home/airflow/.local/lib/python3.12/site-packages/airflow/example_dags/tutorial.py
[2024-11-15T05:46:09.183+0000] {processor.py:914} INFO - Processing file /home/airflow/.local/lib/python3.12/site-packages/airflow/example_dags/tutorial.py for tasks to queue
[2024-11-15T05:46:09.189+0000] {logging_mixin.py:190} INFO - [2024-11-15T05:46:09.189+0000] {dagbag.py:588} INFO - Filling up the DagBag from /home/airflow/.local/lib/python3.12/site-packages/airflow/example_dags/tutorial.py
[2024-11-15T05:46:09.209+0000] {processor.py:925} INFO - DAG(s) 'tutorial' retrieved from /home/airflow/.local/lib/python3.12/site-packages/airflow/example_dags/tutorial.py
[2024-11-15T05:46:09.248+0000] {logging_mixin.py:190} INFO - [2024-11-15T05:46:09.247+0000] {dag.py:3239} INFO - Sync 1 DAGs
[2024-11-15T05:46:09.297+0000] {logging_mixin.py:190} INFO - [2024-11-15T05:46:09.297+0000] {dag.py:4180} INFO - Setting next_dagrun for tutorial to 2024-11-14 00:00:00+00:00, run_after=2024-11-15 00:00:00+00:00
[2024-11-15T05:46:09.332+0000] {processor.py:208} INFO - Processing /home/airflow/.local/lib/python3.12/site-packages/airflow/example_dags/tutorial.py took 0.182 seconds
[2024-11-15T05:46:39.801+0000] {processor.py:186} INFO - Started process (PID=1082) to work on /home/airflow/.local/lib/python3.12/site-packages/airflow/example_dags/tutorial.py
[2024-11-15T05:46:39.804+0000] {processor.py:914} INFO - Processing file /home/airflow/.local/lib/python3.12/site-packages/airflow/example_dags/tutorial.py for tasks to queue
[2024-11-15T05:46:39.809+0000] {logging_mixin.py:190} INFO - [2024-11-15T05:46:39.808+0000] {dagbag.py:588} INFO - Filling up the DagBag from /home/airflow/.local/lib/python3.12/site-packages/airflow/example_dags/tutorial.py
[2024-11-15T05:46:39.824+0000] {processor.py:925} INFO - DAG(s) 'tutorial' retrieved from /home/airflow/.local/lib/python3.12/site-packages/airflow/example_dags/tutorial.py
[2024-11-15T05:46:39.861+0000] {logging_mixin.py:190} INFO - [2024-11-15T05:46:39.860+0000] {dag.py:3239} INFO - Sync 1 DAGs
[2024-11-15T05:46:39.901+0000] {logging_mixin.py:190} INFO - [2024-11-15T05:46:39.900+0000] {dag.py:4180} INFO - Setting next_dagrun for tutorial to 2024-11-14 00:00:00+00:00, run_after=2024-11-15 00:00:00+00:00
[2024-11-15T05:46:39.929+0000] {processor.py:208} INFO - Processing /home/airflow/.local/lib/python3.12/site-packages/airflow/example_dags/tutorial.py took 0.139 seconds
[2024-11-15T05:47:10.438+0000] {processor.py:186} INFO - Started process (PID=1147) to work on /home/airflow/.local/lib/python3.12/site-packages/airflow/example_dags/tutorial.py
[2024-11-15T05:47:10.442+0000] {processor.py:914} INFO - Processing file /home/airflow/.local/lib/python3.12/site-packages/airflow/example_dags/tutorial.py for tasks to queue
[2024-11-15T05:47:10.446+0000] {logging_mixin.py:190} INFO - [2024-11-15T05:47:10.446+0000] {dagbag.py:588} INFO - Filling up the DagBag from /home/airflow/.local/lib/python3.12/site-packages/airflow/example_dags/tutorial.py
[2024-11-15T05:47:10.463+0000] {processor.py:925} INFO - DAG(s) 'tutorial' retrieved from /home/airflow/.local/lib/python3.12/site-packages/airflow/example_dags/tutorial.py
[2024-11-15T05:47:10.522+0000] {logging_mixin.py:190} INFO - [2024-11-15T05:47:10.521+0000] {dag.py:3239} INFO - Sync 1 DAGs
[2024-11-15T05:47:10.572+0000] {logging_mixin.py:190} INFO - [2024-11-15T05:47:10.572+0000] {dag.py:4180} INFO - Setting next_dagrun for tutorial to 2024-11-14 00:00:00+00:00, run_after=2024-11-15 00:00:00+00:00
[2024-11-15T05:47:10.605+0000] {processor.py:208} INFO - Processing /home/airflow/.local/lib/python3.12/site-packages/airflow/example_dags/tutorial.py took 0.180 seconds
[2024-11-15T05:47:41.453+0000] {processor.py:186} INFO - Started process (PID=1208) to work on /home/airflow/.local/lib/python3.12/site-packages/airflow/example_dags/tutorial.py
[2024-11-15T05:47:41.456+0000] {processor.py:914} INFO - Processing file /home/airflow/.local/lib/python3.12/site-packages/airflow/example_dags/tutorial.py for tasks to queue
[2024-11-15T05:47:41.461+0000] {logging_mixin.py:190} INFO - [2024-11-15T05:47:41.461+0000] {dagbag.py:588} INFO - Filling up the DagBag from /home/airflow/.local/lib/python3.12/site-packages/airflow/example_dags/tutorial.py
[2024-11-15T05:47:41.479+0000] {processor.py:925} INFO - DAG(s) 'tutorial' retrieved from /home/airflow/.local/lib/python3.12/site-packages/airflow/example_dags/tutorial.py
[2024-11-15T05:47:41.516+0000] {logging_mixin.py:190} INFO - [2024-11-15T05:47:41.515+0000] {dag.py:3239} INFO - Sync 1 DAGs
[2024-11-15T05:47:41.565+0000] {logging_mixin.py:190} INFO - [2024-11-15T05:47:41.564+0000] {dag.py:4180} INFO - Setting next_dagrun for tutorial to 2024-11-14 00:00:00+00:00, run_after=2024-11-15 00:00:00+00:00
[2024-11-15T05:47:41.610+0000] {processor.py:208} INFO - Processing /home/airflow/.local/lib/python3.12/site-packages/airflow/example_dags/tutorial.py took 0.170 seconds
[2024-11-15T05:48:12.355+0000] {processor.py:186} INFO - Started process (PID=1273) to work on /home/airflow/.local/lib/python3.12/site-packages/airflow/example_dags/tutorial.py
[2024-11-15T05:48:12.358+0000] {processor.py:914} INFO - Processing file /home/airflow/.local/lib/python3.12/site-packages/airflow/example_dags/tutorial.py for tasks to queue
[2024-11-15T05:48:12.366+0000] {logging_mixin.py:190} INFO - [2024-11-15T05:48:12.365+0000] {dagbag.py:588} INFO - Filling up the DagBag from /home/airflow/.local/lib/python3.12/site-packages/airflow/example_dags/tutorial.py
[2024-11-15T05:48:12.389+0000] {processor.py:925} INFO - DAG(s) 'tutorial' retrieved from /home/airflow/.local/lib/python3.12/site-packages/airflow/example_dags/tutorial.py
[2024-11-15T05:48:12.444+0000] {logging_mixin.py:190} INFO - [2024-11-15T05:48:12.442+0000] {dag.py:3239} INFO - Sync 1 DAGs
[2024-11-15T05:48:12.524+0000] {logging_mixin.py:190} INFO - [2024-11-15T05:48:12.524+0000] {dag.py:4180} INFO - Setting next_dagrun for tutorial to 2024-11-14 00:00:00+00:00, run_after=2024-11-15 00:00:00+00:00
[2024-11-15T05:48:12.572+0000] {processor.py:208} INFO - Processing /home/airflow/.local/lib/python3.12/site-packages/airflow/example_dags/tutorial.py took 0.232 seconds
[2024-11-15T05:48:43.101+0000] {processor.py:186} INFO - Started process (PID=1336) to work on /home/airflow/.local/lib/python3.12/site-packages/airflow/example_dags/tutorial.py
[2024-11-15T05:48:43.104+0000] {processor.py:914} INFO - Processing file /home/airflow/.local/lib/python3.12/site-packages/airflow/example_dags/tutorial.py for tasks to queue
[2024-11-15T05:48:43.110+0000] {logging_mixin.py:190} INFO - [2024-11-15T05:48:43.109+0000] {dagbag.py:588} INFO - Filling up the DagBag from /home/airflow/.local/lib/python3.12/site-packages/airflow/example_dags/tutorial.py
[2024-11-15T05:48:43.127+0000] {processor.py:925} INFO - DAG(s) 'tutorial' retrieved from /home/airflow/.local/lib/python3.12/site-packages/airflow/example_dags/tutorial.py
[2024-11-15T05:48:43.166+0000] {logging_mixin.py:190} INFO - [2024-11-15T05:48:43.166+0000] {dag.py:3239} INFO - Sync 1 DAGs
[2024-11-15T05:48:43.210+0000] {logging_mixin.py:190} INFO - [2024-11-15T05:48:43.209+0000] {dag.py:4180} INFO - Setting next_dagrun for tutorial to 2024-11-14 00:00:00+00:00, run_after=2024-11-15 00:00:00+00:00
[2024-11-15T05:48:43.242+0000] {processor.py:208} INFO - Processing /home/airflow/.local/lib/python3.12/site-packages/airflow/example_dags/tutorial.py took 0.155 seconds
[2024-11-15T05:49:13.994+0000] {processor.py:186} INFO - Started process (PID=1400) to work on /home/airflow/.local/lib/python3.12/site-packages/airflow/example_dags/tutorial.py
[2024-11-15T05:49:13.997+0000] {processor.py:914} INFO - Processing file /home/airflow/.local/lib/python3.12/site-packages/airflow/example_dags/tutorial.py for tasks to queue
[2024-11-15T05:49:14.005+0000] {logging_mixin.py:190} INFO - [2024-11-15T05:49:14.004+0000] {dagbag.py:588} INFO - Filling up the DagBag from /home/airflow/.local/lib/python3.12/site-packages/airflow/example_dags/tutorial.py
[2024-11-15T05:49:14.026+0000] {processor.py:925} INFO - DAG(s) 'tutorial' retrieved from /home/airflow/.local/lib/python3.12/site-packages/airflow/example_dags/tutorial.py
[2024-11-15T05:49:14.068+0000] {logging_mixin.py:190} INFO - [2024-11-15T05:49:14.067+0000] {dag.py:3239} INFO - Sync 1 DAGs
[2024-11-15T05:49:14.131+0000] {logging_mixin.py:190} INFO - [2024-11-15T05:49:14.130+0000] {dag.py:4180} INFO - Setting next_dagrun for tutorial to 2024-11-14 00:00:00+00:00, run_after=2024-11-15 00:00:00+00:00
[2024-11-15T05:49:14.165+0000] {processor.py:208} INFO - Processing /home/airflow/.local/lib/python3.12/site-packages/airflow/example_dags/tutorial.py took 0.188 seconds
[2024-11-15T05:50:14.521+0000] {processor.py:186} INFO - Started process (PID=1468) to work on /home/airflow/.local/lib/python3.12/site-packages/airflow/example_dags/tutorial.py
[2024-11-15T05:50:14.526+0000] {processor.py:914} INFO - Processing file /home/airflow/.local/lib/python3.12/site-packages/airflow/example_dags/tutorial.py for tasks to queue
[2024-11-15T05:50:14.532+0000] {logging_mixin.py:190} INFO - [2024-11-15T05:50:14.531+0000] {dagbag.py:588} INFO - Filling up the DagBag from /home/airflow/.local/lib/python3.12/site-packages/airflow/example_dags/tutorial.py
[2024-11-15T05:50:14.558+0000] {processor.py:925} INFO - DAG(s) 'tutorial' retrieved from /home/airflow/.local/lib/python3.12/site-packages/airflow/example_dags/tutorial.py
[2024-11-15T05:50:14.609+0000] {logging_mixin.py:190} INFO - [2024-11-15T05:50:14.609+0000] {dag.py:3239} INFO - Sync 1 DAGs
[2024-11-15T05:50:14.670+0000] {logging_mixin.py:190} INFO - [2024-11-15T05:50:14.670+0000] {dag.py:4180} INFO - Setting next_dagrun for tutorial to 2024-11-14 00:00:00+00:00, run_after=2024-11-15 00:00:00+00:00
[2024-11-15T05:50:14.754+0000] {processor.py:208} INFO - Processing /home/airflow/.local/lib/python3.12/site-packages/airflow/example_dags/tutorial.py took 0.259 seconds
[2024-11-15T05:50:46.034+0000] {processor.py:186} INFO - Started process (PID=1534) to work on /home/airflow/.local/lib/python3.12/site-packages/airflow/example_dags/tutorial.py
[2024-11-15T05:50:46.037+0000] {processor.py:914} INFO - Processing file /home/airflow/.local/lib/python3.12/site-packages/airflow/example_dags/tutorial.py for tasks to queue
[2024-11-15T05:50:46.043+0000] {logging_mixin.py:190} INFO - [2024-11-15T05:50:46.042+0000] {dagbag.py:588} INFO - Filling up the DagBag from /home/airflow/.local/lib/python3.12/site-packages/airflow/example_dags/tutorial.py
[2024-11-15T05:50:46.064+0000] {processor.py:925} INFO - DAG(s) 'tutorial' retrieved from /home/airflow/.local/lib/python3.12/site-packages/airflow/example_dags/tutorial.py
[2024-11-15T05:50:46.109+0000] {logging_mixin.py:190} INFO - [2024-11-15T05:50:46.109+0000] {dag.py:3239} INFO - Sync 1 DAGs
[2024-11-15T05:50:46.177+0000] {logging_mixin.py:190} INFO - [2024-11-15T05:50:46.176+0000] {dag.py:4180} INFO - Setting next_dagrun for tutorial to 2024-11-14 00:00:00+00:00, run_after=2024-11-15 00:00:00+00:00
[2024-11-15T05:50:46.211+0000] {processor.py:208} INFO - Processing /home/airflow/.local/lib/python3.12/site-packages/airflow/example_dags/tutorial.py took 0.189 seconds
[2024-11-15T05:51:19.553+0000] {processor.py:186} INFO - Started process (PID=1600) to work on /home/airflow/.local/lib/python3.12/site-packages/airflow/example_dags/tutorial.py
[2024-11-15T05:51:19.556+0000] {processor.py:914} INFO - Processing file /home/airflow/.local/lib/python3.12/site-packages/airflow/example_dags/tutorial.py for tasks to queue
[2024-11-15T05:51:19.561+0000] {logging_mixin.py:190} INFO - [2024-11-15T05:51:19.560+0000] {dagbag.py:588} INFO - Filling up the DagBag from /home/airflow/.local/lib/python3.12/site-packages/airflow/example_dags/tutorial.py
[2024-11-15T05:51:19.578+0000] {processor.py:925} INFO - DAG(s) 'tutorial' retrieved from /home/airflow/.local/lib/python3.12/site-packages/airflow/example_dags/tutorial.py
[2024-11-15T05:51:19.622+0000] {logging_mixin.py:190} INFO - [2024-11-15T05:51:19.622+0000] {dag.py:3239} INFO - Sync 1 DAGs
[2024-11-15T05:51:19.674+0000] {logging_mixin.py:190} INFO - [2024-11-15T05:51:19.674+0000] {dag.py:4180} INFO - Setting next_dagrun for tutorial to 2024-11-14 00:00:00+00:00, run_after=2024-11-15 00:00:00+00:00
[2024-11-15T05:51:19.717+0000] {processor.py:208} INFO - Processing /home/airflow/.local/lib/python3.12/site-packages/airflow/example_dags/tutorial.py took 0.177 seconds
[2024-11-15T05:51:51.637+0000] {processor.py:186} INFO - Started process (PID=1665) to work on /home/airflow/.local/lib/python3.12/site-packages/airflow/example_dags/tutorial.py
[2024-11-15T05:51:51.640+0000] {processor.py:914} INFO - Processing file /home/airflow/.local/lib/python3.12/site-packages/airflow/example_dags/tutorial.py for tasks to queue
[2024-11-15T05:51:51.646+0000] {logging_mixin.py:190} INFO - [2024-11-15T05:51:51.645+0000] {dagbag.py:588} INFO - Filling up the DagBag from /home/airflow/.local/lib/python3.12/site-packages/airflow/example_dags/tutorial.py
[2024-11-15T05:51:51.664+0000] {processor.py:925} INFO - DAG(s) 'tutorial' retrieved from /home/airflow/.local/lib/python3.12/site-packages/airflow/example_dags/tutorial.py
[2024-11-15T05:51:51.708+0000] {logging_mixin.py:190} INFO - [2024-11-15T05:51:51.708+0000] {dag.py:3239} INFO - Sync 1 DAGs
[2024-11-15T05:51:51.754+0000] {logging_mixin.py:190} INFO - [2024-11-15T05:51:51.753+0000] {dag.py:4180} INFO - Setting next_dagrun for tutorial to 2024-11-14 00:00:00+00:00, run_after=2024-11-15 00:00:00+00:00
[2024-11-15T05:51:51.784+0000] {processor.py:208} INFO - Processing /home/airflow/.local/lib/python3.12/site-packages/airflow/example_dags/tutorial.py took 0.159 seconds
[2024-11-15T05:52:24.345+0000] {processor.py:186} INFO - Started process (PID=1727) to work on /home/airflow/.local/lib/python3.12/site-packages/airflow/example_dags/tutorial.py
[2024-11-15T05:52:24.347+0000] {processor.py:914} INFO - Processing file /home/airflow/.local/lib/python3.12/site-packages/airflow/example_dags/tutorial.py for tasks to queue
[2024-11-15T05:52:24.354+0000] {logging_mixin.py:190} INFO - [2024-11-15T05:52:24.353+0000] {dagbag.py:588} INFO - Filling up the DagBag from /home/airflow/.local/lib/python3.12/site-packages/airflow/example_dags/tutorial.py
[2024-11-15T05:52:24.374+0000] {processor.py:925} INFO - DAG(s) 'tutorial' retrieved from /home/airflow/.local/lib/python3.12/site-packages/airflow/example_dags/tutorial.py
[2024-11-15T05:52:24.427+0000] {logging_mixin.py:190} INFO - [2024-11-15T05:52:24.426+0000] {dag.py:3239} INFO - Sync 1 DAGs
[2024-11-15T05:52:24.503+0000] {logging_mixin.py:190} INFO - [2024-11-15T05:52:24.503+0000] {dag.py:4180} INFO - Setting next_dagrun for tutorial to 2024-11-14 00:00:00+00:00, run_after=2024-11-15 00:00:00+00:00
[2024-11-15T05:52:24.544+0000] {processor.py:208} INFO - Processing /home/airflow/.local/lib/python3.12/site-packages/airflow/example_dags/tutorial.py took 0.209 seconds
[2024-11-15T05:52:57.743+0000] {processor.py:186} INFO - Started process (PID=1793) to work on /home/airflow/.local/lib/python3.12/site-packages/airflow/example_dags/tutorial.py
[2024-11-15T05:52:57.746+0000] {processor.py:914} INFO - Processing file /home/airflow/.local/lib/python3.12/site-packages/airflow/example_dags/tutorial.py for tasks to queue
[2024-11-15T05:52:57.752+0000] {logging_mixin.py:190} INFO - [2024-11-15T05:52:57.752+0000] {dagbag.py:588} INFO - Filling up the DagBag from /home/airflow/.local/lib/python3.12/site-packages/airflow/example_dags/tutorial.py
[2024-11-15T05:52:57.774+0000] {processor.py:925} INFO - DAG(s) 'tutorial' retrieved from /home/airflow/.local/lib/python3.12/site-packages/airflow/example_dags/tutorial.py
[2024-11-15T05:52:57.819+0000] {logging_mixin.py:190} INFO - [2024-11-15T05:52:57.818+0000] {dag.py:3239} INFO - Sync 1 DAGs
[2024-11-15T05:52:57.873+0000] {logging_mixin.py:190} INFO - [2024-11-15T05:52:57.873+0000] {dag.py:4180} INFO - Setting next_dagrun for tutorial to 2024-11-14 00:00:00+00:00, run_after=2024-11-15 00:00:00+00:00
[2024-11-15T05:52:57.943+0000] {processor.py:208} INFO - Processing /home/airflow/.local/lib/python3.12/site-packages/airflow/example_dags/tutorial.py took 0.213 seconds
[2024-11-15T05:53:29.258+0000] {processor.py:186} INFO - Started process (PID=1858) to work on /home/airflow/.local/lib/python3.12/site-packages/airflow/example_dags/tutorial.py
[2024-11-15T05:53:29.261+0000] {processor.py:914} INFO - Processing file /home/airflow/.local/lib/python3.12/site-packages/airflow/example_dags/tutorial.py for tasks to queue
[2024-11-15T05:53:29.266+0000] {logging_mixin.py:190} INFO - [2024-11-15T05:53:29.266+0000] {dagbag.py:588} INFO - Filling up the DagBag from /home/airflow/.local/lib/python3.12/site-packages/airflow/example_dags/tutorial.py
[2024-11-15T05:53:29.281+0000] {processor.py:925} INFO - DAG(s) 'tutorial' retrieved from /home/airflow/.local/lib/python3.12/site-packages/airflow/example_dags/tutorial.py
[2024-11-15T05:53:29.319+0000] {logging_mixin.py:190} INFO - [2024-11-15T05:53:29.319+0000] {dag.py:3239} INFO - Sync 1 DAGs
[2024-11-15T05:53:29.417+0000] {logging_mixin.py:190} INFO - [2024-11-15T05:53:29.415+0000] {dag.py:4180} INFO - Setting next_dagrun for tutorial to 2024-11-14 00:00:00+00:00, run_after=2024-11-15 00:00:00+00:00
[2024-11-15T05:53:29.502+0000] {processor.py:208} INFO - Processing /home/airflow/.local/lib/python3.12/site-packages/airflow/example_dags/tutorial.py took 0.254 seconds
[2024-11-15T05:54:00.848+0000] {processor.py:186} INFO - Started process (PID=1922) to work on /home/airflow/.local/lib/python3.12/site-packages/airflow/example_dags/tutorial.py
[2024-11-15T05:54:00.851+0000] {processor.py:914} INFO - Processing file /home/airflow/.local/lib/python3.12/site-packages/airflow/example_dags/tutorial.py for tasks to queue
[2024-11-15T05:54:00.856+0000] {logging_mixin.py:190} INFO - [2024-11-15T05:54:00.856+0000] {dagbag.py:588} INFO - Filling up the DagBag from /home/airflow/.local/lib/python3.12/site-packages/airflow/example_dags/tutorial.py
[2024-11-15T05:54:00.876+0000] {processor.py:925} INFO - DAG(s) 'tutorial' retrieved from /home/airflow/.local/lib/python3.12/site-packages/airflow/example_dags/tutorial.py
[2024-11-15T05:54:00.927+0000] {logging_mixin.py:190} INFO - [2024-11-15T05:54:00.926+0000] {dag.py:3239} INFO - Sync 1 DAGs
[2024-11-15T05:54:00.987+0000] {logging_mixin.py:190} INFO - [2024-11-15T05:54:00.987+0000] {dag.py:4180} INFO - Setting next_dagrun for tutorial to 2024-11-14 00:00:00+00:00, run_after=2024-11-15 00:00:00+00:00
[2024-11-15T05:54:01.028+0000] {processor.py:208} INFO - Processing /home/airflow/.local/lib/python3.12/site-packages/airflow/example_dags/tutorial.py took 0.194 seconds
[2024-11-15T05:54:32.368+0000] {processor.py:186} INFO - Started process (PID=1987) to work on /home/airflow/.local/lib/python3.12/site-packages/airflow/example_dags/tutorial.py
[2024-11-15T05:54:32.370+0000] {processor.py:914} INFO - Processing file /home/airflow/.local/lib/python3.12/site-packages/airflow/example_dags/tutorial.py for tasks to queue
[2024-11-15T05:54:32.374+0000] {logging_mixin.py:190} INFO - [2024-11-15T05:54:32.374+0000] {dagbag.py:588} INFO - Filling up the DagBag from /home/airflow/.local/lib/python3.12/site-packages/airflow/example_dags/tutorial.py
[2024-11-15T05:54:32.393+0000] {processor.py:925} INFO - DAG(s) 'tutorial' retrieved from /home/airflow/.local/lib/python3.12/site-packages/airflow/example_dags/tutorial.py
[2024-11-15T05:54:32.430+0000] {logging_mixin.py:190} INFO - [2024-11-15T05:54:32.430+0000] {dag.py:3239} INFO - Sync 1 DAGs
[2024-11-15T05:54:32.479+0000] {logging_mixin.py:190} INFO - [2024-11-15T05:54:32.479+0000] {dag.py:4180} INFO - Setting next_dagrun for tutorial to 2024-11-14 00:00:00+00:00, run_after=2024-11-15 00:00:00+00:00
[2024-11-15T05:54:32.510+0000] {processor.py:208} INFO - Processing /home/airflow/.local/lib/python3.12/site-packages/airflow/example_dags/tutorial.py took 0.151 seconds
[2024-11-15T05:55:17.896+0000] {processor.py:186} INFO - Started process (PID=2056) to work on /home/airflow/.local/lib/python3.12/site-packages/airflow/example_dags/tutorial.py
[2024-11-15T05:55:17.900+0000] {processor.py:914} INFO - Processing file /home/airflow/.local/lib/python3.12/site-packages/airflow/example_dags/tutorial.py for tasks to queue
[2024-11-15T05:55:17.906+0000] {logging_mixin.py:190} INFO - [2024-11-15T05:55:17.905+0000] {dagbag.py:588} INFO - Filling up the DagBag from /home/airflow/.local/lib/python3.12/site-packages/airflow/example_dags/tutorial.py
[2024-11-15T05:55:18.040+0000] {processor.py:925} INFO - DAG(s) 'tutorial' retrieved from /home/airflow/.local/lib/python3.12/site-packages/airflow/example_dags/tutorial.py
[2024-11-15T05:55:18.411+0000] {logging_mixin.py:190} INFO - [2024-11-15T05:55:18.409+0000] {dag.py:3239} INFO - Sync 1 DAGs
[2024-11-15T05:55:18.760+0000] {logging_mixin.py:190} INFO - [2024-11-15T05:55:18.758+0000] {dag.py:4180} INFO - Setting next_dagrun for tutorial to 2024-11-14 00:00:00+00:00, run_after=2024-11-15 00:00:00+00:00
[2024-11-15T05:55:18.836+0000] {processor.py:208} INFO - Processing /home/airflow/.local/lib/python3.12/site-packages/airflow/example_dags/tutorial.py took 0.953 seconds
[2024-11-15T05:55:49.016+0000] {processor.py:186} INFO - Started process (PID=2120) to work on /home/airflow/.local/lib/python3.12/site-packages/airflow/example_dags/tutorial.py
[2024-11-15T05:55:49.024+0000] {processor.py:914} INFO - Processing file /home/airflow/.local/lib/python3.12/site-packages/airflow/example_dags/tutorial.py for tasks to queue
[2024-11-15T05:55:49.032+0000] {logging_mixin.py:190} INFO - [2024-11-15T05:55:49.031+0000] {dagbag.py:588} INFO - Filling up the DagBag from /home/airflow/.local/lib/python3.12/site-packages/airflow/example_dags/tutorial.py
[2024-11-15T05:55:49.063+0000] {processor.py:925} INFO - DAG(s) 'tutorial' retrieved from /home/airflow/.local/lib/python3.12/site-packages/airflow/example_dags/tutorial.py
[2024-11-15T05:55:49.103+0000] {logging_mixin.py:190} INFO - [2024-11-15T05:55:49.102+0000] {dag.py:3239} INFO - Sync 1 DAGs
[2024-11-15T05:55:49.153+0000] {logging_mixin.py:190} INFO - [2024-11-15T05:55:49.153+0000] {dag.py:4180} INFO - Setting next_dagrun for tutorial to 2024-11-14 00:00:00+00:00, run_after=2024-11-15 00:00:00+00:00
[2024-11-15T05:55:49.195+0000] {processor.py:208} INFO - Processing /home/airflow/.local/lib/python3.12/site-packages/airflow/example_dags/tutorial.py took 0.210 seconds
[2024-11-15T05:56:20.306+0000] {processor.py:186} INFO - Started process (PID=2186) to work on /home/airflow/.local/lib/python3.12/site-packages/airflow/example_dags/tutorial.py
[2024-11-15T05:56:20.312+0000] {processor.py:914} INFO - Processing file /home/airflow/.local/lib/python3.12/site-packages/airflow/example_dags/tutorial.py for tasks to queue
[2024-11-15T05:56:20.322+0000] {logging_mixin.py:190} INFO - [2024-11-15T05:56:20.320+0000] {dagbag.py:588} INFO - Filling up the DagBag from /home/airflow/.local/lib/python3.12/site-packages/airflow/example_dags/tutorial.py
[2024-11-15T05:56:20.370+0000] {processor.py:925} INFO - DAG(s) 'tutorial' retrieved from /home/airflow/.local/lib/python3.12/site-packages/airflow/example_dags/tutorial.py
[2024-11-15T05:56:20.498+0000] {logging_mixin.py:190} INFO - [2024-11-15T05:56:20.496+0000] {dag.py:3239} INFO - Sync 1 DAGs
[2024-11-15T05:56:20.598+0000] {logging_mixin.py:190} INFO - [2024-11-15T05:56:20.598+0000] {dag.py:4180} INFO - Setting next_dagrun for tutorial to 2024-11-14 00:00:00+00:00, run_after=2024-11-15 00:00:00+00:00
[2024-11-15T05:56:20.647+0000] {processor.py:208} INFO - Processing /home/airflow/.local/lib/python3.12/site-packages/airflow/example_dags/tutorial.py took 0.356 seconds
[2024-11-15T05:56:51.136+0000] {processor.py:186} INFO - Started process (PID=2251) to work on /home/airflow/.local/lib/python3.12/site-packages/airflow/example_dags/tutorial.py
[2024-11-15T05:56:51.144+0000] {processor.py:914} INFO - Processing file /home/airflow/.local/lib/python3.12/site-packages/airflow/example_dags/tutorial.py for tasks to queue
[2024-11-15T05:56:51.151+0000] {logging_mixin.py:190} INFO - [2024-11-15T05:56:51.150+0000] {dagbag.py:588} INFO - Filling up the DagBag from /home/airflow/.local/lib/python3.12/site-packages/airflow/example_dags/tutorial.py
[2024-11-15T05:56:51.176+0000] {processor.py:925} INFO - DAG(s) 'tutorial' retrieved from /home/airflow/.local/lib/python3.12/site-packages/airflow/example_dags/tutorial.py
[2024-11-15T05:56:51.218+0000] {logging_mixin.py:190} INFO - [2024-11-15T05:56:51.218+0000] {dag.py:3239} INFO - Sync 1 DAGs
[2024-11-15T05:56:51.269+0000] {logging_mixin.py:190} INFO - [2024-11-15T05:56:51.269+0000] {dag.py:4180} INFO - Setting next_dagrun for tutorial to 2024-11-14 00:00:00+00:00, run_after=2024-11-15 00:00:00+00:00
[2024-11-15T05:56:51.307+0000] {processor.py:208} INFO - Processing /home/airflow/.local/lib/python3.12/site-packages/airflow/example_dags/tutorial.py took 0.242 seconds
[2024-11-15T05:57:21.772+0000] {processor.py:186} INFO - Started process (PID=2315) to work on /home/airflow/.local/lib/python3.12/site-packages/airflow/example_dags/tutorial.py
[2024-11-15T05:57:21.777+0000] {processor.py:914} INFO - Processing file /home/airflow/.local/lib/python3.12/site-packages/airflow/example_dags/tutorial.py for tasks to queue
[2024-11-15T05:57:21.784+0000] {logging_mixin.py:190} INFO - [2024-11-15T05:57:21.783+0000] {dagbag.py:588} INFO - Filling up the DagBag from /home/airflow/.local/lib/python3.12/site-packages/airflow/example_dags/tutorial.py
[2024-11-15T05:57:21.833+0000] {processor.py:925} INFO - DAG(s) 'tutorial' retrieved from /home/airflow/.local/lib/python3.12/site-packages/airflow/example_dags/tutorial.py
[2024-11-15T05:57:21.939+0000] {logging_mixin.py:190} INFO - [2024-11-15T05:57:21.938+0000] {dag.py:3239} INFO - Sync 1 DAGs
[2024-11-15T05:57:22.017+0000] {logging_mixin.py:190} INFO - [2024-11-15T05:57:22.016+0000] {dag.py:4180} INFO - Setting next_dagrun for tutorial to 2024-11-14 00:00:00+00:00, run_after=2024-11-15 00:00:00+00:00
[2024-11-15T05:57:22.058+0000] {processor.py:208} INFO - Processing /home/airflow/.local/lib/python3.12/site-packages/airflow/example_dags/tutorial.py took 0.305 seconds
[2024-11-15T05:57:52.263+0000] {processor.py:186} INFO - Started process (PID=2381) to work on /home/airflow/.local/lib/python3.12/site-packages/airflow/example_dags/tutorial.py
[2024-11-15T05:57:52.265+0000] {processor.py:914} INFO - Processing file /home/airflow/.local/lib/python3.12/site-packages/airflow/example_dags/tutorial.py for tasks to queue
[2024-11-15T05:57:52.272+0000] {logging_mixin.py:190} INFO - [2024-11-15T05:57:52.271+0000] {dagbag.py:588} INFO - Filling up the DagBag from /home/airflow/.local/lib/python3.12/site-packages/airflow/example_dags/tutorial.py
[2024-11-15T05:57:52.292+0000] {processor.py:925} INFO - DAG(s) 'tutorial' retrieved from /home/airflow/.local/lib/python3.12/site-packages/airflow/example_dags/tutorial.py
[2024-11-15T05:57:52.348+0000] {logging_mixin.py:190} INFO - [2024-11-15T05:57:52.347+0000] {dag.py:3239} INFO - Sync 1 DAGs
[2024-11-15T05:57:52.408+0000] {logging_mixin.py:190} INFO - [2024-11-15T05:57:52.408+0000] {dag.py:4180} INFO - Setting next_dagrun for tutorial to 2024-11-14 00:00:00+00:00, run_after=2024-11-15 00:00:00+00:00
[2024-11-15T05:57:52.445+0000] {processor.py:208} INFO - Processing /home/airflow/.local/lib/python3.12/site-packages/airflow/example_dags/tutorial.py took 0.194 seconds
[2024-11-15T05:58:22.922+0000] {processor.py:186} INFO - Started process (PID=2446) to work on /home/airflow/.local/lib/python3.12/site-packages/airflow/example_dags/tutorial.py
[2024-11-15T05:58:22.928+0000] {processor.py:914} INFO - Processing file /home/airflow/.local/lib/python3.12/site-packages/airflow/example_dags/tutorial.py for tasks to queue
[2024-11-15T05:58:22.936+0000] {logging_mixin.py:190} INFO - [2024-11-15T05:58:22.935+0000] {dagbag.py:588} INFO - Filling up the DagBag from /home/airflow/.local/lib/python3.12/site-packages/airflow/example_dags/tutorial.py
[2024-11-15T05:58:22.974+0000] {processor.py:925} INFO - DAG(s) 'tutorial' retrieved from /home/airflow/.local/lib/python3.12/site-packages/airflow/example_dags/tutorial.py
[2024-11-15T05:58:23.025+0000] {logging_mixin.py:190} INFO - [2024-11-15T05:58:23.025+0000] {dag.py:3239} INFO - Sync 1 DAGs
[2024-11-15T05:58:23.085+0000] {logging_mixin.py:190} INFO - [2024-11-15T05:58:23.084+0000] {dag.py:4180} INFO - Setting next_dagrun for tutorial to 2024-11-14 00:00:00+00:00, run_after=2024-11-15 00:00:00+00:00
[2024-11-15T05:58:23.125+0000] {processor.py:208} INFO - Processing /home/airflow/.local/lib/python3.12/site-packages/airflow/example_dags/tutorial.py took 0.225 seconds
[2024-11-15T05:58:53.281+0000] {processor.py:186} INFO - Started process (PID=2511) to work on /home/airflow/.local/lib/python3.12/site-packages/airflow/example_dags/tutorial.py
[2024-11-15T05:58:53.285+0000] {processor.py:914} INFO - Processing file /home/airflow/.local/lib/python3.12/site-packages/airflow/example_dags/tutorial.py for tasks to queue
[2024-11-15T05:58:53.289+0000] {logging_mixin.py:190} INFO - [2024-11-15T05:58:53.288+0000] {dagbag.py:588} INFO - Filling up the DagBag from /home/airflow/.local/lib/python3.12/site-packages/airflow/example_dags/tutorial.py
[2024-11-15T05:58:53.307+0000] {processor.py:925} INFO - DAG(s) 'tutorial' retrieved from /home/airflow/.local/lib/python3.12/site-packages/airflow/example_dags/tutorial.py
[2024-11-15T05:58:53.347+0000] {logging_mixin.py:190} INFO - [2024-11-15T05:58:53.346+0000] {dag.py:3239} INFO - Sync 1 DAGs
[2024-11-15T05:58:53.396+0000] {logging_mixin.py:190} INFO - [2024-11-15T05:58:53.395+0000] {dag.py:4180} INFO - Setting next_dagrun for tutorial to 2024-11-14 00:00:00+00:00, run_after=2024-11-15 00:00:00+00:00
[2024-11-15T05:58:53.434+0000] {processor.py:208} INFO - Processing /home/airflow/.local/lib/python3.12/site-packages/airflow/example_dags/tutorial.py took 0.164 seconds
[2024-11-15T05:59:24.430+0000] {processor.py:186} INFO - Started process (PID=2576) to work on /home/airflow/.local/lib/python3.12/site-packages/airflow/example_dags/tutorial.py
[2024-11-15T05:59:24.434+0000] {processor.py:914} INFO - Processing file /home/airflow/.local/lib/python3.12/site-packages/airflow/example_dags/tutorial.py for tasks to queue
[2024-11-15T05:59:24.442+0000] {logging_mixin.py:190} INFO - [2024-11-15T05:59:24.440+0000] {dagbag.py:588} INFO - Filling up the DagBag from /home/airflow/.local/lib/python3.12/site-packages/airflow/example_dags/tutorial.py
[2024-11-15T05:59:24.467+0000] {processor.py:925} INFO - DAG(s) 'tutorial' retrieved from /home/airflow/.local/lib/python3.12/site-packages/airflow/example_dags/tutorial.py
[2024-11-15T05:59:24.532+0000] {logging_mixin.py:190} INFO - [2024-11-15T05:59:24.531+0000] {dag.py:3239} INFO - Sync 1 DAGs
[2024-11-15T05:59:24.594+0000] {logging_mixin.py:190} INFO - [2024-11-15T05:59:24.593+0000] {dag.py:4180} INFO - Setting next_dagrun for tutorial to 2024-11-14 00:00:00+00:00, run_after=2024-11-15 00:00:00+00:00
[2024-11-15T05:59:24.640+0000] {processor.py:208} INFO - Processing /home/airflow/.local/lib/python3.12/site-packages/airflow/example_dags/tutorial.py took 0.226 seconds
[2024-11-15T05:59:57.076+0000] {processor.py:186} INFO - Started process (PID=2630) to work on /home/airflow/.local/lib/python3.12/site-packages/airflow/example_dags/tutorial.py
[2024-11-15T05:59:57.079+0000] {processor.py:914} INFO - Processing file /home/airflow/.local/lib/python3.12/site-packages/airflow/example_dags/tutorial.py for tasks to queue
[2024-11-15T05:59:57.084+0000] {logging_mixin.py:190} INFO - [2024-11-15T05:59:57.083+0000] {dagbag.py:588} INFO - Filling up the DagBag from /home/airflow/.local/lib/python3.12/site-packages/airflow/example_dags/tutorial.py
[2024-11-15T05:59:57.102+0000] {processor.py:925} INFO - DAG(s) 'tutorial' retrieved from /home/airflow/.local/lib/python3.12/site-packages/airflow/example_dags/tutorial.py
[2024-11-15T05:59:57.144+0000] {logging_mixin.py:190} INFO - [2024-11-15T05:59:57.144+0000] {dag.py:3239} INFO - Sync 1 DAGs
[2024-11-15T05:59:57.204+0000] {logging_mixin.py:190} INFO - [2024-11-15T05:59:57.204+0000] {dag.py:4180} INFO - Setting next_dagrun for tutorial to 2024-11-14 00:00:00+00:00, run_after=2024-11-15 00:00:00+00:00
[2024-11-15T05:59:57.246+0000] {processor.py:208} INFO - Processing /home/airflow/.local/lib/python3.12/site-packages/airflow/example_dags/tutorial.py took 0.185 seconds
[2024-11-15T06:00:27.879+0000] {processor.py:186} INFO - Started process (PID=2695) to work on /home/airflow/.local/lib/python3.12/site-packages/airflow/example_dags/tutorial.py
[2024-11-15T06:00:27.883+0000] {processor.py:914} INFO - Processing file /home/airflow/.local/lib/python3.12/site-packages/airflow/example_dags/tutorial.py for tasks to queue
[2024-11-15T06:00:27.889+0000] {logging_mixin.py:190} INFO - [2024-11-15T06:00:27.888+0000] {dagbag.py:588} INFO - Filling up the DagBag from /home/airflow/.local/lib/python3.12/site-packages/airflow/example_dags/tutorial.py
[2024-11-15T06:00:27.913+0000] {processor.py:925} INFO - DAG(s) 'tutorial' retrieved from /home/airflow/.local/lib/python3.12/site-packages/airflow/example_dags/tutorial.py
[2024-11-15T06:00:27.975+0000] {logging_mixin.py:190} INFO - [2024-11-15T06:00:27.974+0000] {dag.py:3239} INFO - Sync 1 DAGs
[2024-11-15T06:00:28.073+0000] {logging_mixin.py:190} INFO - [2024-11-15T06:00:28.072+0000] {dag.py:4180} INFO - Setting next_dagrun for tutorial to 2024-11-14 00:00:00+00:00, run_after=2024-11-15 00:00:00+00:00
[2024-11-15T06:00:28.134+0000] {processor.py:208} INFO - Processing /home/airflow/.local/lib/python3.12/site-packages/airflow/example_dags/tutorial.py took 0.270 seconds
[2024-11-15T06:00:58.833+0000] {processor.py:186} INFO - Started process (PID=2759) to work on /home/airflow/.local/lib/python3.12/site-packages/airflow/example_dags/tutorial.py
[2024-11-15T06:00:58.836+0000] {processor.py:914} INFO - Processing file /home/airflow/.local/lib/python3.12/site-packages/airflow/example_dags/tutorial.py for tasks to queue
[2024-11-15T06:00:58.842+0000] {logging_mixin.py:190} INFO - [2024-11-15T06:00:58.841+0000] {dagbag.py:588} INFO - Filling up the DagBag from /home/airflow/.local/lib/python3.12/site-packages/airflow/example_dags/tutorial.py
[2024-11-15T06:00:58.860+0000] {processor.py:925} INFO - DAG(s) 'tutorial' retrieved from /home/airflow/.local/lib/python3.12/site-packages/airflow/example_dags/tutorial.py
[2024-11-15T06:00:58.912+0000] {logging_mixin.py:190} INFO - [2024-11-15T06:00:58.912+0000] {dag.py:3239} INFO - Sync 1 DAGs
[2024-11-15T06:00:58.982+0000] {logging_mixin.py:190} INFO - [2024-11-15T06:00:58.982+0000] {dag.py:4180} INFO - Setting next_dagrun for tutorial to 2024-11-14 00:00:00+00:00, run_after=2024-11-15 00:00:00+00:00
[2024-11-15T06:00:59.032+0000] {processor.py:208} INFO - Processing /home/airflow/.local/lib/python3.12/site-packages/airflow/example_dags/tutorial.py took 0.211 seconds
[2024-11-15T06:01:32.083+0000] {processor.py:186} INFO - Started process (PID=2824) to work on /home/airflow/.local/lib/python3.12/site-packages/airflow/example_dags/tutorial.py
[2024-11-15T06:01:32.090+0000] {processor.py:914} INFO - Processing file /home/airflow/.local/lib/python3.12/site-packages/airflow/example_dags/tutorial.py for tasks to queue
[2024-11-15T06:01:32.100+0000] {logging_mixin.py:190} INFO - [2024-11-15T06:01:32.099+0000] {dagbag.py:588} INFO - Filling up the DagBag from /home/airflow/.local/lib/python3.12/site-packages/airflow/example_dags/tutorial.py
[2024-11-15T06:01:32.134+0000] {processor.py:925} INFO - DAG(s) 'tutorial' retrieved from /home/airflow/.local/lib/python3.12/site-packages/airflow/example_dags/tutorial.py
[2024-11-15T06:01:32.197+0000] {logging_mixin.py:190} INFO - [2024-11-15T06:01:32.196+0000] {dag.py:3239} INFO - Sync 1 DAGs
[2024-11-15T06:01:32.279+0000] {logging_mixin.py:190} INFO - [2024-11-15T06:01:32.278+0000] {dag.py:4180} INFO - Setting next_dagrun for tutorial to 2024-11-14 00:00:00+00:00, run_after=2024-11-15 00:00:00+00:00
[2024-11-15T06:01:32.341+0000] {processor.py:208} INFO - Processing /home/airflow/.local/lib/python3.12/site-packages/airflow/example_dags/tutorial.py took 0.281 seconds
[2024-11-15T06:02:04.819+0000] {processor.py:186} INFO - Started process (PID=2889) to work on /home/airflow/.local/lib/python3.12/site-packages/airflow/example_dags/tutorial.py
[2024-11-15T06:02:04.824+0000] {processor.py:914} INFO - Processing file /home/airflow/.local/lib/python3.12/site-packages/airflow/example_dags/tutorial.py for tasks to queue
[2024-11-15T06:02:04.830+0000] {logging_mixin.py:190} INFO - [2024-11-15T06:02:04.829+0000] {dagbag.py:588} INFO - Filling up the DagBag from /home/airflow/.local/lib/python3.12/site-packages/airflow/example_dags/tutorial.py
[2024-11-15T06:02:04.851+0000] {processor.py:925} INFO - DAG(s) 'tutorial' retrieved from /home/airflow/.local/lib/python3.12/site-packages/airflow/example_dags/tutorial.py
[2024-11-15T06:02:04.903+0000] {logging_mixin.py:190} INFO - [2024-11-15T06:02:04.902+0000] {dag.py:3239} INFO - Sync 1 DAGs
[2024-11-15T06:02:04.961+0000] {logging_mixin.py:190} INFO - [2024-11-15T06:02:04.961+0000] {dag.py:4180} INFO - Setting next_dagrun for tutorial to 2024-11-14 00:00:00+00:00, run_after=2024-11-15 00:00:00+00:00
[2024-11-15T06:02:04.997+0000] {processor.py:208} INFO - Processing /home/airflow/.local/lib/python3.12/site-packages/airflow/example_dags/tutorial.py took 0.196 seconds
[2024-11-15T06:02:47.253+0000] {processor.py:186} INFO - Started process (PID=2952) to work on /home/airflow/.local/lib/python3.12/site-packages/airflow/example_dags/tutorial.py
[2024-11-15T06:02:47.256+0000] {processor.py:914} INFO - Processing file /home/airflow/.local/lib/python3.12/site-packages/airflow/example_dags/tutorial.py for tasks to queue
[2024-11-15T06:02:47.262+0000] {logging_mixin.py:190} INFO - [2024-11-15T06:02:47.261+0000] {dagbag.py:588} INFO - Filling up the DagBag from /home/airflow/.local/lib/python3.12/site-packages/airflow/example_dags/tutorial.py
[2024-11-15T06:02:47.283+0000] {processor.py:925} INFO - DAG(s) 'tutorial' retrieved from /home/airflow/.local/lib/python3.12/site-packages/airflow/example_dags/tutorial.py
[2024-11-15T06:02:47.323+0000] {logging_mixin.py:190} INFO - [2024-11-15T06:02:47.322+0000] {dag.py:3239} INFO - Sync 1 DAGs
[2024-11-15T06:02:47.372+0000] {logging_mixin.py:190} INFO - [2024-11-15T06:02:47.371+0000] {dag.py:4180} INFO - Setting next_dagrun for tutorial to 2024-11-14 00:00:00+00:00, run_after=2024-11-15 00:00:00+00:00
[2024-11-15T06:02:47.423+0000] {processor.py:208} INFO - Processing /home/airflow/.local/lib/python3.12/site-packages/airflow/example_dags/tutorial.py took 0.184 seconds
[2024-11-15T06:03:19.249+0000] {processor.py:186} INFO - Started process (PID=3014) to work on /home/airflow/.local/lib/python3.12/site-packages/airflow/example_dags/tutorial.py
[2024-11-15T06:03:19.254+0000] {processor.py:914} INFO - Processing file /home/airflow/.local/lib/python3.12/site-packages/airflow/example_dags/tutorial.py for tasks to queue
[2024-11-15T06:03:19.264+0000] {logging_mixin.py:190} INFO - [2024-11-15T06:03:19.263+0000] {dagbag.py:588} INFO - Filling up the DagBag from /home/airflow/.local/lib/python3.12/site-packages/airflow/example_dags/tutorial.py
[2024-11-15T06:03:19.313+0000] {processor.py:925} INFO - DAG(s) 'tutorial' retrieved from /home/airflow/.local/lib/python3.12/site-packages/airflow/example_dags/tutorial.py
[2024-11-15T06:03:19.412+0000] {logging_mixin.py:190} INFO - [2024-11-15T06:03:19.412+0000] {dag.py:3239} INFO - Sync 1 DAGs
[2024-11-15T06:03:19.525+0000] {logging_mixin.py:190} INFO - [2024-11-15T06:03:19.524+0000] {dag.py:4180} INFO - Setting next_dagrun for tutorial to 2024-11-14 00:00:00+00:00, run_after=2024-11-15 00:00:00+00:00
[2024-11-15T06:03:19.596+0000] {processor.py:208} INFO - Processing /home/airflow/.local/lib/python3.12/site-packages/airflow/example_dags/tutorial.py took 0.366 seconds
[2024-11-15T06:03:54.249+0000] {processor.py:186} INFO - Started process (PID=3085) to work on /home/airflow/.local/lib/python3.12/site-packages/airflow/example_dags/tutorial.py
[2024-11-15T06:03:54.252+0000] {processor.py:914} INFO - Processing file /home/airflow/.local/lib/python3.12/site-packages/airflow/example_dags/tutorial.py for tasks to queue
[2024-11-15T06:03:54.262+0000] {logging_mixin.py:190} INFO - [2024-11-15T06:03:54.261+0000] {dagbag.py:588} INFO - Filling up the DagBag from /home/airflow/.local/lib/python3.12/site-packages/airflow/example_dags/tutorial.py
[2024-11-15T06:03:54.328+0000] {processor.py:925} INFO - DAG(s) 'tutorial' retrieved from /home/airflow/.local/lib/python3.12/site-packages/airflow/example_dags/tutorial.py
[2024-11-15T06:03:54.404+0000] {logging_mixin.py:190} INFO - [2024-11-15T06:03:54.403+0000] {dag.py:3239} INFO - Sync 1 DAGs
[2024-11-15T06:03:54.504+0000] {logging_mixin.py:190} INFO - [2024-11-15T06:03:54.500+0000] {dag.py:4180} INFO - Setting next_dagrun for tutorial to 2024-11-14 00:00:00+00:00, run_after=2024-11-15 00:00:00+00:00
[2024-11-15T06:03:54.572+0000] {processor.py:208} INFO - Processing /home/airflow/.local/lib/python3.12/site-packages/airflow/example_dags/tutorial.py took 0.336 seconds
[2024-11-15T06:04:28.045+0000] {processor.py:186} INFO - Started process (PID=3150) to work on /home/airflow/.local/lib/python3.12/site-packages/airflow/example_dags/tutorial.py
[2024-11-15T06:04:28.050+0000] {processor.py:914} INFO - Processing file /home/airflow/.local/lib/python3.12/site-packages/airflow/example_dags/tutorial.py for tasks to queue
[2024-11-15T06:04:28.058+0000] {logging_mixin.py:190} INFO - [2024-11-15T06:04:28.057+0000] {dagbag.py:588} INFO - Filling up the DagBag from /home/airflow/.local/lib/python3.12/site-packages/airflow/example_dags/tutorial.py
[2024-11-15T06:04:28.081+0000] {processor.py:925} INFO - DAG(s) 'tutorial' retrieved from /home/airflow/.local/lib/python3.12/site-packages/airflow/example_dags/tutorial.py
[2024-11-15T06:04:28.132+0000] {logging_mixin.py:190} INFO - [2024-11-15T06:04:28.132+0000] {dag.py:3239} INFO - Sync 1 DAGs
[2024-11-15T06:04:28.229+0000] {logging_mixin.py:190} INFO - [2024-11-15T06:04:28.228+0000] {dag.py:4180} INFO - Setting next_dagrun for tutorial to 2024-11-14 00:00:00+00:00, run_after=2024-11-15 00:00:00+00:00
[2024-11-15T06:04:28.728+0000] {processor.py:208} INFO - Processing /home/airflow/.local/lib/python3.12/site-packages/airflow/example_dags/tutorial.py took 0.700 seconds
[2024-11-15T06:04:59.332+0000] {processor.py:186} INFO - Started process (PID=3215) to work on /home/airflow/.local/lib/python3.12/site-packages/airflow/example_dags/tutorial.py
[2024-11-15T06:04:59.334+0000] {processor.py:914} INFO - Processing file /home/airflow/.local/lib/python3.12/site-packages/airflow/example_dags/tutorial.py for tasks to queue
[2024-11-15T06:04:59.339+0000] {logging_mixin.py:190} INFO - [2024-11-15T06:04:59.338+0000] {dagbag.py:588} INFO - Filling up the DagBag from /home/airflow/.local/lib/python3.12/site-packages/airflow/example_dags/tutorial.py
[2024-11-15T06:04:59.359+0000] {processor.py:925} INFO - DAG(s) 'tutorial' retrieved from /home/airflow/.local/lib/python3.12/site-packages/airflow/example_dags/tutorial.py
[2024-11-15T06:04:59.401+0000] {logging_mixin.py:190} INFO - [2024-11-15T06:04:59.400+0000] {dag.py:3239} INFO - Sync 1 DAGs
[2024-11-15T06:04:59.459+0000] {logging_mixin.py:190} INFO - [2024-11-15T06:04:59.459+0000] {dag.py:4180} INFO - Setting next_dagrun for tutorial to 2024-11-14 00:00:00+00:00, run_after=2024-11-15 00:00:00+00:00
[2024-11-15T06:04:59.510+0000] {processor.py:208} INFO - Processing /home/airflow/.local/lib/python3.12/site-packages/airflow/example_dags/tutorial.py took 0.191 seconds
[2024-11-15T06:05:29.771+0000] {processor.py:186} INFO - Started process (PID=3279) to work on /home/airflow/.local/lib/python3.12/site-packages/airflow/example_dags/tutorial.py
[2024-11-15T06:05:29.774+0000] {processor.py:914} INFO - Processing file /home/airflow/.local/lib/python3.12/site-packages/airflow/example_dags/tutorial.py for tasks to queue
[2024-11-15T06:05:29.782+0000] {logging_mixin.py:190} INFO - [2024-11-15T06:05:29.781+0000] {dagbag.py:588} INFO - Filling up the DagBag from /home/airflow/.local/lib/python3.12/site-packages/airflow/example_dags/tutorial.py
[2024-11-15T06:05:29.826+0000] {processor.py:925} INFO - DAG(s) 'tutorial' retrieved from /home/airflow/.local/lib/python3.12/site-packages/airflow/example_dags/tutorial.py
[2024-11-15T06:05:29.902+0000] {logging_mixin.py:190} INFO - [2024-11-15T06:05:29.902+0000] {dag.py:3239} INFO - Sync 1 DAGs
[2024-11-15T06:05:29.963+0000] {logging_mixin.py:190} INFO - [2024-11-15T06:05:29.963+0000] {dag.py:4180} INFO - Setting next_dagrun for tutorial to 2024-11-14 00:00:00+00:00, run_after=2024-11-15 00:00:00+00:00
[2024-11-15T06:05:30.008+0000] {processor.py:208} INFO - Processing /home/airflow/.local/lib/python3.12/site-packages/airflow/example_dags/tutorial.py took 0.256 seconds
[2024-11-15T06:06:00.242+0000] {processor.py:186} INFO - Started process (PID=3345) to work on /home/airflow/.local/lib/python3.12/site-packages/airflow/example_dags/tutorial.py
[2024-11-15T06:06:00.249+0000] {processor.py:914} INFO - Processing file /home/airflow/.local/lib/python3.12/site-packages/airflow/example_dags/tutorial.py for tasks to queue
[2024-11-15T06:06:00.260+0000] {logging_mixin.py:190} INFO - [2024-11-15T06:06:00.258+0000] {dagbag.py:588} INFO - Filling up the DagBag from /home/airflow/.local/lib/python3.12/site-packages/airflow/example_dags/tutorial.py
[2024-11-15T06:06:00.301+0000] {processor.py:925} INFO - DAG(s) 'tutorial' retrieved from /home/airflow/.local/lib/python3.12/site-packages/airflow/example_dags/tutorial.py
[2024-11-15T06:06:00.396+0000] {logging_mixin.py:190} INFO - [2024-11-15T06:06:00.395+0000] {dag.py:3239} INFO - Sync 1 DAGs
[2024-11-15T06:06:00.489+0000] {logging_mixin.py:190} INFO - [2024-11-15T06:06:00.488+0000] {dag.py:4180} INFO - Setting next_dagrun for tutorial to 2024-11-14 00:00:00+00:00, run_after=2024-11-15 00:00:00+00:00
[2024-11-15T06:06:00.551+0000] {processor.py:208} INFO - Processing /home/airflow/.local/lib/python3.12/site-packages/airflow/example_dags/tutorial.py took 0.336 seconds
[2024-11-15T06:06:34.831+0000] {processor.py:186} INFO - Started process (PID=3409) to work on /home/airflow/.local/lib/python3.12/site-packages/airflow/example_dags/tutorial.py
[2024-11-15T06:06:34.834+0000] {processor.py:914} INFO - Processing file /home/airflow/.local/lib/python3.12/site-packages/airflow/example_dags/tutorial.py for tasks to queue
[2024-11-15T06:06:34.840+0000] {logging_mixin.py:190} INFO - [2024-11-15T06:06:34.840+0000] {dagbag.py:588} INFO - Filling up the DagBag from /home/airflow/.local/lib/python3.12/site-packages/airflow/example_dags/tutorial.py
[2024-11-15T06:06:34.873+0000] {processor.py:925} INFO - DAG(s) 'tutorial' retrieved from /home/airflow/.local/lib/python3.12/site-packages/airflow/example_dags/tutorial.py
[2024-11-15T06:06:35.132+0000] {logging_mixin.py:190} INFO - [2024-11-15T06:06:35.131+0000] {dag.py:3239} INFO - Sync 1 DAGs
[2024-11-15T06:06:35.807+0000] {logging_mixin.py:190} INFO - [2024-11-15T06:06:35.806+0000] {dag.py:4180} INFO - Setting next_dagrun for tutorial to 2024-11-14 00:00:00+00:00, run_after=2024-11-15 00:00:00+00:00
[2024-11-15T06:06:35.865+0000] {processor.py:208} INFO - Processing /home/airflow/.local/lib/python3.12/site-packages/airflow/example_dags/tutorial.py took 1.053 seconds
[2024-11-15T06:07:06.209+0000] {processor.py:186} INFO - Started process (PID=3474) to work on /home/airflow/.local/lib/python3.12/site-packages/airflow/example_dags/tutorial.py
[2024-11-15T06:07:06.212+0000] {processor.py:914} INFO - Processing file /home/airflow/.local/lib/python3.12/site-packages/airflow/example_dags/tutorial.py for tasks to queue
[2024-11-15T06:07:06.217+0000] {logging_mixin.py:190} INFO - [2024-11-15T06:07:06.217+0000] {dagbag.py:588} INFO - Filling up the DagBag from /home/airflow/.local/lib/python3.12/site-packages/airflow/example_dags/tutorial.py
[2024-11-15T06:07:06.238+0000] {processor.py:925} INFO - DAG(s) 'tutorial' retrieved from /home/airflow/.local/lib/python3.12/site-packages/airflow/example_dags/tutorial.py
[2024-11-15T06:07:06.289+0000] {logging_mixin.py:190} INFO - [2024-11-15T06:07:06.289+0000] {dag.py:3239} INFO - Sync 1 DAGs
[2024-11-15T06:07:06.753+0000] {logging_mixin.py:190} INFO - [2024-11-15T06:07:06.752+0000] {dag.py:4180} INFO - Setting next_dagrun for tutorial to 2024-11-14 00:00:00+00:00, run_after=2024-11-15 00:00:00+00:00
[2024-11-15T06:07:06.824+0000] {processor.py:208} INFO - Processing /home/airflow/.local/lib/python3.12/site-packages/airflow/example_dags/tutorial.py took 0.627 seconds
[2024-11-15T06:07:37.109+0000] {processor.py:186} INFO - Started process (PID=3539) to work on /home/airflow/.local/lib/python3.12/site-packages/airflow/example_dags/tutorial.py
[2024-11-15T06:07:37.112+0000] {processor.py:914} INFO - Processing file /home/airflow/.local/lib/python3.12/site-packages/airflow/example_dags/tutorial.py for tasks to queue
[2024-11-15T06:07:37.120+0000] {logging_mixin.py:190} INFO - [2024-11-15T06:07:37.118+0000] {dagbag.py:588} INFO - Filling up the DagBag from /home/airflow/.local/lib/python3.12/site-packages/airflow/example_dags/tutorial.py
[2024-11-15T06:07:37.138+0000] {processor.py:925} INFO - DAG(s) 'tutorial' retrieved from /home/airflow/.local/lib/python3.12/site-packages/airflow/example_dags/tutorial.py
[2024-11-15T06:07:37.185+0000] {logging_mixin.py:190} INFO - [2024-11-15T06:07:37.185+0000] {dag.py:3239} INFO - Sync 1 DAGs
[2024-11-15T06:07:37.247+0000] {logging_mixin.py:190} INFO - [2024-11-15T06:07:37.247+0000] {dag.py:4180} INFO - Setting next_dagrun for tutorial to 2024-11-14 00:00:00+00:00, run_after=2024-11-15 00:00:00+00:00
[2024-11-15T06:07:37.334+0000] {processor.py:208} INFO - Processing /home/airflow/.local/lib/python3.12/site-packages/airflow/example_dags/tutorial.py took 0.239 seconds
[2024-11-15T06:08:08.101+0000] {processor.py:186} INFO - Started process (PID=3604) to work on /home/airflow/.local/lib/python3.12/site-packages/airflow/example_dags/tutorial.py
[2024-11-15T06:08:08.105+0000] {processor.py:914} INFO - Processing file /home/airflow/.local/lib/python3.12/site-packages/airflow/example_dags/tutorial.py for tasks to queue
[2024-11-15T06:08:08.112+0000] {logging_mixin.py:190} INFO - [2024-11-15T06:08:08.111+0000] {dagbag.py:588} INFO - Filling up the DagBag from /home/airflow/.local/lib/python3.12/site-packages/airflow/example_dags/tutorial.py
[2024-11-15T06:08:08.133+0000] {processor.py:925} INFO - DAG(s) 'tutorial' retrieved from /home/airflow/.local/lib/python3.12/site-packages/airflow/example_dags/tutorial.py
[2024-11-15T06:08:08.192+0000] {logging_mixin.py:190} INFO - [2024-11-15T06:08:08.192+0000] {dag.py:3239} INFO - Sync 1 DAGs
[2024-11-15T06:08:08.243+0000] {logging_mixin.py:190} INFO - [2024-11-15T06:08:08.243+0000] {dag.py:4180} INFO - Setting next_dagrun for tutorial to 2024-11-14 00:00:00+00:00, run_after=2024-11-15 00:00:00+00:00
[2024-11-15T06:08:08.291+0000] {processor.py:208} INFO - Processing /home/airflow/.local/lib/python3.12/site-packages/airflow/example_dags/tutorial.py took 0.201 seconds
[2024-11-15T06:08:40.044+0000] {processor.py:186} INFO - Started process (PID=3667) to work on /home/airflow/.local/lib/python3.12/site-packages/airflow/example_dags/tutorial.py
[2024-11-15T06:08:40.049+0000] {processor.py:914} INFO - Processing file /home/airflow/.local/lib/python3.12/site-packages/airflow/example_dags/tutorial.py for tasks to queue
[2024-11-15T06:08:40.056+0000] {logging_mixin.py:190} INFO - [2024-11-15T06:08:40.055+0000] {dagbag.py:588} INFO - Filling up the DagBag from /home/airflow/.local/lib/python3.12/site-packages/airflow/example_dags/tutorial.py
[2024-11-15T06:08:40.085+0000] {processor.py:925} INFO - DAG(s) 'tutorial' retrieved from /home/airflow/.local/lib/python3.12/site-packages/airflow/example_dags/tutorial.py
[2024-11-15T06:08:40.138+0000] {logging_mixin.py:190} INFO - [2024-11-15T06:08:40.138+0000] {dag.py:3239} INFO - Sync 1 DAGs
[2024-11-15T06:08:40.198+0000] {logging_mixin.py:190} INFO - [2024-11-15T06:08:40.197+0000] {dag.py:4180} INFO - Setting next_dagrun for tutorial to 2024-11-14 00:00:00+00:00, run_after=2024-11-15 00:00:00+00:00
[2024-11-15T06:08:40.238+0000] {processor.py:208} INFO - Processing /home/airflow/.local/lib/python3.12/site-packages/airflow/example_dags/tutorial.py took 0.216 seconds
[2024-11-15T06:09:12.226+0000] {processor.py:186} INFO - Started process (PID=3733) to work on /home/airflow/.local/lib/python3.12/site-packages/airflow/example_dags/tutorial.py
[2024-11-15T06:09:12.228+0000] {processor.py:914} INFO - Processing file /home/airflow/.local/lib/python3.12/site-packages/airflow/example_dags/tutorial.py for tasks to queue
[2024-11-15T06:09:12.233+0000] {logging_mixin.py:190} INFO - [2024-11-15T06:09:12.233+0000] {dagbag.py:588} INFO - Filling up the DagBag from /home/airflow/.local/lib/python3.12/site-packages/airflow/example_dags/tutorial.py
[2024-11-15T06:09:12.249+0000] {processor.py:925} INFO - DAG(s) 'tutorial' retrieved from /home/airflow/.local/lib/python3.12/site-packages/airflow/example_dags/tutorial.py
[2024-11-15T06:09:12.287+0000] {logging_mixin.py:190} INFO - [2024-11-15T06:09:12.286+0000] {dag.py:3239} INFO - Sync 1 DAGs
[2024-11-15T06:09:12.335+0000] {logging_mixin.py:190} INFO - [2024-11-15T06:09:12.334+0000] {dag.py:4180} INFO - Setting next_dagrun for tutorial to 2024-11-14 00:00:00+00:00, run_after=2024-11-15 00:00:00+00:00
[2024-11-15T06:09:12.370+0000] {processor.py:208} INFO - Processing /home/airflow/.local/lib/python3.12/site-packages/airflow/example_dags/tutorial.py took 0.156 seconds
[2024-11-15T06:09:44.136+0000] {processor.py:186} INFO - Started process (PID=3799) to work on /home/airflow/.local/lib/python3.12/site-packages/airflow/example_dags/tutorial.py
[2024-11-15T06:09:44.139+0000] {processor.py:914} INFO - Processing file /home/airflow/.local/lib/python3.12/site-packages/airflow/example_dags/tutorial.py for tasks to queue
[2024-11-15T06:09:44.147+0000] {logging_mixin.py:190} INFO - [2024-11-15T06:09:44.146+0000] {dagbag.py:588} INFO - Filling up the DagBag from /home/airflow/.local/lib/python3.12/site-packages/airflow/example_dags/tutorial.py
[2024-11-15T06:09:44.170+0000] {processor.py:925} INFO - DAG(s) 'tutorial' retrieved from /home/airflow/.local/lib/python3.12/site-packages/airflow/example_dags/tutorial.py
[2024-11-15T06:09:44.239+0000] {logging_mixin.py:190} INFO - [2024-11-15T06:09:44.238+0000] {dag.py:3239} INFO - Sync 1 DAGs
[2024-11-15T06:09:44.308+0000] {logging_mixin.py:190} INFO - [2024-11-15T06:09:44.308+0000] {dag.py:4180} INFO - Setting next_dagrun for tutorial to 2024-11-14 00:00:00+00:00, run_after=2024-11-15 00:00:00+00:00
[2024-11-15T06:09:44.347+0000] {processor.py:208} INFO - Processing /home/airflow/.local/lib/python3.12/site-packages/airflow/example_dags/tutorial.py took 0.225 seconds
[2024-11-15T06:10:14.505+0000] {processor.py:186} INFO - Started process (PID=3862) to work on /home/airflow/.local/lib/python3.12/site-packages/airflow/example_dags/tutorial.py
[2024-11-15T06:10:14.508+0000] {processor.py:914} INFO - Processing file /home/airflow/.local/lib/python3.12/site-packages/airflow/example_dags/tutorial.py for tasks to queue
[2024-11-15T06:10:14.514+0000] {logging_mixin.py:190} INFO - [2024-11-15T06:10:14.513+0000] {dagbag.py:588} INFO - Filling up the DagBag from /home/airflow/.local/lib/python3.12/site-packages/airflow/example_dags/tutorial.py
[2024-11-15T06:10:14.535+0000] {processor.py:925} INFO - DAG(s) 'tutorial' retrieved from /home/airflow/.local/lib/python3.12/site-packages/airflow/example_dags/tutorial.py
[2024-11-15T06:10:14.580+0000] {logging_mixin.py:190} INFO - [2024-11-15T06:10:14.580+0000] {dag.py:3239} INFO - Sync 1 DAGs
[2024-11-15T06:10:14.640+0000] {logging_mixin.py:190} INFO - [2024-11-15T06:10:14.640+0000] {dag.py:4180} INFO - Setting next_dagrun for tutorial to 2024-11-14 00:00:00+00:00, run_after=2024-11-15 00:00:00+00:00
[2024-11-15T06:10:14.696+0000] {processor.py:208} INFO - Processing /home/airflow/.local/lib/python3.12/site-packages/airflow/example_dags/tutorial.py took 0.205 seconds
[2024-11-15T06:10:44.827+0000] {processor.py:186} INFO - Started process (PID=3927) to work on /home/airflow/.local/lib/python3.12/site-packages/airflow/example_dags/tutorial.py
[2024-11-15T06:10:44.830+0000] {processor.py:914} INFO - Processing file /home/airflow/.local/lib/python3.12/site-packages/airflow/example_dags/tutorial.py for tasks to queue
[2024-11-15T06:10:44.835+0000] {logging_mixin.py:190} INFO - [2024-11-15T06:10:44.835+0000] {dagbag.py:588} INFO - Filling up the DagBag from /home/airflow/.local/lib/python3.12/site-packages/airflow/example_dags/tutorial.py
[2024-11-15T06:10:44.857+0000] {processor.py:925} INFO - DAG(s) 'tutorial' retrieved from /home/airflow/.local/lib/python3.12/site-packages/airflow/example_dags/tutorial.py
[2024-11-15T06:10:44.899+0000] {logging_mixin.py:190} INFO - [2024-11-15T06:10:44.898+0000] {dag.py:3239} INFO - Sync 1 DAGs
[2024-11-15T06:10:44.965+0000] {logging_mixin.py:190} INFO - [2024-11-15T06:10:44.965+0000] {dag.py:4180} INFO - Setting next_dagrun for tutorial to 2024-11-14 00:00:00+00:00, run_after=2024-11-15 00:00:00+00:00
[2024-11-15T06:10:45.018+0000] {processor.py:208} INFO - Processing /home/airflow/.local/lib/python3.12/site-packages/airflow/example_dags/tutorial.py took 0.204 seconds
[2024-11-15T06:11:15.195+0000] {processor.py:186} INFO - Started process (PID=3992) to work on /home/airflow/.local/lib/python3.12/site-packages/airflow/example_dags/tutorial.py
[2024-11-15T06:11:15.199+0000] {processor.py:914} INFO - Processing file /home/airflow/.local/lib/python3.12/site-packages/airflow/example_dags/tutorial.py for tasks to queue
[2024-11-15T06:11:15.205+0000] {logging_mixin.py:190} INFO - [2024-11-15T06:11:15.204+0000] {dagbag.py:588} INFO - Filling up the DagBag from /home/airflow/.local/lib/python3.12/site-packages/airflow/example_dags/tutorial.py
[2024-11-15T06:11:15.227+0000] {processor.py:925} INFO - DAG(s) 'tutorial' retrieved from /home/airflow/.local/lib/python3.12/site-packages/airflow/example_dags/tutorial.py
[2024-11-15T06:11:15.278+0000] {logging_mixin.py:190} INFO - [2024-11-15T06:11:15.278+0000] {dag.py:3239} INFO - Sync 1 DAGs
[2024-11-15T06:11:15.343+0000] {logging_mixin.py:190} INFO - [2024-11-15T06:11:15.343+0000] {dag.py:4180} INFO - Setting next_dagrun for tutorial to 2024-11-14 00:00:00+00:00, run_after=2024-11-15 00:00:00+00:00
[2024-11-15T06:11:15.386+0000] {processor.py:208} INFO - Processing /home/airflow/.local/lib/python3.12/site-packages/airflow/example_dags/tutorial.py took 0.206 seconds
[2024-11-15T06:11:45.562+0000] {processor.py:186} INFO - Started process (PID=4057) to work on /home/airflow/.local/lib/python3.12/site-packages/airflow/example_dags/tutorial.py
[2024-11-15T06:11:45.565+0000] {processor.py:914} INFO - Processing file /home/airflow/.local/lib/python3.12/site-packages/airflow/example_dags/tutorial.py for tasks to queue
[2024-11-15T06:11:45.570+0000] {logging_mixin.py:190} INFO - [2024-11-15T06:11:45.570+0000] {dagbag.py:588} INFO - Filling up the DagBag from /home/airflow/.local/lib/python3.12/site-packages/airflow/example_dags/tutorial.py
[2024-11-15T06:11:45.590+0000] {processor.py:925} INFO - DAG(s) 'tutorial' retrieved from /home/airflow/.local/lib/python3.12/site-packages/airflow/example_dags/tutorial.py
[2024-11-15T06:11:45.643+0000] {logging_mixin.py:190} INFO - [2024-11-15T06:11:45.643+0000] {dag.py:3239} INFO - Sync 1 DAGs
[2024-11-15T06:11:45.742+0000] {logging_mixin.py:190} INFO - [2024-11-15T06:11:45.741+0000] {dag.py:4180} INFO - Setting next_dagrun for tutorial to 2024-11-14 00:00:00+00:00, run_after=2024-11-15 00:00:00+00:00
[2024-11-15T06:11:45.800+0000] {processor.py:208} INFO - Processing /home/airflow/.local/lib/python3.12/site-packages/airflow/example_dags/tutorial.py took 0.255 seconds
[2024-11-15T06:12:15.904+0000] {processor.py:186} INFO - Started process (PID=4121) to work on /home/airflow/.local/lib/python3.12/site-packages/airflow/example_dags/tutorial.py
[2024-11-15T06:12:15.908+0000] {processor.py:914} INFO - Processing file /home/airflow/.local/lib/python3.12/site-packages/airflow/example_dags/tutorial.py for tasks to queue
[2024-11-15T06:12:15.913+0000] {logging_mixin.py:190} INFO - [2024-11-15T06:12:15.913+0000] {dagbag.py:588} INFO - Filling up the DagBag from /home/airflow/.local/lib/python3.12/site-packages/airflow/example_dags/tutorial.py
[2024-11-15T06:12:15.935+0000] {processor.py:925} INFO - DAG(s) 'tutorial' retrieved from /home/airflow/.local/lib/python3.12/site-packages/airflow/example_dags/tutorial.py
[2024-11-15T06:12:15.983+0000] {logging_mixin.py:190} INFO - [2024-11-15T06:12:15.982+0000] {dag.py:3239} INFO - Sync 1 DAGs
[2024-11-15T06:12:16.041+0000] {logging_mixin.py:190} INFO - [2024-11-15T06:12:16.041+0000] {dag.py:4180} INFO - Setting next_dagrun for tutorial to 2024-11-14 00:00:00+00:00, run_after=2024-11-15 00:00:00+00:00
[2024-11-15T06:12:16.085+0000] {processor.py:208} INFO - Processing /home/airflow/.local/lib/python3.12/site-packages/airflow/example_dags/tutorial.py took 0.196 seconds
[2024-11-15T06:12:47.553+0000] {processor.py:186} INFO - Started process (PID=4187) to work on /home/airflow/.local/lib/python3.12/site-packages/airflow/example_dags/tutorial.py
[2024-11-15T06:12:47.559+0000] {processor.py:914} INFO - Processing file /home/airflow/.local/lib/python3.12/site-packages/airflow/example_dags/tutorial.py for tasks to queue
[2024-11-15T06:12:47.569+0000] {logging_mixin.py:190} INFO - [2024-11-15T06:12:47.568+0000] {dagbag.py:588} INFO - Filling up the DagBag from /home/airflow/.local/lib/python3.12/site-packages/airflow/example_dags/tutorial.py
[2024-11-15T06:12:47.606+0000] {processor.py:925} INFO - DAG(s) 'tutorial' retrieved from /home/airflow/.local/lib/python3.12/site-packages/airflow/example_dags/tutorial.py
[2024-11-15T06:12:47.687+0000] {logging_mixin.py:190} INFO - [2024-11-15T06:12:47.686+0000] {dag.py:3239} INFO - Sync 1 DAGs
[2024-11-15T06:12:47.821+0000] {logging_mixin.py:190} INFO - [2024-11-15T06:12:47.820+0000] {dag.py:4180} INFO - Setting next_dagrun for tutorial to 2024-11-14 00:00:00+00:00, run_after=2024-11-15 00:00:00+00:00
[2024-11-15T06:12:47.901+0000] {processor.py:208} INFO - Processing /home/airflow/.local/lib/python3.12/site-packages/airflow/example_dags/tutorial.py took 0.373 seconds
[2024-11-15T06:13:29.653+0000] {processor.py:186} INFO - Started process (PID=4261) to work on /home/airflow/.local/lib/python3.12/site-packages/airflow/example_dags/tutorial.py
[2024-11-15T06:13:29.655+0000] {processor.py:914} INFO - Processing file /home/airflow/.local/lib/python3.12/site-packages/airflow/example_dags/tutorial.py for tasks to queue
[2024-11-15T06:13:29.660+0000] {logging_mixin.py:190} INFO - [2024-11-15T06:13:29.659+0000] {dagbag.py:588} INFO - Filling up the DagBag from /home/airflow/.local/lib/python3.12/site-packages/airflow/example_dags/tutorial.py
[2024-11-15T06:13:29.679+0000] {processor.py:925} INFO - DAG(s) 'tutorial' retrieved from /home/airflow/.local/lib/python3.12/site-packages/airflow/example_dags/tutorial.py
[2024-11-15T06:13:29.720+0000] {logging_mixin.py:190} INFO - [2024-11-15T06:13:29.720+0000] {dag.py:3239} INFO - Sync 1 DAGs
[2024-11-15T06:13:29.780+0000] {logging_mixin.py:190} INFO - [2024-11-15T06:13:29.780+0000] {dag.py:4180} INFO - Setting next_dagrun for tutorial to 2024-11-14 00:00:00+00:00, run_after=2024-11-15 00:00:00+00:00
[2024-11-15T06:13:29.822+0000] {processor.py:208} INFO - Processing /home/airflow/.local/lib/python3.12/site-packages/airflow/example_dags/tutorial.py took 0.181 seconds
