[2024-11-08T11:48:56.726+0000] {processor.py:186} INFO - Started process (PID=95) to work on /opt/airflow/dags/nh_news_crawling.py
[2024-11-08T11:48:56.736+0000] {processor.py:914} INFO - Processing file /opt/airflow/dags/nh_news_crawling.py for tasks to queue
[2024-11-08T11:48:56.744+0000] {logging_mixin.py:190} INFO - [2024-11-08T11:48:56.744+0000] {dagbag.py:588} INFO - Filling up the DagBag from /opt/airflow/dags/nh_news_crawling.py
[2024-11-08T11:48:59.377+0000] {processor.py:925} INFO - DAG(s) 'daily_news_crawler' retrieved from /opt/airflow/dags/nh_news_crawling.py
[2024-11-08T11:49:01.569+0000] {logging_mixin.py:190} INFO - [2024-11-08T11:49:01.566+0000] {override.py:1911} INFO - Created Permission View: can read on DAG:daily_news_crawler
[2024-11-08T11:49:01.617+0000] {logging_mixin.py:190} INFO - [2024-11-08T11:49:01.616+0000] {override.py:1911} INFO - Created Permission View: can edit on DAG:daily_news_crawler
[2024-11-08T11:49:01.638+0000] {logging_mixin.py:190} INFO - [2024-11-08T11:49:01.637+0000] {override.py:1911} INFO - Created Permission View: can delete on DAG:daily_news_crawler
[2024-11-08T11:49:01.658+0000] {logging_mixin.py:190} INFO - [2024-11-08T11:49:01.657+0000] {override.py:1911} INFO - Created Permission View: can read on DAG Run:daily_news_crawler
[2024-11-08T11:49:01.694+0000] {logging_mixin.py:190} INFO - [2024-11-08T11:49:01.694+0000] {override.py:1911} INFO - Created Permission View: menu access on DAG Run:daily_news_crawler
[2024-11-08T11:49:01.719+0000] {logging_mixin.py:190} INFO - [2024-11-08T11:49:01.718+0000] {override.py:1911} INFO - Created Permission View: can create on DAG Run:daily_news_crawler
[2024-11-08T11:49:01.775+0000] {logging_mixin.py:190} INFO - [2024-11-08T11:49:01.774+0000] {override.py:1911} INFO - Created Permission View: can delete on DAG Run:daily_news_crawler
[2024-11-08T11:49:01.790+0000] {logging_mixin.py:190} INFO - [2024-11-08T11:49:01.788+0000] {dag.py:3239} INFO - Sync 1 DAGs
[2024-11-08T11:49:02.052+0000] {logging_mixin.py:190} INFO - [2024-11-08T11:49:02.040+0000] {dag.py:3262} INFO - Creating ORM DAG for daily_news_crawler
[2024-11-08T11:49:02.222+0000] {logging_mixin.py:190} INFO - [2024-11-08T11:49:02.221+0000] {dag.py:4180} INFO - Setting next_dagrun for daily_news_crawler to 2024-11-07 00:00:00+00:00, run_after=2024-11-08 00:00:00+00:00
[2024-11-08T11:49:02.381+0000] {processor.py:208} INFO - Processing /opt/airflow/dags/nh_news_crawling.py took 5.680 seconds
[2024-11-08T11:51:06.284+0000] {processor.py:186} INFO - Started process (PID=178) to work on /opt/airflow/dags/nh_news_crawling.py
[2024-11-08T11:51:06.294+0000] {processor.py:914} INFO - Processing file /opt/airflow/dags/nh_news_crawling.py for tasks to queue
[2024-11-08T11:51:06.318+0000] {logging_mixin.py:190} INFO - [2024-11-08T11:51:06.317+0000] {dagbag.py:588} INFO - Filling up the DagBag from /opt/airflow/dags/nh_news_crawling.py
[2024-11-08T11:51:08.588+0000] {processor.py:925} INFO - DAG(s) 'daily_news_crawler' retrieved from /opt/airflow/dags/nh_news_crawling.py
[2024-11-08T11:51:08.744+0000] {logging_mixin.py:190} INFO - [2024-11-08T11:51:08.743+0000] {dag.py:3239} INFO - Sync 1 DAGs
[2024-11-08T11:51:08.872+0000] {logging_mixin.py:190} INFO - [2024-11-08T11:51:08.871+0000] {dag.py:4180} INFO - Setting next_dagrun for daily_news_crawler to 2024-11-07 00:00:00+00:00, run_after=2024-11-08 00:00:00+00:00
[2024-11-08T11:51:09.003+0000] {processor.py:208} INFO - Processing /opt/airflow/dags/nh_news_crawling.py took 2.753 seconds
[2024-11-08T11:51:45.034+0000] {processor.py:186} INFO - Started process (PID=233) to work on /opt/airflow/dags/nh_news_crawling.py
[2024-11-08T11:51:45.040+0000] {processor.py:914} INFO - Processing file /opt/airflow/dags/nh_news_crawling.py for tasks to queue
[2024-11-08T11:51:45.058+0000] {logging_mixin.py:190} INFO - [2024-11-08T11:51:45.057+0000] {dagbag.py:588} INFO - Filling up the DagBag from /opt/airflow/dags/nh_news_crawling.py
[2024-11-08T11:51:45.759+0000] {processor.py:925} INFO - DAG(s) 'daily_news_crawler' retrieved from /opt/airflow/dags/nh_news_crawling.py
[2024-11-08T11:51:45.860+0000] {logging_mixin.py:190} INFO - [2024-11-08T11:51:45.859+0000] {dag.py:3239} INFO - Sync 1 DAGs
[2024-11-08T11:51:45.980+0000] {logging_mixin.py:190} INFO - [2024-11-08T11:51:45.980+0000] {dag.py:4180} INFO - Setting next_dagrun for daily_news_crawler to 2024-11-07 00:00:00+00:00, run_after=2024-11-08 00:00:00+00:00
[2024-11-08T11:51:46.092+0000] {processor.py:208} INFO - Processing /opt/airflow/dags/nh_news_crawling.py took 1.093 seconds
[2024-11-08T11:52:21.674+0000] {processor.py:186} INFO - Started process (PID=304) to work on /opt/airflow/dags/nh_news_crawling.py
[2024-11-08T11:52:21.683+0000] {processor.py:914} INFO - Processing file /opt/airflow/dags/nh_news_crawling.py for tasks to queue
[2024-11-08T11:52:21.693+0000] {logging_mixin.py:190} INFO - [2024-11-08T11:52:21.692+0000] {dagbag.py:588} INFO - Filling up the DagBag from /opt/airflow/dags/nh_news_crawling.py
[2024-11-08T11:52:22.577+0000] {processor.py:925} INFO - DAG(s) 'daily_news_crawler' retrieved from /opt/airflow/dags/nh_news_crawling.py
[2024-11-08T11:52:22.701+0000] {logging_mixin.py:190} INFO - [2024-11-08T11:52:22.699+0000] {dag.py:3239} INFO - Sync 1 DAGs
[2024-11-08T11:52:22.863+0000] {logging_mixin.py:190} INFO - [2024-11-08T11:52:22.862+0000] {dag.py:4180} INFO - Setting next_dagrun for daily_news_crawler to 2024-11-07 00:00:00+00:00, run_after=2024-11-08 00:00:00+00:00
[2024-11-08T11:52:23.000+0000] {processor.py:208} INFO - Processing /opt/airflow/dags/nh_news_crawling.py took 1.371 seconds
[2024-11-08T11:52:53.512+0000] {processor.py:186} INFO - Started process (PID=354) to work on /opt/airflow/dags/nh_news_crawling.py
[2024-11-08T11:52:53.525+0000] {processor.py:914} INFO - Processing file /opt/airflow/dags/nh_news_crawling.py for tasks to queue
[2024-11-08T11:52:53.535+0000] {logging_mixin.py:190} INFO - [2024-11-08T11:52:53.534+0000] {dagbag.py:588} INFO - Filling up the DagBag from /opt/airflow/dags/nh_news_crawling.py
[2024-11-08T11:52:54.300+0000] {processor.py:925} INFO - DAG(s) 'daily_news_crawler' retrieved from /opt/airflow/dags/nh_news_crawling.py
[2024-11-08T11:52:54.417+0000] {logging_mixin.py:190} INFO - [2024-11-08T11:52:54.415+0000] {dag.py:3239} INFO - Sync 1 DAGs
[2024-11-08T11:52:54.590+0000] {logging_mixin.py:190} INFO - [2024-11-08T11:52:54.589+0000] {dag.py:4180} INFO - Setting next_dagrun for daily_news_crawler to 2024-11-07 00:00:00+00:00, run_after=2024-11-08 00:00:00+00:00
[2024-11-08T11:52:54.721+0000] {processor.py:208} INFO - Processing /opt/airflow/dags/nh_news_crawling.py took 1.239 seconds
[2024-11-08T11:53:26.573+0000] {processor.py:186} INFO - Started process (PID=414) to work on /opt/airflow/dags/nh_news_crawling.py
[2024-11-08T11:53:26.593+0000] {processor.py:914} INFO - Processing file /opt/airflow/dags/nh_news_crawling.py for tasks to queue
[2024-11-08T11:53:26.610+0000] {logging_mixin.py:190} INFO - [2024-11-08T11:53:26.609+0000] {dagbag.py:588} INFO - Filling up the DagBag from /opt/airflow/dags/nh_news_crawling.py
[2024-11-08T11:53:27.611+0000] {processor.py:925} INFO - DAG(s) 'daily_news_crawler' retrieved from /opt/airflow/dags/nh_news_crawling.py
[2024-11-08T11:53:27.761+0000] {logging_mixin.py:190} INFO - [2024-11-08T11:53:27.759+0000] {dag.py:3239} INFO - Sync 1 DAGs
[2024-11-08T11:53:27.926+0000] {logging_mixin.py:190} INFO - [2024-11-08T11:53:27.925+0000] {dag.py:4180} INFO - Setting next_dagrun for daily_news_crawler to 2024-11-07 00:00:00+00:00, run_after=2024-11-08 00:00:00+00:00
[2024-11-08T11:53:28.044+0000] {processor.py:208} INFO - Processing /opt/airflow/dags/nh_news_crawling.py took 1.534 seconds
[2024-11-08T11:54:03.103+0000] {processor.py:186} INFO - Started process (PID=478) to work on /opt/airflow/dags/nh_news_crawling.py
[2024-11-08T11:54:03.107+0000] {processor.py:914} INFO - Processing file /opt/airflow/dags/nh_news_crawling.py for tasks to queue
[2024-11-08T11:54:03.125+0000] {logging_mixin.py:190} INFO - [2024-11-08T11:54:03.124+0000] {dagbag.py:588} INFO - Filling up the DagBag from /opt/airflow/dags/nh_news_crawling.py
[2024-11-08T11:54:04.462+0000] {processor.py:925} INFO - DAG(s) 'daily_news_crawler' retrieved from /opt/airflow/dags/nh_news_crawling.py
[2024-11-08T11:54:04.597+0000] {logging_mixin.py:190} INFO - [2024-11-08T11:54:04.596+0000] {dag.py:3239} INFO - Sync 1 DAGs
[2024-11-08T11:54:04.789+0000] {logging_mixin.py:190} INFO - [2024-11-08T11:54:04.778+0000] {dag.py:4180} INFO - Setting next_dagrun for daily_news_crawler to 2024-11-07 00:00:00+00:00, run_after=2024-11-08 00:00:00+00:00
[2024-11-08T11:54:04.954+0000] {processor.py:208} INFO - Processing /opt/airflow/dags/nh_news_crawling.py took 1.890 seconds
[2024-11-08T11:54:37.419+0000] {processor.py:186} INFO - Started process (PID=542) to work on /opt/airflow/dags/nh_news_crawling.py
[2024-11-08T11:54:37.427+0000] {processor.py:914} INFO - Processing file /opt/airflow/dags/nh_news_crawling.py for tasks to queue
[2024-11-08T11:54:37.446+0000] {logging_mixin.py:190} INFO - [2024-11-08T11:54:37.445+0000] {dagbag.py:588} INFO - Filling up the DagBag from /opt/airflow/dags/nh_news_crawling.py
[2024-11-08T11:54:38.205+0000] {processor.py:925} INFO - DAG(s) 'daily_news_crawler' retrieved from /opt/airflow/dags/nh_news_crawling.py
[2024-11-08T11:54:38.305+0000] {logging_mixin.py:190} INFO - [2024-11-08T11:54:38.301+0000] {dag.py:3239} INFO - Sync 1 DAGs
[2024-11-08T11:54:38.454+0000] {logging_mixin.py:190} INFO - [2024-11-08T11:54:38.452+0000] {dag.py:4180} INFO - Setting next_dagrun for daily_news_crawler to 2024-11-07 00:00:00+00:00, run_after=2024-11-08 00:00:00+00:00
[2024-11-08T11:54:38.553+0000] {processor.py:208} INFO - Processing /opt/airflow/dags/nh_news_crawling.py took 1.163 seconds
[2024-11-08T11:55:09.527+0000] {processor.py:186} INFO - Started process (PID=604) to work on /opt/airflow/dags/nh_news_crawling.py
[2024-11-08T11:55:09.536+0000] {processor.py:914} INFO - Processing file /opt/airflow/dags/nh_news_crawling.py for tasks to queue
[2024-11-08T11:55:09.547+0000] {logging_mixin.py:190} INFO - [2024-11-08T11:55:09.546+0000] {dagbag.py:588} INFO - Filling up the DagBag from /opt/airflow/dags/nh_news_crawling.py
[2024-11-08T11:55:10.153+0000] {processor.py:925} INFO - DAG(s) 'daily_news_crawler' retrieved from /opt/airflow/dags/nh_news_crawling.py
[2024-11-08T11:55:10.216+0000] {logging_mixin.py:190} INFO - [2024-11-08T11:55:10.215+0000] {dag.py:3239} INFO - Sync 1 DAGs
[2024-11-08T11:55:10.328+0000] {logging_mixin.py:190} INFO - [2024-11-08T11:55:10.327+0000] {dag.py:4180} INFO - Setting next_dagrun for daily_news_crawler to 2024-11-07 00:00:00+00:00, run_after=2024-11-08 00:00:00+00:00
[2024-11-08T11:55:10.405+0000] {processor.py:208} INFO - Processing /opt/airflow/dags/nh_news_crawling.py took 0.903 seconds
[2024-11-08T12:00:23.657+0000] {processor.py:186} INFO - Started process (PID=76) to work on /opt/airflow/dags/nh_news_crawling.py
[2024-11-08T12:00:23.688+0000] {processor.py:914} INFO - Processing file /opt/airflow/dags/nh_news_crawling.py for tasks to queue
[2024-11-08T12:00:23.722+0000] {logging_mixin.py:190} INFO - [2024-11-08T12:00:23.719+0000] {dagbag.py:588} INFO - Filling up the DagBag from /opt/airflow/dags/nh_news_crawling.py
[2024-11-08T12:00:24.750+0000] {processor.py:925} INFO - DAG(s) 'daily_news_crawler' retrieved from /opt/airflow/dags/nh_news_crawling.py
[2024-11-08T12:00:25.637+0000] {logging_mixin.py:190} INFO - [2024-11-08T12:00:25.636+0000] {dag.py:3239} INFO - Sync 1 DAGs
[2024-11-08T12:00:26.716+0000] {logging_mixin.py:190} INFO - [2024-11-08T12:00:26.716+0000] {dag.py:4180} INFO - Setting next_dagrun for daily_news_crawler to 2024-11-07 00:00:00+00:00, run_after=2024-11-08 00:00:00+00:00
[2024-11-08T12:00:26.948+0000] {processor.py:208} INFO - Processing /opt/airflow/dags/nh_news_crawling.py took 3.341 seconds
[2024-11-08T12:02:05.873+0000] {processor.py:186} INFO - Started process (PID=152) to work on /opt/airflow/dags/nh_news_crawling.py
[2024-11-08T12:02:05.905+0000] {processor.py:914} INFO - Processing file /opt/airflow/dags/nh_news_crawling.py for tasks to queue
[2024-11-08T12:02:05.917+0000] {logging_mixin.py:190} INFO - [2024-11-08T12:02:05.915+0000] {dagbag.py:588} INFO - Filling up the DagBag from /opt/airflow/dags/nh_news_crawling.py
[2024-11-08T12:02:07.106+0000] {processor.py:925} INFO - DAG(s) 'daily_news_crawler' retrieved from /opt/airflow/dags/nh_news_crawling.py
[2024-11-08T12:02:07.225+0000] {logging_mixin.py:190} INFO - [2024-11-08T12:02:07.224+0000] {dag.py:3239} INFO - Sync 1 DAGs
[2024-11-08T12:02:07.672+0000] {logging_mixin.py:190} INFO - [2024-11-08T12:02:07.671+0000] {dag.py:4180} INFO - Setting next_dagrun for daily_news_crawler to 2024-11-07 00:00:00+00:00, run_after=2024-11-08 00:00:00+00:00
[2024-11-08T12:02:07.864+0000] {processor.py:208} INFO - Processing /opt/airflow/dags/nh_news_crawling.py took 2.027 seconds
[2024-11-08T12:02:42.137+0000] {processor.py:186} INFO - Started process (PID=206) to work on /opt/airflow/dags/nh_news_crawling.py
[2024-11-08T12:02:42.145+0000] {processor.py:914} INFO - Processing file /opt/airflow/dags/nh_news_crawling.py for tasks to queue
[2024-11-08T12:02:42.163+0000] {logging_mixin.py:190} INFO - [2024-11-08T12:02:42.151+0000] {dagbag.py:588} INFO - Filling up the DagBag from /opt/airflow/dags/nh_news_crawling.py
[2024-11-08T12:02:42.998+0000] {processor.py:925} INFO - DAG(s) 'daily_news_crawler' retrieved from /opt/airflow/dags/nh_news_crawling.py
[2024-11-08T12:02:43.087+0000] {logging_mixin.py:190} INFO - [2024-11-08T12:02:43.086+0000] {dag.py:3239} INFO - Sync 1 DAGs
[2024-11-08T12:02:43.241+0000] {logging_mixin.py:190} INFO - [2024-11-08T12:02:43.240+0000] {dag.py:4180} INFO - Setting next_dagrun for daily_news_crawler to 2024-11-07 00:00:00+00:00, run_after=2024-11-08 00:00:00+00:00
[2024-11-08T12:02:43.369+0000] {processor.py:208} INFO - Processing /opt/airflow/dags/nh_news_crawling.py took 1.271 seconds
[2024-11-08T12:03:17.526+0000] {processor.py:186} INFO - Started process (PID=261) to work on /opt/airflow/dags/nh_news_crawling.py
[2024-11-08T12:03:17.531+0000] {processor.py:914} INFO - Processing file /opt/airflow/dags/nh_news_crawling.py for tasks to queue
[2024-11-08T12:03:17.546+0000] {logging_mixin.py:190} INFO - [2024-11-08T12:03:17.545+0000] {dagbag.py:588} INFO - Filling up the DagBag from /opt/airflow/dags/nh_news_crawling.py
[2024-11-08T12:03:18.568+0000] {processor.py:925} INFO - DAG(s) 'daily_news_crawler' retrieved from /opt/airflow/dags/nh_news_crawling.py
[2024-11-08T12:03:18.821+0000] {logging_mixin.py:190} INFO - [2024-11-08T12:03:18.820+0000] {dag.py:3239} INFO - Sync 1 DAGs
[2024-11-08T12:03:19.056+0000] {logging_mixin.py:190} INFO - [2024-11-08T12:03:19.055+0000] {dag.py:4180} INFO - Setting next_dagrun for daily_news_crawler to 2024-11-07 00:00:00+00:00, run_after=2024-11-08 00:00:00+00:00
[2024-11-08T12:03:19.226+0000] {processor.py:208} INFO - Processing /opt/airflow/dags/nh_news_crawling.py took 1.727 seconds
[2024-11-08T12:03:52.542+0000] {processor.py:186} INFO - Started process (PID=318) to work on /opt/airflow/dags/nh_news_crawling.py
[2024-11-08T12:03:52.569+0000] {processor.py:914} INFO - Processing file /opt/airflow/dags/nh_news_crawling.py for tasks to queue
[2024-11-08T12:03:52.591+0000] {logging_mixin.py:190} INFO - [2024-11-08T12:03:52.590+0000] {dagbag.py:588} INFO - Filling up the DagBag from /opt/airflow/dags/nh_news_crawling.py
[2024-11-08T12:03:53.530+0000] {processor.py:925} INFO - DAG(s) 'daily_news_crawler' retrieved from /opt/airflow/dags/nh_news_crawling.py
[2024-11-08T12:03:53.708+0000] {logging_mixin.py:190} INFO - [2024-11-08T12:03:53.707+0000] {dag.py:3239} INFO - Sync 1 DAGs
[2024-11-08T12:03:53.925+0000] {logging_mixin.py:190} INFO - [2024-11-08T12:03:53.925+0000] {dag.py:4180} INFO - Setting next_dagrun for daily_news_crawler to 2024-11-07 00:00:00+00:00, run_after=2024-11-08 00:00:00+00:00
[2024-11-08T12:03:54.046+0000] {processor.py:208} INFO - Processing /opt/airflow/dags/nh_news_crawling.py took 1.542 seconds
[2024-11-08T12:04:26.357+0000] {processor.py:186} INFO - Started process (PID=377) to work on /opt/airflow/dags/nh_news_crawling.py
[2024-11-08T12:04:26.365+0000] {processor.py:914} INFO - Processing file /opt/airflow/dags/nh_news_crawling.py for tasks to queue
[2024-11-08T12:04:26.385+0000] {logging_mixin.py:190} INFO - [2024-11-08T12:04:26.384+0000] {dagbag.py:588} INFO - Filling up the DagBag from /opt/airflow/dags/nh_news_crawling.py
[2024-11-08T12:04:27.058+0000] {processor.py:925} INFO - DAG(s) 'daily_news_crawler' retrieved from /opt/airflow/dags/nh_news_crawling.py
[2024-11-08T12:04:27.127+0000] {logging_mixin.py:190} INFO - [2024-11-08T12:04:27.121+0000] {dag.py:3239} INFO - Sync 1 DAGs
[2024-11-08T12:04:27.238+0000] {logging_mixin.py:190} INFO - [2024-11-08T12:04:27.238+0000] {dag.py:4180} INFO - Setting next_dagrun for daily_news_crawler to 2024-11-07 00:00:00+00:00, run_after=2024-11-08 00:00:00+00:00
[2024-11-08T12:04:27.332+0000] {processor.py:208} INFO - Processing /opt/airflow/dags/nh_news_crawling.py took 1.004 seconds
[2024-11-08T12:05:06.178+0000] {processor.py:186} INFO - Started process (PID=441) to work on /opt/airflow/dags/nh_news_crawling.py
[2024-11-08T12:05:06.206+0000] {processor.py:914} INFO - Processing file /opt/airflow/dags/nh_news_crawling.py for tasks to queue
[2024-11-08T12:05:06.223+0000] {logging_mixin.py:190} INFO - [2024-11-08T12:05:06.223+0000] {dagbag.py:588} INFO - Filling up the DagBag from /opt/airflow/dags/nh_news_crawling.py
[2024-11-08T12:05:07.056+0000] {processor.py:925} INFO - DAG(s) 'daily_news_crawler' retrieved from /opt/airflow/dags/nh_news_crawling.py
[2024-11-08T12:05:07.147+0000] {logging_mixin.py:190} INFO - [2024-11-08T12:05:07.146+0000] {dag.py:3239} INFO - Sync 1 DAGs
[2024-11-08T12:05:07.296+0000] {logging_mixin.py:190} INFO - [2024-11-08T12:05:07.296+0000] {dag.py:4180} INFO - Setting next_dagrun for daily_news_crawler to 2024-11-07 00:00:00+00:00, run_after=2024-11-08 00:00:00+00:00
[2024-11-08T12:05:07.477+0000] {processor.py:208} INFO - Processing /opt/airflow/dags/nh_news_crawling.py took 1.336 seconds
[2024-11-08T12:06:06.773+0000] {processor.py:186} INFO - Started process (PID=504) to work on /opt/airflow/dags/nh_news_crawling.py
[2024-11-08T12:06:06.777+0000] {processor.py:914} INFO - Processing file /opt/airflow/dags/nh_news_crawling.py for tasks to queue
[2024-11-08T12:06:06.800+0000] {logging_mixin.py:190} INFO - [2024-11-08T12:06:06.799+0000] {dagbag.py:588} INFO - Filling up the DagBag from /opt/airflow/dags/nh_news_crawling.py
[2024-11-08T12:06:07.952+0000] {processor.py:925} INFO - DAG(s) 'daily_news_crawler' retrieved from /opt/airflow/dags/nh_news_crawling.py
[2024-11-08T12:06:08.069+0000] {logging_mixin.py:190} INFO - [2024-11-08T12:06:08.067+0000] {dag.py:3239} INFO - Sync 1 DAGs
[2024-11-08T12:06:08.268+0000] {logging_mixin.py:190} INFO - [2024-11-08T12:06:08.268+0000] {dag.py:4180} INFO - Setting next_dagrun for daily_news_crawler to 2024-11-07 00:00:00+00:00, run_after=2024-11-08 00:00:00+00:00
[2024-11-08T12:06:08.415+0000] {processor.py:208} INFO - Processing /opt/airflow/dags/nh_news_crawling.py took 1.680 seconds
[2024-11-08T12:06:47.681+0000] {processor.py:186} INFO - Started process (PID=571) to work on /opt/airflow/dags/nh_news_crawling.py
[2024-11-08T12:06:47.696+0000] {processor.py:914} INFO - Processing file /opt/airflow/dags/nh_news_crawling.py for tasks to queue
[2024-11-08T12:06:47.702+0000] {logging_mixin.py:190} INFO - [2024-11-08T12:06:47.702+0000] {dagbag.py:588} INFO - Filling up the DagBag from /opt/airflow/dags/nh_news_crawling.py
[2024-11-08T12:06:48.440+0000] {processor.py:925} INFO - DAG(s) 'daily_news_crawler' retrieved from /opt/airflow/dags/nh_news_crawling.py
[2024-11-08T12:06:48.568+0000] {logging_mixin.py:190} INFO - [2024-11-08T12:06:48.566+0000] {dag.py:3239} INFO - Sync 1 DAGs
[2024-11-08T12:06:48.735+0000] {logging_mixin.py:190} INFO - [2024-11-08T12:06:48.734+0000] {dag.py:4180} INFO - Setting next_dagrun for daily_news_crawler to 2024-11-07 00:00:00+00:00, run_after=2024-11-08 00:00:00+00:00
[2024-11-08T12:06:48.818+0000] {processor.py:208} INFO - Processing /opt/airflow/dags/nh_news_crawling.py took 1.160 seconds
[2024-11-08T12:07:27.133+0000] {processor.py:186} INFO - Started process (PID=625) to work on /opt/airflow/dags/nh_news_crawling.py
[2024-11-08T12:07:27.137+0000] {processor.py:914} INFO - Processing file /opt/airflow/dags/nh_news_crawling.py for tasks to queue
[2024-11-08T12:07:27.149+0000] {logging_mixin.py:190} INFO - [2024-11-08T12:07:27.148+0000] {dagbag.py:588} INFO - Filling up the DagBag from /opt/airflow/dags/nh_news_crawling.py
[2024-11-08T12:07:27.715+0000] {processor.py:925} INFO - DAG(s) 'daily_news_crawler' retrieved from /opt/airflow/dags/nh_news_crawling.py
[2024-11-08T12:07:27.861+0000] {logging_mixin.py:190} INFO - [2024-11-08T12:07:27.860+0000] {dag.py:3239} INFO - Sync 1 DAGs
[2024-11-08T12:07:28.100+0000] {logging_mixin.py:190} INFO - [2024-11-08T12:07:28.100+0000] {dag.py:4180} INFO - Setting next_dagrun for daily_news_crawler to 2024-11-07 00:00:00+00:00, run_after=2024-11-08 00:00:00+00:00
[2024-11-08T12:07:28.336+0000] {processor.py:208} INFO - Processing /opt/airflow/dags/nh_news_crawling.py took 1.234 seconds
[2024-11-08T12:07:59.891+0000] {processor.py:186} INFO - Started process (PID=682) to work on /opt/airflow/dags/nh_news_crawling.py
[2024-11-08T12:07:59.898+0000] {processor.py:914} INFO - Processing file /opt/airflow/dags/nh_news_crawling.py for tasks to queue
[2024-11-08T12:07:59.910+0000] {logging_mixin.py:190} INFO - [2024-11-08T12:07:59.909+0000] {dagbag.py:588} INFO - Filling up the DagBag from /opt/airflow/dags/nh_news_crawling.py
[2024-11-08T12:08:00.795+0000] {processor.py:925} INFO - DAG(s) 'daily_news_crawler' retrieved from /opt/airflow/dags/nh_news_crawling.py
[2024-11-08T12:08:00.856+0000] {logging_mixin.py:190} INFO - [2024-11-08T12:08:00.846+0000] {dag.py:3239} INFO - Sync 1 DAGs
[2024-11-08T12:08:00.918+0000] {logging_mixin.py:190} INFO - [2024-11-08T12:08:00.918+0000] {dag.py:4180} INFO - Setting next_dagrun for daily_news_crawler to 2024-11-07 00:00:00+00:00, run_after=2024-11-08 00:00:00+00:00
[2024-11-08T12:08:00.976+0000] {processor.py:208} INFO - Processing /opt/airflow/dags/nh_news_crawling.py took 1.110 seconds
